#                                                                            --- full sequence --- -------------- this domain -------------   hmm coord   ali coord   env coord
# target name        accession   tlen query name           accession   qlen   E-value  score  bias   #  of  c-Evalue  i-Evalue  score  bias  from    to  from    to  from    to  acc description of target
#------------------- ---------- ----- -------------------- ---------- ----- --------- ------ ----- --- --- --------- --------- ------ ----- ----- ----- ----- ----- ----- ----- ---- ---------------------
DMGIDEJL_02583       -            646 1036075at2           -            356   2.3e-76  256.1  15.6   1   4   1.3e-37   3.3e-34  117.5   5.1     1   155    16   237    16   247 0.78 unannotated protein
DMGIDEJL_02583       -            646 1036075at2           -            356   2.3e-76  256.1  15.6   2   4    0.0043        10    4.0   0.1   189   210   341   362   324   375 0.86 unannotated protein
DMGIDEJL_02583       -            646 1036075at2           -            356   2.3e-76  256.1  15.6   3   4   9.8e-23   2.4e-19   68.6   0.1   207   280   386   477   367   503 0.82 unannotated protein
DMGIDEJL_02583       -            646 1036075at2           -            356   2.3e-76  256.1  15.6   4   4   1.2e-18   2.8e-15   55.2   0.1   284   356   525   605   516   605 0.83 unannotated protein
DMGIDEJL_05997       -            378 1036075at2           -            356   2.1e-22   78.6   0.7   1   2     7e-18   1.7e-14   52.6   0.0     1   100    37   172    37   183 0.75 unannotated protein
DMGIDEJL_05997       -            378 1036075at2           -            356   2.1e-22   78.6   0.7   2   2   3.9e-06    0.0096   14.0   0.2    99   156   194   267   180   280 0.72 unannotated protein
DMGIDEJL_02582       -            704 1036075at2           -            356   0.00042   18.4   0.1   1   1   3.5e-07   0.00085   17.4   0.1   129   158   634   663   621   668 0.88 unannotated protein
#
# Program:         hmmsearch
# Version:         3.1b2 (February 2015)
# Pipeline mode:   SEARCH
# Query file:      ../../stats/bacteria_odb10/hmms/1036075at2.hmm
# Target file:     /home/centos/br/bin/Brownotate-1.2.0/runs/d9e29a31-2577-43ee-9a7d-4c26448b2c8f/annotation/prokka_annotation.faa
# Option settings: hmmsearch --domtblout /home/centos/br/bin/Brownotate-1.2.0/runs/d9e29a31-2577-43ee-9a7d-4c26448b2c8f/busco_annotation/run_bacteria_odb10/hmmer_output/1036075at2.out --cpu 1 ../../stats/bacteria_odb10/hmms/1036075at2.hmm /home/centos/br/bin/Brownotate-1.2.0/runs/d9e29a31-2577-43ee-9a7d-4c26448b2c8f/annotation/prokka_annotation.faa 
# Current dir:     /home/centos/br/bin/Brownotate-1.2.0/runs/d9e29a31-2577-43ee-9a7d-4c26448b2c8f
# Date:            Mon Aug 26 17:08:51 2024
# [ok]
