#                                                                            --- full sequence --- -------------- this domain -------------   hmm coord   ali coord   env coord
# target name        accession   tlen query name           accession   qlen   E-value  score  bias   #  of  c-Evalue  i-Evalue  score  bias  from    to  from    to  from    to  acc description of target
#------------------- ---------- ----- -------------------- ---------- ----- --------- ------ ----- --- --- --------- --------- ------ ----- ----- ----- ----- ----- ----- ----- ---- ---------------------
DMGIDEJL_05238       -            578 1074831at2           -            386   2.9e-77  259.0  26.3   1   4   2.5e-23   9.7e-21   73.0   0.6     1    65     1    71     1    81 0.85 unannotated protein
DMGIDEJL_05238       -            578 1074831at2           -            386   2.9e-77  259.0  26.3   2   4   7.2e-16   2.8e-13   48.4   0.2    65   174    89   225    85   244 0.74 unannotated protein
DMGIDEJL_05238       -            578 1074831at2           -            386   2.9e-77  259.0  26.3   3   4   1.9e-06   0.00075   17.4   6.4   177   265   273   381   250   403 0.63 unannotated protein
DMGIDEJL_05238       -            578 1074831at2           -            386   2.9e-77  259.0  26.3   4   4   1.1e-38   4.2e-36  123.6   0.8   266   384   404   548   401   550 0.80 unannotated protein
DMGIDEJL_02341       -           1767 1074831at2           -            386   9.1e-09   33.6   3.5   1   8     0.091        35    2.0   0.0    21    40    25    45    14    57 0.76 unannotated protein
DMGIDEJL_02341       -           1767 1074831at2           -            386   9.1e-09   33.6   3.5   2   8     0.021       8.1    4.1   0.0   287   353   467   541   461   548 0.75 unannotated protein
DMGIDEJL_02341       -           1767 1074831at2           -            386   9.1e-09   33.6   3.5   3   8     0.062        24    2.6   0.0    22    39   614   631   602   648 0.78 unannotated protein
DMGIDEJL_02341       -           1767 1074831at2           -            386   9.1e-09   33.6   3.5   4   8       0.4   1.5e+02   -0.1   0.0   289   320   808   841   801   877 0.72 unannotated protein
DMGIDEJL_02341       -           1767 1074831at2           -            386   9.1e-09   33.6   3.5   5   8    0.0051         2    6.1   0.0    21    47   958   984   951   992 0.85 unannotated protein
DMGIDEJL_02341       -           1767 1074831at2           -            386   9.1e-09   33.6   3.5   6   8     0.096        37    1.9   0.0   287   321  1301  1337  1284  1381 0.77 unannotated protein
DMGIDEJL_02341       -           1767 1074831at2           -            386   9.1e-09   33.6   3.5   7   8     0.062        24    2.6   0.0    22    38  1448  1464  1434  1481 0.84 unannotated protein
DMGIDEJL_02341       -           1767 1074831at2           -            386   9.1e-09   33.6   3.5   8   8     0.023       8.8    4.0   0.1   287   353  1640  1716  1634  1720 0.70 unannotated protein
DMGIDEJL_02745       -            749 1074831at2           -            386   1.9e-07   29.2   2.6   1   4     0.029        11    3.7   0.0    21    37    26    42    15    57 0.85 unannotated protein
DMGIDEJL_02745       -            749 1074831at2           -            386   1.9e-07   29.2   2.6   2   4    0.0006      0.23    9.2   0.0   288   353   331   404   325   411 0.81 unannotated protein
DMGIDEJL_02745       -            749 1074831at2           -            386   1.9e-07   29.2   2.6   3   4    0.0077         3    5.5   0.0    22    39   476   493   459   495 0.89 unannotated protein
DMGIDEJL_02745       -            749 1074831at2           -            386   1.9e-07   29.2   2.6   4   4    0.0021       0.8    7.4   0.0   260   320   615   670   606   707 0.86 unannotated protein
DMGIDEJL_02559       -            966 1074831at2           -            386   1.7e-05   22.8   0.4   1   4      0.12        45    1.7   0.0    21    36    28    43    18    63 0.79 unannotated protein
DMGIDEJL_02559       -            966 1074831at2           -            386   1.7e-05   22.8   0.4   2   4    0.0095       3.7    5.2   0.0   272   313   471   513   447   525 0.65 unannotated protein
DMGIDEJL_02559       -            966 1074831at2           -            386   1.7e-05   22.8   0.4   3   4    0.0019      0.71    7.6   0.0    18    40   633   656   624   664 0.81 unannotated protein
DMGIDEJL_02559       -            966 1074831at2           -            386   1.7e-05   22.8   0.4   4   4     0.067        26    2.5   0.0   289   319   831   864   822   897 0.81 unannotated protein
DMGIDEJL_01258       -            763 1074831at2           -            386   0.00043   18.2   1.5   1   3      0.44   1.7e+02   -0.3   0.0   139   198    36    95    20   101 0.73 unannotated protein
DMGIDEJL_01258       -            763 1074831at2           -            386   0.00043   18.2   1.5   2   3    0.0028       1.1    7.0   0.0    21    38   536   553   529   585 0.81 unannotated protein
DMGIDEJL_01258       -            763 1074831at2           -            386   0.00043   18.2   1.5   3   3     0.001      0.39    8.5   0.1   273   325   629   681   613   723 0.70 unannotated protein
DMGIDEJL_04092       -            250 1074831at2           -            386   0.00091   17.1   0.1   1   2   0.00039      0.15    9.8   0.0    24    78    44    98    33   112 0.92 unannotated protein
DMGIDEJL_04092       -            250 1074831at2           -            386   0.00091   17.1   0.1   2   2    0.0085       3.3    5.4   0.0   289   353   150   220   135   228 0.80 unannotated protein
DMGIDEJL_01156       -            450 1074831at2           -            386    0.0019   16.1   0.1   1   1   8.3e-06    0.0032   15.3   0.1    24    62   168   206   163   214 0.88 unannotated protein
DMGIDEJL_04634       -            224 1074831at2           -            386    0.0024   15.7   0.3   1   2    0.0028       1.1    7.0   0.1    22    73    35    86    22   108 0.75 unannotated protein
DMGIDEJL_04634       -            224 1074831at2           -            386    0.0024   15.7   0.3   2   2    0.0027         1    7.1   0.0   290   333   144   187   126   216 0.80 unannotated protein
DMGIDEJL_06617       -            242 1074831at2           -            386    0.0032   15.3   0.1   1   2     0.027        10    3.8   0.0    22    40    41    59    33    92 0.85 unannotated protein
DMGIDEJL_06617       -            242 1074831at2           -            386    0.0032   15.3   0.1   2   2   0.00048      0.18    9.5   0.1   280   355   140   222   126   231 0.77 unannotated protein
DMGIDEJL_03382       -            829 1074831at2           -            386    0.0046   14.8   0.1   1   4      0.23        90    0.7   0.0    22    36    23    37    13    54 0.87 unannotated protein
DMGIDEJL_03382       -            829 1074831at2           -            386    0.0046   14.8   0.1   2   4      0.18        68    1.1   0.0   289   320   364   397   356   433 0.80 unannotated protein
DMGIDEJL_03382       -            829 1074831at2           -            386    0.0046   14.8   0.1   3   4     0.014       5.5    4.6   0.0    15    39   500   527   495   542 0.72 unannotated protein
DMGIDEJL_03382       -            829 1074831at2           -            386    0.0046   14.8   0.1   4   4     0.091        35    2.0   0.0   289   320   717   751   710   789 0.72 unannotated protein
DMGIDEJL_04495       -            532 1074831at2           -            386     0.011   13.6   4.5   1   3     0.079        30    2.2   0.0    25    38    32    45    28    51 0.88 unannotated protein
DMGIDEJL_04495       -            532 1074831at2           -            386     0.011   13.6   4.5   2   3       2.7     1e+03   -2.8   0.6   178   183   259   264   236   299 0.39 unannotated protein
DMGIDEJL_04495       -            532 1074831at2           -            386     0.011   13.6   4.5   3   3   7.6e-05     0.029   12.1   0.0   280   343   425   491   420   509 0.82 unannotated protein
DMGIDEJL_03363       -            178 1074831at2           -            386     0.012   13.4   0.0   1   1   3.9e-05     0.015   13.1   0.0    20    42     3    25     1    43 0.90 unannotated protein
DMGIDEJL_06514       -            251 1074831at2           -            386     0.012   13.4   0.9   1   2     0.055        21    2.7   0.4    23    44    47    68    31    80 0.86 unannotated protein
DMGIDEJL_06514       -            251 1074831at2           -            386     0.012   13.4   0.9   2   2   0.00057      0.22    9.3   0.0   277   334   139   196   118   229 0.85 unannotated protein
DMGIDEJL_02111       -            581 1074831at2           -            386     0.017   12.9   0.0   1   1   7.1e-05     0.027   12.2   0.0    25    56   314   345   307   357 0.83 unannotated protein
DMGIDEJL_03415       -            185 1074831at2           -            386     0.036   11.8   0.1   1   1   0.00013      0.05   11.4   0.1    25    71    11    57     5    81 0.86 unannotated protein
DMGIDEJL_00611       -            218 1074831at2           -            386     0.067   11.0   0.0   1   2     0.049        19    2.9   0.0    23    40    30    47    18    60 0.86 unannotated protein
DMGIDEJL_00611       -            218 1074831at2           -            386     0.067   11.0   0.0   2   2    0.0055       2.1    6.0   0.0   300   355   132   193   126   197 0.77 unannotated protein
DMGIDEJL_00248       -            272 1074831at2           -            386     0.068   10.9   0.0   1   2     0.022       8.6    4.0   0.0    24    44    52    72    40   108 0.78 unannotated protein
DMGIDEJL_00248       -            272 1074831at2           -            386     0.068   10.9   0.0   2   2     0.012       4.5    4.9   0.0   288   329   158   199   148   224 0.85 unannotated protein
DMGIDEJL_07072       -            413 1074831at2           -            386     0.078   10.7   0.0   1   1   0.00033      0.13   10.1   0.0    15    38    20    43     3    55 0.75 unannotated protein
DMGIDEJL_04573       -            339 1074831at2           -            386       1.1    7.0   5.3   1   2      0.43   1.7e+02   -0.2   0.4    26    42    49    63    44    67 0.76 unannotated protein
DMGIDEJL_04573       -            339 1074831at2           -            386       1.1    7.0   5.3   2   2   0.00071      0.27    9.0   0.5   279   363   154   244   141   251 0.74 unannotated protein
#
# Program:         hmmsearch
# Version:         3.1b2 (February 2015)
# Pipeline mode:   SEARCH
# Query file:      ../../stats/bacteria_odb10/hmms/1074831at2.hmm
# Target file:     /home/centos/br/bin/Brownotate-1.2.0/runs/d9e29a31-2577-43ee-9a7d-4c26448b2c8f/annotation/prokka_annotation.faa
# Option settings: hmmsearch --domtblout /home/centos/br/bin/Brownotate-1.2.0/runs/d9e29a31-2577-43ee-9a7d-4c26448b2c8f/busco_annotation/run_bacteria_odb10/hmmer_output/1074831at2.out --cpu 1 ../../stats/bacteria_odb10/hmms/1074831at2.hmm /home/centos/br/bin/Brownotate-1.2.0/runs/d9e29a31-2577-43ee-9a7d-4c26448b2c8f/annotation/prokka_annotation.faa 
# Current dir:     /home/centos/br/bin/Brownotate-1.2.0/runs/d9e29a31-2577-43ee-9a7d-4c26448b2c8f
# Date:            Mon Aug 26 17:08:51 2024
# [ok]
