#                                                                            --- full sequence --- -------------- this domain -------------   hmm coord   ali coord   env coord
# target name        accession   tlen query name           accession   qlen   E-value  score  bias   #  of  c-Evalue  i-Evalue  score  bias  from    to  from    to  from    to  acc description of target
#------------------- ---------- ----- -------------------- ---------- ----- --------- ------ ----- --- --- --------- --------- ------ ----- ----- ----- ----- ----- ----- ----- ---- ---------------------
DMGIDEJL_01362       -            363 1080436at2           -            270  2.6e-116  386.6   1.2   1   1  3.5e-119  4.3e-116  385.8   0.7     1   264     7   314     7   323 0.91 unannotated protein
DMGIDEJL_01414       -            342 1080436at2           -            270  1.9e-110  367.3   1.0   1   1  2.2e-113  2.7e-110  366.8   1.0     2   261     8   310     7   317 0.91 unannotated protein
DMGIDEJL_03911       -            290 1080436at2           -            270   4.5e-16   57.9   0.0   1   1     5e-19   6.1e-16   57.4   0.0    26   132    39   150    20   160 0.91 unannotated protein
DMGIDEJL_06472       -            500 1080436at2           -            270   2.8e-07   29.0   0.0   1   2   2.2e-05     0.026   12.7   0.0    26    76    12    64     5    71 0.82 unannotated protein
DMGIDEJL_06472       -            500 1080436at2           -            270   2.8e-07   29.0   0.0   2   2   9.2e-06     0.011   13.9   0.0    29    95   251   318   245   328 0.86 unannotated protein
DMGIDEJL_03653       -            308 1080436at2           -            270    0.0098   14.1   0.0   1   1   1.2e-05     0.015   13.5   0.0    38    80     2    43     1    67 0.87 unannotated protein
DMGIDEJL_00543       -            559 1080436at2           -            270     0.069   11.4   0.0   1   2      0.15   1.9e+02    0.1   0.0    48    64    35    51    24    60 0.81 unannotated protein
DMGIDEJL_00543       -            559 1080436at2           -            270     0.069   11.4   0.0   2   2   0.00047      0.57    8.3   0.0    42    64   348   370   340   383 0.86 unannotated protein
#
# Program:         hmmsearch
# Version:         3.1b2 (February 2015)
# Pipeline mode:   SEARCH
# Query file:      ../../stats/bacteria_odb10/hmms/1080436at2.hmm
# Target file:     /home/centos/br/bin/Brownotate-1.2.0/runs/d9e29a31-2577-43ee-9a7d-4c26448b2c8f/annotation/prokka_annotation.faa
# Option settings: hmmsearch --domtblout /home/centos/br/bin/Brownotate-1.2.0/runs/d9e29a31-2577-43ee-9a7d-4c26448b2c8f/busco_annotation/run_bacteria_odb10/hmmer_output/1080436at2.out --cpu 1 ../../stats/bacteria_odb10/hmms/1080436at2.hmm /home/centos/br/bin/Brownotate-1.2.0/runs/d9e29a31-2577-43ee-9a7d-4c26448b2c8f/annotation/prokka_annotation.faa 
# Current dir:     /home/centos/br/bin/Brownotate-1.2.0/runs/d9e29a31-2577-43ee-9a7d-4c26448b2c8f
# Date:            Mon Aug 26 17:08:51 2024
# [ok]
