#                                                                            --- full sequence --- -------------- this domain -------------   hmm coord   ali coord   env coord
# target name        accession   tlen query name           accession   qlen   E-value  score  bias   #  of  c-Evalue  i-Evalue  score  bias  from    to  from    to  from    to  acc description of target
#------------------- ---------- ----- -------------------- ---------- ----- --------- ------ ----- --- --- --------- --------- ------ ----- ----- ----- ----- ----- ----- ----- ---- ---------------------
DMGIDEJL_05478       -            455 1093223at2           -            361   3.2e-88  295.2   0.0   1   1   4.3e-91   5.2e-88  294.5   0.0     2   358     7   455     6   455 0.83 unannotated protein
DMGIDEJL_05475       -            472 1093223at2           -            361   1.9e-23   82.1   0.1   1   1   4.5e-26   5.5e-23   80.6   0.1    38   255    73   337    53   362 0.80 unannotated protein
DMGIDEJL_05481       -            507 1093223at2           -            361   3.7e-19   68.0   0.3   1   3   1.2e-08   1.5e-05   23.3   0.3    73   108   103   137    78   146 0.83 unannotated protein
DMGIDEJL_05481       -            507 1093223at2           -            361   3.7e-19   68.0   0.3   2   3   2.7e-14   3.3e-11   41.8   0.0   112   249   166   343   161   419 0.71 unannotated protein
DMGIDEJL_05481       -            507 1093223at2           -            361   3.7e-19   68.0   0.3   3   3       2.4     3e+03   -4.0   0.0   263   279   460   475   454   485 0.69 unannotated protein
DMGIDEJL_05480       -            466 1093223at2           -            361     2e-14   52.5   0.0   1   1   5.9e-17   7.2e-14   50.6   0.0    73   269   108   353   102   364 0.80 unannotated protein
DMGIDEJL_01883       -            490 1093223at2           -            361   1.1e-12   46.7   0.0   1   2   1.1e-06    0.0014   16.8   0.0    68    98   116   146    92   161 0.88 unannotated protein
DMGIDEJL_01883       -            490 1093223at2           -            361   1.1e-12   46.7   0.0   2   2   4.9e-10     6e-07   27.9   0.0   198   255   291   353   194   370 0.84 unannotated protein
DMGIDEJL_02655       -            407 1093223at2           -            361   0.00035   18.7   0.0   1   2    0.0003      0.36    8.8   0.0    73   102    15    44     9    58 0.86 unannotated protein
DMGIDEJL_02655       -            407 1093223at2           -            361   0.00035   18.7   0.0   2   2   0.00065       0.8    7.7   0.0   132   225   131   243   127   282 0.61 unannotated protein
#
# Program:         hmmsearch
# Version:         3.1b2 (February 2015)
# Pipeline mode:   SEARCH
# Query file:      ../../stats/bacteria_odb10/hmms/1093223at2.hmm
# Target file:     /home/centos/br/bin/Brownotate-1.2.0/runs/d9e29a31-2577-43ee-9a7d-4c26448b2c8f/annotation/prokka_annotation.faa
# Option settings: hmmsearch --domtblout /home/centos/br/bin/Brownotate-1.2.0/runs/d9e29a31-2577-43ee-9a7d-4c26448b2c8f/busco_annotation/run_bacteria_odb10/hmmer_output/1093223at2.out --cpu 1 ../../stats/bacteria_odb10/hmms/1093223at2.hmm /home/centos/br/bin/Brownotate-1.2.0/runs/d9e29a31-2577-43ee-9a7d-4c26448b2c8f/annotation/prokka_annotation.faa 
# Current dir:     /home/centos/br/bin/Brownotate-1.2.0/runs/d9e29a31-2577-43ee-9a7d-4c26448b2c8f
# Date:            Mon Aug 26 17:08:51 2024
# [ok]
