#                                                                            --- full sequence --- -------------- this domain -------------   hmm coord   ali coord   env coord
# target name        accession   tlen query name           accession   qlen   E-value  score  bias   #  of  c-Evalue  i-Evalue  score  bias  from    to  from    to  from    to  acc description of target
#------------------- ---------- ----- -------------------- ---------- ----- --------- ------ ----- --- --- --------- --------- ------ ----- ----- ----- ----- ----- ----- ----- ---- ---------------------
DMGIDEJL_02508       -            543 1395197at2           -            157   1.4e-35  121.3  20.2   1   3   6.2e-25   5.6e-22   77.1   5.1     2    86     7   114     6   135 0.79 unannotated protein
DMGIDEJL_02508       -            543 1395197at2           -            157   1.4e-35  121.3  20.2   2   3     9e-14   8.3e-11   40.8   1.8    89   140   447   503   391   505 0.80 unannotated protein
DMGIDEJL_02508       -            543 1395197at2           -            157   1.4e-35  121.3  20.2   3   3     0.003       2.8    6.6   0.3   135   157   521   543   512   543 0.82 unannotated protein
DMGIDEJL_02518       -            530 1395197at2           -            157   1.4e-20   72.6   5.4   1   2   6.7e-16   6.2e-13   47.8   1.8     2   103     5   127     4   140 0.80 unannotated protein
DMGIDEJL_02518       -            530 1395197at2           -            157   1.4e-20   72.6   5.4   2   2   3.1e-08   2.8e-05   22.9   0.1   105   142   263   300   254   303 0.90 unannotated protein
DMGIDEJL_01081       -            385 1395197at2           -            157   4.3e-09   35.3   7.8   1   1   1.2e-10   1.1e-07   30.7   7.8     2   145    63   185    62   194 0.79 unannotated protein
DMGIDEJL_04472       -            369 1395197at2           -            157   3.4e-08   32.3   9.8   1   2   5.9e-11   5.4e-08   31.7   4.0     4   140    40   156    37   160 0.80 unannotated protein
DMGIDEJL_04472       -            369 1395197at2           -            157   3.4e-08   32.3   9.8   2   2      0.31   2.9e+02    0.1   0.3   112   126   191   205   170   206 0.76 unannotated protein
DMGIDEJL_06169       -            475 1395197at2           -            157   3.4e-08   32.3   7.5   1   1     1e-09   9.6e-07   27.6   7.5     4   141    61   177    58   183 0.78 unannotated protein
DMGIDEJL_06571       -            332 1395197at2           -            157   2.4e-06   26.3   8.5   1   3   2.5e-06    0.0023   16.7   0.1     2    82    56   131    55   142 0.73 unannotated protein
DMGIDEJL_06571       -            332 1395197at2           -            157   2.4e-06   26.3   8.5   2   3   1.1e-05      0.01   14.6   0.3   114   141   224   251   218   253 0.86 unannotated protein
DMGIDEJL_06571       -            332 1395197at2           -            157   2.4e-06   26.3   8.5   3   3       4.1   3.8e+03   -3.5   0.3   139   151   263   275   260   277 0.60 unannotated protein
DMGIDEJL_04965       -            215 1395197at2           -            157   3.5e-06   25.8   0.5   1   2     0.017        16    4.2   0.0    36    87    52   103    32   128 0.81 unannotated protein
DMGIDEJL_04965       -            215 1395197at2           -            157   3.5e-06   25.8   0.5   2   2   3.3e-07    0.0003   19.5   0.4   109   139   147   177   131   180 0.85 unannotated protein
DMGIDEJL_02447       -            245 1395197at2           -            157    0.0027   16.4   2.1   1   1   5.8e-06    0.0053   15.5   2.1     9    78    39   106    33   183 0.64 unannotated protein
#
# Program:         hmmsearch
# Version:         3.1b2 (February 2015)
# Pipeline mode:   SEARCH
# Query file:      ../../stats/bacteria_odb10/hmms/1395197at2.hmm
# Target file:     /home/centos/br/bin/Brownotate-1.2.0/runs/d9e29a31-2577-43ee-9a7d-4c26448b2c8f/annotation/prokka_annotation.faa
# Option settings: hmmsearch --domtblout /home/centos/br/bin/Brownotate-1.2.0/runs/d9e29a31-2577-43ee-9a7d-4c26448b2c8f/busco_annotation/run_bacteria_odb10/hmmer_output/1395197at2.out --cpu 1 ../../stats/bacteria_odb10/hmms/1395197at2.hmm /home/centos/br/bin/Brownotate-1.2.0/runs/d9e29a31-2577-43ee-9a7d-4c26448b2c8f/annotation/prokka_annotation.faa 
# Current dir:     /home/centos/br/bin/Brownotate-1.2.0/runs/d9e29a31-2577-43ee-9a7d-4c26448b2c8f
# Date:            Mon Aug 26 17:08:51 2024
# [ok]
