#                                                                            --- full sequence --- -------------- this domain -------------   hmm coord   ali coord   env coord
# target name        accession   tlen query name           accession   qlen   E-value  score  bias   #  of  c-Evalue  i-Evalue  score  bias  from    to  from    to  from    to  acc description of target
#------------------- ---------- ----- -------------------- ---------- ----- --------- ------ ----- --- --- --------- --------- ------ ----- ----- ----- ----- ----- ----- ----- ---- ---------------------
DMGIDEJL_03306       -            615 143460at2            -            439  1.9e-149  496.8   0.3   1   2   1.4e-77   8.8e-75  250.8   0.0     1   205     7   259     7   268 0.85 unannotated protein
DMGIDEJL_03306       -            615 143460at2            -            439  1.9e-149  496.8   0.3   2   2     3e-74   1.9e-71  239.8   0.1   194   439   270   591   246   591 0.85 unannotated protein
DMGIDEJL_03435       -            603 143460at2            -            439   4.8e-36  123.1   0.6   1   2   2.5e-38   1.6e-35  121.4   0.3     1   191     8   230     8   242 0.80 unannotated protein
DMGIDEJL_03435       -            603 143460at2            -            439   4.8e-36  123.1   0.6   2   2      0.45   2.7e+02   -1.3   0.0   268   301   348   382   341   392 0.76 unannotated protein
DMGIDEJL_02360       -            704 143460at2            -            439   4.4e-34  116.6   2.1   1   3   1.1e-27   6.9e-25   86.3   0.2     1   130    10   159    10   183 0.79 unannotated protein
DMGIDEJL_02360       -            704 143460at2            -            439   4.4e-34  116.6   2.1   2   3   4.4e-08   2.7e-05   21.8   0.0   186   295   363   482   300   515 0.70 unannotated protein
DMGIDEJL_02360       -            704 143460at2            -            439   4.4e-34  116.6   2.1   3   3    0.0024       1.5    6.2   0.0   288   345   602   668   587   676 0.73 unannotated protein
DMGIDEJL_03229       -            691 143460at2            -            439   8.9e-31  105.7   0.3   1   3   5.4e-27   3.3e-24   84.1   0.0     2   117    11   148    10   164 0.83 unannotated protein
DMGIDEJL_03229       -            691 143460at2            -            439   8.9e-31  105.7   0.3   2   3   1.5e-06   0.00089   16.8   0.0   188   299   369   491   342   531 0.65 unannotated protein
DMGIDEJL_03229       -            691 143460at2            -            439   8.9e-31  105.7   0.3   3   3      0.11        68    0.7   0.0   307   347   635   674   612   682 0.74 unannotated protein
DMGIDEJL_04003       -            702 143460at2            -            439   3.9e-29  100.3   0.8   1   3   1.3e-24     8e-22   76.2   0.0     2   120    11   156    10   165 0.82 unannotated protein
DMGIDEJL_04003       -            702 143460at2            -            439   3.9e-29  100.3   0.8   2   3   4.1e-07   0.00025   18.6   0.0   189   294   375   491   318   510 0.80 unannotated protein
DMGIDEJL_04003       -            702 143460at2            -            439   3.9e-29  100.3   0.8   3   3     0.071        43    1.3   0.1   295   345   617   676   603   684 0.69 unannotated protein
DMGIDEJL_03008       -            396 143460at2            -            439   1.3e-20   72.3   0.5   1   1   3.7e-22   2.3e-19   68.1   0.5     3   194    14   251    12   270 0.66 unannotated protein
DMGIDEJL_03230       -            396 143460at2            -            439   1.3e-20   72.3   0.5   1   1   3.7e-22   2.3e-19   68.1   0.5     3   194    14   251    12   270 0.66 unannotated protein
DMGIDEJL_05866       -            541 143460at2            -            439   2.4e-19   68.1   0.0   1   1   7.3e-22   4.4e-19   67.2   0.0     2   118    13   151    12   162 0.76 unannotated protein
DMGIDEJL_02025       -           1072 143460at2            -            439   1.3e-16   59.1   0.5   1   1   3.6e-19   2.2e-16   58.3   0.5     4   181   575   759   573   787 0.78 unannotated protein
DMGIDEJL_02289       -            570 143460at2            -            439   2.4e-10   38.4   0.0   1   2     0.018        11    3.3   0.0     5    26    21    42    17    54 0.82 unannotated protein
DMGIDEJL_02289       -            570 143460at2            -            439   2.4e-10   38.4   0.0   2   2   2.5e-11   1.5e-08   32.5   0.0    31   112    91   182    84   199 0.79 unannotated protein
DMGIDEJL_01041       -            638 143460at2            -            439   1.5e-09   35.8   1.3   1   1   4.3e-12   2.6e-09   35.0   1.3     8    94     7    94     2   113 0.81 unannotated protein
DMGIDEJL_03683       -            314 143460at2            -            439    0.0032   15.0   0.0   1   1   7.1e-06    0.0043   14.5   0.0     5   154    13   180    11   197 0.77 unannotated protein
#
# Program:         hmmsearch
# Version:         3.1b2 (February 2015)
# Pipeline mode:   SEARCH
# Query file:      ../../stats/bacteria_odb10/hmms/143460at2.hmm
# Target file:     /home/centos/br/bin/Brownotate-1.2.0/runs/d9e29a31-2577-43ee-9a7d-4c26448b2c8f/annotation/prokka_annotation.faa
# Option settings: hmmsearch --domtblout /home/centos/br/bin/Brownotate-1.2.0/runs/d9e29a31-2577-43ee-9a7d-4c26448b2c8f/busco_annotation/run_bacteria_odb10/hmmer_output/143460at2.out --cpu 1 ../../stats/bacteria_odb10/hmms/143460at2.hmm /home/centos/br/bin/Brownotate-1.2.0/runs/d9e29a31-2577-43ee-9a7d-4c26448b2c8f/annotation/prokka_annotation.faa 
# Current dir:     /home/centos/br/bin/Brownotate-1.2.0/runs/d9e29a31-2577-43ee-9a7d-4c26448b2c8f
# Date:            Mon Aug 26 17:08:51 2024
# [ok]
