#                                                                            --- full sequence --- -------------- this domain -------------   hmm coord   ali coord   env coord
# target name        accession   tlen query name           accession   qlen   E-value  score  bias   #  of  c-Evalue  i-Evalue  score  bias  from    to  from    to  from    to  acc description of target
#------------------- ---------- ----- -------------------- ---------- ----- --------- ------ ----- --- --- --------- --------- ------ ----- ----- ----- ----- ----- ----- ----- ---- ---------------------
DMGIDEJL_01099       -            244 1490892at2           -             89   4.4e-13   47.8  12.8   1   3    0.0016       3.8    6.4   0.0     2    19    24    41    23    60 0.85 unannotated protein
DMGIDEJL_01099       -            244 1490892at2           -             89   4.4e-13   47.8  12.8   2   3   4.7e-06     0.011   14.5   0.4    11    51    83   139    77   151 0.65 unannotated protein
DMGIDEJL_01099       -            244 1490892at2           -             89   4.4e-13   47.8  12.8   3   3   1.8e-08   4.5e-05   22.2   4.3    55    89   191   236   183   236 0.77 unannotated protein
DMGIDEJL_01985       -            254 1490892at2           -             89   3.4e-07   29.0   1.9   1   4    0.0075        18    4.2   0.0     1    17    24    40    24    42 0.90 unannotated protein
DMGIDEJL_01985       -            254 1490892at2           -             89   3.4e-07   29.0   1.9   2   4      0.63   1.5e+03   -2.0   0.0    16    41    89   114    85   119 0.75 unannotated protein
DMGIDEJL_01985       -            254 1490892at2           -             89   3.4e-07   29.0   1.9   3   4     0.072   1.7e+02    1.0   0.0    65    77   158   170   128   174 0.69 unannotated protein
DMGIDEJL_01985       -            254 1490892at2           -             89   3.4e-07   29.0   1.9   4   4   5.8e-07    0.0014   17.4   0.5    55    87   193   236   187   238 0.70 unannotated protein
DMGIDEJL_02070       -            224 1490892at2           -             89     0.034   12.9   0.0   1   1   3.4e-05     0.082   11.7   0.0    54    86    96   129    88   131 0.91 unannotated protein
#
# Program:         hmmsearch
# Version:         3.1b2 (February 2015)
# Pipeline mode:   SEARCH
# Query file:      ../../stats/bacteria_odb10/hmms/1490892at2.hmm
# Target file:     /home/centos/br/bin/Brownotate-1.2.0/runs/d9e29a31-2577-43ee-9a7d-4c26448b2c8f/annotation/prokka_annotation.faa
# Option settings: hmmsearch --domtblout /home/centos/br/bin/Brownotate-1.2.0/runs/d9e29a31-2577-43ee-9a7d-4c26448b2c8f/busco_annotation/run_bacteria_odb10/hmmer_output/1490892at2.out --cpu 1 ../../stats/bacteria_odb10/hmms/1490892at2.hmm /home/centos/br/bin/Brownotate-1.2.0/runs/d9e29a31-2577-43ee-9a7d-4c26448b2c8f/annotation/prokka_annotation.faa 
# Current dir:     /home/centos/br/bin/Brownotate-1.2.0/runs/d9e29a31-2577-43ee-9a7d-4c26448b2c8f
# Date:            Mon Aug 26 17:08:51 2024
# [ok]
