#                                                                            --- full sequence --- -------------- this domain -------------   hmm coord   ali coord   env coord
# target name        accession   tlen query name           accession   qlen   E-value  score  bias   #  of  c-Evalue  i-Evalue  score  bias  from    to  from    to  from    to  acc description of target
#------------------- ---------- ----- -------------------- ---------- ----- --------- ------ ----- --- --- --------- --------- ------ ----- ----- ----- ----- ----- ----- ----- ---- ---------------------
DMGIDEJL_04611       -            209 1502854at2           -            192   8.9e-72  239.4   0.1   1   1     1e-73   1.1e-71  239.0   0.1     6   190    10   194     7   196 0.98 unannotated protein
DMGIDEJL_02341       -           1767 1502854at2           -            192   9.5e-11   40.3   1.5   1   4     0.093        10    4.3   0.0     5    26    23    44    21    58 0.81 unannotated protein
DMGIDEJL_02341       -           1767 1502854at2           -            192   9.5e-11   40.3   1.5   2   4    0.0012      0.13   10.5   0.0     6    30   612   636   610   643 0.86 unannotated protein
DMGIDEJL_02341       -           1767 1502854at2           -            192   9.5e-11   40.3   1.5   3   4    0.0018       0.2    9.9   0.0     6    24   957   975   955   991 0.89 unannotated protein
DMGIDEJL_02341       -           1767 1502854at2           -            192   9.5e-11   40.3   1.5   4   4    0.0011      0.11   10.7   0.0     6    27  1446  1467  1444  1477 0.90 unannotated protein
DMGIDEJL_00598       -            162 1502854at2           -            192   1.8e-06   26.3   0.2   1   2   0.00053     0.058   11.7   0.1     8    28     2    22     1    30 0.87 unannotated protein
DMGIDEJL_00598       -            162 1502854at2           -            192   1.8e-06   26.3   0.2   2   2    0.0002     0.022   13.0   0.0    85   141    61   119    55   144 0.83 unannotated protein
DMGIDEJL_02171       -            184 1502854at2           -            192   5.2e-06   24.9   0.4   1   2   2.8e-07   3.1e-05   22.3   0.0     4    31     2    29     1    38 0.85 unannotated protein
DMGIDEJL_02171       -            184 1502854at2           -            192   5.2e-06   24.9   0.4   2   2       1.2   1.4e+02    0.7   0.0   119   144   107   131    98   172 0.71 unannotated protein
DMGIDEJL_03684       -            459 1502854at2           -            192   1.8e-05   23.1   0.0   1   2     0.011       1.2    7.3   0.0     6    63     2    61     1    94 0.77 unannotated protein
DMGIDEJL_03684       -            459 1502854at2           -            192   1.8e-05   23.1   0.0   2   2    0.0002     0.022   13.0   0.0    11    48   187   224   183   285 0.84 unannotated protein
DMGIDEJL_04726       -           1135 1502854at2           -            192   5.5e-05   21.5   5.4   1   3   0.00038     0.041   12.1   0.0     9    29   275   295   268   303 0.87 unannotated protein
DMGIDEJL_04726       -           1135 1502854at2           -            192   5.5e-05   21.5   5.4   2   3     0.011       1.2    7.3   0.0     8    28   550   570   545   576 0.89 unannotated protein
DMGIDEJL_04726       -           1135 1502854at2           -            192   5.5e-05   21.5   5.4   3   3      0.49        54    2.0   1.0    80   186   815   922   803   928 0.79 unannotated protein
DMGIDEJL_02559       -            966 1502854at2           -            192   0.00028   19.2   0.3   1   3    0.0051      0.56    8.4   0.0     5    26    26    47    24    66 0.80 unannotated protein
DMGIDEJL_02559       -            966 1502854at2           -            192   0.00028   19.2   0.3   2   3       2.7     3e+02   -0.5   0.0    86   117   221   252   198   257 0.86 unannotated protein
DMGIDEJL_02559       -            966 1502854at2           -            192   0.00028   19.2   0.3   3   3     0.022       2.4    6.4   0.0    10    27   640   657   635   664 0.88 unannotated protein
DMGIDEJL_04495       -            532 1502854at2           -            192   0.00068   18.0   0.1   1   2      0.01       1.1    7.5   0.0     7    31    28    52    24    60 0.79 unannotated protein
DMGIDEJL_04495       -            532 1502854at2           -            192   0.00068   18.0   0.1   2   2    0.0081      0.89    7.8   0.1     8    27   344   363   340   370 0.84 unannotated protein
DMGIDEJL_02203       -            394 1502854at2           -            192   0.00071   17.9   0.1   1   2     3e-05    0.0033   15.7   0.1     5    29    52    76    49   165 0.80 unannotated protein
DMGIDEJL_02203       -            394 1502854at2           -            192   0.00071   17.9   0.1   2   2       3.5   3.8e+02   -0.8   0.0    68    98   203   233   192   302 0.71 unannotated protein
DMGIDEJL_05620       -            230 1502854at2           -            192    0.0016   16.8   0.0   1   1     3e-05    0.0032   15.7   0.0     4    29    26    51    24    65 0.85 unannotated protein
DMGIDEJL_02777       -            250 1502854at2           -            192    0.0023   16.2   0.0   1   1   3.3e-05    0.0036   15.6   0.0     6    58    27    80    23    85 0.79 unannotated protein
DMGIDEJL_03906       -            500 1502854at2           -            192    0.0027   16.0   3.5   1   2     0.084       9.1    4.5   0.0    11    29    34    52    31    78 0.80 unannotated protein
DMGIDEJL_03906       -            500 1502854at2           -            192    0.0027   16.0   3.5   2   2   0.00055      0.06   11.6   0.0    11    30   345   364   338   372 0.85 unannotated protein
DMGIDEJL_03415       -            185 1502854at2           -            192    0.0031   15.8   0.0   1   1   5.9e-05    0.0064   14.8   0.0     4    30     4    30     1    38 0.83 unannotated protein
DMGIDEJL_01560       -           1161 1502854at2           -            192    0.0035   15.6   0.2   1   2    0.0014      0.15   10.3   0.0     5    28    61    84    58    94 0.89 unannotated protein
DMGIDEJL_01560       -           1161 1502854at2           -            192    0.0035   15.6   0.2   2   2      0.33        36    2.6   0.0    11    29   772   790   767   796 0.88 unannotated protein
DMGIDEJL_06385       -            415 1502854at2           -            192    0.0039   15.5   0.0   1   1     7e-05    0.0076   14.5   0.0     8    37    12    41     6    44 0.87 unannotated protein
DMGIDEJL_00543       -            559 1502854at2           -            192    0.0042   15.4   0.6   1   2     0.069       7.6    4.8   0.0    11    26    37    52    31    60 0.84 unannotated protein
DMGIDEJL_00543       -            559 1502854at2           -            192    0.0042   15.4   0.6   2   2    0.0067      0.73    8.1   0.0     5    27   350   372   348   382 0.86 unannotated protein
DMGIDEJL_02745       -            749 1502854at2           -            192    0.0043   15.3   0.5   1   2     0.016       1.8    6.8   0.1     5    23    24    42    22    55 0.85 unannotated protein
DMGIDEJL_02745       -            749 1502854at2           -            192    0.0043   15.3   0.5   2   2     0.024       2.6    6.3   0.0     5    27   473   495   471   506 0.86 unannotated protein
DMGIDEJL_02542       -            245 1502854at2           -            192    0.0052   15.1   0.1   1   2     0.015       1.6    7.0   0.0     5    28    40    63    36    70 0.85 unannotated protein
DMGIDEJL_02542       -            245 1502854at2           -            192    0.0052   15.1   0.1   2   2     0.027         3    6.1   0.0   121   149   164   192   144   200 0.83 unannotated protein
DMGIDEJL_05169       -            601 1502854at2           -            192    0.0056   15.0   0.0   1   1   0.00011     0.012   13.9   0.0     5    26   370   391   367   398 0.88 unannotated protein
DMGIDEJL_01063       -            588 1502854at2           -            192    0.0062   14.8   0.1   1   2       8.4   9.2e+02   -2.0   0.0    79   116   191   227   188   241 0.72 unannotated protein
DMGIDEJL_01063       -            588 1502854at2           -            192    0.0062   14.8   0.1   2   2   0.00021     0.023   13.0   0.0     5    27   374   396   371   404 0.86 unannotated protein
DMGIDEJL_04727       -           1127 1502854at2           -            192    0.0065   14.8   0.1   1   2      0.03       3.2    6.0   0.0     5    27   253   275   250   282 0.84 unannotated protein
DMGIDEJL_04727       -           1127 1502854at2           -            192    0.0065   14.8   0.1   2   2     0.037       4.1    5.6   0.0     9    28   537   556   531   567 0.88 unannotated protein
DMGIDEJL_06414       -            331 1502854at2           -            192    0.0079   14.5   0.0   1   1   0.00012     0.013   13.8   0.0     4    28    37    61    35    68 0.88 unannotated protein
DMGIDEJL_00038       -            299 1502854at2           -            192    0.0088   14.3   0.0   1   1   0.00016     0.018   13.3   0.0     4    29    52    77    50    88 0.82 unannotated protein
DMGIDEJL_06469       -            361 1502854at2           -            192    0.0091   14.3   0.1   1   1   0.00018     0.019   13.2   0.1     9    27    25    43    17    53 0.85 unannotated protein
DMGIDEJL_04728       -            764 1502854at2           -            192    0.0095   14.2   0.2   1   2    0.0042      0.46    8.7   0.1     9    30   234   255   227   262 0.84 unannotated protein
DMGIDEJL_04728       -            764 1502854at2           -            192    0.0095   14.2   0.2   2   2      0.28        31    2.8   0.0     9    26   506   523   501   531 0.84 unannotated protein
DMGIDEJL_05692       -            304 1502854at2           -            192      0.01   14.1   0.3   1   1   0.00019     0.021   13.1   0.3     6    28     7    29     5    51 0.86 unannotated protein
DMGIDEJL_05067       -            585 1502854at2           -            192     0.011   14.1   0.0   1   1   0.00019     0.021   13.1   0.0     5    29   371   395   367   406 0.87 unannotated protein
DMGIDEJL_00576       -            252 1502854at2           -            192     0.011   14.1   0.0   1   1   0.00015     0.017   13.4   0.0     6    26    27    47    24    53 0.89 unannotated protein
DMGIDEJL_01457       -            940 1502854at2           -            192     0.011   14.0   0.1   1   2      0.43        46    2.2   0.0    10    29    51    70    44    77 0.84 unannotated protein
DMGIDEJL_01457       -            940 1502854at2           -            192     0.011   14.0   0.1   2   2    0.0048      0.52    8.5   0.0     8    28   317   337   312   343 0.89 unannotated protein
DMGIDEJL_02012       -            214 1502854at2           -            192     0.011   14.0   0.0   1   2    0.0029      0.31    9.3   0.0     7    29     4    26     1    38 0.85 unannotated protein
DMGIDEJL_02012       -            214 1502854at2           -            192     0.011   14.0   0.0   2   2      0.35        38    2.5   0.0   120   144   122   145    83   154 0.86 unannotated protein
DMGIDEJL_06424       -            287 1502854at2           -            192     0.012   13.9   0.5   1   2   0.00026     0.029   12.7   0.0     5    28     5    28     1    33 0.88 unannotated protein
DMGIDEJL_06424       -            287 1502854at2           -            192     0.012   13.9   0.5   2   2       7.9   8.6e+02   -1.9   0.1   112   140    80   106    76   156 0.56 unannotated protein
DMGIDEJL_06558       -            369 1502854at2           -            192     0.013   13.8   0.1   1   1   0.00024     0.026   12.8   0.1     4    29   124   149   122   160 0.84 unannotated protein
DMGIDEJL_02858       -            514 1502854at2           -            192     0.013   13.8   0.0   1   1   0.00024     0.027   12.8   0.0    94   166   111   181    93   189 0.88 unannotated protein
DMGIDEJL_06988       -            225 1502854at2           -            192     0.014   13.7   0.0   1   1   0.00023     0.025   12.8   0.0     5    26    34    55    32    63 0.86 unannotated protein
DMGIDEJL_03653       -            308 1502854at2           -            192     0.014   13.7   0.1   1   1   0.00032     0.035   12.4   0.1     4    29     7    32     4    42 0.85 unannotated protein
DMGIDEJL_04077       -            211 1502854at2           -            192     0.015   13.6   0.1   1   2    0.0012      0.13   10.5   0.0     7    32     5    30     1    36 0.81 unannotated protein
DMGIDEJL_04077       -            211 1502854at2           -            192     0.015   13.6   0.1   2   2      0.91     1e+02    1.1   0.0   108   153   117   163    85   183 0.69 unannotated protein
DMGIDEJL_05265       -            375 1502854at2           -            192     0.016   13.5   0.0   1   1   0.00029     0.032   12.5   0.0     5    26    41    62    38    70 0.86 unannotated protein
DMGIDEJL_03252       -            215 1502854at2           -            192     0.017   13.4   0.0   1   2     0.086       9.3    4.5   0.0     9    30     3    24     1    31 0.84 unannotated protein
DMGIDEJL_03252       -            215 1502854at2           -            192     0.017   13.4   0.0   2   2     0.016       1.7    6.9   0.0   131   163   152   184   127   190 0.80 unannotated protein
DMGIDEJL_04696       -            247 1502854at2           -            192     0.018   13.3   0.0   1   1   0.00038     0.042   12.1   0.0     7    34    27    50    24    59 0.78 unannotated protein
DMGIDEJL_03382       -            829 1502854at2           -            192      0.02   13.2   0.6   1   2     0.078       8.5    4.6   0.0     6    24    21    39    18    67 0.78 unannotated protein
DMGIDEJL_03382       -            829 1502854at2           -            192      0.02   13.2   0.6   2   2     0.024       2.6    6.2   0.4     6    27   508   529   506   538 0.88 unannotated protein
DMGIDEJL_02382       -            247 1502854at2           -            192     0.021   13.1   0.1   1   1   0.00038     0.041   12.1   0.1     5    26    39    60    36    70 0.88 unannotated protein
DMGIDEJL_06617       -            242 1502854at2           -            192     0.021   13.1   0.1   1   1   0.00032     0.035   12.4   0.1     4    26    37    59    35    65 0.90 unannotated protein
DMGIDEJL_05637       -            314 1502854at2           -            192     0.022   13.0   0.1   1   2   0.00065     0.071   11.4   0.0     5    32    44    71    41    79 0.86 unannotated protein
DMGIDEJL_05637       -            314 1502854at2           -            192     0.022   13.0   0.1   2   2       7.2   7.8e+02   -1.8   0.0    65    84   132   151   117   160 0.56 unannotated protein
DMGIDEJL_06557       -            574 1502854at2           -            192     0.023   12.9   0.0   1   2   0.00097      0.11   10.8   0.0     5    28   313   336   309   349 0.82 unannotated protein
DMGIDEJL_06557       -            574 1502854at2           -            192     0.023   12.9   0.0   2   2       3.9   4.2e+02   -0.9   0.0    77   118   368   410   356   433 0.70 unannotated protein
DMGIDEJL_04722       -            355 1502854at2           -            192     0.024   12.9   0.0   1   1   0.00044     0.049   11.9   0.0     5    26    29    50    26    63 0.88 unannotated protein
DMGIDEJL_05900       -            765 1502854at2           -            192     0.024   12.9   0.0   1   2       3.4   3.7e+02   -0.8   0.0    11    26   222   237   214   243 0.81 unannotated protein
DMGIDEJL_05900       -            765 1502854at2           -            192     0.024   12.9   0.0   2   2    0.0019      0.21    9.9   0.0     9    29   501   521   498   529 0.86 unannotated protein
DMGIDEJL_05693       -            371 1502854at2           -            192     0.028   12.7   0.3   1   2     0.025       2.7    6.2   0.1     6    31    13    38    10    54 0.77 unannotated protein
DMGIDEJL_05693       -            371 1502854at2           -            192     0.028   12.7   0.3   2   2       0.1        11    4.2   0.0    85   122   307   341   297   349 0.84 unannotated protein
DMGIDEJL_06989       -            253 1502854at2           -            192     0.031   12.5   0.1   1   1   0.00057     0.062   11.6   0.1     4    26    57    79    55    85 0.87 unannotated protein
DMGIDEJL_02227       -            361 1502854at2           -            192     0.034   12.4   0.1   1   1   0.00062     0.068   11.4   0.1    10    30   201   221   194   238 0.79 unannotated protein
DMGIDEJL_03340       -            221 1502854at2           -            192     0.034   12.4   0.7   1   2    0.0046       0.5    8.6   0.0     3    46    11    53     9    57 0.82 unannotated protein
DMGIDEJL_03340       -            221 1502854at2           -            192     0.034   12.4   0.7   2   2      0.36        39    2.4   0.1   109   181   133   206   116   216 0.60 unannotated protein
DMGIDEJL_01258       -            763 1502854at2           -            192     0.036   12.3   0.0   1   1   0.00062     0.067   11.4   0.0     5    30   534   559   532   566 0.88 unannotated protein
DMGIDEJL_02932       -            298 1502854at2           -            192     0.049   11.9   0.0   1   2    0.0029      0.31    9.3   0.0     4    29    28    53    26    85 0.90 unannotated protein
DMGIDEJL_02932       -            298 1502854at2           -            192     0.049   11.9   0.0   2   2       2.3   2.5e+02   -0.2   0.1   106   158   185   237   177   263 0.79 unannotated protein
DMGIDEJL_06262       -            242 1502854at2           -            192      0.05   11.9   0.1   1   2    0.0013      0.15   10.3   0.0     5    26    46    67    43    79 0.89 unannotated protein
DMGIDEJL_06262       -            242 1502854at2           -            192      0.05   11.9   0.1   2   2       9.6     1e+03   -2.2   0.0    99   117   122   140   112   166 0.73 unannotated protein
DMGIDEJL_05457       -            305 1502854at2           -            192     0.053   11.8   0.2   1   2     0.002      0.22    9.8   0.0     5    27    28    50    25    59 0.89 unannotated protein
DMGIDEJL_05457       -            305 1502854at2           -            192     0.053   11.8   0.2   2   2       3.3   3.6e+02   -0.7   0.0   104   149   166   209   162   244 0.70 unannotated protein
DMGIDEJL_02797       -            733 1502854at2           -            192     0.053   11.8   0.1   1   1   0.00088     0.096   10.9   0.1     5    27   516   538   513   545 0.89 unannotated protein
DMGIDEJL_00611       -            218 1502854at2           -            192     0.053   11.8   0.0   1   1   0.00083     0.091   11.0   0.0     9    29    30    50    27    60 0.87 unannotated protein
DMGIDEJL_00604       -            540 1502854at2           -            192     0.055   11.7   5.8   1   2    0.0019       0.2    9.9   0.0     9    30    30    51    24    61 0.81 unannotated protein
DMGIDEJL_00604       -            540 1502854at2           -            192     0.055   11.7   5.8   2   2      0.21        23    3.2   0.0    10    27   354   371   348   380 0.84 unannotated protein
DMGIDEJL_05379       -            254 1502854at2           -            192     0.056   11.7   0.0   1   1   0.00092       0.1   10.9   0.0     5    26    26    47    24    54 0.88 unannotated protein
DMGIDEJL_05659       -            372 1502854at2           -            192     0.063   11.5   0.0   1   1     0.001      0.11   10.8   0.0     6    29   124   147   120   158 0.82 unannotated protein
DMGIDEJL_02724       -            711 1502854at2           -            192     0.064   11.5   0.0   1   2      0.17        18    3.5   0.0     9    29   223   243   218   252 0.81 unannotated protein
DMGIDEJL_02724       -            711 1502854at2           -            192     0.064   11.5   0.0   2   2     0.048       5.3    5.3   0.0     9    35   496   521   489   525 0.77 unannotated protein
DMGIDEJL_01294       -            267 1502854at2           -            192     0.081   11.2   0.0   1   1    0.0012      0.13   10.6   0.0     5    27    27    49    24    56 0.86 unannotated protein
DMGIDEJL_03913       -            827 1502854at2           -            192      0.09   11.0   1.1   1   3       6.9   7.6e+02   -1.8   0.1    69   115   176   222   173   286 0.56 unannotated protein
DMGIDEJL_03913       -            827 1502854at2           -            192      0.09   11.0   1.1   2   3       3.1   3.4e+02   -0.6   0.1   128   164   273   311   254   319 0.81 unannotated protein
DMGIDEJL_03913       -            827 1502854at2           -            192      0.09   11.0   1.1   3   3    0.0036      0.39    8.9   0.0     3    29   369   395   367   405 0.83 unannotated protein
DMGIDEJL_03962       -            655 1502854at2           -            192     0.097   10.9   1.0   1   3       0.2        22    3.2   0.0     8    26     7    25     1    36 0.81 unannotated protein
DMGIDEJL_03962       -            655 1502854at2           -            192     0.097   10.9   1.0   2   3      0.16        17    3.6   0.0     6    25   346   365   344   380 0.88 unannotated protein
DMGIDEJL_03962       -            655 1502854at2           -            192     0.097   10.9   1.0   3   3       1.3   1.4e+02    0.6   0.1    70   170   496   586   490   602 0.73 unannotated protein
DMGIDEJL_06429       -            260 1502854at2           -            192       0.1   10.8   0.0   1   1    0.0015      0.16   10.2   0.0     5    27    29    51    26    59 0.89 unannotated protein
DMGIDEJL_03826       -            232 1502854at2           -            192      0.11   10.8   0.5   1   1    0.0018      0.19   10.0   0.1    10    27    32    49    26    55 0.87 unannotated protein
DMGIDEJL_01975       -            817 1502854at2           -            192      0.34    9.2   4.6   1   2       1.8   1.9e+02    0.2   1.9    95   155   213   274   201   300 0.63 unannotated protein
DMGIDEJL_01975       -            817 1502854at2           -            192      0.34    9.2   4.6   2   2    0.0038      0.42    8.9   0.0     5    29   360   384   357   394 0.83 unannotated protein
DMGIDEJL_04734       -            884 1502854at2           -            192       1.8    6.8   8.0   1   2      0.11        12    4.1   0.0    10    45   273   306   265   309 0.82 unannotated protein
DMGIDEJL_04734       -            884 1502854at2           -            192       1.8    6.8   8.0   2   2     0.025       2.7    6.2   0.0     9    28   610   629   605   636 0.90 unannotated protein
#
# Program:         hmmsearch
# Version:         3.1b2 (February 2015)
# Pipeline mode:   SEARCH
# Query file:      ../../stats/bacteria_odb10/hmms/1502854at2.hmm
# Target file:     /home/centos/br/bin/Brownotate-1.2.0/runs/d9e29a31-2577-43ee-9a7d-4c26448b2c8f/annotation/prokka_annotation.faa
# Option settings: hmmsearch --domtblout /home/centos/br/bin/Brownotate-1.2.0/runs/d9e29a31-2577-43ee-9a7d-4c26448b2c8f/busco_annotation/run_bacteria_odb10/hmmer_output/1502854at2.out --cpu 1 ../../stats/bacteria_odb10/hmms/1502854at2.hmm /home/centos/br/bin/Brownotate-1.2.0/runs/d9e29a31-2577-43ee-9a7d-4c26448b2c8f/annotation/prokka_annotation.faa 
# Current dir:     /home/centos/br/bin/Brownotate-1.2.0/runs/d9e29a31-2577-43ee-9a7d-4c26448b2c8f
# Date:            Mon Aug 26 17:08:51 2024
# [ok]
