#                                                                            --- full sequence --- -------------- this domain -------------   hmm coord   ali coord   env coord
# target name        accession   tlen query name           accession   qlen   E-value  score  bias   #  of  c-Evalue  i-Evalue  score  bias  from    to  from    to  from    to  acc description of target
#------------------- ---------- ----- -------------------- ---------- ----- --------- ------ ----- --- --- --------- --------- ------ ----- ----- ----- ----- ----- ----- ----- ---- ---------------------
DMGIDEJL_01329       -            558 1592033at2           -            393  2.5e-134  446.9   2.4   1   1  5.9e-137  3.6e-134  446.4   2.4     8   352   194   548   188   556 0.94 unannotated protein
DMGIDEJL_05126       -            474 1592033at2           -            393  6.5e-118  392.9   2.1   1   2   6.3e-13   3.9e-10   38.0   0.0     8    73     9    74     4    84 0.92 unannotated protein
DMGIDEJL_05126       -            474 1592033at2           -            393  6.5e-118  392.9   2.1   2   2  8.7e-109  5.3e-106  353.7   1.2    78   381   138   450   131   459 0.94 unannotated protein
DMGIDEJL_03684       -            459 1592033at2           -            393   3.7e-29  100.7   0.0   1   2   1.3e-17   7.8e-15   53.5   0.0   195   352     3   167     1   180 0.88 unannotated protein
DMGIDEJL_03684       -            459 1592033at2           -            393   3.7e-29  100.7   0.0   2   2     6e-15   3.6e-12   44.7   0.4   194   358   182   362   179   379 0.76 unannotated protein
DMGIDEJL_01444       -            485 1592033at2           -            393   4.1e-13   47.8   0.0   1   1     1e-15   6.1e-13   47.3   0.0   194   384   159   366   146   384 0.81 unannotated protein
DMGIDEJL_03683       -            314 1592033at2           -            393   3.8e-11   41.3   0.0   1   1   8.8e-14   5.4e-11   40.9   0.0   197   353    12   181     5   218 0.82 unannotated protein
DMGIDEJL_07320       -            437 1592033at2           -            393   7.4e-10   37.1   0.0   1   2   3.1e-11   1.9e-08   32.5   0.0   165   250   186   270   179   279 0.92 unannotated protein
DMGIDEJL_07320       -            437 1592033at2           -            393   7.4e-10   37.1   0.0   2   2      0.04        25    2.5   0.0   304   352   318   362   304   401 0.72 unannotated protein
DMGIDEJL_00393       -            369 1592033at2           -            393   6.1e-07   27.5   0.0   1   2   3.8e-09   2.3e-06   25.6   0.0   196   241     4    50     2    68 0.86 unannotated protein
DMGIDEJL_00393       -            369 1592033at2           -            393   6.1e-07   27.5   0.0   2   2      0.54   3.3e+02   -1.2   0.0   296   352   192   252   178   258 0.61 unannotated protein
DMGIDEJL_06749       -            565 1592033at2           -            393   1.1e-05   23.4   0.0   1   2   1.2e-07     7e-05   20.7   0.0   189   218    44    73    28    79 0.84 unannotated protein
DMGIDEJL_06749       -            565 1592033at2           -            393   1.1e-05   23.4   0.0   2   2      0.37   2.2e+02   -0.7   0.0   294   336   165   206   142   213 0.65 unannotated protein
DMGIDEJL_02966       -            206 1592033at2           -            393   0.00018   19.4   0.2   1   2   1.9e-06    0.0012   16.7   0.1   193   220    23    50    17    56 0.86 unannotated protein
DMGIDEJL_02966       -            206 1592033at2           -            393   0.00018   19.4   0.2   2   2      0.15        94    0.6   0.0   303   332   141   168   114   186 0.69 unannotated protein
DMGIDEJL_06740       -            580 1592033at2           -            393    0.0062   14.3   0.1   1   2     3e-05     0.018   12.8   0.0   194   217    55    78    30    83 0.86 unannotated protein
DMGIDEJL_06740       -            580 1592033at2           -            393    0.0062   14.3   0.1   2   2       1.1   6.8e+02   -2.3   0.2   148   185   264   301   259   317 0.80 unannotated protein
DMGIDEJL_02025       -           1072 1592033at2           -            393     0.034   11.9   0.0   1   3      0.58   3.5e+02   -1.3   0.2    31    81   489   539   473   543 0.74 unannotated protein
DMGIDEJL_02025       -           1072 1592033at2           -            393     0.034   11.9   0.0   2   3   5.6e-05     0.034   11.9   0.0   190   350   568   733   546   751 0.76 unannotated protein
DMGIDEJL_02025       -           1072 1592033at2           -            393     0.034   11.9   0.0   3   3       1.9   1.1e+03   -3.0   0.5   322   370   838   886   824   902 0.61 unannotated protein
DMGIDEJL_05406       -            222 1592033at2           -            393      0.32    8.7   3.7   1   1   0.00081      0.49    8.1   3.7   157   193    56    92    52    96 0.87 unannotated protein
#
# Program:         hmmsearch
# Version:         3.1b2 (February 2015)
# Pipeline mode:   SEARCH
# Query file:      ../../stats/bacteria_odb10/hmms/1592033at2.hmm
# Target file:     /home/centos/br/bin/Brownotate-1.2.0/runs/d9e29a31-2577-43ee-9a7d-4c26448b2c8f/annotation/prokka_annotation.faa
# Option settings: hmmsearch --domtblout /home/centos/br/bin/Brownotate-1.2.0/runs/d9e29a31-2577-43ee-9a7d-4c26448b2c8f/busco_annotation/run_bacteria_odb10/hmmer_output/1592033at2.out --cpu 1 ../../stats/bacteria_odb10/hmms/1592033at2.hmm /home/centos/br/bin/Brownotate-1.2.0/runs/d9e29a31-2577-43ee-9a7d-4c26448b2c8f/annotation/prokka_annotation.faa 
# Current dir:     /home/centos/br/bin/Brownotate-1.2.0/runs/d9e29a31-2577-43ee-9a7d-4c26448b2c8f
# Date:            Mon Aug 26 17:08:51 2024
# [ok]
