#                                                                            --- full sequence --- -------------- this domain -------------   hmm coord   ali coord   env coord
# target name        accession   tlen query name           accession   qlen   E-value  score  bias   #  of  c-Evalue  i-Evalue  score  bias  from    to  from    to  from    to  acc description of target
#------------------- ---------- ----- -------------------- ---------- ----- --------- ------ ----- --- --- --------- --------- ------ ----- ----- ----- ----- ----- ----- ----- ---- ---------------------
DMGIDEJL_06525       -            290 1906715at2           -             80   2.5e-10   38.9  12.4   1   4      0.45   1.1e+03   -1.6   0.2     5    19   107   121   104   134 0.72 unannotated protein
DMGIDEJL_06525       -            290 1906715at2           -             80   2.5e-10   38.9  12.4   2   4   1.1e-06    0.0026   16.4   0.6    12    34   143   165   125   174 0.79 unannotated protein
DMGIDEJL_06525       -            290 1906715at2           -             80   2.5e-10   38.9  12.4   3   4     2e-07   0.00048   18.8   0.1    24    62   171   215   164   218 0.84 unannotated protein
DMGIDEJL_06525       -            290 1906715at2           -             80   2.5e-10   38.9  12.4   4   4   0.00033       0.8    8.4   0.4    68    79   237   248   224   249 0.82 unannotated protein
DMGIDEJL_04245       -            209 1906715at2           -             80   1.3e-06   26.9   7.0   1   3      0.33   8.1e+02   -1.2   0.1    32    55    46    69    41    76 0.65 unannotated protein
DMGIDEJL_04245       -            209 1906715at2           -             80   1.3e-06   26.9   7.0   2   3    0.0011       2.6    6.8   0.1    10    35    95   120    84   126 0.80 unannotated protein
DMGIDEJL_04245       -            209 1906715at2           -             80   1.3e-06   26.9   7.0   3   3   1.3e-06    0.0033   16.1   0.7    50    80   169   202   118   202 0.79 unannotated protein
DMGIDEJL_03316       -           1083 1906715at2           -             80     0.048   12.3   1.1   1   5      0.71   1.7e+03   -2.3   0.0    48    71    23    46    20    50 0.78 unannotated protein
DMGIDEJL_03316       -           1083 1906715at2           -             80     0.048   12.3   1.1   2   5     0.019        47    2.7   0.0    15    74   114   171   103   173 0.87 unannotated protein
DMGIDEJL_03316       -           1083 1906715at2           -             80     0.048   12.3   1.1   3   5    0.0035       8.6    5.1   0.0    47    71   574   598   572   600 0.93 unannotated protein
DMGIDEJL_03316       -           1083 1906715at2           -             80     0.048   12.3   1.1   4   5       1.1   2.8e+03   -2.9   0.0    56    76   699   719   669   720 0.73 unannotated protein
DMGIDEJL_03316       -           1083 1906715at2           -             80     0.048   12.3   1.1   5   5      0.94   2.3e+03   -2.7   0.0    41    61   872   892   861   894 0.81 unannotated protein
#
# Program:         hmmsearch
# Version:         3.1b2 (February 2015)
# Pipeline mode:   SEARCH
# Query file:      ../../stats/bacteria_odb10/hmms/1906715at2.hmm
# Target file:     /home/centos/br/bin/Brownotate-1.2.0/runs/d9e29a31-2577-43ee-9a7d-4c26448b2c8f/annotation/prokka_annotation.faa
# Option settings: hmmsearch --domtblout /home/centos/br/bin/Brownotate-1.2.0/runs/d9e29a31-2577-43ee-9a7d-4c26448b2c8f/busco_annotation/run_bacteria_odb10/hmmer_output/1906715at2.out --cpu 1 ../../stats/bacteria_odb10/hmms/1906715at2.hmm /home/centos/br/bin/Brownotate-1.2.0/runs/d9e29a31-2577-43ee-9a7d-4c26448b2c8f/annotation/prokka_annotation.faa 
# Current dir:     /home/centos/br/bin/Brownotate-1.2.0/runs/d9e29a31-2577-43ee-9a7d-4c26448b2c8f
# Date:            Mon Aug 26 17:08:52 2024
# [ok]
