#                                                                            --- full sequence --- -------------- this domain -------------   hmm coord   ali coord   env coord
# target name        accession   tlen query name           accession   qlen   E-value  score  bias   #  of  c-Evalue  i-Evalue  score  bias  from    to  from    to  from    to  acc description of target
#------------------- ---------- ----- -------------------- ---------- ----- --------- ------ ----- --- --- --------- --------- ------ ----- ----- ----- ----- ----- ----- ----- ---- ---------------------
DMGIDEJL_02944       -           1234 223233at2            -            494  6.4e-150  498.9  12.9   1   3  3.4e-107  8.3e-104  346.8   9.3     2   266   457   804   456   807 0.89 unannotated protein
DMGIDEJL_02944       -           1234 223233at2            -            494  6.4e-150  498.9  12.9   2   3   5.5e-15   1.3e-11   42.7   0.0   260   321   817   883   811   898 0.79 unannotated protein
DMGIDEJL_02944       -           1234 223233at2            -            494  6.4e-150  498.9  12.9   3   3   4.2e-32     1e-28   99.1   0.0   326   433   921  1067   909  1156 0.62 unannotated protein
DMGIDEJL_00519       -           1588 223233at2            -            494   5.2e-43  146.3   0.5   1   4   2.7e-20   6.5e-17   60.2   0.0    17   171    58   246    56   254 0.79 unannotated protein
DMGIDEJL_00519       -           1588 223233at2            -            494   5.2e-43  146.3   0.5   2   4   1.6e-15     4e-12   44.4   0.0   178   246   305   376   287   384 0.87 unannotated protein
DMGIDEJL_00519       -           1588 223233at2            -            494   5.2e-43  146.3   0.5   3   4     0.043   1.1e+02    0.1   0.0   266   295   432   461   403   485 0.78 unannotated protein
DMGIDEJL_00519       -           1588 223233at2            -            494   5.2e-43  146.3   0.5   4   4   1.4e-10   3.5e-07   28.1   0.1   326   411   537   647   525   666 0.70 unannotated protein
DMGIDEJL_01901       -            197 223233at2            -            494    0.0052   14.4   0.0   1   1   2.7e-06    0.0067   14.0   0.0    48    85   123   162   116   196 0.82 unannotated protein
#
# Program:         hmmsearch
# Version:         3.1b2 (February 2015)
# Pipeline mode:   SEARCH
# Query file:      ../../stats/bacteria_odb10/hmms/223233at2.hmm
# Target file:     /home/centos/br/bin/Brownotate-1.2.0/runs/d9e29a31-2577-43ee-9a7d-4c26448b2c8f/annotation/prokka_annotation.faa
# Option settings: hmmsearch --domtblout /home/centos/br/bin/Brownotate-1.2.0/runs/d9e29a31-2577-43ee-9a7d-4c26448b2c8f/busco_annotation/run_bacteria_odb10/hmmer_output/223233at2.out --cpu 1 ../../stats/bacteria_odb10/hmms/223233at2.hmm /home/centos/br/bin/Brownotate-1.2.0/runs/d9e29a31-2577-43ee-9a7d-4c26448b2c8f/annotation/prokka_annotation.faa 
# Current dir:     /home/centos/br/bin/Brownotate-1.2.0/runs/d9e29a31-2577-43ee-9a7d-4c26448b2c8f
# Date:            Mon Aug 26 17:08:52 2024
# [ok]
