#                                                                            --- full sequence --- -------------- this domain -------------   hmm coord   ali coord   env coord
# target name        accession   tlen query name           accession   qlen   E-value  score  bias   #  of  c-Evalue  i-Evalue  score  bias  from    to  from    to  from    to  acc description of target
#------------------- ---------- ----- -------------------- ---------- ----- --------- ------ ----- --- --- --------- --------- ------ ----- ----- ----- ----- ----- ----- ----- ---- ---------------------
DMGIDEJL_04593       -            606 226836at2            -            473  1.9e-157  522.9   0.0   1   1  1.2e-158  1.7e-155  516.5   0.0     1   473    11   595    11   595 0.81 unannotated protein
DMGIDEJL_04636       -            517 226836at2            -            473     4e-30  103.1   1.0   1   1   1.4e-31   2.1e-28   97.5   1.0    17   450    78   511    63   515 0.76 unannotated protein
DMGIDEJL_02252       -            466 226836at2            -            473   2.3e-19   67.6   1.0   1   3     1e-09   1.5e-06   25.4   0.1    10   228    15   278     7   282 0.65 unannotated protein
DMGIDEJL_02252       -            466 226836at2            -            473   2.3e-19   67.6   1.0   2   3     0.042        61    0.3   0.1   213   244   294   324   285   361 0.78 unannotated protein
DMGIDEJL_02252       -            466 226836at2            -            473   2.3e-19   67.6   1.0   3   3   1.1e-12   1.7e-09   35.1   0.0   360   451   372   460   350   465 0.85 unannotated protein
DMGIDEJL_05452       -            334 226836at2            -            473   4.6e-11   40.3   0.0   1   2   2.3e-05     0.034   11.0   0.0   126   219    27   126    10   134 0.75 unannotated protein
DMGIDEJL_05452       -            334 226836at2            -            473   4.6e-11   40.3   0.0   2   2     3e-10   4.4e-07   27.2   0.0   419   451   299   331   242   333 0.92 unannotated protein
DMGIDEJL_03646       -            425 226836at2            -            473      0.02   11.8   0.3   1   2     0.006       8.8    3.1   0.0   178   208   104   134    99   164 0.76 unannotated protein
DMGIDEJL_03646       -            425 226836at2            -            473      0.02   11.8   0.3   2   2   0.00051      0.75    6.6   0.0   408   439   290   321   277   332 0.81 unannotated protein
#
# Program:         hmmsearch
# Version:         3.1b2 (February 2015)
# Pipeline mode:   SEARCH
# Query file:      ../../stats/bacteria_odb10/hmms/226836at2.hmm
# Target file:     /home/centos/br/bin/Brownotate-1.2.0/runs/d9e29a31-2577-43ee-9a7d-4c26448b2c8f/annotation/prokka_annotation.faa
# Option settings: hmmsearch --domtblout /home/centos/br/bin/Brownotate-1.2.0/runs/d9e29a31-2577-43ee-9a7d-4c26448b2c8f/busco_annotation/run_bacteria_odb10/hmmer_output/226836at2.out --cpu 1 ../../stats/bacteria_odb10/hmms/226836at2.hmm /home/centos/br/bin/Brownotate-1.2.0/runs/d9e29a31-2577-43ee-9a7d-4c26448b2c8f/annotation/prokka_annotation.faa 
# Current dir:     /home/centos/br/bin/Brownotate-1.2.0/runs/d9e29a31-2577-43ee-9a7d-4c26448b2c8f
# Date:            Mon Aug 26 17:08:52 2024
# [ok]
