#                                                                            --- full sequence --- -------------- this domain -------------   hmm coord   ali coord   env coord
# target name        accession   tlen query name           accession   qlen   E-value  score  bias   #  of  c-Evalue  i-Evalue  score  bias  from    to  from    to  from    to  acc description of target
#------------------- ---------- ----- -------------------- ---------- ----- --------- ------ ----- --- --- --------- --------- ------ ----- ----- ----- ----- ----- ----- ----- ---- ---------------------
DMGIDEJL_01226       -            455 505485at2            -            234   8.9e-66  220.6   4.8   1   3   1.4e-22   1.7e-19   69.2   0.1     2    55    73   135    72   148 0.88 unannotated protein
DMGIDEJL_01226       -            455 505485at2            -            234   8.9e-66  220.6   4.8   2   3   5.2e-32   6.3e-29  100.0   0.0    54   149   155   279   148   287 0.82 unannotated protein
DMGIDEJL_01226       -            455 505485at2            -            234   8.9e-66  220.6   4.8   3   3     1e-16   1.2e-13   50.0   0.3   144   234   293   424   290   424 0.82 unannotated protein
DMGIDEJL_06993       -            514 505485at2            -            234   5.5e-09   34.8   1.3   1   2   1.5e-05     0.018   13.4   0.2     3    38    18    53    16    68 0.86 unannotated protein
DMGIDEJL_06993       -            514 505485at2            -            234   5.5e-09   34.8   1.3   2   2   1.6e-07   0.00019   19.9   0.1     3    36   253   286   251   291 0.89 unannotated protein
DMGIDEJL_00688       -            491 505485at2            -            234   1.8e-08   33.1   0.8   1   2   2.2e-08   2.7e-05   22.7   0.1     2    44    16    57    15    79 0.82 unannotated protein
DMGIDEJL_00688       -            491 505485at2            -            234   1.8e-08   33.1   0.8   2   2    0.0004      0.49    8.8   0.1     4    34   252   282   249   290 0.87 unannotated protein
DMGIDEJL_06472       -            500 505485at2            -            234   0.00011   20.7   1.2   1   2   9.2e-05      0.11   10.8   0.0     2    40    14    52    13    74 0.88 unannotated protein
DMGIDEJL_06472       -            500 505485at2            -            234   0.00011   20.7   1.2   2   2   0.00069      0.84    8.0   0.6     4    36   252   284   249   290 0.88 unannotated protein
DMGIDEJL_04982       -            456 505485at2            -            234   0.00053   18.5   0.0   1   2   1.6e-05     0.019   13.4   0.0     3    47   192   235   190   255 0.85 unannotated protein
DMGIDEJL_04982       -            456 505485at2            -            234   0.00053   18.5   0.0   2   2      0.04        49    2.2   0.0    52    81   307   336   290   355 0.82 unannotated protein
DMGIDEJL_01457       -            940 505485at2            -            234     0.054   11.9   0.3   1   2   0.00014      0.17   10.2   0.0    18    41    47    70    34    94 0.78 unannotated protein
DMGIDEJL_01457       -            940 505485at2            -            234     0.054   11.9   0.3   2   2      0.96   1.2e+03   -2.3   0.0    20    39   317   336   314   344 0.75 unannotated protein
#
# Program:         hmmsearch
# Version:         3.1b2 (February 2015)
# Pipeline mode:   SEARCH
# Query file:      ../../stats/bacteria_odb10/hmms/505485at2.hmm
# Target file:     /home/centos/br/bin/Brownotate-1.2.0/runs/d9e29a31-2577-43ee-9a7d-4c26448b2c8f/annotation/prokka_annotation.faa
# Option settings: hmmsearch --domtblout /home/centos/br/bin/Brownotate-1.2.0/runs/d9e29a31-2577-43ee-9a7d-4c26448b2c8f/busco_annotation/run_bacteria_odb10/hmmer_output/505485at2.out --cpu 1 ../../stats/bacteria_odb10/hmms/505485at2.hmm /home/centos/br/bin/Brownotate-1.2.0/runs/d9e29a31-2577-43ee-9a7d-4c26448b2c8f/annotation/prokka_annotation.faa 
# Current dir:     /home/centos/br/bin/Brownotate-1.2.0/runs/d9e29a31-2577-43ee-9a7d-4c26448b2c8f
# Date:            Mon Aug 26 17:08:53 2024
# [ok]
