#                                                                            --- full sequence --- -------------- this domain -------------   hmm coord   ali coord   env coord
# target name        accession   tlen query name           accession   qlen   E-value  score  bias   #  of  c-Evalue  i-Evalue  score  bias  from    to  from    to  from    to  acc description of target
#------------------- ---------- ----- -------------------- ---------- ----- --------- ------ ----- --- --- --------- --------- ------ ----- ----- ----- ----- ----- ----- ----- ---- ---------------------
DMGIDEJL_02754       -            703 761140at2            -            323   3.2e-40  137.2  15.1   1   3   1.2e-23   1.2e-20   72.8   0.4     2   115     4   151     3   158 0.75 unannotated protein
DMGIDEJL_02754       -            703 761140at2            -            323   3.2e-40  137.2  15.1   2   3   2.1e-16   2.2e-13   49.0   5.2   133   250   222   400   213   408 0.68 unannotated protein
DMGIDEJL_02754       -            703 761140at2            -            323   3.2e-40  137.2  15.1   3   3   6.9e-05     0.072   11.2   0.1   252   315   438   506   429   512 0.73 unannotated protein
DMGIDEJL_04650       -            835 761140at2            -            323     3e-11   42.0   0.6   1   3   6.6e-09   6.9e-06   24.4   0.0     3    55    39    96    37   112 0.84 unannotated protein
DMGIDEJL_04650       -            835 761140at2            -            323     3e-11   42.0   0.6   2   3       2.6   2.7e+03   -3.8   0.0   214   256   616   660   615   664 0.68 unannotated protein
DMGIDEJL_04650       -            835 761140at2            -            323     3e-11   42.0   0.6   3   3   4.2e-06    0.0044   15.2   0.1   243   309   685   747   672   754 0.74 unannotated protein
DMGIDEJL_00351       -            966 761140at2            -            323   1.9e-10   39.4   0.4   1   4   6.8e-09   7.1e-06   24.4   0.0     7    64    62   123    56   153 0.80 unannotated protein
DMGIDEJL_00351       -            966 761140at2            -            323   1.9e-10   39.4   0.4   2   4      0.13   1.4e+02    0.4   0.1   127   150   484   509   471   514 0.80 unannotated protein
DMGIDEJL_00351       -            966 761140at2            -            323   1.9e-10   39.4   0.4   3   4     0.029        30    2.6   0.0   197   216   626   649   564   650 0.68 unannotated protein
DMGIDEJL_00351       -            966 761140at2            -            323   1.9e-10   39.4   0.4   4   4    0.0022       2.3    6.3   0.0   282   309   785   812   750   819 0.87 unannotated protein
DMGIDEJL_03971       -            828 761140at2            -            323   1.1e-08   33.6   3.1   1   3   1.6e-06    0.0017   16.5   0.0     2    64    37   106    36   115 0.84 unannotated protein
DMGIDEJL_03971       -            828 761140at2            -            323   1.1e-08   33.6   3.1   2   3      0.33   3.4e+02   -0.9   0.1   205   216   599   610   598   612 0.87 unannotated protein
DMGIDEJL_03971       -            828 761140at2            -            323   1.1e-08   33.6   3.1   3   3   4.1e-06    0.0043   15.2   0.0   241   309   673   740   652   751 0.89 unannotated protein
DMGIDEJL_04374       -           1306 761140at2            -            323   7.3e-06   24.3   5.0   1   5   4.4e-06    0.0046   15.1   0.0     3    58    41   101    39   175 0.85 unannotated protein
DMGIDEJL_04374       -           1306 761140at2            -            323   7.3e-06   24.3   5.0   2   5     0.094        98    0.9   0.1   133   152   400   420   379   427 0.78 unannotated protein
DMGIDEJL_04374       -           1306 761140at2            -            323   7.3e-06   24.3   5.0   3   5      0.44   4.6e+02   -1.3   0.1   177   198   510   531   501   564 0.51 unannotated protein
DMGIDEJL_04374       -           1306 761140at2            -            323   7.3e-06   24.3   5.0   4   5    0.0013       1.4    7.0   0.0   277   312   716   747   675   757 0.81 unannotated protein
DMGIDEJL_04374       -           1306 761140at2            -            323   7.3e-06   24.3   5.0   5   5       2.9     3e+03   -4.0   0.4   222   266  1096  1138  1095  1152 0.58 unannotated protein
DMGIDEJL_06089       -           1247 761140at2            -            323   0.00048   18.3   0.0   1   2   4.1e-05     0.043   11.9   0.0     6    58    51   108    46   126 0.83 unannotated protein
DMGIDEJL_06089       -           1247 761140at2            -            323   0.00048   18.3   0.0   2   2     0.013        13    3.7   0.0   277   309   931   963   897   970 0.82 unannotated protein
DMGIDEJL_02580       -            489 761140at2            -            323      0.01   14.0   0.5   1   3   0.00038       0.4    8.7   0.1    11    66    35    96    28   106 0.81 unannotated protein
DMGIDEJL_02580       -            489 761140at2            -            323      0.01   14.0   0.5   2   3     0.024        25    2.8   0.0   205   218   267   280   253   293 0.84 unannotated protein
DMGIDEJL_02580       -            489 761140at2            -            323      0.01   14.0   0.5   3   3       3.2   3.4e+03   -4.2   0.0   220   256   422   459   420   461 0.75 unannotated protein
#
# Program:         hmmsearch
# Version:         3.1b2 (February 2015)
# Pipeline mode:   SEARCH
# Query file:      ../../stats/bacteria_odb10/hmms/761140at2.hmm
# Target file:     /home/centos/br/bin/Brownotate-1.2.0/runs/d9e29a31-2577-43ee-9a7d-4c26448b2c8f/annotation/prokka_annotation.faa
# Option settings: hmmsearch --domtblout /home/centos/br/bin/Brownotate-1.2.0/runs/d9e29a31-2577-43ee-9a7d-4c26448b2c8f/busco_annotation/run_bacteria_odb10/hmmer_output/761140at2.out --cpu 1 ../../stats/bacteria_odb10/hmms/761140at2.hmm /home/centos/br/bin/Brownotate-1.2.0/runs/d9e29a31-2577-43ee-9a7d-4c26448b2c8f/annotation/prokka_annotation.faa 
# Current dir:     /home/centos/br/bin/Brownotate-1.2.0/runs/d9e29a31-2577-43ee-9a7d-4c26448b2c8f
# Date:            Mon Aug 26 17:08:53 2024
# [ok]
