#                                                                            --- full sequence --- -------------- this domain -------------   hmm coord   ali coord   env coord
# target name        accession   tlen query name           accession   qlen   E-value  score  bias   #  of  c-Evalue  i-Evalue  score  bias  from    to  from    to  from    to  acc description of target
#------------------- ---------- ----- -------------------- ---------- ----- --------- ------ ----- --- --- --------- --------- ------ ----- ----- ----- ----- ----- ----- ----- ---- ---------------------
DMGIDEJL_03958       -            230 776861at2            -            618   1.8e-69  233.1   1.3   1   1   3.3e-72     2e-69  233.0   1.3   406   610     3   224     1   230 0.94 unannotated protein
DMGIDEJL_03446       -            430 776861at2            -            618   6.1e-30  102.6   0.0   1   1   1.2e-32   7.4e-30  102.3   0.0    79   401    80   423    12   429 0.79 unannotated protein
DMGIDEJL_04807       -            420 776861at2            -            618   1.1e-06   25.8   3.7   1   1     6e-09   3.7e-06   24.1   3.5    11   312    11   325     2   357 0.77 unannotated protein
DMGIDEJL_00598       -            162 776861at2            -            618   5.1e-05   20.3   0.0   1   1   1.1e-07   6.7e-05   19.9   0.0   409   443     1    35     1    80 0.78 unannotated protein
DMGIDEJL_04077       -            211 776861at2            -            618   9.2e-05   19.4   0.1   1   2   8.6e-06    0.0052   13.6   0.0   407   445     3    44     1    83 0.82 unannotated protein
DMGIDEJL_04077       -            211 776861at2            -            618   9.2e-05   19.4   0.1   2   2    0.0072       4.4    4.0   0.0   531   561   123   155   119   162 0.78 unannotated protein
DMGIDEJL_02171       -            184 776861at2            -            618     0.001   16.0   0.2   1   3   3.8e-06    0.0023   14.8   0.0   408   431     4    27     1    37 0.87 unannotated protein
DMGIDEJL_02171       -            184 776861at2            -            618     0.001   16.0   0.2   2   3       1.4   8.5e+02   -3.6   0.0    93   110    66    83    54    89 0.53 unannotated protein
DMGIDEJL_02171       -            184 776861at2            -            618     0.001   16.0   0.2   3   3       1.3   7.8e+02   -3.4   0.0   588   605   154   171   150   176 0.82 unannotated protein
DMGIDEJL_03653       -            308 776861at2            -            618    0.0031   14.4   0.1   1   1   6.6e-06     0.004   14.0   0.1   410   451    11    54     3    96 0.75 unannotated protein
DMGIDEJL_01121       -            262 776861at2            -            618    0.0097   12.8   0.1   1   1   2.5e-05     0.015   12.1   0.1   411   436    32    57    20    63 0.89 unannotated protein
DMGIDEJL_02542       -            245 776861at2            -            618     0.027   11.3   0.0   1   1   6.1e-05     0.037   10.8   0.0   406   438    39    71    29    74 0.88 unannotated protein
DMGIDEJL_06414       -            331 776861at2            -            618      0.05   10.4   0.0   1   1   0.00012     0.074    9.8   0.0   405   430    36    61    24    68 0.84 unannotated protein
DMGIDEJL_02328       -            102 776861at2            -            618      0.31    7.8   3.0   1   1   0.00059      0.36    7.6   3.0   444   503     6    67     4    81 0.77 unannotated protein
DMGIDEJL_02341       -           1767 776861at2            -            618      0.81    6.4   4.2   1   4     0.087        53    0.4   0.0   409   425    25    41    14    49 0.87 unannotated protein
DMGIDEJL_02341       -           1767 776861at2            -            618      0.81    6.4   4.2   2   4     0.003       1.8    5.3   0.0   410   435   614   644   604   699 0.80 unannotated protein
DMGIDEJL_02341       -           1767 776861at2            -            618      0.81    6.4   4.2   3   4      0.48   2.9e+02   -2.0   0.1   413   425   962   974   956   982 0.83 unannotated protein
DMGIDEJL_02341       -           1767 776861at2            -            618      0.81    6.4   4.2   4   4      0.42   2.6e+02   -1.9   0.1   413   428  1451  1466  1450  1467 0.86 unannotated protein
#
# Program:         hmmsearch
# Version:         3.1b2 (February 2015)
# Pipeline mode:   SEARCH
# Query file:      ../../stats/bacteria_odb10/hmms/776861at2.hmm
# Target file:     /home/centos/br/bin/Brownotate-1.2.0/runs/d9e29a31-2577-43ee-9a7d-4c26448b2c8f/annotation/prokka_annotation.faa
# Option settings: hmmsearch --domtblout /home/centos/br/bin/Brownotate-1.2.0/runs/d9e29a31-2577-43ee-9a7d-4c26448b2c8f/busco_annotation/run_bacteria_odb10/hmmer_output/776861at2.out --cpu 1 ../../stats/bacteria_odb10/hmms/776861at2.hmm /home/centos/br/bin/Brownotate-1.2.0/runs/d9e29a31-2577-43ee-9a7d-4c26448b2c8f/annotation/prokka_annotation.faa 
# Current dir:     /home/centos/br/bin/Brownotate-1.2.0/runs/d9e29a31-2577-43ee-9a7d-4c26448b2c8f
# Date:            Mon Aug 26 17:08:53 2024
# [ok]
