#                                                                            --- full sequence --- -------------- this domain -------------   hmm coord   ali coord   env coord
# target name        accession   tlen query name           accession   qlen   E-value  score  bias   #  of  c-Evalue  i-Evalue  score  bias  from    to  from    to  from    to  acc description of target
#------------------- ---------- ----- -------------------- ---------- ----- --------- ------ ----- --- --- --------- --------- ------ ----- ----- ----- ----- ----- ----- ----- ---- ---------------------
DMGIDEJL_04865       -            341 874197at2            -            274  8.3e-120  397.8   0.1   1   1    7e-122  1.5e-119  396.9   0.1     1   273    20   321    20   322 0.92 unannotated protein
DMGIDEJL_02724       -            711 874197at2            -            274   9.9e-17   59.7   0.0   1   2   2.3e-09     5e-07   27.9   0.0    34    98   219   291   213   298 0.79 unannotated protein
DMGIDEJL_02724       -            711 874197at2            -            274   9.9e-17   59.7   0.0   2   2   7.5e-10   1.6e-07   29.5   0.0    28   147   486   614   473   627 0.79 unannotated protein
DMGIDEJL_02790       -            444 874197at2            -            274   2.5e-11   42.0   0.0   1   1   1.8e-13     4e-11   41.3   0.0    33   117    52   142    22   161 0.71 unannotated protein
DMGIDEJL_01973       -            427 874197at2            -            274   3.3e-07   28.5   0.1   1   2   4.1e-09   8.8e-07   27.0   0.1     4    99    71   191    68   201 0.70 unannotated protein
DMGIDEJL_01973       -            427 874197at2            -            274   3.3e-07   28.5   0.1   2   2       5.9   1.3e+03   -3.0   0.0    70    90   275   295   254   315 0.72 unannotated protein
DMGIDEJL_05900       -            765 874197at2            -            274     6e-07   27.6   0.6   1   2    0.0039      0.85    7.4   0.4    76    99   276   301   200   305 0.81 unannotated protein
DMGIDEJL_05900       -            765 874197at2            -            274     6e-07   27.6   0.6   2   2   1.8e-05    0.0038   15.1   0.0    23    63   486   526   464   541 0.78 unannotated protein
DMGIDEJL_04734       -            884 874197at2            -            274   2.2e-06   25.7   0.5   1   4      0.02       4.3    5.1   0.0    35    59   269   293   248   318 0.82 unannotated protein
DMGIDEJL_04734       -            884 874197at2            -            274   2.2e-06   25.7   0.5   2   4     0.027       5.8    4.7   0.0    81    99   336   354   319   365 0.77 unannotated protein
DMGIDEJL_04734       -            884 874197at2            -            274   2.2e-06   25.7   0.5   3   4       6.1   1.3e+03   -3.0   0.0   108   155   457   504   454   546 0.67 unannotated protein
DMGIDEJL_04734       -            884 874197at2            -            274   2.2e-06   25.7   0.5   4   4   0.00023      0.05   11.5   0.0    11    57   579   629   570   637 0.77 unannotated protein
DMGIDEJL_03913       -            827 874197at2            -            274   8.2e-06   23.9   0.0   1   2     2e-06   0.00043   18.2   0.0     6    67   341   404   337   420 0.82 unannotated protein
DMGIDEJL_03913       -            827 874197at2            -            274   8.2e-06   23.9   0.0   2   2     0.088        19    3.0   0.0   124   156   482   514   430   529 0.86 unannotated protein
DMGIDEJL_04247       -            683 874197at2            -            274   1.2e-05   23.3   0.0   1   1   1.3e-07   2.8e-05   22.1   0.0    32    71   229   268   199   305 0.72 unannotated protein
DMGIDEJL_02842       -            706 874197at2            -            274   2.1e-05   22.5   0.0   1   1   1.7e-07   3.7e-05   21.7   0.0    36    72   290   326   271   343 0.87 unannotated protein
DMGIDEJL_04273       -            638 874197at2            -            274   2.4e-05   22.3   0.0   1   2   3.2e-07     7e-05   20.8   0.0    30    71   183   224   148   261 0.61 unannotated protein
DMGIDEJL_04273       -            638 874197at2            -            274   2.4e-05   22.3   0.0   2   2        10   2.1e+03   -3.7   0.0   183   221   352   390   345   398 0.63 unannotated protein
DMGIDEJL_01904       -            402 874197at2            -            274   4.3e-05   21.5   0.0   1   2   1.1e-06   0.00023   19.1   0.0     4    70    10    73     7    93 0.81 unannotated protein
DMGIDEJL_01904       -            402 874197at2            -            274   4.3e-05   21.5   0.0   2   2       1.4   3.1e+02   -1.0   0.0    79   100   112   133    98   146 0.78 unannotated protein
DMGIDEJL_03497       -           1855 874197at2            -            274     5e-05   21.3   0.0   1   1   5.8e-07   0.00012   20.0   0.0    29    74  1283  1328  1268  1462 0.91 unannotated protein
DMGIDEJL_03974       -            425 874197at2            -            274   8.7e-05   20.5   0.1   1   2       4.2   9.1e+02   -2.5   0.0     5    27    66    89    63    96 0.74 unannotated protein
DMGIDEJL_03974       -            425 874197at2            -            274   8.7e-05   20.5   0.1   2   2   1.1e-06   0.00025   19.0   0.0    35    98   119   196   111   205 0.73 unannotated protein
DMGIDEJL_04726       -           1135 874197at2            -            274   0.00011   20.1   0.1   1   2    0.0032      0.69    7.7   0.0    32    61   269   298   248   307 0.79 unannotated protein
DMGIDEJL_04726       -           1135 874197at2            -            274   0.00011   20.1   0.1   2   2   0.00069      0.15    9.9   0.0    18    57   531   570   513   584 0.79 unannotated protein
DMGIDEJL_04096       -            839 874197at2            -            274   0.00021   19.3   0.5   1   2    0.0091         2    6.2   0.4    40    99   300   378   273   381 0.53 unannotated protein
DMGIDEJL_04096       -            839 874197at2            -            274   0.00021   19.3   0.5   2   2    0.0032      0.68    7.7   0.0    32    57   567   592   539   599 0.83 unannotated protein
DMGIDEJL_05846       -            639 874197at2            -            274   0.00034   18.6   0.1   1   2     3e-05    0.0065   14.4   0.0    30   137   191   296   184   315 0.57 unannotated protein
DMGIDEJL_05846       -            639 874197at2            -            274   0.00034   18.6   0.1   2   2      0.78   1.7e+02   -0.1   0.0   168   235   436   508   429   521 0.78 unannotated protein
DMGIDEJL_01457       -            940 874197at2            -            274   0.00043   18.2   0.1   1   3     0.015       3.1    5.6   0.0    36    59    48    71    43    98 0.85 unannotated protein
DMGIDEJL_01457       -            940 874197at2            -            274   0.00043   18.2   0.1   2   3     0.001      0.22    9.3   0.0    32    58   312   338   288   346 0.81 unannotated protein
DMGIDEJL_01457       -            940 874197at2            -            274   0.00043   18.2   0.1   3   3       7.7   1.7e+03   -3.4   0.0    65    97   366   398   361   414 0.77 unannotated protein
DMGIDEJL_04990       -            874 874197at2            -            274   0.00047   18.1   0.4   1   2    0.0046      0.99    7.2   0.5    36    99   199   283   183   293 0.54 unannotated protein
DMGIDEJL_04990       -            874 874197at2            -            274   0.00047   18.1   0.4   2   2     0.017       3.6    5.3   0.0    12    57   573   622   566   638 0.73 unannotated protein
DMGIDEJL_06337       -            342 874197at2            -            274   0.00086   17.2   0.0   1   1   7.5e-06    0.0016   16.4   0.0    34    65    55    86    34   104 0.83 unannotated protein
DMGIDEJL_01975       -            817 874197at2            -            274   0.00091   17.2   0.0   1   1   1.3e-05    0.0029   15.5   0.0    32    68   357   394   332   512 0.80 unannotated protein
DMGIDEJL_03289       -            326 874197at2            -            274   0.00092   17.1   0.0   1   1   6.8e-06    0.0015   16.5   0.0    36    66    50    80    26    96 0.85 unannotated protein
DMGIDEJL_04717       -            858 874197at2            -            274     0.001   17.0   0.0   1   3     0.058        13    3.6   0.0    37    56   203   222   187   238 0.82 unannotated protein
DMGIDEJL_04717       -            858 874197at2            -            274     0.001   17.0   0.0   2   3       1.6   3.4e+02   -1.1   0.0    77    99   261   286   241   288 0.73 unannotated protein
DMGIDEJL_04717       -            858 874197at2            -            274     0.001   17.0   0.0   3   3   0.00077      0.17    9.8   0.0    13    59   568   614   555   628 0.82 unannotated protein
DMGIDEJL_07190       -            282 874197at2            -            274    0.0015   16.5   0.0   1   1   1.1e-05    0.0024   15.8   0.0    36    67    34    65    10    84 0.75 unannotated protein
DMGIDEJL_04727       -           1127 874197at2            -            274    0.0016   16.4   0.1   1   2     0.021       4.5    5.1   0.0    37    53   256   272   238   285 0.80 unannotated protein
DMGIDEJL_04727       -           1127 874197at2            -            274    0.0016   16.4   0.1   2   2    0.0018      0.38    8.6   0.0    19    59   518   558   502   566 0.77 unannotated protein
DMGIDEJL_02932       -            298 874197at2            -            274    0.0018   16.2   0.0   1   1   1.8e-05     0.004   15.1   0.0    31    63    26    58    17    76 0.78 unannotated protein
DMGIDEJL_02955       -            465 874197at2            -            274    0.0019   16.1   0.0   1   2   0.00014      0.03   12.2   0.0     8    89    19   114    13   149 0.69 unannotated protein
DMGIDEJL_02955       -            465 874197at2            -            274    0.0019   16.1   0.0   2   2      0.25        55    1.5   0.0    40    99   221   281   215   284 0.68 unannotated protein
DMGIDEJL_01416       -            547 874197at2            -            274    0.0026   15.6   0.0   1   2   0.00015     0.032   12.1   0.0     6    53   192   232   188   251 0.76 unannotated protein
DMGIDEJL_01416       -            547 874197at2            -            274    0.0026   15.6   0.0   2   2      0.52   1.1e+02    0.5   0.0    83   114   296   330   287   342 0.79 unannotated protein
DMGIDEJL_02693       -            356 874197at2            -            274    0.0032   15.4   0.1   1   1   4.3e-05    0.0093   13.9   0.1    35    98    59   136    20   141 0.70 unannotated protein
DMGIDEJL_04728       -            764 874197at2            -            274    0.0042   15.0   0.0   1   2    0.0073       1.6    6.6   0.0    19    57   215   253   209   265 0.79 unannotated protein
DMGIDEJL_04728       -            764 874197at2            -            274    0.0042   15.0   0.0   2   2     0.015       3.2    5.5   0.0    29    58   497   526   466   540 0.73 unannotated protein
DMGIDEJL_02426       -            332 874197at2            -            274    0.0045   14.9   0.0   1   1   3.5e-05    0.0076   14.1   0.0    36    67    53    84    49   147 0.79 unannotated protein
DMGIDEJL_02120       -            253 874197at2            -            274     0.011   13.6   0.0   1   1   8.6e-05     0.019   12.9   0.0    20    94    84   168    54   171 0.70 unannotated protein
DMGIDEJL_05567       -            585 874197at2            -            274     0.033   12.0   0.1   1   2      0.71   1.5e+02    0.0   0.0    43    78   245   280   227   297 0.83 unannotated protein
DMGIDEJL_05567       -            585 874197at2            -            274     0.033   12.0   0.1   2   2   0.00092       0.2    9.5   0.0     8    63   297   354   289   391 0.81 unannotated protein
DMGIDEJL_02012       -            214 874197at2            -            274     0.039   11.8   0.0   1   1    0.0003     0.064   11.1   0.0    37    59     5    27     2    36 0.88 unannotated protein
DMGIDEJL_02929       -            446 874197at2            -            274      0.05   11.5   0.0   1   1   0.00038     0.083   10.7   0.0    36    61   175   200   161   208 0.87 unannotated protein
#
# Program:         hmmsearch
# Version:         3.1b2 (February 2015)
# Pipeline mode:   SEARCH
# Query file:      ../../stats/bacteria_odb10/hmms/874197at2.hmm
# Target file:     /home/centos/br/bin/Brownotate-1.2.0/runs/d9e29a31-2577-43ee-9a7d-4c26448b2c8f/annotation/prokka_annotation.faa
# Option settings: hmmsearch --domtblout /home/centos/br/bin/Brownotate-1.2.0/runs/d9e29a31-2577-43ee-9a7d-4c26448b2c8f/busco_annotation/run_bacteria_odb10/hmmer_output/874197at2.out --cpu 1 ../../stats/bacteria_odb10/hmms/874197at2.hmm /home/centos/br/bin/Brownotate-1.2.0/runs/d9e29a31-2577-43ee-9a7d-4c26448b2c8f/annotation/prokka_annotation.faa 
# Current dir:     /home/centos/br/bin/Brownotate-1.2.0/runs/d9e29a31-2577-43ee-9a7d-4c26448b2c8f
# Date:            Mon Aug 26 17:08:53 2024
# [ok]
