#                                                                            --- full sequence --- -------------- this domain -------------   hmm coord   ali coord   env coord
# target name        accession   tlen query name           accession   qlen   E-value  score  bias   #  of  c-Evalue  i-Evalue  score  bias  from    to  from    to  from    to  acc description of target
#------------------- ---------- ----- -------------------- ---------- ----- --------- ------ ----- --- --- --------- --------- ------ ----- ----- ----- ----- ----- ----- ----- ---- ---------------------
DMGIDEJL_02860       -            419 932854at2            -           1620    8e-182  605.6   3.1   1   1  1.6e-184  9.5e-182  605.3   3.1     2   416     1   415     1   418 0.97 unannotated protein
DMGIDEJL_02300       -           1302 932854at2            -           1620   3.2e-48  162.7   0.0   1   3   8.7e-08   5.3e-05   19.5   0.0   538   669   126   255   121   264 0.78 unannotated protein
DMGIDEJL_02300       -           1302 932854at2            -           1620   3.2e-48  162.7   0.0   2   3   3.3e-31     2e-28   97.1   0.0   732  1150   294   742   287   825 0.75 unannotated protein
DMGIDEJL_02300       -           1302 932854at2            -           1620   3.2e-48  162.7   0.0   3   3   1.1e-14   6.7e-12   42.4   0.0  1425  1597  1096  1274  1042  1280 0.80 unannotated protein
DMGIDEJL_05473       -            318 932854at2            -           1620   7.1e-11   38.9   0.0   1   1   1.5e-13   9.1e-11   38.6   0.0    96   191   103   197    88   215 0.88 unannotated protein
DMGIDEJL_04017       -            729 932854at2            -           1620   2.2e-10   37.3   0.0   1   2     3e-06    0.0018   14.4   0.0    85   191    87   192    83   201 0.85 unannotated protein
DMGIDEJL_04017       -            729 932854at2            -           1620   2.2e-10   37.3   0.0   2   2   3.5e-08   2.1e-05   20.8   0.0   102   192   454   544   434   552 0.83 unannotated protein
DMGIDEJL_03468       -            386 932854at2            -           1620   3.9e-05   19.9   0.4   1   1   9.1e-08   5.5e-05   19.4   0.4   107   197     9   115     7   126 0.80 unannotated protein
DMGIDEJL_01077       -            505 932854at2            -           1620   4.7e-05   19.6   0.1   1   1     1e-07   6.2e-05   19.3   0.1    80   186    95   206    90   219 0.85 unannotated protein
DMGIDEJL_00081       -            664 932854at2            -           1620   0.00032   16.9   0.1   1   1   7.2e-07   0.00044   16.4   0.1    81   183    96   203    91   227 0.82 unannotated protein
DMGIDEJL_03800       -           1167 932854at2            -           1620   0.00065   15.9   0.1   1   1   1.5e-06   0.00093   15.4   0.1    79   186   100   215    95   216 0.82 unannotated protein
DMGIDEJL_05467       -            450 932854at2            -           1620    0.0054   12.8   0.2   1   1   1.2e-05    0.0072   12.4   0.2    81   184    94   202    88   204 0.83 unannotated protein
DMGIDEJL_05639       -            461 932854at2            -           1620     0.022   10.8   0.0   1   1     5e-05      0.03   10.3   0.0    82   183    95   201    89   204 0.85 unannotated protein
DMGIDEJL_05613       -            326 932854at2            -           1620     0.058    9.4   0.0   1   1   0.00012     0.074    9.1   0.0    94   192    88   185    72   190 0.72 unannotated protein
DMGIDEJL_05826       -            372 932854at2            -           1620     0.079    9.0   0.0   1   1   0.00017       0.1    8.6   0.0   106   190   126   209   106   217 0.90 unannotated protein
#
# Program:         hmmsearch
# Version:         3.1b2 (February 2015)
# Pipeline mode:   SEARCH
# Query file:      ../../stats/bacteria_odb10/hmms/932854at2.hmm
# Target file:     /home/centos/br/bin/Brownotate-1.2.0/runs/d9e29a31-2577-43ee-9a7d-4c26448b2c8f/annotation/prokka_annotation.faa
# Option settings: hmmsearch --domtblout /home/centos/br/bin/Brownotate-1.2.0/runs/d9e29a31-2577-43ee-9a7d-4c26448b2c8f/busco_annotation/run_bacteria_odb10/hmmer_output/932854at2.out --cpu 1 ../../stats/bacteria_odb10/hmms/932854at2.hmm /home/centos/br/bin/Brownotate-1.2.0/runs/d9e29a31-2577-43ee-9a7d-4c26448b2c8f/annotation/prokka_annotation.faa 
# Current dir:     /home/centos/br/bin/Brownotate-1.2.0/runs/d9e29a31-2577-43ee-9a7d-4c26448b2c8f
# Date:            Mon Aug 26 17:08:53 2024
# [ok]
