#                                                                            --- full sequence --- -------------- this domain -------------   hmm coord   ali coord   env coord
# target name        accession   tlen query name           accession   qlen   E-value  score  bias   #  of  c-Evalue  i-Evalue  score  bias  from    to  from    to  from    to  acc description of target
#------------------- ---------- ----- -------------------- ---------- ----- --------- ------ ----- --- --- --------- --------- ------ ----- ----- ----- ----- ----- ----- ----- ---- ---------------------
DMGIDEJL_01971       -            425 932993at2            -            255   1.2e-13   49.5  23.8   1   4   1.2e-07   0.00028   18.8   0.7     8    76    14    91    10    98 0.76 unannotated protein
DMGIDEJL_01971       -            425 932993at2            -            255   1.2e-13   49.5  23.8   2   4     4e-07   0.00098   17.0   1.3    64   135    98   192    93   201 0.82 unannotated protein
DMGIDEJL_01971       -            425 932993at2            -            255   1.2e-13   49.5  23.8   3   4   5.4e-09   1.3e-05   23.2   1.9   120   186   202   283   196   313 0.85 unannotated protein
DMGIDEJL_01971       -            425 932993at2            -            255   1.2e-13   49.5  23.8   4   4    0.0025       6.1    4.6   0.5   201   238   344   383   339   394 0.83 unannotated protein
DMGIDEJL_00457       -            322 932993at2            -            255     0.021   12.7   7.5   1   3   6.8e-05      0.17    9.7   0.4   162   232    93   163    91   172 0.94 unannotated protein
DMGIDEJL_00457       -            322 932993at2            -            255     0.021   12.7   7.5   2   3      0.89   2.2e+03   -3.8   0.0   118   127   191   200   181   213 0.44 unannotated protein
DMGIDEJL_00457       -            322 932993at2            -            255     0.021   12.7   7.5   3   3   0.00049       1.2    6.9   0.4   148   193   266   311   263   321 0.88 unannotated protein
DMGIDEJL_01699       -            857 932993at2            -            255      0.23    9.2   1.1   1   1   0.00015      0.36    8.6   1.1   127   167   346   384   344   386 0.93 unannotated protein
#
# Program:         hmmsearch
# Version:         3.1b2 (February 2015)
# Pipeline mode:   SEARCH
# Query file:      ../../stats/bacteria_odb10/hmms/932993at2.hmm
# Target file:     /home/centos/br/bin/Brownotate-1.2.0/runs/d9e29a31-2577-43ee-9a7d-4c26448b2c8f/annotation/prokka_annotation.faa
# Option settings: hmmsearch --domtblout /home/centos/br/bin/Brownotate-1.2.0/runs/d9e29a31-2577-43ee-9a7d-4c26448b2c8f/busco_annotation/run_bacteria_odb10/hmmer_output/932993at2.out --cpu 1 ../../stats/bacteria_odb10/hmms/932993at2.hmm /home/centos/br/bin/Brownotate-1.2.0/runs/d9e29a31-2577-43ee-9a7d-4c26448b2c8f/annotation/prokka_annotation.faa 
# Current dir:     /home/centos/br/bin/Brownotate-1.2.0/runs/d9e29a31-2577-43ee-9a7d-4c26448b2c8f
# Date:            Mon Aug 26 17:08:53 2024
# [ok]
