#                                                                            --- full sequence --- -------------- this domain -------------   hmm coord   ali coord   env coord
# target name        accession   tlen query name           accession   qlen   E-value  score  bias   #  of  c-Evalue  i-Evalue  score  bias  from    to  from    to  from    to  acc description of target
#------------------- ---------- ----- -------------------- ---------- ----- --------- ------ ----- --- --- --------- --------- ------ ----- ----- ----- ----- ----- ----- ----- ---- ---------------------
DMGIDEJL_03683       -            314 984717at2            -            224   8.4e-62  207.3   3.6   1   2   1.9e-44   9.3e-42  141.7   0.9     1   164    11   223    11   231 0.76 unannotated protein
DMGIDEJL_03683       -            314 984717at2            -            224   8.4e-62  207.3   3.6   2   2   2.9e-19   1.4e-16   59.4   0.1   164   223   249   312   244   313 0.89 unannotated protein
DMGIDEJL_03684       -            459 984717at2            -            224   4.8e-33  113.2   0.1   1   2   5.8e-20   2.8e-17   61.6   0.0     2   104     5   124     4   133 0.71 unannotated protein
DMGIDEJL_03684       -            459 984717at2            -            224   4.8e-33  113.2   0.1   2   2   3.6e-16   1.7e-13   49.3   0.1     2    84   185   276   184   313 0.71 unannotated protein
DMGIDEJL_07320       -            437 984717at2            -            224   4.2e-09   34.9   0.0   1   1   1.3e-11   6.2e-09   34.4   0.0     2    83   216   303   215   335 0.78 unannotated protein
DMGIDEJL_05126       -            474 984717at2            -            224   1.1e-06   27.0   0.0   1   1   7.7e-09   3.7e-06   25.3   0.0     2   129   257   404   256   444 0.64 unannotated protein
DMGIDEJL_06749       -            565 984717at2            -            224   1.4e-06   26.7   0.2   1   2   4.9e-06    0.0024   16.1   0.1     2    25    52    75    51    90 0.87 unannotated protein
DMGIDEJL_06749       -            565 984717at2            -            224   1.4e-06   26.7   0.2   2   2    0.0013      0.62    8.2   0.0    49    90   122   164   118   186 0.85 unannotated protein
DMGIDEJL_02966       -            206 984717at2            -            224   1.9e-06   26.2   0.6   1   1   1.2e-08   5.7e-06   24.7   0.6     2    36    27    62    26   174 0.82 unannotated protein
DMGIDEJL_01329       -            558 984717at2            -            224     3e-06   25.6   0.0   1   2       2.2   1.1e+03   -2.4   0.0    50    86   171   210   164   248 0.63 unannotated protein
DMGIDEJL_01329       -            558 984717at2            -            224     3e-06   25.6   0.0   2   2     2e-08   9.8e-06   23.9   0.0     2   106   388   498   387   517 0.70 unannotated protein
DMGIDEJL_06469       -            361 984717at2            -            224   8.1e-05   20.9   0.1   1   1   5.1e-07   0.00025   19.3   0.1     2    75    25   103    24   203 0.81 unannotated protein
DMGIDEJL_06740       -            580 984717at2            -            224   0.00012   20.4   0.1   1   2   9.3e-07   0.00045   18.5   0.0     2    27    58    83    57   101 0.83 unannotated protein
DMGIDEJL_06740       -            580 984717at2            -            224   0.00012   20.4   0.1   2   2       1.1   5.5e+02   -1.4   0.0    49    84   149   185   146   193 0.74 unannotated protein
DMGIDEJL_02025       -           1072 984717at2            -            224   0.00021   19.6   0.4   1   1   8.6e-07   0.00042   18.6   0.4     1   123   574   703   574   723 0.75 unannotated protein
DMGIDEJL_00393       -            369 984717at2            -            224    0.0015   16.8   0.1   1   1   5.2e-06    0.0025   16.0   0.1     2    19     5    22     4    29 0.91 unannotated protein
DMGIDEJL_02227       -            361 984717at2            -            224    0.0083   14.3   0.0   1   1   2.6e-05     0.012   13.8   0.0     3    25   201   223   199   264 0.64 unannotated protein
DMGIDEJL_03237       -            220 984717at2            -            224     0.022   13.0   0.4   1   1   6.3e-05     0.031   12.5   0.4   166   214    63   108    29   114 0.80 unannotated protein
DMGIDEJL_01444       -            485 984717at2            -            224     0.024   12.9   0.0   1   1   9.1e-05     0.044   12.0   0.0     2    59   162   220   161   248 0.79 unannotated protein
DMGIDEJL_04495       -            532 984717at2            -            224      0.08   11.1   0.8   1   2      0.72   3.5e+02   -0.8   0.0     6    22    34    50    31    66 0.83 unannotated protein
DMGIDEJL_04495       -            532 984717at2            -            224      0.08   11.1   0.8   2   2   0.00063      0.31    9.2   0.2     2    22   345   365   344   366 0.92 unannotated protein
#
# Program:         hmmsearch
# Version:         3.1b2 (February 2015)
# Pipeline mode:   SEARCH
# Query file:      ../../stats/bacteria_odb10/hmms/984717at2.hmm
# Target file:     /home/centos/br/bin/Brownotate-1.2.0/runs/d9e29a31-2577-43ee-9a7d-4c26448b2c8f/annotation/prokka_annotation.faa
# Option settings: hmmsearch --domtblout /home/centos/br/bin/Brownotate-1.2.0/runs/d9e29a31-2577-43ee-9a7d-4c26448b2c8f/busco_annotation/run_bacteria_odb10/hmmer_output/984717at2.out --cpu 1 ../../stats/bacteria_odb10/hmms/984717at2.hmm /home/centos/br/bin/Brownotate-1.2.0/runs/d9e29a31-2577-43ee-9a7d-4c26448b2c8f/annotation/prokka_annotation.faa 
# Current dir:     /home/centos/br/bin/Brownotate-1.2.0/runs/d9e29a31-2577-43ee-9a7d-4c26448b2c8f
# Date:            Mon Aug 26 17:08:53 2024
# [ok]
