#                                                                               --- full sequence --- -------------- this domain -------------   hmm coord   ali coord   env coord
# target name           accession   tlen query name           accession   qlen   E-value  score  bias   #  of  c-Evalue  i-Evalue  score  bias  from    to  from    to  from    to  acc description of target
#   ------------------- ---------- ----- -------------------- ---------- ----- --------- ------ ----- --- --- --------- --------- ------ ----- ----- ----- ----- ----- ----- ----- ---- ---------------------
augustus_predicted_4239 -            923 1014314at2759        -            222   3.6e-33  112.8   7.2   1   8      0.14       7.7    3.8   0.0   124   159    96   130    76   141 0.79 -
augustus_predicted_4239 -            923 1014314at2759        -            222   3.6e-33  112.8   7.2   2   8    0.0011     0.062   10.7   0.2    28    75   141   188   136   197 0.87 -
augustus_predicted_4239 -            923 1014314at2759        -            222   3.6e-33  112.8   7.2   3   8     2e-07   1.2e-05   22.9   0.0   125   187   261   323   249   333 0.93 -
augustus_predicted_4239 -            923 1014314at2759        -            222   3.6e-33  112.8   7.2   4   8     1e-10   5.9e-09   33.6   0.1   124   186   344   407   336   416 0.90 -
augustus_predicted_4239 -            923 1014314at2759        -            222   3.6e-33  112.8   7.2   5   8   2.9e-07   1.6e-05   22.4   0.1   128   190   434   499   421   514 0.88 -
augustus_predicted_4239 -            923 1014314at2759        -            222   3.6e-33  112.8   7.2   6   8    0.0065      0.37    8.1   0.0     2   102   518   613   517   624 0.75 -
augustus_predicted_4239 -            923 1014314at2759        -            222   3.6e-33  112.8   7.2   7   8      0.16       9.2    3.6   0.0   128   160   581   614   569   643 0.59 -
augustus_predicted_4239 -            923 1014314at2759        -            222   3.6e-33  112.8   7.2   8   8       0.4        22    2.3   0.0   122   148   676   702   670   718 0.78 -
augustus_predicted_2612 -            943 1014314at2759        -            222   1.2e-32  111.1  14.2   1   7     0.022       1.3    6.4   0.0   177   202    38    63    34    67 0.90 -
augustus_predicted_2612 -            943 1014314at2759        -            222   1.2e-32  111.1  14.2   2   7   1.3e-06   7.3e-05   20.3   0.1   126   190    81   145    76   147 0.94 -
augustus_predicted_2612 -            943 1014314at2759        -            222   1.2e-32  111.1  14.2   3   7   7.9e-05    0.0044   14.4   0.0   121   158   117   155   113   169 0.78 -
augustus_predicted_2612 -            943 1014314at2759        -            222   1.2e-32  111.1  14.2   4   7    0.0022      0.12    9.7   0.0    45    94   402   458   385   466 0.65 -
augustus_predicted_2612 -            943 1014314at2759        -            222   1.2e-32  111.1  14.2   5   7   0.00039     0.022   12.2   0.1   125   154   474   503   463   508 0.75 -
augustus_predicted_2612 -            943 1014314at2759        -            222   1.2e-32  111.1  14.2   6   7   1.7e-07   9.3e-06   23.2   0.0   125   194   532   603   519   611 0.85 -
augustus_predicted_2612 -            943 1014314at2759        -            222   1.2e-32  111.1  14.2   7   7   1.9e-09   1.1e-07   29.5   0.2   120   193   610   684   601   692 0.90 -
augustus_predicted_4810 -            422 1014314at2759        -            222   4.3e-32  109.3   2.5   1   3   0.00054      0.03   11.7   0.0     2    31    66    95    65    96 0.92 -
augustus_predicted_4810 -            422 1014314at2759        -            222   4.3e-32  109.3   2.5   2   3   8.8e-07     5e-05   20.8   0.1    17    95    95   189    93   195 0.78 -
augustus_predicted_4810 -            422 1014314at2759        -            222   4.3e-32  109.3   2.5   3   3   5.4e-22   3.1e-20   70.5   0.1   117   207   245   338   193   349 0.81 -
augustus_predicted_2690 -            817 1014314at2759        -            222   1.2e-28   98.0   5.9   1   7    0.0022      0.12    9.7   0.0   132   204    25   101    13   108 0.78 -
augustus_predicted_2690 -            817 1014314at2759        -            222   1.2e-28   98.0   5.9   2   7     0.002      0.11    9.8   0.0   130   174   108   152   103   160 0.93 -
augustus_predicted_2690 -            817 1014314at2759        -            222   1.2e-28   98.0   5.9   3   7   0.00044     0.025   12.0   0.0   138   173   162   197   155   200 0.91 -
augustus_predicted_2690 -            817 1014314at2759        -            222   1.2e-28   98.0   5.9   4   7     0.064       3.6    4.9   0.0   138   179   210   253   203   289 0.78 -
augustus_predicted_2690 -            817 1014314at2759        -            222   1.2e-28   98.0   5.9   5   7      0.27        15    2.8   0.0     4    31   393   420   385   427 0.82 -
augustus_predicted_2690 -            817 1014314at2759        -            222   1.2e-28   98.0   5.9   6   7   5.6e-09   3.2e-07   28.0   0.1   113   191   480   560   470   568 0.81 -
augustus_predicted_2690 -            817 1014314at2759        -            222   1.2e-28   98.0   5.9   7   7   3.4e-08   1.9e-06   25.4   0.3   118   187   568   638   557   645 0.90 -
augustus_predicted_4249 -            515 1014314at2759        -            222   4.7e-28   96.1  19.4   1   6     0.014      0.81    7.0   0.1    31   155   141   175   132   186 0.53 -
augustus_predicted_4249 -            515 1014314at2759        -            222   4.7e-28   96.1  19.4   2   6   9.4e-11   5.3e-09   33.8   0.7     2    63   189   266   188   269 0.77 -
augustus_predicted_4249 -            515 1014314at2759        -            222   4.7e-28   96.1  19.4   3   6   7.8e-05    0.0044   14.4   0.1   138   175   250   287   244   294 0.89 -
augustus_predicted_4249 -            515 1014314at2759        -            222   4.7e-28   96.1  19.4   4   6   0.00011     0.006   14.0   0.3   120   178   273   332   268   341 0.75 -
augustus_predicted_4249 -            515 1014314at2759        -            222   4.7e-28   96.1  19.4   5   6   1.1e-10   6.5e-09   33.5   0.4   127   194   405   474   391   481 0.60 -
augustus_predicted_4249 -            515 1014314at2759        -            222   4.7e-28   96.1  19.4   6   6    0.0001    0.0059   14.0   0.1     2    27   489   514   488   515 0.94 -
augustus_predicted_4531 -            798 1014314at2759        -            222   7.3e-28   95.5   3.3   1   4     0.057       3.2    5.1   0.1   122   153   464   495   456   502 0.68 -
augustus_predicted_4531 -            798 1014314at2759        -            222   7.3e-28   95.5   3.3   2   4     4e-10   2.3e-08   31.7   0.0   119   187   519   588   516   602 0.91 -
augustus_predicted_4531 -            798 1014314at2759        -            222   7.3e-28   95.5   3.3   3   4     1e-12   5.8e-11   40.2   0.0   122   202   606   689   598   692 0.90 -
augustus_predicted_4531 -            798 1014314at2759        -            222   7.3e-28   95.5   3.3   4   4   2.2e-05    0.0013   16.2   0.0   122   157   692   727   685   733 0.80 -
augustus_predicted_4260 -            713 1014314at2759        -            222   1.3e-24   84.8   1.1   1   6    0.0069      0.39    8.1   0.0   169   197   347   376   335   390 0.57 -
augustus_predicted_4260 -            713 1014314at2759        -            222   1.3e-24   84.8   1.1   2   6   5.3e-12     3e-10   37.9   0.0     2    66   446   518   445   527 0.88 -
augustus_predicted_4260 -            713 1014314at2759        -            222   1.3e-24   84.8   1.1   3   6    0.0006     0.034   11.5   0.0   127   156   529   559   520   571 0.65 -
augustus_predicted_4260 -            713 1014314at2759        -            222   1.3e-24   84.8   1.1   4   6   0.00022     0.012   13.0   0.1     2    35   579   612   577   616 0.90 -
augustus_predicted_4260 -            713 1014314at2759        -            222   1.3e-24   84.8   1.1   5   6     0.054         3    5.2   0.0   127   169   633   675   623   686 0.70 -
augustus_predicted_4260 -            713 1014314at2759        -            222   1.3e-24   84.8   1.1   6   6      0.66        38    1.6   0.0   133   155   687   709   666   712 0.79 -
augustus_predicted_5015 -            303 1014314at2759        -            222   4.2e-24   83.2   9.6   1   4   1.4e-07   7.8e-06   23.4   0.0   139   196     5    63     1    66 0.88 -
augustus_predicted_5015 -            303 1014314at2759        -            222   4.2e-24   83.2   9.6   2   4   3.2e-06   0.00018   19.0   0.2    30    64    72   106    67   117 0.92 -
augustus_predicted_5015 -            303 1014314at2759        -            222   4.2e-24   83.2   9.6   3   4     1e-06   5.7e-05   20.6   0.0   129   186   121   179   108   198 0.86 -
augustus_predicted_5015 -            303 1014314at2759        -            222   4.2e-24   83.2   9.6   4   4   3.3e-07   1.9e-05   22.2   1.0     5    64   213   281   209   296 0.84 -
augustus_predicted_3243 -            451 1014314at2759        -            222   1.8e-22   77.8   5.5   1   6   1.2e-07     7e-06   23.6   0.4   121   188   135   204   131   210 0.88 -
augustus_predicted_3243 -            451 1014314at2759        -            222   1.8e-22   77.8   5.5   2   6   0.00049     0.028   11.8   0.1    30    65   179   214   174   220 0.91 -
augustus_predicted_3243 -            451 1014314at2759        -            222   1.8e-22   77.8   5.5   3   6   2.1e-06   0.00012   19.6   0.0   126   173   226   273   217   275 0.90 -
augustus_predicted_3243 -            451 1014314at2759        -            222   1.8e-22   77.8   5.5   4   6   9.9e-07   5.6e-05   20.6   0.0    31    73   264   306   256   324 0.86 -
augustus_predicted_3243 -            451 1014314at2759        -            222   1.8e-22   77.8   5.5   5   6       1.2        70    0.7   0.0   127   184   311   368   300   390 0.49 -
augustus_predicted_3243 -            451 1014314at2759        -            222   1.8e-22   77.8   5.5   6   6   5.7e-05    0.0032   14.9   0.0     2    43   402   444   392   449 0.56 -
augustus_predicted_4363 -            840 1014314at2759        -            222   3.1e-21   73.8   1.7   1   6   5.7e-05    0.0032   14.9   0.0     2    29    20    47    17    59 0.77 -
augustus_predicted_4363 -            840 1014314at2759        -            222   3.1e-21   73.8   1.7   2   6   9.6e-07   5.4e-05   20.7   0.1   123   156    77   111    70   140 0.80 -
augustus_predicted_4363 -            840 1014314at2759        -            222   3.1e-21   73.8   1.7   3   6     0.012      0.69    7.3   0.1    28    63   132   167   117   175 0.80 -
augustus_predicted_4363 -            840 1014314at2759        -            222   3.1e-21   73.8   1.7   4   6   8.6e-05    0.0049   14.3   0.1     2    72   140   218   139   221 0.83 -
augustus_predicted_4363 -            840 1014314at2759        -            222   3.1e-21   73.8   1.7   5   6     0.013      0.75    7.1   0.0    73   108   239   275   234   286 0.86 -
augustus_predicted_4363 -            840 1014314at2759        -            222   3.1e-21   73.8   1.7   6   6    0.0027      0.15    9.4   0.0    14    66   328   389   316   446 0.59 -
augustus_predicted_87   -           1201 1014314at2759        -            222   7.7e-21   72.5   9.7   1   6    0.0056      0.31    8.4   0.0    33    64    11    42     3    45 0.88 -
augustus_predicted_87   -           1201 1014314at2759        -            222   7.7e-21   72.5   9.7   2   6   1.9e-05    0.0011   16.5   0.0   129   191    58   122    46   133 0.84 -
augustus_predicted_87   -           1201 1014314at2759        -            222   7.7e-21   72.5   9.7   3   6   7.7e-06   0.00043   17.7   0.4    15    64   111   168   110   175 0.78 -
augustus_predicted_87   -           1201 1014314at2759        -            222   7.7e-21   72.5   9.7   4   6    0.0024      0.14    9.6   0.0    26    67   202   243   190   249 0.87 -
augustus_predicted_87   -           1201 1014314at2759        -            222   7.7e-21   72.5   9.7   5   6   7.9e-06   0.00045   17.7   0.1    29    63   249   283   243   292 0.88 -
augustus_predicted_87   -           1201 1014314at2759        -            222   7.7e-21   72.5   9.7   6   6     0.039       2.2    5.6   0.1   161   192   486   518   449   554 0.64 -
augustus_predicted_2127 -            788 1014314at2759        -            222     3e-20   70.6   8.8   1   6   4.7e-06   0.00026   18.4   1.1   118   187    52   123     9   132 0.71 -
augustus_predicted_2127 -            788 1014314at2759        -            222     3e-20   70.6   8.8   2   6    0.0098      0.55    7.6   0.0    21    64   190   237   181   242 0.80 -
augustus_predicted_2127 -            788 1014314at2759        -            222     3e-20   70.6   8.8   3   6   0.00044     0.025   12.0   0.1    30    67   278   315   268   321 0.91 -
augustus_predicted_2127 -            788 1014314at2759        -            222     3e-20   70.6   8.8   4   6    0.0045      0.25    8.7   0.0    31    60   383   412   380   431 0.85 -
augustus_predicted_2127 -            788 1014314at2759        -            222     3e-20   70.6   8.8   5   6   0.00035      0.02   12.3   0.0   122   187   555   627   547   649 0.83 -
augustus_predicted_2127 -            788 1014314at2759        -            222     3e-20   70.6   8.8   6   6    0.0053       0.3    8.4   0.0    11   103   667   762   657   774 0.79 -
augustus_predicted_4755 -            465 1014314at2759        -            222   1.3e-19   68.5   6.7   1   4   5.6e-09   3.2e-07   28.0   0.1   124   187    93   156    83   165 0.89 -
augustus_predicted_4755 -            465 1014314at2759        -            222   1.3e-19   68.5   6.7   2   4   9.4e-05    0.0053   14.2   0.6   141   198   152   211   150   221 0.50 -
augustus_predicted_4755 -            465 1014314at2759        -            222   1.3e-19   68.5   6.7   3   4   2.7e-06   0.00015   19.2   0.8     2    66   180   252   179   263 0.59 -
augustus_predicted_4755 -            465 1014314at2759        -            222   1.3e-19   68.5   6.7   4   4   1.7e-07   9.4e-06   23.2   0.1     2   152   222   378   221   383 0.84 -
augustus_predicted_3977 -            347 1014314at2759        -            222   3.8e-19   67.0   0.7   1   4     0.018         1    6.7   0.0     3    31    14    42    12    46 0.89 -
augustus_predicted_3977 -            347 1014314at2759        -            222   3.8e-19   67.0   0.7   2   4   2.5e-09   1.4e-07   29.1   0.1   120   186    47   113    44   140 0.84 -
augustus_predicted_3977 -            347 1014314at2759        -            222   3.8e-19   67.0   0.7   3   4   4.7e-05    0.0027   15.2   0.1   115   189   144   219   129   270 0.84 -
augustus_predicted_3977 -            347 1014314at2759        -            222   3.8e-19   67.0   0.7   4   4    0.0046      0.26    8.6   0.0   121   154   289   323   280   329 0.80 -
augustus_predicted_1845 -            889 1014314at2759        -            222     5e-19   66.6   1.9   1   6   2.1e-06   0.00012   19.6   0.0   129   202    18    93    11   100 0.90 -
augustus_predicted_1845 -            889 1014314at2759        -            222     5e-19   66.6   1.9   2   6   0.00065     0.037   11.4   0.0   121   161    93   135    89   137 0.69 -
augustus_predicted_1845 -            889 1014314at2759        -            222     5e-19   66.6   1.9   3   6     8e-05    0.0045   14.4   0.0    30    64   137   172   129   181 0.86 -
augustus_predicted_1845 -            889 1014314at2759        -            222     5e-19   66.6   1.9   4   6     0.026       1.5    6.2   0.0    27    65   178   218   172   224 0.59 -
augustus_predicted_1845 -            889 1014314at2759        -            222     5e-19   66.6   1.9   5   6    0.0027      0.15    9.4   0.0    29    69   224   264   217   268 0.73 -
augustus_predicted_1845 -            889 1014314at2759        -            222     5e-19   66.6   1.9   6   6       3.4   1.9e+02   -0.7   0.0    53    87   449   489   441   492 0.66 -
augustus_predicted_4515 -            574 1014314at2759        -            222     1e-17   62.3   2.0   1   3   4.8e-06   0.00027   18.4   0.0   127   193    16    84    10    91 0.80 -
augustus_predicted_4515 -            574 1014314at2759        -            222     1e-17   62.3   2.0   2   3   8.4e-09   4.8e-07   27.4   0.2   121   203    92   178    88   183 0.90 -
augustus_predicted_4515 -            574 1014314at2759        -            222     1e-17   62.3   2.0   3   3   0.00017    0.0097   13.3   0.0   122   164   187   229   181   246 0.85 -
augustus_predicted_3655 -            640 1014314at2759        -            222   1.1e-17   62.2   5.8   1   5   8.6e-05    0.0049   14.3   0.0   128   200   306   376   293   379 0.79 -
augustus_predicted_3655 -            640 1014314at2759        -            222   1.1e-17   62.2   5.8   2   5   0.00011    0.0064   13.9   0.3    12    64   353   411   350   414 0.72 -
augustus_predicted_3655 -            640 1014314at2759        -            222   1.1e-17   62.2   5.8   3   5   9.1e-10   5.1e-08   30.6   0.6    12    66   393   454   384   461 0.88 -
augustus_predicted_3655 -            640 1014314at2759        -            222   1.1e-17   62.2   5.8   4   5      0.07         4    4.8   0.0   139   161   525   547   518   561 0.73 -
augustus_predicted_3655 -            640 1014314at2759        -            222   1.1e-17   62.2   5.8   5   5    0.0024      0.13    9.6   0.0   138   163   564   589   556   610 0.85 -
augustus_predicted_435  -            330 1014314at2759        -            222   3.2e-17   60.7  16.4   1   5       4.4   2.5e+02   -1.1   0.0   134   151    22    39    17    47 0.66 -
augustus_predicted_435  -            330 1014314at2759        -            222   3.2e-17   60.7  16.4   2   5   1.5e-05   0.00083   16.8   0.0     2    33    61    92    60    97 0.89 -
augustus_predicted_435  -            330 1014314at2759        -            222   3.2e-17   60.7  16.4   3   5   2.2e-10   1.3e-08   32.6   2.9     2    61   110   181   109   199 0.83 -
augustus_predicted_435  -            330 1014314at2759        -            222   3.2e-17   60.7  16.4   4   5    0.0017     0.098   10.0   0.3   121   188   193   272   189   284 0.77 -
augustus_predicted_435  -            330 1014314at2759        -            222   3.2e-17   60.7  16.4   5   5     0.039       2.2    5.6   0.0   137   155   310   328   300   330 0.86 -
augustus_predicted_2492 -            489 1014314at2759        -            222   3.2e-17   60.7   6.7   1   7     0.019       1.1    6.6   0.0   137   155    81    99    65   116 0.82 -
augustus_predicted_2492 -            489 1014314at2759        -            222   3.2e-17   60.7   6.7   2   7      0.13       7.5    3.9   0.2    46    71   134   159   117   166 0.76 -
augustus_predicted_2492 -            489 1014314at2759        -            222   3.2e-17   60.7   6.7   3   7      0.19        11    3.4   0.0   120   156   175   209   165   217 0.82 -
augustus_predicted_2492 -            489 1014314at2759        -            222   3.2e-17   60.7   6.7   4   7    0.0048      0.27    8.6   0.0    34    67   220   254   216   263 0.86 -
augustus_predicted_2492 -            489 1014314at2759        -            222   3.2e-17   60.7   6.7   5   7     0.066       3.7    4.9   0.0    36    67   264   296   257   302 0.81 -
augustus_predicted_2492 -            489 1014314at2759        -            222   3.2e-17   60.7   6.7   6   7   3.9e-06   0.00022   18.7   0.0     2    36   308   342   307   346 0.93 -
augustus_predicted_2492 -            489 1014314at2759        -            222   3.2e-17   60.7   6.7   7   7   0.00079     0.045   11.1   0.0   125   156   349   380   341   393 0.83 -
augustus_predicted_4528 -            422 1014314at2759        -            222   5.7e-17   59.9   5.7   1   6       3.6     2e+02   -0.8   0.0    44   154   140   160   130   174 0.57 -
augustus_predicted_4528 -            422 1014314at2759        -            222   5.7e-17   59.9   5.7   2   6   0.00015    0.0083   13.5   0.1    29    70   196   238   179   242 0.79 -
augustus_predicted_4528 -            422 1014314at2759        -            222   5.7e-17   59.9   5.7   3   6   0.00053      0.03   11.7   0.0    33    68   251   287   246   291 0.86 -
augustus_predicted_4528 -            422 1014314at2759        -            222   5.7e-17   59.9   5.7   4   6    0.0011     0.065   10.6   0.0    29    71   292   335   287   338 0.89 -
augustus_predicted_4528 -            422 1014314at2759        -            222   5.7e-17   59.9   5.7   5   6   0.00013    0.0075   13.7   0.0    31    63   338   372   334   379 0.85 -
augustus_predicted_4528 -            422 1014314at2759        -            222   5.7e-17   59.9   5.7   6   6    0.0068      0.39    8.1   0.3    29    61   380   413   374   417 0.87 -
augustus_predicted_3519 -            465 1014314at2759        -            222   2.3e-16   57.9   6.9   1   5     0.019       1.1    6.6   0.1    29    59   214   245   177   258 0.66 -
augustus_predicted_3519 -            465 1014314at2759        -            222   2.3e-16   57.9   6.9   2   5     0.012      0.68    7.3   0.0    31    66   263   298   248   303 0.81 -
augustus_predicted_3519 -            465 1014314at2759        -            222   2.3e-16   57.9   6.9   3   5     5e-05    0.0028   15.1   0.2   125   175   308   358   299   358 0.91 -
augustus_predicted_3519 -            465 1014314at2759        -            222   2.3e-16   57.9   6.9   4   5   9.2e-07   5.2e-05   20.7   0.0   119   175   343   402   340   417 0.64 -
augustus_predicted_3519 -            465 1014314at2759        -            222   2.3e-16   57.9   6.9   5   5   0.00033     0.019   12.4   0.1   120   187   388   458   384   465 0.79 -
augustus_predicted_4675 -            779 1014314at2759        -            222   5.9e-16   56.5   5.1   1   5     0.032       1.8    5.9   0.0   119   178   375   434   370   437 0.79 -
augustus_predicted_4675 -            779 1014314at2759        -            222   5.9e-16   56.5   5.1   2   5   3.6e-06    0.0002   18.8   0.2   135   187   432   486   415   493 0.78 -
augustus_predicted_4675 -            779 1014314at2759        -            222   5.9e-16   56.5   5.1   3   5      0.99        56    1.0   0.0    13    30   479   496   475   500 0.64 -
augustus_predicted_4675 -            779 1014314at2759        -            222   5.9e-16   56.5   5.1   4   5   5.9e-06   0.00034   18.1   0.2     8    64   537   601   529   615 0.81 -
augustus_predicted_4675 -            779 1014314at2759        -            222   5.9e-16   56.5   5.1   5   5   0.00025     0.014   12.8   0.0   118   202   625   708   619   718 0.81 -
augustus_predicted_754  -            714 1014314at2759        -            222   7.1e-16   56.3   3.8   1   5      0.38        21    2.4   0.0    36    64   401   430   387   435 0.49 -
augustus_predicted_754  -            714 1014314at2759        -            222   7.1e-16   56.3   3.8   2   5   0.00034     0.019   12.3   0.0   120   154   436   471   430   492 0.83 -
augustus_predicted_754  -            714 1014314at2759        -            222   7.1e-16   56.3   3.8   3   5   0.00024     0.013   12.9   0.1   118   177   495   553   483   560 0.84 -
augustus_predicted_754  -            714 1014314at2759        -            222   7.1e-16   56.3   3.8   4   5   2.9e-05    0.0016   15.9   0.0   136   174   576   614   567   618 0.91 -
augustus_predicted_754  -            714 1014314at2759        -            222   7.1e-16   56.3   3.8   5   5   0.00031     0.017   12.5   0.0   122   193   603   673   602   683 0.66 -
augustus_predicted_2372 -            347 1014314at2759        -            222   1.8e-15   54.9   0.1   1   3   0.00016    0.0091   13.4   0.0    29    64    14    50     7    55 0.85 -
augustus_predicted_2372 -            347 1014314at2759        -            222   1.8e-15   54.9   0.1   2   3   4.6e-08   2.6e-06   25.0   0.1     2    97    65   177    64   188 0.72 -
augustus_predicted_2372 -            347 1014314at2759        -            222   1.8e-15   54.9   0.1   3   3   0.00039     0.022   12.1   0.0   127   184   254   311   251   315 0.95 -
augustus_predicted_3950 -            319 1014314at2759        -            222   2.6e-15   54.4   9.3   1   5     5e-05    0.0028   15.1   1.7    31   167    15   150     3   162 0.64 -
augustus_predicted_3950 -            319 1014314at2759        -            222   2.6e-15   54.4   9.3   2   5   2.6e-05    0.0015   16.0   0.8     2    68   110   189   109   193 0.75 -
augustus_predicted_3950 -            319 1014314at2759        -            222   2.6e-15   54.4   9.3   3   5   1.1e-06   6.4e-05   20.5   0.1   133   192   163   222   159   235 0.89 -
augustus_predicted_3950 -            319 1014314at2759        -            222   2.6e-15   54.4   9.3   4   5   1.2e-05   0.00068   17.1   0.0   124   186   195   257   189   267 0.85 -
augustus_predicted_3950 -            319 1014314at2759        -            222   2.6e-15   54.4   9.3   5   5   0.00065     0.037   11.4   0.1     3    29   290   316   288   319 0.88 -
augustus_predicted_1676 -            643 1014314at2759        -            222   1.2e-14   52.3   2.7   1   5      0.18        10    3.4   0.0    23    63   309   350   299   355 0.62 -
augustus_predicted_1676 -            643 1014314at2759        -            222   1.2e-14   52.3   2.7   2   5   4.7e-05    0.0027   15.1   0.0   113   154   353   393   349   398 0.73 -
augustus_predicted_1676 -            643 1014314at2759        -            222   1.2e-14   52.3   2.7   3   5     0.029       1.6    6.0   0.0   158   210   416   468   408   471 0.73 -
augustus_predicted_1676 -            643 1014314at2759        -            222   1.2e-14   52.3   2.7   4   5    0.0021      0.12    9.7   0.0   136   174   499   537   493   539 0.87 -
augustus_predicted_1676 -            643 1014314at2759        -            222   1.2e-14   52.3   2.7   5   5   2.4e-05    0.0014   16.1   0.0   122   187   526   587   522   603 0.73 -
augustus_predicted_513  -            455 1014314at2759        -            222   4.9e-14   50.2   0.1   1   4   2.8e-09   1.6e-07   29.0   0.0   127   209   165   251   154   256 0.80 -
augustus_predicted_513  -            455 1014314at2759        -            222   4.9e-14   50.2   0.1   2   4    0.0031      0.17    9.2   0.0     2    28   296   322   295   365 0.77 -
augustus_predicted_513  -            455 1014314at2759        -            222   4.9e-14   50.2   0.1   3   4      0.28        16    2.8   0.0   130   184   342   401   322   409 0.52 -
augustus_predicted_513  -            455 1014314at2759        -            222   4.9e-14   50.2   0.1   4   4     0.048       2.7    5.3   0.0     4    48   388   441   386   455 0.45 -
augustus_predicted_2677 -            297 1014314at2759        -            222   5.7e-14   50.0   9.6   1   5   9.5e-05    0.0054   14.2   0.0     8    40    18    50    12    54 0.88 -
augustus_predicted_2677 -            297 1014314at2759        -            222   5.7e-14   50.0   9.6   2   5   8.8e-06   0.00049   17.5   0.2     9    66    65   134    55   145 0.80 -
augustus_predicted_2677 -            297 1014314at2759        -            222   5.7e-14   50.0   9.6   3   5   0.00014    0.0077   13.6   0.2   134   186   168   227   165   228 0.80 -
augustus_predicted_2677 -            297 1014314at2759        -            222   5.7e-14   50.0   9.6   4   5     0.013      0.72    7.2   0.2    28    63   199   237   188   247 0.74 -
augustus_predicted_2677 -            297 1014314at2759        -            222   5.7e-14   50.0   9.6   5   5      0.11       6.1    4.2   0.1     6    28   261   283   257   290 0.84 -
augustus_predicted_2855 -            651 1014314at2759        -            222   6.9e-14   49.8   0.1   1   4    0.0013     0.072   10.5   0.0    30    63    78   112    35   118 0.84 -
augustus_predicted_2855 -            651 1014314at2759        -            222   6.9e-14   49.8   0.1   2   4   6.8e-06   0.00038   17.9   0.0    29    67   136   175   130   181 0.87 -
augustus_predicted_2855 -            651 1014314at2759        -            222   6.9e-14   49.8   0.1   3   4   1.9e-05    0.0011   16.4   0.0     2    64   185   260   184   278 0.68 -
augustus_predicted_2855 -            651 1014314at2759        -            222   6.9e-14   49.8   0.1   4   4       9.8   5.5e+02   -2.2   0.0    77   129   297   349   286   356 0.82 -
augustus_predicted_318  -           1148 1014314at2759        -            222   7.6e-14   49.6   8.8   1   4      0.26        15    2.9   0.3    35    71    69   107    28   111 0.85 -
augustus_predicted_318  -           1148 1014314at2759        -            222   7.6e-14   49.6   8.8   2   4   4.1e-07   2.3e-05   21.9   0.1    27    65   108   147    99   158 0.87 -
augustus_predicted_318  -           1148 1014314at2759        -            222   7.6e-14   49.6   8.8   3   4   0.00044     0.025   12.0   0.1    33    66   158   191   149   198 0.87 -
augustus_predicted_318  -           1148 1014314at2759        -            222   7.6e-14   49.6   8.8   4   4   1.5e-05   0.00085   16.8   0.1    30    69   198   238   194   245 0.83 -
augustus_predicted_1954 -            566 1014314at2759        -            222   1.6e-13   48.6   4.9   1   3   1.1e-05   0.00061   17.2   0.2    97   192   277   368   272   371 0.79 -
augustus_predicted_1954 -            566 1014314at2759        -            222   1.6e-13   48.6   4.9   2   3   1.1e-07     6e-06   23.8   1.1     2    82   388   487   387   505 0.75 -
augustus_predicted_1954 -            566 1014314at2759        -            222   1.6e-13   48.6   4.9   3   3     0.017      0.93    6.8   0.0     2    36   518   552   517   564 0.83 -
augustus_predicted_1297 -            423 1014314at2759        -            222   8.2e-13   46.3   8.6   1   4    0.0001    0.0056   14.1   0.7    29   156    88   212    73   230 0.73 -
augustus_predicted_1297 -            423 1014314at2759        -            222   8.2e-13   46.3   8.6   2   4   8.4e-07   4.7e-05   20.9   0.1   134   190   238   294   233   309 0.90 -
augustus_predicted_1297 -            423 1014314at2759        -            222   8.2e-13   46.3   8.6   3   4      0.18        10    3.4   0.0   167   197   350   382   340   390 0.66 -
augustus_predicted_1297 -            423 1014314at2759        -            222   8.2e-13   46.3   8.6   4   4     0.061       3.5    5.0   0.1     2    28   394   420   393   422 0.74 -
augustus_predicted_2837 -            939 1014314at2759        -            222   8.9e-13   46.1   0.7   1   4     0.039       2.2    5.6   0.0   127   180   209   262   200   289 0.83 -
augustus_predicted_2837 -            939 1014314at2759        -            222   8.9e-13   46.1   0.7   2   4       1.5        85    0.4   0.0     2    31   463   492   462   496 0.68 -
augustus_predicted_2837 -            939 1014314at2759        -            222   8.9e-13   46.1   0.7   3   4   1.2e-05   0.00069   17.1   0.0   125   194   503   571   493   582 0.89 -
augustus_predicted_2837 -            939 1014314at2759        -            222   8.9e-13   46.1   0.7   4   4     3e-05    0.0017   15.8   0.0   123   183   583   643   573   657 0.86 -
augustus_predicted_3928 -            513 1014314at2759        -            222   9.8e-13   46.0   1.2   1   6   1.2e-05   0.00068   17.1   0.1    33    97    39   112    28   115 0.63 -
augustus_predicted_3928 -            513 1014314at2759        -            222   9.8e-13   46.0   1.2   2   6    0.0016     0.088   10.2   0.1     6    64    88   156    83   165 0.55 -
augustus_predicted_3928 -            513 1014314at2759        -            222   9.8e-13   46.0   1.2   3   6    0.0016     0.091   10.1   0.0   121   174   122   176   112   181 0.68 -
augustus_predicted_3928 -            513 1014314at2759        -            222   9.8e-13   46.0   1.2   4   6    0.0025      0.14    9.5   0.0    31    71   166   207   157   221 0.75 -
augustus_predicted_3928 -            513 1014314at2759        -            222   9.8e-13   46.0   1.2   5   6      0.14       7.8    3.8   0.0    31    67   210   244   201   259 0.85 -
augustus_predicted_3928 -            513 1014314at2759        -            222   9.8e-13   46.0   1.2   6   6       1.6        88    0.4   0.0    42    62   266   286   251   307 0.77 -
augustus_predicted_3159 -            523 1014314at2759        -            222   1.9e-12   45.1   2.4   1   5      0.12       6.7    4.0   0.1    36    65   178   208   136   223 0.86 -
augustus_predicted_3159 -            523 1014314at2759        -            222   1.9e-12   45.1   2.4   2   5   8.6e-06   0.00048   17.6   0.2     2    75   246   328   245   342 0.77 -
augustus_predicted_3159 -            523 1014314at2759        -            222   1.9e-12   45.1   2.4   3   5       8.6   4.9e+02   -2.1   0.0    29    65   345   383   331   390 0.70 -
augustus_predicted_3159 -            523 1014314at2759        -            222   1.9e-12   45.1   2.4   4   5     3e-06   0.00017   19.1   0.0    30    68   391   430   385   437 0.88 -
augustus_predicted_3159 -            523 1014314at2759        -            222   1.9e-12   45.1   2.4   5   5       3.3   1.9e+02   -0.7   0.0    32    55   492   515   480   521 0.83 -
augustus_predicted_793  -            594 1014314at2759        -            222   2.4e-12   44.7   0.1   1   3    0.0031      0.18    9.2   0.0    31    67   246   282   234   351 0.73 -
augustus_predicted_793  -            594 1014314at2759        -            222   2.4e-12   44.7   0.1   2   3   3.7e-07   2.1e-05   22.0   0.0   112   188   452   537   446   551 0.79 -
augustus_predicted_793  -            594 1014314at2759        -            222   2.4e-12   44.7   0.1   3   3    0.0023      0.13    9.6   0.0     2    29   565   592   563   594 0.65 -
augustus_predicted_1863 -            610 1014314at2759        -            222   3.1e-12   44.4   6.8   1   3       7.9   4.5e+02   -1.9   0.0    44    66   270   292   265   298 0.75 -
augustus_predicted_1863 -            610 1014314at2759        -            222   3.1e-12   44.4   6.8   2   3   0.00035      0.02   12.3   0.8   125   202   302   380   294   386 0.85 -
augustus_predicted_1863 -            610 1014314at2759        -            222   3.1e-12   44.4   6.8   3   3   2.3e-09   1.3e-07   29.3   0.3     3   155   389   556   387   563 0.68 -
augustus_predicted_234  -            506 1014314at2759        -            222   3.7e-12   44.1   0.7   1   3    0.0017     0.096   10.1   0.0   126   156    59    89    54    94 0.92 -
augustus_predicted_234  -            506 1014314at2759        -            222   3.7e-12   44.1   0.7   2   3   6.7e-08   3.8e-06   24.5   0.0    31   154   193   318   183   337 0.81 -
augustus_predicted_234  -            506 1014314at2759        -            222   3.7e-12   44.1   0.7   3   3     0.032       1.8    5.9   0.0     4    28   364   388   361   391 0.91 -
augustus_predicted_1349 -            460 1014314at2759        -            222   6.5e-12   43.3   4.2   1   4   0.00017    0.0098   13.3   0.0   129   186   108   164    98   177 0.86 -
augustus_predicted_1349 -            460 1014314at2759        -            222   6.5e-12   43.3   4.2   2   4       0.5        28    2.0   0.0   121   173   204   258   189   264 0.71 -
augustus_predicted_1349 -            460 1014314at2759        -            222   6.5e-12   43.3   4.2   3   4    0.0018       0.1   10.0   0.2    28    65   282   320   272   358 0.84 -
augustus_predicted_1349 -            460 1014314at2759        -            222   6.5e-12   43.3   4.2   4   4   5.8e-05    0.0033   14.9   0.1    30    66   372   409   331   416 0.89 -
augustus_predicted_2336 -            348 1014314at2759        -            222   7.9e-12   43.0   3.5   1   4     0.069       3.9    4.8   0.0   120   157    18    55    14    73 0.76 -
augustus_predicted_2336 -            348 1014314at2759        -            222   7.9e-12   43.0   3.5   2   4      0.28        16    2.8   0.0    13    29    83    99    72   105 0.63 -
augustus_predicted_2336 -            348 1014314at2759        -            222   7.9e-12   43.0   3.5   3   4     7e-06   0.00039   17.9   0.3     8    67   141   208   135   226 0.77 -
augustus_predicted_2336 -            348 1014314at2759        -            222   7.9e-12   43.0   3.5   4   4   0.00021     0.012   13.0   0.0   119   201   230   311   222   320 0.80 -
augustus_predicted_2149 -            593 1014314at2759        -            222   9.5e-12   42.8   0.3   1   3    0.0085      0.48    7.8   0.0   125   159   274   308   250   318 0.78 -
augustus_predicted_2149 -            593 1014314at2759        -            222   9.5e-12   42.8   0.3   2   3   6.4e-09   3.6e-07   27.8   0.1   112   203   379   476   364   485 0.81 -
augustus_predicted_2149 -            593 1014314at2759        -            222   9.5e-12   42.8   0.3   3   3       1.4        79    0.5   0.0    42    71   536   565   529   568 0.79 -
augustus_predicted_1625 -            414 1014314at2759        -            222   1.3e-11   42.3   3.2   1   3   2.7e-05    0.0015   16.0   0.0   120   177    47   103    41   121 0.84 -
augustus_predicted_1625 -            414 1014314at2759        -            222   1.3e-11   42.3   3.2   2   3   2.7e-06   0.00015   19.2   0.8    13    70   121   186   112   275 0.81 -
augustus_predicted_1625 -            414 1014314at2759        -            222   1.3e-11   42.3   3.2   3   3      0.11       6.3    4.1   0.0   135   154   313   332   295   342 0.66 -
augustus_predicted_1628 -            329 1014314at2759        -            222   1.7e-11   42.0   0.0   1   3     0.075       4.3    4.7   0.0   127   178    30    81    22   109 0.76 -
augustus_predicted_1628 -            329 1014314at2759        -            222   1.7e-11   42.0   0.0   2   3   2.3e-08   1.3e-06   26.0   0.0    30    88   110   175    99   230 0.87 -
augustus_predicted_1628 -            329 1014314at2759        -            222   1.7e-11   42.0   0.0   3   3      0.28        16    2.8   0.0   133   162   259   288   255   328 0.59 -
augustus_predicted_329  -            370 1014314at2759        -            222   1.8e-11   41.9   3.1   1   5      0.03       1.7    6.0   0.0    36    63    58    86    34    95 0.77 -
augustus_predicted_329  -            370 1014314at2759        -            222   1.8e-11   41.9   3.1   2   5     0.059       3.4    5.0   0.2    30    61    96   128    91   139 0.81 -
augustus_predicted_329  -            370 1014314at2759        -            222   1.8e-11   41.9   3.1   3   5      0.13       7.4    3.9   0.0    34    71   170   208   161   217 0.81 -
augustus_predicted_329  -            370 1014314at2759        -            222   1.8e-11   41.9   3.1   4   5     0.029       1.6    6.0   0.0    42    65   224   248   213   256 0.59 -
augustus_predicted_329  -            370 1014314at2759        -            222   1.8e-11   41.9   3.1   5   5   1.3e-05   0.00075   17.0   0.1    14    65   259   311   252   343 0.85 -
augustus_predicted_1877 -            349 1014314at2759        -            222   1.8e-10   38.6   1.7   1   4   2.9e-05    0.0017   15.8   0.3     2    68    12    92    11   103 0.77 -
augustus_predicted_1877 -            349 1014314at2759        -            222   1.8e-10   38.6   1.7   2   4       3.1   1.7e+02   -0.6   0.0   126   155   110   141   102   158 0.77 -
augustus_predicted_1877 -            349 1014314at2759        -            222   1.8e-10   38.6   1.7   3   4     0.047       2.6    5.4   0.0    19    64   198   247   188   255 0.75 -
augustus_predicted_1877 -            349 1014314at2759        -            222   1.8e-10   38.6   1.7   4   4    0.0011     0.064   10.6   0.1     2    29   307   334   306   345 0.89 -
augustus_predicted_3965 -            511 1014314at2759        -            222   2.8e-10   38.0   6.9   1   2   5.3e-11     3e-09   34.6   2.2    31   154   319   448   309   467 0.73 -
augustus_predicted_3965 -            511 1014314at2759        -            222   2.8e-10   38.0   6.9   2   2      0.55        31    1.8   0.2    33    62   479   508   476   511 0.89 -
augustus_predicted_3216 -           1013 1014314at2759        -            222   3.3e-10   37.7   2.3   1   4     0.056       3.1    5.1   0.0   164   195    45    76    11    88 0.76 -
augustus_predicted_3216 -           1013 1014314at2759        -            222   3.3e-10   37.7   2.3   2   4   5.1e-07   2.9e-05   21.6   0.4     2    73   182   261   181   272 0.83 -
augustus_predicted_3216 -           1013 1014314at2759        -            222   3.3e-10   37.7   2.3   3   4      0.17       9.4    3.6   0.0    48    68   781   802   771   834 0.82 -
augustus_predicted_3216 -           1013 1014314at2759        -            222   3.3e-10   37.7   2.3   4   4      0.61        35    1.7   0.0    10    38   947   975   939   987 0.87 -
augustus_predicted_3761 -            468 1014314at2759        -            222   4.3e-10   37.4   0.6   1   5       0.2        11    3.3   0.0    36    65    16    47     7    56 0.63 -
augustus_predicted_3761 -            468 1014314at2759        -            222   4.3e-10   37.4   0.6   2   5    0.0064      0.36    8.2   0.0   126   154    73   101    58   111 0.62 -
augustus_predicted_3761 -            468 1014314at2759        -            222   4.3e-10   37.4   0.6   3   5   0.00064     0.036   11.5   0.0    33    62   145   174   123   179 0.79 -
augustus_predicted_3761 -            468 1014314at2759        -            222   4.3e-10   37.4   0.6   4   5   0.00028     0.016   12.6   0.0     3    61   149   215   147   225 0.70 -
augustus_predicted_3761 -            468 1014314at2759        -            222   4.3e-10   37.4   0.6   5   5      0.29        17    2.7   0.0    71    97   378   404   347   413 0.68 -
augustus_predicted_46   -           1273 1014314at2759        -            222   4.7e-10   37.2  11.2   1   6     0.074       4.2    4.7   0.1   143   187    37    83    28   101 0.82 -
augustus_predicted_46   -           1273 1014314at2759        -            222   4.7e-10   37.2  11.2   2   6   0.00016    0.0091   13.4   0.1    30    71   105   147    90   157 0.83 -
augustus_predicted_46   -           1273 1014314at2759        -            222   4.7e-10   37.2  11.2   3   6    0.0092      0.52    7.7   0.1    32    75   159   202   151   208 0.79 -
augustus_predicted_46   -           1273 1014314at2759        -            222   4.7e-10   37.2  11.2   4   6    0.0025      0.14    9.5   0.1    27    67   203   247   198   253 0.81 -
augustus_predicted_46   -           1273 1014314at2759        -            222   4.7e-10   37.2  11.2   5   6     0.028       1.6    6.1   0.0    27    64   251   289   244   296 0.80 -
augustus_predicted_46   -           1273 1014314at2759        -            222   4.7e-10   37.2  11.2   6   6         5   2.8e+02   -1.3   0.0   138   151   635   648   629   654 0.72 -
augustus_predicted_4166 -            745 1014314at2759        -            222     9e-10   36.3   0.2   1   3   9.2e-06   0.00052   17.5   0.0   127   195   327   402   302   409 0.85 -
augustus_predicted_4166 -            745 1014314at2759        -            222     9e-10   36.3   0.2   2   3    0.0029      0.17    9.3   0.0   113   191   604   684   597   699 0.80 -
augustus_predicted_4166 -            745 1014314at2759        -            222     9e-10   36.3   0.2   3   3     0.043       2.4    5.5   0.0   125   154   713   743   690   745 0.71 -
augustus_predicted_1801 -            526 1014314at2759        -            222   1.5e-09   35.6   2.2   1   6     0.015      0.86    6.9   0.0   127   155    28    56    21    71 0.83 -
augustus_predicted_1801 -            526 1014314at2759        -            222   1.5e-09   35.6   2.2   2   6     0.025       1.4    6.2   0.0    34    70    85   123    78   142 0.74 -
augustus_predicted_1801 -            526 1014314at2759        -            222   1.5e-09   35.6   2.2   3   6      0.11       6.1    4.2   0.1    29    67   180   217   172   230 0.80 -
augustus_predicted_1801 -            526 1014314at2759        -            222   1.5e-09   35.6   2.2   4   6      0.25        14    3.0   0.0    34    66   234   267   215   279 0.79 -
augustus_predicted_1801 -            526 1014314at2759        -            222   1.5e-09   35.6   2.2   5   6     0.023       1.3    6.4   0.0   159   194   285   321   275   335 0.69 -
augustus_predicted_1801 -            526 1014314at2759        -            222   1.5e-09   35.6   2.2   6   6      0.44        25    2.2   0.0    66    92   497   523   466   525 0.78 -
augustus_predicted_2223 -            401 1014314at2759        -            222   1.6e-09   35.5   5.0   1   6       0.7        40    1.5   0.0    28    67   113   152   106   169 0.73 -
augustus_predicted_2223 -            401 1014314at2759        -            222   1.6e-09   35.5   5.0   2   6       1.1        60    0.9   0.0   138   153   175   190   156   194 0.66 -
augustus_predicted_2223 -            401 1014314at2759        -            222   1.6e-09   35.5   5.0   3   6    0.0039      0.22    8.9   1.1    25    68   200   244   167   250 0.81 -
augustus_predicted_2223 -            401 1014314at2759        -            222   1.6e-09   35.5   5.0   4   6   6.1e-05    0.0034   14.8   0.1   127   186   254   317   243   318 0.77 -
augustus_predicted_2223 -            401 1014314at2759        -            222   1.6e-09   35.5   5.0   5   6    0.0038      0.21    8.9   0.0    30    68   292   331   288   334 0.83 -
augustus_predicted_2223 -            401 1014314at2759        -            222   1.6e-09   35.5   5.0   6   6     0.071         4    4.8   0.0    27    62   346   382   337   386 0.85 -
augustus_predicted_4704 -            401 1014314at2759        -            222   1.9e-09   35.2   0.1   1   3     0.023       1.3    6.3   0.0   178   218     4    44     2    47 0.91 -
augustus_predicted_4704 -            401 1014314at2759        -            222   1.9e-09   35.2   0.1   2   3   3.1e-05    0.0017   15.8   0.0   148   201   128   184   117   188 0.89 -
augustus_predicted_4704 -            401 1014314at2759        -            222   1.9e-09   35.2   0.1   3   3    0.0016     0.091   10.1   0.0   119   169   186   236   181   255 0.82 -
augustus_predicted_4455 -            535 1014314at2759        -            222   2.3e-09   35.0   7.4   1   3   2.7e-06   0.00015   19.2   1.3    54   191   145   287   133   302 0.76 -
augustus_predicted_4455 -            535 1014314at2759        -            222   2.3e-09   35.0   7.4   2   3     0.001     0.057   10.8   0.2     4    62   364   429   354   480 0.58 -
augustus_predicted_4455 -            535 1014314at2759        -            222   2.3e-09   35.0   7.4   3   3       4.8   2.7e+02   -1.2   0.0     3    17   510   524   508   533 0.74 -
augustus_predicted_78   -            522 1014314at2759        -            222     3e-09   34.6   0.0   1   4      0.11         6    4.2   0.0    34    65   186   219   173   224 0.83 -
augustus_predicted_78   -            522 1014314at2759        -            222     3e-09   34.6   0.0   2   4    0.0001    0.0057   14.1   0.0    26    80   326   381   310   392 0.80 -
augustus_predicted_78   -            522 1014314at2759        -            222     3e-09   34.6   0.0   3   4    0.0055      0.31    8.4   0.0    34    65   391   422   383   430 0.81 -
augustus_predicted_78   -            522 1014314at2759        -            222     3e-09   34.6   0.0   4   4      0.46        26    2.1   0.0    70    94   488   512   437   517 0.81 -
augustus_predicted_5156 -            426 1014314at2759        -            222   4.6e-09   34.0   3.5   1   3     6e-07   3.4e-05   21.4   0.0   128   190    30    96    20    97 0.89 -
augustus_predicted_5156 -            426 1014314at2759        -            222   4.6e-09   34.0   3.5   2   3   4.6e-06   0.00026   18.5   0.4    31   193    70   241    66   259 0.74 -
augustus_predicted_5156 -            426 1014314at2759        -            222   4.6e-09   34.0   3.5   3   3       1.1        64    0.8   0.1    95   146   263   314   257   337 0.56 -
augustus_predicted_4607 -            878 1014314at2759        -            222   6.4e-09   33.5   3.2   1   4     0.067       3.8    4.8   0.0   125   157    21    53     3    64 0.81 -
augustus_predicted_4607 -            878 1014314at2759        -            222   6.4e-09   33.5   3.2   2   4   0.00023     0.013   12.9   0.0   121   160    67   106    62   131 0.82 -
augustus_predicted_4607 -            878 1014314at2759        -            222   6.4e-09   33.5   3.2   3   4       9.7   5.5e+02   -2.2   0.0    47    70   251   274   246   278 0.82 -
augustus_predicted_4607 -            878 1014314at2759        -            222   6.4e-09   33.5   3.2   4   4     0.014      0.78    7.1   1.2   133   162   377   406   302   427 0.58 -
augustus_predicted_3936 -            834 1014314at2759        -            222   1.2e-08   32.6   0.9   1   4   0.00014    0.0079   13.6   0.0   108   153   157   202   137   211 0.68 -
augustus_predicted_3936 -            834 1014314at2759        -            222   1.2e-08   32.6   0.9   2   4   0.00018      0.01   13.2   0.1     5    62   284   348   280   359 0.81 -
augustus_predicted_3936 -            834 1014314at2759        -            222   1.2e-08   32.6   0.9   3   4       2.3   1.3e+02   -0.2   0.0    48    65   444   461   413   495 0.80 -
augustus_predicted_3936 -            834 1014314at2759        -            222   1.2e-08   32.6   0.9   4   4         5   2.8e+02   -1.3   0.1   112   136   569   594   564   609 0.64 -
augustus_predicted_3927 -            615 1014314at2759        -            222   2.2e-08   31.8   5.0   1   6      0.17       9.3    3.6   0.0   125   186    65   136    49   145 0.75 -
augustus_predicted_3927 -            615 1014314at2759        -            222   2.2e-08   31.8   5.0   2   6      0.92        52    1.1   0.0   130   170   212   253   202   261 0.75 -
augustus_predicted_3927 -            615 1014314at2759        -            222   2.2e-08   31.8   5.0   3   6     0.001     0.059   10.8   0.1   136   164   264   292   260   319 0.83 -
augustus_predicted_3927 -            615 1014314at2759        -            222   2.2e-08   31.8   5.0   4   6      0.25        14    2.9   0.1    14    93   350   432   331   439 0.76 -
augustus_predicted_3927 -            615 1014314at2759        -            222   2.2e-08   31.8   5.0   5   6      0.48        27    2.0   0.0   130   156   494   520   459   546 0.77 -
augustus_predicted_3927 -            615 1014314at2759        -            222   2.2e-08   31.8   5.0   6   6      0.03       1.7    6.0   0.0    18    62   569   612   550   614 0.74 -
augustus_predicted_5044 -            471 1014314at2759        -            222   4.3e-08   30.8   2.1   1   2    0.0035       0.2    9.0   0.2   136   202   144   210   123   235 0.74 -
augustus_predicted_5044 -            471 1014314at2759        -            222   4.3e-08   30.8   2.1   2   2   6.8e-07   3.9e-05   21.2   0.1   117   190   259   335   243   346 0.84 -
augustus_predicted_479  -            752 1014314at2759        -            222   1.2e-07   29.4   6.7   1   4     0.095       5.4    4.3   0.0    13    61    42   103    33   112 0.65 -
augustus_predicted_479  -            752 1014314at2759        -            222   1.2e-07   29.4   6.7   2   4     0.091       5.1    4.4   0.0    34    68   164   197   156   204 0.80 -
augustus_predicted_479  -            752 1014314at2759        -            222   1.2e-07   29.4   6.7   3   4   0.00018      0.01   13.3   0.1   127   207   217   297   202   307 0.88 -
augustus_predicted_479  -            752 1014314at2759        -            222   1.2e-07   29.4   6.7   4   4      0.15       8.5    3.7   0.1   155   184   391   419   356   432 0.57 -
augustus_predicted_3893 -            807 1014314at2759        -            222   1.3e-07   29.2   0.3   1   4   0.00033     0.019   12.4   0.0     1    32   439   470   439   513 0.73 -
augustus_predicted_3893 -            807 1014314at2759        -            222   1.3e-07   29.2   0.3   2   4      0.35        19    2.5   0.0    33    64   639   669   596   674 0.77 -
augustus_predicted_3893 -            807 1014314at2759        -            222   1.3e-07   29.2   0.3   3   4     0.015      0.83    7.0   0.0   128   190   684   747   649   763 0.66 -
augustus_predicted_3893 -            807 1014314at2759        -            222   1.3e-07   29.2   0.3   4   4       2.3   1.3e+02   -0.2   0.0    39    61   784   806   772   807 0.86 -
augustus_predicted_1005 -           1341 1014314at2759        -            222   1.4e-07   29.1   0.3   1   2   0.00057     0.032   11.6   0.1    31    70   256   296   219   300 0.87 -
augustus_predicted_1005 -           1341 1014314at2759        -            222   1.4e-07   29.1   0.3   2   2   8.2e-05    0.0046   14.4   0.0   119   153   363   398   360   411 0.88 -
augustus_predicted_4245 -           1065 1014314at2759        -            222   1.5e-07   29.0   0.1   1   2         4   2.3e+02   -1.0   0.0   165   201   167   204   125   208 0.73 -
augustus_predicted_4245 -           1065 1014314at2759        -            222   1.5e-07   29.0   0.1   2   2   2.1e-08   1.2e-06   26.1   0.0   109   191   245   331   236   349 0.86 -
augustus_predicted_1953 -            417 1014314at2759        -            222   2.5e-07   28.3   0.1   1   3   0.00034     0.019   12.4   0.0    28    65   131   168   120   175 0.88 -
augustus_predicted_1953 -            417 1014314at2759        -            222   2.5e-07   28.3   0.1   2   3    0.0016     0.089   10.2   0.0   121   168   174   222   169   233 0.83 -
augustus_predicted_1953 -            417 1014314at2759        -            222   2.5e-07   28.3   0.1   3   3      0.66        37    1.6   0.0   126   186   289   352   254   366 0.81 -
augustus_predicted_1781 -            397 1014314at2759        -            222   4.3e-07   27.5   0.5   1   3       0.3        17    2.7   0.0    23    69     4    50     1    91 0.83 -
augustus_predicted_1781 -            397 1014314at2759        -            222   4.3e-07   27.5   0.5   2   3    0.0009     0.051   11.0   0.0   158   208   225   280   188   285 0.80 -
augustus_predicted_1781 -            397 1014314at2759        -            222   4.3e-07   27.5   0.5   3   3    0.0018       0.1   10.0   0.1    31    67   289   325   285   350 0.78 -
augustus_predicted_1462 -            715 1014314at2759        -            222   6.2e-07   27.0  12.4   1   5      0.31        18    2.7   1.7    30    79    10    56     5   149 0.54 -
augustus_predicted_1462 -            715 1014314at2759        -            222   6.2e-07   27.0  12.4   2   5    0.0041      0.23    8.8   0.2    14    62   112   167   101   173 0.75 -
augustus_predicted_1462 -            715 1014314at2759        -            222   6.2e-07   27.0  12.4   3   5   3.9e-05    0.0022   15.4   0.3   121   200   133   214   128   218 0.79 -
augustus_predicted_1462 -            715 1014314at2759        -            222   6.2e-07   27.0  12.4   4   5     0.014      0.78    7.1   0.0     9    36   230   256   222   261 0.77 -
augustus_predicted_1462 -            715 1014314at2759        -            222   6.2e-07   27.0  12.4   5   5     0.052       2.9    5.2   0.2     3    91   265   351   263   363 0.71 -
augustus_predicted_3484 -            573 1014314at2759        -            222   1.7e-06   25.6   0.3   1   4   8.3e-07   4.7e-05   20.9   0.0   125   191   237   305   227   320 0.80 -
augustus_predicted_3484 -            573 1014314at2759        -            222   1.7e-06   25.6   0.3   2   4       4.1   2.3e+02   -1.0   0.0    31   153   320   351   311   355 0.55 -
augustus_predicted_3484 -            573 1014314at2759        -            222   1.7e-06   25.6   0.3   3   4       7.1     4e+02   -1.8   0.0   138   153   412   427   408   430 0.85 -
augustus_predicted_3484 -            573 1014314at2759        -            222   1.7e-06   25.6   0.3   4   4       4.5   2.6e+02   -1.1   0.0   131   156   479   504   474   512 0.79 -
augustus_predicted_2668 -            576 1014314at2759        -            222   1.9e-06   25.5   3.7   1   6       7.9   4.5e+02   -1.9   0.0    56    94   122   160   119   163 0.82 -
augustus_predicted_2668 -            576 1014314at2759        -            222   1.9e-06   25.5   3.7   2   6       2.7   1.5e+02   -0.4   0.0   137   153   228   244   222   255 0.66 -
augustus_predicted_2668 -            576 1014314at2759        -            222   1.9e-06   25.5   3.7   3   6   0.00044     0.025   12.0   0.3    26    67   279   321   265   330 0.81 -
augustus_predicted_2668 -            576 1014314at2759        -            222   1.9e-06   25.5   3.7   4   6     0.043       2.4    5.5   0.1    32    77   330   376   324   405 0.79 -
augustus_predicted_2668 -            576 1014314at2759        -            222   1.9e-06   25.5   3.7   5   6      0.31        18    2.6   0.0    25    62   415   453   406   463 0.82 -
augustus_predicted_2668 -            576 1014314at2759        -            222   1.9e-06   25.5   3.7   6   6       2.1   1.2e+02   -0.0   0.0   138   158   491   511   478   525 0.77 -
augustus_predicted_4989 -            389 1014314at2759        -            222   2.1e-06   25.3   1.5   1   4     0.024       1.4    6.3   0.1   128   203    17    98     8   105 0.82 -
augustus_predicted_4989 -            389 1014314at2759        -            222   2.1e-06   25.3   1.5   2   4         3   1.7e+02   -0.5   0.0   131   156   107   136   101   143 0.76 -
augustus_predicted_4989 -            389 1014314at2759        -            222   2.1e-06   25.3   1.5   3   4    0.0011     0.059   10.7   0.0    30    67   145   183   138   194 0.69 -
augustus_predicted_4989 -            389 1014314at2759        -            222   2.1e-06   25.3   1.5   4   4     0.088         5    4.4   0.0    31    85   290   345   277   353 0.75 -
augustus_predicted_1346 -            494 1014314at2759        -            222   4.6e-06   24.2   4.0   1   3   9.6e-06   0.00054   17.4   0.4   106   188   234   317   155   334 0.82 -
augustus_predicted_1346 -            494 1014314at2759        -            222   4.6e-06   24.2   4.0   2   3       6.5   3.7e+02   -1.7   0.0    16    27   375   386   368   392 0.60 -
augustus_predicted_1346 -            494 1014314at2759        -            222   4.6e-06   24.2   4.0   3   3     0.022       1.3    6.4   0.1   131   165   422   456   403   473 0.63 -
augustus_predicted_3264 -            896 1014314at2759        -            222   7.7e-06   23.5   0.8   1   2     3e-06   0.00017   19.1   0.2   127   185   259   316   198   332 0.86 -
augustus_predicted_3264 -            896 1014314at2759        -            222   7.7e-06   23.5   0.8   2   2       1.3        74    0.6   0.0    70    93   611   633   595   650 0.66 -
augustus_predicted_2351 -            554 1014314at2759        -            222   8.9e-06   23.2   0.0   1   2       1.3        71    0.7   0.0   128   152   236   260   216   264 0.88 -
augustus_predicted_2351 -            554 1014314at2759        -            222   8.9e-06   23.2   0.0   2   2   2.6e-06   0.00014   19.3   0.0   122   179   272   329   267   340 0.90 -
augustus_predicted_1141 -            341 1014314at2759        -            222   9.5e-06   23.2   0.9   1   3       1.1        61    0.9   0.0    24    63     2    41     1    56 0.84 -
augustus_predicted_1141 -            341 1014314at2759        -            222   9.5e-06   23.2   0.9   2   3       2.2   1.3e+02   -0.1   0.1    56    92   136   174   112   177 0.64 -
augustus_predicted_1141 -            341 1014314at2759        -            222   9.5e-06   23.2   0.9   3   3   3.6e-06    0.0002   18.8   0.0   127   185   254   313   243   328 0.82 -
augustus_predicted_1540 -            852 1014314at2759        -            222   1.2e-05   22.9   1.8   1   3    0.0002     0.011   13.1   0.0   125   160   174   209   167   228 0.81 -
augustus_predicted_1540 -            852 1014314at2759        -            222   1.2e-05   22.9   1.8   2   3     0.032       1.8    5.9   0.0     9   185   290   340   282   361 0.56 -
augustus_predicted_1540 -            852 1014314at2759        -            222   1.2e-05   22.9   1.8   3   3       1.8     1e+02    0.1   0.0    45    66   444   465   434   475 0.77 -
augustus_predicted_4868 -            555 1014314at2759        -            222   2.1e-05   22.1   1.1   1   3   0.00031     0.017   12.5   0.1   116   160   131   175   118   216 0.80 -
augustus_predicted_4868 -            555 1014314at2759        -            222   2.1e-05   22.1   1.1   2   3       4.2   2.4e+02   -1.0   0.0   125   150   258   283   236   307 0.74 -
augustus_predicted_4868 -            555 1014314at2759        -            222   2.1e-05   22.1   1.1   3   3      0.03       1.7    6.0   0.0   147   197   328   377   311   393 0.59 -
augustus_predicted_4562 -            384 1014314at2759        -            222     3e-05   21.5   3.0   1   6       2.9   1.6e+02   -0.5   0.0   165   187    18    40     5    52 0.73 -
augustus_predicted_4562 -            384 1014314at2759        -            222     3e-05   21.5   3.0   2   6      0.44        25    2.2   0.0   161   186    58    83    51    90 0.64 -
augustus_predicted_4562 -            384 1014314at2759        -            222     3e-05   21.5   3.0   3   6      0.31        17    2.7   0.0     2    29    66    92    65    97 0.82 -
augustus_predicted_4562 -            384 1014314at2759        -            222     3e-05   21.5   3.0   4   6     0.058       3.3    5.0   0.1     3    33   111   141   109   156 0.73 -
augustus_predicted_4562 -            384 1014314at2759        -            222     3e-05   21.5   3.0   5   6     0.015      0.87    6.9   0.0     2    27   156   181   155   197 0.90 -
augustus_predicted_4562 -            384 1014314at2759        -            222     3e-05   21.5   3.0   6   6      0.71        40    1.5   0.0     2    29   217   244   216   252 0.83 -
augustus_predicted_1313 -            437 1014314at2759        -            222   3.1e-05   21.5   0.5   1   4     0.031       1.7    5.9   0.1    46    66   234   255   227   257 0.82 -
augustus_predicted_1313 -            437 1014314at2759        -            222   3.1e-05   21.5   0.5   2   4   0.00086     0.049   11.0   0.0    25    79   258   313   255   322 0.91 -
augustus_predicted_1313 -            437 1014314at2759        -            222   3.1e-05   21.5   0.5   3   4       3.8   2.1e+02   -0.9   0.0    26    61   321   357   315   365 0.74 -
augustus_predicted_1313 -            437 1014314at2759        -            222   3.1e-05   21.5   0.5   4   4         5   2.8e+02   -1.3   0.0    40    56   408   424   402   434 0.71 -
augustus_predicted_1312 -            467 1014314at2759        -            222   0.00013   19.4   0.3   1   3     0.011       0.6    7.5   0.0    45    68   256   280   250   291 0.82 -
augustus_predicted_1312 -            467 1014314at2759        -            222   0.00013   19.4   0.3   2   3     0.012       0.7    7.2   0.0    26    79   282   336   280   348 0.82 -
augustus_predicted_1312 -            467 1014314at2759        -            222   0.00013   19.4   0.3   3   3      0.58        33    1.8   0.0    29    65   347   384   335   389 0.80 -
augustus_predicted_1150 -            875 1014314at2759        -            222   0.00014   19.3   0.0   1   2     0.048       2.7    5.3   0.0   132   170   172   210   140   226 0.86 -
augustus_predicted_1150 -            875 1014314at2759        -            222   0.00014   19.3   0.0   2   2   0.00063     0.035   11.5   0.0    96   191   250   347   236   355 0.69 -
augustus_predicted_4281 -           1010 1014314at2759        -            222   0.00015   19.3   1.5   1   3     0.094       5.3    4.4   0.0   120   156   120   156    50   170 0.74 -
augustus_predicted_4281 -           1010 1014314at2759        -            222   0.00015   19.3   1.5   2   3      0.02       1.1    6.6   0.0    27    66   231   270   229   280 0.90 -
augustus_predicted_4281 -           1010 1014314at2759        -            222   0.00015   19.3   1.5   3   3      0.07       3.9    4.8   0.1    41    69   469   497   462   535 0.72 -
augustus_predicted_279  -            992 1014314at2759        -            222   0.00023   18.6   0.1   1   1   8.4e-06   0.00047   17.6   0.1    93   153   116   182   106   218 0.76 -
augustus_predicted_2818 -           1332 1014314at2759        -            222   0.00044   17.7   0.7   1   4      0.54        31    1.9   0.0    71    97   130   156   117   164 0.81 -
augustus_predicted_2818 -           1332 1014314at2759        -            222   0.00044   17.7   0.7   2   4       6.7   3.8e+02   -1.7   0.0    61    88   225   252   220   264 0.82 -
augustus_predicted_2818 -           1332 1014314at2759        -            222   0.00044   17.7   0.7   3   4       2.2   1.3e+02   -0.1   0.0    69    98   288   317   282   323 0.72 -
augustus_predicted_2818 -           1332 1014314at2759        -            222   0.00044   17.7   0.7   4   4    0.0018       0.1    9.9   0.1     1    93   339   438   339   443 0.84 -
augustus_predicted_1045 -           1116 1014314at2759        -            222    0.0011   16.4   0.2   1   2       5.1   2.9e+02   -1.3   0.0   138   153   177   192   160   203 0.75 -
augustus_predicted_1045 -           1116 1014314at2759        -            222    0.0011   16.4   0.2   2   2   0.00015    0.0082   13.6   0.2     5    68   241   303   238   344 0.81 -
augustus_predicted_869  -           1357 1014314at2759        -            222    0.0011   16.4   2.9   1   3      0.45        25    2.1   0.0   161   210    96   143    83   152 0.85 -
augustus_predicted_869  -           1357 1014314at2759        -            222    0.0011   16.4   2.9   2   3       1.6        89    0.4   0.1    37    74   205   243   199   253 0.80 -
augustus_predicted_869  -           1357 1014314at2759        -            222    0.0011   16.4   2.9   3   3     0.001     0.058   10.8   0.1   112   174   586   648   564   662 0.75 -
augustus_predicted_4451 -           1454 1014314at2759        -            222    0.0015   16.0   2.5   1   3    0.0024      0.13    9.6   0.1   126   194  1082  1156  1076  1174 0.68 -
augustus_predicted_4451 -           1454 1014314at2759        -            222    0.0015   16.0   2.5   2   3      0.22        13    3.1   0.2   123   173  1230  1281  1216  1295 0.80 -
augustus_predicted_4451 -           1454 1014314at2759        -            222    0.0015   16.0   2.5   3   3       5.9   3.3e+02   -1.5   0.0   139   163  1293  1317  1277  1323 0.62 -
augustus_predicted_2547 -            602 1014314at2759        -            222    0.0084   13.5   0.0   1   4     0.095       5.3    4.4   0.0   114   155   165   206   147   219 0.85 -
augustus_predicted_2547 -            602 1014314at2759        -            222    0.0084   13.5   0.0   2   4      0.38        21    2.4   0.0   120   165   302   348   286   358 0.61 -
augustus_predicted_2547 -            602 1014314at2759        -            222    0.0084   13.5   0.0   3   4       2.7   1.5e+02   -0.4   0.0    50    67   434   451   415   457 0.65 -
augustus_predicted_2547 -            602 1014314at2759        -            222    0.0084   13.5   0.0   4   4       1.8     1e+02    0.2   0.0    35    63   510   537   466   561 0.67 -
augustus_predicted_4846 -            782 1014314at2759        -            222    0.0098   13.3   1.4   1   2         2   1.2e+02   -0.0   0.3    17    84    52   121    48   150 0.77 -
augustus_predicted_4846 -            782 1014314at2759        -            222    0.0098   13.3   1.4   2   2   0.00083     0.047   11.1   0.0   136   187   576   627   550   642 0.90 -
augustus_predicted_3287 -            496 1014314at2759        -            222     0.017   12.5   0.0   1   2       9.3   5.3e+02   -2.2   0.0     7    27     6    26     2    37 0.50 -
augustus_predicted_3287 -            496 1014314at2759        -            222     0.017   12.5   0.0   2   2    0.0012     0.065   10.6   0.0   148   193   277   323   270   331 0.86 -
augustus_predicted_2147 -            448 1014314at2759        -            222     0.017   12.5   0.0   1   2     0.066       3.7    4.9   0.0   160   199   218   260   211   266 0.67 -
augustus_predicted_2147 -            448 1014314at2759        -            222     0.017   12.5   0.0   2   2     0.098       5.5    4.3   0.0     4    30   274   300   271   308 0.67 -
augustus_predicted_620  -            533 1014314at2759        -            222     0.026   11.9   0.0   1   1    0.0011     0.064   10.6   0.0    26    66   427   471   423   474 0.79 -
#
# Program:         hmmsearch
# Version:         3.1b2 (February 2015)
# Pipeline mode:   SEARCH
# Query file:      ../../stats/eukaryota_odb10/hmms/1014314at2759.hmm
# Target file:     /home/centos/br/bin/Brownotate-1.2.0/runs/584a0dab-d3a4-4320-afed-b310965cc1e7/annotation/augustus_annotation.faa
# Option settings: hmmsearch --domtblout /home/centos/br/bin/Brownotate-1.2.0/runs/584a0dab-d3a4-4320-afed-b310965cc1e7/busco_annotation/run_eukaryota_odb10/hmmer_output/initial_run_results/1014314at2759.out --cpu 1 ../../stats/eukaryota_odb10/hmms/1014314at2759.hmm /home/centos/br/bin/Brownotate-1.2.0/runs/584a0dab-d3a4-4320-afed-b310965cc1e7/annotation/augustus_annotation.faa 
# Current dir:     /home/centos/br/bin/Brownotate-1.2.0/runs/584a0dab-d3a4-4320-afed-b310965cc1e7
# Date:            Thu Aug 22 20:16:22 2024
# [ok]
