#                                                                               --- full sequence --- -------------- this domain -------------   hmm coord   ali coord   env coord
# target name           accession   tlen query name           accession   qlen   E-value  score  bias   #  of  c-Evalue  i-Evalue  score  bias  from    to  from    to  from    to  acc description of target
#   ------------------- ---------- ----- -------------------- ---------- ----- --------- ------ ----- --- --- --------- --------- ------ ----- ----- ----- ----- ----- ----- ----- ---- ---------------------
augustus_predicted_3704 -            431 1025450at2759        -            307   5.5e-52  175.0   7.3   1   2   9.2e-51     5e-49  165.3   5.9     4   288    45   390    42   396 0.76 -
augustus_predicted_3704 -            431 1025450at2759        -            307   5.5e-52  175.0   7.3   2   2     0.068       3.7    4.8   0.0   287   306   410   429   404   430 0.88 -
augustus_predicted_4239 -            923 1025450at2759        -            307   4.2e-45  152.4   5.8   1   5   7.3e-05     0.004   14.5   0.0   148   229    22   106     7   133 0.78 -
augustus_predicted_4239 -            923 1025450at2759        -            307   4.2e-45  152.4   5.8   2   5   4.5e-12   2.5e-10   38.2   0.4    21   176   145   296   142   325 0.81 -
augustus_predicted_4239 -            923 1025450at2759        -            307   4.2e-45  152.4   5.8   3   5   2.3e-09   1.3e-07   29.3   0.1    47    95   328   376   313   378 0.78 -
augustus_predicted_4239 -            923 1025450at2759        -            307   4.2e-45  152.4   5.8   4   5   2.5e-22   1.4e-20   71.9   0.7    48   213   371   551   371   584 0.81 -
augustus_predicted_4239 -            923 1025450at2759        -            307   4.2e-45  152.4   5.8   5   5     0.051       2.8    5.2   0.0   147   246   522   607   515   624 0.64 -
augustus_predicted_4249 -            515 1025450at2759        -            307   7.3e-43  145.0   8.6   1   4     2e-15   1.1e-13   49.2   0.2    35    95   157   217   132   233 0.88 -
augustus_predicted_4249 -            515 1025450at2759        -            307   7.3e-43  145.0   8.6   2   4   8.2e-09   4.5e-07   27.5   0.1    38   227   252   328   241   337 0.55 -
augustus_predicted_4249 -            515 1025450at2759        -            307   7.3e-43  145.0   8.6   3   4   4.8e-10   2.6e-08   31.6   0.0    35    95   372   433   369   438 0.92 -
augustus_predicted_4249 -            515 1025450at2759        -            307   7.3e-43  145.0   8.6   4   4   1.6e-12   8.8e-11   39.7   0.3    20    92   438   514   432   515 0.90 -
augustus_predicted_2612 -            943 1025450at2759        -            307   7.1e-35  118.8  16.4   1   6         7   3.8e+02   -1.8   0.0   271   283    48    60    38    66 0.56 -
augustus_predicted_2612 -            943 1025450at2759        -            307   7.1e-35  118.8  16.4   2   6   1.2e-10   6.4e-09   33.6   0.1    98   170    80   151    75   156 0.93 -
augustus_predicted_2612 -            943 1025450at2759        -            307   7.1e-35  118.8  16.4   3   6     3e-06   0.00017   19.1   0.8   142   206   164   232   156   246 0.76 -
augustus_predicted_2612 -            943 1025450at2759        -            307   7.1e-35  118.8  16.4   4   6   0.00015    0.0081   13.5   0.1   135   177   386   428   378   438 0.76 -
augustus_predicted_2612 -            943 1025450at2759        -            307   7.1e-35  118.8  16.4   5   6   4.3e-08   2.3e-06   25.1   0.0   107   176   440   509   434   528 0.88 -
augustus_predicted_2612 -            943 1025450at2759        -            307   7.1e-35  118.8  16.4   6   6   5.2e-10   2.8e-08   31.4   0.4    64   215   531   695   527   712 0.66 -
augustus_predicted_4260 -            713 1025450at2759        -            307   2.5e-33  113.7   3.8   1   4   0.00077     0.042   11.2   0.1    61    82   341   362   333   380 0.81 -
augustus_predicted_4260 -            713 1025450at2759        -            307   2.5e-33  113.7   3.8   2   4   2.8e-16   1.5e-14   52.0   0.0   105   220   451   570   433   572 0.87 -
augustus_predicted_4260 -            713 1025450at2759        -            307   2.5e-33  113.7   3.8   3   4   8.7e-09   4.7e-07   27.4   0.2    61    95   573   607   560   631 0.92 -
augustus_predicted_4260 -            713 1025450at2759        -            307   2.5e-33  113.7   3.8   4   4   2.1e-06   0.00012   19.6   0.0    24    95   628   709   612   712 0.79 -
augustus_predicted_2690 -            817 1025450at2759        -            307   4.3e-33  112.9  11.6   1   5   1.1e-12   5.9e-11   40.2   0.1   136   247    57   179    39   187 0.84 -
augustus_predicted_2690 -            817 1025450at2759        -            307   4.3e-33  112.9  11.6   2   5    0.0045      0.24    8.7   0.0   112   178   211   283   204   334 0.62 -
augustus_predicted_2690 -            817 1025450at2759        -            307   4.3e-33  112.9  11.6   3   5    0.0041      0.22    8.8   0.0    36    71   402   441   382   444 0.80 -
augustus_predicted_2690 -            817 1025450at2759        -            307   4.3e-33  112.9  11.6   4   5   7.9e-11   4.3e-09   34.1   0.3    30    95   541   606   531   608 0.95 -
augustus_predicted_2690 -            817 1025450at2759        -            307   4.3e-33  112.9  11.6   5   5   1.3e-06   7.4e-05   20.2   0.3    48   100   601   652   601   664 0.92 -
augustus_predicted_4531 -            798 1025450at2759        -            307   7.6e-31  105.6   5.0   1   2    0.0017     0.094   10.0   0.0   132   173   458   499   451   510 0.87 -
augustus_predicted_4531 -            798 1025450at2759        -            307   7.6e-31  105.6   5.0   2   2   1.9e-28     1e-26   92.0   2.1    11   207   510   725   504   727 0.86 -
augustus_predicted_3655 -            640 1025450at2759        -            307   9.4e-30  102.0   6.8   1   3   9.2e-24     5e-22   76.6   2.7    19   175   295   456   283   467 0.89 -
augustus_predicted_3655 -            640 1025450at2759        -            307   9.4e-30  102.0   6.8   2   3    0.0022      0.12    9.7   0.0   261   282   523   544   505   553 0.81 -
augustus_predicted_3655 -            640 1025450at2759        -            307   9.4e-30  102.0   6.8   3   3   2.9e-07   1.6e-05   22.4   0.2   118   177   531   587   524   602 0.83 -
augustus_predicted_4675 -            779 1025450at2759        -            307   1.3e-27   94.9   7.7   1   2   1.1e-12   6.3e-11   40.2   0.8    59   175   376   500   375   507 0.82 -
augustus_predicted_4675 -            779 1025450at2759        -            307   1.3e-27   94.9   7.7   2   2   3.3e-15   1.8e-13   48.5   1.1    22   247   526   745   514   762 0.72 -
augustus_predicted_5015 -            303 1025450at2759        -            307   6.5e-26   89.4   9.8   1   4     0.012      0.64    7.3   0.0   261   286     3    28     1    37 0.82 -
augustus_predicted_5015 -            303 1025450at2759        -            307   6.5e-26   89.4   9.8   2   4   3.5e-09   1.9e-07   28.7   0.0   112   173    46   108    29   128 0.69 -
augustus_predicted_5015 -            303 1025450at2759        -            307   6.5e-26   89.4   9.8   3   4   5.9e-05    0.0032   14.8   0.0   137   177   113   153   108   157 0.92 -
augustus_predicted_5015 -            303 1025450at2759        -            307   6.5e-26   89.4   9.8   4   4   7.9e-10   4.3e-08   30.8   1.9    30    99   215   284   201   300 0.82 -
augustus_predicted_3519 -            465 1025450at2759        -            307     2e-25   87.8   7.8   1   3   1.6e-07     9e-06   23.2   0.2    67   178   178   304   174   308 0.83 -
augustus_predicted_3519 -            465 1025450at2759        -            307     2e-25   87.8   7.8   2   3   8.5e-16   4.6e-14   50.4   0.2    24    98   305   383   303   407 0.82 -
augustus_predicted_3519 -            465 1025450at2759        -            307     2e-25   87.8   7.8   3   3   8.3e-06   0.00045   17.6   0.3    37    92   410   465   407   465 0.95 -
augustus_predicted_754  -            714 1025450at2759        -            307   4.9e-24   83.2   5.1   1   3   2.7e-07   1.5e-05   22.5   0.1   112   175   414   476   394   490 0.70 -
augustus_predicted_754  -            714 1025450at2759        -            307   4.9e-24   83.2   5.1   2   3   3.9e-05    0.0021   15.4   0.0   247   296   500   549   491   555 0.73 -
augustus_predicted_754  -            714 1025450at2759        -            307   4.9e-24   83.2   5.1   3   3   8.4e-14   4.6e-12   43.9   0.4   111   243   578   712   573   714 0.90 -
augustus_predicted_4455 -            535 1025450at2759        -            307   1.8e-23   81.4   4.9   1   5      0.94        51    1.0   0.0    83   119   143   180   136   193 0.89 -
augustus_predicted_4455 -            535 1025450at2759        -            307   1.8e-23   81.4   4.9   2   5   1.4e-08   7.7e-07   26.7   0.7   139   218   219   302   211   320 0.71 -
augustus_predicted_4455 -            535 1025450at2759        -            307   1.8e-23   81.4   4.9   3   5   1.6e-06     9e-05   19.9   0.0   107   171   328   390   321   394 0.76 -
augustus_predicted_4455 -            535 1025450at2759        -            307   1.8e-23   81.4   4.9   4   5   3.2e-06   0.00017   19.0   0.1   133   175   394   435   389   445 0.85 -
augustus_predicted_4455 -            535 1025450at2759        -            307   1.8e-23   81.4   4.9   5   5   0.00046     0.025   11.9   0.0   143   175   445   477   439   482 0.87 -
augustus_predicted_4363 -            840 1025450at2759        -            307   2.5e-23   80.9   1.5   1   5   4.6e-06   0.00025   18.5   0.0    68    95    21    48    17    60 0.86 -
augustus_predicted_4363 -            840 1025450at2759        -            307   2.5e-23   80.9   1.5   2   5   1.1e-06   5.8e-05   20.6   0.0   135   174    74   113    66   119 0.76 -
augustus_predicted_4363 -            840 1025450at2759        -            307   2.5e-23   80.9   1.5   3   5   0.00014    0.0074   13.6   0.2    27   103   142   217   126   224 0.70 -
augustus_predicted_4363 -            840 1025450at2759        -            307   2.5e-23   80.9   1.5   4   5   1.1e-05   0.00062   17.2   0.0    35    95   326   387   295   391 0.80 -
augustus_predicted_4363 -            840 1025450at2759        -            307   2.5e-23   80.9   1.5   5   5      0.08       4.3    4.6   0.0   111   175   708   778   701   791 0.74 -
augustus_predicted_1845 -            889 1025450at2759        -            307   5.1e-23   79.9   1.0   1   4   1.2e-12   6.7e-11   40.1   0.0    99   247    15   172     7   177 0.87 -
augustus_predicted_1845 -            889 1025450at2759        -            307   5.1e-23   79.9   1.0   2   4   6.9e-15   3.8e-13   47.5   0.2    35   175   110   263    92   299 0.74 -
augustus_predicted_1845 -            889 1025450at2759        -            307   5.1e-23   79.9   1.0   3   4       7.7   4.2e+02   -2.0   0.0   157   175   446   464   395   492 0.60 -
augustus_predicted_1845 -            889 1025450at2759        -            307   5.1e-23   79.9   1.0   4   4       5.5     3e+02   -1.5   0.0   161   239   542   618   533   620 0.70 -
augustus_predicted_1297 -            423 1025450at2759        -            307   1.6e-22   78.2   4.5   1   3   1.1e-08     6e-07   27.1   0.2   132   247    86   211    76   216 0.73 -
augustus_predicted_1297 -            423 1025450at2759        -            307   1.6e-22   78.2   4.5   2   3   4.4e-09   2.4e-07   28.4   0.0   108   175   239   305   235   311 0.91 -
augustus_predicted_1297 -            423 1025450at2759        -            307   1.6e-22   78.2   4.5   3   3   1.3e-06     7e-05   20.3   0.2   118   168   370   419   348   422 0.63 -
augustus_predicted_2336 -            348 1025450at2759        -            307   1.9e-22   78.0   3.6   1   5   3.4e-06   0.00018   18.9   0.0    20    96    17   101     5   103 0.78 -
augustus_predicted_2336 -            348 1025450at2759        -            307   1.9e-22   78.0   3.6   2   5     0.025       1.4    6.2   0.0   153   175    82   104    68   113 0.67 -
augustus_predicted_2336 -            348 1025450at2759        -            307   1.9e-22   78.0   3.6   3   5   4.8e-13   2.6e-11   41.4   0.1    21    96   129   206   119   228 0.89 -
augustus_predicted_2336 -            348 1025450at2759        -            307   1.9e-22   78.0   3.6   4   5    0.0022      0.12    9.7   0.0   261   282   247   268   228   278 0.80 -
augustus_predicted_2336 -            348 1025450at2759        -            307   1.9e-22   78.0   3.6   5   5   0.00024     0.013   12.8   0.2   230   281   248   307   246   342 0.49 -
augustus_predicted_87   -           1201 1025450at2759        -            307   3.2e-22   77.3   4.8   1   4   0.00038     0.021   12.2   0.0    21    73    48   104    43   107 0.86 -
augustus_predicted_87   -           1201 1025450at2759        -            307   3.2e-22   77.3   4.8   2   4   2.9e-10   1.6e-08   32.3   0.1    30    94   103   167    98   171 0.94 -
augustus_predicted_87   -           1201 1025450at2759        -            307   3.2e-22   77.3   4.8   3   4   5.5e-10     3e-08   31.4   0.0    95   175   207   288   187   357 0.85 -
augustus_predicted_87   -           1201 1025450at2759        -            307   3.2e-22   77.3   4.8   4   4       2.1   1.1e+02   -0.1   0.1   188   271   426   505   404   530 0.63 -
augustus_predicted_3950 -            319 1025450at2759        -            307   7.3e-22   76.1   5.1   1   4     4e-12   2.2e-10   38.4   1.0   108   228    29   157    18   162 0.85 -
augustus_predicted_3950 -            319 1025450at2759        -            307   7.3e-22   76.1   5.1   2   4   2.8e-06   0.00015   19.2   0.7    18    73    99   157    96   185 0.74 -
augustus_predicted_3950 -            319 1025450at2759        -            307   7.3e-22   76.1   5.1   3   4     1e-08   5.5e-07   27.2   0.0   114   206   171   266   162   277 0.79 -
augustus_predicted_3950 -            319 1025450at2759        -            307   7.3e-22   76.1   5.1   4   4    0.0019       0.1    9.9   0.0   144   172   290   318   280   319 0.84 -
augustus_predicted_1953 -            417 1025450at2759        -            307   4.3e-20   70.3   1.2   1   3   3.2e-10   1.8e-08   32.1   0.0    95   177   134   215   101   221 0.90 -
augustus_predicted_1953 -            417 1025450at2759        -            307   4.3e-20   70.3   1.2   2   3   2.9e-10   1.6e-08   32.2   0.1    96   177   135   215   132   250 0.87 -
augustus_predicted_1953 -            417 1025450at2759        -            307   4.3e-20   70.3   1.2   3   3   3.9e-06   0.00021   18.7   0.0   109   199   256   354   244   364 0.71 -
augustus_predicted_1676 -            643 1025450at2759        -            307   9.8e-20   69.1   3.3   1   3   6.2e-05    0.0034   14.8   0.0    43    94   341   393   332   399 0.67 -
augustus_predicted_1676 -            643 1025450at2759        -            307   9.8e-20   69.1   3.3   2   3     0.004      0.22    8.8   0.0    21    60   419   460   406   463 0.65 -
augustus_predicted_1676 -            643 1025450at2759        -            307   9.8e-20   69.1   3.3   3   3     2e-13   1.1e-11   42.7   0.2    35   134   500   603   494   643 0.74 -
augustus_predicted_3243 -            451 1025450at2759        -            307   1.1e-19   68.9   4.0   1   2   2.1e-18   1.2e-16   59.0   2.3    32   251   150   384   133   396 0.86 -
augustus_predicted_3243 -            451 1025450at2759        -            307   1.1e-19   68.9   4.0   2   2    0.0031      0.17    9.2   0.0    65    96   400   431   386   443 0.71 -
augustus_predicted_3927 -            615 1025450at2759        -            307   5.3e-19   66.7  11.5   1   6   3.1e-05    0.0017   15.8   0.4    56   108    55   109    40   130 0.76 -
augustus_predicted_3927 -            615 1025450at2759        -            307   5.3e-19   66.7  11.5   2   6      0.84        46    1.2   0.1    37    74   132   170   126   190 0.77 -
augustus_predicted_3927 -            615 1025450at2759        -            307   5.3e-19   66.7  11.5   3   6      0.34        19    2.5   0.0   261   287   220   246   199   255 0.73 -
augustus_predicted_3927 -            615 1025450at2759        -            307   5.3e-19   66.7  11.5   4   6   7.6e-09   4.2e-07   27.6   1.4   116   259   226   380   213   424 0.73 -
augustus_predicted_3927 -            615 1025450at2759        -            307   5.3e-19   66.7  11.5   5   6    0.0038      0.21    8.9   0.0   181   255   450   523   406   539 0.57 -
augustus_predicted_3927 -            615 1025450at2759        -            307   5.3e-19   66.7  11.5   6   6   0.00011     0.006   14.0   0.0    35    93   554   612   550   615 0.77 -
augustus_predicted_513  -            455 1025450at2759        -            307   1.8e-18   64.9   0.0   1   2   1.4e-13   7.5e-12   43.2   0.0    35   169   176   322   174   332 0.85 -
augustus_predicted_513  -            455 1025450at2759        -            307   1.8e-18   64.9   0.0   2   2   2.9e-05    0.0016   15.8   0.0    97   202   336   453   326   455 0.71 -
augustus_predicted_4755 -            465 1025450at2759        -            307   1.5e-17   61.9   4.8   1   2     0.062       3.4    4.9   0.0   146   171    99   124    81   129 0.85 -
augustus_predicted_4755 -            465 1025450at2759        -            307   1.5e-17   61.9   4.8   2   2   6.3e-15   3.4e-13   47.6   5.2    48   246   119   335   118   344 0.72 -
augustus_predicted_1625 -            414 1025450at2759        -            307   1.7e-17   61.7   1.2   1   3   2.2e-06   0.00012   19.5   0.0    21    75    47   103    43   113 0.87 -
augustus_predicted_1625 -            414 1025450at2759        -            307   1.7e-17   61.7   1.2   2   3   1.4e-07   7.7e-06   23.4   0.3   105   175   115   184   103   266 0.82 -
augustus_predicted_1625 -            414 1025450at2759        -            307   1.7e-17   61.7   1.2   3   3   4.3e-05    0.0024   15.3   0.0    53   100   289   337   286   361 0.81 -
augustus_predicted_2492 -            489 1025450at2759        -            307   1.9e-17   61.5   3.0   1   4   0.00039     0.021   12.1   0.0    62   106    65   109    56   117 0.86 -
augustus_predicted_2492 -            489 1025450at2759        -            307   1.9e-17   61.5   3.0   2   4      0.38        21    2.3   0.0   258   287   131   160   124   179 0.61 -
augustus_predicted_2492 -            489 1025450at2759        -            307   1.9e-17   61.5   3.0   3   4   6.5e-13   3.6e-11   41.0   0.4    38   204   195   376   192   378 0.81 -
augustus_predicted_2492 -            489 1025450at2759        -            307   1.9e-17   61.5   3.0   4   4    0.0027      0.15    9.4   0.0    67    94   351   378   344   392 0.85 -
augustus_predicted_2837 -            939 1025450at2759        -            307   7.5e-17   59.6   0.1   1   3   8.8e-06   0.00048   17.5   0.0    97   175   206   284   195   293 0.81 -
augustus_predicted_2837 -            939 1025450at2759        -            307   7.5e-17   59.6   0.1   2   3   8.2e-10   4.5e-08   30.8   0.1   100   247   463   616   429   624 0.78 -
augustus_predicted_2837 -            939 1025450at2759        -            307   7.5e-17   59.6   0.1   3   3   6.3e-08   3.4e-06   24.6   0.1   102   204   548   654   542   678 0.74 -
augustus_predicted_4515 -            574 1025450at2759        -            307   1.1e-16   59.1   3.6   1   6       1.7        94    0.2   0.0   137   158    10    31     4    38 0.84 -
augustus_predicted_4515 -            574 1025450at2759        -            307   1.1e-16   59.1   3.6   2   6    0.0018       0.1    9.9   0.0   116   169    31    84    17    90 0.84 -
augustus_predicted_4515 -            574 1025450at2759        -            307   1.1e-16   59.1   3.6   3   6   2.3e-07   1.3e-05   22.7   0.1    57   109    89   140    84   144 0.89 -
augustus_predicted_4515 -            574 1025450at2759        -            307   1.1e-16   59.1   3.6   4   6   5.6e-05    0.0031   14.9   0.1    48    95   122   170   122   178 0.94 -
augustus_predicted_4515 -            574 1025450at2759        -            307   1.1e-16   59.1   3.6   5   6    0.0041      0.23    8.8   0.0    67    93   192   218   190   225 0.89 -
augustus_predicted_4515 -            574 1025450at2759        -            307   1.1e-16   59.1   3.6   6   6     0.021       1.1    6.5   0.1   109   202   253   344   239   400 0.72 -
augustus_predicted_3216 -           1013 1025450at2759        -            307   3.4e-16   57.5   6.1   1   5   1.2e-06   6.5e-05   20.4   0.1   112   175   152   214   146   218 0.89 -
augustus_predicted_3216 -           1013 1025450at2759        -            307   3.4e-16   57.5   6.1   2   5   2.5e-05    0.0014   16.1   0.2   120   175   202   256   200   312 0.75 -
augustus_predicted_3216 -           1013 1025450at2759        -            307   3.4e-16   57.5   6.1   3   5     0.001     0.056   10.8   0.0   184   305   673   795   656   797 0.75 -
augustus_predicted_3216 -           1013 1025450at2759        -            307   3.4e-16   57.5   6.1   4   5     0.072       3.9    4.7   0.0   154   175   781   802   772   848 0.71 -
augustus_predicted_3216 -           1013 1025450at2759        -            307   3.4e-16   57.5   6.1   5   5   0.00018    0.0096   13.3   0.2   136   188   932   985   896   999 0.85 -
augustus_predicted_1863 -            610 1025450at2759        -            307   4.5e-16   57.0   9.0   1   2   1.6e-12   8.6e-11   39.7   7.6   103   286   267   468   260   476 0.72 -
augustus_predicted_1863 -            610 1025450at2759        -            307   4.5e-16   57.0   9.0   2   2   6.3e-09   3.4e-07   27.9   0.4    38   175   401   560   400   583 0.81 -
augustus_predicted_3928 -            513 1025450at2759        -            307   8.3e-16   56.2   0.0   1   3   2.5e-06   0.00014   19.4   0.0    48    93    65   110    57   116 0.93 -
augustus_predicted_3928 -            513 1025450at2759        -            307   8.3e-16   56.2   0.0   2   3   1.5e-07   7.9e-06   23.4   0.0    25    96   128   201   118   212 0.88 -
augustus_predicted_3928 -            513 1025450at2759        -            307   8.3e-16   56.2   0.0   3   3    0.0029      0.16    9.3   0.0    28    92   217   285   210   303 0.80 -
augustus_predicted_1954 -            566 1025450at2759        -            307     1e-15   55.9   7.4   1   2     5e-05    0.0027   15.1   0.3   119   197   283   363   260   373 0.64 -
augustus_predicted_1954 -            566 1025450at2759        -            307     1e-15   55.9   7.4   2   2   1.1e-13   6.2e-12   43.5   2.0    21   173   380   548   374   561 0.81 -
augustus_predicted_435  -            330 1025450at2759        -            307   2.8e-15   54.4  17.7   1   3   0.00012    0.0068   13.8   0.1    32    95    22    89     5    97 0.62 -
augustus_predicted_435  -            330 1025450at2759        -            307   2.8e-15   54.4  17.7   2   3   1.6e-10   8.8e-09   33.1   7.6    54   175    97   234    90   245 0.78 -
augustus_predicted_435  -            330 1025450at2759        -            307   2.8e-15   54.4  17.7   3   3     0.011      0.58    7.4   0.4    75   128   270   328   242   330 0.73 -
augustus_predicted_2127 -            788 1025450at2759        -            307   8.3e-15   52.9  12.5   1   6   4.2e-07   2.3e-05   21.9   0.3    52   113    47   108    26   137 0.62 -
augustus_predicted_2127 -            788 1025450at2759        -            307   8.3e-15   52.9  12.5   2   6   4.9e-05    0.0027   15.1   0.1    53   175   191   316   188   341 0.73 -
augustus_predicted_2127 -            788 1025450at2759        -            307   8.3e-15   52.9  12.5   3   6     0.031       1.7    5.9   0.1   105   170   348   415   343   428 0.87 -
augustus_predicted_2127 -            788 1025450at2759        -            307   8.3e-15   52.9  12.5   4   6         1        56    0.9   0.0   135   161   553   579   550   595 0.80 -
augustus_predicted_2127 -            788 1025450at2759        -            307   8.3e-15   52.9  12.5   5   6      0.69        38    1.5   0.0   139   169   605   635   597   647 0.71 -
augustus_predicted_2127 -            788 1025450at2759        -            307   8.3e-15   52.9  12.5   6   6      0.15       8.1    3.7   0.1   257   279   664   686   651   716 0.64 -
augustus_predicted_3977 -            347 1025450at2759        -            307     2e-14   51.7   1.9   1   3   2.8e-07   1.5e-05   22.5   0.8    35   102    23    90     2    99 0.88 -
augustus_predicted_3977 -            347 1025450at2759        -            307     2e-14   51.7   1.9   2   3   1.2e-06   6.7e-05   20.3   0.0   104   177   160   233   144   275 0.86 -
augustus_predicted_3977 -            347 1025450at2759        -            307     2e-14   51.7   1.9   3   3     0.056       3.1    5.0   0.0    57    95   286   324   263   332 0.67 -
augustus_predicted_2372 -            347 1025450at2759        -            307   2.9e-14   51.1   1.1   1   2   3.2e-13   1.8e-11   42.0   1.4    64   242    18   216    14   227 0.80 -
augustus_predicted_2372 -            347 1025450at2759        -            307   2.9e-14   51.1   1.1   2   2      0.33        18    2.5   0.0   231   252   266   287   248   313 0.48 -
augustus_predicted_3936 -            834 1025450at2759        -            307   1.8e-12   45.2   0.1   1   2   1.4e-08   7.5e-07   26.8   0.0   140   277   173   306   157   325 0.83 -
augustus_predicted_3936 -            834 1025450at2759        -            307   1.8e-12   45.2   0.1   2   2   0.00011     0.006   13.9   0.0    36   175   333   464   315   499 0.79 -
augustus_predicted_4166 -            745 1025450at2759        -            307   2.7e-12   44.6   1.1   1   6       0.3        16    2.7   0.0    59    83   319   343   311   360 0.85 -
augustus_predicted_4166 -            745 1025450at2759        -            307   2.7e-12   44.6   1.1   2   6     0.052       2.8    5.2   0.0    53    95   360   402   345   405 0.84 -
augustus_predicted_4166 -            745 1025450at2759        -            307   2.7e-12   44.6   1.1   3   6      0.21        11    3.2   0.0    35    62   472   499   440   506 0.84 -
augustus_predicted_4166 -            745 1025450at2759        -            307   2.7e-12   44.6   1.1   4   6       9.2     5e+02   -2.2   0.0    68    93   546   571   544   579 0.71 -
augustus_predicted_4166 -            745 1025450at2759        -            307   2.7e-12   44.6   1.1   5   6   7.1e-07   3.9e-05   21.1   0.1   107   187   625   707   612   721 0.78 -
augustus_predicted_4166 -            745 1025450at2759        -            307   2.7e-12   44.6   1.1   6   6   1.6e-07   8.9e-06   23.2   0.1    28    94   665   743   664   745 0.78 -
augustus_predicted_4281 -           1010 1025450at2759        -            307   3.2e-12   44.4   1.4   1   4   3.6e-06    0.0002   18.8   0.1   136   256    39   160    31   172 0.78 -
augustus_predicted_4281 -           1010 1025450at2759        -            307   3.2e-12   44.4   1.4   2   4    0.0025      0.14    9.5   0.0   141   182   238   279   223   289 0.80 -
augustus_predicted_4281 -           1010 1025450at2759        -            307   3.2e-12   44.4   1.4   3   4   0.00046     0.025   11.9   0.1   226   286   471   531   430   548 0.79 -
augustus_predicted_4281 -           1010 1025450at2759        -            307   3.2e-12   44.4   1.4   4   4       4.2   2.3e+02   -1.1   0.0   217   246   597   628   554   653 0.71 -
augustus_predicted_4528 -            422 1025450at2759        -            307   4.3e-12   44.0   3.4   1   3   0.00023     0.013   12.9   0.0   137   257   126   242   116   253 0.76 -
augustus_predicted_4528 -            422 1025450at2759        -            307   4.3e-12   44.0   3.4   2   3     4e-05    0.0022   15.4   0.0    92   173   249   330   244   336 0.75 -
augustus_predicted_4528 -            422 1025450at2759        -            307   4.3e-12   44.0   3.4   3   3   9.4e-09   5.1e-07   27.3   1.1    59   170   291   415   281   421 0.76 -
augustus_predicted_1349 -            460 1025450at2759        -            307   4.6e-12   43.9   6.5   1   3   1.5e-05   0.00082   16.8   0.1   146   211   109   177    95   190 0.71 -
augustus_predicted_1349 -            460 1025450at2759        -            307   4.6e-12   43.9   6.5   2   3    0.0042      0.23    8.8   0.6   135   204   282   357   188   385 0.52 -
augustus_predicted_1349 -            460 1025450at2759        -            307   4.6e-12   43.9   6.5   3   3   1.5e-06   8.2e-05   20.1   1.1   184   286   296   414   267   433 0.43 -
augustus_predicted_3761 -            468 1025450at2759        -            307   5.5e-12   43.6   0.4   1   3       0.4        22    2.3   0.0   261   277    28    44     7    57 0.61 -
augustus_predicted_3761 -            468 1025450at2759        -            307   5.5e-12   43.6   0.4   2   3   1.5e-09   8.2e-08   29.9   0.3    49   177    56   183    32   219 0.84 -
augustus_predicted_3761 -            468 1025450at2759        -            307   5.5e-12   43.6   0.4   3   3     0.019         1    6.6   0.0   115   174   348   407   338   437 0.81 -
augustus_predicted_234  -            506 1025450at2759        -            307   7.4e-12   43.2   0.4   1   3     0.099       5.4    4.2   0.0   143   170    60    87    12   102 0.68 -
augustus_predicted_234  -            506 1025450at2759        -            307   7.4e-12   43.2   0.4   2   3   0.00052     0.028   11.7   0.1    99   174   197   273   190   288 0.81 -
augustus_predicted_234  -            506 1025450at2759        -            307   7.4e-12   43.2   0.4   3   3     7e-07   3.8e-05   21.2   0.0    67   173   290   392   284   402 0.87 -
augustus_predicted_1462 -            715 1025450at2759        -            307   8.1e-12   43.1  11.8   1   2     0.019       1.1    6.6   0.1   136   171     9    43     2    83 0.64 -
augustus_predicted_1462 -            715 1025450at2759        -            307   8.1e-12   43.1  11.8   2   2   3.9e-12   2.2e-10   38.4   7.2    21   210    94   293    74   314 0.77 -
augustus_predicted_46   -           1273 1025450at2759        -            307   9.2e-12   42.9   3.1   1   3     2e-07   1.1e-05   23.0   0.3   159   248    37   142    27   170 0.71 -
augustus_predicted_46   -           1273 1025450at2759        -            307   9.2e-12   42.9   3.1   2   3       0.6        33    1.7   0.0   226   257   171   199   152   204 0.76 -
augustus_predicted_46   -           1273 1025450at2759        -            307   9.2e-12   42.9   3.1   3   3     2e-05    0.0011   16.4   0.0    98   175   210   293   203   345 0.80 -
augustus_predicted_2855 -            651 1025450at2759        -            307   1.2e-11   42.5   0.1   1   2     0.036         2    5.7   0.0   135   173    76   115    69   121 0.77 -
augustus_predicted_2855 -            651 1025450at2759        -            307   1.2e-11   42.5   0.1   2   2   1.2e-10   6.8e-09   33.5   0.1   102   197   145   238   136   247 0.85 -
augustus_predicted_1540 -            852 1025450at2759        -            307   1.7e-11   42.0   1.7   1   5     8e-06   0.00043   17.7   0.0    61    95   170   204   157   212 0.84 -
augustus_predicted_1540 -            852 1025450at2759        -            307   1.7e-11   42.0   1.7   2   5    0.0002     0.011   13.1   0.0    36   101   293   356   272   412 0.83 -
augustus_predicted_1540 -            852 1025450at2759        -            307   1.7e-11   42.0   1.7   3   5     0.093       5.1    4.3   0.0   112   206   447   543   437   575 0.63 -
augustus_predicted_1540 -            852 1025450at2759        -            307   1.7e-11   42.0   1.7   4   5       1.2        64    0.7   0.2   126   151   580   603   493   614 0.65 -
augustus_predicted_1540 -            852 1025450at2759        -            307   1.7e-11   42.0   1.7   5   5       2.8   1.5e+02   -0.5   0.0    74    94   662   682   644   688 0.79 -
augustus_predicted_1346 -            494 1025450at2759        -            307   2.5e-11   41.5   3.4   1   4      0.12       6.7    3.9   0.0    99   147   157   205   150   211 0.84 -
augustus_predicted_1346 -            494 1025450at2759        -            307   2.5e-11   41.5   3.4   2   4   3.5e-08   1.9e-06   25.4   0.6   109   229   219   347   209   350 0.82 -
augustus_predicted_1346 -            494 1025450at2759        -            307   2.5e-11   41.5   3.4   3   4       3.4   1.9e+02   -0.8   0.0   292   305   373   386   365   397 0.59 -
augustus_predicted_1346 -            494 1025450at2759        -            307   2.5e-11   41.5   3.4   4   4    0.0039      0.21    8.9   0.1   261   283   428   450   417   465 0.80 -
augustus_predicted_318  -           1148 1025450at2759        -            307     3e-11   41.2   1.8   1   1   8.1e-13   4.4e-11   40.7   0.7    42   181    89   244    82   296 0.79 -
augustus_predicted_5156 -            426 1025450at2759        -            307   3.8e-11   40.9   1.5   1   4    0.0065      0.35    8.1   0.0   219   247    26    57    12    63 0.71 -
augustus_predicted_5156 -            426 1025450at2759        -            307   3.8e-11   40.9   1.5   2   4     4e-07   2.2e-05   22.0   0.0   101   172    30   104    27   114 0.87 -
augustus_predicted_5156 -            426 1025450at2759        -            307   3.8e-11   40.9   1.5   3   4     0.034       1.9    5.8   0.0   103   170   174   244   161   280 0.81 -
augustus_predicted_5156 -            426 1025450at2759        -            307   3.8e-11   40.9   1.5   4   4    0.0047      0.26    8.6   0.3    40    93   288   342   278   347 0.85 -
augustus_predicted_4810 -            422 1025450at2759        -            307   6.2e-11   40.2   4.8   1   3     0.049       2.7    5.2   0.1    67    95    66    94    42   101 0.85 -
augustus_predicted_4810 -            422 1025450at2759        -            307   6.2e-11   40.2   4.8   2   3     0.012      0.65    7.3   0.1   107   174   170   243   151   261 0.69 -
augustus_predicted_4810 -            422 1025450at2759        -            307   6.2e-11   40.2   4.8   3   3   7.4e-09     4e-07   27.7   0.1   104   181   260   336   248   372 0.88 -
augustus_predicted_4989 -            389 1025450at2759        -            307     1e-10   39.5   0.2   1   3      0.01      0.56    7.5   0.2   154   245    28   133     6   138 0.56 -
augustus_predicted_4989 -            389 1025450at2759        -            307     1e-10   39.5   0.2   2   3   1.1e-06     6e-05   20.5   0.0   110   175   113   184    93   200 0.75 -
augustus_predicted_4989 -            389 1025450at2759        -            307     1e-10   39.5   0.2   3   3     0.003      0.16    9.2   0.0   258   284   303   329   286   347 0.85 -
augustus_predicted_2677 -            297 1025450at2759        -            307   1.3e-10   39.1   5.9   1   4      0.04       2.2    5.5   0.0   145   172    14    41     1    50 0.63 -
augustus_predicted_2677 -            297 1025450at2759        -            307   1.3e-10   39.1   5.9   2   4   0.00022     0.012   13.0   0.2    39    95    26    86    24   100 0.80 -
augustus_predicted_2677 -            297 1025450at2759        -            307   1.3e-10   39.1   5.9   3   4   1.7e-05   0.00092   16.6   0.1   105   175    62   136    50   153 0.83 -
augustus_predicted_2677 -            297 1025450at2759        -            307   1.3e-10   39.1   5.9   4   4   0.00028     0.016   12.6   0.9    37    96   173   239   169   282 0.78 -
augustus_predicted_3484 -            573 1025450at2759        -            307   2.3e-10   38.3   0.0   1   2   2.3e-07   1.3e-05   22.7   0.0    53   175   225   357   220   364 0.80 -
augustus_predicted_3484 -            573 1025450at2759        -            307   2.3e-10   38.3   0.0   2   2   0.00056     0.031   11.6   0.0   151   247   409   503   382   513 0.88 -
augustus_predicted_1877 -            349 1025450at2759        -            307   3.4e-10   37.8   6.5   1   5     0.019       1.1    6.6   0.9    61   101     6    46     5    60 0.87 -
augustus_predicted_1877 -            349 1025450at2759        -            307   3.4e-10   37.8   6.5   2   5     0.018         1    6.6   0.1   247   295    52   104    45   114 0.67 -
augustus_predicted_1877 -            349 1025450at2759        -            307   3.4e-10   37.8   6.5   3   5       3.9   2.2e+02   -1.0   0.0   152   170   122   140    97   152 0.61 -
augustus_predicted_1877 -            349 1025450at2759        -            307   3.4e-10   37.8   6.5   4   5     0.031       1.7    5.9   0.0    56    96   204   248   188   265 0.65 -
augustus_predicted_1877 -            349 1025450at2759        -            307   3.4e-10   37.8   6.5   5   5   4.6e-06   0.00025   18.5   0.3    52   106   292   345   281   349 0.87 -
augustus_predicted_1801 -            526 1025450at2759        -            307   5.4e-10   37.1   0.7   1   3   0.00046     0.025   11.9   0.0    65    95    26    56    19    71 0.88 -
augustus_predicted_1801 -            526 1025450at2759        -            307   5.4e-10   37.1   0.7   2   3   0.00064     0.035   11.4   0.0    93   153    83   139    78   268 0.83 -
augustus_predicted_1801 -            526 1025450at2759        -            307   5.4e-10   37.1   0.7   3   3      0.02       1.1    6.5   0.0    62   108   290   335   285   343 0.88 -
augustus_predicted_329  -            370 1025450at2759        -            307   7.3e-10   36.7   1.6   1   3   0.00037      0.02   12.2   0.0    97   175    58   135    46   147 0.81 -
augustus_predicted_329  -            370 1025450at2759        -            307   7.3e-10   36.7   1.6   2   3   2.1e-05    0.0011   16.3   0.0   230   304   230   306   176   309 0.84 -
augustus_predicted_329  -            370 1025450at2759        -            307   7.3e-10   36.7   1.6   3   3      0.11         6    4.1   0.1    55    92   328   367   323   369 0.86 -
augustus_predicted_2223 -            401 1025450at2759        -            307   1.2e-09   36.0   0.1   1   3     0.022       1.2    6.4   0.0    88   172   109   193   106   202 0.72 -
augustus_predicted_2223 -            401 1025450at2759        -            307   1.2e-09   36.0   0.1   2   3   2.4e-07   1.3e-05   22.7   0.1    34    95   264   327   255   333 0.86 -
augustus_predicted_2223 -            401 1025450at2759        -            307   1.2e-09   36.0   0.1   3   3         1        55    0.9   0.0    56    95   344   384   340   387 0.81 -
augustus_predicted_4868 -            555 1025450at2759        -            307   2.8e-09   34.8   1.7   1   3     2e-05    0.0011   16.3   0.0   111   171   110   170   102   193 0.84 -
augustus_predicted_4868 -            555 1025450at2759        -            307   2.8e-09   34.8   1.7   2   3     0.098       5.3    4.3   0.1   140   175   196   232   183   256 0.73 -
augustus_predicted_4868 -            555 1025450at2759        -            307   2.8e-09   34.8   1.7   3   3   0.00083     0.045   11.1   0.1    63   209   343   376   300   399 0.53 -
augustus_predicted_479  -            752 1025450at2759        -            307   7.1e-09   33.4  10.2   1   4     0.012      0.65    7.3   0.0   138   172    28    60    18    70 0.81 -
augustus_predicted_479  -            752 1025450at2759        -            307   7.1e-09   33.4  10.2   2   4    0.0027      0.15    9.4   0.1   180   250   120   196    81   209 0.58 -
augustus_predicted_479  -            752 1025450at2759        -            307   7.1e-09   33.4  10.2   3   4    0.0018     0.097   10.0   0.2    74   161   224   309   212   348 0.74 -
augustus_predicted_479  -            752 1025450at2759        -            307   7.1e-09   33.4  10.2   4   4    0.0033      0.18    9.1   0.2   147   213   358   428   348   437 0.81 -
augustus_predicted_2149 -            593 1025450at2759        -            307   8.1e-09   33.2   0.0   1   3    0.0083      0.45    7.8   0.0   198   247   249   304   231   312 0.62 -
augustus_predicted_2149 -            593 1025450at2759        -            307   8.1e-09   33.2   0.0   2   3       1.9   1.1e+02   -0.0   0.0    89   128   318   358   315   371 0.74 -
augustus_predicted_2149 -            593 1025450at2759        -            307   8.1e-09   33.2   0.0   3   3   1.8e-06   9.6e-05   19.8   0.0    34   173   402   560   386   573 0.71 -
augustus_predicted_4607 -            878 1025450at2759        -            307   8.2e-09   33.2   1.2   1   2     0.002      0.11    9.8   0.0    36    94    34   100    31   109 0.72 -
augustus_predicted_4607 -            878 1025450at2759        -            307   8.2e-09   33.2   1.2   2   2   4.5e-06   0.00025   18.5   1.0   155   277   300   426   250   440 0.67 -
augustus_predicted_3159 -            523 1025450at2759        -            307   1.2e-08   32.7   0.7   1   2   3.5e-06   0.00019   18.9   0.4    31    95   253   319   246   342 0.85 -
augustus_predicted_3159 -            523 1025450at2759        -            307   1.2e-08   32.7   0.7   2   2   0.00064     0.035   11.4   0.0    92   149   389   446   364   457 0.78 -
augustus_predicted_1628 -            329 1025450at2759        -            307   1.3e-08   32.5   0.0   1   2   0.00016    0.0087   13.4   0.0   123   245    97   230    28   235 0.62 -
augustus_predicted_1628 -            329 1025450at2759        -            307   1.3e-08   32.5   0.0   2   2    0.0002     0.011   13.1   0.0    24    97   203   283   197   287 0.69 -
augustus_predicted_78   -            522 1025450at2759        -            307   9.8e-08   29.7   0.0   1   2   0.00047     0.026   11.9   0.1   221   306   335   419   194   420 0.78 -
augustus_predicted_78   -            522 1025450at2759        -            307   9.8e-08   29.7   0.0   2   2    0.0015     0.084   10.2   0.0    61   131   441   518   431   521 0.79 -
augustus_predicted_1781 -            397 1025450at2759        -            307   1.7e-07   28.9   5.6   1   3      0.18        10    3.4   0.1   261   278    27    44     8   114 0.77 -
augustus_predicted_1781 -            397 1025450at2759        -            307   1.7e-07   28.9   5.6   2   3     0.014      0.75    7.1   0.0   177   229   186   243   158   266 0.73 -
augustus_predicted_1781 -            397 1025450at2759        -            307   1.7e-07   28.9   5.6   3   3   2.1e-05    0.0011   16.3   0.3    63   106   290   332   276   338 0.79 -
augustus_predicted_793  -            594 1025450at2759        -            307   3.6e-07   27.8   0.0   1   4     0.026       1.4    6.1   0.0    98   258   249   289   232   345 0.58 -
augustus_predicted_793  -            594 1025450at2759        -            307   3.6e-07   27.8   0.0   2   4     0.031       1.7    5.9   0.0   188   248   440   499   423   516 0.74 -
augustus_predicted_793  -            594 1025450at2759        -            307   3.6e-07   27.8   0.0   3   4         2   1.1e+02   -0.0   0.0    54    82   505   533   500   536 0.78 -
augustus_predicted_793  -            594 1025450at2759        -            307   3.6e-07   27.8   0.0   4   4    0.0019       0.1    9.9   0.0    67    94   565   592   562   594 0.80 -
augustus_predicted_1045 -           1116 1025450at2759        -            307   4.1e-07   27.6   0.2   1   3     0.068       3.7    4.8   0.0   254   286   169   201   160   220 0.76 -
augustus_predicted_1045 -           1116 1025450at2759        -            307   4.1e-07   27.6   0.2   2   3     6e-05    0.0033   14.8   0.0   112   171   240   299   234   317 0.91 -
augustus_predicted_1045 -           1116 1025450at2759        -            307   4.1e-07   27.6   0.2   3   3      0.14       7.5    3.8   0.0   106   213   398   465   380   480 0.53 -
augustus_predicted_3401 -           1033 1025450at2759        -            307   9.8e-07   26.4   1.5   1   4       0.2        11    3.2   0.1   190   257    53   115    33   123 0.58 -
augustus_predicted_3401 -           1033 1025450at2759        -            307   9.8e-07   26.4   1.5   2   4   0.00046     0.025   11.9   0.3   153   250    90   190    74   223 0.79 -
augustus_predicted_3401 -           1033 1025450at2759        -            307   9.8e-07   26.4   1.5   3   4      0.05       2.7    5.2   0.0   147   182   278   313   260   336 0.83 -
augustus_predicted_3401 -           1033 1025450at2759        -            307   9.8e-07   26.4   1.5   4   4       0.1       5.5    4.2   0.0   230   253   509   533   504   572 0.80 -
augustus_predicted_2668 -            576 1025450at2759        -            307   1.6e-06   25.7   3.8   1   3       1.9   1.1e+02   -0.0   0.0   226   246   225   245   217   253 0.77 -
augustus_predicted_2668 -            576 1025450at2759        -            307   1.6e-06   25.7   3.8   2   3   2.7e-06   0.00015   19.2   1.3    23   131   283   411   268   471 0.64 -
augustus_predicted_2668 -            576 1025450at2759        -            307   1.6e-06   25.7   3.8   3   3      0.75        41    1.4   0.0   227   247   488   508   459   523 0.72 -
augustus_predicted_3893 -            807 1025450at2759        -            307   1.9e-06   25.4   0.1   1   3   7.5e-06   0.00041   17.8   0.0   133   175   431   472   427   483 0.88 -
augustus_predicted_3893 -            807 1025450at2759        -            307   1.9e-06   25.4   0.1   2   3     0.083       4.5    4.5   0.0    76   168   659   751   590   766 0.67 -
augustus_predicted_3893 -            807 1025450at2759        -            307   1.9e-06   25.4   0.1   3   3       9.9   5.4e+02   -2.3   0.0    36   275   792   805   783   807 0.54 -
augustus_predicted_3264 -            896 1025450at2759        -            307   3.2e-06   24.7   2.1   1   3      0.44        24    2.1   0.0   151   205   103   156    94   179 0.83 -
augustus_predicted_3264 -            896 1025450at2759        -            307   3.2e-06   24.7   2.1   2   3   7.5e-06   0.00041   17.8   0.1    60    97   293   330   286   334 0.89 -
augustus_predicted_3264 -            896 1025450at2759        -            307   3.2e-06   24.7   2.1   3   3       1.4        78    0.4   0.0   154   211   572   632   553   692 0.65 -
augustus_predicted_1141 -            341 1025450at2759        -            307   3.9e-06   24.4   0.4   1   3      0.19        10    3.3   0.0   140   172    11    43     1   132 0.61 -
augustus_predicted_1141 -            341 1025450at2759        -            307   3.9e-06   24.4   0.4   2   3     0.041       2.3    5.5   0.1   159   204   132   176   112   193 0.86 -
augustus_predicted_1141 -            341 1025450at2759        -            307   3.9e-06   24.4   0.4   3   3   0.00038     0.021   12.2   0.0    67   189   254   306   241   333 0.57 -
augustus_predicted_3965 -            511 1025450at2759        -            307   6.1e-06   23.8  14.2   1   3   1.3e-05   0.00071   17.0   0.0   157   254   267   360   223   367 0.58 -
augustus_predicted_3965 -            511 1025450at2759        -            307   6.1e-06   23.8  14.2   2   3   0.00027     0.015   12.7   0.9    96   170   365   448   360   463 0.62 -
augustus_predicted_3965 -            511 1025450at2759        -            307   6.1e-06   23.8  14.2   3   3       9.6   5.2e+02   -2.3   0.3    95   122   480   506   476   508 0.63 -
augustus_predicted_1005 -           1341 1025450at2759        -            307   9.8e-06   23.1   0.1   1   2   0.00044     0.024   12.0   0.0    56    96   250   291   243   296 0.87 -
augustus_predicted_1005 -           1341 1025450at2759        -            307   9.8e-06   23.1   0.1   2   2    0.0087      0.48    7.7   0.0    19    54   362   401   346   411 0.66 -
augustus_predicted_545  -            643 1025450at2759        -            307   1.7e-05   22.3   0.9   1   2   4.9e-06   0.00027   18.4   0.2    98   245    61   217    54   219 0.72 -
augustus_predicted_545  -            643 1025450at2759        -            307   1.7e-05   22.3   0.9   2   2     0.057       3.1    5.0   0.0   125   203   174   256   165   293 0.68 -
augustus_predicted_4562 -            384 1025450at2759        -            307   2.1e-05   22.0   0.8   1   4    0.0099      0.54    7.5   0.0   120   198    41   119    23   141 0.64 -
augustus_predicted_4562 -            384 1025450at2759        -            307   2.1e-05   22.0   0.8   2   4     0.014      0.77    7.0   0.1    66    91   155   180   150   186 0.63 -
augustus_predicted_4562 -            384 1025450at2759        -            307   2.1e-05   22.0   0.8   3   4      0.25        14    2.9   0.0   145   204   219   282   204   314 0.62 -
augustus_predicted_4562 -            384 1025450at2759        -            307   2.1e-05   22.0   0.8   4   4       5.1   2.8e+02   -1.4   0.0   262   275   369   382   344   384 0.64 -
augustus_predicted_4221 -           2167 1025450at2759        -            307   3.2e-05   21.4   0.3   1   2   5.7e-05    0.0031   14.9   0.2   113   215  1944  2054  1923  2073 0.68 -
augustus_predicted_4221 -           2167 1025450at2759        -            307   3.2e-05   21.4   0.3   2   2      0.43        23    2.2   0.0   155   243  2089  2166  2083  2167 0.68 -
augustus_predicted_1150 -            875 1025450at2759        -            307   3.6e-05   21.3   0.2   1   3       9.4   5.1e+02   -2.2   0.0   135   172   159   196    93   210 0.68 -
augustus_predicted_1150 -            875 1025450at2759        -            307   3.6e-05   21.3   0.2   2   3   7.1e-06   0.00039   17.9   0.0   114   173   296   355   286   370 0.88 -
augustus_predicted_1150 -            875 1025450at2759        -            307   3.6e-05   21.3   0.2   3   3         3   1.6e+02   -0.6   0.0   110   130   602   622   560   630 0.64 -
augustus_predicted_3483 -            927 1025450at2759        -            307   3.6e-05   21.3   1.6   1   4      0.16       8.6    3.6   0.0   147   207    19    84    13    95 0.76 -
augustus_predicted_3483 -            927 1025450at2759        -            307   3.6e-05   21.3   1.6   2   4    0.0068      0.37    8.1   0.1   183   269   101   186    95   191 0.63 -
augustus_predicted_3483 -            927 1025450at2759        -            307   3.6e-05   21.3   1.6   3   4       1.8        99    0.1   0.0   137   183   226   271   221   281 0.68 -
augustus_predicted_3483 -            927 1025450at2759        -            307   3.6e-05   21.3   1.6   4   4     0.074       4.1    4.7   0.0    69   104   280   314   249   324 0.83 -
augustus_predicted_4704 -            401 1025450at2759        -            307   5.6e-05   20.6   0.1   1   1     4e-06   0.00022   18.7   0.1   117   220   124   234   123   243 0.73 -
augustus_predicted_3095 -           1557 1025450at2759        -            307   6.5e-05   20.4   3.0   1   3       0.2        11    3.3   0.0    75   111  1267  1304  1228  1318 0.78 -
augustus_predicted_3095 -           1557 1025450at2759        -            307   6.5e-05   20.4   3.0   2   3     0.002      0.11    9.8   0.1    75   175  1321  1438  1313  1453 0.69 -
augustus_predicted_3095 -           1557 1025450at2759        -            307   6.5e-05   20.4   3.0   3   3     0.079       4.3    4.6   0.1    95   140  1454  1496  1449  1507 0.74 -
augustus_predicted_3445 -            448 1025450at2759        -            307   0.00055   17.4   0.4   1   3   0.00062     0.034   11.5   0.0   108   175    46   113    33   129 0.90 -
augustus_predicted_3445 -            448 1025450at2759        -            307   0.00055   17.4   0.4   2   3      0.37        20    2.4   0.1   261   296   340   377   329   383 0.64 -
augustus_predicted_3445 -            448 1025450at2759        -            307   0.00055   17.4   0.4   3   3       7.7   4.2e+02   -2.0   0.0   223   241   426   444   420   446 0.61 -
augustus_predicted_4245 -           1065 1025450at2759        -            307    0.0008   16.8   0.0   1   1   3.9e-05    0.0021   15.4   0.0    35   108   274   348   258   363 0.83 -
augustus_predicted_2078 -            707 1025450at2759        -            307    0.0013   16.2   0.0   1   2       3.1   1.7e+02   -0.7   0.0   230   247    71    88    52    97 0.74 -
augustus_predicted_2078 -            707 1025450at2759        -            307    0.0013   16.2   0.0   2   2   0.00022     0.012   12.9   0.0    97   186   180   275   173   306 0.78 -
augustus_predicted_3287 -            496 1025450at2759        -            307    0.0013   16.2   0.2   1   2      0.33        18    2.5   0.0   197   247   121   170    99   179 0.87 -
augustus_predicted_3287 -            496 1025450at2759        -            307    0.0013   16.2   0.2   2   2    0.0013      0.07   10.4   0.0    62    94   294   327   277   373 0.69 -
augustus_predicted_2351 -            554 1025450at2759        -            307     0.002   15.5   0.0   1   2       0.8        44    1.3   0.0   147   283   197   225   114   241 0.49 -
augustus_predicted_2351 -            554 1025450at2759        -            307     0.002   15.5   0.0   2   2   0.00019      0.01   13.2   0.0   145   250   195   308   166   325 0.61 -
augustus_predicted_4451 -           1454 1025450at2759        -            307    0.0027   15.1   0.3   1   2    0.0011     0.058   10.7   0.1   136   213  1076  1154  1067  1173 0.74 -
augustus_predicted_4451 -           1454 1025450at2759        -            307    0.0027   15.1   0.3   2   2      0.67        36    1.5   0.0   105   169  1239  1307  1185  1320 0.60 -
augustus_predicted_1312 -            467 1025450at2759        -            307     0.012   12.9   1.2   1   3     0.036         2    5.7   0.0   258   284   255   281   246   300 0.76 -
augustus_predicted_1312 -            467 1025450at2759        -            307     0.012   12.9   1.2   2   3      0.11       6.1    4.1   0.0   260   283   302   325   288   334 0.71 -
augustus_predicted_1312 -            467 1025450at2759        -            307     0.012   12.9   1.2   3   3       2.7   1.4e+02   -0.4   0.1    65    94   352   382   340   386 0.74 -
augustus_predicted_620  -            533 1025450at2759        -            307     0.012   12.9   0.1   1   2       2.8   1.5e+02   -0.5   0.0   232   263   269   302   253   335 0.79 -
augustus_predicted_620  -            533 1025450at2759        -            307     0.012   12.9   0.1   2   2    0.0017      0.09   10.1   0.0   261   282   451   472   430   477 0.87 -
augustus_predicted_349  -            444 1025450at2759        -            307     0.013   12.9   0.3   1   2     0.091         5    4.4   0.0   228   259   115   144   111   150 0.83 -
augustus_predicted_349  -            444 1025450at2759        -            307     0.013   12.9   0.3   2   2     0.036         2    5.7   0.1    27    57   245   275   234   281 0.71 -
augustus_predicted_279  -            992 1025450at2759        -            307     0.018   12.4   0.5   1   3    0.0062      0.34    8.2   0.0    55    95   146   184   127   193 0.79 -
augustus_predicted_279  -            992 1025450at2759        -            307     0.018   12.4   0.5   2   3    0.0033      0.18    9.1   0.1    25    58   154   189   146   234 0.41 -
augustus_predicted_279  -            992 1025450at2759        -            307     0.018   12.4   0.5   3   3       7.2   3.9e+02   -1.9   0.0   174   221   935   981   920   984 0.70 -
augustus_predicted_2147 -            448 1025450at2759        -            307     0.032   11.6   0.0   1   3       8.1   4.4e+02   -2.0   0.0   220   251   114   143   101   163 0.78 -
augustus_predicted_2147 -            448 1025450at2759        -            307     0.032   11.6   0.0   2   3     0.031       1.7    5.9   0.0    60    95   220   256   213   263 0.87 -
augustus_predicted_2147 -            448 1025450at2759        -            307     0.032   11.6   0.0   3   3      0.41        22    2.2   0.0   147   175   276   304   267   313 0.87 -
#
# Program:         hmmsearch
# Version:         3.1b2 (February 2015)
# Pipeline mode:   SEARCH
# Query file:      ../../stats/eukaryota_odb10/hmms/1025450at2759.hmm
# Target file:     /home/centos/br/bin/Brownotate-1.2.0/runs/584a0dab-d3a4-4320-afed-b310965cc1e7/annotation/augustus_annotation.faa
# Option settings: hmmsearch --domtblout /home/centos/br/bin/Brownotate-1.2.0/runs/584a0dab-d3a4-4320-afed-b310965cc1e7/busco_annotation/run_eukaryota_odb10/hmmer_output/initial_run_results/1025450at2759.out --cpu 1 ../../stats/eukaryota_odb10/hmms/1025450at2759.hmm /home/centos/br/bin/Brownotate-1.2.0/runs/584a0dab-d3a4-4320-afed-b310965cc1e7/annotation/augustus_annotation.faa 
# Current dir:     /home/centos/br/bin/Brownotate-1.2.0/runs/584a0dab-d3a4-4320-afed-b310965cc1e7
# Date:            Thu Aug 22 20:16:23 2024
# [ok]
