#                                                                               --- full sequence --- -------------- this domain -------------   hmm coord   ali coord   env coord
# target name           accession   tlen query name           accession   qlen   E-value  score  bias   #  of  c-Evalue  i-Evalue  score  bias  from    to  from    to  from    to  acc description of target
#   ------------------- ---------- ----- -------------------- ---------- ----- --------- ------ ----- --- --- --------- --------- ------ ----- ----- ----- ----- ----- ----- ----- ---- ---------------------
augustus_predicted_3270 -            557 1085752at2759        -            230   7.6e-48  161.5  27.2   1   5      0.69   8.8e+02   -2.3   1.9    46    86   118   158    98   166 0.63 -
augustus_predicted_3270 -            557 1085752at2759        -            230   7.6e-48  161.5  27.2   2   5   2.6e-13   3.3e-10   38.3   5.6     1    80   167   250   167   258 0.79 -
augustus_predicted_3270 -            557 1085752at2759        -            230   7.6e-48  161.5  27.2   3   5   6.8e-36   8.8e-33  112.2   1.5    36   166   256   390   247   392 0.87 -
augustus_predicted_3270 -            557 1085752at2759        -            230   7.6e-48  161.5  27.2   4   5     0.024        30    2.5   0.0   169   195   429   455   426   468 0.87 -
augustus_predicted_3270 -            557 1085752at2759        -            230   7.6e-48  161.5  27.2   5   5   2.7e-08   3.5e-05   21.9   0.1   200   229   505   534   491   535 0.80 -
augustus_predicted_1223 -           1007 1085752at2759        -            230         1    7.3   6.4   1   1    0.0022       2.9    5.8   6.4    26    85   600   658   587   667 0.81 -
augustus_predicted_1028 -            113 1085752at2759        -            230       1.5    6.7  16.9   1   1   0.00082       1.1    7.2  15.5    25    97    13    82     2    89 0.80 -
augustus_predicted_2286 -            221 1085752at2759        -            230       4.1    5.3  14.0   1   2    0.0028       3.5    5.5  11.6    26    89    31    96    17   106 0.51 -
augustus_predicted_2286 -            221 1085752at2759        -            230       4.1    5.3  14.0   2   2      0.03        39    2.1   3.3    31    95    71   144    65   156 0.41 -
#
# Program:         hmmsearch
# Version:         3.1b2 (February 2015)
# Pipeline mode:   SEARCH
# Query file:      ../../stats/eukaryota_odb10/hmms/1085752at2759.hmm
# Target file:     /home/centos/br/bin/Brownotate-1.2.0/runs/584a0dab-d3a4-4320-afed-b310965cc1e7/annotation/augustus_annotation.faa
# Option settings: hmmsearch --domtblout /home/centos/br/bin/Brownotate-1.2.0/runs/584a0dab-d3a4-4320-afed-b310965cc1e7/busco_annotation/run_eukaryota_odb10/hmmer_output/initial_run_results/1085752at2759.out --cpu 1 ../../stats/eukaryota_odb10/hmms/1085752at2759.hmm /home/centos/br/bin/Brownotate-1.2.0/runs/584a0dab-d3a4-4320-afed-b310965cc1e7/annotation/augustus_annotation.faa 
# Current dir:     /home/centos/br/bin/Brownotate-1.2.0/runs/584a0dab-d3a4-4320-afed-b310965cc1e7
# Date:            Thu Aug 22 20:16:22 2024
# [ok]
