#                                                                               --- full sequence --- -------------- this domain -------------   hmm coord   ali coord   env coord
# target name           accession   tlen query name           accession   qlen   E-value  score  bias   #  of  c-Evalue  i-Evalue  score  bias  from    to  from    to  from    to  acc description of target
#   ------------------- ---------- ----- -------------------- ---------- ----- --------- ------ ----- --- --- --------- --------- ------ ----- ----- ----- ----- ----- ----- ----- ---- ---------------------
augustus_predicted_1104 -            397 1182451at2759        -            154   1.8e-36  123.5  12.7   1   3   1.2e-06   0.00085   17.4   0.0     8    51    91   136    84   153 0.85 -
augustus_predicted_1104 -            397 1182451at2759        -            154   1.8e-36  123.5  12.7   2   3   5.8e-08   4.3e-05   21.6   0.4    50    86   155   191   144   201 0.89 -
augustus_predicted_1104 -            397 1182451at2759        -            154   1.8e-36  123.5  12.7   3   3   9.6e-29     7e-26   89.1   3.8    76   153   235   312   218   313 0.89 -
augustus_predicted_1149 -            544 1182451at2759        -            154   1.1e-16   59.2   2.9   1   2      0.07        51    1.9   1.5    35    94    87   146    43   160 0.61 -
augustus_predicted_1149 -            544 1182451at2759        -            154   1.1e-16   59.2   2.9   2   2   1.5e-19   1.1e-16   59.2   2.9    84   152   194   262   188   264 0.96 -
augustus_predicted_2524 -            340 1182451at2759        -            154   4.8e-13   47.4   1.2   1   4      0.79   5.8e+02   -1.6   2.9    69    80    22    33     1    81 0.55 -
augustus_predicted_2524 -            340 1182451at2759        -            154   4.8e-13   47.4   1.2   2   4       1.5   1.1e+03   -2.5   0.0    93   109   101   117    98   129 0.74 -
augustus_predicted_2524 -            340 1182451at2759        -            154   4.8e-13   47.4   1.2   3   4     0.098        72    1.4   0.2    53    73   139   159   121   177 0.83 -
augustus_predicted_2524 -            340 1182451at2759        -            154   4.8e-13   47.4   1.2   4   4   6.5e-16   4.8e-13   47.4   1.2    81   146   245   310   186   318 0.87 -
augustus_predicted_3172 -            290 1182451at2759        -            154   2.1e-12   45.4   2.5   1   2      0.88   6.5e+02   -1.7   3.5    54    88    66   100    36   173 0.58 -
augustus_predicted_3172 -            290 1182451at2759        -            154   2.1e-12   45.4   2.5   2   2   2.8e-15   2.1e-12   45.4   2.5    86   153   191   258   182   259 0.94 -
augustus_predicted_4011 -            295 1182451at2759        -            154   1.3e-11   42.8   3.2   1   2       1.8   1.3e+03   -2.7   3.7    57    78   119   140    51   179 0.49 -
augustus_predicted_4011 -            295 1182451at2759        -            154   1.3e-11   42.8   3.2   2   2   1.8e-14   1.3e-11   42.8   3.2    86   153   195   262   186   263 0.94 -
augustus_predicted_1203 -            302 1182451at2759        -            154   3.6e-11   41.3   6.7   1   2      0.16   1.2e+02    0.7   0.7    44    80    94   130    60   134 0.60 -
augustus_predicted_1203 -            302 1182451at2759        -            154   3.6e-11   41.3   6.7   2   2   4.9e-14   3.6e-11   41.3   6.7    64   153   187   277   143   278 0.83 -
augustus_predicted_1264 -            284 1182451at2759        -            154     0.023   12.8   2.6   1   2       1.3   9.3e+02   -2.2   0.0    76   104    34    62    16    74 0.71 -
augustus_predicted_1264 -            284 1182451at2759        -            154     0.023   12.8   2.6   2   2   3.4e-05     0.025   12.6   0.8    20    85    97   163    81   167 0.85 -
#
# Program:         hmmsearch
# Version:         3.1b2 (February 2015)
# Pipeline mode:   SEARCH
# Query file:      ../../stats/eukaryota_odb10/hmms/1182451at2759.hmm
# Target file:     /home/centos/br/bin/Brownotate-1.2.0/runs/584a0dab-d3a4-4320-afed-b310965cc1e7/annotation/augustus_annotation.faa
# Option settings: hmmsearch --domtblout /home/centos/br/bin/Brownotate-1.2.0/runs/584a0dab-d3a4-4320-afed-b310965cc1e7/busco_annotation/run_eukaryota_odb10/hmmer_output/initial_run_results/1182451at2759.out --cpu 1 ../../stats/eukaryota_odb10/hmms/1182451at2759.hmm /home/centos/br/bin/Brownotate-1.2.0/runs/584a0dab-d3a4-4320-afed-b310965cc1e7/annotation/augustus_annotation.faa 
# Current dir:     /home/centos/br/bin/Brownotate-1.2.0/runs/584a0dab-d3a4-4320-afed-b310965cc1e7
# Date:            Thu Aug 22 20:16:22 2024
# [ok]
