#                                                                               --- full sequence --- -------------- this domain -------------   hmm coord   ali coord   env coord
# target name           accession   tlen query name           accession   qlen   E-value  score  bias   #  of  c-Evalue  i-Evalue  score  bias  from    to  from    to  from    to  acc description of target
#   ------------------- ---------- ----- -------------------- ---------- ----- --------- ------ ----- --- --- --------- --------- ------ ----- ----- ----- ----- ----- ----- ----- ---- ---------------------
augustus_predicted_1425 -            724 1194797at2759        -            454   1.1e-91  305.9  18.8   1   2   2.1e-29   8.3e-27   92.1   5.2     2   156    36   250    35   257 0.75 -
augustus_predicted_1425 -            724 1194797at2759        -            454   1.1e-91  305.9  18.8   2   2   1.7e-60   6.8e-58  194.6   4.7   143   445   260   669   255   684 0.73 -
augustus_predicted_2000 -            642 1194797at2759        -            454   1.7e-22   77.9   0.0   1   2   0.00033      0.13    9.0   0.0   106   155    39    90    27    98 0.86 -
augustus_predicted_2000 -            642 1194797at2759        -            454   1.7e-22   77.9   0.0   2   2   1.2e-20   4.8e-18   63.2   0.0   211   403   196   436   181   448 0.68 -
augustus_predicted_4239 -            923 1194797at2759        -            454   6.8e-09   33.0   0.8   1   6     0.012       4.8    3.9   0.0   102   139   100   137    87   146 0.79 -
augustus_predicted_4239 -            923 1194797at2759        -            454   6.8e-09   33.0   0.8   2   6   0.00033      0.13    9.0   0.0   316   346   346   376   327   399 0.80 -
augustus_predicted_4239 -            923 1194797at2759        -            454   6.8e-09   33.0   0.8   3   6     0.006       2.4    4.9   0.0   315   392   387   469   376   473 0.72 -
augustus_predicted_4239 -            923 1194797at2759        -            454   6.8e-09   33.0   0.8   4   6    0.0012      0.49    7.1   0.0   262   317   494   550   478   553 0.85 -
augustus_predicted_4239 -            923 1194797at2759        -            454   6.8e-09   33.0   0.8   5   6      0.35   1.4e+02   -1.0   0.0   299   344   559   606   556   619 0.79 -
augustus_predicted_4239 -            923 1194797at2759        -            454   6.8e-09   33.0   0.8   6   6       3.6   1.4e+03   -4.3   0.0    99   125   679   705   673   709 0.69 -
augustus_predicted_4249 -            515 1194797at2759        -            454     1e-05   22.6   4.8   1   4      0.01         4    4.1   0.1   358   384   192   215   167   240 0.60 -
augustus_predicted_4249 -            515 1194797at2759        -            454     1e-05   22.6   4.8   2   4      0.16        62    0.2   0.1   101   127   281   307   261   330 0.81 -
augustus_predicted_4249 -            515 1194797at2759        -            454     1e-05   22.6   4.8   3   4   1.6e-06   0.00064   16.6   0.1   314   389   401   478   389   481 0.74 -
augustus_predicted_4249 -            515 1194797at2759        -            454     1e-05   22.6   4.8   4   4    0.0074       2.9    4.6   0.0   245   298   449   502   435   513 0.61 -
augustus_predicted_4363 -            840 1194797at2759        -            454   1.6e-05   22.0   0.0   1   3     0.017       6.7    3.4   0.0    94   123    75   104    66   118 0.75 -
augustus_predicted_4363 -            840 1194797at2759        -            454   1.6e-05   22.0   0.0   2   3   8.2e-05     0.032   11.0   0.0   104   154   143   197   121   199 0.78 -
augustus_predicted_4363 -            840 1194797at2759        -            454   1.6e-05   22.0   0.0   3   3     0.036        14    2.3   0.0   283   312   357   386   319   393 0.68 -
augustus_predicted_4531 -            798 1194797at2759        -            454   3.1e-05   21.0   0.4   1   2   4.8e-07   0.00019   18.4   0.1    79   166   548   643   541   650 0.81 -
augustus_predicted_4531 -            798 1194797at2759        -            454   3.1e-05   21.0   0.4   2   2       0.6   2.4e+02   -1.7   0.0   320   349   699   728   684   732 0.83 -
augustus_predicted_2837 -            939 1194797at2759        -            454   0.00061   16.7   0.0   1   1   4.2e-06    0.0017   15.3   0.0   314   384   584   656   563   663 0.78 -
augustus_predicted_3977 -            347 1194797at2759        -            454    0.0007   16.5   1.4   1   3   0.00091      0.36    7.6   0.3   103   171    15    91     8   100 0.72 -
augustus_predicted_3977 -            347 1194797at2759        -            454    0.0007   16.5   1.4   2   3      0.45   1.8e+02   -1.3   0.0   139   152    96   109    92   118 0.77 -
augustus_predicted_3977 -            347 1194797at2759        -            454    0.0007   16.5   1.4   3   3    0.0018      0.72    6.6   0.0   321   372   159   216   123   223 0.71 -
augustus_predicted_3761 -            468 1194797at2759        -            454    0.0012   15.8   0.0   1   3      0.46   1.8e+02   -1.3   0.0   312   351    68   107    62   114 0.68 -
augustus_predicted_3761 -            468 1194797at2759        -            454    0.0012   15.8   0.0   2   3   1.5e-05    0.0061   13.4   0.0   320   377   150   212   142   223 0.79 -
augustus_predicted_3761 -            468 1194797at2759        -            454    0.0012   15.8   0.0   3   3       2.6     1e+03   -3.8   0.0   179   208   352   382   348   393 0.54 -
augustus_predicted_2147 -            448 1194797at2759        -            454    0.0013   15.6   0.0   1   1   5.8e-06    0.0023   14.8   0.0   279   318   266   305   225   314 0.79 -
augustus_predicted_4755 -            465 1194797at2759        -            454     0.002   15.0   0.7   1   3   5.7e-05     0.022   11.6   0.1   312   355    90   133    74   153 0.81 -
augustus_predicted_4755 -            465 1194797at2759        -            454     0.002   15.0   0.7   2   3      0.28   1.1e+02   -0.6   0.0    94   125   215   247   167   296 0.55 -
augustus_predicted_4755 -            465 1194797at2759        -            454     0.002   15.0   0.7   3   3      0.27   1.1e+02   -0.6   0.0   282   310   350   378   293   382 0.69 -
augustus_predicted_5156 -            426 1194797at2759        -            454    0.0024   14.8   0.0   1   1   1.7e-05    0.0065   13.3   0.0   316   372    27    92     7   104 0.72 -
augustus_predicted_2127 -            788 1194797at2759        -            454     0.018   11.9   0.8   1   4       1.1   4.4e+02   -2.6   0.0   312   345    56    89     6   103 0.58 -
augustus_predicted_2127 -            788 1194797at2759        -            454     0.018   11.9   0.8   2   4       2.1   8.4e+02   -3.5   0.0   396   428   232   266   229   269 0.80 -
augustus_predicted_2127 -            788 1194797at2759        -            454     0.018   11.9   0.8   3   4   0.00014     0.054   10.3   0.0   350   388   383   423   371   437 0.77 -
augustus_predicted_2127 -            788 1194797at2759        -            454     0.018   11.9   0.8   4   4       3.4   1.4e+03   -4.2   0.0   102   125   610   634   607   644 0.72 -
#
# Program:         hmmsearch
# Version:         3.1b2 (February 2015)
# Pipeline mode:   SEARCH
# Query file:      ../../stats/eukaryota_odb10/hmms/1194797at2759.hmm
# Target file:     /home/centos/br/bin/Brownotate-1.2.0/runs/584a0dab-d3a4-4320-afed-b310965cc1e7/annotation/augustus_annotation.faa
# Option settings: hmmsearch --domtblout /home/centos/br/bin/Brownotate-1.2.0/runs/584a0dab-d3a4-4320-afed-b310965cc1e7/busco_annotation/run_eukaryota_odb10/hmmer_output/initial_run_results/1194797at2759.out --cpu 1 ../../stats/eukaryota_odb10/hmms/1194797at2759.hmm /home/centos/br/bin/Brownotate-1.2.0/runs/584a0dab-d3a4-4320-afed-b310965cc1e7/annotation/augustus_annotation.faa 
# Current dir:     /home/centos/br/bin/Brownotate-1.2.0/runs/584a0dab-d3a4-4320-afed-b310965cc1e7
# Date:            Thu Aug 22 20:16:21 2024
# [ok]
