#                                                                               --- full sequence --- -------------- this domain -------------   hmm coord   ali coord   env coord
# target name           accession   tlen query name           accession   qlen   E-value  score  bias   #  of  c-Evalue  i-Evalue  score  bias  from    to  from    to  from    to  acc description of target
#   ------------------- ---------- ----- -------------------- ---------- ----- --------- ------ ----- --- --- --------- --------- ------ ----- ----- ----- ----- ----- ----- ----- ---- ---------------------
augustus_predicted_1761 -            960 1248958at2759        -            654  1.2e-173  577.2  24.7   1   1  2.7e-175  4.6e-172  572.0  24.7     8   624    51   844    38   856 0.80 -
augustus_predicted_2787 -            861 1248958at2759        -            654   0.00086   16.0   1.5   1   5   5.3e-05      0.09    9.3   0.0    28    76    93   142    89   148 0.93 -
augustus_predicted_2787 -            861 1248958at2759        -            654   0.00086   16.0   1.5   2   5      0.14   2.5e+02   -2.0   0.2   174   225   248   297   225   307 0.77 -
augustus_predicted_2787 -            861 1248958at2759        -            654   0.00086   16.0   1.5   3   5      0.15   2.5e+02   -2.1   0.0   294   316   375   397   362   410 0.74 -
augustus_predicted_2787 -            861 1248958at2759        -            654   0.00086   16.0   1.5   4   5     0.072   1.2e+02   -1.0   0.0   524   573   570   619   562   648 0.84 -
augustus_predicted_2787 -            861 1248958at2759        -            654   0.00086   16.0   1.5   5   5    0.0054       9.2    2.7   0.0   406   497   631   731   611   785 0.81 -
augustus_predicted_1548 -            313 1248958at2759        -            654     0.009   12.6   0.0   1   1   9.2e-06     0.016   11.8   0.0   333   372    67   106    51   113 0.91 -
#
# Program:         hmmsearch
# Version:         3.1b2 (February 2015)
# Pipeline mode:   SEARCH
# Query file:      ../../stats/eukaryota_odb10/hmms/1248958at2759.hmm
# Target file:     /home/centos/br/bin/Brownotate-1.2.0/runs/584a0dab-d3a4-4320-afed-b310965cc1e7/annotation/augustus_annotation.faa
# Option settings: hmmsearch --domtblout /home/centos/br/bin/Brownotate-1.2.0/runs/584a0dab-d3a4-4320-afed-b310965cc1e7/busco_annotation/run_eukaryota_odb10/hmmer_output/initial_run_results/1248958at2759.out --cpu 1 ../../stats/eukaryota_odb10/hmms/1248958at2759.hmm /home/centos/br/bin/Brownotate-1.2.0/runs/584a0dab-d3a4-4320-afed-b310965cc1e7/annotation/augustus_annotation.faa 
# Current dir:     /home/centos/br/bin/Brownotate-1.2.0/runs/584a0dab-d3a4-4320-afed-b310965cc1e7
# Date:            Thu Aug 22 20:16:22 2024
# [ok]
