#                                                                               --- full sequence --- -------------- this domain -------------   hmm coord   ali coord   env coord
# target name           accession   tlen query name           accession   qlen   E-value  score  bias   #  of  c-Evalue  i-Evalue  score  bias  from    to  from    to  from    to  acc description of target
#   ------------------- ---------- ----- -------------------- ---------- ----- --------- ------ ----- --- --- --------- --------- ------ ----- ----- ----- ----- ----- ----- ----- ---- ---------------------
augustus_predicted_3220 -            208 1421503at2759        -            114   7.1e-50  166.2   0.1   1   1   2.8e-52   1.1e-49  165.6   0.1     5   113    44   156    41   157 0.94 -
augustus_predicted_2426 -            577 1421503at2759        -            114   8.2e-15   53.3   0.0   1   4   4.3e-07   0.00017   20.0   0.0     5    78    36   113    32   127 0.85 -
augustus_predicted_2426 -            577 1421503at2759        -            114   8.2e-15   53.3   0.0   2   4     0.042        17    3.9   0.0     8    72   127   194   119   200 0.75 -
augustus_predicted_2426 -            577 1421503at2759        -            114   8.2e-15   53.3   0.0   3   4     1e-06    0.0004   18.8   0.0     7    66   219   278   214   289 0.80 -
augustus_predicted_2426 -            577 1421503at2759        -            114   8.2e-15   53.3   0.0   4   4     0.022       8.6    4.9   0.0     8    67   323   382   317   389 0.70 -
augustus_predicted_3463 -            887 1421503at2759        -            114     8e-13   46.8   0.7   1   5      0.45   1.8e+02    0.6   0.0    48    85    58    98    44   100 0.79 -
augustus_predicted_3463 -            887 1421503at2759        -            114     8e-13   46.8   0.7   2   5   8.2e-05     0.032   12.7   0.0     7    63   345   402   340   415 0.85 -
augustus_predicted_3463 -            887 1421503at2759        -            114     8e-13   46.8   0.7   3   5       1.9   7.6e+02   -1.4   0.0     4    37   529   563   526   596 0.86 -
augustus_predicted_3463 -            887 1421503at2759        -            114     8e-13   46.8   0.7   4   5   0.00044      0.17   10.3   0.0     8    76   664   741   660   756 0.69 -
augustus_predicted_3463 -            887 1421503at2759        -            114     8e-13   46.8   0.7   5   5   5.6e-06    0.0022   16.4   0.0     5    64   761   820   757   838 0.77 -
augustus_predicted_5006 -            453 1421503at2759        -            114     2e-12   45.6   2.7   1   3   6.3e-08   2.5e-05   22.7   0.1     7    79    75   150    71   158 0.86 -
augustus_predicted_5006 -            453 1421503at2759        -            114     2e-12   45.6   2.7   2   3   0.00015     0.058   11.9   0.6     7   100   162   267   156   279 0.64 -
augustus_predicted_5006 -            453 1421503at2759        -            114     2e-12   45.6   2.7   3   3     0.001       0.4    9.2   0.0     7    64   341   393   336   422 0.78 -
augustus_predicted_2091 -            414 1421503at2759        -            114   9.2e-11   40.2   0.0   1   2    0.0043       1.7    7.1   0.0     7    79   168   244   163   259 0.75 -
augustus_predicted_2091 -            414 1421503at2759        -            114   9.2e-11   40.2   0.0   2   2     2e-10   7.9e-08   30.8   0.0     6    81   266   345   262   385 0.78 -
augustus_predicted_3338 -            685 1421503at2759        -            114   1.4e-08   33.2   0.5   1   4   2.4e-05    0.0096   14.4   0.0     5    78    24   100    22   105 0.80 -
augustus_predicted_3338 -            685 1421503at2759        -            114   1.4e-08   33.2   0.5   2   4     0.026        10    4.6   0.0    45    79   186   223   165   238 0.79 -
augustus_predicted_3338 -            685 1421503at2759        -            114   1.4e-08   33.2   0.5   3   4    0.0023      0.89    8.0   0.0     4    64   287   348   284   354 0.87 -
augustus_predicted_3338 -            685 1421503at2759        -            114   1.4e-08   33.2   0.5   4   4      0.58   2.3e+02    0.3   0.0    33    61   538   567   523   585 0.76 -
augustus_predicted_1387 -            213 1421503at2759        -            114   1.8e-08   32.8   0.6   1   2     2e-09   7.8e-07   27.6   0.1     7    76     9    83     3    87 0.85 -
augustus_predicted_1387 -            213 1421503at2759        -            114   1.8e-08   32.8   0.6   2   2     0.051        20    3.7   0.0    44    83   147   185   107   201 0.69 -
augustus_predicted_3695 -            250 1421503at2759        -            114   9.8e-05   20.8   0.0   1   1   4.7e-07   0.00018   19.9   0.0     5    72    62   132    59   147 0.81 -
augustus_predicted_4874 -            403 1421503at2759        -            114   0.00042   18.7   0.1   1   2      0.11        42    2.7   0.0    10    28   128   146   120   217 0.57 -
augustus_predicted_4874 -            403 1421503at2759        -            114   0.00042   18.7   0.1   2   2   0.00015     0.059   11.8   0.0     7    66   239   299   233   329 0.84 -
augustus_predicted_3007 -            523 1421503at2759        -            114   0.00086   17.7   0.1   1   3      0.76     3e+02   -0.1   0.0    45    62   104   121    97   129 0.79 -
augustus_predicted_3007 -            523 1421503at2759        -            114   0.00086   17.7   0.1   2   3   0.00018     0.069   11.6   0.0     6    78   162   239   158   257 0.80 -
augustus_predicted_3007 -            523 1421503at2759        -            114   0.00086   17.7   0.1   3   3       0.4   1.6e+02    0.8   0.0     6    64   312   365   308   384 0.59 -
augustus_predicted_1920 -            296 1421503at2759        -            114    0.0015   17.0   0.0   1   1     6e-06    0.0024   16.3   0.0     7    78    18    93    14   111 0.88 -
augustus_predicted_1086 -            459 1421503at2759        -            114    0.0041   15.6   0.0   1   3      0.94   3.7e+02   -0.4   0.0    23    48     5    30     2    59 0.82 -
augustus_predicted_1086 -            459 1421503at2759        -            114    0.0041   15.6   0.0   2   3       1.2   4.9e+02   -0.8   0.0     6    29   147   171   144   175 0.84 -
augustus_predicted_1086 -            459 1421503at2759        -            114    0.0041   15.6   0.0   3   3   0.00023     0.092   11.2   0.0     5    61   277   334   273   347 0.85 -
augustus_predicted_3645 -            446 1421503at2759        -            114     0.022   13.2   0.3   1   2       3.7   1.5e+03   -2.3   0.0    75    84    24    33    10    35 0.85 -
augustus_predicted_3645 -            446 1421503at2759        -            114     0.022   13.2   0.3   2   2   0.00021     0.081   11.4   0.1     7    81   253   334   249   360 0.78 -
#
# Program:         hmmsearch
# Version:         3.1b2 (February 2015)
# Pipeline mode:   SEARCH
# Query file:      ../../stats/eukaryota_odb10/hmms/1421503at2759.hmm
# Target file:     /home/centos/br/bin/Brownotate-1.2.0/runs/584a0dab-d3a4-4320-afed-b310965cc1e7/annotation/augustus_annotation.faa
# Option settings: hmmsearch --domtblout /home/centos/br/bin/Brownotate-1.2.0/runs/584a0dab-d3a4-4320-afed-b310965cc1e7/busco_annotation/run_eukaryota_odb10/hmmer_output/initial_run_results/1421503at2759.out --cpu 1 ../../stats/eukaryota_odb10/hmms/1421503at2759.hmm /home/centos/br/bin/Brownotate-1.2.0/runs/584a0dab-d3a4-4320-afed-b310965cc1e7/annotation/augustus_annotation.faa 
# Current dir:     /home/centos/br/bin/Brownotate-1.2.0/runs/584a0dab-d3a4-4320-afed-b310965cc1e7
# Date:            Thu Aug 22 20:16:22 2024
# [ok]
