#                                                                               --- full sequence --- -------------- this domain -------------   hmm coord   ali coord   env coord
# target name           accession   tlen query name           accession   qlen   E-value  score  bias   #  of  c-Evalue  i-Evalue  score  bias  from    to  from    to  from    to  acc description of target
#   ------------------- ---------- ----- -------------------- ---------- ----- --------- ------ ----- --- --- --------- --------- ------ ----- ----- ----- ----- ----- ----- ----- ---- ---------------------
augustus_predicted_4918 -            493 1442062at2759        -            219   1.5e-28   98.0  19.0   1   4   7.7e-07     0.002   15.9   4.5    10    61    20    87     3    96 0.63 -
augustus_predicted_4918 -            493 1442062at2759        -            219   1.5e-28   98.0  19.0   2   4   1.2e-16   3.1e-13   47.9   0.1    74   163   184   288   164   291 0.80 -
augustus_predicted_4918 -            493 1442062at2759        -            219   1.5e-28   98.0  19.0   3   4   1.9e-13   4.8e-10   37.5   0.4   160   216   316   372   312   375 0.94 -
augustus_predicted_4918 -            493 1442062at2759        -            219   1.5e-28   98.0  19.0   4   4      0.12     3e+02   -1.1   0.1   207   218   438   449   435   450 0.80 -
augustus_predicted_1783 -            359 1442062at2759        -            219   1.2e-09   36.2   9.5   1   4      0.82   2.1e+03   -3.8   0.2   195   203    19    27    17    29 0.76 -
augustus_predicted_1783 -            359 1442062at2759        -            219   1.2e-09   36.2   9.5   2   4   1.6e-08     4e-05   21.4   0.0    11    63    39    93    34   107 0.85 -
augustus_predicted_1783 -            359 1442062at2759        -            219   1.2e-09   36.2   9.5   3   4   1.7e-07   0.00043   18.0   0.0    94   195   164   284   155   293 0.69 -
augustus_predicted_1783 -            359 1442062at2759        -            219   1.2e-09   36.2   9.5   4   4     0.034        87    0.7   0.5   198   215   308   325   297   337 0.85 -
#
# Program:         hmmsearch
# Version:         3.1b2 (February 2015)
# Pipeline mode:   SEARCH
# Query file:      ../../stats/eukaryota_odb10/hmms/1442062at2759.hmm
# Target file:     /home/centos/br/bin/Brownotate-1.2.0/runs/584a0dab-d3a4-4320-afed-b310965cc1e7/annotation/augustus_annotation.faa
# Option settings: hmmsearch --domtblout /home/centos/br/bin/Brownotate-1.2.0/runs/584a0dab-d3a4-4320-afed-b310965cc1e7/busco_annotation/run_eukaryota_odb10/hmmer_output/initial_run_results/1442062at2759.out --cpu 1 ../../stats/eukaryota_odb10/hmms/1442062at2759.hmm /home/centos/br/bin/Brownotate-1.2.0/runs/584a0dab-d3a4-4320-afed-b310965cc1e7/annotation/augustus_annotation.faa 
# Current dir:     /home/centos/br/bin/Brownotate-1.2.0/runs/584a0dab-d3a4-4320-afed-b310965cc1e7
# Date:            Thu Aug 22 20:16:23 2024
# [ok]
