#                                                                               --- full sequence --- -------------- this domain -------------   hmm coord   ali coord   env coord
# target name           accession   tlen query name           accession   qlen   E-value  score  bias   #  of  c-Evalue  i-Evalue  score  bias  from    to  from    to  from    to  acc description of target
#   ------------------- ---------- ----- -------------------- ---------- ----- --------- ------ ----- --- --- --------- --------- ------ ----- ----- ----- ----- ----- ----- ----- ---- ---------------------
augustus_predicted_35   -            156 1538526at2759        -            105   5.9e-42  140.2   2.7   1   1   8.6e-45   7.3e-42  139.9   2.3     2    95    28   125    27   149 0.93 -
augustus_predicted_2248 -            126 1538526at2759        -            105   9.2e-23   78.5   0.0   1   1   1.3e-25   1.1e-22   78.2   0.0     3    95     6   102     4   112 0.89 -
augustus_predicted_2891 -            256 1538526at2759        -            105   4.7e-11   40.8   0.1   1   1   9.3e-14     8e-11   40.1   0.1    28    98   131   203   107   209 0.88 -
augustus_predicted_2464 -            256 1538526at2759        -            105   6.1e-11   40.5   0.1   1   1   1.2e-13     1e-10   39.7   0.1    28    98   131   203   108   209 0.89 -
augustus_predicted_1430 -            143 1538526at2759        -            105    0.0041   15.3   0.1   1   2   8.7e-06    0.0074   14.5   0.0    26    69    38    81    15   103 0.77 -
augustus_predicted_1430 -            143 1538526at2759        -            105    0.0041   15.3   0.1   2   2       3.5     3e+03   -3.5   0.0    83    99   111   127   108   132 0.64 -
augustus_predicted_1931 -            105 1538526at2759        -            105    0.0047   15.1   0.1   1   1   6.3e-06    0.0054   14.9   0.1    15    87    11    83     1    98 0.68 -
#
# Program:         hmmsearch
# Version:         3.1b2 (February 2015)
# Pipeline mode:   SEARCH
# Query file:      ../../stats/eukaryota_odb10/hmms/1538526at2759.hmm
# Target file:     /home/centos/br/bin/Brownotate-1.2.0/runs/584a0dab-d3a4-4320-afed-b310965cc1e7/annotation/augustus_annotation.faa
# Option settings: hmmsearch --domtblout /home/centos/br/bin/Brownotate-1.2.0/runs/584a0dab-d3a4-4320-afed-b310965cc1e7/busco_annotation/run_eukaryota_odb10/hmmer_output/initial_run_results/1538526at2759.out --cpu 1 ../../stats/eukaryota_odb10/hmms/1538526at2759.hmm /home/centos/br/bin/Brownotate-1.2.0/runs/584a0dab-d3a4-4320-afed-b310965cc1e7/annotation/augustus_annotation.faa 
# Current dir:     /home/centos/br/bin/Brownotate-1.2.0/runs/584a0dab-d3a4-4320-afed-b310965cc1e7
# Date:            Thu Aug 22 20:16:23 2024
# [ok]
