#                                                                               --- full sequence --- -------------- this domain -------------   hmm coord   ali coord   env coord
# target name           accession   tlen query name           accession   qlen   E-value  score  bias   #  of  c-Evalue  i-Evalue  score  bias  from    to  from    to  from    to  acc description of target
#   ------------------- ---------- ----- -------------------- ---------- ----- --------- ------ ----- --- --- --------- --------- ------ ----- ----- ----- ----- ----- ----- ----- ---- ---------------------
augustus_predicted_863  -            128 1545004at2759        -             78   5.3e-20   69.3   0.2   1   1   1.8e-22   7.6e-20   68.8   0.2     1    73    24    93    24    98 0.91 -
augustus_predicted_746  -            172 1545004at2759        -             78   8.3e-20   68.7   0.2   1   1   3.1e-22   1.3e-19   68.0   0.2     5    70    51   119    47   125 0.86 -
augustus_predicted_2297 -            514 1545004at2759        -             78     2e-11   41.8   0.1   1   2     1e-11   4.3e-09   34.3   0.0     7    41    19    54    12    62 0.85 -
augustus_predicted_2297 -            514 1545004at2759        -             78     2e-11   41.8   0.1   2   2     0.013       5.7    5.1   0.0    44    61    76    93    72   109 0.84 -
augustus_predicted_2864 -             89 1545004at2759        -             78   7.7e-11   39.9   0.1   1   1   2.4e-13     1e-10   39.5   0.1     6    68    14    81    10    88 0.81 -
augustus_predicted_2408 -             93 1545004at2759        -             78   1.4e-08   32.7   0.2   1   1   5.1e-11   2.2e-08   32.1   0.2     4    62    16    80    12    83 0.80 -
augustus_predicted_4668 -             77 1545004at2759        -             78   6.9e-08   30.5   0.2   1   1   1.9e-10   7.9e-08   30.3   0.2     1    67     7    75     7    76 0.84 -
augustus_predicted_4898 -            115 1545004at2759        -             78   7.8e-08   30.3   0.4   1   1     7e-10     3e-07   28.4   0.4     7    57    37    96    30   104 0.71 -
augustus_predicted_4211 -             88 1545004at2759        -             78   4.4e-06   24.7   0.1   1   1   1.3e-08   5.4e-06   24.4   0.1     9    43    15    49     6    67 0.79 -
augustus_predicted_1251 -             94 1545004at2759        -             78   1.1e-05   23.4   0.1   1   1   3.9e-08   1.7e-05   22.8   0.1    17    65    38    92    27    94 0.77 -
augustus_predicted_2732 -            110 1545004at2759        -             78   0.00048   18.2   0.2   1   1     2e-06   0.00087   17.3   0.2    12    63    48   104    38   107 0.74 -
augustus_predicted_3523 -             86 1545004at2759        -             78   0.00058   17.9   0.0   1   1   1.6e-06   0.00067   17.7   0.0    18    65    38    83    22    86 0.88 -
augustus_predicted_2377 -            173 1545004at2759        -             78    0.0038   15.3   0.3   1   1   2.5e-05     0.011   13.8   0.3    13    40     6    33     1    80 0.76 -
#
# Program:         hmmsearch
# Version:         3.1b2 (February 2015)
# Pipeline mode:   SEARCH
# Query file:      ../../stats/eukaryota_odb10/hmms/1545004at2759.hmm
# Target file:     /home/centos/br/bin/Brownotate-1.2.0/runs/584a0dab-d3a4-4320-afed-b310965cc1e7/annotation/augustus_annotation.faa
# Option settings: hmmsearch --domtblout /home/centos/br/bin/Brownotate-1.2.0/runs/584a0dab-d3a4-4320-afed-b310965cc1e7/busco_annotation/run_eukaryota_odb10/hmmer_output/initial_run_results/1545004at2759.out --cpu 1 ../../stats/eukaryota_odb10/hmms/1545004at2759.hmm /home/centos/br/bin/Brownotate-1.2.0/runs/584a0dab-d3a4-4320-afed-b310965cc1e7/annotation/augustus_annotation.faa 
# Current dir:     /home/centos/br/bin/Brownotate-1.2.0/runs/584a0dab-d3a4-4320-afed-b310965cc1e7
# Date:            Thu Aug 22 20:16:23 2024
# [ok]
