#                                                                               --- full sequence --- -------------- this domain -------------   hmm coord   ali coord   env coord
# target name           accession   tlen query name           accession   qlen   E-value  score  bias   #  of  c-Evalue  i-Evalue  score  bias  from    to  from    to  from    to  acc description of target
#   ------------------- ---------- ----- -------------------- ---------- ----- --------- ------ ----- --- --- --------- --------- ------ ----- ----- ----- ----- ----- ----- ----- ---- ---------------------
augustus_predicted_2030 -           1237 176625at2759         -            497   1.8e-73  245.9  10.0   1   7   9.6e-15   4.9e-11   39.9   0.0     1    57   173   237   173   241 0.86 -
augustus_predicted_2030 -           1237 176625at2759         -            497   1.8e-73  245.9  10.0   2   7   7.4e-06     0.038   10.6   0.0    93   125   345   377   298   382 0.67 -
augustus_predicted_2030 -           1237 176625at2759         -            497   1.8e-73  245.9  10.0   3   7   3.4e-05      0.17    8.5   0.1   128   166   474   515   469   528 0.82 -
augustus_predicted_2030 -           1237 176625at2759         -            497   1.8e-73  245.9  10.0   4   7   3.1e-19   1.6e-15   54.8   0.0   189   270   613   709   610   714 0.83 -
augustus_predicted_2030 -           1237 176625at2759         -            497   1.8e-73  245.9  10.0   5   7     1e-20   5.3e-17   59.6   0.0   253   328   730   813   720   830 0.86 -
augustus_predicted_2030 -           1237 176625at2759         -            497   1.8e-73  245.9  10.0   6   7   1.3e-23   6.5e-20   69.2   0.0   353   433   892   981   882   986 0.86 -
augustus_predicted_2030 -           1237 176625at2759         -            497   1.8e-73  245.9  10.0   7   7    0.0061        32    1.0   0.0   446   468  1059  1081  1039  1106 0.75 -
#
# Program:         hmmsearch
# Version:         3.1b2 (February 2015)
# Pipeline mode:   SEARCH
# Query file:      ../../stats/eukaryota_odb10/hmms/176625at2759.hmm
# Target file:     /home/centos/br/bin/Brownotate-1.2.0/runs/584a0dab-d3a4-4320-afed-b310965cc1e7/annotation/augustus_annotation.faa
# Option settings: hmmsearch --domtblout /home/centos/br/bin/Brownotate-1.2.0/runs/584a0dab-d3a4-4320-afed-b310965cc1e7/busco_annotation/run_eukaryota_odb10/hmmer_output/initial_run_results/176625at2759.out --cpu 1 ../../stats/eukaryota_odb10/hmms/176625at2759.hmm /home/centos/br/bin/Brownotate-1.2.0/runs/584a0dab-d3a4-4320-afed-b310965cc1e7/annotation/augustus_annotation.faa 
# Current dir:     /home/centos/br/bin/Brownotate-1.2.0/runs/584a0dab-d3a4-4320-afed-b310965cc1e7
# Date:            Thu Aug 22 20:16:24 2024
# [ok]
