#                                                                               --- full sequence --- -------------- this domain -------------   hmm coord   ali coord   env coord
# target name           accession   tlen query name           accession   qlen   E-value  score  bias   #  of  c-Evalue  i-Evalue  score  bias  from    to  from    to  from    to  acc description of target
#   ------------------- ---------- ----- -------------------- ---------- ----- --------- ------ ----- --- --- --------- --------- ------ ----- ----- ----- ----- ----- ----- ----- ---- ---------------------
augustus_predicted_4107 -            971 245208at2759         -            862         0 1187.1   1.2   1   1         0         0 1186.6   1.2    14   860    66   946    37   954 0.93 -
augustus_predicted_1797 -           2672 245208at2759         -            862   3.7e-08   30.6   6.0   1   6      0.74   7.6e+02   -3.5   0.0   508   568  1263  1321  1177  1338 0.66 -
augustus_predicted_1797 -           2672 245208at2759         -            862   3.7e-08   30.6   6.0   2   6    0.0007      0.72    6.5   0.0   522   638  1396  1511  1355  1535 0.58 -
augustus_predicted_1797 -           2672 245208at2759         -            862   3.7e-08   30.6   6.0   3   6   0.00011      0.11    9.1   0.1   268   324  1577  1637  1561  1647 0.85 -
augustus_predicted_1797 -           2672 245208at2759         -            862   3.7e-08   30.6   6.0   4   6   0.00013      0.14    8.9   0.0   319   406  1668  1755  1647  1786 0.82 -
augustus_predicted_1797 -           2672 245208at2759         -            862   3.7e-08   30.6   6.0   5   6    0.0068         7    3.2   0.1   118   553  1881  1969  1836  1996 0.57 -
augustus_predicted_1797 -           2672 245208at2759         -            862   3.7e-08   30.6   6.0   6   6      0.18   1.9e+02   -1.5   0.1   138   219  2097  2176  2085  2188 0.78 -
augustus_predicted_5140 -            635 245208at2759         -            862   6.1e-06   23.3   6.6   1   4    0.0059       6.1    3.4   0.0   112   231    42   161    12   179 0.77 -
augustus_predicted_5140 -            635 245208at2759         -            862   6.1e-06   23.3   6.6   2   4      0.25   2.6e+02   -2.0   0.0   294   333   238   277   230   301 0.85 -
augustus_predicted_5140 -            635 245208at2759         -            862   6.1e-06   23.3   6.6   3   4   3.9e-08     4e-05   20.6   1.4   540   645   365   468   354   523 0.79 -
augustus_predicted_5140 -            635 245208at2759         -            862   6.1e-06   23.3   6.6   4   4      0.73   7.5e+02   -3.5   0.1   458   488   584   616   572   620 0.55 -
augustus_predicted_2375 -           1113 245208at2759         -            862    0.0031   14.3   0.1   1   4     0.035        36    0.9   0.0   223   321    85   190    53   208 0.65 -
augustus_predicted_2375 -           1113 245208at2759         -            862    0.0031   14.3   0.1   2   4      0.12   1.2e+02   -0.9   0.0   196   262   543   615   453   623 0.48 -
augustus_predicted_2375 -           1113 245208at2759         -            862    0.0031   14.3   0.1   3   4      0.17   1.8e+02   -1.4   0.0   243   302   555   620   524   649 0.54 -
augustus_predicted_2375 -           1113 245208at2759         -            862    0.0031   14.3   0.1   4   4   0.00031      0.32    7.6   0.0   258   354   866   964   855   974 0.85 -
augustus_predicted_4126 -           1089 245208at2759         -            862     0.011   12.5   0.2   1   2      0.16   1.6e+02   -1.3   0.0   112   156   144   187    99   203 0.63 -
augustus_predicted_4126 -           1089 245208at2759         -            862     0.011   12.5   0.2   2   2   0.00042      0.43    7.2   0.2   592   747   385   553   368   555 0.52 -
#
# Program:         hmmsearch
# Version:         3.1b2 (February 2015)
# Pipeline mode:   SEARCH
# Query file:      ../../stats/eukaryota_odb10/hmms/245208at2759.hmm
# Target file:     /home/centos/br/bin/Brownotate-1.2.0/runs/584a0dab-d3a4-4320-afed-b310965cc1e7/annotation/augustus_annotation.faa
# Option settings: hmmsearch --domtblout /home/centos/br/bin/Brownotate-1.2.0/runs/584a0dab-d3a4-4320-afed-b310965cc1e7/busco_annotation/run_eukaryota_odb10/hmmer_output/initial_run_results/245208at2759.out --cpu 1 ../../stats/eukaryota_odb10/hmms/245208at2759.hmm /home/centos/br/bin/Brownotate-1.2.0/runs/584a0dab-d3a4-4320-afed-b310965cc1e7/annotation/augustus_annotation.faa 
# Current dir:     /home/centos/br/bin/Brownotate-1.2.0/runs/584a0dab-d3a4-4320-afed-b310965cc1e7
# Date:            Thu Aug 22 20:16:24 2024
# [ok]
