#                                                                               --- full sequence --- -------------- this domain -------------   hmm coord   ali coord   env coord
# target name           accession   tlen query name           accession   qlen   E-value  score  bias   #  of  c-Evalue  i-Evalue  score  bias  from    to  from    to  from    to  acc description of target
#   ------------------- ---------- ----- -------------------- ---------- ----- --------- ------ ----- --- --- --------- --------- ------ ----- ----- ----- ----- ----- ----- ----- ---- ---------------------
augustus_predicted_1995 -           1025 271586at2759         -            460   3.3e-67  225.5  24.3   1   5   2.1e-33   1.3e-30  104.9   1.0     2   170   117   305   116   312 0.82 -
augustus_predicted_1995 -           1025 271586at2759         -            460   3.3e-67  225.5  24.3   2   5     0.028        18    2.3   0.0   148   172   345   369   339   376 0.86 -
augustus_predicted_1995 -           1025 271586at2759         -            460   3.3e-67  225.5  24.3   3   5     5e-08   3.2e-05   21.2   0.4   195   272   464   555   413   560 0.84 -
augustus_predicted_1995 -           1025 271586at2759         -            460   3.3e-67  225.5  24.3   4   5     0.045        29    1.5   0.0   272   298   727   753   716   764 0.86 -
augustus_predicted_1995 -           1025 271586at2759         -            460   3.3e-67  225.5  24.3   5   5   1.5e-32   9.6e-30  102.0   6.2   340   456   877  1013   847  1015 0.88 -
augustus_predicted_3530 -           1432 271586at2759         -            460   2.3e-05   21.7   0.4   1   6   6.6e-05     0.042   10.9   0.0    12    78     3    79     1    96 0.73 -
augustus_predicted_3530 -           1432 271586at2759         -            460   2.3e-05   21.7   0.4   2   6      0.11        70    0.3   0.0   273   309    99   135    93   148 0.86 -
augustus_predicted_3530 -           1432 271586at2759         -            460   2.3e-05   21.7   0.4   3   6      0.69   4.4e+02   -2.4   0.0    12    49   507   544   505   550 0.84 -
augustus_predicted_3530 -           1432 271586at2759         -            460   2.3e-05   21.7   0.4   4   6      0.27   1.7e+02   -1.0   0.0    26    60   606   640   594   660 0.77 -
augustus_predicted_3530 -           1432 271586at2759         -            460   2.3e-05   21.7   0.4   5   6      0.15        97   -0.2   0.0    27    63   716   752   701   776 0.62 -
augustus_predicted_3530 -           1432 271586at2759         -            460   2.3e-05   21.7   0.4   6   6     0.044        28    1.6   0.0    20    62  1026  1068   987  1081 0.87 -
augustus_predicted_1142 -            589 271586at2759         -            460   0.00011   19.4  13.8   1   6     0.043        27    1.6   0.0    19    42    11    34     4    55 0.78 -
augustus_predicted_1142 -            589 271586at2759         -            460   0.00011   19.4  13.8   2   6     0.018        12    2.8   0.0    27    62    54    89    35   100 0.88 -
augustus_predicted_1142 -            589 271586at2759         -            460   0.00011   19.4  13.8   3   6   0.00013     0.083    9.9   0.2     5    62   287   344   283   348 0.91 -
augustus_predicted_1142 -            589 271586at2759         -            460   0.00011   19.4  13.8   4   6   0.00067      0.43    7.6   0.7   233   279   349   395   344   402 0.93 -
augustus_predicted_1142 -            589 271586at2759         -            460   0.00011   19.4  13.8   5   6       0.2   1.3e+02   -0.6   0.0    22    51   405   434   401   441 0.84 -
augustus_predicted_1142 -            589 271586at2759         -            460   0.00011   19.4  13.8   6   6      0.14        90   -0.1   0.1    12    50   429   467   421   476 0.79 -
augustus_predicted_4464 -            957 271586at2759         -            460   0.00014   19.1   0.2   1   6    0.0011       0.7    6.9   0.1   218   268    32    86    23   101 0.75 -
augustus_predicted_4464 -            957 271586at2759         -            460   0.00014   19.1   0.2   2   6   0.00026      0.17    8.9   0.0    14    62    72   120    68   122 0.91 -
augustus_predicted_4464 -            957 271586at2759         -            460   0.00014   19.1   0.2   3   6   2.5e-05     0.016   12.3   0.0   191   256   108   177   106   202 0.78 -
augustus_predicted_4464 -            957 271586at2759         -            460   0.00014   19.1   0.2   4   6      0.34   2.2e+02   -1.3   0.0   231   255   226   250   214   283 0.72 -
augustus_predicted_4464 -            957 271586at2759         -            460   0.00014   19.1   0.2   5   6   7.9e-06    0.0051   13.9   0.1    23    76   331   386   324   404 0.85 -
augustus_predicted_4464 -            957 271586at2759         -            460   0.00014   19.1   0.2   6   6         8   5.1e+03  -18.6  19.8   238   279   514   555   482   580 0.49 -
augustus_predicted_4302 -            758 271586at2759         -            460   0.00022   18.4   6.5   1   4      0.95   6.1e+02   -2.8   0.3   301   358    32    88    28    93 0.76 -
augustus_predicted_4302 -            758 271586at2759         -            460   0.00022   18.4   6.5   2   4      0.01       6.6    3.7   0.0    21    58   548   585   534   595 0.63 -
augustus_predicted_4302 -            758 271586at2759         -            460   0.00022   18.4   6.5   3   4     0.043        28    1.6   0.1    93   112   591   610   582   638 0.78 -
augustus_predicted_4302 -            758 271586at2759         -            460   0.00022   18.4   6.5   4   4     7e-06    0.0045   14.1   0.0    21    78   684   742   671   745 0.90 -
augustus_predicted_4062 -            724 271586at2759         -            460   0.00047   17.3   0.4   1   2     0.042        27    1.7   0.1   132   171   272   311   266   318 0.91 -
augustus_predicted_4062 -            724 271586at2759         -            460   0.00047   17.3   0.4   2   2   1.2e-05     0.008   13.3   0.0    25    68   362   405   355   418 0.86 -
augustus_predicted_1372 -            746 271586at2759         -            460   0.00077   16.6   0.7   1   2      0.13        86   -0.0   0.2   132   185   299   354   294   369 0.85 -
augustus_predicted_1372 -            746 271586at2759         -            460   0.00077   16.6   0.7   2   2     6e-06    0.0039   14.3   0.0    26    62   385   421   361   430 0.83 -
augustus_predicted_3033 -            639 271586at2759         -            460    0.0013   15.9   6.4   1   4   2.7e-05     0.017   12.2   0.1    18    79   132   194   120   198 0.89 -
augustus_predicted_3033 -            639 271586at2759         -            460    0.0013   15.9   6.4   2   4      0.11        74    0.2   0.0    23    78   355   410   346   447 0.75 -
augustus_predicted_3033 -            639 271586at2759         -            460    0.0013   15.9   6.4   3   4      0.16     1e+02   -0.2   0.1    21    61   420   460   402   469 0.79 -
augustus_predicted_3033 -            639 271586at2759         -            460    0.0013   15.9   6.4   4   4     0.015       9.6    3.1   0.8   236   282   546   594   543   611 0.78 -
#
# Program:         hmmsearch
# Version:         3.1b2 (February 2015)
# Pipeline mode:   SEARCH
# Query file:      ../../stats/eukaryota_odb10/hmms/271586at2759.hmm
# Target file:     /home/centos/br/bin/Brownotate-1.2.0/runs/584a0dab-d3a4-4320-afed-b310965cc1e7/annotation/augustus_annotation.faa
# Option settings: hmmsearch --domtblout /home/centos/br/bin/Brownotate-1.2.0/runs/584a0dab-d3a4-4320-afed-b310965cc1e7/busco_annotation/run_eukaryota_odb10/hmmer_output/initial_run_results/271586at2759.out --cpu 1 ../../stats/eukaryota_odb10/hmms/271586at2759.hmm /home/centos/br/bin/Brownotate-1.2.0/runs/584a0dab-d3a4-4320-afed-b310965cc1e7/annotation/augustus_annotation.faa 
# Current dir:     /home/centos/br/bin/Brownotate-1.2.0/runs/584a0dab-d3a4-4320-afed-b310965cc1e7
# Date:            Thu Aug 22 20:16:26 2024
# [ok]
