#                                                                               --- full sequence --- -------------- this domain -------------   hmm coord   ali coord   env coord
# target name           accession   tlen query name           accession   qlen   E-value  score  bias   #  of  c-Evalue  i-Evalue  score  bias  from    to  from    to  from    to  acc description of target
#   ------------------- ---------- ----- -------------------- ---------- ----- --------- ------ ----- --- --- --------- --------- ------ ----- ----- ----- ----- ----- ----- ----- ---- ---------------------
augustus_predicted_4239 -            923 290630at2759         -            562  1.2e-209  695.5  12.7   1   5    0.0028      0.18    8.3   0.0   161   220    19    77    12    96 0.86 -
augustus_predicted_4239 -            923 290630at2759         -            562  1.2e-209  695.5  12.7   2   5       0.5        32    0.8   0.0   446   470    98   122    83   129 0.84 -
augustus_predicted_4239 -            923 290630at2759         -            562  1.2e-209  695.5  12.7   3   5   1.6e-12     1e-10   38.8   0.8   153   228   143   221   139   223 0.92 -
augustus_predicted_4239 -            923 290630at2759         -            562  1.2e-209  695.5  12.7   4   5  8.6e-169  5.5e-167  554.7   1.4    73   442   261   652   250   661 0.93 -
augustus_predicted_4239 -            923 290630at2759         -            562  1.2e-209  695.5  12.7   5   5   7.9e-30   5.1e-28   95.9   0.1   435   533   669   781   663   804 0.82 -
augustus_predicted_4249 -            515 290630at2759         -            562   6.2e-44  148.5  17.4   1   5     2e-12   1.3e-10   38.4   0.1   154   226   141   214   137   217 0.95 -
augustus_predicted_4249 -            515 290630at2759         -            562   6.2e-44  148.5  17.4   2   5     4e-11   2.6e-09   34.2   0.0   153   207   183   238   177   243 0.91 -
augustus_predicted_4249 -            515 290630at2759         -            562   6.2e-44  148.5  17.4   3   5   1.2e-12   7.7e-11   39.2   0.5   170   228   250   307   226   336 0.81 -
augustus_predicted_4249 -            515 290630at2759         -            562   6.2e-44  148.5  17.4   4   5   3.1e-19     2e-17   61.0   0.5   138   228   383   474   366   479 0.90 -
augustus_predicted_4249 -            515 290630at2759         -            562   6.2e-44  148.5  17.4   5   5   1.2e-05   0.00075   16.1   0.3   139   184   469   514   468   515 0.94 -
augustus_predicted_2612 -            943 290630at2759         -            562   6.2e-42  141.9  17.4   1   6       2.5   1.6e+02   -1.5   0.0   264   280    48    64    40    69 0.87 -
augustus_predicted_2612 -            943 290630at2759         -            562   6.2e-42  141.9  17.4   2   6   1.3e-17   8.6e-16   55.6   2.8   120   269    85   230    78   242 0.73 -
augustus_predicted_2612 -            943 290630at2759         -            562   6.2e-42  141.9  17.4   3   6   1.6e-05     0.001   15.7   0.0   148   227   383   459   380   460 0.76 -
augustus_predicted_2612 -            943 290630at2759         -            562   6.2e-42  141.9  17.4   4   6   6.3e-06   0.00041   17.0   0.0   163   227   437   502   431   508 0.83 -
augustus_predicted_2612 -            943 290630at2759         -            562   6.2e-42  141.9  17.4   5   6     0.024       1.6    5.2   0.0   301   343   515   558   504   564 0.77 -
augustus_predicted_2612 -            943 290630at2759         -            562   6.2e-42  141.9  17.4   6   6   4.6e-18   2.9e-16   57.1   1.7   119   269   536   685   532   692 0.93 -
augustus_predicted_2690 -            817 290630at2759         -            562   5.8e-39  132.1   3.4   1   5     4e-05    0.0026   14.4   0.0   195   296    58   158    21   162 0.70 -
augustus_predicted_2690 -            817 290630at2759         -            562   5.8e-39  132.1   3.4   2   5   4.5e-06   0.00029   17.5   0.0   170   228   162   226   157   269 0.76 -
augustus_predicted_2690 -            817 290630at2759         -            562   5.8e-39  132.1   3.4   3   5   8.2e-06   0.00053   16.6   0.0   153   225   385   466   383   470 0.81 -
augustus_predicted_2690 -            817 290630at2759         -            562   5.8e-39  132.1   3.4   4   5   1.9e-13   1.2e-11   41.9   0.1   153   236   488   571   484   572 0.97 -
augustus_predicted_2690 -            817 290630at2759         -            562   5.8e-39  132.1   3.4   5   5   1.3e-12   8.5e-11   39.1   0.2   150   223   568   642   565   646 0.93 -
augustus_predicted_4531 -            798 290630at2759         -            562   1.3e-32  111.1   6.1   1   3    0.0004     0.026   11.1   0.0   153   186   463   496   457   500 0.89 -
augustus_predicted_4531 -            798 290630at2759         -            562   1.3e-32  111.1   6.1   2   3   7.4e-21   4.8e-19   66.3   1.7   154   291   523   659   519   661 0.97 -
augustus_predicted_4531 -            798 290630at2759         -            562   1.3e-32  111.1   6.1   3   3   4.7e-13     3e-11   40.5   0.0   154   229   649   725   649   728 0.95 -
augustus_predicted_3519 -            465 290630at2759         -            562   1.5e-32  110.8   6.1   1   2   6.4e-19   4.1e-17   59.9   0.3    98   288   159   354   154   355 0.89 -
augustus_predicted_3519 -            465 290630at2759         -            562   1.5e-32  110.8   6.1   2   2   2.1e-19   1.3e-17   61.5   1.2   141   307   292   465   291   465 0.84 -
augustus_predicted_1845 -            889 290630at2759         -            562   1.6e-31  107.5   0.1   1   2   2.8e-18   1.8e-16   57.8   0.0    72   231    13   174     3   186 0.91 -
augustus_predicted_1845 -            889 290630at2759         -            562   1.6e-31  107.5   0.1   2   2   4.4e-15   2.9e-13   47.2   0.0   159   264   187   296   180   300 0.87 -
augustus_predicted_4260 -            713 290630at2759         -            562   3.1e-31  106.5   6.3   1   4    0.0082      0.52    6.7   0.4   152   196   340   383   334   417 0.77 -
augustus_predicted_4260 -            713 290630at2759         -            562   3.1e-31  106.5   6.3   2   4   1.2e-19     8e-18   62.3   0.0   113   226   442   555   410   559 0.92 -
augustus_predicted_4260 -            713 290630at2759         -            562   3.1e-31  106.5   6.3   3   4   3.2e-10   2.1e-08   31.2   0.9   153   226   573   658   566   659 0.86 -
augustus_predicted_4260 -            713 290630at2759         -            562   3.1e-31  106.5   6.3   4   4    0.0079       0.5    6.8   0.0   138   186   654   708   652   710 0.80 -
augustus_predicted_3655 -            640 290630at2759         -            562   3.7e-31  106.3   5.0   1   3   1.4e-11   9.3e-10   35.6   0.0   254   316   314   377   304   382 0.87 -
augustus_predicted_3655 -            640 290630at2759         -            562   3.7e-31  106.3   5.0   2   3   8.3e-12   5.3e-10   36.4   1.5   154   238   380   461   376   480 0.86 -
augustus_predicted_3655 -            640 290630at2759         -            562   3.7e-31  106.3   5.0   3   3   8.7e-11   5.6e-09   33.1   0.0   169   242   523   594   517   604 0.90 -
augustus_predicted_87   -           1201 290630at2759         -            562   1.1e-30  104.7   1.7   1   5   7.2e-15   4.6e-13   46.5   0.0   113   227    10   124     1   129 0.93 -
augustus_predicted_87   -           1201 290630at2759         -            562   1.1e-30  104.7   1.7   2   5   6.9e-12   4.4e-10   36.7   0.1   154   231    93   170    92   175 0.96 -
augustus_predicted_87   -           1201 290630at2759         -            562   1.1e-30  104.7   1.7   3   5   3.3e-12   2.1e-10   37.7   0.0   153   255   206   310   199   324 0.87 -
augustus_predicted_87   -           1201 290630at2759         -            562   1.1e-30  104.7   1.7   4   5         3   1.9e+02   -1.7   0.0    98   439   478   527   439   547 0.57 -
augustus_predicted_87   -           1201 290630at2759         -            562   1.1e-30  104.7   1.7   5   5       2.3   1.5e+02   -1.3   0.0   491   554   662   726   646   731 0.80 -
augustus_predicted_3243 -            451 290630at2759         -            562   4.9e-30  102.6   3.5   1   3   1.5e-12   9.7e-11   38.9   0.2   153   234   136   218   124   222 0.92 -
augustus_predicted_3243 -            451 290630at2759         -            562   4.9e-30  102.6   3.5   2   3   6.5e-19   4.2e-17   59.9   0.1   153   291   221   358   212   364 0.91 -
augustus_predicted_3243 -            451 290630at2759         -            562   4.9e-30  102.6   3.5   3   3     0.057       3.6    4.0   0.0   158   186   401   429   396   433 0.87 -
augustus_predicted_5015 -            303 290630at2759         -            562   5.6e-30  102.4   5.1   1   3   2.5e-05    0.0016   15.1   0.0   170   227     4    60     2    65 0.89 -
augustus_predicted_5015 -            303 290630at2759         -            562   5.6e-30  102.4   5.1   2   3   3.4e-16   2.2e-14   50.9   0.0   153   270    72   188    66   192 0.90 -
augustus_predicted_5015 -            303 290630at2759         -            562   5.6e-30  102.4   5.1   3   3   3.8e-14   2.4e-12   44.2   2.9   115   248   160   300   158   303 0.86 -
augustus_predicted_4675 -            779 290630at2759         -            562   3.3e-29   99.9   7.1   1   3   1.1e-12   7.4e-11   39.3   0.8   154   270   379   494   358   497 0.74 -
augustus_predicted_4675 -            779 290630at2759         -            562   3.3e-29   99.9   7.1   2   3   1.8e-12   1.1e-10   38.6   0.1   154   229   528   601   520   608 0.93 -
augustus_predicted_4675 -            779 290630at2759         -            562   3.3e-29   99.9   7.1   3   3     1e-07   6.5e-06   22.9   0.0   192   277   626   706   622   726 0.83 -
augustus_predicted_3950 -            319 290630at2759         -            562   2.2e-26   90.5  10.6   1   5    0.0097      0.63    6.5   0.1   277   311    11    50     5    55 0.83 -
augustus_predicted_3950 -            319 290630at2759         -            562   2.2e-26   90.5  10.6   2   5     2e-14   1.3e-12   45.1   1.9   191   308    58   183    51   190 0.87 -
augustus_predicted_3950 -            319 290630at2759         -            562   2.2e-26   90.5  10.6   3   5   7.9e-10     5e-08   29.9   0.1   140   217   178   256   168   260 0.83 -
augustus_predicted_3950 -            319 290630at2759         -            562   2.2e-26   90.5  10.6   4   5    0.0098      0.63    6.5   0.0   446   473   239   266   235   279 0.87 -
augustus_predicted_3950 -            319 290630at2759         -            562   2.2e-26   90.5  10.6   5   5    0.0015     0.097    9.2   0.0   160   187   290   317   282   319 0.90 -
augustus_predicted_4755 -            465 290630at2759         -            562   3.7e-25   86.5   3.7   1   3   2.4e-13   1.6e-11   41.5   1.5   114   227    93   206    78   215 0.80 -
augustus_predicted_4755 -            465 290630at2759         -            562   3.7e-25   86.5   3.7   2   3   6.2e-11     4e-09   33.6   0.0   153   230   216   293   210   311 0.93 -
augustus_predicted_4755 -            465 290630at2759         -            562   3.7e-25   86.5   3.7   3   3    0.0032       0.2    8.1   0.0   154   185   348   379   346   383 0.91 -
augustus_predicted_4515 -            574 290630at2759         -            562   5.1e-24   82.7   0.1   1   2     6e-15   3.8e-13   46.8   0.1   121   246    20   144    11   149 0.82 -
augustus_predicted_4515 -            574 290630at2759         -            562   5.1e-24   82.7   0.1   2   2   2.9e-11   1.9e-09   34.6   0.0   154   280   136   280   131   286 0.74 -
augustus_predicted_1349 -            460 290630at2759         -            562   6.4e-24   82.4   2.8   1   4   1.9e-06   0.00012   18.8   0.0   245   311   108   175   105   188 0.71 -
augustus_predicted_1349 -            460 290630at2759         -            562   6.4e-24   82.4   2.8   2   4   3.3e-08   2.1e-06   24.6   0.0   270   351   195   278   192   283 0.87 -
augustus_predicted_1349 -            460 290630at2759         -            562   6.4e-24   82.4   2.8   3   4   6.9e-11   4.4e-09   33.4   0.9   195   314   284   411   280   419 0.80 -
augustus_predicted_1349 -            460 290630at2759         -            562   6.4e-24   82.4   2.8   4   4     2e-06   0.00013   18.6   0.1   146   202   363   422   322   449 0.75 -
augustus_predicted_2837 -            939 290630at2759         -            562   9.1e-23   78.6   0.6   1   2   1.4e-07     9e-06   22.5   0.0    76   227   210   380   205   385 0.72 -
augustus_predicted_2837 -            939 290630at2759         -            562   9.1e-23   78.6   0.6   2   2   9.1e-17   5.8e-15   52.8   0.7   160   345   464   656   459   675 0.88 -
augustus_predicted_4363 -            840 290630at2759         -            562   1.2e-22   78.1   0.7   1   4     2e-05    0.0013   15.3   0.0   154   188    15    49    10    61 0.86 -
augustus_predicted_4363 -            840 290630at2759         -            562   1.2e-22   78.1   0.7   2   4   3.2e-05    0.0021   14.7   0.0   154   186    77   109    72   125 0.89 -
augustus_predicted_4363 -            840 290630at2759         -            562   1.2e-22   78.1   0.7   3   4   7.2e-09   4.6e-07   26.7   0.1   154   226   135   207   120   213 0.91 -
augustus_predicted_4363 -            840 290630at2759         -            562   1.2e-22   78.1   0.7   4   4   1.2e-05   0.00075   16.1   0.0   169   226   326   384   319   388 0.89 -
augustus_predicted_754  -            714 290630at2759         -            562   1.5e-22   77.9   3.7   1   3     0.063       4.1    3.8   0.0   278   313   393   433   386   438 0.66 -
augustus_predicted_754  -            714 290630at2759         -            562   1.5e-22   77.9   3.7   2   3   1.2e-10   7.6e-09   32.6   0.3   140   238   425   540   414   566 0.76 -
augustus_predicted_754  -            714 290630at2759         -            562   1.5e-22   77.9   3.7   3   3   6.5e-13   4.2e-11   40.1   0.3   169   243   577   651   554   714 0.77 -
augustus_predicted_2336 -            348 290630at2759         -            562   4.5e-22   76.3   3.7   1   3   5.7e-05    0.0036   13.9   0.0   165   308    31    98    11   108 0.48 -
augustus_predicted_2336 -            348 290630at2759         -            562   4.5e-22   76.3   3.7   2   3   7.9e-13   5.1e-11   39.8   0.2   154   232   132   208   124   220 0.92 -
augustus_predicted_2336 -            348 290630at2759         -            562   4.5e-22   76.3   3.7   3   3   1.8e-07   1.1e-05   22.1   0.1   209   282   245   317   227   336 0.74 -
augustus_predicted_435  -            330 290630at2759         -            562   7.8e-21   72.2   7.6   1   4   4.2e-05    0.0027   14.3   0.2   169   225    25    85    11    97 0.76 -
augustus_predicted_435  -            330 290630at2759         -            562   7.8e-21   72.2   7.6   2   4   6.6e-14   4.2e-12   43.4   0.1   153   225   104   180    97   183 0.92 -
augustus_predicted_435  -            330 290630at2759         -            562   7.8e-21   72.2   7.6   3   4   4.7e-05     0.003   14.2   0.0   277   328   191   248   188   257 0.83 -
augustus_predicted_435  -            330 290630at2759         -            562   7.8e-21   72.2   7.6   4   4      0.16        10    2.5   0.1   167   186   307   327   248   330 0.74 -
augustus_predicted_1676 -            643 290630at2759         -            562   7.4e-20   69.0   0.2   1   3   1.8e-07   1.2e-05   22.1   0.0   154   230   317   395   310   404 0.87 -
augustus_predicted_1676 -            643 290630at2759         -            562   7.4e-20   69.0   0.2   2   3    0.0015     0.095    9.2   0.0   155   315   423   458   416   485 0.63 -
augustus_predicted_1676 -            643 290630at2759         -            562   7.4e-20   69.0   0.2   3   3   5.7e-11   3.7e-09   33.7   0.0   256   344   503   594   494   601 0.63 -
augustus_predicted_5156 -            426 290630at2759         -            562   1.1e-19   68.4   1.0   1   3   4.2e-10   2.7e-08   30.8   0.0   119   187    31   103    22   134 0.81 -
augustus_predicted_5156 -            426 290630at2759         -            562   1.1e-19   68.4   1.0   2   3   9.6e-09   6.2e-07   26.3   0.1    73   135   170   235   162   246 0.86 -
augustus_predicted_5156 -            426 290630at2759         -            562   1.1e-19   68.4   1.0   3   3    0.0047       0.3    7.5   0.3   241   290   267   319   244   345 0.70 -
augustus_predicted_3977 -            347 290630at2759         -            562   1.5e-19   68.0   0.9   1   4   1.2e-08   7.4e-07   26.1   0.1   150   239     4    93     2    93 0.89 -
augustus_predicted_3977 -            347 290630at2759         -            562   1.5e-19   68.0   0.9   2   4   1.2e-05   0.00078   16.1   0.0   169   214    65   109    62   129 0.85 -
augustus_predicted_3977 -            347 290630at2759         -            562   1.5e-19   68.0   0.9   3   4   1.3e-06   8.1e-05   19.3   0.2   158   235   155   233   139   275 0.75 -
augustus_predicted_3977 -            347 290630at2759         -            562   1.5e-19   68.0   0.9   4   4   4.2e-05    0.0027   14.3   0.0   151   188   288   325   282   335 0.88 -
augustus_predicted_513  -            455 290630at2759         -            562   2.3e-19   67.4   0.0   1   2   1.4e-12     9e-11   39.0   0.0   153   227   159   235   151   250 0.90 -
augustus_predicted_513  -            455 290630at2759         -            562   2.3e-19   67.4   0.0   2   2   9.5e-09   6.1e-07   26.3   0.0   152   280   289   422   263   442 0.78 -
augustus_predicted_4455 -            535 290630at2759         -            562   3.3e-19   66.8   2.3   1   3   5.2e-09   3.3e-07   27.2   0.1   156   218   220   281   215   311 0.88 -
augustus_predicted_4455 -            535 290630at2759         -            562   3.3e-19   66.8   2.3   2   3   1.3e-11   8.4e-10   35.8   0.1   135   229   338   431   324   436 0.92 -
augustus_predicted_4455 -            535 290630at2759         -            562   3.3e-19   66.8   2.3   3   3      0.31        20    1.5   0.0   324   345   450   471   435   488 0.78 -
augustus_predicted_1462 -            715 290630at2759         -            562   4.1e-19   66.5   6.6   1   2   5.8e-11   3.7e-09   33.7   0.2   192   307     7   125     3   129 0.83 -
augustus_predicted_1462 -            715 290630at2759         -            562   4.1e-19   66.5   6.6   2   2   6.2e-12     4e-10   36.9   2.3   143   311   124   292   123   320 0.81 -
augustus_predicted_1954 -            566 290630at2759         -            562   6.6e-19   65.9   1.4   1   2   3.2e-05    0.0021   14.7   0.1   157   220   303   364   295   373 0.89 -
augustus_predicted_1954 -            566 290630at2759         -            562   6.6e-19   65.9   1.4   2   2   5.4e-16   3.5e-14   50.3   0.2   153   313   382   549   375   559 0.92 -
augustus_predicted_2492 -            489 290630at2759         -            562   2.7e-18   63.8   5.7   1   3   1.3e-06   8.6e-05   19.2   0.3   169   227    81   150    64   157 0.77 -
augustus_predicted_2492 -            489 290630at2759         -            562   2.7e-18   63.8   5.7   2   3   1.2e-09   7.9e-08   29.3   0.1    95   226   200   333   168   338 0.85 -
augustus_predicted_2492 -            489 290630at2759         -            562   2.7e-18   63.8   5.7   3   3   1.7e-05    0.0011   15.6   0.1   156   186   348   378   338   387 0.82 -
augustus_predicted_1297 -            423 290630at2759         -            562   6.5e-18   62.6   6.2   1   3     5e-08   3.2e-06   24.0   0.2   192   315    86   216    80   233 0.82 -
augustus_predicted_1297 -            423 290630at2759         -            562   6.5e-18   62.6   6.2   2   3   6.1e-06   0.00039   17.1   0.1   168   229   240   301   234   312 0.77 -
augustus_predicted_1297 -            423 290630at2759         -            562   6.5e-18   62.6   6.2   3   3   1.4e-07     9e-06   22.5   0.2   245   307   354   419   338   421 0.82 -
augustus_predicted_2127 -            788 290630at2759         -            562   1.9e-17   61.1  10.4   1   5   2.2e-12   1.4e-10   38.3   0.3   153   315    56   242    23   252 0.76 -
augustus_predicted_2127 -            788 290630at2759         -            562   1.9e-17   61.1  10.4   2   5    0.0079      0.51    6.8   0.0   170   225   354   412   342   419 0.80 -
augustus_predicted_2127 -            788 290630at2759         -            562   1.9e-17   61.1  10.4   3   5   0.00015    0.0098   12.5   0.0   151   219   553   627   550   636 0.78 -
augustus_predicted_2127 -            788 290630at2759         -            562   1.9e-17   61.1  10.4   4   5   0.00027     0.017   11.7   0.0   155   225   605   682   594   686 0.85 -
augustus_predicted_2127 -            788 290630at2759         -            562   1.9e-17   61.1  10.4   5   5     0.033       2.1    4.7   0.1   168   217   667   723   665   732 0.70 -
augustus_predicted_3927 -            615 290630at2759         -            562   1.9e-17   61.0  11.7   1   4      0.14       8.7    2.7   0.4   154   227    61    95    20   176 0.53 -
augustus_predicted_3927 -            615 290630at2759         -            562   1.9e-17   61.0  11.7   2   4   5.8e-13   3.7e-11   40.3   1.4   159   308   209   364   197   381 0.80 -
augustus_predicted_3927 -            615 290630at2759         -            562   1.9e-17   61.0  11.7   3   4       1.9   1.2e+02   -1.0   0.0   293   312   385   404   367   413 0.77 -
augustus_predicted_3927 -            615 290630at2759         -            562   1.9e-17   61.0  11.7   4   4   3.2e-06    0.0002   18.0   0.0    84   227   456   612   440   614 0.79 -
augustus_predicted_1628 -            329 290630at2759         -            562   7.8e-17   59.0   0.0   1   2   2.4e-14   1.5e-12   44.8   0.0   200   335    29   172    18   219 0.76 -
augustus_predicted_1628 -            329 290630at2759         -            562   7.8e-17   59.0   0.0   2   2   0.00039     0.025   11.1   0.0   112   188   199   282   175   319 0.74 -
augustus_predicted_1953 -            417 290630at2759         -            562     1e-16   58.6   0.1   1   2   9.5e-17   6.1e-15   52.7   0.0   152   236   132   216   125   232 0.92 -
augustus_predicted_1953 -            417 290630at2759         -            562     1e-16   58.6   0.1   2   2      0.07       4.5    3.7   0.0   116   220   246   353   223   361 0.50 -
augustus_predicted_1625 -            414 290630at2759         -            562   2.5e-16   57.3   0.9   1   3   4.6e-06    0.0003   17.5   0.0   150   209    46   103    43   113 0.77 -
augustus_predicted_1625 -            414 290630at2759         -            562   2.5e-16   57.3   0.9   2   3   2.1e-09   1.3e-07   28.5   0.1   165   236   116   187   105   220 0.89 -
augustus_predicted_1625 -            414 290630at2759         -            562   2.5e-16   57.3   0.9   3   3    0.0022      0.14    8.7   0.0   154   188   298   334   294   350 0.82 -
augustus_predicted_3216 -           1013 290630at2759         -            562   2.7e-15   53.9  13.0   1   6      0.23        15    1.9   0.0   139   207    29   100    21   111 0.78 -
augustus_predicted_3216 -           1013 290630at2759         -            562   2.7e-15   53.9  13.0   2   6   1.6e-13     1e-11   42.1   0.3   129   231   152   254   144   261 0.95 -
augustus_predicted_3216 -           1013 290630at2759         -            562   2.7e-15   53.9  13.0   3   6      0.95        61   -0.1   0.0    62   102   558   598   496   605 0.72 -
augustus_predicted_3216 -           1013 290630at2759         -            562   2.7e-15   53.9  13.0   4   6    0.0078       0.5    6.8   0.0   165   227   674   739   665   757 0.75 -
augustus_predicted_3216 -           1013 290630at2759         -            562   2.7e-15   53.9  13.0   5   6       2.2   1.4e+02   -1.3   0.0   170   188   781   799   769   851 0.51 -
augustus_predicted_3216 -           1013 290630at2759         -            562   2.7e-15   53.9  13.0   6   6     0.016         1    5.8   0.1   155   228   881   966   876   979 0.72 -
augustus_predicted_1346 -            494 290630at2759         -            562   1.2e-14   51.8   7.8   1   4      0.26        17    1.8   0.0   198   231   155   188   149   206 0.86 -
augustus_predicted_1346 -            494 290630at2759         -            562   1.2e-14   51.8   7.8   2   4   6.4e-11   4.1e-09   33.5   2.1   169   295   220   349   194   358 0.75 -
augustus_predicted_1346 -            494 290630at2759         -            562   1.2e-14   51.8   7.8   3   4      0.16        10    2.5   0.0   294   308   373   387   368   397 0.85 -
augustus_predicted_1346 -            494 290630at2759         -            562   1.2e-14   51.8   7.8   4   4   6.1e-05    0.0039   13.8   0.1   189   243   408   460   402   487 0.62 -
augustus_predicted_2372 -            347 290630at2759         -            562   3.2e-14   50.4   0.4   1   2   8.6e-10   5.5e-08   29.8   0.1   156   252    62   158    55   176 0.82 -
augustus_predicted_2372 -            347 290630at2759         -            562   3.2e-14   50.4   0.4   2   2     0.017       1.1    5.7   0.0   155   213   250   308   246   315 0.87 -
augustus_predicted_318  -           1148 290630at2759         -            562   3.7e-14   50.2   1.5   1   2       0.7        45    0.4   0.0   448   490    28    71    22    75 0.86 -
augustus_predicted_318  -           1148 290630at2759         -            562   3.7e-14   50.2   1.5   2   2   6.6e-15   4.3e-13   46.7   2.1   172   313    85   236    69   246 0.79 -
augustus_predicted_3761 -            468 290630at2759         -            562   5.3e-14   49.7   1.5   1   4   0.00028     0.018   11.6   0.0   154   185    69   100    58   106 0.80 -
augustus_predicted_3761 -            468 290630at2759         -            562   5.3e-14   49.7   1.5   2   4   3.1e-08     2e-06   24.6   0.0   158   226   147   215   142   218 0.93 -
augustus_predicted_3761 -            468 290630at2759         -            562   5.3e-14   49.7   1.5   3   4      0.15       9.9    2.5   0.0   454   478   341   365   332   371 0.85 -
augustus_predicted_3761 -            468 290630at2759         -            562   5.3e-14   49.7   1.5   4   4     0.036       2.3    4.6   0.1   178   220   352   395   343   427 0.70 -
augustus_predicted_3484 -            573 290630at2759         -            562   3.9e-13   46.8   0.4   1   3   1.5e-12   9.4e-11   38.9   0.0   152   231   232   313   224   318 0.90 -
augustus_predicted_3484 -            573 290630at2759         -            562   3.9e-13   46.8   0.4   2   3     0.016         1    5.8   0.0   263   316   302   359   302   364 0.82 -
augustus_predicted_3484 -            573 290630at2759         -            562   3.9e-13   46.8   0.4   3   3      0.28        18    1.7   0.1   293   311   486   504   476   514 0.82 -
augustus_predicted_2677 -            297 290630at2759         -            562     1e-12   45.4   5.3   1   4   1.5e-06   9.5e-05   19.1   0.0   255   307    25    83    15    84 0.75 -
augustus_predicted_2677 -            297 290630at2759         -            562     1e-12   45.4   5.3   2   4   7.8e-06    0.0005   16.7   0.0   168   225    67   128    60   135 0.82 -
augustus_predicted_2677 -            297 290630at2759         -            562     1e-12   45.4   5.3   3   4   0.00071     0.046   10.2   0.1   167   207   169   213   165   218 0.78 -
augustus_predicted_2677 -            297 290630at2759         -            562     1e-12   45.4   5.3   4   4    0.0026      0.17    8.4   0.5   290   350   218   288   196   294 0.65 -
augustus_predicted_1863 -            610 290630at2759         -            562   1.2e-12   45.2   2.7   1   2   5.2e-11   3.3e-09   33.8   1.1    72   215   301   444   290   458 0.86 -
augustus_predicted_1863 -            610 290630at2759         -            562   1.2e-12   45.2   2.7   2   2    0.0013     0.082    9.4   0.0   153   190   522   559   472   565 0.85 -
augustus_predicted_3159 -            523 290630at2759         -            562   4.3e-11   40.1   0.3   1   2   8.3e-08   5.3e-06   23.2   0.3   159   228   246   318   236   338 0.80 -
augustus_predicted_3159 -            523 290630at2759         -            562   4.3e-11   40.1   0.3   2   2   3.2e-05    0.0021   14.7   0.0   131   191   368   430   363   443 0.83 -
augustus_predicted_3936 -            834 290630at2759         -            562   5.1e-11   39.8   0.8   1   4   2.4e-05    0.0015   15.1   0.0   157   186   174   203   154   207 0.89 -
augustus_predicted_3936 -            834 290630at2759         -            562   5.1e-11   39.8   0.8   2   4   7.3e-06   0.00047   16.8   0.0   194   268   274   346   270   349 0.64 -
augustus_predicted_3936 -            834 290630at2759         -            562   5.1e-11   39.8   0.8   3   4      0.15       9.7    2.6   0.0   294   342   334   387   321   393 0.69 -
augustus_predicted_3936 -            834 290630at2759         -            562   5.1e-11   39.8   0.8   4   4      0.22        14    2.1   0.0   197   271   424   505   404   508 0.68 -
augustus_predicted_4810 -            422 290630at2759         -            562     1e-10   38.8   0.7   1   3     0.028       1.8    5.0   0.0   309   343    56    90    48   105 0.88 -
augustus_predicted_4810 -            422 290630at2759         -            562     1e-10   38.8   0.7   2   3     0.023       1.5    5.3   0.0   307   400   107   191    91   193 0.62 -
augustus_predicted_4810 -            422 290630at2759         -            562     1e-10   38.8   0.7   3   3   2.4e-09   1.5e-07   28.3   0.2    77   228   165   325   163   328 0.84 -
augustus_predicted_1877 -            349 290630at2759         -            562   1.2e-10   38.5   2.0   1   3   7.8e-07     5e-05   20.0   0.4   153   226     6    85     4    87 0.87 -
augustus_predicted_1877 -            349 290630at2759         -            562   1.2e-10   38.5   2.0   2   3      0.02       1.3    5.5   0.0   151   189   207   249   185   279 0.85 -
augustus_predicted_1877 -            349 290630at2759         -            562   1.2e-10   38.5   2.0   3   3   0.00048     0.031   10.8   0.0   153   187   301   335   286   348 0.75 -
augustus_predicted_4868 -            555 290630at2759         -            562   8.7e-10   35.7   0.1   1   2   1.1e-09   6.8e-08   29.5   0.0   133   228   115   227    90   231 0.78 -
augustus_predicted_4868 -            555 290630at2759         -            562   8.7e-10   35.7   0.1   2   2     0.065       4.2    3.8   0.0   157   196   345   384   338   399 0.79 -
augustus_predicted_329  -            370 290630at2759         -            562   1.5e-09   35.0   0.2   1   3     4e-08   2.6e-06   24.3   0.0   167   246    68   148    56   161 0.83 -
augustus_predicted_329  -            370 290630at2759         -            562   1.5e-09   35.0   0.2   2   3      0.32        21    1.5   0.0   170   185   230   245   175   256 0.84 -
augustus_predicted_329  -            370 290630at2759         -            562   1.5e-09   35.0   0.2   3   3      0.02       1.3    5.5   0.0   211   309   292   309   263   347 0.71 -
augustus_predicted_2855 -            651 290630at2759         -            562   1.5e-09   34.9   0.3   1   3     0.033       2.1    4.8   0.0   154   189    79   115    28   123 0.86 -
augustus_predicted_2855 -            651 290630at2759         -            562   1.5e-09   34.9   0.3   2   3   1.5e-08   9.7e-07   25.7   0.1   154   227   138   211   133   215 0.83 -
augustus_predicted_2855 -            651 290630at2759         -            562   1.5e-09   34.9   0.3   3   3   1.4e-05   0.00089   15.9   0.0   155   188   181   214   180   226 0.89 -
augustus_predicted_3928 -            513 290630at2759         -            562   1.6e-09   34.9   0.1   1   2   1.3e-07   8.2e-06   22.6   0.0    91   226    58   197    30   202 0.78 -
augustus_predicted_3928 -            513 290630at2759         -            562   1.6e-09   34.9   0.1   2   2    0.0011     0.068    9.7   0.0   169   226   225   285   203   292 0.71 -
augustus_predicted_4528 -            422 290630at2759         -            562     9e-09   32.4   1.7   1   3       4.2   2.7e+02   -2.2   0.0   330   353   144   167   136   174 0.66 -
augustus_predicted_4528 -            422 290630at2759         -            562     9e-09   32.4   1.7   2   3     0.017       1.1    5.7   0.0    82   186   211   327   192   337 0.48 -
augustus_predicted_4528 -            422 290630at2759         -            562     9e-09   32.4   1.7   3   3   1.7e-08   1.1e-06   25.5   0.4   129   225   312   412   295   414 0.77 -
augustus_predicted_4166 -            745 290630at2759         -            562   1.1e-08   32.1   4.6   1   3   0.00047      0.03   10.8   0.1   316   401   324   403   304   412 0.81 -
augustus_predicted_4166 -            745 290630at2759         -            562   1.1e-08   32.1   4.6   2   3   5.6e-05    0.0036   13.9   0.2   136   203   637   706   604   724 0.65 -
augustus_predicted_4166 -            745 290630at2759         -            562   1.1e-08   32.1   4.6   3   3    0.0031       0.2    8.2   0.1   166   186   723   743   709   745 0.78 -
augustus_predicted_2223 -            401 290630at2759         -            562   1.5e-08   31.6   0.1   1   2   1.7e-09   1.1e-07   28.8   0.2   155   309   159   326   139   335 0.79 -
augustus_predicted_2223 -            401 290630at2759         -            562   1.5e-08   31.6   0.1   2   2       1.5        98   -0.7   0.0   149   191   345   388   342   390 0.75 -
augustus_predicted_234  -            506 290630at2759         -            562   3.6e-08   30.4   0.1   1   4       0.1       6.6    3.1   0.0   158   185    59    86    42    91 0.83 -
augustus_predicted_234  -            506 290630at2759         -            562   3.6e-08   30.4   0.1   2   4   0.00017     0.011   12.3   0.0   194   258   191   258   181   265 0.78 -
augustus_predicted_234  -            506 290630at2759         -            562   3.6e-08   30.4   0.1   3   4     0.011      0.73    6.3   0.0   167   252   250   343   246   345 0.67 -
augustus_predicted_234  -            506 290630at2759         -            562   3.6e-08   30.4   0.1   4   4     0.042       2.7    4.4   0.0   145   185   346   388   342   393 0.78 -
augustus_predicted_46   -           1273 290630at2759         -            562   4.5e-08   30.1   0.1   1   2   2.4e-06   0.00015   18.4   0.0   158   237    64   152    52   209 0.70 -
augustus_predicted_46   -           1273 290630at2759         -            562   4.5e-08   30.1   0.1   2   2    0.0015     0.096    9.2   0.0   137   213   236   315   163   336 0.67 -
augustus_predicted_3893 -            807 290630at2759         -            562   9.9e-08   28.9   0.0   1   2   3.8e-05    0.0025   14.4   0.0   154   189   435   470   431   484 0.86 -
augustus_predicted_3893 -            807 290630at2759         -            562   9.9e-08   28.9   0.0   2   2   0.00021     0.013   12.0   0.0   161   230   685   755   656   761 0.87 -
augustus_predicted_1540 -            852 290630at2759         -            562     1e-07   28.9   0.3   1   3   0.00036     0.023   11.2   0.0   154   188   171   205   159   260 0.72 -
augustus_predicted_1540 -            852 290630at2759         -            562     1e-07   28.9   0.3   2   3   4.1e-05    0.0027   14.3   0.1   194   269   276   349   267   389 0.72 -
augustus_predicted_1540 -            852 290630at2759         -            562     1e-07   28.9   0.3   3   3       2.7   1.7e+02   -1.5   0.0   212   272   446   509   426   518 0.54 -
augustus_predicted_1781 -            397 290630at2759         -            562   2.8e-07   27.5   1.2   1   2       2.4   1.5e+02   -1.4   0.0   163   184    21    42     9    49 0.62 -
augustus_predicted_1781 -            397 290630at2759         -            562   2.8e-07   27.5   1.2   2   2   3.5e-08   2.2e-06   24.5   0.3    82   201   195   336   181   340 0.76 -
augustus_predicted_479  -            752 290630at2759         -            562   8.7e-07   25.8   4.3   1   3    0.0037      0.24    7.9   0.1   114   186   117   192    91   207 0.81 -
augustus_predicted_479  -            752 290630at2759         -            562   8.7e-07   25.8   4.3   2   3   8.7e-06   0.00056   16.6   0.3   158   222   216   280   203   290 0.90 -
augustus_predicted_479  -            752 290630at2759         -            562   8.7e-07   25.8   4.3   3   3      0.84        54    0.1   0.0   368   384   400   416   356   469 0.58 -
augustus_predicted_545  -            643 290630at2759         -            562   3.7e-06   23.7   0.5   1   1   9.9e-08   6.3e-06   23.0   0.5   165   359    70   272    47   287 0.80 -
augustus_predicted_3965 -            511 290630at2759         -            562   1.6e-05   21.6   0.9   1   2   0.00014    0.0093   12.5   0.2   157   230   322   399   307   414 0.83 -
augustus_predicted_3965 -            511 290630at2759         -            562   1.6e-05   21.6   0.9   2   2    0.0053      0.34    7.4   0.0   282   309   416   448   410   463 0.68 -
augustus_predicted_4989 -            389 290630at2759         -            562   2.6e-05   20.9   0.0   1   2   1.4e-05   0.00087   15.9   0.0    86   228    28   179    18   183 0.80 -
augustus_predicted_4989 -            389 290630at2759         -            562   2.6e-05   20.9   0.0   2   2      0.13       8.5    2.8   0.0   167   188   304   325   281   329 0.83 -
augustus_predicted_1005 -           1341 290630at2759         -            562     3e-05   20.7   0.1   1   2    0.0015     0.097    9.2   0.1   154   188   256   291   212   315 0.85 -
augustus_predicted_1005 -           1341 290630at2759         -            562     3e-05   20.7   0.1   2   2    0.0015     0.097    9.2   0.0   145   185   358   398   337   404 0.84 -
augustus_predicted_793  -            594 290630at2759         -            562    0.0001   19.0   0.0   1   2     0.074       4.7    3.6   0.0   158   191   250   283   236   345 0.60 -
augustus_predicted_793  -            594 290630at2759         -            562    0.0001   19.0   0.0   2   2   0.00028     0.018   11.6   0.0   157   186   563   592   473   594 0.65 -
augustus_predicted_3264 -            896 290630at2759         -            562   0.00013   18.6   6.0   1   3       3.9   2.5e+02   -2.1   0.0   178   416    50    76    46   109 0.59 -
augustus_predicted_3264 -            896 290630at2759         -            562   0.00013   18.6   6.0   2   3   1.4e-05   0.00091   15.9   1.6    62   187   199   328   142   333 0.75 -
augustus_predicted_3264 -            896 290630at2759         -            562   0.00013   18.6   6.0   3   3     0.062         4    3.8   0.0   143   187   594   637   575   692 0.70 -
augustus_predicted_3704 -            431 290630at2759         -            562   0.00015   18.5   1.1   1   3   5.4e-05    0.0035   13.9   0.1   153   222    62   133    54   137 0.90 -
augustus_predicted_3704 -            431 290630at2759         -            562   0.00015   18.5   1.1   2   3      0.35        22    1.4   0.0   293   310   220   237   167   250 0.75 -
augustus_predicted_3704 -            431 290630at2759         -            562   0.00015   18.5   1.1   3   3       1.1        68   -0.2   0.0    75   118   314   356   272   394 0.71 -
augustus_predicted_4704 -            401 290630at2759         -            562   0.00015   18.4   0.0   1   2       8.1   5.2e+02   -3.1   0.0   264   298    13    47    12    48 0.81 -
augustus_predicted_4704 -            401 290630at2759         -            562   0.00015   18.4   0.0   2   2   5.8e-06   0.00037   17.1   0.1   135   229   125   222   120   247 0.75 -
augustus_predicted_2351 -            554 290630at2759         -            562    0.0002   18.0   0.0   1   1     6e-06   0.00039   17.1   0.0    78   187   196   305   183   313 0.94 -
augustus_predicted_4562 -            384 290630at2759         -            562   0.00057   16.5   1.7   1   2    0.0046       0.3    7.6   0.1   162   219    25    83    19    91 0.81 -
augustus_predicted_4562 -            384 290630at2759         -            562   0.00057   16.5   1.7   2   2    0.0039      0.25    7.8   0.0   116   184   109   181    99   185 0.79 -
augustus_predicted_620  -            533 290630at2759         -            562   0.00071   16.2   0.0   1   1   2.2e-05    0.0014   15.2   0.0   137   226   359   466   355   472 0.65 -
augustus_predicted_1141 -            341 290630at2759         -            562    0.0012   15.5   0.1   1   2       5.9   3.8e+02   -2.7   0.0   326   349    21    44    10    57 0.59 -
augustus_predicted_1141 -            341 290630at2759         -            562    0.0012   15.5   0.1   2   2   5.7e-05    0.0037   13.9   0.0   150   212   245   308   236   321 0.71 -
augustus_predicted_1045 -           1116 290630at2759         -            562    0.0027   14.3   0.5   1   3       6.7   4.3e+02   -2.9   0.0   145   183    12    52     3    56 0.82 -
augustus_predicted_1045 -           1116 290630at2759         -            562    0.0027   14.3   0.5   2   3      0.18        11    2.4   0.0   170   188   177   195   169   221 0.82 -
augustus_predicted_1045 -           1116 290630at2759         -            562    0.0027   14.3   0.5   3   3    0.0023      0.15    8.6   0.0   135   186   246   298   233   332 0.81 -
augustus_predicted_2388 -            524 290630at2759         -            562    0.0032   14.0   0.0   1   1   0.00011    0.0068   13.0   0.0   172   256   281   366   263   378 0.86 -
augustus_predicted_2053 -            476 290630at2759         -            562    0.0034   14.0   0.4   1   3   0.00046     0.029   10.9   0.1   363   410   114   161   101   168 0.88 -
augustus_predicted_2053 -            476 290630at2759         -            562    0.0034   14.0   0.4   2   3       5.5   3.5e+02   -2.6   0.0   201   266   213   280   204   285 0.60 -
augustus_predicted_2053 -            476 290630at2759         -            562    0.0034   14.0   0.4   3   3         1        65   -0.2   0.0   411   469   409   468   397   473 0.73 -
augustus_predicted_2668 -            576 290630at2759         -            562    0.0075   12.8   2.6   1   1   0.00023     0.015   11.9   1.4   169   308   300   453   281   470 0.59 -
augustus_predicted_78   -            522 290630at2759         -            562     0.012   12.1   0.4   1   4      0.11       7.1    3.0   0.0   293   308   348   363   240   371 0.80 -
augustus_predicted_78   -            522 290630at2759         -            562     0.012   12.1   0.4   2   4      0.02       1.3    5.5   0.1   171   227   349   419   322   424 0.57 -
augustus_predicted_78   -            522 290630at2759         -            562     0.012   12.1   0.4   3   4     0.048       3.1    4.2   0.0   158   187   392   421   375   437 0.62 -
augustus_predicted_78   -            522 290630at2759         -            562     0.012   12.1   0.4   4   4       1.6     1e+02   -0.8   0.0    63   140   434   510   411   518 0.57 -
augustus_predicted_349  -            444 290630at2759         -            562     0.019   11.5   0.1   1   1   0.00054     0.034   10.7   0.1   156   237   198   279   184   284 0.81 -
augustus_predicted_4281 -           1010 290630at2759         -            562     0.019   11.5   0.8   1   4      0.59        38    0.6   0.2    56   111    29    82    19   122 0.67 -
augustus_predicted_4281 -           1010 290630at2759         -            562     0.019   11.5   0.8   2   4      0.41        26    1.1   0.1   114   143   124   153    77   170 0.62 -
augustus_predicted_4281 -           1010 290630at2759         -            562     0.019   11.5   0.8   3   4       0.6        39    0.6   0.0   163   190   244   271   236   286 0.80 -
augustus_predicted_4281 -           1010 290630at2759         -            562     0.019   11.5   0.8   4   4     0.085       5.4    3.4   0.0    34   103   476   545   447   558 0.83 -
#
# Program:         hmmsearch
# Version:         3.1b2 (February 2015)
# Pipeline mode:   SEARCH
# Query file:      ../../stats/eukaryota_odb10/hmms/290630at2759.hmm
# Target file:     /home/centos/br/bin/Brownotate-1.2.0/runs/584a0dab-d3a4-4320-afed-b310965cc1e7/annotation/augustus_annotation.faa
# Option settings: hmmsearch --domtblout /home/centos/br/bin/Brownotate-1.2.0/runs/584a0dab-d3a4-4320-afed-b310965cc1e7/busco_annotation/run_eukaryota_odb10/hmmer_output/initial_run_results/290630at2759.out --cpu 1 ../../stats/eukaryota_odb10/hmms/290630at2759.hmm /home/centos/br/bin/Brownotate-1.2.0/runs/584a0dab-d3a4-4320-afed-b310965cc1e7/annotation/augustus_annotation.faa 
# Current dir:     /home/centos/br/bin/Brownotate-1.2.0/runs/584a0dab-d3a4-4320-afed-b310965cc1e7
# Date:            Thu Aug 22 20:16:27 2024
# [ok]
