#                                                                               --- full sequence --- -------------- this domain -------------   hmm coord   ali coord   env coord
# target name           accession   tlen query name           accession   qlen   E-value  score  bias   #  of  c-Evalue  i-Evalue  score  bias  from    to  from    to  from    to  acc description of target
#   ------------------- ---------- ----- -------------------- ---------- ----- --------- ------ ----- --- --- --------- --------- ------ ----- ----- ----- ----- ----- ----- ----- ---- ---------------------
augustus_predicted_3927 -            615 325552at2759         -            426   3.9e-99  330.6   9.3   1   3   4.3e-87   2.8e-85  284.9   4.5     1   310    23   377    23   480 0.84 -
augustus_predicted_3927 -            615 325552at2759         -            426   3.9e-99  330.6   9.3   2   3   2.6e-05    0.0017   15.4   0.1    40    86   495   543   465   546 0.82 -
augustus_predicted_3927 -            615 325552at2759         -            426   3.9e-99  330.6   9.3   3   3   9.1e-10   5.9e-08   30.1   0.1   369   426   530   610   530   610 0.71 -
augustus_predicted_4249 -            515 325552at2759         -            426   1.9e-42  143.8  13.5   1   4   4.6e-15     3e-13   47.6   0.5   112   232   137   271   135   276 0.84 -
augustus_predicted_4249 -            515 325552at2759         -            426   1.9e-42  143.8  13.5   2   4   0.00096     0.062   10.3   0.3   368   400   276   309   271   336 0.64 -
augustus_predicted_4249 -            515 325552at2759         -            426   1.9e-42  143.8  13.5   3   4   1.6e-23   1.1e-21   75.4   0.3   134   229   374   476   364   480 0.90 -
augustus_predicted_4249 -            515 325552at2759         -            426   1.9e-42  143.8  13.5   4   4   2.6e-05    0.0017   15.5   0.1   188   225   477   514   474   515 0.91 -
augustus_predicted_2612 -            943 325552at2759         -            426   6.8e-38  128.8  14.8   1   6   0.00035     0.023   11.7   0.2   165   228    89   152    84   170 0.90 -
augustus_predicted_2612 -            943 325552at2759         -            426   6.8e-38  128.8  14.8   2   6   1.8e-06   0.00012   19.3   0.7   167   228   173   233   156   253 0.87 -
augustus_predicted_2612 -            943 325552at2759         -            426   6.8e-38  128.8  14.8   3   6    0.0097      0.63    7.0   0.0   191   237   385   431   381   434 0.80 -
augustus_predicted_2612 -            943 325552at2759         -            426   6.8e-38  128.8  14.8   4   6   1.3e-10   8.4e-09   32.9   0.0   160   228   435   504   430   516 0.91 -
augustus_predicted_2612 -            943 325552at2759         -            426   6.8e-38  128.8  14.8   5   6   7.8e-09   5.1e-07   27.1   0.0   158   226   534   602   526   617 0.93 -
augustus_predicted_2612 -            943 325552at2759         -            426   6.8e-38  128.8  14.8   6   6   2.1e-11   1.4e-09   35.5   0.5   156   229   616   689   605   710 0.91 -
augustus_predicted_4239 -            923 325552at2759         -            426   8.5e-37  125.2  14.5   1   9      0.92        60    0.5   0.0   161   221    20    79     3    95 0.56 -
augustus_predicted_4239 -            923 325552at2759         -            426   8.5e-37  125.2  14.5   2   9    0.0062       0.4    7.6   0.0   147   228    46   126    39   135 0.81 -
augustus_predicted_4239 -            923 325552at2759         -            426   8.5e-37  125.2  14.5   3   9   1.5e-07     1e-05   22.8   0.2   158   230    99   179    92   187 0.70 -
augustus_predicted_4239 -            923 325552at2759         -            426   8.5e-37  125.2  14.5   4   9    0.0021      0.13    9.2   0.1   192   229   186   223   177   238 0.84 -
augustus_predicted_4239 -            923 325552at2759         -            426   8.5e-37  125.2  14.5   5   9      0.19        13    2.7   0.0   153   210   258   315   252   336 0.84 -
augustus_predicted_4239 -            923 325552at2759         -            426   8.5e-37  125.2  14.5   6   9   1.4e-14   9.3e-13   46.0   0.3   158   245   348   435   329   438 0.85 -
augustus_predicted_4239 -            923 325552at2759         -            426   8.5e-37  125.2  14.5   7   9   1.9e-10   1.2e-08   32.4   0.1   158   241   433   517   421   564 0.79 -
augustus_predicted_4239 -            923 325552at2759         -            426   8.5e-37  125.2  14.5   8   9   0.00026     0.017   12.2   0.1   150   186   572   608   564   618 0.85 -
augustus_predicted_4239 -            923 325552at2759         -            426   8.5e-37  125.2  14.5   9   9      0.63        41    1.0   0.0   343   370   680   707   671   715 0.66 -
augustus_predicted_4260 -            713 325552at2759         -            426   1.3e-34  117.9   5.7   1   4    0.0005     0.033   11.2   0.2   152   198   341   386   337   427 0.75 -
augustus_predicted_4260 -            713 325552at2759         -            426   1.3e-34  117.9   5.7   2   4   3.1e-16     2e-14   51.5   0.0   154   229   442   517   435   528 0.91 -
augustus_predicted_4260 -            713 325552at2759         -            426   1.3e-34  117.9   5.7   3   4   9.2e-11     6e-09   33.4   0.4   156   231   527   610   522   620 0.85 -
augustus_predicted_4260 -            713 325552at2759         -            426   1.3e-34  117.9   5.7   4   4   4.7e-07   3.1e-05   21.2   0.0   154   228   629   709   623   712 0.86 -
augustus_predicted_3519 -            465 325552at2759         -            426     3e-31  106.9   6.8   1   4   1.5e-06   9.7e-05   19.6   0.0   155   227   175   249   171   254 0.89 -
augustus_predicted_3519 -            465 325552at2759         -            426     3e-31  106.9   6.8   2   4     5e-09   3.3e-07   27.7   0.1   155   226   265   336   260   336 0.96 -
augustus_predicted_3519 -            465 325552at2759         -            426     3e-31  106.9   6.8   3   4   6.1e-15     4e-13   47.2   0.2   156   229   308   381   304   392 0.93 -
augustus_predicted_3519 -            465 325552at2759         -            426     3e-31  106.9   6.8   4   4   7.3e-10   4.7e-08   30.5   0.2   154   225   392   465   382   465 0.93 -
augustus_predicted_4531 -            798 325552at2759         -            426     9e-30  102.0   4.1   1   3   1.7e-09   1.1e-07   29.2   0.2   188   229   516   557   435   562 0.74 -
augustus_predicted_4531 -            798 325552at2759         -            426     9e-30  102.0   4.1   2   3   4.5e-10   2.9e-08   31.2   0.1   151   228   563   640   556   652 0.93 -
augustus_predicted_4531 -            798 325552at2759         -            426     9e-30  102.0   4.1   3   3   6.8e-13   4.4e-11   40.4   0.1   158   231   654   728   646   735 0.91 -
augustus_predicted_2690 -            817 325552at2759         -            426   5.9e-27   92.8  17.5   1   6       1.6   1.1e+02   -0.3   0.0   340   365    60    85    41   105 0.55 -
augustus_predicted_2690 -            817 325552at2759         -            426   5.9e-27   92.8  17.5   2   6   6.3e-05    0.0041   14.2   1.0   168   228   115   179   110   190 0.75 -
augustus_predicted_2690 -            817 325552at2759         -            426   5.9e-27   92.8  17.5   3   6         9   5.9e+02   -2.8   0.0   211   233   210   232   204   249 0.60 -
augustus_predicted_2690 -            817 325552at2759         -            426   5.9e-27   92.8  17.5   4   6      0.33        21    2.0   0.1   206   230   397   421   385   446 0.77 -
augustus_predicted_2690 -            817 325552at2759         -            426   5.9e-27   92.8  17.5   5   6   4.6e-15     3e-13   47.6   0.2   136   231   472   567   470   577 0.94 -
augustus_predicted_2690 -            817 325552at2759         -            426   5.9e-27   92.8  17.5   6   6   1.7e-10   1.1e-08   32.5   0.1   153   229   573   649   568   669 0.86 -
augustus_predicted_5015 -            303 325552at2759         -            426   3.8e-26   90.1   6.5   1   5       1.5        96   -0.2   0.0   212   231     5    24     2    38 0.61 -
augustus_predicted_5015 -            303 325552at2759         -            426   3.8e-26   90.1   6.5   2   5   8.1e-12   5.3e-10   36.9   0.0   151   228    28   106    20   113 0.88 -
augustus_predicted_5015 -            303 325552at2759         -            426   3.8e-26   90.1   6.5   3   5    0.0081      0.53    7.2   0.0    43    65   126   148   110   157 0.69 -
augustus_predicted_5015 -            303 325552at2759         -            426   3.8e-26   90.1   6.5   4   5   2.3e-08   1.5e-06   25.5   0.1   159   231   163   241   155   248 0.84 -
augustus_predicted_5015 -            303 325552at2759         -            426   3.8e-26   90.1   6.5   5   5   1.2e-06   7.9e-05   19.8   0.4   190   230   243   283   238   300 0.82 -
augustus_predicted_3243 -            451 325552at2759         -            426   8.1e-25   85.7   1.6   1   3   6.5e-11   4.2e-09   33.9   0.1   155   230   139   215   127   223 0.91 -
augustus_predicted_3243 -            451 325552at2759         -            426   8.1e-25   85.7   1.6   2   3   6.5e-10   4.2e-08   30.6   0.0   156   228   225   297   219   308 0.91 -
augustus_predicted_3243 -            451 325552at2759         -            426   8.1e-25   85.7   1.6   3   3   1.4e-06     9e-05   19.7   0.1   109   236   299   438   296   443 0.76 -
augustus_predicted_1297 -            423 325552at2759         -            426     2e-24   84.4   8.2   1   4   2.4e-05    0.0016   15.6   0.1   193   232    88   127    79   133 0.88 -
augustus_predicted_1297 -            423 325552at2759         -            426     2e-24   84.4   8.2   2   4     5e-08   3.2e-06   24.4   0.0   155   229   134   212   129   226 0.80 -
augustus_predicted_1297 -            423 325552at2759         -            426     2e-24   84.4   8.2   3   4    0.0001    0.0065   13.5   0.1   166   230   239   303   235   311 0.91 -
augustus_predicted_1297 -            423 325552at2759         -            426     2e-24   84.4   8.2   4   4   1.1e-10   7.5e-09   33.1   0.2   155   225   349   419   337   422 0.94 -
augustus_predicted_4363 -            840 325552at2759         -            426   2.1e-23   81.0   1.3   1   6    0.0065      0.42    7.6   0.0   200   227    20    47    11    58 0.65 -
augustus_predicted_4363 -            840 325552at2759         -            426   2.1e-23   81.0   1.3   2   6   2.5e-06   0.00016   18.8   0.0   191   241    73   123    68   130 0.87 -
augustus_predicted_4363 -            840 325552at2759         -            426   2.1e-23   81.0   1.3   3   6   1.3e-12   8.3e-11   39.5   0.1   156   229   138   211   131   221 0.91 -
augustus_predicted_4363 -            840 325552at2759         -            426   2.1e-23   81.0   1.3   4   6       2.4   1.6e+02   -0.9   0.0   148   172   225   249   220   279 0.77 -
augustus_predicted_4363 -            840 325552at2759         -            426   2.1e-23   81.0   1.3   5   6    0.0056      0.36    7.8   0.0   168   229   326   388   316   402 0.84 -
augustus_predicted_4363 -            840 325552at2759         -            426   2.1e-23   81.0   1.3   6   6       2.2   1.4e+02   -0.8   0.0   238   281   711   753   699   757 0.74 -
augustus_predicted_87   -           1201 325552at2759         -            426   2.7e-23   80.7   2.5   1   5   5.1e-07   3.3e-05   21.1   0.0   150   229     6    85     4    93 0.95 -
augustus_predicted_87   -           1201 325552at2759         -            426   2.7e-23   80.7   2.5   2   5   1.6e-08   1.1e-06   26.0   0.0   152   233    92   173    87   203 0.84 -
augustus_predicted_87   -           1201 325552at2759         -            426   2.7e-23   80.7   2.5   3   5   2.9e-07   1.9e-05   21.9   0.0   151   230   205   286   200   297 0.86 -
augustus_predicted_87   -           1201 325552at2759         -            426   2.7e-23   80.7   2.5   4   5      0.69        45    0.9   0.0   330   379   314   361   302   366 0.82 -
augustus_predicted_87   -           1201 325552at2759         -            426   2.7e-23   80.7   2.5   5   5     0.028       1.8    5.5   0.7   302   398   453   550   429   556 0.74 -
augustus_predicted_3950 -            319 325552at2759         -            426   3.6e-21   73.7  10.9   1   5     0.072       4.7    4.1   0.0   191   228    11    49     5    59 0.83 -
augustus_predicted_3950 -            319 325552at2759         -            426   3.6e-21   73.7  10.9   2   5   1.5e-13   9.8e-12   42.6   0.5   139   233    50   143    47   149 0.90 -
augustus_predicted_3950 -            319 325552at2759         -            426   3.6e-21   73.7  10.9   3   5     0.017       1.1    6.2   0.1   207   230   164   187   160   198 0.85 -
augustus_predicted_3950 -            319 325552at2759         -            426   3.6e-21   73.7  10.9   4   5   1.7e-06   0.00011   19.4   0.0   155   217   196   257   189   270 0.84 -
augustus_predicted_3950 -            319 325552at2759         -            426   3.6e-21   73.7  10.9   5   5     0.021       1.4    5.9   0.1   200   228   289   317   267   319 0.84 -
augustus_predicted_513  -            455 325552at2759         -            426   5.3e-21   73.1   0.8   1   3   1.9e-09   1.2e-07   29.1   0.0   162   233   169   242   161   255 0.86 -
augustus_predicted_513  -            455 325552at2759         -            426   5.3e-21   73.1   0.8   2   3   3.3e-08   2.1e-06   25.0   0.0   168   228   261   324   251   339 0.82 -
augustus_predicted_513  -            455 325552at2759         -            426   5.3e-21   73.1   0.8   3   3   3.1e-05     0.002   15.2   0.1    39    93   389   446   368   453 0.74 -
augustus_predicted_4675 -            779 325552at2759         -            426   5.4e-21   73.1   8.3   1   4   1.7e-11   1.1e-09   35.8   0.2   155   234   382   458   378   475 0.84 -
augustus_predicted_4675 -            779 325552at2759         -            426   5.4e-21   73.1   8.3   2   4      0.56        36    1.2   0.0   379   397   476   494   456   500 0.59 -
augustus_predicted_4675 -            779 325552at2759         -            426   5.4e-21   73.1   8.3   3   4   4.1e-11   2.6e-09   34.6   0.2   164   228   537   601   520   632 0.90 -
augustus_predicted_4675 -            779 325552at2759         -            426   5.4e-21   73.1   8.3   4   4      0.13       8.5    3.3   0.1   210   239   643   671   621   729 0.61 -
augustus_predicted_4755 -            465 325552at2759         -            426   8.9e-21   72.4   3.4   1   4   1.4e-09   8.9e-08   29.6   0.5   152   235    90   173    80   179 0.90 -
augustus_predicted_4755 -            465 325552at2759         -            426   8.9e-21   72.4   3.4   2   4     1e-10   6.8e-09   33.2   0.3   155   228   177   250   173   263 0.93 -
augustus_predicted_4755 -            465 325552at2759         -            426   8.9e-21   72.4   3.4   3   4      0.15        10    3.0   0.0   156   228   262   336   255   345 0.79 -
augustus_predicted_4755 -            465 325552at2759         -            426   8.9e-21   72.4   3.4   4   4     0.053       3.4    4.6   0.0   195   225   348   378   342   384 0.81 -
augustus_predicted_4455 -            535 325552at2759         -            426   1.3e-20   71.9   2.5   1   4   3.8e-10   2.5e-08   31.4   0.0   153   235   218   300   209   305 0.90 -
augustus_predicted_4455 -            535 325552at2759         -            426   1.3e-20   71.9   2.5   2   4   1.9e-07   1.3e-05   22.5   0.0   166   225   328   387   323   395 0.94 -
augustus_predicted_4455 -            535 325552at2759         -            426   1.3e-20   71.9   2.5   3   4     9e-05    0.0058   13.7   0.3   185   230   389   433   387   441 0.84 -
augustus_predicted_4455 -            535 325552at2759         -            426   1.3e-20   71.9   2.5   4   4      0.47        31    1.4   0.0   162   189   449   476   445   488 0.84 -
augustus_predicted_3977 -            347 325552at2759         -            426   5.1e-20   69.9   4.0   1   3   4.3e-14   2.8e-12   44.4   0.0   151   240     6    96     3   134 0.91 -
augustus_predicted_3977 -            347 325552at2759         -            426   5.1e-20   69.9   4.0   2   3   8.6e-07   5.6e-05   20.3   0.8   161   228   159   227   150   239 0.87 -
augustus_predicted_3977 -            347 325552at2759         -            426   5.1e-20   69.9   4.0   3   3       0.1       6.5    3.6   0.0   159   181   297   319   284   335 0.72 -
augustus_predicted_1954 -            566 325552at2759         -            426   3.8e-19   67.0   3.7   1   4     0.014      0.92    6.5   0.0     5    79   271   346   267   348 0.80 -
augustus_predicted_1954 -            566 325552at2759         -            426   3.8e-19   67.0   3.7   2   4     0.021       1.4    5.9   0.0   369   393   343   367   338   373 0.89 -
augustus_predicted_1954 -            566 325552at2759         -            426   3.8e-19   67.0   3.7   3   4   1.1e-12   7.3e-11   39.7   0.3   153   247   383   479   374   481 0.87 -
augustus_predicted_1954 -            566 325552at2759         -            426   3.8e-19   67.0   3.7   4   4   8.7e-06   0.00056   17.0   0.1   162   229   478   547   469   556 0.82 -
augustus_predicted_2492 -            489 325552at2759         -            426   1.7e-18   64.9   7.8   1   4    0.0023      0.15    9.1   0.0   195   229    65   100    58   109 0.84 -
augustus_predicted_2492 -            489 325552at2759         -            426   1.7e-18   64.9   7.8   2   4   0.00014    0.0088   13.1   0.6   168   229    81   153    77   168 0.78 -
augustus_predicted_2492 -            489 325552at2759         -            426   1.7e-18   64.9   7.8   3   4   2.3e-05    0.0015   15.6   0.0   158   228   222   293   211   301 0.86 -
augustus_predicted_2492 -            489 325552at2759         -            426   1.7e-18   64.9   7.8   4   4   1.6e-11     1e-09   35.9   0.7   151   236   301   387   299   429 0.88 -
augustus_predicted_3655 -            640 325552at2759         -            426   3.1e-18   64.0   4.6   1   4   1.4e-06   9.2e-05   19.6   0.1   168   228   313   371   296   384 0.84 -
augustus_predicted_3655 -            640 325552at2759         -            426   3.1e-18   64.0   4.6   2   4   1.3e-08   8.3e-07   26.4   0.9   166   233   351   416   341   422 0.89 -
augustus_predicted_3655 -            640 325552at2759         -            426   3.1e-18   64.0   4.6   3   4    0.0013     0.086    9.8   0.0   192   236   416   461   410   485 0.69 -
augustus_predicted_3655 -            640 325552at2759         -            426   3.1e-18   64.0   4.6   4   4   6.4e-07   4.2e-05   20.8   0.0   168   235   523   589   519   600 0.88 -
augustus_predicted_2336 -            348 325552at2759         -            426   4.5e-18   63.5   1.1   1   3   1.5e-06   9.5e-05   19.6   0.0   166   229    33   101    20   107 0.86 -
augustus_predicted_2336 -            348 325552at2759         -            426   4.5e-18   63.5   1.1   2   3   4.9e-11   3.2e-09   34.3   0.1   164   228   141   205   124   228 0.90 -
augustus_predicted_2336 -            348 325552at2759         -            426   4.5e-18   63.5   1.1   3   3     0.014      0.91    6.5   0.0   210   245   247   282   240   325 0.65 -
augustus_predicted_1845 -            889 325552at2759         -            426   2.4e-17   61.1   1.6   1   3   2.1e-07   1.3e-05   22.4   0.0   158   229    58   129     8   136 0.86 -
augustus_predicted_1845 -            889 325552at2759         -            426   2.4e-17   61.1   1.6   2   3   2.5e-08   1.6e-06   25.4   0.0   147   239   175   271   172   278 0.87 -
augustus_predicted_1845 -            889 325552at2759         -            426   2.4e-17   61.1   1.6   3   3       1.1        74    0.2   0.0   157   184   358   384   351   405 0.82 -
augustus_predicted_435  -            330 325552at2759         -            426   2.4e-17   61.1  16.5   1   4   9.5e-08   6.2e-06   23.5   0.2   168   238    25    99     8   105 0.86 -
augustus_predicted_435  -            330 325552at2759         -            426   2.4e-17   61.1  16.5   2   4   1.1e-09   6.9e-08   29.9   2.3   155   225   107   181   103   187 0.90 -
augustus_predicted_435  -            330 325552at2759         -            426   2.4e-17   61.1  16.5   3   4     0.017       1.1    6.2   0.3   188   226   188   228   183   243 0.79 -
augustus_predicted_435  -            330 325552at2759         -            426   2.4e-17   61.1  16.5   4   4    0.0019      0.13    9.3   0.1   155   228   250   328   246   330 0.74 -
augustus_predicted_1462 -            715 325552at2759         -            426   6.2e-17   59.7   9.0   1   4      0.12         8    3.4   0.6   194   231    10    46     3    53 0.72 -
augustus_predicted_1462 -            715 325552at2759         -            426   6.2e-17   59.7   9.0   2   4   0.00023     0.015   12.3   0.0   155   225    54   125    49   130 0.87 -
augustus_predicted_1462 -            715 325552at2759         -            426   6.2e-17   59.7   9.0   3   4   2.8e-07   1.8e-05   21.9   0.4   185   235   125   175   125   187 0.82 -
augustus_predicted_1462 -            715 325552at2759         -            426   6.2e-17   59.7   9.0   4   4   1.4e-08   8.8e-07   26.3   0.0   166   232   189   254   178   292 0.89 -
augustus_predicted_1863 -            610 325552at2759         -            426   2.8e-16   57.6   6.5   1   4   2.4e-05    0.0015   15.6   1.0   169   261   273   369   262   375 0.80 -
augustus_predicted_1863 -            610 325552at2759         -            426   2.8e-16   57.6   6.5   2   4   1.3e-07   8.2e-06   23.1   0.2   168   231   355   419   345   430 0.88 -
augustus_predicted_1863 -            610 325552at2759         -            426   2.8e-16   57.6   6.5   3   4   3.7e-09   2.4e-07   28.1   0.7    29   120   379   474   371   486 0.69 -
augustus_predicted_1863 -            610 325552at2759         -            426   2.8e-16   57.6   6.5   4   4   0.00011     0.007   13.4   0.0   168   226   494   554   490   561 0.85 -
augustus_predicted_2127 -            788 325552at2759         -            426   7.1e-16   56.2   7.1   1   6   1.1e-06   7.2e-05   20.0   0.1   152   226    56   131    21   147 0.49 -
augustus_predicted_2127 -            788 325552at2759         -            426   7.1e-16   56.2   7.1   2   6       1.7   1.1e+02   -0.4   0.0   102   130   182   214   160   236 0.63 -
augustus_predicted_2127 -            788 325552at2759         -            426   7.1e-16   56.2   7.1   3   6      0.02       1.3    5.9   0.2   193   228   277   312   270   327 0.86 -
augustus_predicted_2127 -            788 325552at2759         -            426   7.1e-16   56.2   7.1   4   6       0.1       6.6    3.6   0.1   153   223   337   411   324   415 0.72 -
augustus_predicted_2127 -            788 325552at2759         -            426   7.1e-16   56.2   7.1   5   6       9.3     6e+02   -2.8   0.0   343   359   560   576   553   590 0.58 -
augustus_predicted_2127 -            788 325552at2759         -            426   7.1e-16   56.2   7.1   6   6   3.4e-08   2.2e-06   25.0   0.0   158   237   609   695   601   710 0.81 -
augustus_predicted_3761 -            468 325552at2759         -            426   9.3e-16   55.9   0.2   1   4    0.0044      0.29    8.1   0.0   199   228    15    46     4    60 0.84 -
augustus_predicted_3761 -            468 325552at2759         -            426   9.3e-16   55.9   0.2   2   4   0.00078     0.051   10.6   0.0   153   187    69   103    66   112 0.67 -
augustus_predicted_3761 -            468 325552at2759         -            426   9.3e-16   55.9   0.2   3   4   1.1e-07   7.3e-06   23.3   0.0   158   225   148   215   142   227 0.93 -
augustus_predicted_3761 -            468 325552at2759         -            426   9.3e-16   55.9   0.2   4   4     0.004      0.26    8.3   0.0   173   228   348   404   341   419 0.81 -
augustus_predicted_2837 -            939 325552at2759         -            426   1.9e-15   54.8   3.0   1   5      0.07       4.6    4.2   0.0   157   222   250   320   183   330 0.76 -
augustus_predicted_2837 -            939 325552at2759         -            426   1.9e-15   54.8   3.0   2   5       1.5        98   -0.2   0.0   211   240   429   459   426   461 0.83 -
augustus_predicted_2837 -            939 325552at2759         -            426   1.9e-15   54.8   3.0   3   5   2.5e-06   0.00016   18.8   0.1   151   230   455   535   444   545 0.92 -
augustus_predicted_2837 -            939 325552at2759         -            426   1.9e-15   54.8   3.0   4   5   4.2e-08   2.7e-06   24.7   0.0   160   228   548   616   540   619 0.93 -
augustus_predicted_2837 -            939 325552at2759         -            426   1.9e-15   54.8   3.0   5   5       0.1       6.8    3.6   0.0    35    62   628   656   623   667 0.74 -
augustus_predicted_754  -            714 325552at2759         -            426   1.9e-15   54.8   0.3   1   4   6.9e-06   0.00045   17.4   0.0   153   227   396   471   392   496 0.86 -
augustus_predicted_754  -            714 325552at2759         -            426   1.9e-15   54.8   0.3   2   4    0.0025      0.16    9.0   0.0   368   417   500   549   488   555 0.81 -
augustus_predicted_754  -            714 325552at2759         -            426   1.9e-15   54.8   0.3   3   4   7.3e-08   4.8e-06   23.9   0.0   169   235   578   642   574   649 0.92 -
augustus_predicted_754  -            714 325552at2759         -            426   1.9e-15   54.8   0.3   4   4       3.5   2.3e+02   -1.4   0.1    32    60   686   712   650   714 0.56 -
augustus_predicted_1625 -            414 325552at2759         -            426   2.7e-15   54.4   1.7   1   3   7.1e-06   0.00046   17.3   0.0   149   207    46   102    41   114 0.84 -
augustus_predicted_1625 -            414 325552at2759         -            426   2.7e-15   54.4   1.7   2   3   2.9e-08   1.9e-06   25.2   0.2   164   228   116   180   111   199 0.93 -
augustus_predicted_1625 -            414 325552at2759         -            426   2.7e-15   54.4   1.7   3   3     0.002      0.13    9.2   0.1   147   191   292   338   284   344 0.82 -
augustus_predicted_3216 -           1013 325552at2759         -            426     2e-14   51.5   6.9   1   5     0.048       3.1    4.7   0.0    41    68   145   172   139   182 0.88 -
augustus_predicted_3216 -           1013 325552at2759         -            426     2e-14   51.5   6.9   2   5   4.6e-11     3e-09   34.4   0.2   160   240   184   264   178   299 0.90 -
augustus_predicted_3216 -           1013 325552at2759         -            426     2e-14   51.5   6.9   3   5      0.32        21    2.0   0.0   165   239   675   752   670   757 0.77 -
augustus_predicted_3216 -           1013 325552at2759         -            426     2e-14   51.5   6.9   4   5      0.07       4.5    4.2   0.0   212   255   782   825   769   844 0.77 -
augustus_predicted_3216 -           1013 325552at2759         -            426     2e-14   51.5   6.9   5   5     0.059       3.8    4.4   0.2   195   228   934   967   919   984 0.82 -
augustus_predicted_1877 -            349 325552at2759         -            426   3.1e-14   50.8   5.1   1   4   1.9e-08   1.2e-06   25.8   2.0   155   226     9    86     2    93 0.82 -
augustus_predicted_1877 -            349 325552at2759         -            426   3.1e-14   50.8   5.1   2   4      0.13       8.7    3.2   0.0   185   227    96   140    93   159 0.70 -
augustus_predicted_1877 -            349 325552at2759         -            426   3.1e-14   50.8   5.1   3   4     0.039       2.5    5.0   0.0   162   230   177   249   141   263 0.69 -
augustus_predicted_1877 -            349 325552at2759         -            426   3.1e-14   50.8   5.1   4   4   3.5e-05    0.0023   15.0   0.4   186   233   293   340   259   349 0.83 -
augustus_predicted_1676 -            643 325552at2759         -            426   3.9e-14   50.5   0.1   1   4     7e-05    0.0045   14.1   0.0   165   227   330   393   317   408 0.84 -
augustus_predicted_1676 -            643 325552at2759         -            426   3.9e-14   50.5   0.1   2   4    0.0041      0.27    8.2   0.0   369   401   423   455   412   467 0.73 -
augustus_predicted_1676 -            643 325552at2759         -            426   3.9e-14   50.5   0.1   3   4   1.2e-07   7.5e-06   23.2   0.0   168   231   500   561   497   602 0.83 -
augustus_predicted_1676 -            643 325552at2759         -            426   3.9e-14   50.5   0.1   4   4         2   1.3e+02   -0.6   0.0   336   396   582   642   574   643 0.76 -
augustus_predicted_2372 -            347 325552at2759         -            426   1.6e-13   48.5   2.1   1   4    0.0073      0.47    7.4   0.1    39    64    24    50    12    56 0.64 -
augustus_predicted_2372 -            347 325552at2759         -            426   1.6e-13   48.5   2.1   2   4     1e-10   6.5e-09   33.3   0.1   154   228    61   138    56   166 0.83 -
augustus_predicted_2372 -            347 325552at2759         -            426   1.6e-13   48.5   2.1   3   4       4.4   2.9e+02   -1.8   0.0   372   417   150   198   140   203 0.67 -
augustus_predicted_2372 -            347 325552at2759         -            426   1.6e-13   48.5   2.1   4   4     0.037       2.4    5.1   0.0   158   200   254   296   245   315 0.60 -
augustus_predicted_2677 -            297 325552at2759         -            426   3.8e-13   47.3   6.0   1   3   3.5e-07   2.3e-05   21.6   0.1   167   232    21    90     6    99 0.83 -
augustus_predicted_2677 -            297 325552at2759         -            426   3.8e-13   47.3   6.0   2   3     1e-05   0.00068   16.8   0.2   155   231    99   192    95   197 0.78 -
augustus_predicted_2677 -            297 325552at2759         -            426   3.8e-13   47.3   6.0   3   3   4.9e-06   0.00032   17.8   1.2   166   268   169   278   166   287 0.78 -
augustus_predicted_4515 -            574 325552at2759         -            426   1.8e-12   45.1   0.1   1   3   3.9e-05    0.0025   14.9   0.0   159   227    17    85    10    93 0.79 -
augustus_predicted_4515 -            574 325552at2759         -            426   1.8e-12   45.1   0.1   2   3     1e-07   6.5e-06   23.4   0.0   154   256    95   199    82   204 0.78 -
augustus_predicted_4515 -            574 325552at2759         -            426   1.8e-12   45.1   0.1   3   3   0.00045     0.029   11.4   0.0   166   236   150   229   148   238 0.75 -
augustus_predicted_5156 -            426 325552at2759         -            426     2e-12   44.9   0.0   1   3   1.3e-12   8.3e-11   39.5   0.0   159   247    30   122     4   127 0.86 -
augustus_predicted_5156 -            426 325552at2759         -            426     2e-12   44.9   0.0   2   3       1.2        78    0.1   0.0   332   365   205   239   200   252 0.73 -
augustus_predicted_5156 -            426 325552at2759         -            426     2e-12   44.9   0.0   3   3      0.89        58    0.5   0.1    48   214   283   329   245   344 0.53 -
augustus_predicted_329  -            370 325552at2759         -            426   2.5e-11   41.3   3.1   1   5   0.00013    0.0083   13.2   0.0   170   225    71   128    59   140 0.80 -
augustus_predicted_329  -            370 325552at2759         -            426   2.5e-11   41.3   3.1   2   5    0.0024      0.15    9.0   0.0   151   227   165   246   133   247 0.74 -
augustus_predicted_329  -            370 325552at2759         -            426   2.5e-11   41.3   3.1   3   5    0.0061      0.39    7.7   0.0    46    72   229   255   220   267 0.71 -
augustus_predicted_329  -            370 325552at2759         -            426   2.5e-11   41.3   3.1   4   5   0.00066     0.043   10.8   0.1   194   246   275   330   262   332 0.72 -
augustus_predicted_329  -            370 325552at2759         -            426   2.5e-11   41.3   3.1   5   5      0.07       4.6    4.2   0.2   144   184   326   368   317   369 0.85 -
augustus_predicted_1349 -            460 325552at2759         -            426   6.2e-11   40.0  10.3   1   4   4.7e-06    0.0003   17.9   0.4   167   228   114   174    99   189 0.73 -
augustus_predicted_1349 -            460 325552at2759         -            426   6.2e-11   40.0  10.3   2   4    0.0031       0.2    8.6   0.1   177   227   191   237   181   246 0.77 -
augustus_predicted_1349 -            460 325552at2759         -            426   6.2e-11   40.0  10.3   3   4     0.015      0.99    6.3   0.1   177   229   265   320   251   382 0.67 -
augustus_predicted_1349 -            460 325552at2759         -            426   6.2e-11   40.0  10.3   4   4   0.00068     0.044   10.8   0.2   170   231   344   409   337   454 0.60 -
augustus_predicted_2855 -            651 325552at2759         -            426   1.9e-10   38.4   0.5   1   3     0.034       2.2    5.2   0.0   369   398    80   112    67   124 0.63 -
augustus_predicted_2855 -            651 325552at2759         -            426   1.9e-10   38.4   0.5   2   3   1.1e-08   7.3e-07   26.5   0.1   148   247   132   233   121   240 0.83 -
augustus_predicted_2855 -            651 325552at2759         -            426   1.9e-10   38.4   0.5   3   3   2.8e-06   0.00018   18.7   0.0   156   226   183   258   178   280 0.88 -
augustus_predicted_2223 -            401 325552at2759         -            426   2.1e-10   38.2   0.1   1   2   1.2e-05   0.00078   16.6   0.0   157   227   120   191   112   209 0.86 -
augustus_predicted_2223 -            401 325552at2759         -            426   2.1e-10   38.2   0.1   2   2   2.4e-06   0.00015   18.9   0.0   159   228   255   327   246   341 0.84 -
augustus_predicted_318  -           1148 325552at2759         -            426   5.4e-10   36.9   1.9   1   2   4.4e-11   2.8e-09   34.5   0.7    76   233    69   238    29   245 0.80 -
augustus_predicted_318  -           1148 325552at2759         -            426   5.4e-10   36.9   1.9   2   2      0.67        44    0.9   0.0   209   237   323   351   314   357 0.84 -
augustus_predicted_3928 -            513 325552at2759         -            426   7.4e-10   36.4   0.3   1   2     4e-08   2.6e-06   24.7   0.3   112   233    33   161    29   166 0.78 -
augustus_predicted_3928 -            513 325552at2759         -            426   7.4e-10   36.4   0.3   2   2    0.0015     0.098    9.7   0.0   153   246   166   258   159   295 0.75 -
augustus_predicted_1628 -            329 325552at2759         -            426   1.4e-09   35.5   2.2   1   5   0.00089     0.058   10.4   0.1   149   219    20    91    10   107 0.84 -
augustus_predicted_1628 -            329 325552at2759         -            426   1.4e-09   35.5   2.2   2   5    0.0093       0.6    7.1   0.0   186   227   102   143    94   150 0.74 -
augustus_predicted_1628 -            329 325552at2759         -            426   1.4e-09   35.5   2.2   3   5   0.00032     0.021   11.9   0.1   158   231   204   284   184   287 0.79 -
augustus_predicted_1628 -            329 325552at2759         -            426   1.4e-09   35.5   2.2   4   5     0.025       1.6    5.6   0.0    39    65   256   282   252   299 0.82 -
augustus_predicted_1628 -            329 325552at2759         -            426   1.4e-09   35.5   2.2   5   5       4.1   2.7e+02   -1.7   0.0   159   183   304   328   295   329 0.84 -
augustus_predicted_3159 -            523 325552at2759         -            426   1.4e-09   35.5   0.0   1   2   3.3e-06   0.00021   18.4   0.1   166   243   255   334   247   361 0.79 -
augustus_predicted_3159 -            523 325552at2759         -            426   1.4e-09   35.5   0.0   2   2     5e-05    0.0033   14.5   0.0   166   233   361   431   355   441 0.81 -
augustus_predicted_4528 -            422 325552at2759         -            426   2.2e-09   34.9   1.7   1   4      0.34        22    1.9   0.0    37   399   133   161    71   176 0.63 -
augustus_predicted_4528 -            422 325552at2759         -            426   2.2e-09   34.9   1.7   2   4      0.42        28    1.6   0.1    50    65   218   233   186   241 0.79 -
augustus_predicted_4528 -            422 325552at2759         -            426   2.2e-09   34.9   1.7   3   4   0.00011    0.0071   13.4   0.0   154   231   250   331   239   341 0.77 -
augustus_predicted_4528 -            422 325552at2759         -            426   2.2e-09   34.9   1.7   4   4   5.6e-05    0.0036   14.4   0.1   155   227   340   415   330   421 0.77 -
augustus_predicted_234  -            506 325552at2759         -            426   2.9e-09   34.5   0.1   1   3   7.3e-07   4.7e-05   20.6   0.2   186   242   184   242   153   251 0.83 -
augustus_predicted_234  -            506 325552at2759         -            426   2.9e-09   34.5   0.1   2   3    0.0066      0.43    7.6   0.0    35    66   289   321   270   338 0.82 -
augustus_predicted_234  -            506 325552at2759         -            426   2.9e-09   34.5   0.1   3   3      0.31        20    2.0   0.0   152   182   356   386   329   394 0.73 -
augustus_predicted_1781 -            397 325552at2759         -            426   6.2e-09   33.4   0.4   1   2     0.011      0.73    6.8   0.0   194   226    13    43     7    51 0.84 -
augustus_predicted_1781 -            397 325552at2759         -            426   6.2e-09   33.4   0.4   2   2   1.4e-07   8.9e-06   23.0   0.1   153   243   231   338   222   350 0.79 -
augustus_predicted_3484 -            573 325552at2759         -            426   1.5e-08   32.1   0.0   1   3   4.2e-08   2.7e-06   24.7   0.0   158   230   239   313   207   331 0.87 -
augustus_predicted_3484 -            573 325552at2759         -            426   1.5e-08   32.1   0.0   2   3     0.071       4.6    4.1   0.0   210   291   334   421   328   430 0.80 -
augustus_predicted_3484 -            573 325552at2759         -            426   1.5e-08   32.1   0.0   3   3       4.4   2.8e+02   -1.8   0.0    48   228   487   503   476   531 0.61 -
augustus_predicted_1953 -            417 325552at2759         -            426   1.7e-08   32.0   0.1   1   3   1.8e-09   1.1e-07   29.2   0.0   158   229   139   210   128   228 0.90 -
augustus_predicted_1953 -            417 325552at2759         -            426   1.7e-08   32.0   0.1   2   3       2.6   1.7e+02   -1.0   0.0    40    67   251   278   234   306 0.80 -
augustus_predicted_1953 -            417 325552at2759         -            426   1.7e-08   32.0   0.1   3   3       8.5   5.6e+02   -2.7   0.0   161   180   338   356   333   394 0.78 -
augustus_predicted_3936 -            834 325552at2759         -            426   1.7e-08   31.9   1.6   1   4   2.2e-05    0.0015   15.7   0.0   180   229   155   205   143   219 0.59 -
augustus_predicted_3936 -            834 325552at2759         -            426   1.7e-08   31.9   1.6   2   4    0.0017      0.11    9.5   0.1   194   229   275   309   270   318 0.82 -
augustus_predicted_3936 -            834 325552at2759         -            426   1.7e-08   31.9   1.6   3   4      0.16        10    3.0   0.0   156   182   319   346   311   356 0.79 -
augustus_predicted_3936 -            834 325552at2759         -            426   1.7e-08   31.9   1.6   4   4         9   5.9e+02   -2.8   0.0   211   342   443   461   412   499 0.70 -
augustus_predicted_1801 -            526 325552at2759         -            426   1.8e-08   31.8   2.4   1   5     0.014       0.9    6.5   0.0    36    73    28    65    16    67 0.87 -
augustus_predicted_1801 -            526 325552at2759         -            426   1.8e-08   31.8   2.4   2   5     0.086       5.6    3.9   0.0   209   234    98   123    84   134 0.81 -
augustus_predicted_1801 -            526 325552at2759         -            426   1.8e-08   31.8   2.4   3   5       1.4        88   -0.1   0.0   194   227   181   213   173   244 0.77 -
augustus_predicted_1801 -            526 325552at2759         -            426   1.8e-08   31.8   2.4   4   5   1.6e-05    0.0011   16.1   0.0    38    67   297   325   282   331 0.82 -
augustus_predicted_1801 -            526 325552at2759         -            426   1.8e-08   31.8   2.4   5   5       4.8   3.1e+02   -1.9   0.1   161   182   355   376   352   391 0.79 -
augustus_predicted_3893 -            807 325552at2759         -            426   2.6e-08   31.3   0.5   1   4   1.5e-05     0.001   16.2   0.0    29    70   431   475   427   511 0.69 -
augustus_predicted_3893 -            807 325552at2759         -            426   2.6e-08   31.3   0.5   2   4      0.37        24    1.8   0.0   155   230   594   671   590   679 0.83 -
augustus_predicted_3893 -            807 325552at2759         -            426   2.6e-08   31.3   0.5   3   4     0.058       3.8    4.4   0.0   158   225   683   751   674   775 0.80 -
augustus_predicted_3893 -            807 325552at2759         -            426   2.6e-08   31.3   0.5   4   4    0.0022      0.14    9.1   0.0   147   225   714   806   703   807 0.78 -
augustus_predicted_479  -            752 325552at2759         -            426   4.2e-08   30.6   8.0   1   5   0.00083     0.054   10.5   0.0    33    93    28    94    20   145 0.79 -
augustus_predicted_479  -            752 325552at2759         -            426   4.2e-08   30.6   8.0   2   5      0.01      0.66    6.9   0.0   364   399   157   193   152   207 0.81 -
augustus_predicted_479  -            752 325552at2759         -            426   4.2e-08   30.6   8.0   3   5   0.00023     0.015   12.4   0.2    37    65   218   246   197   282 0.69 -
augustus_predicted_479  -            752 325552at2759         -            426   4.2e-08   30.6   8.0   4   5       1.4        88   -0.1   0.0   152   190   253   291   249   300 0.71 -
augustus_predicted_479  -            752 325552at2759         -            426   4.2e-08   30.6   8.0   5   5       1.2        75    0.2   0.3   213   237   367   391   311   464 0.59 -
augustus_predicted_3965 -            511 325552at2759         -            426   2.4e-07   28.2   6.6   1   4       1.7   1.1e+02   -0.4   0.0   310   380   214   283   204   302 0.73 -
augustus_predicted_3965 -            511 325552at2759         -            426   2.4e-07   28.2   6.6   2   4    0.0023      0.15    9.0   1.2    36    82   324   374   290   377 0.54 -
augustus_predicted_3965 -            511 325552at2759         -            426   2.4e-07   28.2   6.6   3   4     0.002      0.13    9.3   0.4    33    64   366   398   357   408 0.86 -
augustus_predicted_3965 -            511 325552at2759         -            426   2.4e-07   28.2   6.6   4   4   0.00041     0.026   11.5   0.0   187   230   407   451   402   466 0.82 -
augustus_predicted_4704 -            401 325552at2759         -            426   3.1e-07   27.8   0.5   1   2   0.00031      0.02   11.9   0.0   176   220   125   169   115   177 0.86 -
augustus_predicted_4704 -            401 325552at2759         -            426   3.1e-07   27.8   0.5   2   2   2.9e-07   1.9e-05   21.9   0.2   161   240   152   233   149   241 0.82 -
augustus_predicted_793  -            594 325552at2759         -            426     5e-07   27.1   0.0   1   3    0.0022      0.14    9.1   0.0   155   232   248   332   243   343 0.77 -
augustus_predicted_793  -            594 325552at2759         -            426     5e-07   27.1   0.0   2   3       1.2        77    0.1   0.0   155   174   515   534   480   541 0.70 -
augustus_predicted_793  -            594 325552at2759         -            426     5e-07   27.1   0.0   3   3   0.00014    0.0094   13.0   0.0    36    61   565   590   562   593 0.91 -
augustus_predicted_46   -           1273 325552at2759         -            426   6.2e-07   26.8   1.7   1   3     0.053       3.4    4.6   0.0   354   403    46    97    24   104 0.82 -
augustus_predicted_46   -           1273 325552at2759         -            426   6.2e-07   26.8   1.7   2   3    0.0015     0.099    9.6   0.7   150   229   103   193    99   218 0.67 -
augustus_predicted_46   -           1273 325552at2759         -            426   6.2e-07   26.8   1.7   3   3    0.0016       0.1    9.6   0.0   169   228   224   289   201   301 0.68 -
augustus_predicted_2149 -            593 325552at2759         -            426   5.4e-06   23.7   0.2   1   3     0.021       1.4    5.9   0.0   153   187   271   305   267   316 0.87 -
augustus_predicted_2149 -            593 325552at2759         -            426   5.4e-06   23.7   0.2   2   3   5.1e-05    0.0033   14.5   0.0   151   249   386   488   382   524 0.79 -
augustus_predicted_2149 -            593 325552at2759         -            426   5.4e-06   23.7   0.2   3   3       5.2   3.4e+02   -2.0   0.0   318   341   535   558   527   569 0.54 -
augustus_predicted_4166 -            745 325552at2759         -            426   6.9e-06   23.3   3.9   1   3   0.00057     0.037   11.0   0.1   155   228   324   402   305   410 0.81 -
augustus_predicted_4166 -            745 325552at2759         -            426   6.9e-06   23.3   3.9   2   3    0.0027      0.18    8.8   0.0   153   211   657   714   653   727 0.77 -
augustus_predicted_4166 -            745 325552at2759         -            426   6.9e-06   23.3   3.9   3   3      0.15       9.5    3.1   0.1    45    62   725   742   706   745 0.72 -
augustus_predicted_4810 -            422 325552at2759         -            426   7.9e-06   23.2   0.1   1   1   1.8e-06   0.00012   19.3   0.0   153   232   207   288    95   331 0.80 -
augustus_predicted_1540 -            852 325552at2759         -            426   9.8e-06   22.8   1.4   1   4    0.0082      0.53    7.2   0.0   196   244   172   220   154   243 0.65 -
augustus_predicted_1540 -            852 325552at2759         -            426   9.8e-06   22.8   1.4   2   4    0.0011     0.071   10.1   0.0   191   230   274   312   256   327 0.84 -
augustus_predicted_1540 -            852 325552at2759         -            426   9.8e-06   22.8   1.4   3   4         4   2.6e+02   -1.6   0.0   202   229   326   353   323   364 0.74 -
augustus_predicted_1540 -            852 325552at2759         -            426   9.8e-06   22.8   1.4   4   4       0.5        33    1.3   0.1   172   302   449   580   437   625 0.59 -
augustus_predicted_1346 -            494 325552at2759         -            426   1.2e-05   22.5   2.9   1   3   6.1e-05     0.004   14.2   0.5   169   228   221   286   202   298 0.74 -
augustus_predicted_1346 -            494 325552at2759         -            426   1.2e-05   22.5   2.9   2   3     0.079       5.1    4.0   0.0   211   230   372   391   367   421 0.75 -
augustus_predicted_1346 -            494 325552at2759         -            426   1.2e-05   22.5   2.9   3   3      0.38        25    1.7   0.0   209   228   427   446   408   466 0.67 -
augustus_predicted_2351 -            554 325552at2759         -            426     2e-05   21.8   0.1   1   4       3.1     2e+02   -1.2   0.0   160   193   115   148   111   153 0.88 -
augustus_predicted_2351 -            554 325552at2759         -            426     2e-05   21.8   0.1   2   4       0.2        13    2.7   0.1   340   370   150   180   134   185 0.86 -
augustus_predicted_2351 -            554 325552at2759         -            426     2e-05   21.8   0.1   3   4     0.095       6.2    3.7   0.0   161   224   196   259   185   262 0.81 -
augustus_predicted_2351 -            554 325552at2759         -            426     2e-05   21.8   0.1   4   4   0.00046      0.03   11.3   0.0   176   228   253   305   244   317 0.86 -
augustus_predicted_4989 -            389 325552at2759         -            426   7.3e-05   20.0   0.2   1   3       2.1   1.4e+02   -0.7   0.0   102   124    40    62    31    71 0.79 -
augustus_predicted_4989 -            389 325552at2759         -            426   7.3e-05   20.0   0.2   2   3   0.00014    0.0089   13.1   0.0   156   228   149   223   142   235 0.83 -
augustus_predicted_4989 -            389 325552at2759         -            426   7.3e-05   20.0   0.2   3   3      0.36        23    1.8   0.0   412   426   306   320   295   324 0.83 -
augustus_predicted_78   -            522 325552at2759         -            426   0.00014   19.0   0.3   1   5       8.4   5.4e+02   -2.7   0.0   283   322   146   185   121   203 0.77 -
augustus_predicted_78   -            522 325552at2759         -            426   0.00014   19.0   0.3   2   5       3.2   2.1e+02   -1.3   0.0    31    63   185   217   177   222 0.71 -
augustus_predicted_78   -            522 325552at2759         -            426   0.00014   19.0   0.3   3   5     0.042       2.8    4.9   0.0   124   225   339   362   292   378 0.71 -
augustus_predicted_78   -            522 325552at2759         -            426   0.00014   19.0   0.3   4   5    0.0054      0.35    7.8   0.0   157   190   392   425   383   434 0.87 -
augustus_predicted_78   -            522 325552at2759         -            426   0.00014   19.0   0.3   5   5       1.8   1.2e+02   -0.5   0.0    21    57   470   508   451   511 0.59 -
augustus_predicted_1150 -            875 325552at2759         -            426   0.00018   18.7   0.0   1   2     0.074       4.8    4.1   0.0   157   236   122   203   115   246 0.76 -
augustus_predicted_1150 -            875 325552at2759         -            426   0.00018   18.7   0.0   2   2   0.00032     0.021   11.9   0.0    49    96   295   344   286   358 0.61 -
augustus_predicted_4607 -            878 325552at2759         -            426   0.00031   17.9   2.5   1   2   8.8e-05    0.0057   13.7   0.0   161   238    27   111     7   158 0.77 -
augustus_predicted_4607 -            878 325552at2759         -            426   0.00031   17.9   2.5   2   2      0.82        53    0.6   2.1   255   266   306   317   244   425 0.47 -
augustus_predicted_2147 -            448 325552at2759         -            426   0.00035   17.7   0.0   1   2         5   3.3e+02   -1.9   0.0   302   320   130   148    98   207 0.56 -
augustus_predicted_2147 -            448 325552at2759         -            426   0.00035   17.7   0.0   2   2   1.6e-05     0.001   16.2   0.0   152   236   221   308   216   321 0.86 -
augustus_predicted_4562 -            384 325552at2759         -            426   0.00062   16.9   4.6   1   3     0.007      0.46    7.5   0.0   331   371     9    49     3    56 0.90 -
augustus_predicted_4562 -            384 325552at2759         -            426   0.00062   16.9   4.6   2   3    0.0044      0.29    8.1   0.3   113   221    58   177    55   182 0.62 -
augustus_predicted_4562 -            384 325552at2759         -            426   0.00062   16.9   4.6   3   3       6.5   4.2e+02   -2.3   0.0    77    93   217   233   213   250 0.68 -
augustus_predicted_1045 -           1116 325552at2759         -            426   0.00074   16.6   0.0   1   1   5.6e-05    0.0037   14.4   0.1   170   233   240   304   226   320 0.87 -
augustus_predicted_3704 -            431 325552at2759         -            426    0.0011   16.1   0.8   1   2    0.0046       0.3    8.1   0.0   189   228    57    96    44   102 0.89 -
augustus_predicted_3704 -            431 325552at2759         -            426    0.0011   16.1   0.8   2   2      0.18        12    2.8   0.1   158   212   112   166    95   205 0.78 -
augustus_predicted_3483 -            927 325552at2759         -            426    0.0022   15.1   1.8   1   2      0.18        12    2.8   0.1   341   390   136   187   118   189 0.81 -
augustus_predicted_3483 -            927 325552at2759         -            426    0.0022   15.1   1.8   2   2    0.0013     0.086    9.9   0.1    44    84   287   327   280   340 0.87 -
augustus_predicted_1141 -            341 325552at2759         -            426    0.0076   13.3   0.1   1   2       4.2   2.7e+02   -1.7   0.0   281   311    24    40     2    52 0.43 -
augustus_predicted_1141 -            341 325552at2759         -            426    0.0076   13.3   0.1   2   2   0.00042     0.027   11.5   0.0   158   207   254   304   244   329 0.77 -
augustus_predicted_4281 -           1010 325552at2759         -            426     0.019   12.0   0.8   1   3     0.099       6.4    3.7   0.0   318   384    60   128    13   155 0.75 -
augustus_predicted_4281 -           1010 325552at2759         -            426     0.019   12.0   0.8   2   3      0.62        40    1.0   0.0   204   228   244   268   226   279 0.70 -
augustus_predicted_4281 -           1010 325552at2759         -            426     0.019   12.0   0.8   3   3      0.16        10    3.0   0.1    50    69   478   497   474   508 0.82 -
augustus_predicted_2000 -            642 325552at2759         -            426     0.044   10.8   0.0   1   4       4.3   2.8e+02   -1.7   0.0   134   171    47    87    33    95 0.70 -
augustus_predicted_2000 -            642 325552at2759         -            426     0.044   10.8   0.0   2   4       2.2   1.4e+02   -0.8   0.0    66    89   283   306   276   312 0.76 -
augustus_predicted_2000 -            642 325552at2759         -            426     0.044   10.8   0.0   3   4       1.2        79    0.1   0.0    35    65   334   367   324   373 0.72 -
augustus_predicted_2000 -            642 325552at2759         -            426     0.044   10.8   0.0   4   4      0.02       1.3    6.0   0.0    29    59   372   402   352   414 0.83 -
augustus_predicted_2135 -            411 325552at2759         -            426     0.062   10.3   0.8   1   2    0.0033      0.21    8.5   0.1    66   111   121   168   108   178 0.76 -
augustus_predicted_2135 -            411 325552at2759         -            426     0.062   10.3   0.8   2   2       1.4        90   -0.1   0.1    90   115   342   367   333   382 0.84 -
#
# Program:         hmmsearch
# Version:         3.1b2 (February 2015)
# Pipeline mode:   SEARCH
# Query file:      ../../stats/eukaryota_odb10/hmms/325552at2759.hmm
# Target file:     /home/centos/br/bin/Brownotate-1.2.0/runs/584a0dab-d3a4-4320-afed-b310965cc1e7/annotation/augustus_annotation.faa
# Option settings: hmmsearch --domtblout /home/centos/br/bin/Brownotate-1.2.0/runs/584a0dab-d3a4-4320-afed-b310965cc1e7/busco_annotation/run_eukaryota_odb10/hmmer_output/initial_run_results/325552at2759.out --cpu 1 ../../stats/eukaryota_odb10/hmms/325552at2759.hmm /home/centos/br/bin/Brownotate-1.2.0/runs/584a0dab-d3a4-4320-afed-b310965cc1e7/annotation/augustus_annotation.faa 
# Current dir:     /home/centos/br/bin/Brownotate-1.2.0/runs/584a0dab-d3a4-4320-afed-b310965cc1e7
# Date:            Thu Aug 22 20:16:24 2024
# [ok]
