#                                                                               --- full sequence --- -------------- this domain -------------   hmm coord   ali coord   env coord
# target name           accession   tlen query name           accession   qlen   E-value  score  bias   #  of  c-Evalue  i-Evalue  score  bias  from    to  from    to  from    to  acc description of target
#   ------------------- ---------- ----- -------------------- ---------- ----- --------- ------ ----- --- --- --------- --------- ------ ----- ----- ----- ----- ----- ----- ----- ---- ---------------------
augustus_predicted_2837 -            939 388820at2759         -            609  5.8e-158  525.0  11.2   1   5     1e-10   7.5e-09   32.5   0.2     1    68    21   110    21   149 0.69 -
augustus_predicted_2837 -            939 388820at2759         -            609  5.8e-158  525.0  11.2   2   5     7e-61   5.1e-59  198.2   0.0    79   311   163   434   152   437 0.84 -
augustus_predicted_2837 -            939 388820at2759         -            609  5.8e-158  525.0  11.2   3   5   1.3e-67   9.7e-66  220.4   0.7   311   499   462   672   445   685 0.88 -
augustus_predicted_2837 -            939 388820at2759         -            609  5.8e-158  525.0  11.2   4   5     2e-17   1.4e-15   54.7   0.1   489   545   710   766   680   774 0.88 -
augustus_predicted_2837 -            939 388820at2759         -            609  5.8e-158  525.0  11.2   5   5   1.7e-07   1.2e-05   21.9   0.0   543   600   831   900   828   904 0.82 -
augustus_predicted_4239 -            923 388820at2759         -            609   7.7e-29   98.5   7.3   1   7   6.8e-05     0.005   13.2   0.8   346   446    51   177    34   180 0.71 -
augustus_predicted_4239 -            923 388820at2759         -            609   7.7e-29   98.5   7.3   2   7      0.26        19    1.4   0.0   349   381   190   222   181   232 0.82 -
augustus_predicted_4239 -            923 388820at2759         -            609   7.7e-29   98.5   7.3   3   7   6.5e-13   4.7e-11   39.7   0.0   107   267   248   418   245   421 0.85 -
augustus_predicted_4239 -            923 388820at2759         -            609   7.7e-29   98.5   7.3   4   7   4.3e-11   3.2e-09   33.7   0.1   159   271   388   508   386   514 0.76 -
augustus_predicted_4239 -            923 388820at2759         -            609   7.7e-29   98.5   7.3   5   7   0.00091     0.067    9.5   0.0   156   189   513   546   508   557 0.88 -
augustus_predicted_4239 -            923 388820at2759         -            609   7.7e-29   98.5   7.3   6   7    0.0036      0.27    7.5   0.0   426   477   588   639   575   642 0.89 -
augustus_predicted_4239 -            923 388820at2759         -            609   7.7e-29   98.5   7.3   7   7       1.4     1e+02   -1.0   0.0   457   492   682   717   677   740 0.81 -
augustus_predicted_2612 -            943 388820at2759         -            609   4.3e-27   92.7  14.8   1   6       4.2   3.1e+02   -2.6   0.1   431   452    42    62    39    65 0.64 -
augustus_predicted_2612 -            943 388820at2759         -            609   4.3e-27   92.7  14.8   2   6   4.9e-06   0.00036   17.0   0.1   325   387    95   158    91   167 0.84 -
augustus_predicted_2612 -            943 388820at2759         -            609   4.3e-27   92.7  14.8   3   6   2.5e-07   1.8e-05   21.3   1.1   419   482   166   230   157   238 0.81 -
augustus_predicted_2612 -            943 388820at2759         -            609   4.3e-27   92.7  14.8   4   6   0.00038     0.028   10.8   0.1   417   460   392   435   380   439 0.85 -
augustus_predicted_2612 -            943 388820at2759         -            609   4.3e-27   92.7  14.8   5   6   2.2e-07   1.6e-05   21.5   0.0   319   382   440   505   430   519 0.85 -
augustus_predicted_2612 -            943 388820at2759         -            609   4.3e-27   92.7  14.8   6   6   3.2e-09   2.3e-07   27.6   0.2   118   276   530   697   522   710 0.83 -
augustus_predicted_1349 -            460 388820at2759         -            609   3.6e-22   76.5   7.5   1   4   3.9e-11   2.9e-09   33.9   0.3   202   288   112   195   106   197 0.86 -
augustus_predicted_1349 -            460 388820at2759         -            609   3.6e-22   76.5   7.5   2   4   3.2e-06   0.00024   17.6   0.0   226   269   197   240   193   258 0.91 -
augustus_predicted_1349 -            460 388820at2759         -            609   3.6e-22   76.5   7.5   3   4   9.1e-05    0.0067   12.8   0.5   432   459   305   332   298   370 0.83 -
augustus_predicted_1349 -            460 388820at2759         -            609   3.6e-22   76.5   7.5   4   4   0.00086     0.063    9.6   0.0   204   260   387   449   374   453 0.53 -
augustus_predicted_87   -           1201 388820at2759         -            609   4.5e-22   76.2   5.0   1   4   1.1e-12   8.4e-11   38.9   0.0   160   267    13   126     2   131 0.83 -
augustus_predicted_87   -           1201 388820at2759         -            609   4.5e-22   76.2   5.0   2   4    0.0045      0.33    7.2   0.0   231   268   131   169   125   192 0.71 -
augustus_predicted_87   -           1201 388820at2759         -            609   4.5e-22   76.2   5.0   3   4   2.6e-09   1.9e-07   27.8   0.1   194   266   210   283   178   292 0.88 -
augustus_predicted_87   -           1201 388820at2759         -            609   4.5e-22   76.2   5.0   4   4      0.22        16    1.6   0.1   141   203   474   539   445   566 0.72 -
augustus_predicted_4249 -            515 388820at2759         -            609   2.1e-20   70.6   7.7   1   5   5.3e-07   3.9e-05   20.2   0.0   203   264   154   214   140   241 0.83 -
augustus_predicted_4249 -            515 388820at2759         -            609   2.1e-20   70.6   7.7   2   5     8e-07   5.9e-05   19.6   0.0   204   267   247   308   239   314 0.86 -
augustus_predicted_4249 -            515 388820at2759         -            609   2.1e-20   70.6   7.7   3   5   1.8e-06   0.00013   18.4   0.0   416   457   402   444   359   450 0.84 -
augustus_predicted_4249 -            515 388820at2759         -            609   2.1e-20   70.6   7.7   4   5   0.00018     0.013   11.8   0.3   425   448   454   477   443   482 0.83 -
augustus_predicted_4249 -            515 388820at2759         -            609   2.1e-20   70.6   7.7   5   5      0.73        53   -0.1   0.0   349   378   485   514   480   515 0.72 -
augustus_predicted_2690 -            817 388820at2759         -            609   1.6e-18   64.5   4.1   1   6     0.092       6.8    2.9   0.0   402   456    40   102    22   107 0.75 -
augustus_predicted_2690 -            817 388820at2759         -            609   1.6e-18   64.5   4.1   2   6   4.6e-07   3.4e-05   20.4   0.0   349   458    60   191    51   195 0.69 -
augustus_predicted_2690 -            817 388820at2759         -            609   1.6e-18   64.5   4.1   3   6       3.9   2.8e+02   -2.5   0.0   365   382   211   228   203   262 0.74 -
augustus_predicted_2690 -            817 388820at2759         -            609   1.6e-18   64.5   4.1   4   6      0.18        13    2.0   0.1   425   446   398   419   387   429 0.85 -
augustus_predicted_2690 -            817 388820at2759         -            609   1.6e-18   64.5   4.1   5   6       1.5   1.1e+02   -1.1   0.0   207   224   453   470   448   476 0.69 -
augustus_predicted_2690 -            817 388820at2759         -            609   1.6e-18   64.5   4.1   6   6   1.9e-11   1.4e-09   34.9   0.1   117   271   489   651   484   680 0.73 -
augustus_predicted_3655 -            640 388820at2759         -            609   7.3e-18   62.2   4.4   1   5    0.0023      0.17    8.2   0.0   428   453   313   338   301   343 0.85 -
augustus_predicted_3655 -            640 388820at2759         -            609   7.3e-18   62.2   4.4   2   5   9.2e-07   6.8e-05   19.4   0.3   399   454   321   379   320   390 0.80 -
augustus_predicted_3655 -            640 388820at2759         -            609   7.3e-18   62.2   4.4   3   5   7.6e-07   5.6e-05   19.7   0.0   204   299   391   485   381   489 0.84 -
augustus_predicted_3655 -            640 388820at2759         -            609   7.3e-18   62.2   4.4   4   5    0.0094      0.69    6.2   0.0   430   451   525   546   512   551 0.85 -
augustus_predicted_3655 -            640 388820at2759         -            609   7.3e-18   62.2   4.4   5   5   9.9e-07   7.3e-05   19.3   0.1   399   454   531   589   522   593 0.78 -
augustus_predicted_1953 -            417 388820at2759         -            609   6.5e-17   59.1   0.3   1   2   2.8e-18   2.1e-16   57.4   0.2   177   381   113   319    81   324 0.82 -
augustus_predicted_1953 -            417 388820at2759         -            609   6.5e-17   59.1   0.3   2   2       1.5   1.1e+02   -1.1   0.0   198   222   337   360   330   367 0.51 -
augustus_predicted_5015 -            303 388820at2759         -            609   2.5e-16   57.2   9.4   1   3     6e-10   4.4e-08   29.9   0.2   364   446     4   106     1   110 0.75 -
augustus_predicted_5015 -            303 388820at2759         -            609   2.5e-16   57.2   9.4   2   3   6.9e-05    0.0051   13.2   0.3   347   456   113   157   108   239 0.62 -
augustus_predicted_5015 -            303 388820at2759         -            609   2.5e-16   57.2   9.4   3   3   0.00011    0.0081   12.5   0.5   419   450   253   285   239   289 0.87 -
augustus_predicted_4531 -            798 388820at2759         -            609   1.1e-15   55.1   5.0   1   5       1.4     1e+02   -1.0   0.0   417   446   467   497   433   502 0.65 -
augustus_predicted_4531 -            798 388820at2759         -            609   1.1e-15   55.1   5.0   2   5   1.7e-07   1.2e-05   21.9   0.1   194   265   526   596   521   600 0.91 -
augustus_predicted_4531 -            798 388820at2759         -            609   1.1e-15   55.1   5.0   3   5    0.0068       0.5    6.6   0.1   426   461   620   655   603   660 0.74 -
augustus_predicted_4531 -            798 388820at2759         -            609   1.1e-15   55.1   5.0   4   5   6.1e-06   0.00045   16.7   0.0   425   454   661   690   655   694 0.91 -
augustus_predicted_4531 -            798 388820at2759         -            609   1.1e-15   55.1   5.0   5   5    0.0045      0.33    7.2   0.0   350   387   694   731   691   748 0.80 -
augustus_predicted_1676 -            643 388820at2759         -            609   1.6e-15   54.5   3.1   1   2   3.8e-08   2.8e-06   24.0   0.2   331   455   342   462   329   471 0.79 -
augustus_predicted_1676 -            643 388820at2759         -            609   1.6e-15   54.5   3.1   2   2   1.2e-09   8.5e-08   29.0   0.2   396   482   505   594   491   597 0.81 -
augustus_predicted_4755 -            465 388820at2759         -            609   5.4e-15   52.8   2.6   1   3   3.7e-11   2.7e-09   33.9   2.1   128   263   102   246    90   247 0.76 -
augustus_predicted_4755 -            465 388820at2759         -            609   5.4e-15   52.8   2.6   2   3   1.7e-05    0.0013   15.2   0.0   191   272   217   298   213   318 0.81 -
augustus_predicted_4755 -            465 388820at2759         -            609   5.4e-15   52.8   2.6   3   3    0.0015      0.11    8.8   0.0   342   379   342   379   318   390 0.83 -
augustus_predicted_4260 -            713 388820at2759         -            609   1.8e-14   51.1   5.5   1   6     0.014       1.1    5.6   0.0   443   488   334   379   330   400 0.84 -
augustus_predicted_4260 -            713 388820at2759         -            609   1.8e-14   51.1   5.5   2   6   0.00029     0.021   11.2   0.0   419   454   446   482   442   486 0.89 -
augustus_predicted_4260 -            713 388820at2759         -            609   1.8e-14   51.1   5.5   3   6   4.8e-05    0.0035   13.8   0.1   424   485   494   558   486   560 0.80 -
augustus_predicted_4260 -            713 388820at2759         -            609   1.8e-14   51.1   5.5   4   6    0.0035      0.26    7.6   0.0   425   454   537   566   527   571 0.87 -
augustus_predicted_4260 -            713 388820at2759         -            609   1.8e-14   51.1   5.5   5   6   0.00043     0.031   10.6   0.1   348   390   574   616   569   624 0.89 -
augustus_predicted_4260 -            713 388820at2759         -            609   1.8e-14   51.1   5.5   6   6     0.042         3    4.0   0.0   347   383   627   663   617   683 0.75 -
augustus_predicted_4675 -            779 388820at2759         -            609     4e-14   49.9   2.2   1   4   1.1e-06   7.9e-05   19.2   0.0   390   455   392   461   380   466 0.68 -
augustus_predicted_4675 -            779 388820at2759         -            609     4e-14   49.9   2.2   2   4     0.022       1.6    5.0   0.0   422   449   472   499   464   502 0.81 -
augustus_predicted_4675 -            779 388820at2759         -            609     4e-14   49.9   2.2   3   4   2.3e-05    0.0017   14.8   0.0   206   265   541   599   526   612 0.78 -
augustus_predicted_4675 -            779 388820at2759         -            609     4e-14   49.9   2.2   4   4      0.02       1.5    5.1   0.1   234   279   629   673   624   695 0.62 -
augustus_predicted_4455 -            535 388820at2759         -            609   1.4e-13   48.1   0.5   1   3   5.7e-05    0.0042   13.5   0.1   308   379   219   290   158   306 0.80 -
augustus_predicted_4455 -            535 388820at2759         -            609   1.4e-13   48.1   0.5   2   3   5.8e-10   4.2e-08   30.0   0.0   169   268   328   432   326   438 0.82 -
augustus_predicted_4455 -            535 388820at2759         -            609   1.4e-13   48.1   0.5   3   3      0.38        28    0.9   0.0   167   188   451   472   445   479 0.82 -
augustus_predicted_3243 -            451 388820at2759         -            609   2.4e-13   47.3   6.3   1   2   7.7e-05    0.0056   13.1   0.1   426   449   151   174   141   182 0.86 -
augustus_predicted_3243 -            451 388820at2759         -            609   2.4e-13   47.3   6.3   2   2   7.1e-10   5.2e-08   29.7   1.1   171   382   194   431   192   437 0.69 -
augustus_predicted_754  -            714 388820at2759         -            609   2.5e-13   47.3   1.4   1   3      0.34        25    1.0   0.0   349   383   397   432   391   438 0.80 -
augustus_predicted_754  -            714 388820at2759         -            609   2.5e-13   47.3   1.4   2   3   3.6e-08   2.7e-06   24.1   0.1   324   461   414   546   408   563 0.75 -
augustus_predicted_754  -            714 388820at2759         -            609   2.5e-13   47.3   1.4   3   3   5.8e-07   4.3e-05   20.1   0.1   397   449   583   638   571   692 0.77 -
augustus_predicted_3950 -            319 388820at2759         -            609   8.6e-13   45.5  10.4   1   4     0.045       3.3    3.9   0.0   235   273    15    55     8    64 0.75 -
augustus_predicted_3950 -            319 388820at2759         -            609   8.6e-13   45.5  10.4   2   4   0.00057     0.042   10.2   0.1   419   450    68   100    58   104 0.81 -
augustus_predicted_3950 -            319 388820at2759         -            609   8.6e-13   45.5  10.4   3   4   4.1e-08     3e-06   23.9   1.5   347   475   104   259    96   263 0.72 -
augustus_predicted_3950 -            319 388820at2759         -            609   8.6e-13   45.5  10.4   4   4      0.12       8.9    2.5   0.1   425   447   296   318   288   319 0.86 -
augustus_predicted_513  -            455 388820at2759         -            609   1.8e-12   44.4   0.1   1   3   4.2e-09   3.1e-07   27.1   0.0   195   267   164   237   158   249 0.86 -
augustus_predicted_513  -            455 388820at2759         -            609   1.8e-12   44.4   0.1   2   3     0.002      0.14    8.4   0.0   416   454   293   332   278   375 0.70 -
augustus_predicted_513  -            455 388820at2759         -            609   1.8e-12   44.4   0.1   3   3     0.021       1.5    5.0   0.0   422   455   389   423   387   428 0.89 -
augustus_predicted_1845 -            889 388820at2759         -            609   2.8e-12   43.8   0.0   1   4     0.094       6.9    2.9   0.0   348   385    11    48     3    56 0.76 -
augustus_predicted_1845 -            889 388820at2759         -            609   2.8e-12   43.8   0.0   2   4   1.2e-05   0.00088   15.7   0.0   322   382    68   129    65   137 0.93 -
augustus_predicted_1845 -            889 388820at2759         -            609   2.8e-12   43.8   0.0   3   4      0.73        54   -0.1   0.0   348   384   138   175   131   184 0.68 -
augustus_predicted_1845 -            889 388820at2759         -            609   2.8e-12   43.8   0.0   4   4   1.8e-06   0.00013   18.5   0.0   202   266   195   258   184   270 0.81 -
augustus_predicted_3519 -            465 388820at2759         -            609   6.3e-12   42.6   2.2   1   2   1.3e-07   9.8e-06   22.2   0.1   155   274   172   303   161   309 0.75 -
augustus_predicted_3519 -            465 388820at2759         -            609   6.3e-12   42.6   2.2   2   2   6.6e-07   4.8e-05   19.9   0.2   142   263   330   464   320   465 0.79 -
augustus_predicted_4515 -            574 388820at2759         -            609     7e-12   42.5   0.2   1   4       1.3        96   -0.9   0.0   457   488    17    48    14    65 0.76 -
augustus_predicted_4515 -            574 388820at2759         -            609     7e-12   42.5   0.2   2   4   7.5e-06   0.00055   16.4   0.1   396   457    73   138    53   145 0.80 -
augustus_predicted_4515 -            574 388820at2759         -            609     7e-12   42.5   0.2   3   4    0.0077      0.56    6.5   0.0   421   456   145   180   140   184 0.89 -
augustus_predicted_4515 -            574 388820at2759         -            609     7e-12   42.5   0.2   4   4   3.7e-05    0.0027   14.1   0.0   419   456   192   230   187   248 0.87 -
augustus_predicted_2336 -            348 388820at2759         -            609     1e-11   42.0   2.4   1   4     0.052       3.8    3.7   0.0   231   270    17    56     2    66 0.79 -
augustus_predicted_2336 -            348 388820at2759         -            609     1e-11   42.0   2.4   2   4    0.0054      0.39    7.0   0.0   416   449    70   103    65   106 0.82 -
augustus_predicted_2336 -            348 388820at2759         -            609     1e-11   42.0   2.4   3   4   2.4e-05    0.0018   14.7   0.3   207   266   146   204   129   220 0.68 -
augustus_predicted_2336 -            348 388820at2759         -            609     1e-11   42.0   2.4   4   4   1.8e-07   1.3e-05   21.8   0.7   349   479   173   301   172   319 0.83 -
augustus_predicted_1297 -            423 388820at2759         -            609   2.1e-10   37.6   6.8   1   4   1.2e-05   0.00088   15.7   0.4   417   477    93   158    85   176 0.84 -
augustus_predicted_1297 -            423 388820at2759         -            609   2.1e-10   37.6   6.8   2   4   0.00025     0.018   11.4   0.1   419   450   184   215   169   220 0.90 -
augustus_predicted_1297 -            423 388820at2759         -            609   2.1e-10   37.6   6.8   3   4    0.0014       0.1    8.9   0.0   158   188   270   300   241   310 0.78 -
augustus_predicted_1297 -            423 388820at2759         -            609   2.1e-10   37.6   6.8   4   4      0.62        46    0.2   0.0   349   378   390   419   383   420 0.91 -
augustus_predicted_2492 -            489 388820at2759         -            609   1.2e-09   35.1   5.6   1   4      0.12       9.1    2.5   0.0   347   392    64   110    61   119 0.66 -
augustus_predicted_2492 -            489 388820at2759         -            609   1.2e-09   35.1   5.6   2   4    0.0089      0.65    6.3   0.1   326   406    85   177    78   180 0.76 -
augustus_predicted_2492 -            489 388820at2759         -            609   1.2e-09   35.1   5.6   3   4   5.8e-06   0.00042   16.8   0.1   369   478   168   287   156   298 0.79 -
augustus_predicted_2492 -            489 388820at2759         -            609   1.2e-09   35.1   5.6   4   4     3e-05    0.0022   14.4   0.3   194   272   306   384   297   422 0.61 -
augustus_predicted_4363 -            840 388820at2759         -            609   3.7e-09   33.5   0.3   1   4     5e-05    0.0037   13.7   0.0   350   445    17   109    10   115 0.87 -
augustus_predicted_4363 -            840 388820at2759         -            609   3.7e-09   33.5   0.3   2   4    0.0015      0.11    8.8   0.0   349   382   178   211   170   217 0.90 -
augustus_predicted_4363 -            840 388820at2759         -            609   3.7e-09   33.5   0.3   3   4      0.15        11    2.2   0.0   206   271   326   389   315   403 0.67 -
augustus_predicted_4363 -            840 388820at2759         -            609   3.7e-09   33.5   0.3   4   4      0.77        56   -0.1   0.0   130   207   715   793   695   817 0.82 -
augustus_predicted_435  -            330 388820at2759         -            609   5.9e-09   32.8   0.6   1   3   1.7e-05    0.0012   15.2   0.0   167   268    31   139    10   148 0.82 -
augustus_predicted_435  -            330 388820at2759         -            609   5.9e-09   32.8   0.6   2   3   2.8e-05    0.0021   14.5   0.0   194   270   154   233   146   242 0.86 -
augustus_predicted_435  -            330 388820at2759         -            609   5.9e-09   32.8   0.6   3   3       1.3        98   -0.9   0.0   363   380   310   327   291   330 0.61 -
augustus_predicted_3761 -            468 388820at2759         -            609   2.8e-08   30.6   1.0   1   4      0.15        11    2.2   0.0   359   380    24    45     4    52 0.59 -
augustus_predicted_3761 -            468 388820at2759         -            609   2.8e-08   30.6   1.0   2   4   4.8e-05    0.0035   13.7   0.1   348   450    69   180    63   184 0.75 -
augustus_predicted_3761 -            468 388820at2759         -            609   2.8e-08   30.6   1.0   3   4    0.0022      0.16    8.2   0.0   348   377   185   214   181   221 0.91 -
augustus_predicted_3761 -            468 388820at2759         -            609   2.8e-08   30.6   1.0   4   4       5.8   4.2e+02   -3.0   0.0   160   180   375   395   352   407 0.66 -
augustus_predicted_1863 -            610 388820at2759         -            609   3.2e-08   30.4   0.3   1   2   2.4e-09   1.8e-07   27.9   0.2    80   220   298   457   271   475 0.78 -
augustus_predicted_1863 -            610 388820at2759         -            609   3.2e-08   30.4   0.3   2   2      0.72        53   -0.0   0.0   332   378   505   553   485   560 0.71 -
augustus_predicted_1462 -            715 388820at2759         -            609   6.8e-08   29.3   1.7   1   3       1.4     1e+02   -1.0   0.0   234   264    10    40     5    54 0.67 -
augustus_predicted_1462 -            715 388820at2759         -            609   6.8e-08   29.3   1.7   2   3      0.18        13    1.9   0.1   352   394   101   141    94   144 0.80 -
augustus_predicted_1462 -            715 388820at2759         -            609   6.8e-08   29.3   1.7   3   3   4.9e-08   3.6e-06   23.6   0.1   172   266   152   249   142   256 0.82 -
augustus_predicted_3216 -           1013 388820at2759         -            609   1.1e-07   28.6  11.2   1   5       2.4   1.7e+02   -1.7   0.0   373   420    41    90    16   123 0.65 -
augustus_predicted_3216 -           1013 388820at2759         -            609   1.1e-07   28.6  11.2   2   5   4.8e-06   0.00036   17.0   0.2   170   277   149   262   144   272 0.77 -
augustus_predicted_3216 -           1013 388820at2759         -            609   1.1e-07   28.6  11.2   3   5     0.021       1.6    5.0   0.0   205   265   677   739   668   746 0.83 -
augustus_predicted_3216 -           1013 388820at2759         -            609   1.1e-07   28.6  11.2   4   5      0.74        55   -0.1   0.0   364   385   781   802   767   811 0.58 -
augustus_predicted_3216 -           1013 388820at2759         -            609   1.1e-07   28.6  11.2   5   5    0.0022      0.16    8.2   0.1   421   449   942   970   928   988 0.84 -
augustus_predicted_793  -            594 388820at2759         -            609   1.2e-07   28.5   0.7   1   3   8.7e-08   6.4e-06   22.8   0.3   192   280   247   341   239   403 0.86 -
augustus_predicted_793  -            594 388820at2759         -            609   1.2e-07   28.5   0.7   2   3       2.5   1.8e+02   -1.8   0.0   426   471   478   533   470   540 0.61 -
augustus_predicted_793  -            594 388820at2759         -            609   1.2e-07   28.5   0.7   3   3     0.082         6    3.1   0.0   160   188   564   592   560   594 0.68 -
augustus_predicted_1625 -            414 388820at2759         -            609   2.1e-07   27.7   2.0   1   2   2.7e-05     0.002   14.6   1.1   425   489   117   184    49   195 0.75 -
augustus_predicted_1625 -            414 388820at2759         -            609   2.1e-07   27.7   2.0   2   2     0.015       1.1    5.5   0.0   417   453   301   340   289   354 0.75 -
augustus_predicted_4281 -           1010 388820at2759         -            609   2.2e-07   27.7   2.9   1   5      0.87        64   -0.3   0.0   114   159    38    83    16    96 0.81 -
augustus_predicted_4281 -           1010 388820at2759         -            609   2.2e-07   27.7   2.9   2   5   3.9e-05    0.0029   14.0   0.3    96   152    99   157    45   170 0.79 -
augustus_predicted_4281 -           1010 388820at2759         -            609   2.2e-07   27.7   2.9   3   5      0.07       5.1    3.3   0.0   417   452   239   274   231   286 0.82 -
augustus_predicted_4281 -           1010 388820at2759         -            609   2.2e-07   27.7   2.9   4   5     0.037       2.7    4.2   0.0   150   196   505   552   496   561 0.79 -
augustus_predicted_4281 -           1010 388820at2759         -            609   2.2e-07   27.7   2.9   5   5      0.43        31    0.7   0.1   113   157   593   636   587   648 0.81 -
augustus_predicted_1781 -            397 388820at2759         -            609   2.7e-07   27.3   0.5   1   3     0.068         5    3.3   0.0   357   382    21    46    11    72 0.80 -
augustus_predicted_1781 -            397 388820at2759         -            609   2.7e-07   27.3   0.5   2   3      0.21        16    1.7   0.0   451   475   231   255   212   271 0.77 -
augustus_predicted_1781 -            397 388820at2759         -            609   2.7e-07   27.3   0.5   3   3   2.1e-06   0.00015   18.2   0.0   340   395   281   336   266   349 0.79 -
augustus_predicted_3977 -            347 388820at2759         -            609   5.1e-07   26.4   0.1   1   4     0.017       1.3    5.3   0.0   234   263     7    37     4    47 0.80 -
augustus_predicted_3977 -            347 388820at2759         -            609   5.1e-07   26.4   0.1   2   4    0.0007     0.051    9.9   0.0   427   467    64   107    54   115 0.80 -
augustus_predicted_3977 -            347 388820at2759         -            609   5.1e-07   26.4   0.1   3   4     0.013      0.97    5.7   0.0   426   477   164   220   153   231 0.77 -
augustus_predicted_3977 -            347 388820at2759         -            609   5.1e-07   26.4   0.1   4   4       2.2   1.6e+02   -1.6   0.0   349   389   292   332   287   342 0.80 -
augustus_predicted_2372 -            347 388820at2759         -            609   5.1e-07   26.4   0.2   1   3   0.00015     0.011   12.2   0.0   328   389    38   102    21   106 0.72 -
augustus_predicted_2372 -            347 388820at2759         -            609   5.1e-07   26.4   0.2   2   3    0.0019      0.14    8.5   0.1   425   486   117   180   107   197 0.74 -
augustus_predicted_2372 -            347 388820at2759         -            609   5.1e-07   26.4   0.2   3   3      0.39        29    0.8   0.0   353   380   254   281   248   291 0.59 -
augustus_predicted_5156 -            426 388820at2759         -            609   7.3e-07   25.9   0.0   1   2   5.8e-07   4.3e-05   20.1   0.0   312   384    29   106    25   115 0.80 -
augustus_predicted_5156 -            426 388820at2759         -            609   7.3e-07   25.9   0.0   2   2      0.11       8.3    2.6   0.0   321   378   181   242   164   257 0.70 -
augustus_predicted_3928 -            513 388820at2759         -            609   1.7e-06   24.7   0.8   1   2     2e-05    0.0015   15.0   0.9   393   506    54   178    36   178 0.74 -
augustus_predicted_3928 -            513 388820at2759         -            609   1.7e-06   24.7   0.8   2   2   0.00014    0.0099   12.3   0.0   165   279   131   253   124   259 0.83 -
augustus_predicted_1877 -            349 388820at2759         -            609   1.8e-06   24.6   1.2   1   4   0.00061     0.045   10.1   0.4   349   398     8    62     4    65 0.80 -
augustus_predicted_1877 -            349 388820at2759         -            609   1.8e-06   24.6   1.2   2   4     0.021       1.6    5.0   0.0   348   402    53   109    50   117 0.81 -
augustus_predicted_1877 -            349 388820at2759         -            609   1.8e-06   24.6   1.2   3   4       2.4   1.7e+02   -1.8   0.0   132   148   229   245   211   261 0.66 -
augustus_predicted_1877 -            349 388820at2759         -            609   1.8e-06   24.6   1.2   4   4    0.0048      0.35    7.2   0.1   337   379   291   333   287   344 0.90 -
augustus_predicted_3936 -            834 388820at2759         -            609     2e-06   24.5   4.0   1   3     0.011       0.8    6.0   0.0   418   446   175   204   164   222 0.82 -
augustus_predicted_3936 -            834 388820at2759         -            609     2e-06   24.5   4.0   2   3   0.00026     0.019   11.4   0.3   416   481   278   346   269   372 0.72 -
augustus_predicted_3936 -            834 388820at2759         -            609     2e-06   24.5   4.0   3   3     0.012      0.85    5.9   0.0   403   454   412   468   355   477 0.75 -
augustus_predicted_479  -            752 388820at2759         -            609   2.5e-06   24.1   5.2   1   3    0.0072      0.53    6.6   0.0   132   186   130   190    94   199 0.84 -
augustus_predicted_479  -            752 388820at2759         -            609   2.5e-06   24.1   5.2   2   3   9.8e-06   0.00072   16.0   0.4   327   385   232   291   228   312 0.81 -
augustus_predicted_479  -            752 388820at2759         -            609   2.5e-06   24.1   5.2   3   3      0.27        20    1.4   0.1   130   190   515   575   483   591 0.54 -
augustus_predicted_3927 -            615 388820at2759         -            609   5.5e-06   23.0   4.3   1   4       1.7   1.2e+02   -1.3   0.0   419   452   209   244   196   250 0.66 -
augustus_predicted_3927 -            615 388820at2759         -            609   5.5e-06   23.0   4.3   2   4   0.00011    0.0083   12.5   0.8   419   457   256   294   253   317 0.84 -
augustus_predicted_3927 -            615 388820at2759         -            609   5.5e-06   23.0   4.3   3   4      0.18        13    1.9   0.1   205   273   309   372   290   391 0.67 -
augustus_predicted_3927 -            615 388820at2759         -            609   5.5e-06   23.0   4.3   4   4     0.012      0.85    5.9   0.0   134   266   459   613   422   615 0.59 -
augustus_predicted_4868 -            555 388820at2759         -            609   1.1e-05   22.1   0.2   1   2   1.3e-05   0.00098   15.6   0.0   325   445   111   227   108   258 0.85 -
augustus_predicted_4868 -            555 388820at2759         -            609   1.1e-05   22.1   0.2   2   2     0.038       2.8    4.2   0.1   305   340   340   375   334   389 0.86 -
augustus_predicted_4810 -            422 388820at2759         -            609   1.4e-05   21.6   1.1   1   3       1.7   1.3e+02   -1.3   0.0   160   186    65    91    62   102 0.83 -
augustus_predicted_4810 -            422 388820at2759         -            609   1.4e-05   21.6   1.1   2   3      0.51        37    0.4   0.0   349   387   159   197   148   213 0.65 -
augustus_predicted_4810 -            422 388820at2759         -            609   1.4e-05   21.6   1.1   3   3   2.3e-06   0.00017   18.1   0.1   313   400   213   303   209   358 0.80 -
augustus_predicted_1346 -            494 388820at2759         -            609   1.6e-05   21.5   9.8   1   4   0.00065     0.048   10.0   2.6   347   395   250   300    92   326 0.80 -
augustus_predicted_1346 -            494 388820at2759         -            609   1.6e-05   21.5   9.8   2   4      0.48        35    0.5   0.0   207   245   309   345   288   348 0.50 -
augustus_predicted_1346 -            494 388820at2759         -            609   1.6e-05   21.5   9.8   3   4     0.035       2.6    4.3   0.0   428   449   371   392   368   395 0.86 -
augustus_predicted_1346 -            494 388820at2759         -            609   1.6e-05   21.5   9.8   4   4    0.0069       0.5    6.6   0.1   427   452   427   452   416   460 0.86 -
augustus_predicted_2677 -            297 388820at2759         -            609   2.1e-05   21.1   0.0   1   3    0.0017      0.12    8.6   0.0   206   259    22    78     3    86 0.73 -
augustus_predicted_2677 -            297 388820at2759         -            609   2.1e-05   21.1   0.0   2   3     0.098       7.2    2.8   0.0   207   265    69   130    65   137 0.80 -
augustus_predicted_2677 -            297 388820at2759         -            609   2.1e-05   21.1   0.0   3   3    0.0037      0.27    7.5   0.0   208   262   173   233   167   251 0.72 -
augustus_predicted_4989 -            389 388820at2759         -            609   2.2e-05   21.0   0.4   1   3   0.00067     0.049   10.0   0.1   396   469    32   116    16   142 0.74 -
augustus_predicted_4989 -            389 388820at2759         -            609   2.2e-05   21.0   0.4   2   3    0.0054       0.4    7.0   0.0   154   192   144   183   123   198 0.56 -
augustus_predicted_4989 -            389 388820at2759         -            609   2.2e-05   21.0   0.4   3   3      0.39        28    0.8   0.0   350   380   292   323   261   338 0.71 -
augustus_predicted_2127 -            788 388820at2759         -            609   2.5e-05   20.9   8.8   1   6   0.00025     0.018   11.4   0.1   348   383    57    92    46   117 0.67 -
augustus_predicted_2127 -            788 388820at2759         -            609   2.5e-05   20.9   8.8   2   6      0.16        12    2.1   0.0   112   152    94   137    87   148 0.66 -
augustus_predicted_2127 -            788 388820at2759         -            609   2.5e-05   20.9   8.8   3   6      0.39        29    0.8   0.0   430   451   221   242   179   260 0.73 -
augustus_predicted_2127 -            788 388820at2759         -            609   2.5e-05   20.9   8.8   4   6       1.2        84   -0.7   0.2   419   473   284   338   275   353 0.61 -
augustus_predicted_2127 -            788 388820at2759         -            609   2.5e-05   20.9   8.8   5   6      0.49        36    0.5   0.0   187   264   379   466   355   489 0.62 -
augustus_predicted_2127 -            788 388820at2759         -            609   2.5e-05   20.9   8.8   6   6     0.024       1.8    4.8   0.0   159   247   607   711   550   742 0.60 -
augustus_predicted_3159 -            523 388820at2759         -            609   3.5e-05   20.4   1.2   1   3   0.00088     0.065    9.6   0.9   410   451   237   280   231   286 0.86 -
augustus_predicted_3159 -            523 388820at2759         -            609   3.5e-05   20.4   1.2   2   3      0.33        24    1.1   0.0   348   385   285   323   280   335 0.60 -
augustus_predicted_3159 -            523 388820at2759         -            609   3.5e-05   20.4   1.2   3   3    0.0088      0.64    6.3   0.0   212   272   369   431   352   441 0.70 -
augustus_predicted_4166 -            745 388820at2759         -            609   5.1e-05   19.8   0.5   1   4       2.4   1.8e+02   -1.8   0.0   459   475   330   346   322   372 0.76 -
augustus_predicted_4166 -            745 388820at2759         -            609   5.1e-05   19.8   0.5   2   4     0.092       6.7    2.9   0.0   147   192   360   405   346   423 0.78 -
augustus_predicted_4166 -            745 388820at2759         -            609   5.1e-05   19.8   0.5   3   4   0.00019     0.014   11.8   0.2   182   268   604   691   595   709 0.80 -
augustus_predicted_4166 -            745 388820at2759         -            609   5.1e-05   19.8   0.5   4   4         4   2.9e+02   -2.5   0.0   356   379   718   742   701   744 0.68 -
augustus_predicted_3704 -            431 388820at2759         -            609   5.3e-05   19.8   0.3   1   3     0.028       2.1    4.6   0.0   194   254    66   127    52   140 0.82 -
augustus_predicted_3704 -            431 388820at2759         -            609   5.3e-05   19.8   0.3   2   3      0.19        14    1.9   0.1   430   453   221   244   210   250 0.88 -
augustus_predicted_3704 -            431 388820at2759         -            609   5.3e-05   19.8   0.3   3   3    0.0015      0.11    8.8   0.0   118   186   310   378   271   385 0.86 -
augustus_predicted_4607 -            878 388820at2759         -            609   6.2e-05   19.5   0.4   1   4    0.0023      0.17    8.2   0.0   414   458    19    63     5    69 0.87 -
augustus_predicted_4607 -            878 388820at2759         -            609   6.2e-05   19.5   0.4   2   4       0.5        37    0.5   0.0   343   382    63   102    58   121 0.78 -
augustus_predicted_4607 -            878 388820at2759         -            609   6.2e-05   19.5   0.4   3   4     0.035       2.6    4.3   0.2   435   458   305   328   298   364 0.71 -
augustus_predicted_4607 -            878 388820at2759         -            609   6.2e-05   19.5   0.4   4   4      0.43        32    0.7   0.0   364   395   382   413   371   421 0.82 -
augustus_predicted_1045 -           1116 388820at2759         -            609   9.5e-05   18.9   0.1   1   4       3.5   2.6e+02   -2.3   0.0   231   271    17    60    12    78 0.71 -
augustus_predicted_1045 -           1116 388820at2759         -            609   9.5e-05   18.9   0.1   2   4     0.044       3.2    4.0   0.0   349   385   161   198   158   207 0.79 -
augustus_predicted_1045 -           1116 388820at2759         -            609   9.5e-05   18.9   0.1   3   4    0.0005     0.037   10.4   0.0   137   191   243   301   232   313 0.69 -
augustus_predicted_1045 -           1116 388820at2759         -            609   9.5e-05   18.9   0.1   4   4       1.5   1.1e+02   -1.1   0.0   424   454   438   468   399   472 0.82 -
augustus_predicted_2855 -            651 388820at2759         -            609   9.7e-05   18.9   0.1   1   3      0.54        40    0.4   0.0   425   447    93   114    80   123 0.76 -
augustus_predicted_2855 -            651 388820at2759         -            609   9.7e-05   18.9   0.1   2   3   2.9e-05    0.0021   14.5   0.0   430   476   156   205   129   226 0.65 -
augustus_predicted_2855 -            651 388820at2759         -            609   9.7e-05   18.9   0.1   3   3       1.5   1.1e+02   -1.1   0.0   333   382   256   308   250   353 0.57 -
augustus_predicted_3401 -           1033 388820at2759         -            609   0.00016   18.1   1.6   1   3   0.00016     0.012   12.0   0.4    93   153   130   192    57   205 0.76 -
augustus_predicted_3401 -           1033 388820at2759         -            609   0.00016   18.1   1.6   2   3      0.16        12    2.1   0.0   417   453   273   309   265   351 0.81 -
augustus_predicted_3401 -           1033 388820at2759         -            609   0.00016   18.1   1.6   3   3      0.44        32    0.7   0.0   158   191   548   581   512   586 0.85 -
augustus_predicted_4704 -            401 388820at2759         -            609   0.00019   18.0   0.9   1   2       1.2        90   -0.8   0.0   391   416     3    28     1    32 0.69 -
augustus_predicted_4704 -            401 388820at2759         -            609   0.00019   18.0   0.9   2   2   1.6e-05    0.0012   15.3   0.2   114   188   141   221   124   231 0.68 -
augustus_predicted_318  -           1148 388820at2759         -            609   0.00028   17.4   0.8   1   2   3.8e-06   0.00028   17.4   0.8   157   271   113   237    38   245 0.74 -
augustus_predicted_318  -           1148 388820at2759         -            609   0.00028   17.4   0.8   2   2         8   5.9e+02   -3.5   0.1   483   522   374   413   373   420 0.82 -
augustus_predicted_234  -            506 388820at2759         -            609   0.00053   16.5   0.2   1   4    0.0094      0.69    6.2   0.0   347   385    54    92    39   100 0.81 -
augustus_predicted_234  -            506 388820at2759         -            609   0.00053   16.5   0.2   2   4      0.11       8.2    2.6   0.1   351   388   196   234   188   260 0.66 -
augustus_predicted_234  -            506 388820at2759         -            609   0.00053   16.5   0.2   3   4       0.3        22    1.2   0.0   157   191   286   321   275   330 0.75 -
augustus_predicted_234  -            506 388820at2759         -            609   0.00053   16.5   0.2   4   4      0.68        50    0.0   0.0   348   392   357   402   345   421 0.73 -
augustus_predicted_1540 -            852 388820at2759         -            609   0.00054   16.4   4.6   1   4   6.5e-05    0.0048   13.3   1.7   311   481   175   348   147   372 0.71 -
augustus_predicted_1540 -            852 388820at2759         -            609   0.00054   16.4   4.6   2   4     0.095       6.9    2.9   0.0   425   465   331   374   315   421 0.81 -
augustus_predicted_1540 -            852 388820at2759         -            609   0.00054   16.4   4.6   3   4      0.97        72   -0.5   0.0   430   468   447   485   439   508 0.81 -
augustus_predicted_1540 -            852 388820at2759         -            609   0.00054   16.4   4.6   4   4       4.4   3.2e+02   -2.6   0.1   165   248   561   603   544   649 0.50 -
augustus_predicted_2351 -            554 388820at2759         -            609   0.00092   15.7   0.0   1   2     0.042       3.1    4.0   0.0   383   465   154   240   140   263 0.66 -
augustus_predicted_2351 -            554 388820at2759         -            609   0.00092   15.7   0.0   2   2    0.0017      0.13    8.6   0.0   349   385   273   309   246   317 0.83 -
augustus_predicted_1141 -            341 388820at2759         -            609   0.00098   15.6   0.0   1   2     0.095         7    2.9   0.0   195   248    13    67     5    72 0.74 -
augustus_predicted_1141 -            341 388820at2759         -            609   0.00098   15.6   0.0   2   2   0.00048     0.036   10.4   0.0   158   220   251   310   240   321 0.77 -
augustus_predicted_1628 -            329 388820at2759         -            609    0.0011   15.4   0.0   1   2   0.00034     0.025   11.0   0.0   351   482    28   182     5   211 0.65 -
augustus_predicted_1628 -            329 388820at2759         -            609    0.0011   15.4   0.0   2   2      0.59        43    0.3   0.0   163   186   255   278   247   282 0.79 -
augustus_predicted_2223 -            401 388820at2759         -            609    0.0013   15.1   0.7   1   1   4.1e-05     0.003   14.0   0.3   143   222   233   325   222   387 0.62 -
augustus_predicted_3965 -            511 388820at2759         -            609    0.0022   14.4   0.7   1   2    0.0091      0.67    6.2   0.3   413   458   318   365   310   405 0.71 -
augustus_predicted_3965 -            511 388820at2759         -            609    0.0022   14.4   0.7   2   2     0.012       0.9    5.8   0.0   159   191   418   451   402   465 0.62 -
augustus_predicted_3893 -            807 388820at2759         -            609    0.0023   14.3   0.8   1   2    0.0013     0.099    9.0   0.0   427   450   449   472   435   477 0.83 -
augustus_predicted_3893 -            807 388820at2759         -            609    0.0023   14.3   0.8   2   2     0.067       4.9    3.4   0.2   194   264   724   806   691   807 0.68 -
augustus_predicted_2078 -            707 388820at2759         -            609    0.0072   12.7   0.1   1   4       5.2   3.9e+02   -2.9   0.0   364   391    71    98    51   103 0.63 -
augustus_predicted_2078 -            707 388820at2759         -            609    0.0072   12.7   0.1   2   4      0.12       9.1    2.5   0.0   326   384   155   214   153   224 0.82 -
augustus_predicted_2078 -            707 388820at2759         -            609    0.0072   12.7   0.1   3   4    0.0048      0.36    7.1   0.0   152   189   222   259   214   263 0.85 -
augustus_predicted_2078 -            707 388820at2759         -            609    0.0072   12.7   0.1   4   4       6.8     5e+02   -3.3   0.0   143   174   278   309   276   319 0.84 -
augustus_predicted_2547 -            602 388820at2759         -            609     0.014   11.8   0.0   1   4      0.25        18    1.5   0.0   309   338   175   204   169   211 0.91 -
augustus_predicted_2547 -            602 388820at2759         -            609     0.014   11.8   0.0   2   4      0.23        17    1.6   0.0   227   266   297   337   268   363 0.68 -
augustus_predicted_2547 -            602 388820at2759         -            609     0.014   11.8   0.0   3   4       0.3        22    1.2   0.0   166   190   425   449   414   454 0.82 -
augustus_predicted_2547 -            602 388820at2759         -            609     0.014   11.8   0.0   4   4      0.32        23    1.1   0.0   184   215   499   530   497   539 0.92 -
augustus_predicted_2149 -            593 388820at2759         -            609      0.32    7.3   3.9   1   3       3.5   2.6e+02   -2.3   1.1   234   286    79   131    75   134 0.89 -
augustus_predicted_2149 -            593 388820at2759         -            609      0.32    7.3   3.9   2   3       1.5   1.1e+02   -1.1   0.0   352   388   275   311   260   325 0.57 -
augustus_predicted_2149 -            593 388820at2759         -            609      0.32    7.3   3.9   3   3    0.0043      0.31    7.3   0.0   195   446   392   468   381   498 0.58 -
#
# Program:         hmmsearch
# Version:         3.1b2 (February 2015)
# Pipeline mode:   SEARCH
# Query file:      ../../stats/eukaryota_odb10/hmms/388820at2759.hmm
# Target file:     /home/centos/br/bin/Brownotate-1.2.0/runs/584a0dab-d3a4-4320-afed-b310965cc1e7/annotation/augustus_annotation.faa
# Option settings: hmmsearch --domtblout /home/centos/br/bin/Brownotate-1.2.0/runs/584a0dab-d3a4-4320-afed-b310965cc1e7/busco_annotation/run_eukaryota_odb10/hmmer_output/initial_run_results/388820at2759.out --cpu 1 ../../stats/eukaryota_odb10/hmms/388820at2759.hmm /home/centos/br/bin/Brownotate-1.2.0/runs/584a0dab-d3a4-4320-afed-b310965cc1e7/annotation/augustus_annotation.faa 
# Current dir:     /home/centos/br/bin/Brownotate-1.2.0/runs/584a0dab-d3a4-4320-afed-b310965cc1e7
# Date:            Thu Aug 22 20:16:25 2024
# [ok]
