#                                                                               --- full sequence --- -------------- this domain -------------   hmm coord   ali coord   env coord
# target name           accession   tlen query name           accession   qlen   E-value  score  bias   #  of  c-Evalue  i-Evalue  score  bias  from    to  from    to  from    to  acc description of target
#   ------------------- ---------- ----- -------------------- ---------- ----- --------- ------ ----- --- --- --------- --------- ------ ----- ----- ----- ----- ----- ----- ----- ---- ---------------------
augustus_predicted_4803 -           2222 39650at2759          -           1547         0 1941.7  31.5   1   5         0         0 1790.9   8.4    29  1045   119  1203   108  1217 0.92 -
augustus_predicted_4803 -           2222 39650at2759          -           1547         0 1941.7  31.5   2   5   8.6e-09   2.2e-05   20.2   0.1  1062  1172  1301  1451  1269  1457 0.67 -
augustus_predicted_4803 -           2222 39650at2759          -           1547         0 1941.7  31.5   3   5     1e-13   2.6e-10   36.5   0.1  1230  1332  1616  1756  1518  1771 0.79 -
augustus_predicted_4803 -           2222 39650at2759          -           1547         0 1941.7  31.5   4   5   2.4e-24   6.1e-21   71.7   1.1  1350  1448  1813  1920  1787  1989 0.87 -
augustus_predicted_4803 -           2222 39650at2759          -           1547         0 1941.7  31.5   5   5   2.3e-12     6e-09   32.0   0.5  1455  1527  2048  2129  2012  2173 0.85 -
augustus_predicted_127  -           1097 39650at2759          -           1547   1.4e-06   24.1   0.1   1   2   1.6e-09   4.2e-06   22.6   0.1   160   274   314   421   306   441 0.82 -
augustus_predicted_127  -           1097 39650at2759          -           1547   1.4e-06   24.1   0.1   2   2      0.15   3.8e+02   -3.8   0.0   668   716   694   742   674   744 0.80 -
#
# Program:         hmmsearch
# Version:         3.1b2 (February 2015)
# Pipeline mode:   SEARCH
# Query file:      ../../stats/eukaryota_odb10/hmms/39650at2759.hmm
# Target file:     /home/centos/br/bin/Brownotate-1.2.0/runs/584a0dab-d3a4-4320-afed-b310965cc1e7/annotation/augustus_annotation.faa
# Option settings: hmmsearch --domtblout /home/centos/br/bin/Brownotate-1.2.0/runs/584a0dab-d3a4-4320-afed-b310965cc1e7/busco_annotation/run_eukaryota_odb10/hmmer_output/initial_run_results/39650at2759.out --cpu 1 ../../stats/eukaryota_odb10/hmms/39650at2759.hmm /home/centos/br/bin/Brownotate-1.2.0/runs/584a0dab-d3a4-4320-afed-b310965cc1e7/annotation/augustus_annotation.faa 
# Current dir:     /home/centos/br/bin/Brownotate-1.2.0/runs/584a0dab-d3a4-4320-afed-b310965cc1e7
# Date:            Thu Aug 22 20:16:24 2024
# [ok]
