#                                                                               --- full sequence --- -------------- this domain -------------   hmm coord   ali coord   env coord
# target name           accession   tlen query name           accession   qlen   E-value  score  bias   #  of  c-Evalue  i-Evalue  score  bias  from    to  from    to  from    to  acc description of target
#   ------------------- ---------- ----- -------------------- ---------- ----- --------- ------ ----- --- --- --------- --------- ------ ----- ----- ----- ----- ----- ----- ----- ---- ---------------------
augustus_predicted_2492 -            489 418107at2759         -            357  8.1e-135  447.5  14.1   1   3     5e-36   3.7e-34  116.4   0.0     1   102     1   119     1   127 0.87 -
augustus_predicted_2492 -            489 418107at2759         -            357  8.1e-135  447.5  14.1   2   3    0.0017      0.13    9.3   0.0   267   322   133   190   130   194 0.81 -
augustus_predicted_2492 -            489 418107at2759         -            357  8.1e-135  447.5  14.1   3   3   4.6e-98   3.4e-96  320.4  12.2   119   356   193   462   186   463 0.87 -
augustus_predicted_4249 -            515 418107at2759         -            357   3.1e-28   96.9   9.4   1   5   3.2e-08   2.4e-06   24.9   0.0   185   245   151   214   150   219 0.82 -
augustus_predicted_4249 -            515 418107at2759         -            357   3.1e-28   96.9   9.4   2   5     0.022       1.7    5.7   0.0    66    90   244   268   220   273 0.74 -
augustus_predicted_4249 -            515 418107at2759         -            357   3.1e-28   96.9   9.4   3   5   0.00055     0.041   11.0   0.1    54    91   274   310   270   342 0.72 -
augustus_predicted_4249 -            515 418107at2759         -            357   3.1e-28   96.9   9.4   4   5   4.1e-13     3e-11   41.0   0.5   191   286   372   475   349   480 0.78 -
augustus_predicted_4249 -            515 418107at2759         -            357   3.1e-28   96.9   9.4   5   5   0.00016     0.012   12.8   0.1   215   246   484   515   472   515 0.85 -
augustus_predicted_4755 -            465 418107at2759         -            357   2.4e-25   87.4   5.3   1   3   1.2e-07   9.1e-06   23.0   0.2   217   286    92   166    82   172 0.82 -
augustus_predicted_4755 -            465 418107at2759         -            357   2.4e-25   87.4   5.3   2   3   0.00018     0.013   12.6   0.3   214   284   174   248   166   252 0.85 -
augustus_predicted_4755 -            465 418107at2759         -            357   2.4e-25   87.4   5.3   3   3   2.1e-16   1.6e-14   51.8   0.0   132   250   258   383   250   386 0.87 -
augustus_predicted_87   -           1201 418107at2759         -            357     4e-23   80.1   0.8   1   6   2.2e-10   1.7e-08   32.0   0.0   178   286    12   126     2   132 0.80 -
augustus_predicted_87   -           1201 418107at2759         -            357     4e-23   80.1   0.8   2   6   3.9e-05    0.0029   14.7   0.0   214   247   134   167   126   170 0.77 -
augustus_predicted_87   -           1201 418107at2759         -            357     4e-23   80.1   0.8   3   6    0.0001    0.0078   13.3   0.0    54    89   205   240   192   246 0.89 -
augustus_predicted_87   -           1201 418107at2759         -            357     4e-23   80.1   0.8   4   6    0.0035      0.26    8.3   0.0    53    90   248   285   244   289 0.86 -
augustus_predicted_87   -           1201 418107at2759         -            357     4e-23   80.1   0.8   5   6     0.045       3.3    4.7   0.0    51   156   288   391   285   400 0.83 -
augustus_predicted_87   -           1201 418107at2759         -            357     4e-23   80.1   0.8   6   6       4.8   3.6e+02   -2.0   0.0   157   177   473   493   448   512 0.76 -
augustus_predicted_4239 -            923 418107at2759         -            357     2e-22   77.8   4.6   1   8      0.84        62    0.5   0.0   132   188    52   107    39   122 0.70 -
augustus_predicted_4239 -            923 418107at2759         -            357     2e-22   77.8   4.6   2   8   0.00012    0.0089   13.1   0.2   205   289    84   180    67   186 0.67 -
augustus_predicted_4239 -            923 418107at2759         -            357     2e-22   77.8   4.6   3   8    0.0078      0.58    7.2   0.0    53    90   186   223   180   228 0.91 -
augustus_predicted_4239 -            923 418107at2759         -            357     2e-22   77.8   4.6   4   8       2.2   1.6e+02   -0.9   0.0    58    88   260   290   251   293 0.89 -
augustus_predicted_4239 -            923 418107at2759         -            357     2e-22   77.8   4.6   5   8     3e-10   2.2e-08   31.6   0.1   136   284   303   460   296   464 0.83 -
augustus_predicted_4239 -            923 418107at2759         -            357     2e-22   77.8   4.6   6   8   5.8e-05    0.0043   14.2   0.0    50    91   465   506   459   514 0.84 -
augustus_predicted_4239 -            923 418107at2759         -            357     2e-22   77.8   4.6   7   8      0.47        35    1.3   0.0   141   176   583   617   568   627 0.67 -
augustus_predicted_4239 -            923 418107at2759         -            357     2e-22   77.8   4.6   8   8       1.2        88   -0.0   0.0   220   237   681   698   672   711 0.84 -
augustus_predicted_4531 -            798 418107at2759         -            357   9.5e-22   75.6   2.8   1   5      0.95        70    0.3   0.0    38    88   443   496   429   504 0.81 -
augustus_predicted_4531 -            798 418107at2759         -            357   9.5e-22   75.6   2.8   2   5   4.5e-06   0.00034   17.8   0.0   261   286   531   556   521   563 0.85 -
augustus_predicted_4531 -            798 418107at2759         -            357   9.5e-22   75.6   2.8   3   5   5.5e-11   4.1e-09   34.0   0.1   211   285   561   639   555   646 0.82 -
augustus_predicted_4531 -            798 418107at2759         -            357   9.5e-22   75.6   2.8   4   5    0.0078      0.58    7.2   0.0    55    89   648   682   642   691 0.82 -
augustus_predicted_4531 -            798 418107at2759         -            357   9.5e-22   75.6   2.8   5   5    0.0004      0.03   11.4   0.0   210   245   686   722   682   729 0.57 -
augustus_predicted_2612 -            943 418107at2759         -            357   3.2e-21   73.8  10.1   1   6     0.057       4.3    4.3   0.0    64    90    85   111    80   114 0.87 -
augustus_predicted_2612 -            943 418107at2759         -            357   3.2e-21   73.8  10.1   2   6    0.0014      0.11    9.6   0.0    47    88   110   151   108   168 0.83 -
augustus_predicted_2612 -            943 418107at2759         -            357   3.2e-21   73.8  10.1   3   6   5.1e-05    0.0038   14.3   0.3    53   173   158   294   154   301 0.74 -
augustus_predicted_2612 -            943 418107at2759         -            357   3.2e-21   73.8  10.1   4   6    0.0003     0.023   11.8   0.0   145   245   399   501   353   506 0.71 -
augustus_predicted_2612 -            943 418107at2759         -            357   3.2e-21   73.8  10.1   5   6    0.0001    0.0076   13.4   0.0   216   282   530   600   522   606 0.84 -
augustus_predicted_2612 -            943 418107at2759         -            357   3.2e-21   73.8  10.1   6   6   5.2e-07   3.9e-05   20.9   0.1   215   301   613   702   607   714 0.71 -
augustus_predicted_3655 -            640 418107at2759         -            357   7.9e-18   62.6   4.3   1   5   0.00099     0.074   10.1   0.0    51    87   295   329   283   333 0.87 -
augustus_predicted_3655 -            640 418107at2759         -            357   7.9e-18   62.6   4.3   2   5   0.00092     0.069   10.2   0.0    47    87   331   369   329   374 0.85 -
augustus_predicted_3655 -            640 418107at2759         -            357   7.9e-18   62.6   4.3   3   5   0.00045     0.034   11.2   0.1    51    91   375   413   371   416 0.85 -
augustus_predicted_3655 -            640 418107at2759         -            357   7.9e-18   62.6   4.3   4   5     1e-05   0.00076   16.7   0.0    53   105   416   476   413   549 0.59 -
augustus_predicted_3655 -            640 418107at2759         -            357   7.9e-18   62.6   4.3   5   5   0.00024     0.018   12.1   0.2    51    89   545   581   532   635 0.81 -
augustus_predicted_4260 -            713 418107at2759         -            357     1e-17   62.3  18.0   1   6     0.055       4.1    4.4   0.0   209   247   336   373   332   381 0.84 -
augustus_predicted_4260 -            713 418107at2759         -            357     1e-17   62.3  18.0   2   6   0.00039     0.029   11.5   0.2   166   245   391   471   376   479 0.71 -
augustus_predicted_4260 -            713 418107at2759         -            357     1e-17   62.3  18.0   3   6   2.5e-10   1.9e-08   31.8   0.0   214   285   482   557   472   563 0.81 -
augustus_predicted_4260 -            713 418107at2759         -            357     1e-17   62.3  18.0   4   6   3.7e-06   0.00028   18.1   0.3   212   286   571   661   564   667 0.71 -
augustus_predicted_4260 -            713 418107at2759         -            357     1e-17   62.3  18.0   5   6     0.015       1.1    6.3   0.0    56   286   628   661   623   685 0.57 -
augustus_predicted_4260 -            713 418107at2759         -            357     1e-17   62.3  18.0   6   6      0.29        22    2.0   0.0    53    88   667   708   662   712 0.73 -
augustus_predicted_3519 -            465 418107at2759         -            357     2e-17   61.3   0.7   1   5     0.065       4.8    4.2   0.0    48    88   208   249   196   254 0.86 -
augustus_predicted_3519 -            465 418107at2759         -            357     2e-17   61.3   0.7   2   5   3.5e-06   0.00026   18.2   0.2   182   282   223   334   220   341 0.70 -
augustus_predicted_3519 -            465 418107at2759         -            357     2e-17   61.3   0.7   3   5   2.4e-05    0.0018   15.4   0.0    51    91   342   382   340   393 0.88 -
augustus_predicted_3519 -            465 418107at2759         -            357     2e-17   61.3   0.7   4   5     0.011      0.79    6.7   0.0   208   246   384   424   381   427 0.85 -
augustus_predicted_3519 -            465 418107at2759         -            357     2e-17   61.3   0.7   5   5   0.00013    0.0099   13.0   0.0   201   244   420   464   418   465 0.83 -
augustus_predicted_2127 -            788 418107at2759         -            357   4.7e-17   60.1   5.8   1   8   1.9e-06   0.00014   19.0   0.2    52   135    53   136    47   146 0.84 -
augustus_predicted_2127 -            788 418107at2759         -            357   4.7e-17   60.1   5.8   2   8     0.018       1.3    6.0   0.0    51    87   195   235   192   239 0.74 -
augustus_predicted_2127 -            788 418107at2759         -            357   4.7e-17   60.1   5.8   3   8      0.04         3    4.8   0.0   270   301   221   252   212   272 0.72 -
augustus_predicted_2127 -            788 418107at2759         -            357   4.7e-17   60.1   5.8   4   8      0.39        29    1.6   0.0    53    86   276   309   269   315 0.89 -
augustus_predicted_2127 -            788 418107at2759         -            357   4.7e-17   60.1   5.8   5   8    0.0002     0.015   12.4   0.0   217   245   385   413   378   435 0.85 -
augustus_predicted_2127 -            788 418107at2759         -            357   4.7e-17   60.1   5.8   6   8       4.1   3.1e+02   -1.8   0.0    42    82   542   582   540   592 0.85 -
augustus_predicted_2127 -            788 418107at2759         -            357   4.7e-17   60.1   5.8   7   8      0.98        73    0.3   0.0   261   286   612   637   604   645 0.85 -
augustus_predicted_2127 -            788 418107at2759         -            357   4.7e-17   60.1   5.8   8   8   2.6e-05     0.002   15.3   0.0   204   249   641   687   634   690 0.86 -
augustus_predicted_5015 -            303 418107at2759         -            357   1.8e-15   54.9   6.6   1   3    0.0036      0.27    8.3   0.1   232   283     5    59     3    65 0.65 -
augustus_predicted_5015 -            303 418107at2759         -            357   1.8e-15   54.9   6.6   2   3   3.4e-05    0.0026   14.9   0.0    51    88    68   105    60   111 0.92 -
augustus_predicted_5015 -            303 418107at2759         -            357   1.8e-15   54.9   6.6   3   3     5e-10   3.7e-08   30.8   1.0   132   288   113   283   110   293 0.76 -
augustus_predicted_513  -            455 418107at2759         -            357   1.8e-15   54.9   0.5   1   3     0.052       3.9    4.4   0.0    51    87   155   192   147   197 0.64 -
augustus_predicted_513  -            455 418107at2759         -            357   1.8e-15   54.9   0.5   2   3   2.2e-14   1.6e-12   45.2   0.0   137   250   208   326   201   357 0.86 -
augustus_predicted_513  -            455 418107at2759         -            357   1.8e-15   54.9   0.5   3   3      0.51        38    1.2   0.1   259   288   387   416   328   422 0.80 -
augustus_predicted_1845 -            889 418107at2759         -            357     5e-15   53.5   0.6   1   4      0.02       1.5    5.8   0.1   220   290    16    90     4    94 0.73 -
augustus_predicted_1845 -            889 418107at2759         -            357     5e-15   53.5   0.6   2   4    0.0019      0.14    9.2   0.0    53    87    92   126    89   133 0.78 -
augustus_predicted_1845 -            889 418107at2759         -            357     5e-15   53.5   0.6   3   4   1.9e-05    0.0014   15.8   0.0   214   284   137   215   128   219 0.71 -
augustus_predicted_1845 -            889 418107at2759         -            357     5e-15   53.5   0.6   4   4     4e-06    0.0003   18.0   0.0    48    89   218   259   214   270 0.91 -
augustus_predicted_754  -            714 418107at2759         -            357   5.4e-15   53.3   0.4   1   5     0.049       3.7    4.5   0.0    54    91   394   432   389   435 0.79 -
augustus_predicted_754  -            714 418107at2759         -            357   5.4e-15   53.3   0.4   2   5   0.00026     0.019   12.1   0.0    51    88   434   471   431   480 0.93 -
augustus_predicted_754  -            714 418107at2759         -            357   5.4e-15   53.3   0.4   3   5    0.0003     0.022   11.8   0.0    48    89   492   531   473   539 0.87 -
augustus_predicted_754  -            714 418107at2759         -            357   5.4e-15   53.3   0.4   4   5      0.18        14    2.7   0.0    72    88   578   594   568   597 0.87 -
augustus_predicted_754  -            714 418107at2759         -            357   5.4e-15   53.3   0.4   5   5   5.7e-06   0.00042   17.5   0.1   194   245   580   632   575   639 0.79 -
augustus_predicted_4528 -            422 418107at2759         -            357   7.7e-14   49.5   0.0   1   2     0.095         7    3.6   0.0   179   209   131   161   124   171 0.85 -
augustus_predicted_4528 -            422 418107at2759         -            357   7.7e-14   49.5   0.0   2   2   3.7e-13   2.8e-11   41.1   0.1    99   284   216   414   192   418 0.80 -
augustus_predicted_4675 -            779 418107at2759         -            357   9.5e-14   49.2   9.8   1   6     0.031       2.3    5.2   0.0   256   283   381   408   375   413 0.88 -
augustus_predicted_4675 -            779 418107at2759         -            357   9.5e-14   49.2   9.8   2   6   0.00021     0.016   12.3   0.1    48    91   412   454   408   466 0.81 -
augustus_predicted_4675 -            779 418107at2759         -            357   9.5e-14   49.2   9.8   3   6     0.023       1.7    5.7   0.0    54    89   459   496   454   502 0.80 -
augustus_predicted_4675 -            779 418107at2759         -            357   9.5e-14   49.2   9.8   4   6    0.0018      0.13    9.3   0.1    50    89   522   559   518   563 0.88 -
augustus_predicted_4675 -            779 418107at2759         -            357   9.5e-14   49.2   9.8   5   6   5.1e-05    0.0038   14.4   0.0    53    89   565   601   560   616 0.90 -
augustus_predicted_4675 -            779 418107at2759         -            357   9.5e-14   49.2   9.8   6   6     0.084       6.3    3.8   0.2    54    91   628   663   619   758 0.57 -
augustus_predicted_2336 -            348 418107at2759         -            357   1.7e-13   48.4   2.3   1   5     0.021       1.6    5.8   0.0    53    90    18    54    13    72 0.74 -
augustus_predicted_2336 -            348 418107at2759         -            357   1.7e-13   48.4   2.3   2   5     0.011      0.82    6.7   0.0    47    89    53   100    48   106 0.70 -
augustus_predicted_2336 -            348 418107at2759         -            357   1.7e-13   48.4   2.3   3   5    0.0016      0.12    9.4   0.0    50    89   126   163   122   167 0.90 -
augustus_predicted_2336 -            348 418107at2759         -            357   1.7e-13   48.4   2.3   4   5   1.4e-05     0.001   16.2   0.0    53    90   169   206   164   220 0.89 -
augustus_predicted_2336 -            348 418107at2759         -            357   1.7e-13   48.4   2.3   5   5     0.009      0.67    7.0   0.0   263   286   242   265   227   286 0.70 -
augustus_predicted_3950 -            319 418107at2759         -            357   3.4e-13   47.4   6.5   1   6       0.5        37    1.2   0.0    52    88    11    48     8    56 0.78 -
augustus_predicted_3950 -            319 418107at2759         -            357   3.4e-13   47.4   6.5   2   6   3.1e-07   2.3e-05   21.7   0.5   213   284    61   136    56   140 0.83 -
augustus_predicted_3950 -            319 418107at2759         -            357   3.4e-13   47.4   6.5   3   6   0.00024     0.018   12.1   0.2    54    90   103   139    97   161 0.82 -
augustus_predicted_3950 -            319 418107at2759         -            357   3.4e-13   47.4   6.5   4   6      0.62        46    0.9   0.0    53    88   143   184   139   187 0.59 -
augustus_predicted_3950 -            319 418107at2759         -            357   3.4e-13   47.4   6.5   5   6     3e-05    0.0023   15.1   0.0    54    90   192   228   187   251 0.90 -
augustus_predicted_3950 -            319 418107at2759         -            357   3.4e-13   47.4   6.5   6   6     0.019       1.4    5.9   0.0   258   284   289   315   284   319 0.86 -
augustus_predicted_3243 -            451 418107at2759         -            357   4.1e-13   47.1   3.4   1   6   0.00029     0.022   11.9   0.2    54   108   135   190   127   194 0.88 -
augustus_predicted_3243 -            451 418107at2759         -            357   4.1e-13   47.1   3.4   2   6     0.053         4    4.4   0.0    53    89   177   213   172   216 0.87 -
augustus_predicted_3243 -            451 418107at2759         -            357   4.1e-13   47.1   3.4   3   6   5.9e-05    0.0044   14.2   0.0    51    90   217   256   211   259 0.93 -
augustus_predicted_3243 -            451 418107at2759         -            357   4.1e-13   47.1   3.4   4   6    0.0054       0.4    7.7   0.1   215   245   264   294   259   340 0.60 -
augustus_predicted_3243 -            451 418107at2759         -            357   4.1e-13   47.1   3.4   5   6      0.55        41    1.1   0.0    51    89   301   338   295   356 0.88 -
augustus_predicted_3243 -            451 418107at2759         -            357   4.1e-13   47.1   3.4   6   6    0.0089      0.67    7.0   0.0   208   246   390   428   375   435 0.79 -
augustus_predicted_1349 -            460 418107at2759         -            357   1.7e-12   45.1   3.7   1   5   0.00061     0.046   10.8   0.0    57    90   102   135    86   150 0.82 -
augustus_predicted_1349 -            460 418107at2759         -            357   1.7e-12   45.1   3.7   2   5     4e-06    0.0003   18.0   0.4   228   299   114   187   104   193 0.73 -
augustus_predicted_1349 -            460 418107at2759         -            357   1.7e-12   45.1   3.7   3   5    0.0017      0.13    9.3   0.0   197   245   188   235   179   241 0.86 -
augustus_predicted_1349 -            460 418107at2759         -            357   1.7e-12   45.1   3.7   4   5      0.32        24    1.8   0.0    96   167   290   319   268   371 0.46 -
augustus_predicted_1349 -            460 418107at2759         -            357   1.7e-12   45.1   3.7   5   5   9.3e-05     0.007   13.5   0.0    52    89   369   407   359   423 0.86 -
augustus_predicted_435  -            330 418107at2759         -            357   3.3e-12   44.2   6.2   1   3   6.9e-07   5.1e-05   20.5   0.1   214   287    55   139    41   143 0.81 -
augustus_predicted_435  -            330 418107at2759         -            357   3.3e-12   44.2   6.2   2   3   3.7e-07   2.7e-05   21.4   1.3   214   289   150   233   142   251 0.78 -
augustus_predicted_435  -            330 418107at2759         -            357   3.3e-12   44.2   6.2   3   3      0.86        64    0.5   0.0    71    90   310   329   284   330 0.71 -
augustus_predicted_4363 -            840 418107at2759         -            357   1.2e-11   42.3   0.5   1   4     0.029       2.2    5.3   0.0    59    87    18    46     2    51 0.68 -
augustus_predicted_4363 -            840 418107at2759         -            357   1.2e-11   42.3   0.5   2   4   0.00046     0.034   11.2   0.0   215   245    77   107    70   117 0.70 -
augustus_predicted_4363 -            840 418107at2759         -            357   1.2e-11   42.3   0.5   3   4   0.00016     0.012   12.7   0.2   179   245   139   207   121   220 0.60 -
augustus_predicted_4363 -            840 418107at2759         -            357   1.2e-11   42.3   0.5   4   4    0.0076      0.56    7.2   0.0   142   211   319   391   307   396 0.72 -
augustus_predicted_1676 -            643 418107at2759         -            357   1.7e-11   41.8   3.0   1   5       1.2        92   -0.1   0.0    57   245   318   348   275   354 0.61 -
augustus_predicted_1676 -            643 418107at2759         -            357   1.7e-11   41.8   3.0   2   5   0.00029     0.021   11.9   0.0    51    88   355   393   353   397 0.88 -
augustus_predicted_1676 -            643 418107at2759         -            357   1.7e-11   41.8   3.0   3   5    0.0083      0.62    7.1   0.0    48    89   414   453   407   473 0.84 -
augustus_predicted_1676 -            643 418107at2759         -            357   1.7e-11   41.8   3.0   4   5      0.23        17    2.3   0.0    71    87   500   516   492   519 0.87 -
augustus_predicted_1676 -            643 418107at2759         -            357   1.7e-11   41.8   3.0   5   5   3.1e-05    0.0023   15.1   0.0    51    89   522   558   518   575 0.86 -
augustus_predicted_1877 -            349 418107at2759         -            357   1.9e-11   41.6   1.1   1   5      0.18        14    2.7   0.1    56   247     7    39     2    44 0.58 -
augustus_predicted_1877 -            349 418107at2759         -            357   1.9e-11   41.6   1.1   2   5   0.00012    0.0091   13.1   0.0   214   247    52    87    45   103 0.85 -
augustus_predicted_1877 -            349 418107at2759         -            357   1.9e-11   41.6   1.1   3   5      0.14        10    3.1   0.0   128   189    98   163    91   169 0.78 -
augustus_predicted_1877 -            349 418107at2759         -            357   1.9e-11   41.6   1.1   4   5     0.011       0.8    6.7   0.0    52    90   206   248   201   256 0.84 -
augustus_predicted_1877 -            349 418107at2759         -            357   1.9e-11   41.6   1.1   5   5     0.001     0.076   10.1   0.1   261   289   310   338   296   344 0.82 -
augustus_predicted_329  -            370 418107at2759         -            357   2.4e-11   41.3   1.0   1   3   0.00026     0.019   12.1   0.0   182   245    60   128    40   134 0.85 -
augustus_predicted_329  -            370 418107at2759         -            357   2.4e-11   41.3   1.0   2   3   0.00032     0.024   11.7   0.0   136   214   170   252   162   257 0.82 -
augustus_predicted_329  -            370 418107at2759         -            357   2.4e-11   41.3   1.0   3   3   5.7e-05    0.0042   14.2   0.0   213   271   274   341   268   346 0.70 -
augustus_predicted_2223 -            401 418107at2759         -            357   9.3e-11   39.4   1.7   1   4      0.16        12    2.8   0.0   133   282   116   188   107   189 0.42 -
augustus_predicted_2223 -            401 418107at2759         -            357   9.3e-11   39.4   1.7   2   4   7.7e-11   5.7e-09   33.5   0.7    94   239   170   318   165   324 0.81 -
augustus_predicted_2223 -            401 418107at2759         -            357   9.3e-11   39.4   1.7   3   4    0.0061      0.45    7.5   0.1    52    90   289   328   288   334 0.79 -
augustus_predicted_2223 -            401 418107at2759         -            357   9.3e-11   39.4   1.7   4   4       7.5   5.5e+02   -2.6   0.0    56    86   350   381   344   385 0.50 -
augustus_predicted_4515 -            574 418107at2759         -            357   2.9e-10   37.8   0.1   1   3   6.4e-07   4.8e-05   20.6   0.0   154   245    30   124    20   129 0.81 -
augustus_predicted_4515 -            574 418107at2759         -            357   2.9e-10   37.8   0.1   2   3   9.6e-05    0.0071   13.5   0.1   210   283   131   217   125   221 0.74 -
augustus_predicted_4515 -            574 418107at2759         -            357   2.9e-10   37.8   0.1   3   3       3.2   2.4e+02   -1.4   0.0   269   308   255   297   251   302 0.66 -
augustus_predicted_318  -           1148 418107at2759         -            357   4.5e-10   37.1   0.7   1   1   1.1e-11   8.5e-10   36.2   0.7   135   256   114   241    85   248 0.82 -
augustus_predicted_2690 -            817 418107at2759         -            357     1e-09   36.0   3.8   1   5     0.011      0.84    6.6   0.0    53    91   139   181   133   205 0.70 -
augustus_predicted_2690 -            817 418107at2759         -            357     1e-09   36.0   3.8   2   5       4.7   3.5e+02   -2.0   0.0    54    88   384   418   379   424 0.78 -
augustus_predicted_2690 -            817 418107at2759         -            357     1e-09   36.0   3.8   3   5   0.00061     0.045   10.8   0.0   216   283   490   561   476   565 0.68 -
augustus_predicted_2690 -            817 418107at2759         -            357     1e-09   36.0   3.8   4   5   0.00061     0.045   10.8   0.0    51    88   568   605   564   609 0.92 -
augustus_predicted_2690 -            817 418107at2759         -            357     1e-09   36.0   3.8   5   5      0.14        10    3.1   0.0    51    86   610   645   608   654 0.92 -
augustus_predicted_4455 -            535 418107at2759         -            357   1.4e-09   35.5   0.1   1   3   0.00049     0.036   11.1   0.0   217   283   220   289   211   303 0.83 -
augustus_predicted_4455 -            535 418107at2759         -            357   1.4e-09   35.5   0.1   2   3     6e-07   4.5e-05   20.7   0.0   215   285   357   430   341   438 0.89 -
augustus_predicted_4455 -            535 418107at2759         -            357   1.4e-09   35.5   0.1   3   3       3.5   2.6e+02   -1.6   0.0    71    89   455   473   432   480 0.74 -
augustus_predicted_3936 -            834 418107at2759         -            357   1.6e-09   35.3   6.3   1   4   4.7e-05    0.0035   14.5   0.1   261   303   179   221   174   258 0.74 -
augustus_predicted_3936 -            834 418107at2759         -            357   1.6e-09   35.3   6.3   2   4   2.2e-06   0.00016   18.8   0.1   205   283   266   347   223   354 0.74 -
augustus_predicted_3936 -            834 418107at2759         -            357   1.6e-09   35.3   6.3   3   4       2.9   2.2e+02   -1.3   0.0    73   100   444   471   434   490 0.72 -
augustus_predicted_3936 -            834 418107at2759         -            357   1.6e-09   35.3   6.3   4   4      0.49        37    1.3   0.0   270   319   668   718   663   725 0.82 -
augustus_predicted_2837 -            939 418107at2759         -            357   2.2e-09   34.8   0.0   1   3       2.8   2.1e+02   -1.2   0.0    60   169   208   239   197   284 0.59 -
augustus_predicted_2837 -            939 418107at2759         -            357   2.2e-09   34.8   0.0   2   3      0.53        39    1.2   0.0   140   177   355   392   349   397 0.83 -
augustus_predicted_2837 -            939 418107at2759         -            357   2.2e-09   34.8   0.0   3   3   1.7e-09   1.3e-07   29.1   0.0   138   245   505   613   454   617 0.86 -
augustus_predicted_234  -            506 418107at2759         -            357     3e-09   34.4   1.4   1   4      0.12       9.1    3.2   0.0    60    94    59    93    55   100 0.93 -
augustus_predicted_234  -            506 418107at2759         -            357     3e-09   34.4   1.4   2   4   0.00017     0.013   12.6   0.1   137   212   197   273   188   279 0.89 -
augustus_predicted_234  -            506 418107at2759         -            357     3e-09   34.4   1.4   3   4     3e-05    0.0022   15.1   0.0   133   250   285   392   278   398 0.80 -
augustus_predicted_234  -            506 418107at2759         -            357     3e-09   34.4   1.4   4   4       8.1   6.1e+02   -2.8   0.1   257   287   416   446   406   473 0.65 -
augustus_predicted_1625 -            414 418107at2759         -            357     4e-09   34.0   2.7   1   4    0.0034      0.25    8.4   0.0    53    92    47    84    39   105 0.73 -
augustus_predicted_1625 -            414 418107at2759         -            357     4e-09   34.0   2.7   2   4    0.0015      0.11    9.5   0.2   262   292   114   144   109   146 0.88 -
augustus_predicted_1625 -            414 418107at2759         -            357     4e-09   34.0   2.7   3   4   0.00053      0.04   11.0   0.1   211   245   143   177   138   182 0.79 -
augustus_predicted_1625 -            414 418107at2759         -            357     4e-09   34.0   2.7   4   4      0.13       9.8    3.1   0.0    71    93   315   337   293   409 0.64 -
augustus_predicted_3965 -            511 418107at2759         -            357   5.2e-09   33.6   0.1   1   2   6.5e-09   4.9e-07   27.2   0.0   132   248   318   449   309   450 0.80 -
augustus_predicted_3965 -            511 418107at2759         -            357   5.2e-09   33.6   0.1   2   2    0.0059      0.44    7.6   0.0   137   167   419   449   416   465 0.74 -
augustus_predicted_78   -            522 418107at2759         -            357   5.4e-09   33.6   0.1   1   2   7.2e-11   5.4e-09   33.6   0.1   130   255   284   429   252   442 0.71 -
augustus_predicted_78   -            522 418107at2759         -            357   5.4e-09   33.6   0.1   2   2       1.6   1.2e+02   -0.4   0.0   137   191   446   498   435   514 0.74 -
augustus_predicted_3927 -            615 418107at2759         -            357   7.1e-09   33.2   2.8   1   6       4.3   3.2e+02   -1.8   0.0    53    86    58    94    53   109 0.55 -
augustus_predicted_3927 -            615 418107at2759         -            357   7.1e-09   33.2   2.8   2   6     0.083       6.1    3.8   0.0   132   168   203   239   193   249 0.72 -
augustus_predicted_3927 -            615 418107at2759         -            357   7.1e-09   33.2   2.8   3   6      0.96        71    0.3   0.0   150   175   266   291   253   299 0.66 -
augustus_predicted_3927 -            615 418107at2759         -            357   7.1e-09   33.2   2.8   4   6   0.00064     0.047   10.8   0.1    51   126   332   401   328   461 0.78 -
augustus_predicted_3927 -            615 418107at2759         -            357   7.1e-09   33.2   2.8   5   6     0.012      0.88    6.6   0.0   139   190   492   544   469   572 0.75 -
augustus_predicted_3927 -            615 418107at2759         -            357   7.1e-09   33.2   2.8   6   6     0.025       1.9    5.5   0.0    50    87   576   612   569   615 0.84 -
augustus_predicted_1297 -            423 418107at2759         -            357   7.5e-09   33.1   4.9   1   4    0.0004      0.03   11.4   0.4    10    90    43   124    35   132 0.81 -
augustus_predicted_1297 -            423 418107at2759         -            357   7.5e-09   33.1   4.9   2   4     0.059       4.4    4.3   0.0   220   286   137   211   133   222 0.76 -
augustus_predicted_1297 -            423 418107at2759         -            357   7.5e-09   33.1   4.9   3   4     0.059       4.4    4.3   0.0   148   209   240   301   233   309 0.81 -
augustus_predicted_1297 -            423 418107at2759         -            357   7.5e-09   33.1   4.9   4   4    0.0004     0.029   11.4   0.0   214   245   388   419   368   422 0.89 -
augustus_predicted_3761 -            468 418107at2759         -            357     2e-08   31.7   0.1   1   3      0.12       8.6    3.3   0.0    64    89    21    46    11    61 0.73 -
augustus_predicted_3761 -            468 418107at2759         -            357     2e-08   31.7   0.1   2   3   0.00066     0.049   10.7   0.0    48    86    61    99    54   113 0.89 -
augustus_predicted_3761 -            468 418107at2759         -            357     2e-08   31.7   0.1   3   3   7.8e-05    0.0058   13.7   0.0   218   282   146   214   120   233 0.83 -
augustus_predicted_3159 -            523 418107at2759         -            357   2.8e-08   31.2   0.0   1   2     0.037       2.7    5.0   0.0   138   174   246   282   240   291 0.85 -
augustus_predicted_3159 -            523 418107at2759         -            357   2.8e-08   31.2   0.0   2   2   1.2e-05   0.00092   16.4   0.0    70   207   300   424   281   432 0.74 -
augustus_predicted_2668 -            576 418107at2759         -            357   4.9e-08   30.4   0.7   1   4       7.4   5.5e+02   -2.6   0.0    74   114   231   245   223   255 0.64 -
augustus_predicted_2668 -            576 418107at2759         -            357   4.9e-08   30.4   0.7   2   4   0.00032     0.024   11.7   0.1    55    89   283   318   266   326 0.84 -
augustus_predicted_2668 -            576 418107at2759         -            357   4.9e-08   30.4   0.7   3   4   2.9e-07   2.2e-05   21.7   0.1    89   212   291   411   288   417 0.83 -
augustus_predicted_2668 -            576 418107at2759         -            357   4.9e-08   30.4   0.7   4   4      0.16        12    2.9   0.0    93   175   431   516   417   538 0.73 -
augustus_predicted_1954 -            566 418107at2759         -            357   6.2e-08   30.1   0.3   1   1   1.9e-09   1.4e-07   29.0   0.3    45   245   331   543   321   547 0.82 -
augustus_predicted_1462 -            715 418107at2759         -            357   1.1e-07   29.3   3.3   1   3      0.11       8.1    3.4   0.1    53    86     8    40     4    53 0.73 -
augustus_predicted_1462 -            715 418107at2759         -            357   1.1e-07   29.3   3.3   2   3   0.00026     0.019   12.0   0.3   232   285   112   168    96   180 0.75 -
augustus_predicted_1462 -            715 418107at2759         -            357   1.1e-07   29.3   3.3   3   3   0.00022     0.016   12.3   0.0   194   290   194   295   188   315 0.74 -
augustus_predicted_3977 -            347 418107at2759         -            357   1.2e-07   29.1   0.5   1   4   0.00045     0.033   11.3   0.0    51    89    45    83    43    94 0.93 -
augustus_predicted_3977 -            347 418107at2759         -            357   1.2e-07   29.1   0.5   2   4       7.1   5.3e+02   -2.6   0.0   220   233    96   109    89   131 0.82 -
augustus_predicted_3977 -            347 418107at2759         -            357   1.2e-07   29.1   0.5   3   4      0.77        57    0.6   0.0   261   279   159   177   122   194 0.68 -
augustus_predicted_3977 -            347 418107at2759         -            357   1.2e-07   29.1   0.5   4   4    0.0009     0.067   10.3   0.0   136   245   197   321   188   330 0.70 -
augustus_predicted_1953 -            417 418107at2759         -            357   1.6e-07   28.7   0.0   1   2   8.4e-07   6.2e-05   20.2   0.0   212   286   131   209   105   220 0.74 -
augustus_predicted_1953 -            417 418107at2759         -            357   1.6e-07   28.7   0.0   2   2       0.2        15    2.5   0.0   177   243   287   357   238   362 0.76 -
augustus_predicted_2372 -            347 418107at2759         -            357   1.8e-07   28.6   0.0   1   2   1.9e-06   0.00014   19.1   0.0    58   176    18   147    11   168 0.44 -
augustus_predicted_2372 -            347 418107at2759         -            357   1.8e-07   28.6   0.0   2   2      0.34        25    1.8   0.0    61    90   254   283   247   292 0.83 -
augustus_predicted_1628 -            329 418107at2759         -            357   2.7e-07   28.0   0.8   1   4       1.6   1.2e+02   -0.4   0.0   209   246    19    56     2    60 0.71 -
augustus_predicted_1628 -            329 418107at2759         -            357   2.7e-07   28.0   0.8   2   4   1.1e-05   0.00081   16.6   0.0    99   213    76   189    60   220 0.72 -
augustus_predicted_1628 -            329 418107at2759         -            357   2.7e-07   28.0   0.8   3   4     0.056       4.2    4.4   0.0   224   250   257   283   253   291 0.80 -
augustus_predicted_1628 -            329 418107at2759         -            357   2.7e-07   28.0   0.8   4   4      0.24        18    2.3   0.1   179   206   302   328   286   329 0.82 -
augustus_predicted_3928 -            513 418107at2759         -            357   4.4e-07   27.3   1.3   1   2   0.00015     0.011   12.8   0.7   171   284    33   154    26   163 0.74 -
augustus_predicted_3928 -            513 418107at2759         -            357   4.4e-07   27.3   1.3   2   2   0.00023     0.017   12.2   0.0   135   245   168   285   162   290 0.75 -
augustus_predicted_1540 -            852 418107at2759         -            357   8.6e-07   26.4   0.1   1   3     0.011      0.81    6.7   0.0   260   287   178   205   173   240 0.77 -
augustus_predicted_1540 -            852 418107at2759         -            357   8.6e-07   26.4   0.1   2   3   0.00012    0.0089   13.1   0.0   210   283   273   349   242   356 0.80 -
augustus_predicted_1540 -            852 418107at2759         -            357   8.6e-07   26.4   0.1   3   3      0.24        18    2.3   0.0   142   211   437   511   424   520 0.68 -
augustus_predicted_46   -           1273 418107at2759         -            357   3.1e-06   24.5   0.0   1   2    0.0037      0.28    8.2   0.0   133   167   106   140    70   149 0.86 -
augustus_predicted_46   -           1273 418107at2759         -            357   3.1e-06   24.5   0.0   2   2   7.7e-05    0.0057   13.8   0.0   131   245   156   286   153   296 0.81 -
augustus_predicted_3893 -            807 418107at2759         -            357   5.2e-06   23.8   0.0   1   4   0.00027      0.02   12.0   0.0    54    88   433   467   423   476 0.86 -
augustus_predicted_3893 -            807 418107at2759         -            357   5.2e-06   23.8   0.0   2   4       3.7   2.7e+02   -1.6   0.0   138   174   642   676   629   681 0.74 -
augustus_predicted_3893 -            807 418107at2759         -            357   5.2e-06   23.8   0.0   3   4     0.035       2.6    5.0   0.0   223   284   686   752   644   756 0.53 -
augustus_predicted_3893 -            807 418107at2759         -            357   5.2e-06   23.8   0.0   4   4       3.1   2.3e+02   -1.4   0.0   173   200   774   801   763   806 0.65 -
augustus_predicted_1801 -            526 418107at2759         -            357   6.9e-06   23.4   2.8   1   3      0.85        63    0.5   0.0    99   114   101   116    96   132 0.74 -
augustus_predicted_1801 -            526 418107at2759         -            357   6.9e-06   23.4   2.8   2   3   3.7e-05    0.0028   14.8   0.0    98   171   197   269   176   278 0.86 -
augustus_predicted_1801 -            526 418107at2759         -            357   6.9e-06   23.4   2.8   3   3     0.071       5.3    4.0   0.2   216   247   291   321   279   380 0.82 -
augustus_predicted_4989 -            389 418107at2759         -            357     7e-06   23.4   3.3   1   3     0.011      0.83    6.7   0.0   151   213    74   139    48   143 0.79 -
augustus_predicted_4989 -            389 418107at2759         -            357     7e-06   23.4   3.3   2   3   2.4e-05    0.0018   15.5   0.0    52    98   142   189   138   200 0.81 -
augustus_predicted_4989 -            389 418107at2759         -            357     7e-06   23.4   3.3   3   3      0.99        74    0.2   0.0    68    86   303   321   285   325 0.76 -
augustus_predicted_2855 -            651 418107at2759         -            357   8.4e-06   23.1   0.4   1   2      0.15        11    3.0   0.0   215   245    79   110    72   120 0.63 -
augustus_predicted_2855 -            651 418107at2759         -            357   8.4e-06   23.1   0.4   2   2   5.7e-06   0.00043   17.5   0.1   206   285   129   212   120   229 0.85 -
augustus_predicted_4166 -            745 418107at2759         -            357   8.9e-06   23.0   2.0   1   3     0.007      0.52    7.3   0.1   122   211   311   406   299   414 0.73 -
augustus_predicted_4166 -            745 418107at2759         -            357   8.9e-06   23.0   2.0   2   3    0.0042      0.31    8.1   0.0   251   282   653   686   625   696 0.77 -
augustus_predicted_4166 -            745 418107at2759         -            357   8.9e-06   23.0   2.0   3   3     0.027         2    5.4   0.0    69    88   724   743   704   745 0.69 -
augustus_predicted_5156 -            426 418107at2759         -            357   9.8e-06   22.9   0.1   1   2   5.5e-06   0.00041   17.5   0.0   176   248    25   103    10   106 0.74 -
augustus_predicted_5156 -            426 418107at2759         -            357   9.8e-06   22.9   0.1   2   2      0.56        42    1.1   0.3    99   144   229   270   212   343 0.51 -
augustus_predicted_2677 -            297 418107at2759         -            357   1.4e-05   22.4   0.3   1   3      0.19        14    2.6   0.0   228   246    20    38     3    45 0.72 -
augustus_predicted_2677 -            297 418107at2759         -            357   1.4e-05   22.4   0.3   2   3    0.0017      0.13    9.4   0.0   146   228    65   156    24   194 0.57 -
augustus_predicted_2677 -            297 418107at2759         -            357   1.4e-05   22.4   0.3   3   3     0.011      0.85    6.6   0.1   212   249   199   239    97   291 0.67 -
augustus_predicted_4810 -            422 418107at2759         -            357   2.3e-05   21.7   0.2   1   3    0.0061      0.45    7.5   0.1   123   209    99   191    72   207 0.67 -
augustus_predicted_4810 -            422 418107at2759         -            357   2.3e-05   21.7   0.2   2   3     0.002      0.15    9.1   0.0    54    95   249   290   244   306 0.62 -
augustus_predicted_4810 -            422 418107at2759         -            357   2.3e-05   21.7   0.2   3   3       1.1        82    0.1   0.0   149   199   308   360   300   373 0.73 -
augustus_predicted_3216 -           1013 418107at2759         -            357   4.2e-05   20.8   0.9   1   4   2.6e-05    0.0019   15.3   0.1   206   284   168   250   163   272 0.76 -
augustus_predicted_3216 -           1013 418107at2759         -            357   4.2e-05   20.8   0.9   2   4       3.5   2.6e+02   -1.6   0.0    58    90   588   620   583   630 0.82 -
augustus_predicted_3216 -           1013 418107at2759         -            357   4.2e-05   20.8   0.9   3   4       1.8   1.3e+02   -0.6   0.0   149   179   780   810   757   849 0.68 -
augustus_predicted_3216 -           1013 418107at2759         -            357   4.2e-05   20.8   0.9   4   4       1.2        90   -0.0   0.0   229   245   948   964   930   977 0.84 -
augustus_predicted_1863 -            610 418107at2759         -            357     6e-05   20.3   0.1   1   2   5.2e-05    0.0039   14.3   0.1   133   197   380   447   298   460 0.61 -
augustus_predicted_1863 -            610 418107at2759         -            357     6e-05   20.3   0.1   2   2      0.36        27    1.7   0.0   130   203   475   552   448   566 0.63 -
augustus_predicted_4607 -            878 418107at2759         -            357   6.6e-05   20.2   1.1   1   4       8.5   6.3e+02   -2.8   0.0    59    88    21    50    17    53 0.77 -
augustus_predicted_4607 -            878 418107at2759         -            357   6.6e-05   20.2   1.1   2   4     0.014         1    6.3   0.0   247   283    63    98    49   106 0.60 -
augustus_predicted_4607 -            878 418107at2759         -            357   6.6e-05   20.2   1.1   3   4     0.013      0.95    6.5   0.3    71   176   250   325   238   344 0.48 -
augustus_predicted_4607 -            878 418107at2759         -            357   6.6e-05   20.2   1.1   4   4     0.013      0.96    6.5   0.2    63   165   290   397   277   407 0.63 -
augustus_predicted_3484 -            573 418107at2759         -            357   0.00013   19.2   0.8   1   4    0.0023      0.17    8.9   0.0   212   247   231   266   225   317 0.70 -
augustus_predicted_3484 -            573 418107at2759         -            357   0.00013   19.2   0.8   2   4       0.9        67    0.4   0.0    53    89   317   353   312   359 0.89 -
augustus_predicted_3484 -            573 418107at2759         -            357   0.00013   19.2   0.8   3   4      0.26        20    2.1   0.0   265   283   408   426   401   440 0.73 -
augustus_predicted_3484 -            573 418107at2759         -            357   0.00013   19.2   0.8   4   4       0.3        23    1.9   0.0    67    89   481   503   474   512 0.78 -
augustus_predicted_1005 -           1341 418107at2759         -            357   0.00014   19.1   0.1   1   3       4.5   3.3e+02   -1.9   0.0   143   172   219   247   207   255 0.75 -
augustus_predicted_1005 -           1341 418107at2759         -            357   0.00014   19.1   0.1   2   3   0.00055     0.041   11.0   0.1   133   182   256   305   250   330 0.77 -
augustus_predicted_1005 -           1341 418107at2759         -            357   0.00014   19.1   0.1   3   3      0.08       5.9    3.9   0.0    53    93   364   404   357   415 0.86 -
augustus_predicted_2149 -            593 418107at2759         -            357   0.00051   17.2   0.0   1   3     0.034       2.5    5.1   0.0   124   213   260   362   255   368 0.71 -
augustus_predicted_2149 -            593 418107at2759         -            357   0.00051   17.2   0.0   2   3    0.0024      0.18    8.9   0.0   189   248   401   468   380   494 0.82 -
augustus_predicted_2149 -            593 418107at2759         -            357   0.00051   17.2   0.0   3   3       6.9   5.1e+02   -2.5   0.0   220   245   530   555   526   559 0.80 -
augustus_predicted_1781 -            397 418107at2759         -            357   0.00065   16.9   0.3   1   4      0.23        17    2.4   0.0   263   299    22    58    17    76 0.79 -
augustus_predicted_1781 -            397 418107at2759         -            357   0.00065   16.9   0.3   2   4       1.3        93   -0.1   0.0    57   105    67   116    59   129 0.58 -
augustus_predicted_1781 -            397 418107at2759         -            357   0.00065   16.9   0.3   3   4       8.6   6.4e+02   -2.8   0.0   135   231   233   247   221   266 0.57 -
augustus_predicted_1781 -            397 418107at2759         -            357   0.00065   16.9   0.3   4   4    0.0016      0.12    9.5   0.0    57    89   290   322   282   348 0.63 -
augustus_predicted_3704 -            431 418107at2759         -            357    0.0041   14.2   0.0   1   3    0.0053      0.39    7.7   0.0    51    88    58    95    48   120 0.85 -
augustus_predicted_3704 -            431 418107at2759         -            357    0.0041   14.2   0.0   2   3      0.23        17    2.3   0.0    57    90   153   187   143   206 0.78 -
augustus_predicted_3704 -            431 418107at2759         -            357    0.0041   14.2   0.0   3   3       2.3   1.7e+02   -0.9   0.0   158   210   333   382   301   398 0.67 -
augustus_predicted_793  -            594 418107at2759         -            357    0.0043   14.2   0.0   1   2     0.001     0.076   10.1   0.0   215   245   246   276   232   289 0.83 -
augustus_predicted_793  -            594 418107at2759         -            357    0.0043   14.2   0.0   2   2      0.43        32    1.4   0.0   220   283   565   590   509   593 0.65 -
augustus_predicted_479  -            752 418107at2759         -            357    0.0077   13.3   1.6   1   3    0.0027       0.2    8.7   0.1   258   303   165   210   156   221 0.75 -
augustus_predicted_479  -            752 418107at2759         -            357    0.0077   13.3   1.6   2   3       1.3        97   -0.1   0.0    67    88   223   244   212   266 0.78 -
augustus_predicted_479  -            752 418107at2759         -            357    0.0077   13.3   1.6   3   3      0.93        69    0.3   0.0    53    85   251   283   237   310 0.74 -
#
# Program:         hmmsearch
# Version:         3.1b2 (February 2015)
# Pipeline mode:   SEARCH
# Query file:      ../../stats/eukaryota_odb10/hmms/418107at2759.hmm
# Target file:     /home/centos/br/bin/Brownotate-1.2.0/runs/584a0dab-d3a4-4320-afed-b310965cc1e7/annotation/augustus_annotation.faa
# Option settings: hmmsearch --domtblout /home/centos/br/bin/Brownotate-1.2.0/runs/584a0dab-d3a4-4320-afed-b310965cc1e7/busco_annotation/run_eukaryota_odb10/hmmer_output/initial_run_results/418107at2759.out --cpu 1 ../../stats/eukaryota_odb10/hmms/418107at2759.hmm /home/centos/br/bin/Brownotate-1.2.0/runs/584a0dab-d3a4-4320-afed-b310965cc1e7/annotation/augustus_annotation.faa 
# Current dir:     /home/centos/br/bin/Brownotate-1.2.0/runs/584a0dab-d3a4-4320-afed-b310965cc1e7
# Date:            Thu Aug 22 20:16:25 2024
# [ok]
