#                                                                               --- full sequence --- -------------- this domain -------------   hmm coord   ali coord   env coord
# target name           accession   tlen query name           accession   qlen   E-value  score  bias   #  of  c-Evalue  i-Evalue  score  bias  from    to  from    to  from    to  acc description of target
#   ------------------- ---------- ----- -------------------- ---------- ----- --------- ------ ----- --- --- --------- --------- ------ ----- ----- ----- ----- ----- ----- ----- ---- ---------------------
augustus_predicted_2000 -            642 464990at2759         -            394   3.2e-83  277.7  20.8   1   6      0.14        42    0.7   0.0     2    51     6    57     5    65 0.74 -
augustus_predicted_2000 -            642 464990at2759         -            394   3.2e-83  277.7  20.8   2   6   0.00045      0.14    8.9   0.1    22    53    66   107    46   163 0.72 -
augustus_predicted_2000 -            642 464990at2759         -            394   3.2e-83  277.7  20.8   3   6   1.1e-74   3.3e-72  241.4   0.2    85   305   182   434   123   440 0.82 -
augustus_predicted_2000 -            642 464990at2759         -            394   3.2e-83  277.7  20.8   4   6      0.11        33    1.1   0.0   303   318   501   516   498   521 0.85 -
augustus_predicted_2000 -            642 464990at2759         -            394   3.2e-83  277.7  20.8   5   6      0.71   2.1e+02   -1.6   0.1   326   346   543   563   525   570 0.61 -
augustus_predicted_2000 -            642 464990at2759         -            394   3.2e-83  277.7  20.8   6   6   2.3e-10     7e-08   29.6   9.0   329   393   571   637   542   638 0.75 -
augustus_predicted_1425 -            724 464990at2759         -            394   2.5e-10   37.7   4.6   1   5     0.027       8.1    3.1   0.0    29    51   194   217   177   257 0.64 -
augustus_predicted_1425 -            724 464990at2759         -            394   2.5e-10   37.7   4.6   2   5      0.11        34    1.0   0.0    32    68   236   272   213   286 0.81 -
augustus_predicted_1425 -            724 464990at2759         -            394   2.5e-10   37.7   4.6   3   5     0.056        17    2.0   0.0    67    91   300   324   270   329 0.80 -
augustus_predicted_1425 -            724 464990at2759         -            394   2.5e-10   37.7   4.6   4   5    0.0001      0.03   11.1   0.0   100   239   364   529   359   546 0.71 -
augustus_predicted_1425 -            724 464990at2759         -            394   2.5e-10   37.7   4.6   5   5   2.3e-06   0.00069   16.5   0.2   245   304   562   625   556   693 0.76 -
augustus_predicted_4249 -            515 464990at2759         -            394   1.2e-06   25.5   0.2   1   2    0.0011      0.35    7.6   0.0   204   288   170   267   149   276 0.63 -
augustus_predicted_4249 -            515 464990at2759         -            394   1.2e-06   25.5   0.2   2   2   1.3e-05    0.0039   14.0   0.0   219   271   404   464   393   499 0.70 -
augustus_predicted_4239 -            923 464990at2759         -            394     4e-06   23.8   1.2   1   7      0.25        75   -0.1   0.0   225   268    63   113    30   118 0.48 -
augustus_predicted_4239 -            923 464990at2759         -            394     4e-06   23.8   1.2   2   7     0.062        19    1.9   0.1   251   268   146   163    77   180 0.56 -
augustus_predicted_4239 -            923 464990at2759         -            394     4e-06   23.8   1.2   3   7       0.6   1.8e+02   -1.4   0.0   217   249   260   292   250   298 0.83 -
augustus_predicted_4239 -            923 464990at2759         -            394     4e-06   23.8   1.2   4   7      0.52   1.6e+02   -1.2   0.0   212   235   297   320   265   336 0.68 -
augustus_predicted_4239 -            923 464990at2759         -            394     4e-06   23.8   1.2   5   7    0.0013      0.39    7.4   0.0   219   247   347   375   340   378 0.92 -
augustus_predicted_4239 -            923 464990at2759         -            394     4e-06   23.8   1.2   6   7     0.061        19    1.9   0.0   209   248   379   418   376   426 0.89 -
augustus_predicted_4239 -            923 464990at2759         -            394     4e-06   23.8   1.2   7   7     0.033        10    2.8   0.0     9    54   455   503   450   548 0.85 -
augustus_predicted_4515 -            574 464990at2759         -            394   0.00011   19.2   0.1   1   3     0.014       4.2    4.0   0.0   224   269    20    73    15    76 0.47 -
augustus_predicted_4515 -            574 464990at2759         -            394   0.00011   19.2   0.1   2   3    0.0091       2.8    4.6   0.0   217   248    96   127    89   140 0.84 -
augustus_predicted_4515 -            574 464990at2759         -            394   0.00011   19.2   0.1   3   3    0.0074       2.2    4.9   0.0   216   246   188   218   179   229 0.91 -
augustus_predicted_3950 -            319 464990at2759         -            394     0.001   15.9   0.9   1   4      0.45   1.4e+02   -1.0   0.0    41    57    82    98    67   116 0.78 -
augustus_predicted_3950 -            319 464990at2759         -            394     0.001   15.9   0.9   2   4      0.23        69   -0.0   0.0   278   303   128   153   126   158 0.85 -
augustus_predicted_3950 -            319 464990at2759         -            394     0.001   15.9   0.9   3   4   0.00024     0.073    9.8   0.0   218   256   197   235   183   271 0.75 -
augustus_predicted_3950 -            319 464990at2759         -            394     0.001   15.9   0.9   4   4      0.11        32    1.1   0.0   248   285   283   314   277   318 0.74 -
augustus_predicted_1781 -            397 464990at2759         -            394    0.0011   15.8   0.1   1   2      0.77   2.3e+02   -1.7   0.0   221   235   237   251   220   263 0.63 -
augustus_predicted_1781 -            397 464990at2759         -            394    0.0011   15.8   0.1   2   2   1.5e-05    0.0046   13.7   0.0   222   251   296   325   285   337 0.84 -
augustus_predicted_3761 -            468 464990at2759         -            394    0.0014   15.5   0.1   1   3    0.0002     0.059   10.1   0.0   217   256    71   110    66   117 0.89 -
augustus_predicted_3761 -            468 464990at2759         -            394    0.0014   15.5   0.1   2   3     0.053        16    2.1   0.0   179   207   148   174   142   224 0.69 -
augustus_predicted_3761 -            468 464990at2759         -            394    0.0014   15.5   0.1   3   3       1.5   4.6e+02   -2.7   0.0   255   271   377   393   370   394 0.71 -
augustus_predicted_2372 -            347 464990at2759         -            394    0.0017   15.2   0.1   1   3   0.00065      0.19    8.4   0.0    31    90    23    92    11   109 0.67 -
augustus_predicted_2372 -            347 464990at2759         -            394    0.0017   15.2   0.1   2   3      0.31        94   -0.4   0.0   224   252    69    97    63   187 0.64 -
augustus_predicted_2372 -            347 464990at2759         -            394    0.0017   15.2   0.1   3   3     0.018       5.6    3.6   0.0   219   248   253   282   249   291 0.91 -
augustus_predicted_5156 -            426 464990at2759         -            394    0.0069   13.2   0.0   1   2   0.00024     0.073    9.8   0.0   221   270    30    91    18   102 0.78 -
augustus_predicted_5156 -            426 464990at2759         -            394    0.0069   13.2   0.0   2   2    0.0059       1.8    5.2   0.0   219   249    74   104    61   116 0.76 -
augustus_predicted_4755 -            465 464990at2759         -            394    0.0093   12.7   0.2   1   3   0.00059      0.18    8.5   0.2   222   267    98   151    93   171 0.76 -
augustus_predicted_4755 -            465 464990at2759         -            394    0.0093   12.7   0.2   2   3      0.36   1.1e+02   -0.7   0.0     9    59   159   212   150   223 0.65 -
augustus_predicted_4755 -            465 464990at2759         -            394    0.0093   12.7   0.2   3   3      0.33        99   -0.5   0.0   222   247   355   380   339   387 0.86 -
augustus_predicted_4455 -            535 464990at2759         -            394    0.0099   12.7   0.8   1   3     0.041        12    2.5   0.0   252   279   221   248   214   256 0.73 -
augustus_predicted_4455 -            535 464990at2759         -            394    0.0099   12.7   0.8   2   3      0.12        37    0.9   0.0    57    99   397   439   358   449 0.66 -
augustus_predicted_4455 -            535 464990at2759         -            394    0.0099   12.7   0.8   3   3     0.029       8.7    3.0   0.0   226   254   451   479   444   483 0.86 -
augustus_predicted_3519 -            465 464990at2759         -            394     0.012   12.3   0.2   1   4       1.2   3.5e+02   -2.3   0.0   164   190   205   232   202   236 0.79 -
augustus_predicted_3519 -            465 464990at2759         -            394     0.012   12.3   0.2   2   4      0.89   2.7e+02   -1.9   0.0   221   249   269   297   264   299 0.86 -
augustus_predicted_3519 -            465 464990at2759         -            394     0.012   12.3   0.2   3   4   0.00043      0.13    9.0   0.0   193   249   322   381   310   388 0.78 -
augustus_predicted_3519 -            465 464990at2759         -            394     0.012   12.3   0.2   4   4      0.75   2.3e+02   -1.7   0.1     9    52   419   465   415   465 0.72 -
augustus_predicted_4363 -            840 464990at2759         -            394     0.016   12.0   0.0   1   5      0.69   2.1e+02   -1.6   0.0   225   248    25    48    19    50 0.85 -
augustus_predicted_4363 -            840 464990at2759         -            394     0.016   12.0   0.0   2   5     0.053        16    2.1   0.0    29    77    82   135    70   143 0.72 -
augustus_predicted_4363 -            840 464990at2759         -            394     0.016   12.0   0.0   3   5      0.69   2.1e+02   -1.6   0.0   222   250   142   170   134   188 0.88 -
augustus_predicted_4363 -            840 464990at2759         -            394     0.016   12.0   0.0   4   5      0.67     2e+02   -1.5   0.0   258   268   239   249   228   256 0.75 -
augustus_predicted_4363 -            840 464990at2759         -            394     0.016   12.0   0.0   5   5     0.013       3.8    4.1   0.0   212   249   351   388   348   397 0.87 -
augustus_predicted_2351 -            554 464990at2759         -            394      0.55    6.9   0.0   1   4       1.2   3.6e+02   -2.3   5.1   316   359     9    51     3    85 0.59 -
augustus_predicted_2351 -            554 464990at2759         -            394      0.55    6.9   0.0   2   4      0.24        73   -0.1   0.0   222   250   115   143    99   169 0.85 -
augustus_predicted_2351 -            554 464990at2759         -            394      0.55    6.9   0.0   3   4    0.0018      0.55    6.9   0.0   217   254   274   311   267   322 0.91 -
augustus_predicted_2351 -            554 464990at2759         -            394      0.55    6.9   0.0   4   4       5.7   1.7e+03   -4.6   2.1   320   348   502   530   465   543 0.56 -
augustus_predicted_4531 -            798 464990at2759         -            394      0.86    6.3   8.2   1   3      0.05        15    2.2   0.0     6    53   546   596   539   601 0.72 -
augustus_predicted_4531 -            798 464990at2759         -            394      0.86    6.3   8.2   2   3      0.28        86   -0.3   0.0   213   247   605   639   565   672 0.55 -
augustus_predicted_4531 -            798 464990at2759         -            394      0.86    6.3   8.2   3   3    0.0021      0.64    6.7   0.0   219   252   696   729   683   733 0.83 -
augustus_predicted_4415 -            344 464990at2759         -            394       7.4    3.2  12.1   1   1     0.042        13    2.4  12.1   319   359   294   334   278   342 0.77 -
#
# Program:         hmmsearch
# Version:         3.1b2 (February 2015)
# Pipeline mode:   SEARCH
# Query file:      ../../stats/eukaryota_odb10/hmms/464990at2759.hmm
# Target file:     /home/centos/br/bin/Brownotate-1.2.0/runs/584a0dab-d3a4-4320-afed-b310965cc1e7/annotation/augustus_annotation.faa
# Option settings: hmmsearch --domtblout /home/centos/br/bin/Brownotate-1.2.0/runs/584a0dab-d3a4-4320-afed-b310965cc1e7/busco_annotation/run_eukaryota_odb10/hmmer_output/initial_run_results/464990at2759.out --cpu 1 ../../stats/eukaryota_odb10/hmms/464990at2759.hmm /home/centos/br/bin/Brownotate-1.2.0/runs/584a0dab-d3a4-4320-afed-b310965cc1e7/annotation/augustus_annotation.faa 
# Current dir:     /home/centos/br/bin/Brownotate-1.2.0/runs/584a0dab-d3a4-4320-afed-b310965cc1e7
# Date:            Thu Aug 22 20:16:24 2024
# [ok]
