#                                                                               --- full sequence --- -------------- this domain -------------   hmm coord   ali coord   env coord
# target name           accession   tlen query name           accession   qlen   E-value  score  bias   #  of  c-Evalue  i-Evalue  score  bias  from    to  from    to  from    to  acc description of target
#   ------------------- ---------- ----- -------------------- ---------- ----- --------- ------ ----- --- --- --------- --------- ------ ----- ----- ----- ----- ----- ----- ----- ---- ---------------------
augustus_predicted_3928 -            513 621827at2759         -            349   4.8e-76  254.2   0.8   1   3   3.3e-66   2.2e-64  215.9   0.2     1   260    21   337    21   352 0.83 -
augustus_predicted_3928 -            513 621827at2759         -            349   4.8e-76  254.2   0.8   2   3   1.1e-11   7.8e-10   36.5   0.0   253   330   381   471   374   487 0.86 -
augustus_predicted_3928 -            513 621827at2759         -            349   4.8e-76  254.2   0.8   3   3       7.6   5.2e+02   -2.4   0.0   327   348   488   512   475   513 0.67 -
augustus_predicted_3655 -            640 621827at2759         -            349   6.6e-44  148.6  22.4   1   5   4.6e-07   3.2e-05   21.3   0.0   110   145   294   329   284   332 0.91 -
augustus_predicted_3655 -            640 621827at2759         -            349   6.6e-44  148.6  22.4   2   5   3.5e-12   2.4e-10   38.2   0.4    77   145   296   369   294   390 0.88 -
augustus_predicted_3655 -            640 621827at2759         -            349   6.6e-44  148.6  22.4   3   5   2.8e-15   1.9e-13   48.4   1.7    70   147   329   411   328   417 0.91 -
augustus_predicted_3655 -            640 621827at2759         -            349   6.6e-44  148.6  22.4   4   5   7.2e-15   4.9e-13   47.0   2.5    77   153   376   458   372   484 0.78 -
augustus_predicted_3655 -            640 621827at2759         -            349   6.6e-44  148.6  22.4   5   5   7.1e-12   4.8e-10   37.2   0.0    91   147   524   581   516   590 0.92 -
augustus_predicted_4249 -            515 621827at2759         -            349   3.5e-37  126.5  13.1   1   4   2.4e-11   1.7e-09   35.4   0.0    87   147   154   217   146   222 0.88 -
augustus_predicted_4249 -            515 621827at2759         -            349   3.5e-37  126.5  13.1   2   4   5.3e-11   3.6e-09   34.3   0.3    92   147   251   308   245   343 0.90 -
augustus_predicted_4249 -            515 621827at2759         -            349   3.5e-37  126.5  13.1   3   4   2.8e-09   1.9e-07   28.6   0.1    89   147   371   433   362   447 0.85 -
augustus_predicted_4249 -            515 621827at2759         -            349   3.5e-37  126.5  13.1   4   4     9e-11   6.2e-09   33.5   2.2    75   143   436   513   433   515 0.80 -
augustus_predicted_2612 -            943 621827at2759         -            349   3.8e-34  116.5  17.7   1   5   3.1e-08   2.1e-06   25.2   0.0    52   122    87   167    75   174 0.87 -
augustus_predicted_2612 -            943 621827at2759         -            349   3.8e-34  116.5  17.7   2   5   3.9e-11   2.7e-09   34.7   0.4    90   144   175   230   169   236 0.94 -
augustus_predicted_2612 -            943 621827at2759         -            349   3.8e-34  116.5  17.7   3   5   8.2e-08   5.6e-06   23.8   0.1    44   150   391   507   381   519 0.79 -
augustus_predicted_2612 -            943 621827at2759         -            349   3.8e-34  116.5  17.7   4   5    0.0002     0.014   12.7   0.1    45   128   532   625   519   628 0.80 -
augustus_predicted_2612 -            943 621827at2759         -            349   3.8e-34  116.5  17.7   5   5     3e-11   2.1e-09   35.1   2.2    49   145   578   686   575   699 0.85 -
augustus_predicted_754  -            714 621827at2759         -            349   2.9e-33  113.6   0.8   1   3   1.6e-06   0.00011   19.6   0.0    98   151   420   476   413   484 0.87 -
augustus_predicted_754  -            714 621827at2759         -            349   2.9e-33  113.6   0.8   2   3   6.4e-09   4.4e-07   27.5   0.0   106   150   490   534   482   552 0.89 -
augustus_predicted_754  -            714 621827at2759         -            349   2.9e-33  113.6   0.8   3   3   9.9e-20   6.8e-18   63.0   0.2    92   183   579   675   571   697 0.88 -
augustus_predicted_87   -           1201 621827at2759         -            349   7.4e-29   99.1   6.1   1   3   8.9e-10   6.1e-08   30.3   0.0    65   128    32   105     5   108 0.82 -
augustus_predicted_87   -           1201 621827at2759         -            349   7.4e-29   99.1   6.1   2   3   9.4e-13   6.4e-11   40.1   0.3    91   146   109   167   104   176 0.86 -
augustus_predicted_87   -           1201 621827at2759         -            349   7.4e-29   99.1   6.1   3   3   1.1e-09   7.8e-08   29.9   0.1    79   147   205   284   198   295 0.79 -
augustus_predicted_4260 -            713 621827at2759         -            349   8.8e-29   98.8   1.5   1   4      0.47        32    1.6   0.0    44    71   344   370   333   385 0.66 -
augustus_predicted_4260 -            713 621827at2759         -            349   8.8e-29   98.8   1.5   2   4   7.8e-19   5.4e-17   60.1   0.0    22   151   417   562   400   569 0.79 -
augustus_predicted_4260 -            713 621827at2759         -            349   8.8e-29   98.8   1.5   3   4   2.4e-05    0.0016   15.7   0.1   114   146   572   606   564   611 0.85 -
augustus_predicted_4260 -            713 621827at2759         -            349   8.8e-29   98.8   1.5   4   4   1.1e-05   0.00074   16.8   0.0    84   146   637   708   626   711 0.82 -
augustus_predicted_4675 -            779 621827at2759         -            349   1.5e-28   98.1  12.6   1   4   4.6e-12   3.1e-10   37.8   0.2    89   146   392   451   373   455 0.79 -
augustus_predicted_4675 -            779 621827at2759         -            349   1.5e-28   98.1  12.6   2   4   2.8e-12   1.9e-10   38.5   0.2    74   145   413   494   410   505 0.84 -
augustus_predicted_4675 -            779 621827at2759         -            349   1.5e-28   98.1  12.6   3   4     3e-11     2e-09   35.1   0.8    79   148   526   602   521   605 0.83 -
augustus_predicted_4675 -            779 621827at2759         -            349   1.5e-28   98.1  12.6   4   4   4.2e-06   0.00029   18.2   0.0   111   187   625   705   622   740 0.72 -
augustus_predicted_1845 -            889 621827at2759         -            349   6.1e-27   92.8   0.8   1   3   1.6e-07   1.1e-05   22.8   0.1    38   128     7   107     3   109 0.82 -
augustus_predicted_1845 -            889 621827at2759         -            349   6.1e-27   92.8   0.8   2   3   1.1e-11   7.6e-10   36.5   0.0    89   144   109   169   104   175 0.83 -
augustus_predicted_1845 -            889 621827at2759         -            349   6.1e-27   92.8   0.8   3   3   6.2e-10   4.3e-08   30.8   0.0    91   147   200   259   194   269 0.87 -
augustus_predicted_4239 -            923 621827at2759         -            349   1.3e-26   91.7  11.1   1   8    0.0002     0.014   12.7   0.0   159   242    20   112    18   130 0.78 -
augustus_predicted_4239 -            923 621827at2759         -            349   1.3e-26   91.7  11.1   2   8   1.8e-06   0.00013   19.4   0.9    89   144   158   219   145   223 0.84 -
augustus_predicted_4239 -            923 621827at2759         -            349   1.3e-26   91.7  11.1   3   8      0.11       7.8    3.6   0.0    41    89   257   308   244   356 0.84 -
augustus_predicted_4239 -            923 621827at2759         -            349   1.3e-26   91.7  11.1   4   8   1.1e-09   7.4e-08   30.0   0.2    92   145   360   416   357   425 0.88 -
augustus_predicted_4239 -            923 621827at2759         -            349   1.3e-26   91.7  11.1   5   8   8.8e-06   0.00061   17.1   0.1    97   144   451   501   441   513 0.83 -
augustus_predicted_4239 -            923 621827at2759         -            349   1.3e-26   91.7  11.1   6   8     0.043       2.9    5.0   0.0    49    77   520   548   514   555 0.86 -
augustus_predicted_4239 -            923 621827at2759         -            349   1.3e-26   91.7  11.1   7   8      0.59        41    1.3   0.0    48    73   581   606   567   618 0.80 -
augustus_predicted_4239 -            923 621827at2759         -            349   1.3e-26   91.7  11.1   8   8       5.1   3.5e+02   -1.8   0.0    10    38   675   707   672   714 0.49 -
augustus_predicted_1676 -            643 621827at2759         -            349   2.6e-26   90.7   0.6   1   4   4.3e-08   2.9e-06   24.7   0.0    96   151   339   398   333   409 0.80 -
augustus_predicted_1676 -            643 621827at2759         -            349   2.6e-26   90.7   0.6   2   4   6.6e-05    0.0045   14.3   0.0   107   147   413   453   406   462 0.88 -
augustus_predicted_1676 -            643 621827at2759         -            349   2.6e-26   90.7   0.6   3   4   5.2e-13   3.6e-11   40.9   0.1    92   152   502   563   498   568 0.89 -
augustus_predicted_1676 -            643 621827at2759         -            349   2.6e-26   90.7   0.6   4   4     0.027       1.9    5.7   0.0    54    74   576   596   569   607 0.87 -
augustus_predicted_4531 -            798 621827at2759         -            349   2.3e-25   87.6   4.1   1   4      0.37        25    1.9   0.0    39    73   461   495   455   500 0.84 -
augustus_predicted_4531 -            798 621827at2759         -            349   2.3e-25   87.6   4.1   2   4   4.4e-11     3e-09   34.6   0.5    78   163   520   619   516   621 0.72 -
augustus_predicted_4531 -            798 621827at2759         -            349   2.3e-25   87.6   4.1   3   4   2.3e-06   0.00016   19.1   0.0    74   129   600   662   597   664 0.81 -
augustus_predicted_4531 -            798 621827at2759         -            349   2.3e-25   87.6   4.1   4   4   9.2e-11   6.3e-09   33.5   0.0    77   149   645   727   643   732 0.79 -
augustus_predicted_3243 -            451 621827at2759         -            349   2.5e-24   84.2   8.1   1   3     2e-05    0.0014   16.0   0.1   109   146   130   170   124   185 0.77 -
augustus_predicted_3243 -            451 621827at2759         -            349   2.5e-24   84.2   8.1   2   3   2.2e-20   1.5e-18   65.1   3.5    89   210   194   329   177   387 0.71 -
augustus_predicted_3243 -            451 621827at2759         -            349   2.5e-24   84.2   8.1   3   3      0.94        64    0.6   0.0   121   146   402   429   372   438 0.67 -
augustus_predicted_5015 -            303 621827at2759         -            349   2.8e-24   84.0   8.8   1   3     3e-08     2e-06   25.3   0.1   129   203     3    88     1    90 0.80 -
augustus_predicted_5015 -            303 621827at2759         -            349   2.8e-24   84.0   8.8   2   3   4.8e-12   3.3e-10   37.7   0.0   101   188    55   152    55   155 0.80 -
augustus_predicted_5015 -            303 621827at2759         -            349   2.8e-24   84.0   8.8   3   3   1.3e-09   8.6e-08   29.8   4.4    47   147   162   281   152   288 0.76 -
augustus_predicted_2690 -            817 621827at2759         -            349   3.7e-23   80.3   9.6   1   6     0.056       3.9    4.6   0.1   192   252    63   128    24   141 0.71 -
augustus_predicted_2690 -            817 621827at2759         -            349   3.7e-23   80.3   9.6   2   6   8.3e-08   5.7e-06   23.8   0.1    56   196   114   288    79   302 0.71 -
augustus_predicted_2690 -            817 621827at2759         -            349   3.7e-23   80.3   9.6   3   6      0.49        33    1.5   0.1    91   143   402   466   393   466 0.67 -
augustus_predicted_2690 -            817 621827at2759         -            349   3.7e-23   80.3   9.6   4   6   7.6e-09   5.2e-07   27.2   0.3    90   181   452   562   446   564 0.73 -
augustus_predicted_2690 -            817 621827at2759         -            349   3.7e-23   80.3   9.6   5   6   9.4e-11   6.4e-09   33.5   0.1    57   144   546   645   540   657 0.83 -
augustus_predicted_2690 -            817 621827at2759         -            349   3.7e-23   80.3   9.6   6   6       1.3        88    0.1   0.1   288   346   720   781   716   784 0.73 -
augustus_predicted_2336 -            348 621827at2759         -            349   3.8e-23   80.3   7.6   1   4   5.7e-05    0.0039   14.5   0.0   112   145    17    51     4    64 0.81 -
augustus_predicted_2336 -            348 621827at2759         -            349   3.8e-23   80.3   7.6   2   4    0.0042      0.29    8.3   0.0    88   112    80   104    57   113 0.81 -
augustus_predicted_2336 -            348 621827at2759         -            349   3.8e-23   80.3   7.6   3   4   9.1e-11   6.2e-09   33.5   1.3    78   148   129   206   125   209 0.83 -
augustus_predicted_2336 -            348 621827at2759         -            349   3.8e-23   80.3   7.6   4   4   6.2e-08   4.2e-06   24.2   0.0   113   185   231   307   226   315 0.61 -
augustus_predicted_3950 -            319 621827at2759         -            349   4.7e-23   80.0   2.4   1   4      0.12       8.3    3.5   0.0   182   213     9    42     5    52 0.80 -
augustus_predicted_3950 -            319 621827at2759         -            349   4.7e-23   80.0   2.4   2   4   3.1e-12   2.1e-10   38.4   1.5    76   146    58   137    54   163 0.78 -
augustus_predicted_3950 -            319 621827at2759         -            349   4.7e-23   80.0   2.4   3   4   1.4e-08   9.4e-07   26.4   0.0    92   180   169   264   151   270 0.85 -
augustus_predicted_3950 -            319 621827at2759         -            349   4.7e-23   80.0   2.4   4   4      0.01      0.71    7.0   0.0    46    74   288   316   281   318 0.88 -
augustus_predicted_1349 -            460 621827at2759         -            349   2.9e-21   74.1   6.0   1   4     2e-12   1.4e-10   39.0   0.2    90   213   116   231   110   232 0.86 -
augustus_predicted_1349 -            460 621827at2759         -            349   2.9e-21   74.1   6.0   2   4     0.002      0.13    9.4   0.1   110   160   200   251   187   271 0.70 -
augustus_predicted_1349 -            460 621827at2759         -            349   2.9e-21   74.1   6.0   3   4   0.00054     0.037   11.3   0.1    75   148   279   361   270   368 0.73 -
augustus_predicted_1349 -            460 621827at2759         -            349   2.9e-21   74.1   6.0   4   4   1.3e-06   9.2e-05   19.8   0.0   110   149   367   409   362   418 0.83 -
augustus_predicted_1346 -            494 621827at2759         -            349   2.7e-18   64.3   7.6   1   4       3.2   2.2e+02   -1.2   0.0   184   198   192   206   152   216 0.68 -
augustus_predicted_1346 -            494 621827at2759         -            349   2.7e-18   64.3   7.6   2   4   2.7e-11   1.9e-09   35.3   1.6    75   142   245   321   209   347 0.77 -
augustus_predicted_1346 -            494 621827at2759         -            349   2.7e-18   64.3   7.6   3   4    0.0052      0.36    8.0   0.0    87   109   368   390   357   397 0.83 -
augustus_predicted_1346 -            494 621827at2759         -            349   2.7e-18   64.3   7.6   4   4     3e-07   2.1e-05   21.9   0.1    88   126   426   466   406   492 0.71 -
augustus_predicted_3519 -            465 621827at2759         -            349   4.1e-18   63.7   3.1   1   3      0.33        23    2.1   0.0   225   254   174   203   135   221 0.75 -
augustus_predicted_3519 -            465 621827at2759         -            349   4.1e-18   63.7   3.1   2   3   1.1e-14   7.9e-13   46.4   0.1    89   213   277   419   224   423 0.78 -
augustus_predicted_3519 -            465 621827at2759         -            349   4.1e-18   63.7   3.1   3   3     5e-06   0.00034   18.0   0.3    92   144   410   465   385   465 0.85 -
augustus_predicted_1462 -            715 621827at2759         -            349   4.4e-16   57.1  11.7   1   4     0.037       2.5    5.2   0.5   112   144     7    40     3    79 0.81 -
augustus_predicted_1462 -            715 621827at2759         -            349   4.4e-16   57.1  11.7   2   4   5.8e-05     0.004   14.4   0.0   111   144    92   125    81   131 0.91 -
augustus_predicted_1462 -            715 621827at2759         -            349   4.4e-16   57.1  11.7   3   4   1.1e-06   7.8e-05   20.1   0.6    80   146   134   208   126   210 0.74 -
augustus_predicted_1462 -            715 621827at2759         -            349   4.4e-16   57.1  11.7   4   4   3.8e-10   2.6e-08   31.5   0.6    91   183   192   291   179   317 0.63 -
augustus_predicted_4755 -            465 621827at2759         -            349   9.4e-16   56.0   4.3   1   3     8e-05    0.0055   14.0   0.2    42   129    91   188    83   190 0.82 -
augustus_predicted_4755 -            465 621827at2759         -            349   9.4e-16   56.0   4.3   2   3   3.1e-13   2.1e-11   41.6   1.7    41   147   131   250   123   263 0.83 -
augustus_predicted_4755 -            465 621827at2759         -            349   9.4e-16   56.0   4.3   3   3   0.00037     0.025   11.8   0.1    90   172   275   369   257   381 0.67 -
augustus_predicted_435  -            330 621827at2759         -            349     2e-15   54.9  10.0   1   5    0.0023      0.16    9.2   0.0   112   143     8    39     3    44 0.86 -
augustus_predicted_435  -            330 621827at2759         -            349     2e-15   54.9  10.0   2   5   0.00021     0.015   12.6   0.1   101   145    41    87    39    92 0.81 -
augustus_predicted_435  -            330 621827at2759         -            349     2e-15   54.9  10.0   3   5   1.9e-08   1.3e-06   25.9   0.5    68   143    92   180    86   185 0.79 -
augustus_predicted_435  -            330 621827at2759         -            349     2e-15   54.9  10.0   4   5    0.0029       0.2    8.8   0.3   112   143   191   226   181   231 0.53 -
augustus_predicted_435  -            330 621827at2759         -            349     2e-15   54.9  10.0   5   5      0.41        28    1.8   0.0    89   108   309   328   263   330 0.62 -
augustus_predicted_3936 -            834 621827at2759         -            349     8e-15   52.9   4.3   1   3    0.0003      0.02   12.1   0.0    41    73   170   202   156   204 0.85 -
augustus_predicted_3936 -            834 621827at2759         -            349     8e-15   52.9   4.3   2   3     3e-12     2e-10   38.4   0.3    70   153   265   359   262   388 0.80 -
augustus_predicted_3936 -            834 621827at2759         -            349     8e-15   52.9   4.3   3   3         1        71    0.5   0.1    94   112   446   464   433   511 0.56 -
augustus_predicted_1625 -            414 621827at2759         -            349   9.7e-15   52.6   3.3   1   4     1e-06   7.1e-05   20.2   0.0   111   147    45    81    43   105 0.92 -
augustus_predicted_1625 -            414 621827at2759         -            349   9.7e-15   52.6   3.3   2   4   1.8e-08   1.2e-06   26.0   0.6    87   151   117   181   109   206 0.82 -
augustus_predicted_1625 -            414 621827at2759         -            349   9.7e-15   52.6   3.3   3   4       5.6   3.8e+02   -2.0   0.0    24    47   209   232   204   236 0.86 -
augustus_predicted_1625 -            414 621827at2759         -            349   9.7e-15   52.6   3.3   4   4     0.071       4.8    4.3   0.0    89   124   314   349   299   356 0.77 -
augustus_predicted_2372 -            347 621827at2759         -            349   1.3e-14   52.3   0.0   1   3     0.022       1.5    6.0   0.1   130   146    33    49     9    53 0.70 -
augustus_predicted_2372 -            347 621827at2759         -            349   1.3e-14   52.3   0.0   2   3   6.9e-12   4.7e-10   37.2   0.0    92   183    77   177    56   195 0.81 -
augustus_predicted_2372 -            347 621827at2759         -            349   1.3e-14   52.3   0.0   3   3      0.05       3.4    4.8   0.0   155   182   253   281   249   287 0.85 -
augustus_predicted_4515 -            574 621827at2759         -            349   2.5e-14   51.3   0.2   1   2   2.5e-15   1.7e-13   48.5   0.2    24   185    28   222    14   225 0.74 -
augustus_predicted_4515 -            574 621827at2759         -            349   2.5e-14   51.3   0.2   2   2       0.4        28    1.8   0.0   131   158   204   234   192   243 0.64 -
augustus_predicted_513  -            455 621827at2759         -            349   3.2e-14   50.9   0.1   1   3   7.8e-11   5.3e-09   33.8   0.0    90   147   176   237   153   245 0.85 -
augustus_predicted_513  -            455 621827at2759         -            349   3.2e-14   50.9   0.1   2   3   0.00034     0.023   11.9   0.0    83   149   255   326   250   363 0.80 -
augustus_predicted_513  -            455 621827at2759         -            349   3.2e-14   50.9   0.1   3   3      0.54        37    1.4   0.0    49    83   388   422   372   427 0.84 -
augustus_predicted_4455 -            535 621827at2759         -            349     4e-14   50.6   1.4   1   3       1.7   1.2e+02   -0.2   0.0   294   327    24    56    16    77 0.71 -
augustus_predicted_4455 -            535 621827at2759         -            349     4e-14   50.6   1.4   2   3   4.6e-05    0.0032   14.8   0.0    42   112   218   296   212   303 0.83 -
augustus_predicted_4455 -            535 621827at2759         -            349     4e-14   50.6   1.4   3   3   3.2e-10   2.2e-08   31.7   0.2    81   182   357   472   324   480 0.73 -
augustus_predicted_2492 -            489 621827at2759         -            349   9.4e-14   49.4  11.9   1   5     0.031       2.1    5.5   0.0    92   127    83   119    72   124 0.81 -
augustus_predicted_2492 -            489 621827at2759         -            349   9.4e-14   49.4  11.9   2   5   6.9e-06   0.00047   17.5   0.3    80   120   124   165   121   170 0.78 -
augustus_predicted_2492 -            489 621827at2759         -            349   9.4e-14   49.4  11.9   3   5     0.014      0.97    6.6   0.0    99   148   199   252   165   264 0.71 -
augustus_predicted_2492 -            489 621827at2759         -            349   9.4e-14   49.4  11.9   4   5   1.4e-05   0.00097   16.5   0.4    85   146   271   335   258   344 0.81 -
augustus_predicted_2492 -            489 621827at2759         -            349   9.4e-14   49.4  11.9   5   5    0.0056      0.38    7.9   0.1    89   105   360   376   341   393 0.76 -
augustus_predicted_1540 -            852 621827at2759         -            349   3.7e-13   47.4   1.1   1   4   0.00028     0.019   12.2   0.0    41    73   170   202   164   218 0.91 -
augustus_predicted_1540 -            852 621827at2759         -            349   3.7e-13   47.4   1.1   2   4   7.7e-09   5.3e-07   27.2   0.1    84   152   286   360   266   388 0.76 -
augustus_predicted_1540 -            852 621827at2759         -            349   3.7e-13   47.4   1.1   3   4         1        69    0.5   0.0    60   107   448   508   440   517 0.56 -
augustus_predicted_1540 -            852 621827at2759         -            349   3.7e-13   47.4   1.1   4   4      0.49        33    1.5   0.0    56    80   664   688   656   692 0.87 -
augustus_predicted_2127 -            788 621827at2759         -            349     1e-12   46.0   3.5   1   5   1.2e-07   8.1e-06   23.3   0.3    85   171    22   112    15   134 0.73 -
augustus_predicted_2127 -            788 621827at2759         -            349     1e-12   46.0   3.5   2   5      0.48        33    1.6   0.0   223   258   101   134    93   146 0.64 -
augustus_predicted_2127 -            788 621827at2759         -            349     1e-12   46.0   3.5   3   5    0.0012      0.08   10.2   0.0   111   148   195   238   172   303 0.87 -
augustus_predicted_2127 -            788 621827at2759         -            349     1e-12   46.0   3.5   4   5       1.5   1.1e+02   -0.1   0.0    86   109   448   470   444   477 0.81 -
augustus_predicted_2127 -            788 621827at2759         -            349     1e-12   46.0   3.5   5   5    0.0063      0.43    7.7   0.1    90   144   619   683   603   726 0.80 -
augustus_predicted_1297 -            423 621827at2759         -            349   2.1e-12   45.0   2.3   1   3     0.049       3.4    4.8   0.0   128   249   104   158    53   180 0.51 -
augustus_predicted_1297 -            423 621827at2759         -            349   2.1e-12   45.0   2.3   2   3   3.1e-07   2.2e-05   21.9   0.2    90   181   193   299   170   301 0.78 -
augustus_predicted_1297 -            423 621827at2759         -            349   2.1e-12   45.0   2.3   3   3   9.3e-05    0.0063   13.8   0.0    93   143   365   418   359   421 0.84 -
augustus_predicted_3977 -            347 621827at2759         -            349   2.8e-12   44.5   0.9   1   4   1.5e-10     1e-08   32.8   0.1    79   174     6   114     2   131 0.78 -
augustus_predicted_3977 -            347 621827at2759         -            349   2.8e-12   44.5   0.9   2   4     0.014      0.95    6.6   0.2    45    75   154   184   115   237 0.68 -
augustus_predicted_3977 -            347 621827at2759         -            349   2.8e-12   44.5   0.9   3   4     0.012      0.79    6.9   0.1    47   129   156   207   144   266 0.56 -
augustus_predicted_3977 -            347 621827at2759         -            349   2.8e-12   44.5   0.9   4   4      0.51        35    1.5   0.0   228   263   295   330   287   343 0.82 -
augustus_predicted_1954 -            566 621827at2759         -            349   3.4e-11   41.0   5.8   1   3     0.084       5.7    4.1   0.0   218   254   294   330   274   336 0.84 -
augustus_predicted_1954 -            566 621827at2759         -            349   3.4e-11   41.0   5.8   2   3     7e-06   0.00048   17.5   0.3   100   147   325   373   322   378 0.87 -
augustus_predicted_1954 -            566 621827at2759         -            349   3.4e-11   41.0   5.8   3   3   6.1e-08   4.2e-06   24.2   0.5    92   214   400   540   376   550 0.74 -
augustus_predicted_2855 -            651 621827at2759         -            349   7.2e-11   39.9   0.9   1   2    0.0017      0.12    9.6   0.1    81   118    79   121    68   124 0.68 -
augustus_predicted_2855 -            651 621827at2759         -            349   7.2e-11   39.9   0.9   2   2   2.5e-09   1.7e-07   28.8   0.1    74   156   131   222   128   262 0.74 -
augustus_predicted_329  -            370 621827at2759         -            349   9.5e-11   39.5   0.1   1   4   0.00044      0.03   11.6   0.0    95   157    74   144    61   158 0.74 -
augustus_predicted_329  -            370 621827at2759         -            349   9.5e-11   39.5   0.1   2   4   1.7e-05    0.0012   16.2   0.0    88   155   181   255   172   264 0.76 -
augustus_predicted_329  -            370 621827at2759         -            349   9.5e-11   39.5   0.1   3   4     0.015         1    6.5   0.1   121   143   281   306   266   311 0.73 -
augustus_predicted_329  -            370 621827at2759         -            349   9.5e-11   39.5   0.1   4   4       2.4   1.6e+02   -0.7   0.0   103   144   322   367   310   368 0.79 -
augustus_predicted_3927 -            615 621827at2759         -            349   5.2e-10   37.1   2.7   1   3   1.2e-08   8.3e-07   26.5   1.3    90   240   220   386   210   395 0.76 -
augustus_predicted_3927 -            615 621827at2759         -            349   5.2e-10   37.1   2.7   2   3   2.1e-05    0.0014   15.9   0.2    92   249   312   467   309   482 0.77 -
augustus_predicted_3927 -            615 621827at2759         -            349   5.2e-10   37.1   2.7   3   3     0.024       1.7    5.8   0.0   127   182   552   613   544   615 0.75 -
augustus_predicted_2223 -            401 621827at2759         -            349   1.3e-09   35.8   0.3   1   2   1.8e-05    0.0012   16.1   0.0    54   148   129   241   108   250 0.69 -
augustus_predicted_2223 -            401 621827at2759         -            349   1.3e-09   35.8   0.3   2   2   5.8e-06    0.0004   17.7   0.1    86   147   261   327   251   332 0.84 -
augustus_predicted_2677 -            297 621827at2759         -            349   1.5e-09   35.5   2.8   1   2   1.6e-07   1.1e-05   22.8   0.1    92   181    24   130    18   138 0.77 -
augustus_predicted_2677 -            297 621827at2759         -            349   1.5e-09   35.5   2.8   2   2   0.00039     0.026   11.7   0.6    82   143   164   234   156   282 0.76 -
augustus_predicted_3159 -            523 621827at2759         -            349   7.7e-08   29.9   0.6   1   2   2.4e-07   1.6e-05   22.3   0.4    89   149   256   321   245   340 0.86 -
augustus_predicted_3159 -            523 621827at2759         -            349   7.7e-08   29.9   0.6   2   2      0.03         2    5.5   0.0    90   109   408   427   367   435 0.80 -
augustus_predicted_3216 -           1013 621827at2759         -            349   1.1e-07   29.5   1.5   1   3   1.6e-09   1.1e-07   29.5   1.5    90   159   192   268   152   302 0.79 -
augustus_predicted_3216 -           1013 621827at2759         -            349   1.1e-07   29.5   1.5   2   3       1.6   1.1e+02   -0.2   0.0    91   144   679   738   670   744 0.79 -
augustus_predicted_3216 -           1013 621827at2759         -            349   1.1e-07   29.5   1.5   3   3      0.38        26    1.9   0.1   166   191   950   975   888   994 0.71 -
augustus_predicted_479  -            752 621827at2759         -            349   5.7e-07   27.1   2.2   1   3       3.3   2.3e+02   -1.2   0.0   228   250   119   141    89   147 0.79 -
augustus_predicted_479  -            752 621827at2759         -            349   5.7e-07   27.1   2.2   2   3   4.4e-05     0.003   14.9   0.2   128   214   174   281   137   295 0.74 -
augustus_predicted_479  -            752 621827at2759         -            349   5.7e-07   27.1   2.2   3   3    0.0018      0.12    9.5   0.1   158   209   357   409   305   445 0.78 -
augustus_predicted_1628 -            329 621827at2759         -            349     8e-07   26.6   0.0   1   2   2.2e-07   1.5e-05   22.4   0.0    47   147    30   144    12   172 0.74 -
augustus_predicted_1628 -            329 621827at2759         -            349     8e-07   26.6   0.0   2   2      0.57        39    1.3   0.0    49    73   255   279   247   284 0.89 -
augustus_predicted_1863 -            610 621827at2759         -            349   8.1e-07   26.6   0.4   1   1   3.7e-08   2.6e-06   24.9   0.3    40   184   296   462   271   482 0.74 -
augustus_predicted_2837 -            939 621827at2759         -            349   9.1e-07   26.4   4.8   1   3       3.1   2.1e+02   -1.1   0.0    39   248   243   271   193   295 0.70 -
augustus_predicted_2837 -            939 621827at2759         -            349   9.1e-07   26.4   4.8   2   3    0.0019      0.13    9.5   0.0   141   237   441   554   428   564 0.67 -
augustus_predicted_2837 -            939 621827at2759         -            349   9.1e-07   26.4   4.8   3   3   9.4e-06   0.00064   17.0   0.3    97   184   563   659   553   683 0.75 -
augustus_predicted_4363 -            840 621827at2759         -            349   1.7e-06   25.6   2.9   1   4    0.0098      0.67    7.1   0.0    47    79    20    53    11    59 0.80 -
augustus_predicted_4363 -            840 621827at2759         -            349   1.7e-06   25.6   2.9   2   4     0.025       1.7    5.8   0.0    90   112    92   114    70   124 0.75 -
augustus_predicted_4363 -            840 621827at2759         -            349   1.7e-06   25.6   2.9   3   4    0.0022      0.15    9.2   0.3    91   151   151   214   147   230 0.81 -
augustus_predicted_4363 -            840 621827at2759         -            349   1.7e-06   25.6   2.9   4   4         3   2.1e+02   -1.1   0.0   185   213   351   380   315   386 0.53 -
augustus_predicted_1877 -            349 621827at2759         -            349   4.5e-06   24.1   4.4   1   3   0.00031     0.021   12.1   2.7    90   144    22    85     7    88 0.76 -
augustus_predicted_1877 -            349 621827at2759         -            349   4.5e-06   24.1   4.4   2   3      0.17        12    3.0   0.0   114   145   208   245   200   254 0.72 -
augustus_predicted_1877 -            349 621827at2759         -            349   4.5e-06   24.1   4.4   3   3     0.013      0.92    6.7   0.0   110   152   296   340   277   345 0.59 -
augustus_predicted_2668 -            576 621827at2759         -            349     6e-06   23.7   1.6   1   3   6.7e-07   4.6e-05   20.8   0.8    90   148   300   364   276   401 0.74 -
augustus_predicted_2668 -            576 621827at2759         -            349     6e-06   23.7   1.6   2   3       2.6   1.8e+02   -0.8   0.0    91   143   391   451   382   462 0.64 -
augustus_predicted_2668 -            576 621827at2759         -            349     6e-06   23.7   1.6   3   3       6.3   4.3e+02   -2.1   0.0   132   147   493   508   476   522 0.61 -
augustus_predicted_1953 -            417 621827at2759         -            349     7e-06   23.5   0.2   1   2   6.7e-07   4.6e-05   20.8   0.1   126   214   104   203    88   217 0.58 -
augustus_predicted_1953 -            417 621827at2759         -            349     7e-06   23.5   0.2   2   2       1.4        98   -0.0   0.0    56    74   256   274   240   357 0.67 -
augustus_predicted_1313 -            437 621827at2759         -            349   1.9e-05   22.0   0.1   1   1   4.6e-07   3.2e-05   21.3   0.1    89   148   234   299   212   305 0.72 -
augustus_predicted_3893 -            807 621827at2759         -            349     4e-05   21.0   1.1   1   3    0.0011     0.078   10.2   0.0   114   146   433   467   427   477 0.74 -
augustus_predicted_3893 -            807 621827at2759         -            349     4e-05   21.0   1.1   2   3    0.0049      0.33    8.1   0.1    96   155   699   762   691   785 0.80 -
augustus_predicted_3893 -            807 621827at2759         -            349     4e-05   21.0   1.1   3   3       4.1   2.8e+02   -1.5   0.0    90   104   791   805   783   806 0.89 -
augustus_predicted_78   -            522 621827at2759         -            349     5e-05   20.7   0.0   1   3       4.7   3.2e+02   -1.7   0.0    57    73   200   216   184   218 0.89 -
augustus_predicted_78   -            522 621827at2759         -            349     5e-05   20.7   0.0   2   3   0.00093     0.064   10.5   0.0   128   149   346   367   340   370 0.87 -
augustus_predicted_78   -            522 621827at2759         -            349     5e-05   20.7   0.0   3   3     0.017       1.1    6.4   0.1   128   148   402   422   372   437 0.72 -
augustus_predicted_3965 -            511 621827at2759         -            349   6.2e-05   20.4   1.1   1   2   0.00075     0.051   10.8   0.2   126   173   332   386   316   405 0.63 -
augustus_predicted_3965 -            511 621827at2759         -            349   6.2e-05   20.4   1.1   2   2    0.0051      0.35    8.1   0.1    92   145   382   447   376   452 0.69 -
augustus_predicted_234  -            506 621827at2759         -            349   7.4e-05   20.1   0.4   1   5       3.7   2.5e+02   -1.4   0.0    44    71    57    84    45    96 0.61 -
augustus_predicted_234  -            506 621827at2759         -            349   7.4e-05   20.1   0.4   2   5   0.00031     0.021   12.1   0.2   128   149   208   229   152   288 0.78 -
augustus_predicted_234  -            506 621827at2759         -            349   7.4e-05   20.1   0.4   3   5      0.32        22    2.1   0.0   127   148   299   320   243   327 0.75 -
augustus_predicted_234  -            506 621827at2759         -            349   7.4e-05   20.1   0.4   4   5      0.28        19    2.3   0.0   128   148   300   320   269   386 0.77 -
augustus_predicted_234  -            506 621827at2759         -            349   7.4e-05   20.1   0.4   5   5       1.2        83    0.2   0.0    89   112   426   449   412   459 0.63 -
augustus_predicted_1312 -            467 621827at2759         -            349   7.8e-05   20.1   0.8   1   1   1.6e-06   0.00011   19.6   0.1    89   149   257   323   236   333 0.75 -
augustus_predicted_4607 -            878 621827at2759         -            349   8.1e-05   20.0   2.0   1   4     0.016       1.1    6.4   0.0    89   112    82   105    32   108 0.65 -
augustus_predicted_4607 -            878 621827at2759         -            349   8.1e-05   20.0   2.0   2   4       3.2   2.2e+02   -1.1   0.0   219   263   116   160   111   164 0.84 -
augustus_predicted_4607 -            878 621827at2759         -            349   8.1e-05   20.0   2.0   3   4    0.0048      0.33    8.1   0.2    85   150   245   319   235   393 0.61 -
augustus_predicted_4607 -            878 621827at2759         -            349   8.1e-05   20.0   2.0   4   4       1.6   1.1e+02   -0.1   0.0   131   148   383   400   374   406 0.75 -
augustus_predicted_318  -           1148 621827at2759         -            349   9.3e-05   19.8   2.5   1   1   5.6e-06   0.00038   17.8   2.5    90   214    83   227    74   243 0.75 -
augustus_predicted_4562 -            384 621827at2759         -            349   0.00011   19.5   0.1   1   2    0.0017      0.12    9.6   0.0   182   213    55    86    10   150 0.71 -
augustus_predicted_4562 -            384 621827at2759         -            349   0.00011   19.5   0.1   2   2    0.0071      0.49    7.6   0.0    38    72   146   181   121   192 0.86 -
augustus_predicted_4989 -            389 621827at2759         -            349   0.00051   17.4   2.0   1   3       0.9        62    0.7   0.1   129   148    73    91    37   104 0.72 -
augustus_predicted_4989 -            389 621827at2759         -            349   0.00051   17.4   2.0   2   3   0.00031     0.021   12.1   0.3   101   146   133   179   122   191 0.77 -
augustus_predicted_4989 -            389 621827at2759         -            349   0.00051   17.4   2.0   3   3      0.45        31    1.6   0.0    86   106   302   322   291   336 0.78 -
augustus_predicted_3484 -            573 621827at2759         -            349   0.00099   16.4   0.7   1   3     0.015         1    6.5   0.0   112   153   230   273   221   278 0.83 -
augustus_predicted_3484 -            573 621827at2759         -            349   0.00099   16.4   0.7   2   3     0.041       2.8    5.1   0.0    48   116   284   361   276   429 0.77 -
augustus_predicted_3484 -            573 621827at2759         -            349   0.00099   16.4   0.7   3   3      0.76        52    0.9   0.1   127   145   483   501   479   507 0.87 -
augustus_predicted_4868 -            555 621827at2759         -            349    0.0011   16.3   0.1   1   2      0.15        11    3.2   0.1   215   250   246   281   152   291 0.66 -
augustus_predicted_4868 -            555 621827at2759         -            349    0.0011   16.3   0.1   2   2    0.0052      0.36    8.0   0.0    45    82   345   385   339   396 0.80 -
augustus_predicted_1781 -            397 621827at2759         -            349    0.0012   16.2   0.6   1   3     0.015         1    6.5   0.0   115   147    13    45     6    50 0.84 -
augustus_predicted_1781 -            397 621827at2759         -            349    0.0012   16.2   0.6   2   3       2.8   1.9e+02   -1.0   0.0    58    81   199   222   183   232 0.75 -
augustus_predicted_1781 -            397 621827at2759         -            349    0.0012   16.2   0.6   3   3     0.023       1.5    5.9   0.1    92   121   306   336   287   345 0.76 -
augustus_predicted_4574 -            387 621827at2759         -            349    0.0013   16.1   0.4   1   2     6e-05    0.0041   14.4   0.0    90   148   213   281   183   286 0.76 -
augustus_predicted_4574 -            387 621827at2759         -            349    0.0013   16.1   0.4   2   2       8.8     6e+02   -2.6   0.1   115   143   356   385   348   385 0.84 -
augustus_predicted_4166 -            745 621827at2759         -            349    0.0017   15.7   0.1   1   4       9.9   6.8e+02   -2.8   0.0    31    74   311   358   303   382 0.66 -
augustus_predicted_4166 -            745 621827at2759         -            349    0.0017   15.7   0.1   2   4       5.1   3.5e+02   -1.8   0.0    39    74   366   401   340   405 0.71 -
augustus_predicted_4166 -            745 621827at2759         -            349    0.0017   15.7   0.1   3   4    0.0057      0.39    7.9   0.0    94   145   631   688   615   701 0.68 -
augustus_predicted_4166 -            745 621827at2759         -            349    0.0017   15.7   0.1   4   4      0.11       7.5    3.7   0.0   118   144   715   741   700   744 0.73 -
augustus_predicted_793  -            594 621827at2759         -            349    0.0017   15.6   0.0   1   3    0.0067      0.46    7.7   0.0   126   186   258   331   243   340 0.60 -
augustus_predicted_793  -            594 621827at2759         -            349    0.0017   15.6   0.0   2   3       1.4        94    0.1   0.0   233   256   474   497   456   533 0.68 -
augustus_predicted_793  -            594 621827at2759         -            349    0.0017   15.6   0.0   3   3      0.12       8.5    3.5   0.0    47    74   565   592   552   594 0.87 -
augustus_predicted_3761 -            468 621827at2759         -            349    0.0019   15.5   0.2   1   3      0.14       9.9    3.3   0.0    73   101    61    95     7   100 0.61 -
augustus_predicted_3761 -            468 621827at2759         -            349    0.0019   15.5   0.2   2   3     0.044         3    5.0   0.1    92   143   160   214   148   222 0.67 -
augustus_predicted_3761 -            468 621827at2759         -            349    0.0019   15.5   0.2   3   3       1.1        78    0.3   0.0   171   249   349   396   334   413 0.52 -
augustus_predicted_4528 -            422 621827at2759         -            349    0.0026   15.1   0.6   1   2      0.15        10    3.2   0.0   154   211   252   317   211   322 0.67 -
augustus_predicted_4528 -            422 621827at2759         -            349    0.0026   15.1   0.6   2   2   0.00094     0.065   10.5   0.1    92   181   312   414   266   421 0.64 -
augustus_predicted_1141 -            341 621827at2759         -            349    0.0033   14.7   0.2   1   2       1.5     1e+02   -0.0   0.0   216   249    46    80    20    85 0.81 -
augustus_predicted_1141 -            341 621827at2759         -            349    0.0033   14.7   0.2   2   2   0.00047     0.032   11.5   0.0    89   141   263   317   252   333 0.84 -
augustus_predicted_1801 -            526 621827at2759         -            349     0.004   14.4   0.1   1   4       7.3     5e+02   -2.3   0.0    48    75    29    56    22    62 0.81 -
augustus_predicted_1801 -            526 621827at2759         -            349     0.004   14.4   0.1   2   4     0.011      0.73    7.0   0.0    84   115    94   124    86   127 0.86 -
augustus_predicted_1801 -            526 621827at2759         -            349     0.004   14.4   0.1   3   4       7.3     5e+02   -2.3   0.0   155   181   186   212   176   222 0.79 -
augustus_predicted_1801 -            526 621827at2759         -            349     0.004   14.4   0.1   4   4      0.23        16    2.6   0.0   155   183   294   322   287   341 0.84 -
augustus_predicted_3253 -            460 621827at2759         -            349    0.0042   14.3   0.0   1   1   0.00013    0.0087   13.3   0.0    90   152   247   315   236   323 0.77 -
augustus_predicted_3704 -            431 621827at2759         -            349    0.0097   13.2   0.0   1   2    0.0019      0.13    9.5   0.0    96   145    43    94    41    98 0.88 -
augustus_predicted_3704 -            431 621827at2759         -            349    0.0097   13.2   0.0   2   2       1.5     1e+02   -0.0   0.0    44    70   109   135   102   140 0.85 -
augustus_predicted_2149 -            593 621827at2759         -            349     0.014   12.6   0.1   1   2       3.5   2.4e+02   -1.3   0.0    32    74   261   303   253   323 0.68 -
augustus_predicted_2149 -            593 621827at2759         -            349     0.014   12.6   0.1   2   2    0.0013     0.086   10.1   0.0    91   148   404   469   393   498 0.80 -
augustus_predicted_2078 -            707 621827at2759         -            349     0.018   12.3   0.9   1   2     0.069       4.8    4.3   0.1    43    99    55   111    45   128 0.75 -
augustus_predicted_2078 -            707 621827at2759         -            349     0.018   12.3   0.9   2   2     0.036       2.4    5.3   0.0    33    73   217   257   184   261 0.89 -
augustus_predicted_3095 -           1557 621827at2759         -            349     0.033   11.4   3.6   1   3       1.7   1.2e+02   -0.3   0.0   129   143  1269  1283  1214  1297 0.67 -
augustus_predicted_3095 -           1557 621827at2759         -            349     0.033   11.4   3.6   2   3    0.0039      0.27    8.4   0.1    92   147  1324  1384  1318  1399 0.77 -
augustus_predicted_3095 -           1557 621827at2759         -            349     0.033   11.4   3.6   3   3      0.86        59    0.7   0.2   132   148  1419  1435  1413  1508 0.53 -
#
# Program:         hmmsearch
# Version:         3.1b2 (February 2015)
# Pipeline mode:   SEARCH
# Query file:      ../../stats/eukaryota_odb10/hmms/621827at2759.hmm
# Target file:     /home/centos/br/bin/Brownotate-1.2.0/runs/584a0dab-d3a4-4320-afed-b310965cc1e7/annotation/augustus_annotation.faa
# Option settings: hmmsearch --domtblout /home/centos/br/bin/Brownotate-1.2.0/runs/584a0dab-d3a4-4320-afed-b310965cc1e7/busco_annotation/run_eukaryota_odb10/hmmer_output/initial_run_results/621827at2759.out --cpu 1 ../../stats/eukaryota_odb10/hmms/621827at2759.hmm /home/centos/br/bin/Brownotate-1.2.0/runs/584a0dab-d3a4-4320-afed-b310965cc1e7/annotation/augustus_annotation.faa 
# Current dir:     /home/centos/br/bin/Brownotate-1.2.0/runs/584a0dab-d3a4-4320-afed-b310965cc1e7
# Date:            Thu Aug 22 20:16:25 2024
# [ok]
