#                                                                               --- full sequence --- -------------- this domain -------------   hmm coord   ali coord   env coord
# target name           accession   tlen query name           accession   qlen   E-value  score  bias   #  of  c-Evalue  i-Evalue  score  bias  from    to  from    to  from    to  acc description of target
#   ------------------- ---------- ----- -------------------- ---------- ----- --------- ------ ----- --- --- --------- --------- ------ ----- ----- ----- ----- ----- ----- ----- ---- ---------------------
augustus_predicted_2173 -            479 655400at2759         -            301   2.9e-70  234.8   0.0   1   3   1.7e-06    0.0022   15.2   0.0    18    60    78   124    77   167 0.78 -
augustus_predicted_2173 -            479 655400at2759         -            301   2.9e-70  234.8   0.0   2   3   6.6e-35   8.5e-32  108.5   0.0    82   184   183   293   140   302 0.78 -
augustus_predicted_2173 -            479 655400at2759         -            301   2.9e-70  234.8   0.0   3   3   1.2e-34   1.6e-31  107.6   0.0   183   298   339   472   328   475 0.87 -
augustus_predicted_4289 -            460 655400at2759         -            301   3.2e-10   37.6   0.0   1   2     0.017        22    2.0   0.0    90   110   160   180   148   190 0.80 -
augustus_predicted_4289 -            460 655400at2759         -            301   3.2e-10   37.6   0.0   2   2   5.1e-12   6.6e-09   33.3   0.0   209   258   309   360   269   402 0.80 -
augustus_predicted_2106 -            496 655400at2759         -            301   0.00042   17.5   0.0   1   1   6.8e-07   0.00088   16.5   0.0   207   242   328   363   309   376 0.90 -
augustus_predicted_1845 -            889 655400at2759         -            301     0.038   11.1   0.0   1   2   0.00039       0.5    7.5   0.0   109   143   209   244   204   272 0.77 -
augustus_predicted_1845 -            889 655400at2759         -            301     0.038   11.1   0.0   2   2     0.036        47    1.0   0.0   152   217   314   379   308   385 0.85 -
#
# Program:         hmmsearch
# Version:         3.1b2 (February 2015)
# Pipeline mode:   SEARCH
# Query file:      ../../stats/eukaryota_odb10/hmms/655400at2759.hmm
# Target file:     /home/centos/br/bin/Brownotate-1.2.0/runs/584a0dab-d3a4-4320-afed-b310965cc1e7/annotation/augustus_annotation.faa
# Option settings: hmmsearch --domtblout /home/centos/br/bin/Brownotate-1.2.0/runs/584a0dab-d3a4-4320-afed-b310965cc1e7/busco_annotation/run_eukaryota_odb10/hmmer_output/initial_run_results/655400at2759.out --cpu 1 ../../stats/eukaryota_odb10/hmms/655400at2759.hmm /home/centos/br/bin/Brownotate-1.2.0/runs/584a0dab-d3a4-4320-afed-b310965cc1e7/annotation/augustus_annotation.faa 
# Current dir:     /home/centos/br/bin/Brownotate-1.2.0/runs/584a0dab-d3a4-4320-afed-b310965cc1e7
# Date:            Thu Aug 22 20:16:25 2024
# [ok]
