#                                                                               --- full sequence --- -------------- this domain -------------   hmm coord   ali coord   env coord
# target name           accession   tlen query name           accession   qlen   E-value  score  bias   #  of  c-Evalue  i-Evalue  score  bias  from    to  from    to  from    to  acc description of target
#   ------------------- ---------- ----- -------------------- ---------- ----- --------- ------ ----- --- --- --------- --------- ------ ----- ----- ----- ----- ----- ----- ----- ---- ---------------------
augustus_predicted_4365 -           3826 674160at2759         -           1184  1.7e-189  630.3  52.3   1  10   2.1e-05      0.11    8.3   0.0    27    60  1997  2032  1990  2050 0.81 -
augustus_predicted_4365 -           3826 674160at2759         -           1184  1.7e-189  630.3  52.3   2  10   4.5e-28   2.3e-24   83.4   0.2    72   171  2163  2270  2160  2309 0.87 -
augustus_predicted_4365 -           3826 674160at2759         -           1184  1.7e-189  630.3  52.3   3  10   1.9e-07   0.00099   15.1   0.0   222   260  2424  2462  2414  2479 0.87 -
augustus_predicted_4365 -           3826 674160at2759         -           1184  1.7e-189  630.3  52.3   4  10     0.034   1.8e+02   -2.3   0.0   143   179  2540  2577  2530  2586 0.85 -
augustus_predicted_4365 -           3826 674160at2759         -           1184  1.7e-189  630.3  52.3   5  10     1e-07   0.00052   16.0   0.3   319   391  2617  2698  2546  2708 0.73 -
augustus_predicted_4365 -           3826 674160at2759         -           1184  1.7e-189  630.3  52.3   6  10   6.3e-27   3.2e-23   79.6   0.5   396   516  2742  2886  2732  2892 0.82 -
augustus_predicted_4365 -           3826 674160at2759         -           1184  1.7e-189  630.3  52.3   7  10   2.9e-61   1.5e-57  193.3   2.5   527   728  2940  3159  2924  3163 0.91 -
augustus_predicted_4365 -           3826 674160at2759         -           1184  1.7e-189  630.3  52.3   8  10   5.3e-64   2.7e-60  202.4   6.1   731   998  3198  3495  3171  3501 0.83 -
augustus_predicted_4365 -           3826 674160at2759         -           1184  1.7e-189  630.3  52.3   9  10   1.9e-06    0.0098   11.8   0.1  1011  1042  3563  3594  3540  3708 0.67 -
augustus_predicted_4365 -           3826 674160at2759         -           1184  1.7e-189  630.3  52.3  10  10   1.3e-16   6.7e-13   45.4   2.5  1112  1183  3733  3804  3715  3806 0.94 -
#
# Program:         hmmsearch
# Version:         3.1b2 (February 2015)
# Pipeline mode:   SEARCH
# Query file:      ../../stats/eukaryota_odb10/hmms/674160at2759.hmm
# Target file:     /home/centos/br/bin/Brownotate-1.2.0/runs/584a0dab-d3a4-4320-afed-b310965cc1e7/annotation/augustus_annotation.faa
# Option settings: hmmsearch --domtblout /home/centos/br/bin/Brownotate-1.2.0/runs/584a0dab-d3a4-4320-afed-b310965cc1e7/busco_annotation/run_eukaryota_odb10/hmmer_output/initial_run_results/674160at2759.out --cpu 1 ../../stats/eukaryota_odb10/hmms/674160at2759.hmm /home/centos/br/bin/Brownotate-1.2.0/runs/584a0dab-d3a4-4320-afed-b310965cc1e7/annotation/augustus_annotation.faa 
# Current dir:     /home/centos/br/bin/Brownotate-1.2.0/runs/584a0dab-d3a4-4320-afed-b310965cc1e7
# Date:            Thu Aug 22 20:16:24 2024
# [ok]
