#                                                                               --- full sequence --- -------------- this domain -------------   hmm coord   ali coord   env coord
# target name           accession   tlen query name           accession   qlen   E-value  score  bias   #  of  c-Evalue  i-Evalue  score  bias  from    to  from    to  from    to  acc description of target
#   ------------------- ---------- ----- -------------------- ---------- ----- --------- ------ ----- --- --- --------- --------- ------ ----- ----- ----- ----- ----- ----- ----- ---- ---------------------
augustus_predicted_3084 -            823 679187at2759         -            423   5.4e-53  178.7  22.7   1   6   4.9e-07    0.0013   16.0   0.0     3    28    52    77    50    81 0.90 -
augustus_predicted_3084 -            823 679187at2759         -            423   5.4e-53  178.7  22.7   2   6   4.1e-11   1.1e-07   29.5   0.0    24   111    93   197    88   215 0.83 -
augustus_predicted_3084 -            823 679187at2759         -            423   5.4e-53  178.7  22.7   3   6   4.6e-21   1.2e-17   62.2   0.5   111   206   244   360   229   365 0.78 -
augustus_predicted_3084 -            823 679187at2759         -            423   5.4e-53  178.7  22.7   4   6   9.6e-11   2.5e-07   28.2   1.1   208   292   389   486   384   502 0.76 -
augustus_predicted_3084 -            823 679187at2759         -            423   5.4e-53  178.7  22.7   5   6   5.6e-14   1.4e-10   38.9   0.5   301   347   554   600   549   605 0.93 -
augustus_predicted_3084 -            823 679187at2759         -            423   5.4e-53  178.7  22.7   6   6   1.1e-06    0.0028   14.9   0.3   346   415   628   710   613   716 0.72 -
augustus_predicted_4913 -            846 679187at2759         -            423   7.5e-08   29.9   6.0   1   3   5.4e-08   0.00014   19.2   0.0   124   173   323   375   247   420 0.79 -
augustus_predicted_4913 -            846 679187at2759         -            423   7.5e-08   29.9   6.0   2   3   3.6e-05     0.093    9.9   0.9   234   340   471   594   441   671 0.65 -
augustus_predicted_4913 -            846 679187at2759         -            423   7.5e-08   29.9   6.0   3   3     0.026        67    0.4   0.0   376   400   718   742   714   750 0.82 -
#
# Program:         hmmsearch
# Version:         3.1b2 (February 2015)
# Pipeline mode:   SEARCH
# Query file:      ../../stats/eukaryota_odb10/hmms/679187at2759.hmm
# Target file:     /home/centos/br/bin/Brownotate-1.2.0/runs/584a0dab-d3a4-4320-afed-b310965cc1e7/annotation/augustus_annotation.faa
# Option settings: hmmsearch --domtblout /home/centos/br/bin/Brownotate-1.2.0/runs/584a0dab-d3a4-4320-afed-b310965cc1e7/busco_annotation/run_eukaryota_odb10/hmmer_output/initial_run_results/679187at2759.out --cpu 1 ../../stats/eukaryota_odb10/hmms/679187at2759.hmm /home/centos/br/bin/Brownotate-1.2.0/runs/584a0dab-d3a4-4320-afed-b310965cc1e7/annotation/augustus_annotation.faa 
# Current dir:     /home/centos/br/bin/Brownotate-1.2.0/runs/584a0dab-d3a4-4320-afed-b310965cc1e7
# Date:            Thu Aug 22 20:16:24 2024
# [ok]
