#                                                                               --- full sequence --- -------------- this domain -------------   hmm coord   ali coord   env coord
# target name           accession   tlen query name           accession   qlen   E-value  score  bias   #  of  c-Evalue  i-Evalue  score  bias  from    to  from    to  from    to  acc description of target
#   ------------------- ---------- ----- -------------------- ---------- ----- --------- ------ ----- --- --- --------- --------- ------ ----- ----- ----- ----- ----- ----- ----- ---- ---------------------
augustus_predicted_3925 -            227 721605at2759         -            251   1.6e-06   25.6   0.2   1   1   4.5e-09   2.9e-06   24.7   0.2    13   204     4   213     1   227 0.66 -
augustus_predicted_2271 -            231 721605at2759         -            251   4.5e-06   24.1   0.0   1   1   1.2e-08   7.8e-06   23.3   0.0    99   164    89   156    84   164 0.84 -
augustus_predicted_2743 -            277 721605at2759         -            251   8.2e-05   19.9   0.0   1   2   1.1e-06   0.00071   16.8   0.0    17    95     7    90     4    94 0.71 -
augustus_predicted_2743 -            277 721605at2759         -            251   8.2e-05   19.9   0.0   2   2      0.13        83    0.3   0.0   119   162   159   205   138   215 0.74 -
augustus_predicted_1956 -            514 721605at2759         -            251    0.0011   16.2   0.3   1   2   2.3e-05     0.014   12.6   0.2    50   127   213   292   170   303 0.71 -
augustus_predicted_1956 -            514 721605at2759         -            251    0.0011   16.2   0.3   2   2      0.15        98    0.0   0.0   152   172   339   359   309   364 0.76 -
augustus_predicted_1828 -            347 721605at2759         -            251    0.0012   16.1   0.2   1   3   2.6e-05     0.017   12.4   0.0    14    46     6    38     2    45 0.84 -
augustus_predicted_1828 -            347 721605at2759         -            251    0.0012   16.1   0.2   2   3      0.32   2.1e+02   -1.1   0.0    89   127    91   134    73   141 0.74 -
augustus_predicted_1828 -            347 721605at2759         -            251    0.0012   16.1   0.2   3   3      0.25   1.6e+02   -0.7   0.0   180   193   245   258   215   284 0.56 -
augustus_predicted_1924 -            348 721605at2759         -            251     0.004   14.4   0.0   1   2   3.3e-05     0.021   12.0   0.0    13    46     6    39     2    43 0.87 -
augustus_predicted_1924 -            348 721605at2759         -            251     0.004   14.4   0.0   2   2      0.42   2.7e+02   -1.4   0.0    77   101   221   245   211   268 0.66 -
augustus_predicted_2456 -            298 721605at2759         -            251    0.0054   14.0   0.0   1   2   2.4e-05     0.015   12.5   0.0    17    95     5    83     1   105 0.77 -
augustus_predicted_2456 -            298 721605at2759         -            251    0.0054   14.0   0.0   2   2      0.63   4.1e+02   -2.0   0.0   181   208   199   225   188   241 0.73 -
augustus_predicted_3590 -            297 721605at2759         -            251     0.024   11.8   0.0   1   1     6e-05     0.039   11.2   0.0    13    55    10    49     4    70 0.86 -
#
# Program:         hmmsearch
# Version:         3.1b2 (February 2015)
# Pipeline mode:   SEARCH
# Query file:      ../../stats/eukaryota_odb10/hmms/721605at2759.hmm
# Target file:     /home/centos/br/bin/Brownotate-1.2.0/runs/584a0dab-d3a4-4320-afed-b310965cc1e7/annotation/augustus_annotation.faa
# Option settings: hmmsearch --domtblout /home/centos/br/bin/Brownotate-1.2.0/runs/584a0dab-d3a4-4320-afed-b310965cc1e7/busco_annotation/run_eukaryota_odb10/hmmer_output/initial_run_results/721605at2759.out --cpu 1 ../../stats/eukaryota_odb10/hmms/721605at2759.hmm /home/centos/br/bin/Brownotate-1.2.0/runs/584a0dab-d3a4-4320-afed-b310965cc1e7/annotation/augustus_annotation.faa 
# Current dir:     /home/centos/br/bin/Brownotate-1.2.0/runs/584a0dab-d3a4-4320-afed-b310965cc1e7
# Date:            Thu Aug 22 20:16:25 2024
# [ok]
