#                                                                               --- full sequence --- -------------- this domain -------------   hmm coord   ali coord   env coord
# target name           accession   tlen query name           accession   qlen   E-value  score  bias   #  of  c-Evalue  i-Evalue  score  bias  from    to  from    to  from    to  acc description of target
#   ------------------- ---------- ----- -------------------- ---------- ----- --------- ------ ----- --- --- --------- --------- ------ ----- ----- ----- ----- ----- ----- ----- ---- ---------------------
augustus_predicted_3767 -            525 83779at2759          -            254     4e-58  195.2   0.0   1   3   2.1e-10   2.6e-07   28.7   0.0    17    53   125   162   115   175 0.88 -
augustus_predicted_3767 -            525 83779at2759          -            254     4e-58  195.2   0.0   2   3   2.2e-11   2.8e-08   31.9   0.0    68   107   252   298   221   324 0.71 -
augustus_predicted_3767 -            525 83779at2759          -            254     4e-58  195.2   0.0   3   3   1.8e-41   2.3e-38  130.5   0.0   105   253   326   507   310   508 0.81 -
augustus_predicted_2060 -            572 83779at2759          -            254   4.1e-14   51.0   0.0   1   3     0.031        40    1.9   0.0    23    51   115   144   110   151 0.81 -
augustus_predicted_2060 -            572 83779at2759          -            254   4.1e-14   51.0   0.0   2   3   4.1e-06    0.0052   14.7   0.0    59    95   215   254   191   259 0.82 -
augustus_predicted_2060 -            572 83779at2759          -            254   4.1e-14   51.0   0.0   3   3   6.3e-11   8.1e-08   30.4   0.0   146   221   356   432   336   459 0.78 -
augustus_predicted_3491 -            572 83779at2759          -            254   2.8e-13   48.3   0.0   1   3     0.099   1.3e+02    0.3   0.0    23    51   115   144   110   150 0.81 -
augustus_predicted_3491 -            572 83779at2759          -            254   2.8e-13   48.3   0.0   2   3   6.4e-06    0.0083   14.0   0.0    58    94   214   253   187   271 0.81 -
augustus_predicted_3491 -            572 83779at2759          -            254   2.8e-13   48.3   0.0   3   3   9.9e-11   1.3e-07   29.8   0.0   146   221   357   433   337   460 0.78 -
augustus_predicted_1783 -            359 83779at2759          -            254     0.025   12.4   0.0   1   1   3.5e-05     0.045   11.6   0.0    59    89    58    88    40   105 0.82 -
#
# Program:         hmmsearch
# Version:         3.1b2 (February 2015)
# Pipeline mode:   SEARCH
# Query file:      ../../stats/eukaryota_odb10/hmms/83779at2759.hmm
# Target file:     /home/centos/br/bin/Brownotate-1.2.0/runs/584a0dab-d3a4-4320-afed-b310965cc1e7/annotation/augustus_annotation.faa
# Option settings: hmmsearch --domtblout /home/centos/br/bin/Brownotate-1.2.0/runs/584a0dab-d3a4-4320-afed-b310965cc1e7/busco_annotation/run_eukaryota_odb10/hmmer_output/initial_run_results/83779at2759.out --cpu 1 ../../stats/eukaryota_odb10/hmms/83779at2759.hmm /home/centos/br/bin/Brownotate-1.2.0/runs/584a0dab-d3a4-4320-afed-b310965cc1e7/annotation/augustus_annotation.faa 
# Current dir:     /home/centos/br/bin/Brownotate-1.2.0/runs/584a0dab-d3a4-4320-afed-b310965cc1e7
# Date:            Thu Aug 22 20:16:26 2024
# [ok]
