#                                                                               --- full sequence --- -------------- this domain -------------   hmm coord   ali coord   env coord
# target name           accession   tlen query name           accession   qlen   E-value  score  bias   #  of  c-Evalue  i-Evalue  score  bias  from    to  from    to  from    to  acc description of target
#   ------------------- ---------- ----- -------------------- ---------- ----- --------- ------ ----- --- --- --------- --------- ------ ----- ----- ----- ----- ----- ----- ----- ---- ---------------------
augustus_predicted_1669 -            305 865202at2759         -            199   6.2e-57  190.6  10.4   1   2     4e-45   5.2e-42  141.9   6.5    21   171    61   257    23   261 0.76 -
augustus_predicted_1669 -            305 865202at2759         -            199   6.2e-57  190.6  10.4   2   2   2.2e-14   2.8e-11   41.5   0.1   165   199   269   303   258   303 0.91 -
augustus_predicted_2744 -            381 865202at2759         -            199   1.6e-14   52.1   0.3   1   2   1.3e-13   1.7e-10   39.0   0.1    86   162   232   310   173   321 0.90 -
augustus_predicted_2744 -            381 865202at2759         -            199   1.6e-14   52.1   0.3   2   2   9.2e-05      0.12   10.1   0.0   163   192   333   362   322   366 0.87 -
augustus_predicted_2023 -            651 865202at2759         -            199   7.6e-14   49.9   0.8   1   2   1.8e-11   2.4e-08   32.0   0.2    91   169   450   528   365   538 0.75 -
augustus_predicted_2023 -            651 865202at2759         -            199   7.6e-14   49.9   0.8   2   2   5.9e-06    0.0076   14.0   0.0   167   191   616   640   609   646 0.89 -
augustus_predicted_3469 -            411 865202at2759         -            199   7.3e-13   46.7   0.0   1   2   5.5e-12     7e-09   33.7   0.0    90   148   249   312   241   320 0.88 -
augustus_predicted_3469 -            411 865202at2759         -            199   7.3e-13   46.7   0.0   2   2   7.7e-05     0.099   10.4   0.0   157   189   368   400   364   407 0.88 -
#
# Program:         hmmsearch
# Version:         3.1b2 (February 2015)
# Pipeline mode:   SEARCH
# Query file:      ../../stats/eukaryota_odb10/hmms/865202at2759.hmm
# Target file:     /home/centos/br/bin/Brownotate-1.2.0/runs/584a0dab-d3a4-4320-afed-b310965cc1e7/annotation/augustus_annotation.faa
# Option settings: hmmsearch --domtblout /home/centos/br/bin/Brownotate-1.2.0/runs/584a0dab-d3a4-4320-afed-b310965cc1e7/busco_annotation/run_eukaryota_odb10/hmmer_output/initial_run_results/865202at2759.out --cpu 1 ../../stats/eukaryota_odb10/hmms/865202at2759.hmm /home/centos/br/bin/Brownotate-1.2.0/runs/584a0dab-d3a4-4320-afed-b310965cc1e7/annotation/augustus_annotation.faa 
# Current dir:     /home/centos/br/bin/Brownotate-1.2.0/runs/584a0dab-d3a4-4320-afed-b310965cc1e7
# Date:            Thu Aug 22 20:16:25 2024
# [ok]
