#                                                                               --- full sequence --- -------------- this domain -------------   hmm coord   ali coord   env coord
# target name           accession   tlen query name           accession   qlen   E-value  score  bias   #  of  c-Evalue  i-Evalue  score  bias  from    to  from    to  from    to  acc description of target
#   ------------------- ---------- ----- -------------------- ---------- ----- --------- ------ ----- --- --- --------- --------- ------ ----- ----- ----- ----- ----- ----- ----- ---- ---------------------
augustus_predicted_3490 -            552 891751at2759         -            251   2.6e-72  241.7  14.8   1   3      0.37   6.4e+02   -2.0   0.0    20    37   184   201   173   221 0.85 -
augustus_predicted_3490 -            552 891751at2759         -            251   2.6e-72  241.7  14.8   2   3   1.5e-60   2.6e-57  192.6   7.2    46   202   251   423   245   438 0.88 -
augustus_predicted_3490 -            552 891751at2759         -            251   2.6e-72  241.7  14.8   3   3   4.7e-18     8e-15   53.4   0.2   198   249   444   500   434   502 0.88 -
augustus_predicted_261  -           1025 891751at2759         -            251   1.3e-12   46.1   1.0   1   2     6e-07     0.001   17.0   0.5    92   203   594   707   546   716 0.80 -
augustus_predicted_261  -           1025 891751at2759         -            251   1.3e-12   46.1   1.0   2   2   5.4e-10   9.3e-07   27.0   0.0   195   237   721   763   719   773 0.91 -
augustus_predicted_2502 -            663 891751at2759         -            251   4.8e-10   37.7   0.2   1   2      0.18   3.1e+02   -0.9   0.1    94   124   471   506   381   526 0.72 -
augustus_predicted_2502 -            663 891751at2759         -            251   4.8e-10   37.7   0.2   2   2   1.3e-12   2.3e-09   35.5   0.0   124   240   533   656   529   661 0.84 -
#
# Program:         hmmsearch
# Version:         3.1b2 (February 2015)
# Pipeline mode:   SEARCH
# Query file:      ../../stats/eukaryota_odb10/hmms/891751at2759.hmm
# Target file:     /home/centos/br/bin/Brownotate-1.2.0/runs/584a0dab-d3a4-4320-afed-b310965cc1e7/annotation/augustus_annotation.faa
# Option settings: hmmsearch --domtblout /home/centos/br/bin/Brownotate-1.2.0/runs/584a0dab-d3a4-4320-afed-b310965cc1e7/busco_annotation/run_eukaryota_odb10/hmmer_output/initial_run_results/891751at2759.out --cpu 1 ../../stats/eukaryota_odb10/hmms/891751at2759.hmm /home/centos/br/bin/Brownotate-1.2.0/runs/584a0dab-d3a4-4320-afed-b310965cc1e7/annotation/augustus_annotation.faa 
# Current dir:     /home/centos/br/bin/Brownotate-1.2.0/runs/584a0dab-d3a4-4320-afed-b310965cc1e7
# Date:            Thu Aug 22 20:16:26 2024
# [ok]
