#                                                                               --- full sequence --- -------------- this domain -------------   hmm coord   ali coord   env coord
# target name           accession   tlen query name           accession   qlen   E-value  score  bias   #  of  c-Evalue  i-Evalue  score  bias  from    to  from    to  from    to  acc description of target
#   ------------------- ---------- ----- -------------------- ---------- ----- --------- ------ ----- --- --- --------- --------- ------ ----- ----- ----- ----- ----- ----- ----- ---- ---------------------
augustus_predicted_915  -            292 956854at2759         -            198   1.6e-21   75.2   4.0   1   1   3.2e-24   4.1e-21   73.9   4.0    16   158    47   214    39   272 0.77 -
augustus_predicted_418  -            612 956854at2759         -            198    0.0011   17.0   0.3   1   2     0.019        24    2.8   0.1    59   130   327   403   316   405 0.68 -
augustus_predicted_418  -            612 956854at2759         -            198    0.0011   17.0   0.3   2   2   3.2e-05     0.042   11.8   0.0   123   183   473   538   466   552 0.82 -
augustus_predicted_3865 -            514 956854at2759         -            198    0.0039   15.2   0.2   1   2      0.18   2.3e+02   -0.4   0.0    64    94   272   302   247   313 0.77 -
augustus_predicted_3865 -            514 956854at2759         -            198    0.0039   15.2   0.2   2   2     2e-05     0.025   12.5   0.1   122   166   375   420   352   438 0.79 -
augustus_predicted_3530 -           1432 956854at2759         -            198    0.0068   14.4   0.2   1   3       1.3   1.6e+03   -3.2   0.0    43    66   243   266   224   292 0.73 -
augustus_predicted_3530 -           1432 956854at2759         -            198    0.0068   14.4   0.2   2   3      0.01        13    3.7   0.0    61   117   490   549   482   558 0.84 -
augustus_predicted_3530 -           1432 956854at2759         -            198    0.0068   14.4   0.2   3   3    0.0022       2.8    5.8   0.0    87   121   713   747   703   772 0.89 -
#
# Program:         hmmsearch
# Version:         3.1b2 (February 2015)
# Pipeline mode:   SEARCH
# Query file:      ../../stats/eukaryota_odb10/hmms/956854at2759.hmm
# Target file:     /home/centos/br/bin/Brownotate-1.2.0/runs/584a0dab-d3a4-4320-afed-b310965cc1e7/annotation/augustus_annotation.faa
# Option settings: hmmsearch --domtblout /home/centos/br/bin/Brownotate-1.2.0/runs/584a0dab-d3a4-4320-afed-b310965cc1e7/busco_annotation/run_eukaryota_odb10/hmmer_output/initial_run_results/956854at2759.out --cpu 1 ../../stats/eukaryota_odb10/hmms/956854at2759.hmm /home/centos/br/bin/Brownotate-1.2.0/runs/584a0dab-d3a4-4320-afed-b310965cc1e7/annotation/augustus_annotation.faa 
# Current dir:     /home/centos/br/bin/Brownotate-1.2.0/runs/584a0dab-d3a4-4320-afed-b310965cc1e7
# Date:            Thu Aug 22 20:16:26 2024
# [ok]
