#                                                                               --- full sequence --- -------------- this domain -------------   hmm coord   ali coord   env coord
# target name           accession   tlen query name           accession   qlen   E-value  score  bias   #  of  c-Evalue  i-Evalue  score  bias  from    to  from    to  from    to  acc description of target
#   ------------------- ---------- ----- -------------------- ---------- ----- --------- ------ ----- --- --- --------- --------- ------ ----- ----- ----- ----- ----- ----- ----- ---- ---------------------
augustus_predicted_3209 -            818 100698at2759         -            502    5e-246  816.0   0.4   1   2     4e-44   8.9e-41  138.9   0.0     1   119    80   212    80   226 0.90 -
augustus_predicted_3209 -            818 100698at2759         -            502    5e-246  816.0   0.4   2   2  1.2e-206  2.6e-203  675.1   0.4   114   498   282   703   271   706 0.92 -
augustus_predicted_3778 -           1016 100698at2759         -            502   1.5e-07   29.3   1.0   1   2   5.9e-06     0.013   13.0   0.1   197   295   315   421   312   433 0.70 -
augustus_predicted_3778 -           1016 100698at2759         -            502   1.5e-07   29.3   1.0   2   2   1.5e-06    0.0034   14.9   0.1   354   480   625   760   612   775 0.74 -
augustus_predicted_6451 -           1698 100698at2759         -            502     0.055   10.9   0.1   1   2   9.1e-05      0.21    9.0   0.0   225   295   922   987   819  1002 0.51 -
augustus_predicted_6451 -           1698 100698at2759         -            502     0.055   10.9   0.1   2   2       0.2   4.6e+02   -2.0   0.0   394   437  1419  1464  1386  1511 0.79 -
augustus_predicted_8480 -            273 100698at2759         -            502      0.16    9.4   0.6   1   1   9.5e-05      0.21    9.0   0.6   183   239   139   192   133   204 0.86 -
#
# Program:         hmmsearch
# Version:         3.1b2 (February 2015)
# Pipeline mode:   SEARCH
# Query file:      ../../stats/eukaryota_odb10/hmms/100698at2759.hmm
# Target file:     /home/centos/br/bin/Brownotate-1.2.0/runs/b283acc0-5629-444b-ad7a-7147f201d246/annotation/augustus_annotation.faa
# Option settings: hmmsearch --domtblout /home/centos/br/bin/Brownotate-1.2.0/runs/b283acc0-5629-444b-ad7a-7147f201d246/busco_annotation/run_eukaryota_odb10/hmmer_output/initial_run_results/100698at2759.out --cpu 1 ../../stats/eukaryota_odb10/hmms/100698at2759.hmm /home/centos/br/bin/Brownotate-1.2.0/runs/b283acc0-5629-444b-ad7a-7147f201d246/annotation/augustus_annotation.faa 
# Current dir:     /home/centos/br/bin/Brownotate-1.2.0/runs/b283acc0-5629-444b-ad7a-7147f201d246
# Date:            Sat Aug 24 02:31:55 2024
# [ok]
