#                                                                               --- full sequence --- -------------- this domain -------------   hmm coord   ali coord   env coord
# target name           accession   tlen query name           accession   qlen   E-value  score  bias   #  of  c-Evalue  i-Evalue  score  bias  from    to  from    to  from    to  acc description of target
#   ------------------- ---------- ----- -------------------- ---------- ----- --------- ------ ----- --- --- --------- --------- ------ ----- ----- ----- ----- ----- ----- ----- ---- ---------------------
augustus_predicted_7444 -           1334 1014314at2759        -            222   2.3e-75  251.6   1.0   1   7   1.1e-11   9.2e-10   37.1   0.0   127   201   723   799   711   801 0.88 -
augustus_predicted_7444 -           1334 1014314at2759        -            222   2.3e-75  251.6   1.0   2   7   1.1e-14   9.6e-13   46.8   0.0   119   198   798   880   795   885 0.89 -
augustus_predicted_7444 -           1334 1014314at2759        -            222   2.3e-75  251.6   1.0   3   7   1.8e-05    0.0015   16.8   0.0     2    31   891   920   890   924 0.93 -
augustus_predicted_7444 -           1334 1014314at2759        -            222   2.3e-75  251.6   1.0   4   7     4e-14   3.3e-12   45.1   0.0   119   197   924  1005   922  1013 0.89 -
augustus_predicted_7444 -           1334 1014314at2759        -            222   2.3e-75  251.6   1.0   5   7   4.3e-13   3.6e-11   41.7   0.0   125   198  1015  1090  1006  1101 0.87 -
augustus_predicted_7444 -           1334 1014314at2759        -            222   2.3e-75  251.6   1.0   6   7   9.4e-11   7.9e-09   34.0   0.0   129   187  1103  1161  1099  1176 0.92 -
augustus_predicted_7444 -           1334 1014314at2759        -            222   2.3e-75  251.6   1.0   7   7   5.7e-07   4.8e-05   21.7   0.0   123   200  1180  1259  1173  1272 0.86 -
augustus_predicted_3932 -            364 1014314at2759        -            222     1e-57  193.9   2.7   1   2   1.6e-25   1.4e-23   82.3   0.1     2    94    39   150    38   154 0.84 -
augustus_predicted_3932 -            364 1014314at2759        -            222     1e-57  193.9   2.7   2   2     5e-34   4.2e-32  110.1   0.5   103   217   202   344   200   347 0.84 -
augustus_predicted_2291 -           1161 1014314at2759        -            222   9.4e-47  158.0  21.0   1   9   2.3e-06   0.00019   19.7   0.0   119   163   464   509   461   516 0.88 -
augustus_predicted_2291 -           1161 1014314at2759        -            222   9.4e-47  158.0  21.0   2   9     0.033       2.7    6.1   0.0   127   154   524   551   519   557 0.82 -
augustus_predicted_2291 -           1161 1014314at2759        -            222   9.4e-47  158.0  21.0   3   9     6e-12   5.1e-10   37.9   0.6   121   202   620   703   615   709 0.91 -
augustus_predicted_2291 -           1161 1014314at2759        -            222   9.4e-47  158.0  21.0   4   9     4e-07   3.3e-05   22.2   0.0   129   190   710   770   704   776 0.91 -
augustus_predicted_2291 -           1161 1014314at2759        -            222   9.4e-47  158.0  21.0   5   9   1.3e-12   1.1e-10   40.1   0.4   118   200   780   864   771   869 0.85 -
augustus_predicted_2291 -           1161 1014314at2759        -            222   9.4e-47  158.0  21.0   6   9    0.0026      0.22    9.7   0.0   128   163   873   908   864   924 0.83 -
augustus_predicted_2291 -           1161 1014314at2759        -            222   9.4e-47  158.0  21.0   7   9    0.0025      0.21    9.8   0.0    32    66   932   966   918   977 0.80 -
augustus_predicted_2291 -           1161 1014314at2759        -            222   9.4e-47  158.0  21.0   8   9   3.8e-06   0.00032   18.9   0.1     2    32   993  1023   992  1027 0.92 -
augustus_predicted_2291 -           1161 1014314at2759        -            222   9.4e-47  158.0  21.0   9   9       7.5   6.3e+02   -1.6   0.0     6    31  1125  1150  1122  1154 0.80 -
augustus_predicted_5240 -           1581 1014314at2759        -            222   1.6e-45  154.0  19.0   1   7   6.2e-10   5.2e-08   31.3   0.4   140   197   225   284   211   288 0.85 -
augustus_predicted_5240 -           1581 1014314at2759        -            222   1.6e-45  154.0  19.0   2   7   1.1e-09   8.9e-08   30.6   0.2   140   196   267   325   267   325 0.91 -
augustus_predicted_5240 -           1581 1014314at2759        -            222   1.6e-45  154.0  19.0   3   7   1.4e-12   1.2e-10   40.0   0.2   121   197   289   368   286   373 0.90 -
augustus_predicted_5240 -           1581 1014314at2759        -            222   1.6e-45  154.0  19.0   4   7   4.3e-13   3.6e-11   41.7   0.3   121   190   373   443   368   445 0.93 -
augustus_predicted_5240 -           1581 1014314at2759        -            222   1.6e-45  154.0  19.0   5   7     8e-08   6.7e-06   24.4   0.1   145   190   440   485   440   487 0.95 -
augustus_predicted_5240 -           1581 1014314at2759        -            222   1.6e-45  154.0  19.0   6   7   2.2e-06   0.00019   19.7   0.0   145   187   482   524   482   531 0.93 -
augustus_predicted_5240 -           1581 1014314at2759        -            222   1.6e-45  154.0  19.0   7   7    0.0018      0.15   10.2   0.1   128   176   533   580   530   594 0.81 -
augustus_predicted_6609 -           1821 1014314at2759        -            222   1.3e-39  134.7  33.0   1   6   1.9e-13   1.6e-11   42.8   0.5   120   201   270   353   267   355 0.92 -
augustus_predicted_6609 -           1821 1014314at2759        -            222   1.3e-39  134.7  33.0   2   6   2.4e-09     2e-07   29.4   0.4   143   201   335   395   333   397 0.91 -
augustus_predicted_6609 -           1821 1014314at2759        -            222   1.3e-39  134.7  33.0   3   6   3.8e-12   3.2e-10   38.6   1.0   121   201   354   437   352   439 0.88 -
augustus_predicted_6609 -           1821 1014314at2759        -            222   1.3e-39  134.7  33.0   4   6   3.2e-12   2.7e-10   38.8   0.6   127   201   403   479   395   481 0.90 -
augustus_predicted_6609 -           1821 1014314at2759        -            222   1.3e-39  134.7  33.0   5   6   3.9e-11   3.3e-09   35.3   0.9   121   198   438   518   436   539 0.83 -
augustus_predicted_6609 -           1821 1014314at2759        -            222   1.3e-39  134.7  33.0   6   6   3.9e-06   0.00033   18.9   0.2   119   188   478   547   475   557 0.83 -
augustus_predicted_5081 -            801 1014314at2759        -            222     4e-35  120.0  14.6   1   4   3.4e-12   2.9e-10   38.7   0.1   119   196   502   582   500   589 0.87 -
augustus_predicted_5081 -            801 1014314at2759        -            222     4e-35  120.0  14.6   2   4   6.8e-11   5.7e-09   34.5   0.6     2    70   553   629   553   636 0.73 -
augustus_predicted_5081 -            801 1014314at2759        -            222     4e-35  120.0  14.6   3   4   8.4e-12   7.1e-10   37.5   0.6   121   198   588   668   583   675 0.85 -
augustus_predicted_5081 -            801 1014314at2759        -            222     4e-35  120.0  14.6   4   4   1.9e-13   1.6e-11   42.8   0.1   121   197   630   709   625   724 0.84 -
augustus_predicted_4784 -            535 1014314at2759        -            222     4e-32  110.2   2.2   1   6     0.026       2.2    6.4   0.0   124   145   229   251   215   259 0.71 -
augustus_predicted_4784 -            535 1014314at2759        -            222     4e-32  110.2   2.2   2   6   1.5e-14   1.3e-12   46.4   0.0   105   204   256   359   252   361 0.87 -
augustus_predicted_4784 -            535 1014314at2759        -            222     4e-32  110.2   2.2   3   6   9.1e-06   0.00076   17.7   0.0   126   158   362   394   355   404 0.75 -
augustus_predicted_4784 -            535 1014314at2759        -            222     4e-32  110.2   2.2   4   6   3.9e-06   0.00032   18.9   0.0   122   187   402   479   392   479 0.74 -
augustus_predicted_4784 -            535 1014314at2759        -            222     4e-32  110.2   2.2   5   6     0.026       2.2    6.4   0.0    32    61   457   486   444   497 0.55 -
augustus_predicted_4784 -            535 1014314at2759        -            222     4e-32  110.2   2.2   6   6    0.0006      0.05   11.8   0.0   121   153   496   529   491   533 0.83 -
augustus_predicted_3662 -            522 1014314at2759        -            222   1.5e-30  105.1   5.5   1   6   1.5e-11   1.2e-09   36.7   0.1   126   197   178   251   164   258 0.90 -
augustus_predicted_3662 -            522 1014314at2759        -            222   1.5e-30  105.1   5.5   2   6   4.1e-15   3.5e-13   48.3   0.0   120   203   257   342   251   348 0.92 -
augustus_predicted_3662 -            522 1014314at2759        -            222   1.5e-30  105.1   5.5   3   6   3.6e-07     3e-05   22.3   0.1   139   182   318   362   317   369 0.87 -
augustus_predicted_3662 -            522 1014314at2759        -            222   1.5e-30  105.1   5.5   4   6   0.00038     0.032   12.4   0.0   127   166   349   388   346   405 0.87 -
augustus_predicted_3662 -            522 1014314at2759        -            222   1.5e-30  105.1   5.5   5   6      0.15        12    4.0   0.1   140   179   416   455   408   465 0.82 -
augustus_predicted_3662 -            522 1014314at2759        -            222   1.5e-30  105.1   5.5   6   6      0.62        52    1.9   0.0    10    27   455   472   450   477 0.87 -
augustus_predicted_1221 -            963 1014314at2759        -            222   1.7e-29  101.6  10.1   1   9   3.6e-07     3e-05   22.3   0.1   119   191    67   140    51   142 0.86 -
augustus_predicted_1221 -            963 1014314at2759        -            222   1.7e-29  101.6  10.1   2   9   1.4e-05    0.0012   17.1   0.0   119   174   109   165   106   169 0.85 -
augustus_predicted_1221 -            963 1014314at2759        -            222   1.7e-29  101.6  10.1   3   9     0.013       1.1    7.4   0.1   136   161   182   207   175   226 0.81 -
augustus_predicted_1221 -            963 1014314at2759        -            222   1.7e-29  101.6  10.1   4   9         1        84    1.2   0.0   124   157   213   246   205   258 0.82 -
augustus_predicted_1221 -            963 1014314at2759        -            222   1.7e-29  101.6  10.1   5   9      0.12        10    4.2   0.0    35    67   276   308   268   318 0.68 -
augustus_predicted_1221 -            963 1014314at2759        -            222   1.7e-29  101.6  10.1   6   9   1.2e-05     0.001   17.3   0.0    30    96   422   494   412   501 0.83 -
augustus_predicted_1221 -            963 1014314at2759        -            222   1.7e-29  101.6  10.1   7   9   1.1e-05   0.00092   17.5   0.0   128   187   468   527   458   534 0.95 -
augustus_predicted_1221 -            963 1014314at2759        -            222   1.7e-29  101.6  10.1   8   9   8.9e-06   0.00075   17.7   0.0   114   187   553   626   547   641 0.93 -
augustus_predicted_1221 -            963 1014314at2759        -            222   1.7e-29  101.6  10.1   9   9   3.6e-05     0.003   15.8   0.1   126   195   649   723   639   729 0.82 -
augustus_predicted_6442 -            359 1014314at2759        -            222   1.6e-27   95.1   1.1   1   4   4.5e-10   3.8e-08   31.8   0.0   120   199    61   144    51   148 0.84 -
augustus_predicted_6442 -            359 1014314at2759        -            222   1.6e-27   95.1   1.1   2   4    0.0051      0.43    8.7   0.0    31    66   149   185   144   190 0.86 -
augustus_predicted_6442 -            359 1014314at2759        -            222   1.6e-27   95.1   1.1   3   4   2.8e-08   2.4e-06   25.9   0.0     2    68   196   270   195   278 0.87 -
augustus_predicted_6442 -            359 1014314at2759        -            222   1.6e-27   95.1   1.1   4   4   8.7e-08   7.3e-06   24.3   0.0     5    54   291   348   287   354 0.83 -
augustus_predicted_4228 -            678 1014314at2759        -            222   3.4e-25   87.5   7.1   1   5   7.7e-10   6.5e-08   31.0   0.1   116   202   340   425   322   428 0.84 -
augustus_predicted_4228 -            678 1014314at2759        -            222   3.4e-25   87.5   7.1   2   5     1e-08   8.8e-07   27.3   0.6     7    64   435   499   431   501 0.86 -
augustus_predicted_4228 -            678 1014314at2759        -            222   3.4e-25   87.5   7.1   3   5   2.6e-06   0.00022   19.5   0.3   120   172   463   516   460   517 0.89 -
augustus_predicted_4228 -            678 1014314at2759        -            222   3.4e-25   87.5   7.1   4   5   0.00089     0.075   11.2   0.0   137   164   580   607   575   617 0.88 -
augustus_predicted_4228 -            678 1014314at2759        -            222   3.4e-25   87.5   7.1   5   5   5.8e-05    0.0049   15.1   0.0   138   190   621   671   613   676 0.85 -
augustus_predicted_3190 -            885 1014314at2759        -            222     8e-25   86.3   5.1   1   8       4.3   3.6e+02   -0.8   0.0    71   102    44    74    37    83 0.80 -
augustus_predicted_3190 -            885 1014314at2759        -            222     8e-25   86.3   5.1   2   8      0.66        56    1.8   0.0   127   143   124   140   107   153 0.72 -
augustus_predicted_3190 -            885 1014314at2759        -            222     8e-25   86.3   5.1   3   8     0.012         1    7.5   0.0     2    31   179   208   178   253 0.78 -
augustus_predicted_3190 -            885 1014314at2759        -            222     8e-25   86.3   5.1   4   8    0.0001    0.0084   14.3   0.0   122   186   276   340   268   347 0.95 -
augustus_predicted_3190 -            885 1014314at2759        -            222     8e-25   86.3   5.1   5   8     2e-10   1.6e-08   33.0   0.1   122   185   360   424   354   433 0.90 -
augustus_predicted_3190 -            885 1014314at2759        -            222     8e-25   86.3   5.1   6   8   4.7e-06   0.00039   18.7   0.0   126   185   450   510   435   531 0.87 -
augustus_predicted_3190 -            885 1014314at2759        -            222     8e-25   86.3   5.1   7   8      0.49        42    2.2   0.0   170   205   558   595   541   600 0.65 -
augustus_predicted_3190 -            885 1014314at2759        -            222     8e-25   86.3   5.1   8   8         2   1.7e+02    0.3   0.0   127   147   657   677   649   686 0.69 -
augustus_predicted_1166 -           1293 1014314at2759        -            222   4.3e-24   83.9  12.3   1   5   5.1e-08   4.3e-06   25.1   0.3   120   198   918  1000   912  1002 0.84 -
augustus_predicted_1166 -           1293 1014314at2759        -            222   4.3e-24   83.9  12.3   2   5   1.4e-10   1.2e-08   33.5   0.3     2    67   969  1049   968  1054 0.78 -
augustus_predicted_1166 -           1293 1014314at2759        -            222   4.3e-24   83.9  12.3   3   5    0.0053      0.44    8.7   0.2   126   177  1059  1109  1050  1118 0.58 -
augustus_predicted_1166 -           1293 1014314at2759        -            222   4.3e-24   83.9  12.3   4   5   2.7e-08   2.2e-06   26.0   0.0   126   198  1182  1256  1172  1260 0.88 -
augustus_predicted_1166 -           1293 1014314at2759        -            222   4.3e-24   83.9  12.3   5   5   0.00052     0.043   12.0   0.0     2    27  1267  1292  1266  1293 0.94 -
augustus_predicted_355  -            452 1014314at2759        -            222   1.7e-23   82.0   0.4   1   5   1.8e-07   1.5e-05   23.3   0.0     2    66   146   218   145   224 0.82 -
augustus_predicted_355  -            452 1014314at2759        -            222   1.7e-23   82.0   0.4   2   5   0.00017     0.014   13.6   0.0   121   171   223   274   219   276 0.81 -
augustus_predicted_355  -            452 1014314at2759        -            222   1.7e-23   82.0   0.4   3   5   4.7e-06   0.00039   18.7   0.1   118   184   262   329   258   348 0.81 -
augustus_predicted_355  -            452 1014314at2759        -            222   1.7e-23   82.0   0.4   4   5      0.02       1.7    6.8   0.0   119   168   346   395   343   397 0.87 -
augustus_predicted_355  -            452 1014314at2759        -            222   1.7e-23   82.0   0.4   5   5   6.9e-05    0.0058   14.8   0.0     3    44   405   446   403   450 0.92 -
augustus_predicted_5872 -            977 1014314at2759        -            222   5.9e-23   80.2  16.4   1   7       6.5   5.5e+02   -1.4   0.0   180   201    34    55    25    57 0.83 -
augustus_predicted_5872 -            977 1014314at2759        -            222   5.9e-23   80.2  16.4   2   7   1.1e-05   0.00096   17.4   0.0   119   174   105   161    95   164 0.86 -
augustus_predicted_5872 -            977 1014314at2759        -            222   5.9e-23   80.2  16.4   3   7   1.7e-07   1.4e-05   23.4   0.1    13    70   208   273   198   278 0.83 -
augustus_predicted_5872 -            977 1014314at2759        -            222   5.9e-23   80.2  16.4   4   7     8e-05    0.0067   14.6   0.0   118   177   425   489   422   491 0.79 -
augustus_predicted_5872 -            977 1014314at2759        -            222   5.9e-23   80.2  16.4   5   7   0.00018     0.015   13.5   0.0   122   184   544   607   539   611 0.89 -
augustus_predicted_5872 -            977 1014314at2759        -            222   5.9e-23   80.2  16.4   6   7    0.0007     0.059   11.6   0.0   137   171   616   650   609   654 0.86 -
augustus_predicted_5872 -            977 1014314at2759        -            222   5.9e-23   80.2  16.4   7   7       0.3        26    2.9   0.2   138   156   742   761   731   788 0.76 -
augustus_predicted_4386 -            444 1014314at2759        -            222     7e-23   80.0   8.6   1   4   3.5e-09   2.9e-07   28.9   0.2   118   192   107   184   104   195 0.86 -
augustus_predicted_4386 -            444 1014314at2759        -            222     7e-23   80.0   8.6   2   4    0.0048       0.4    8.8   0.1   136   175   170   210   166   214 0.85 -
augustus_predicted_4386 -            444 1014314at2759        -            222     7e-23   80.0   8.6   3   4   7.7e-10   6.5e-08   31.0   0.4   119   196   195   277   191   284 0.81 -
augustus_predicted_4386 -            444 1014314at2759        -            222     7e-23   80.0   8.6   4   4   5.1e-07   4.3e-05   21.8   0.0    13    67   322   383   317   400 0.83 -
augustus_predicted_234  -            393 1014314at2759        -            222     3e-22   77.9   4.2   1   5   4.9e-07   4.1e-05   21.9   0.0   139   195     5    62     1    70 0.87 -
augustus_predicted_234  -            393 1014314at2759        -            222     3e-22   77.9   4.2   2   5   9.1e-06   0.00077   17.7   0.1    30    67    72   109    67   119 0.81 -
augustus_predicted_234  -            393 1014314at2759        -            222     3e-22   77.9   4.2   3   5   1.2e-07     1e-05   23.8   0.0   123   187   114   180   108   198 0.79 -
augustus_predicted_234  -            393 1014314at2759        -            222     3e-22   77.9   4.2   4   5    0.0041      0.35    9.0   0.0   113   153   195   236   187   240 0.74 -
augustus_predicted_234  -            393 1014314at2759        -            222     3e-22   77.9   4.2   5   5      0.17        14    3.8   0.0    38   153   341   365   322   384 0.53 -
augustus_predicted_3440 -            316 1014314at2759        -            222   5.6e-21   73.7   7.5   1   5      0.11       9.2    4.4   0.0    31    63    13    46     5    52 0.62 -
augustus_predicted_3440 -            316 1014314at2759        -            222   5.6e-21   73.7   7.5   2   5   4.3e-08   3.6e-06   25.3   0.3   120   190    58   129    50   143 0.89 -
augustus_predicted_3440 -            316 1014314at2759        -            222   5.6e-21   73.7   7.5   3   5   3.6e-05    0.0031   15.7   0.1    13    66   119   183   118   190 0.75 -
augustus_predicted_3440 -            316 1014314at2759        -            222   5.6e-21   73.7   7.5   4   5   3.1e-08   2.6e-06   25.8   0.0   123   203   190   271   184   278 0.84 -
augustus_predicted_3440 -            316 1014314at2759        -            222   5.6e-21   73.7   7.5   5   5    0.0064      0.54    8.4   0.0     2    27   286   311   281   315 0.80 -
augustus_predicted_4596 -            853 1014314at2759        -            222   8.3e-21   73.2   1.3   1   6   1.8e-05    0.0015   16.8   0.0   128   201    17    92    11    95 0.92 -
augustus_predicted_4596 -            853 1014314at2759        -            222   8.3e-21   73.2   1.3   2   6   0.00062     0.052   11.7   0.1    31    63    95   127    92   132 0.90 -
augustus_predicted_4596 -            853 1014314at2759        -            222   8.3e-21   73.2   1.3   3   6   0.00037     0.031   12.4   0.0    27    62   134   170   127   179 0.85 -
augustus_predicted_4596 -            853 1014314at2759        -            222   8.3e-21   73.2   1.3   4   6   0.00035     0.029   12.5   0.0    26    65   177   218   173   222 0.85 -
augustus_predicted_4596 -            853 1014314at2759        -            222   8.3e-21   73.2   1.3   5   6   0.00026     0.022   12.9   0.0    29    68   224   263   219   277 0.89 -
augustus_predicted_4596 -            853 1014314at2759        -            222   8.3e-21   73.2   1.3   6   6       6.6   5.5e+02   -1.4   0.0   162   187   459   484   450   492 0.67 -
augustus_predicted_3372 -            450 1014314at2759        -            222   1.1e-20   72.8   0.9   1   5    0.0048      0.41    8.8   0.0   126   153    71    99    63   103 0.71 -
augustus_predicted_3372 -            450 1014314at2759        -            222   1.1e-20   72.8   0.9   2   5   7.2e-05    0.0061   14.8   0.0    25    98   105   177   100   183 0.77 -
augustus_predicted_3372 -            450 1014314at2759        -            222   1.1e-20   72.8   0.9   3   5       1.9   1.6e+02    0.4   0.0   171   206   161   196   141   200 0.76 -
augustus_predicted_3372 -            450 1014314at2759        -            222   1.1e-20   72.8   0.9   4   5   0.00025     0.021   13.0   0.1     2    67   203   277   202   285 0.64 -
augustus_predicted_3372 -            450 1014314at2759        -            222   1.1e-20   72.8   0.9   5   5     2e-08   1.7e-06   26.4   0.0     2    69   289   365   288   369 0.80 -
augustus_predicted_6001 -            309 1014314at2759        -            222     8e-20   70.0  11.0   1   3   4.9e-05    0.0041   15.3   0.0     5    40    19    54    15    58 0.87 -
augustus_predicted_6001 -            309 1014314at2759        -            222     8e-20   70.0  11.0   2   3   1.6e-09   1.3e-07   30.0   1.0    39   154    84   202    59   205 0.79 -
augustus_predicted_6001 -            309 1014314at2759        -            222     8e-20   70.0  11.0   3   3   1.2e-06   9.8e-05   20.6   2.8    24   102   209   302   203   304 0.72 -
augustus_predicted_4417 -            594 1014314at2759        -            222   9.7e-20   69.7   7.0   1   6    0.0013      0.11   10.7   0.0   125   186    95   160    83   168 0.79 -
augustus_predicted_4417 -            594 1014314at2759        -            222   9.7e-20   69.7   7.0   2   6   1.3e-06   0.00011   20.5   0.4     2    64   143   213   142   220 0.84 -
augustus_predicted_4417 -            594 1014314at2759        -            222   9.7e-20   69.7   7.0   3   6   7.5e-05    0.0063   14.7   0.1    29    65   220   256   217   261 0.92 -
augustus_predicted_4417 -            594 1014314at2759        -            222   9.7e-20   69.7   7.0   4   6   0.00087     0.073   11.3   0.0    22    66   255   300   253   305 0.88 -
augustus_predicted_4417 -            594 1014314at2759        -            222   9.7e-20   69.7   7.0   5   6   0.00021     0.018   13.2   0.0    12    54   280   330   276   334 0.82 -
augustus_predicted_4417 -            594 1014314at2759        -            222   9.7e-20   69.7   7.0   6   6    0.0036       0.3    9.2   0.0     2    30   382   410   381   422 0.87 -
augustus_predicted_6895 -           1211 1014314at2759        -            222   2.9e-19   68.1   5.3   1   6   0.00081     0.068   11.3   0.0    32    64    14    46     7    53 0.89 -
augustus_predicted_6895 -           1211 1014314at2759        -            222   2.9e-19   68.1   5.3   2   6   9.8e-06   0.00082   17.6   0.0     5    61    63   127    59   136 0.48 -
augustus_predicted_6895 -           1211 1014314at2759        -            222   2.9e-19   68.1   5.3   3   6   0.00019     0.016   13.4   0.3    29    65   137   173   122   196 0.70 -
augustus_predicted_6895 -           1211 1014314at2759        -            222   2.9e-19   68.1   5.3   4   6    0.0018      0.15   10.2   0.0    25    67   207   249   194   255 0.85 -
augustus_predicted_6895 -           1211 1014314at2759        -            222   2.9e-19   68.1   5.3   5   6    0.0016      0.13   10.4   0.1    28    65   254   291   245   359 0.86 -
augustus_predicted_6895 -           1211 1014314at2759        -            222   2.9e-19   68.1   5.3   6   6       4.7     4e+02   -1.0   0.0    69    96   503   530   478   544 0.70 -
augustus_predicted_7569 -           1229 1014314at2759        -            222   3.1e-19   68.1   0.5   1   4     0.028       2.4    6.3   0.0   123   151    12    41     9    47 0.82 -
augustus_predicted_7569 -           1229 1014314at2759        -            222   3.1e-19   68.1   0.5   2   4   1.4e-06   0.00012   20.4   0.0   131   194    61   124    56   137 0.90 -
augustus_predicted_7569 -           1229 1014314at2759        -            222   3.1e-19   68.1   0.5   3   4    0.0018      0.15   10.2   0.0   129   154   143   168   136   185 0.87 -
augustus_predicted_7569 -           1229 1014314at2759        -            222   3.1e-19   68.1   0.5   4   4   3.5e-08   2.9e-06   25.6   0.1     4    95   194   301   191   311 0.82 -
augustus_predicted_3193 -            393 1014314at2759        -            222   3.1e-19   68.1   2.5   1   5       8.6   7.2e+02   -1.8   0.0    31    50   136   155   131   170 0.83 -
augustus_predicted_3193 -            393 1014314at2759        -            222   3.1e-19   68.1   2.5   2   5   0.00099     0.083   11.1   0.1    19    67   182   231   167   237 0.80 -
augustus_predicted_3193 -            393 1014314at2759        -            222   3.1e-19   68.1   2.5   3   5   2.8e-07   2.4e-05   22.7   0.0    27    71   237   282   229   284 0.86 -
augustus_predicted_3193 -            393 1014314at2759        -            222   3.1e-19   68.1   2.5   4   5   1.9e-07   1.6e-05   23.2   0.1    30    68   284   323   280   326 0.88 -
augustus_predicted_3193 -            393 1014314at2759        -            222   3.1e-19   68.1   2.5   5   5    0.0062      0.52    8.5   0.0    28    62   339   374   329   380 0.85 -
augustus_predicted_1438 -            454 1014314at2759        -            222   5.2e-19   67.3  11.5   1   7    0.0087      0.73    8.0   0.1    30    66   164   200   160   208 0.68 -
augustus_predicted_1438 -            454 1014314at2759        -            222   5.2e-19   67.3  11.5   2   7    0.0012       0.1   10.7   0.0   127   154   212   239   209   243 0.89 -
augustus_predicted_1438 -            454 1014314at2759        -            222   5.2e-19   67.3  11.5   3   7    0.0031      0.26    9.4   0.1   120   177   250   307   245   311 0.85 -
augustus_predicted_1438 -            454 1014314at2759        -            222   5.2e-19   67.3  11.5   4   7     8e-05    0.0067   14.6   0.2    13    67   268   331   264   340 0.58 -
augustus_predicted_1438 -            454 1014314at2759        -            222   5.2e-19   67.3  11.5   5   7   1.3e-08   1.1e-06   27.0   0.0   127   187   299   360   287   360 0.92 -
augustus_predicted_1438 -            454 1014314at2759        -            222   5.2e-19   67.3  11.5   6   7   6.6e-09   5.6e-07   28.0   0.0   119   200   333   419   330   423 0.85 -
augustus_predicted_1438 -            454 1014314at2759        -            222   5.2e-19   67.3  11.5   7   7     0.017       1.4    7.0   0.1   120   151   420   452   416   454 0.82 -
augustus_predicted_7939 -            915 1014314at2759        -            222     9e-19   66.5   7.5   1   6    0.0035      0.29    9.3   0.0   125   173   532   578   518   580 0.81 -
augustus_predicted_7939 -            915 1014314at2759        -            222     9e-19   66.5   7.5   2   6   5.2e-05    0.0044   15.2   0.1   134   174   579   619   574   625 0.87 -
augustus_predicted_7939 -            915 1014314at2759        -            222     9e-19   66.5   7.5   3   6       1.8   1.5e+02    0.4   0.0   132   153   635   656   628   659 0.74 -
augustus_predicted_7939 -            915 1014314at2759        -            222     9e-19   66.5   7.5   4   6   2.2e-05    0.0018   16.5   0.4     6    64   692   758   686   761 0.83 -
augustus_predicted_7939 -            915 1014314at2759        -            222     9e-19   66.5   7.5   5   6      0.01      0.87    7.7   0.1   120   156   722   759   719   772 0.75 -
augustus_predicted_7939 -            915 1014314at2759        -            222     9e-19   66.5   7.5   6   6   1.5e-07   1.2e-05   23.6   0.1   120   201   764   843   760   849 0.91 -
augustus_predicted_7051 -            900 1014314at2759        -            222     1e-17   63.1   3.7   1   4    0.0013      0.11   10.7   0.0   121   162   319   360   314   370 0.78 -
augustus_predicted_7051 -            900 1014314at2759        -            222     1e-17   63.1   3.7   2   4   2.5e-06   0.00021   19.5   0.6   120   191   407   475   397   489 0.71 -
augustus_predicted_7051 -            900 1014314at2759        -            222     1e-17   63.1   3.7   3   4   8.8e-08   7.4e-06   24.3   0.0   132   202   498   570   485   571 0.88 -
augustus_predicted_7051 -            900 1014314at2759        -            222     1e-17   63.1   3.7   4   4     0.017       1.4    7.0   0.0   119   154   568   604   566   607 0.83 -
augustus_predicted_1758 -            506 1014314at2759        -            222   1.2e-17   62.9   2.1   1   5       2.9   2.5e+02   -0.3   0.0    72    85   188   201   180   213 0.74 -
augustus_predicted_1758 -            506 1014314at2759        -            222   1.2e-17   62.9   2.1   2   5       3.5   2.9e+02   -0.5   0.0   133   154   244   265   240   267 0.83 -
augustus_predicted_1758 -            506 1014314at2759        -            222   1.2e-17   62.9   2.1   3   5   1.9e-10   1.6e-08   33.0   0.0   119   199   271   354   268   356 0.87 -
augustus_predicted_1758 -            506 1014314at2759        -            222   1.2e-17   62.9   2.1   4   5   7.4e-08   6.3e-06   24.5   0.0     2    67   322   395   321   404 0.86 -
augustus_predicted_1758 -            506 1014314at2759        -            222   1.2e-17   62.9   2.1   5   5   4.4e-05    0.0037   15.5   0.1   130   187   440   497   433   503 0.92 -
augustus_predicted_4366 -           1154 1014314at2759        -            222   1.6e-17   62.5   5.2   1   5      0.23        20    3.3   0.0    13    31   304   322   266   326 0.74 -
augustus_predicted_4366 -           1154 1014314at2759        -            222   1.6e-17   62.5   5.2   2   5   1.3e-05    0.0011   17.2   0.5    14    79   305   377   295   381 0.63 -
augustus_predicted_4366 -           1154 1014314at2759        -            222   1.6e-17   62.5   5.2   3   5     8e-06   0.00067   17.9   0.7   121   187   328   392   323   404 0.82 -
augustus_predicted_4366 -           1154 1014314at2759        -            222   1.6e-17   62.5   5.2   4   5   0.00012     0.011   14.0   0.0     7    36   419   448   414   450 0.79 -
augustus_predicted_4366 -           1154 1014314at2759        -            222   1.6e-17   62.5   5.2   5   5   2.5e-07   2.1e-05   22.8   0.0   121   202   449   529   446   534 0.87 -
augustus_predicted_1233 -            746 1014314at2759        -            222   5.7e-17   60.6   8.1   1   5     0.029       2.5    6.3   0.0   113   153   382   422   375   427 0.86 -
augustus_predicted_1233 -            746 1014314at2759        -            222   5.7e-17   60.6   8.1   2   5     0.023         2    6.6   0.1   136   173   471   508   464   510 0.88 -
augustus_predicted_1233 -            746 1014314at2759        -            222   5.7e-17   60.6   8.1   3   5   7.1e-11     6e-09   34.4   0.1     3    65   505   575   503   581 0.88 -
augustus_predicted_1233 -            746 1014314at2759        -            222   5.7e-17   60.6   8.1   4   5   9.2e-10   7.7e-08   30.8   0.1   127   187   546   606   541   621 0.91 -
augustus_predicted_1233 -            746 1014314at2759        -            222   5.7e-17   60.6   8.1   5   5    0.0038      0.32    9.2   0.2     2    29   631   658   630   667 0.81 -
augustus_predicted_3800 -            684 1014314at2759        -            222   1.1e-16   59.7   0.0   1   3   1.7e-08   1.5e-06   26.6   0.0   126   189    16    86     8    98 0.82 -
augustus_predicted_3800 -            684 1014314at2759        -            222   1.1e-16   59.7   0.0   2   3   5.3e-09   4.5e-07   28.3   0.0     2    70   125   201   124   207 0.89 -
augustus_predicted_3800 -            684 1014314at2759        -            222   1.1e-16   59.7   0.0   3   3       2.2   1.9e+02    0.1   0.0    71    86   490   505   455   515 0.55 -
augustus_predicted_6922 -            336 1014314at2759        -            222   1.5e-16   59.2   0.2   1   5     0.013       1.1    7.4   0.0    30    60     7    37     4    44 0.85 -
augustus_predicted_6922 -            336 1014314at2759        -            222   1.5e-16   59.2   0.2   2   5   2.5e-09   2.1e-07   29.4   0.0   121   186    48   113    43   117 0.86 -
augustus_predicted_6922 -            336 1014314at2759        -            222   1.5e-16   59.2   0.2   3   5    0.0026      0.21    9.7   0.0   133   187   157   213   141   225 0.75 -
augustus_predicted_6922 -            336 1014314at2759        -            222   1.5e-16   59.2   0.2   4   5       2.4     2e+02   -0.0   0.0   119   149   228   258   218   273 0.85 -
augustus_predicted_6922 -            336 1014314at2759        -            222   1.5e-16   59.2   0.2   5   5      0.07       5.9    5.0   0.0   128   152   293   317   280   326 0.64 -
augustus_predicted_5146 -            608 1014314at2759        -            222   5.4e-15   54.2   5.3   1   5   0.00095      0.08   11.1   0.0   118   173   272   328   270   330 0.89 -
augustus_predicted_5146 -            608 1014314at2759        -            222   5.4e-15   54.2   5.3   2   5   0.00023      0.02   13.1   0.1   123   155   319   350   316   361 0.79 -
augustus_predicted_5146 -            608 1014314at2759        -            222   5.4e-15   54.2   5.3   3   5   0.00064     0.054   11.7   0.1   120   171   384   434   358   447 0.61 -
augustus_predicted_5146 -            608 1014314at2759        -            222   5.4e-15   54.2   5.3   4   5   0.00029     0.024   12.8   0.0   137   174   465   502   459   505 0.92 -
augustus_predicted_5146 -            608 1014314at2759        -            222   5.4e-15   54.2   5.3   5   5    0.0037      0.31    9.2   0.0   123   193   492   560   488   567 0.57 -
augustus_predicted_5811 -           1271 1014314at2759        -            222   8.8e-15   53.5   0.8   1   4   2.2e-06   0.00019   19.7   0.0    30    67   190   228   150   239 0.83 -
augustus_predicted_5811 -           1271 1014314at2759        -            222   8.8e-15   53.5   0.8   2   4    0.0011     0.094   10.9   0.0    30    68   242   281   229   290 0.86 -
augustus_predicted_5811 -           1271 1014314at2759        -            222   8.8e-15   53.5   0.8   3   4    0.0001    0.0088   14.2   0.0     3    29   293   319   291   327 0.89 -
augustus_predicted_5811 -           1271 1014314at2759        -            222   8.8e-15   53.5   0.8   4   4      0.19        16    3.6   0.0    39    87   399   451   386   457 0.64 -
augustus_predicted_7659 -            474 1014314at2759        -            222   4.7e-14   51.1   0.6   1   5   0.00023      0.02   13.1   0.1   116   178    52   115    36   126 0.70 -
augustus_predicted_7659 -            474 1014314at2759        -            222   4.7e-14   51.1   0.6   2   5      0.22        18    3.4   0.0    22    59   107   147    92   151 0.56 -
augustus_predicted_7659 -            474 1014314at2759        -            222   4.7e-14   51.1   0.6   3   5       4.7     4e+02   -1.0   0.0    37    65   170   199   154   203 0.75 -
augustus_predicted_7659 -            474 1014314at2759        -            222   4.7e-14   51.1   0.6   4   5   1.6e-05    0.0014   16.9   0.0    30    69   206   246   181   261 0.87 -
augustus_predicted_7659 -            474 1014314at2759        -            222   4.7e-14   51.1   0.6   5   5   0.00021     0.017   13.3   0.0     2    34   286   318   276   324 0.69 -
augustus_predicted_181  -            445 1014314at2759        -            222   1.8e-13   49.2  10.7   1   6    0.0013      0.11   10.7   0.1    14    68    41   107    36   119 0.74 -
augustus_predicted_181  -            445 1014314at2759        -            222   1.8e-13   49.2  10.7   2   6   6.7e-09   5.6e-07   28.0   0.9     1    60   147   219   147   223 0.81 -
augustus_predicted_181  -            445 1014314at2759        -            222   1.8e-13   49.2  10.7   3   6   0.00012      0.01   14.0   0.2     2    39   195   232   194   259 0.72 -
augustus_predicted_181  -            445 1014314at2759        -            222   1.8e-13   49.2  10.7   4   6     0.019       1.6    6.8   0.0     9    30   272   293   267   299 0.84 -
augustus_predicted_181  -            445 1014314at2759        -            222   1.8e-13   49.2  10.7   5   6       2.5   2.1e+02   -0.1   0.0     2    28   332   358   331   368 0.82 -
augustus_predicted_181  -            445 1014314at2759        -            222   1.8e-13   49.2  10.7   6   6       1.9   1.6e+02    0.3   0.0    44    61   425   442   421   445 0.74 -
augustus_predicted_3031 -            855 1014314at2759        -            222   2.2e-13   48.9   2.1   1   5    0.0042      0.35    9.0   0.0   128   175   541   588   531   591 0.82 -
augustus_predicted_3031 -            855 1014314at2759        -            222   2.2e-13   48.9   2.1   2   5   4.5e-06   0.00038   18.7   0.1   132   189   587   644   580   653 0.93 -
augustus_predicted_3031 -            855 1014314at2759        -            222   2.2e-13   48.9   2.1   3   5     0.084         7    4.8   0.0     5    64   669   735   665   740 0.68 -
augustus_predicted_3031 -            855 1014314at2759        -            222   2.2e-13   48.9   2.1   4   5      0.12       9.8    4.3   0.1   128   201   708   786   704   788 0.71 -
augustus_predicted_3031 -            855 1014314at2759        -            222   2.2e-13   48.9   2.1   5   5   0.00018     0.015   13.4   0.0    14    61   764   821   752   830 0.73 -
augustus_predicted_8386 -            492 1014314at2759        -            222   2.2e-13   48.9   8.7   1   3     4e-10   3.4e-08   32.0   0.9    30    69   300   340   292   359 0.83 -
augustus_predicted_8386 -            492 1014314at2759        -            222   2.2e-13   48.9   8.7   2   3     0.031       2.6    6.2   0.4    34    65   349   381   344   390 0.65 -
augustus_predicted_8386 -            492 1014314at2759        -            222   2.2e-13   48.9   8.7   3   3   0.00013     0.011   14.0   0.2    32    64   402   435   392   442 0.75 -
augustus_predicted_6954 -            554 1014314at2759        -            222   6.8e-13   47.3   4.0   1   3   0.00041     0.035   12.3   0.1     2    43   292   341   259   363 0.70 -
augustus_predicted_6954 -            554 1014314at2759        -            222   6.8e-13   47.3   4.0   2   3   3.2e-08   2.7e-06   25.8   1.0     2    83   375   475   374   489 0.75 -
augustus_predicted_6954 -            554 1014314at2759        -            222   6.8e-13   47.3   4.0   3   3    0.0086      0.72    8.0   0.0   121   153   498   531   480   534 0.64 -
augustus_predicted_7863 -            859 1014314at2759        -            222   7.3e-13   47.2   6.7   1   4   7.7e-07   6.5e-05   21.2   0.1     7    64   338   406   334   412 0.78 -
augustus_predicted_7863 -            859 1014314at2759        -            222   7.3e-13   47.2   6.7   2   4       0.1       8.6    4.5   0.0   134   155   426   447   413   453 0.66 -
augustus_predicted_7863 -            859 1014314at2759        -            222   7.3e-13   47.2   6.7   3   4   4.9e-06   0.00042   18.6   0.1   120   190   501   568   496   583 0.79 -
augustus_predicted_7863 -            859 1014314at2759        -            222   7.3e-13   47.2   6.7   4   4      0.75        63    1.6   0.1    13    37   670   694   666   706 0.85 -
augustus_predicted_733  -            618 1014314at2759        -            222   7.6e-13   47.2   3.8   1   3    0.0016      0.13   10.4   0.1   144   201   322   382   310   390 0.73 -
augustus_predicted_733  -            618 1014314at2759        -            222   7.6e-13   47.2   3.8   2   3   2.8e-07   2.4e-05   22.6   0.1   111   175   412   480   396   480 0.80 -
augustus_predicted_733  -            618 1014314at2759        -            222   7.6e-13   47.2   3.8   3   3   1.6e-08   1.4e-06   26.7   0.3     2    69   431   510   430   591 0.70 -
augustus_predicted_6173 -           1462 1014314at2759        -            222     1e-12   46.7   3.5   1   3   4.3e-05    0.0036   15.5   0.1    25    71   111   158   101   164 0.85 -
augustus_predicted_6173 -           1462 1014314at2759        -            222     1e-12   46.7   3.5   2   3   6.7e-05    0.0056   14.9   0.1    36    64   166   194   162   203 0.91 -
augustus_predicted_6173 -           1462 1014314at2759        -            222     1e-12   46.7   3.5   3   3   6.2e-05    0.0052   15.0   0.0    31    65   204   239   199   248 0.91 -
augustus_predicted_5540 -           1198 1014314at2759        -            222     1e-12   46.7   1.3   1   4     0.062       5.2    5.2   0.0   125   185   768   833   760   839 0.83 -
augustus_predicted_5540 -           1198 1014314at2759        -            222     1e-12   46.7   1.3   2   4   3.6e-08     3e-06   25.6   0.1     2    66   876   950   875   958 0.84 -
augustus_predicted_5540 -           1198 1014314at2759        -            222     1e-12   46.7   1.3   3   4    0.0077      0.64    8.2   0.0   128   166   966  1004   954  1014 0.82 -
augustus_predicted_5540 -           1198 1014314at2759        -            222     1e-12   46.7   1.3   4   4      0.25        21    3.2   0.0   134   156  1056  1078  1035  1093 0.83 -
augustus_predicted_2475 -            596 1014314at2759        -            222   1.2e-12   46.6   3.1   1   3   4.9e-05    0.0041   15.3   0.1   122   182   104   167    96   173 0.82 -
augustus_predicted_2475 -            596 1014314at2759        -            222   1.2e-12   46.6   3.1   2   3   2.2e-06   0.00019   19.7   0.0    27    73   212   259   194   273 0.86 -
augustus_predicted_2475 -            596 1014314at2759        -            222   1.2e-12   46.6   3.1   3   3    0.0046      0.39    8.9   0.0   127   186   324   388   312   396 0.69 -
augustus_predicted_5876 -            625 1014314at2759        -            222   1.3e-12   46.4   1.9   1   3     3e-09   2.6e-07   29.1   0.0   115   177   221   284   213   291 0.88 -
augustus_predicted_5876 -            625 1014314at2759        -            222   1.3e-12   46.4   1.9   2   3   0.00049     0.041   12.1   0.2     4    52   284   332   282   358 0.75 -
augustus_predicted_5876 -            625 1014314at2759        -            222   1.3e-12   46.4   1.9   3   3      0.47        40    2.3   0.0   137   154   383   400   370   411 0.80 -
augustus_predicted_4243 -            611 1014314at2759        -            222   1.3e-12   46.4   0.3   1   3    0.0066      0.56    8.4   0.0    30    62    78   111    74   116 0.86 -
augustus_predicted_4243 -            611 1014314at2759        -            222   1.3e-12   46.4   0.3   2   3   2.7e-06   0.00023   19.4   0.0    30    66   136   173   128   179 0.89 -
augustus_predicted_4243 -            611 1014314at2759        -            222   1.3e-12   46.4   0.3   3   3   0.00021     0.018   13.2   0.4     2    64   184   259   183   263 0.62 -
augustus_predicted_7622 -            595 1014314at2759        -            222   1.6e-12   46.1   3.8   1   5    0.0017      0.14   10.3   0.0    29    65   297   334   289   337 0.83 -
augustus_predicted_7622 -            595 1014314at2759        -            222   1.6e-12   46.1   3.8   2   5   2.3e-05     0.002   16.4   0.0   120   201   340   426   336   428 0.72 -
augustus_predicted_7622 -            595 1014314at2759        -            222   1.6e-12   46.1   3.8   3   5      0.27        23    3.1   0.0    30    62   428   460   424   507 0.86 -
augustus_predicted_7622 -            595 1014314at2759        -            222   1.6e-12   46.1   3.8   4   5     0.045       3.8    5.6   0.0   129   154   526   551   509   561 0.76 -
augustus_predicted_7622 -            595 1014314at2759        -            222   1.6e-12   46.1   3.8   5   5     0.013       1.1    7.4   0.1    10    61   532   595   530   595 0.59 -
augustus_predicted_740  -            477 1014314at2759        -            222     4e-12   44.8   1.0   1   3   3.3e-11   2.8e-09   35.5   0.0   127   202    28   105    18   114 0.88 -
augustus_predicted_740  -            477 1014314at2759        -            222     4e-12   44.8   1.0   2   3      0.73        61    1.7   0.2   123   179   177   232   166   250 0.63 -
augustus_predicted_740  -            477 1014314at2759        -            222     4e-12   44.8   1.0   3   3       0.2        16    3.6   0.0     4    62   282   350   279   383 0.52 -
augustus_predicted_1452 -            959 1014314at2759        -            222   4.2e-12   44.7   1.7   1   3    0.0034      0.29    9.3   0.0     2    29   308   335   307   345 0.81 -
augustus_predicted_1452 -            959 1014314at2759        -            222   4.2e-12   44.7   1.7   2   3    0.0019      0.16   10.1   0.1    29    63   369   402   360   409 0.87 -
augustus_predicted_1452 -            959 1014314at2759        -            222   4.2e-12   44.7   1.7   3   3     3e-09   2.5e-07   29.1   0.1    12   187   385   577   379   587 0.83 -
augustus_predicted_8627 -           1990 1014314at2759        -            222   5.1e-12   44.4  13.4   1   5      0.12       9.9    4.3   0.0   128   181   141   195   121   203 0.74 -
augustus_predicted_8627 -           1990 1014314at2759        -            222   5.1e-12   44.4  13.4   2   5   8.8e-06   0.00074   17.8   0.5     4    67   273   346   270   354 0.80 -
augustus_predicted_8627 -           1990 1014314at2759        -            222   5.1e-12   44.4  13.4   3   5       2.8   2.4e+02   -0.2   0.0    34   153   406   437   399   448 0.54 -
augustus_predicted_8627 -           1990 1014314at2759        -            222   5.1e-12   44.4  13.4   4   5   0.00046     0.039   12.1   0.1   131   205   535   613   504   618 0.79 -
augustus_predicted_8627 -           1990 1014314at2759        -            222   5.1e-12   44.4  13.4   5   5   0.00023     0.019   13.1   0.8     2    59   618   684   617   690 0.72 -
augustus_predicted_1215 -            535 1014314at2759        -            222   7.8e-12   43.9   7.7   1   6       2.3   1.9e+02    0.0   0.0    10    28   207   225   204   230 0.57 -
augustus_predicted_1215 -            535 1014314at2759        -            222   7.8e-12   43.9   7.7   2   6   3.7e-05    0.0031   15.7   0.1    25    68   257   301   250   305 0.83 -
augustus_predicted_1215 -            535 1014314at2759        -            222   7.8e-12   43.9   7.7   3   6    0.0092      0.77    7.9   0.1    30    65   305   341   301   347 0.84 -
augustus_predicted_1215 -            535 1014314at2759        -            222   7.8e-12   43.9   7.7   4   6      0.38        32    2.6   0.0    31    66   348   384   344   391 0.81 -
augustus_predicted_1215 -            535 1014314at2759        -            222   7.8e-12   43.9   7.7   5   6   0.00064     0.054   11.7   0.0    25    67   393   435   388   449 0.76 -
augustus_predicted_1215 -            535 1014314at2759        -            222   7.8e-12   43.9   7.7   6   6      0.11         9    4.4   0.0   136   160   460   484   446   493 0.80 -
augustus_predicted_3308 -            816 1014314at2759        -            222   1.2e-11   43.2   3.4   1   6    0.0024       0.2    9.8   0.0   136   201   123   193   102   197 0.77 -
augustus_predicted_3308 -            816 1014314at2759        -            222   1.2e-11   43.2   3.4   2   6       4.6   3.9e+02   -0.9   0.0    29    47   307   325   303   332 0.87 -
augustus_predicted_3308 -            816 1014314at2759        -            222   1.2e-11   43.2   3.4   3   6      0.11       9.5    4.3   0.0     2    32   466   496   465   500 0.88 -
augustus_predicted_3308 -            816 1014314at2759        -            222   1.2e-11   43.2   3.4   4   6     0.002      0.16   10.1   0.0    28    64   521   557   514   569 0.85 -
augustus_predicted_3308 -            816 1014314at2759        -            222   1.2e-11   43.2   3.4   5   6     0.038       3.2    5.9   0.1     6    32   573   599   568   608 0.65 -
augustus_predicted_3308 -            816 1014314at2759        -            222   1.2e-11   43.2   3.4   6   6     0.021       1.8    6.7   0.0   126   157   609   641   602   651 0.86 -
augustus_predicted_188  -            362 1014314at2759        -            222   2.8e-11   42.1   0.3   1   4   2.6e-05    0.0022   16.2   0.0    31    87    31    98    12   111 0.75 -
augustus_predicted_188  -            362 1014314at2759        -            222   2.8e-11   42.1   0.3   2   4     0.019       1.6    6.9   0.1   139   199   139   198   112   221 0.54 -
augustus_predicted_188  -            362 1014314at2759        -            222   2.8e-11   42.1   0.3   3   4      0.14        12    4.0   0.0   131   185   170   226   158   248 0.78 -
augustus_predicted_188  -            362 1014314at2759        -            222   2.8e-11   42.1   0.3   4   4   0.00029     0.025   12.8   0.0   125   184   264   323   256   327 0.92 -
augustus_predicted_283  -            977 1014314at2759        -            222   4.3e-11   41.4   0.3   1   4   0.00018     0.015   13.5   0.0     2    30     8    36     7    45 0.88 -
augustus_predicted_283  -            977 1014314at2759        -            222   4.3e-11   41.4   0.3   2   4   2.9e-05    0.0024   16.1   0.2     2    62    69   137    68   146 0.74 -
augustus_predicted_283  -            977 1014314at2759        -            222   4.3e-11   41.4   0.3   3   4       1.1        95    1.1   0.0    72   102   175   206   169   216 0.72 -
augustus_predicted_283  -            977 1014314at2759        -            222   4.3e-11   41.4   0.3   4   4      0.18        15    3.7   0.0    29    57   249   277   222   286 0.64 -
augustus_predicted_8867 -            785 1014314at2759        -            222   5.4e-11   41.1   1.1   1   4     0.011      0.93    7.6   0.0    27    64     8    44     3    58 0.86 -
augustus_predicted_8867 -            785 1014314at2759        -            222   5.4e-11   41.1   1.1   2   4   1.2e-05     0.001   17.3   0.1   122   189   108   174   103   188 0.78 -
augustus_predicted_8867 -            785 1014314at2759        -            222   5.4e-11   41.1   1.1   3   4       1.9   1.6e+02    0.3   0.0   133   153   204   224   202   231 0.86 -
augustus_predicted_8867 -            785 1014314at2759        -            222   5.4e-11   41.1   1.1   4   4    0.0015      0.13   10.5   0.0   120   192   231   302   227   316 0.79 -
augustus_predicted_4790 -            816 1014314at2759        -            222   5.7e-11   41.0  17.2   1   9      0.26        22    3.2   0.0    25    61    50    90    18   100 0.63 -
augustus_predicted_4790 -            816 1014314at2759        -            222   5.7e-11   41.0  17.2   2   9      0.28        24    3.0   0.0   136   153    74    91    49   115 0.59 -
augustus_predicted_4790 -            816 1014314at2759        -            222   5.7e-11   41.0  17.2   3   9    0.0045      0.38    8.9   0.1   121   153   105   138    98   144 0.84 -
augustus_predicted_4790 -            816 1014314at2759        -            222   5.7e-11   41.0  17.2   4   9     0.094       7.9    4.6   0.0    10    67   228   252   193   300 0.64 -
augustus_predicted_4790 -            816 1014314at2759        -            222   5.7e-11   41.0  17.2   5   9      0.61        52    1.9   0.0    36    61   302   329   283   336 0.62 -
augustus_predicted_4790 -            816 1014314at2759        -            222   5.7e-11   41.0  17.2   6   9    0.0088      0.74    8.0   0.1    30    68   402   440   367   449 0.87 -
augustus_predicted_4790 -            816 1014314at2759        -            222   5.7e-11   41.0  17.2   7   9   0.00031     0.026   12.7   0.3   129   187   578   642   565   657 0.74 -
augustus_predicted_4790 -            816 1014314at2759        -            222   5.7e-11   41.0  17.2   8   9      0.13        11    4.1   0.0   138   174   687   724   681   749 0.71 -
augustus_predicted_4790 -            816 1014314at2759        -            222   5.7e-11   41.0  17.2   9   9       5.2   4.4e+02   -1.1   0.0    51    55   787   791   764   813 0.49 -
augustus_predicted_1456 -            364 1014314at2759        -            222     8e-11   40.5   0.1   1   4   0.00075     0.063   11.5   0.0   125   188    43   106    28   109 0.75 -
augustus_predicted_1456 -            364 1014314at2759        -            222     8e-11   40.5   0.1   2   4   6.1e-06   0.00051   18.3   0.0    30    87   125   189   117   201 0.74 -
augustus_predicted_1456 -            364 1014314at2759        -            222     8e-11   40.5   0.1   3   4      0.59        50    2.0   0.0   168   183   226   241   169   246 0.55 -
augustus_predicted_1456 -            364 1014314at2759        -            222     8e-11   40.5   0.1   4   4      0.22        19    3.4   0.0   132   190   289   354   286   363 0.69 -
augustus_predicted_2706 -            357 1014314at2759        -            222   9.6e-11   40.3   0.2   1   3      0.06         5    5.2   0.0    27    67     7    49     3    53 0.72 -
augustus_predicted_2706 -            357 1014314at2759        -            222   9.6e-11   40.3   0.2   2   3      0.41        35    2.5   0.2   157   187    95   125    69   150 0.75 -
augustus_predicted_2706 -            357 1014314at2759        -            222   9.6e-11   40.3   0.2   3   3   6.5e-09   5.5e-07   28.0   0.0   127   184   265   322   259   325 0.94 -
augustus_predicted_1978 -            609 1014314at2759        -            222   1.6e-10   39.5   2.8   1   6      0.25        21    3.2   0.0    25    65   273   317   263   351 0.70 -
augustus_predicted_1978 -            609 1014314at2759        -            222   1.6e-10   39.5   2.8   2   6    0.0012     0.097   10.8   0.1    29    71   351   394   344   397 0.85 -
augustus_predicted_1978 -            609 1014314at2759        -            222   1.6e-10   39.5   2.8   3   6    0.0018      0.15   10.2   0.0    31    76   396   440   392   448 0.85 -
augustus_predicted_1978 -            609 1014314at2759        -            222   1.6e-10   39.5   2.8   4   6         4   3.4e+02   -0.7   0.0    40    65   470   497   467   504 0.71 -
augustus_predicted_1978 -            609 1014314at2759        -            222   1.6e-10   39.5   2.8   5   6    0.0027      0.23    9.6   0.0    30    62   505   538   502   546 0.61 -
augustus_predicted_1978 -            609 1014314at2759        -            222   1.6e-10   39.5   2.8   6   6       2.4     2e+02   -0.0   0.0    65    88   571   594   567   599 0.78 -
augustus_predicted_5178 -            475 1014314at2759        -            222   2.2e-10   39.1   1.5   1   3   3.2e-10   2.7e-08   32.3   0.6   124   193   320   388   203   400 0.89 -
augustus_predicted_5178 -            475 1014314at2759        -            222   2.2e-10   39.1   1.5   2   3      0.16        13    3.8   0.1   146   183   384   420   378   453 0.64 -
augustus_predicted_5178 -            475 1014314at2759        -            222   2.2e-10   39.1   1.5   3   3       2.3   1.9e+02    0.1   0.0     2    19   406   423   401   474 0.51 -
augustus_predicted_4325 -           1282 1014314at2759        -            222   2.8e-10   38.8   1.9   1   5     0.084         7    4.8   0.0    24    52   111   139    86   153 0.86 -
augustus_predicted_4325 -           1282 1014314at2759        -            222   2.8e-10   38.8   1.9   2   5    0.0032      0.27    9.4   0.2    32    68   165   202   160   207 0.84 -
augustus_predicted_4325 -           1282 1014314at2759        -            222   2.8e-10   38.8   1.9   3   5   0.00011    0.0095   14.1   0.0    31    67   208   248   203   259 0.84 -
augustus_predicted_4325 -           1282 1014314at2759        -            222   2.8e-10   38.8   1.9   4   5       1.4   1.2e+02    0.7   0.0    30    60   254   285   250   292 0.76 -
augustus_predicted_4325 -           1282 1014314at2759        -            222   2.8e-10   38.8   1.9   5   5     0.059       4.9    5.3   0.0     9    70   268   338   259   346 0.67 -
augustus_predicted_5862 -            485 1014314at2759        -            222   3.1e-10   38.6   4.2   1   5       0.3        25    2.9   0.0   135   158   137   160   115   175 0.79 -
augustus_predicted_5862 -            485 1014314at2759        -            222   3.1e-10   38.6   4.2   2   5      0.15        13    3.9   0.0   141   159   143   161   133   208 0.46 -
augustus_predicted_5862 -            485 1014314at2759        -            222   3.1e-10   38.6   4.2   3   5    0.0025      0.21    9.7   0.1    30    65   218   253   181   259 0.88 -
augustus_predicted_5862 -            485 1014314at2759        -            222   3.1e-10   38.6   4.2   4   5    0.0053      0.45    8.7   0.1    31    94   293   365   288   371 0.70 -
augustus_predicted_5862 -            485 1014314at2759        -            222   3.1e-10   38.6   4.2   5   5   0.00036      0.03   12.5   0.0    29    66   378   416   367   421 0.56 -
augustus_predicted_742  -            355 1014314at2759        -            222   5.1e-09   34.6   0.3   1   3   0.00017     0.014   13.6   0.1   117   183    50   120    29   125 0.66 -
augustus_predicted_742  -            355 1014314at2759        -            222   5.1e-09   34.6   0.3   2   3   0.00046     0.038   12.2   0.0    30    74   145   190   141   213 0.83 -
augustus_predicted_742  -            355 1014314at2759        -            222   5.1e-09   34.6   0.3   3   3      0.12        10    4.2   0.0    25    65   288   329   275   337 0.67 -
augustus_predicted_8796 -            525 1014314at2759        -            222   9.1e-09   33.8   0.8   1   6     0.024         2    6.5   0.0   118   153    60    97    46   103 0.82 -
augustus_predicted_8796 -            525 1014314at2759        -            222   9.1e-09   33.8   0.8   2   6      0.14        12    4.0   0.0    30    64   130   165   121   181 0.74 -
augustus_predicted_8796 -            525 1014314at2759        -            222   9.1e-09   33.8   0.8   3   6     0.039       3.2    5.9   0.0   164   187   238   261   199   286 0.58 -
augustus_predicted_8796 -            525 1014314at2759        -            222   9.1e-09   33.8   0.8   4   6     0.033       2.7    6.1   0.0    73   100   247   274   238   330 0.52 -
augustus_predicted_8796 -            525 1014314at2759        -            222   9.1e-09   33.8   0.8   5   6    0.0034      0.29    9.3   0.0   134   177   382   427   371   447 0.77 -
augustus_predicted_8796 -            525 1014314at2759        -            222   9.1e-09   33.8   0.8   6   6       7.4   6.3e+02   -1.6   0.0    49    65   452   469   438   481 0.71 -
augustus_predicted_672  -            355 1014314at2759        -            222   1.2e-08   33.5   7.4   1   5      0.16        13    3.8   0.0    33    63    59    90    56   100 0.80 -
augustus_predicted_672  -            355 1014314at2759        -            222   1.2e-08   33.5   7.4   2   5   0.00035     0.029   12.5   0.4    30    61   100   132    89   146 0.86 -
augustus_predicted_672  -            355 1014314at2759        -            222   1.2e-08   33.5   7.4   3   5   7.8e-06   0.00066   17.9   0.3     2    68   106   181   105   193 0.77 -
augustus_predicted_672  -            355 1014314at2759        -            222   1.2e-08   33.5   7.4   4   5    0.0053      0.45    8.7   0.1    30    61   254   286   219   294 0.79 -
augustus_predicted_672  -            355 1014314at2759        -            222   1.2e-08   33.5   7.4   5   5       1.5   1.3e+02    0.7   0.1    51    65   338   353   315   355 0.59 -
augustus_predicted_2249 -            830 1014314at2759        -            222   1.4e-08   33.2   0.6   1   4       1.8   1.5e+02    0.4   0.1    14    47   368   408   352   424 0.58 -
augustus_predicted_2249 -            830 1014314at2759        -            222   1.4e-08   33.2   0.6   2   4   3.5e-07   2.9e-05   22.4   0.0   117   162   457   503   450   509 0.87 -
augustus_predicted_2249 -            830 1014314at2759        -            222   1.4e-08   33.2   0.6   3   4     0.069       5.8    5.0   0.0    31   164   594   639   571   662 0.56 -
augustus_predicted_2249 -            830 1014314at2759        -            222   1.4e-08   33.2   0.6   4   4       8.1   6.8e+02   -1.7   0.0    49    69   781   801   776   811 0.76 -
augustus_predicted_2415 -            717 1014314at2759        -            222   5.7e-08   31.2   0.6   1   4     0.045       3.8    5.6   0.0   160   188   282   310   244   325 0.72 -
augustus_predicted_2415 -            717 1014314at2759        -            222   5.7e-08   31.2   0.6   2   4   0.00014     0.012   13.8   0.0    30    65   327   364   322   373 0.83 -
augustus_predicted_2415 -            717 1014314at2759        -            222   5.7e-08   31.2   0.6   3   4     0.059       4.9    5.3   0.0    35    66   426   460   418   464 0.73 -
augustus_predicted_2415 -            717 1014314at2759        -            222   5.7e-08   31.2   0.6   4   4       1.4   1.2e+02    0.8   0.0    30    55   652   675   640   688 0.68 -
augustus_predicted_5688 -            541 1014314at2759        -            222   7.7e-08   30.8   0.1   1   5      0.31        26    2.9   0.0   146   187    76   117    65   133 0.73 -
augustus_predicted_5688 -            541 1014314at2759        -            222   7.7e-08   30.8   0.1   2   5   0.00033     0.028   12.6   0.1     9    67   106   173   103   190 0.70 -
augustus_predicted_5688 -            541 1014314at2759        -            222   7.7e-08   30.8   0.1   3   5     0.046       3.9    5.6   0.0    31    71   179   223   171   234 0.68 -
augustus_predicted_5688 -            541 1014314at2759        -            222   7.7e-08   30.8   0.1   4   5    0.0066      0.56    8.4   0.0   138   203   199   265   193   278 0.78 -
augustus_predicted_5688 -            541 1014314at2759        -            222   7.7e-08   30.8   0.1   5   5     0.092       7.8    4.6   0.0   121   154   264   298   231   315 0.56 -
augustus_predicted_1835 -            472 1014314at2759        -            222   7.9e-08   30.7   7.1   1   5    0.0058      0.49    8.5   0.0   127   156    32    61    24    75 0.82 -
augustus_predicted_1835 -            472 1014314at2759        -            222   7.9e-08   30.7   7.1   2   5     0.042       3.5    5.7   0.1    34    64    90   122    84   132 0.77 -
augustus_predicted_1835 -            472 1014314at2759        -            222   7.9e-08   30.7   7.1   3   5      0.38        32    2.6   0.1    26    26   224   224   188   271 0.48 -
augustus_predicted_1835 -            472 1014314at2759        -            222   7.9e-08   30.7   7.1   4   5    0.0027      0.22    9.6   0.1   146   194   273   323   269   337 0.73 -
augustus_predicted_1835 -            472 1014314at2759        -            222   7.9e-08   30.7   7.1   5   5       5.9     5e+02   -1.3   0.0    67    90   444   467   438   470 0.73 -
augustus_predicted_5669 -            643 1014314at2759        -            222     9e-08   30.6   0.0   1   4       1.1        91    1.1   0.0   124   160   119   155   104   165 0.78 -
augustus_predicted_5669 -            643 1014314at2759        -            222     9e-08   30.6   0.0   2   4    0.0083       0.7    8.0   0.0   121   174   228   282   213   292 0.81 -
augustus_predicted_5669 -            643 1014314at2759        -            222     9e-08   30.6   0.0   3   4   3.6e-05     0.003   15.8   0.0    31    90   459   529   454   536 0.73 -
augustus_predicted_5669 -            643 1014314at2759        -            222     9e-08   30.6   0.0   4   4       9.6   8.1e+02   -2.0   0.0   127   154   554   580   545   589 0.64 -
augustus_predicted_1242 -           1106 1014314at2759        -            222   1.1e-07   30.3   0.0   1   3   2.9e-05    0.0024   16.1   0.0     2    68    49   132    48   136 0.75 -
augustus_predicted_1242 -           1106 1014314at2759        -            222   1.1e-07   30.3   0.0   2   3      0.12        10    4.2   0.0    29    64   171   206   162   211 0.79 -
augustus_predicted_1242 -           1106 1014314at2759        -            222   1.1e-07   30.3   0.0   3   3      0.38        32    2.6   0.0    22    64   953   995   936  1006 0.80 -
augustus_predicted_8868 -            316 1014314at2759        -            222   1.2e-07   30.2   1.3   1   4    0.0059      0.49    8.5   0.1   127   174    66   112    56   117 0.82 -
augustus_predicted_8868 -            316 1014314at2759        -            222   1.2e-07   30.2   1.3   2   4      0.41        34    2.5   0.0    12    32   119   139   107   148 0.66 -
augustus_predicted_8868 -            316 1014314at2759        -            222   1.2e-07   30.2   1.3   3   4   0.00059     0.049   11.8   0.0    31    65   169   203   153   208 0.86 -
augustus_predicted_8868 -            316 1014314at2759        -            222   1.2e-07   30.2   1.3   4   4      0.38        32    2.6   0.0     2    36   262   297   261   305 0.80 -
augustus_predicted_508  -            373 1014314at2759        -            222   1.4e-07   29.9   2.7   1   4    0.0001    0.0087   14.3   0.0    29    68    77   116    64   122 0.88 -
augustus_predicted_508  -            373 1014314at2759        -            222   1.4e-07   29.9   2.7   2   4      0.31        26    2.9   0.0   137   155   138   156   118   175 0.72 -
augustus_predicted_508  -            373 1014314at2759        -            222   1.4e-07   29.9   2.7   3   4     0.046       3.8    5.6   0.2    27    64   255   292   222   303 0.78 -
augustus_predicted_508  -            373 1014314at2759        -            222   1.4e-07   29.9   2.7   4   4      0.47        40    2.3   0.0    10    44   312   347   305   352 0.77 -
augustus_predicted_8636 -            579 1014314at2759        -            222   2.7e-07   29.0   0.1   1   4     0.028       2.4    6.3   0.0     2    37   296   331   295   344 0.90 -
augustus_predicted_8636 -            579 1014314at2759        -            222   2.7e-07   29.0   0.1   2   4       0.4        33    2.5   0.0   136   158   450   472   446   484 0.89 -
augustus_predicted_8636 -            579 1014314at2759        -            222   2.7e-07   29.0   0.1   3   4     0.025       2.1    6.5   0.0   160   186   495   521   492   535 0.92 -
augustus_predicted_8636 -            579 1014314at2759        -            222   2.7e-07   29.0   0.1   4   4     0.011      0.92    7.7   0.0   127   154   551   578   541   579 0.92 -
augustus_predicted_7681 -            363 1014314at2759        -            222   6.8e-07   27.7   1.0   1   6      0.54        46    2.1   0.0   166   187    11    32     7    46 0.79 -
augustus_predicted_7681 -            363 1014314at2759        -            222   6.8e-07   27.7   1.0   2   6      0.03       2.5    6.2   0.0   105   152    34    82    23    87 0.69 -
augustus_predicted_7681 -            363 1014314at2759        -            222   6.8e-07   27.7   1.0   3   6    0.0074      0.62    8.2   0.1    29    90    50   122    38   140 0.62 -
augustus_predicted_7681 -            363 1014314at2759        -            222   6.8e-07   27.7   1.0   4   6     0.011      0.88    7.7   0.0   128   187   102   165    95   170 0.77 -
augustus_predicted_7681 -            363 1014314at2759        -            222   6.8e-07   27.7   1.0   5   6      0.03       2.5    6.2   0.0     2    27   147   172   146   179 0.90 -
augustus_predicted_7681 -            363 1014314at2759        -            222   6.8e-07   27.7   1.0   6   6      0.15        13    3.9   0.0     2    26   208   232   204   239 0.71 -
augustus_predicted_1146 -            629 1014314at2759        -            222   2.1e-06   26.1   0.2   1   3   1.7e-06   0.00015   20.1   0.1   129   209    79   163    66   168 0.84 -
augustus_predicted_1146 -            629 1014314at2759        -            222   2.1e-06   26.1   0.2   2   3       4.4   3.7e+02   -0.9   0.0    25    62   201   238   189   250 0.78 -
augustus_predicted_1146 -            629 1014314at2759        -            222   2.1e-06   26.1   0.2   3   3       1.3   1.1e+02    0.9   0.0     4    29   270   296   267   306 0.72 -
augustus_predicted_8313 -           1395 1014314at2759        -            222   2.1e-06   26.1   2.3   1   3     0.011       0.9    7.7   0.0   131   202   939  1010   936  1025 0.81 -
augustus_predicted_8313 -           1395 1014314at2759        -            222   2.1e-06   26.1   2.3   2   3     0.026       2.2    6.4   0.0   129   177  1168  1215  1155  1220 0.68 -
augustus_predicted_8313 -           1395 1014314at2759        -            222   2.1e-06   26.1   2.3   3   3    0.0062      0.52    8.5   0.1   117   194  1262  1342  1242  1350 0.84 -
augustus_predicted_3793 -            938 1014314at2759        -            222   2.1e-06   26.1   0.4   1   6       3.2   2.7e+02   -0.4   0.0    13    31    38    56    35    61 0.91 -
augustus_predicted_3793 -            938 1014314at2759        -            222   2.1e-06   26.1   0.4   2   6    0.0043      0.36    9.0   0.0   134   204   155   230   148   236 0.77 -
augustus_predicted_3793 -            938 1014314at2759        -            222   2.1e-06   26.1   0.4   3   6     0.023         2    6.6   0.0   139   188   254   303   242   345 0.72 -
augustus_predicted_3793 -            938 1014314at2759        -            222   2.1e-06   26.1   0.4   4   6       6.4   5.4e+02   -1.4   0.0    13    32   390   409   385   415 0.72 -
augustus_predicted_3793 -            938 1014314at2759        -            222   2.1e-06   26.1   0.4   5   6       5.2   4.3e+02   -1.1   0.0   161   193   427   460   421   466 0.72 -
augustus_predicted_3793 -            938 1014314at2759        -            222   2.1e-06   26.1   0.4   6   6      0.65        54    1.9   0.0   166   184   553   571   541   590 0.50 -
augustus_predicted_1407 -           1543 1014314at2759        -            222   3.1e-06   25.6   8.0   1   4       8.2   6.9e+02   -1.8   0.0   127   154    29    56    25    70 0.88 -
augustus_predicted_1407 -           1543 1014314at2759        -            222   3.1e-06   25.6   8.0   2   4     0.012      0.97    7.6   0.6    29    66    79   116    65   121 0.87 -
augustus_predicted_1407 -           1543 1014314at2759        -            222   3.1e-06   25.6   8.0   3   4      0.81        68    1.5   0.0   137   154   141   158   123   164 0.82 -
augustus_predicted_1407 -           1543 1014314at2759        -            222   3.1e-06   25.6   8.0   4   4     6e-06   0.00051   18.3   0.1   136   204   186   256   172   273 0.82 -
augustus_predicted_2153 -            980 1014314at2759        -            222   4.5e-06   25.0   0.4   1   3     0.002      0.17   10.1   0.0    29    87    93   151    72   172 0.77 -
augustus_predicted_2153 -            980 1014314at2759        -            222   4.5e-06   25.0   0.4   2   3     0.041       3.5    5.8   0.0   130   156   244   270   236   328 0.71 -
augustus_predicted_2153 -            980 1014314at2759        -            222   4.5e-06   25.0   0.4   3   3       0.1       8.7    4.5   0.0   135   156   377   398   356   408 0.77 -
augustus_predicted_6468 -           1449 1014314at2759        -            222   8.4e-06   24.1   0.2   1   3   0.00056     0.047   11.9   0.0   119   187   255   328   237   341 0.75 -
augustus_predicted_6468 -           1449 1014314at2759        -            222   8.4e-06   24.1   0.2   2   3    0.0012       0.1   10.8   0.0   127   182   310   364   295   388 0.80 -
augustus_predicted_6468 -           1449 1014314at2759        -            222   8.4e-06   24.1   0.2   3   3     0.033       2.8    6.1   0.0   126   153   543   570   534   617 0.80 -
augustus_predicted_3188 -            275 1014314at2759        -            222   8.7e-06   24.1   1.0   1   3      0.47        40    2.3   0.0   160   187    13    41     9    65 0.73 -
augustus_predicted_3188 -            275 1014314at2759        -            222   8.7e-06   24.1   1.0   2   3   0.00023     0.019   13.2   0.0   127   187    98   156    86   172 0.67 -
augustus_predicted_3188 -            275 1014314at2759        -            222   8.7e-06   24.1   1.0   3   3     0.058       4.9    5.3   0.2     2    26   250   274   249   275 0.93 -
augustus_predicted_599  -            566 1014314at2759        -            222   1.7e-05   23.1   3.7   1   4         1        87    1.2   0.0    48    90    79   121    72   134 0.60 -
augustus_predicted_599  -            566 1014314at2759        -            222   1.7e-05   23.1   3.7   2   4      0.36        31    2.7   0.0    70    86   198   214   193   230 0.83 -
augustus_predicted_599  -            566 1014314at2759        -            222   1.7e-05   23.1   3.7   3   4     0.033       2.8    6.1   0.0   135   164   261   290   252   297 0.90 -
augustus_predicted_599  -            566 1014314at2759        -            222   1.7e-05   23.1   3.7   4   4    0.0046      0.39    8.9   0.3     6    60   341   408   336   412 0.68 -
augustus_predicted_1322 -            442 1014314at2759        -            222   2.1e-05   22.8   0.3   1   3      0.86        72    1.5   0.0   127   153    25    51    13    99 0.80 -
augustus_predicted_1322 -            442 1014314at2759        -            222   2.1e-05   22.8   0.3   2   3    0.0019      0.16   10.1   0.1   127   214   272   366   263   370 0.77 -
augustus_predicted_1322 -            442 1014314at2759        -            222   2.1e-05   22.8   0.3   3   3      0.05       4.2    5.5   0.0   136   153   424   441   408   442 0.86 -
augustus_predicted_204  -            793 1014314at2759        -            222   2.5e-05   22.6   0.0   1   4    0.0011     0.091   10.9   0.0   127   153   436   462   426   465 0.72 -
augustus_predicted_204  -            793 1014314at2759        -            222   2.5e-05   22.6   0.0   2   4   0.00035     0.029   12.5   0.0     2    50   436   493   435   503 0.63 -
augustus_predicted_204  -            793 1014314at2759        -            222   2.5e-05   22.6   0.0   3   4       1.2     1e+02    0.9   0.0   138   187   679   731   670   752 0.54 -
augustus_predicted_204  -            793 1014314at2759        -            222   2.5e-05   22.6   0.0   4   4      0.41        34    2.5   0.0   113   151   754   792   742   793 0.83 -
augustus_predicted_963  -           1599 1014314at2759        -            222   2.7e-05   22.4   0.1   1   3   2.1e-05    0.0018   16.5   0.0   131   207  1144  1227  1136  1234 0.80 -
augustus_predicted_963  -           1599 1014314at2759        -            222   2.7e-05   22.4   0.1   2   3         1        84    1.2   0.0   123   154  1290  1321  1274  1331 0.69 -
augustus_predicted_963  -           1599 1014314at2759        -            222   2.7e-05   22.4   0.1   3   3       7.5   6.3e+02   -1.6   0.0    53    65  1479  1491  1472  1511 0.68 -
augustus_predicted_7641 -           1132 1014314at2759        -            222   2.8e-05   22.4   0.1   1   3    0.0024       0.2    9.8   0.0     5    30   232   257   228   272 0.82 -
augustus_predicted_7641 -           1132 1014314at2759        -            222   2.8e-05   22.4   0.1   2   3      0.12       9.9    4.3   0.0     3    27   811   835   796   839 0.56 -
augustus_predicted_7641 -           1132 1014314at2759        -            222   2.8e-05   22.4   0.1   3   3      0.73        61    1.7   0.0   134   168   929   961   918  1015 0.80 -
augustus_predicted_4291 -            915 1014314at2759        -            222   3.8e-05   22.0   0.3   1   3    0.0022      0.18    9.9   0.0   125   183    18    82    10    94 0.84 -
augustus_predicted_4291 -            915 1014314at2759        -            222   3.8e-05   22.0   0.3   2   3      0.11       9.5    4.3   0.0   140   190   437   489   409   515 0.64 -
augustus_predicted_4291 -            915 1014314at2759        -            222   3.8e-05   22.0   0.3   3   3       1.2     1e+02    1.0   0.0   135   154   633   652   625   666 0.79 -
augustus_predicted_3892 -            595 1014314at2759        -            222   0.00011   20.5   1.3   1   4      0.54        45    2.1   0.1    70    88   276   294   212   304 0.70 -
augustus_predicted_3892 -            595 1014314at2759        -            222   0.00011   20.5   1.3   2   4      0.11       9.6    4.3   0.1    31    89   270   339   253   349 0.55 -
augustus_predicted_3892 -            595 1014314at2759        -            222   0.00011   20.5   1.3   3   4    0.0014      0.12   10.6   0.0   138   199   467   534   439   542 0.75 -
augustus_predicted_3892 -            595 1014314at2759        -            222   0.00011   20.5   1.3   4   4       1.4   1.1e+02    0.8   0.0     4    24   570   589   568   595 0.73 -
augustus_predicted_1168 -            738 1014314at2759        -            222   0.00012   20.4   0.3   1   4       1.4   1.2e+02    0.7   0.0    70    83   198   211   160   217 0.62 -
augustus_predicted_1168 -            738 1014314at2759        -            222   0.00012   20.4   0.3   2   4         2   1.7e+02    0.3   0.0     5    17   200   212   196   278 0.70 -
augustus_predicted_1168 -            738 1014314at2759        -            222   0.00012   20.4   0.3   3   4      0.51        43    2.2   0.0    52    86   442   476   430   480 0.80 -
augustus_predicted_1168 -            738 1014314at2759        -            222   0.00012   20.4   0.3   4   4    0.0007     0.059   11.6   0.1    65   144   512   591   503   596 0.90 -
augustus_predicted_3079 -           1158 1014314at2759        -            222   0.00013   20.2   0.6   1   4      0.48        40    2.3   0.0    15    62   743   794   737   804 0.77 -
augustus_predicted_3079 -           1158 1014314at2759        -            222   0.00013   20.2   0.6   2   4       4.2   3.5e+02   -0.8   0.0   140   151   851   862   798   880 0.57 -
augustus_predicted_3079 -           1158 1014314at2759        -            222   0.00013   20.2   0.6   3   4         6     5e+02   -1.3   0.0   138   153   908   923   903   925 0.65 -
augustus_predicted_3079 -           1158 1014314at2759        -            222   0.00013   20.2   0.6   4   4   0.00044     0.037   12.2   0.0   135   187  1094  1150  1078  1157 0.87 -
augustus_predicted_3437 -           1219 1014314at2759        -            222   0.00018   19.7   0.3   1   2   1.9e-05    0.0016   16.7   0.1   127   173  1001  1047   993  1050 0.73 -
augustus_predicted_3437 -           1219 1014314at2759        -            222   0.00018   19.7   0.3   2   2       8.7   7.3e+02   -1.8   0.0    37    62  1159  1185  1154  1194 0.82 -
augustus_predicted_3296 -            859 1014314at2759        -            222   0.00019   19.7   0.7   1   3     0.001     0.085   11.0   0.2    67   184   221   348   213   355 0.73 -
augustus_predicted_3296 -            859 1014314at2759        -            222   0.00019   19.7   0.7   2   3       2.5   2.1e+02   -0.1   0.0   136   154   498   516   481   525 0.76 -
augustus_predicted_3296 -            859 1014314at2759        -            222   0.00019   19.7   0.7   3   3       1.2     1e+02    1.0   0.0    57    84   580   607   542   640 0.62 -
augustus_predicted_5570 -            573 1014314at2759        -            222   0.00021   19.6   1.8   1   3   0.00088     0.074   11.2   0.1   126   157   132   163   121   170 0.83 -
augustus_predicted_5570 -            573 1014314at2759        -            222   0.00021   19.6   1.8   2   3       2.6   2.2e+02   -0.1   0.0   126   152   234   260   228   271 0.85 -
augustus_predicted_5570 -            573 1014314at2759        -            222   0.00021   19.6   1.8   3   3      0.55        46    2.1   0.0   169   205   299   335   293   345 0.70 -
augustus_predicted_4679 -            379 1014314at2759        -            222   0.00035   18.8   1.1   1   3    0.0016      0.14   10.4   0.2     5    34    19    48    14    93 0.60 -
augustus_predicted_4679 -            379 1014314at2759        -            222   0.00035   18.8   1.1   2   3      0.85        72    1.5   0.0    30    69   223   266   196   271 0.73 -
augustus_predicted_4679 -            379 1014314at2759        -            222   0.00035   18.8   1.1   3   3      0.36        30    2.7   0.0    36    60   333   357   319   364 0.51 -
augustus_predicted_3848 -            525 1014314at2759        -            222   0.00037   18.8   0.1   1   3     0.027       2.3    6.3   0.0    28    66   244   283   239   291 0.87 -
augustus_predicted_3848 -            525 1014314at2759        -            222   0.00037   18.8   0.1   2   3     0.016       1.4    7.1   0.0    35    66   343   375   326   381 0.78 -
augustus_predicted_3848 -            525 1014314at2759        -            222   0.00037   18.8   0.1   3   3       1.4   1.2e+02    0.7   0.0     2    29   391   417   390   423 0.80 -
augustus_predicted_1741 -            689 1014314at2759        -            222   0.00046   18.5   1.2   1   4       3.8   3.2e+02   -0.7   0.0    57    82   291   317   287   324 0.57 -
augustus_predicted_1741 -            689 1014314at2759        -            222   0.00046   18.5   1.2   2   4     0.091       7.6    4.6   0.0   125   155   354   385   333   389 0.76 -
augustus_predicted_1741 -            689 1014314at2759        -            222   0.00046   18.5   1.2   3   4       8.3     7e+02   -1.8   0.0    31    63   506   544   503   550 0.60 -
augustus_predicted_1741 -            689 1014314at2759        -            222   0.00046   18.5   1.2   4   4     0.006       0.5    8.5   0.0     3    34   628   660   626   671 0.78 -
augustus_predicted_1393 -            444 1014314at2759        -            222   0.00073   17.8   0.0   1   2       2.3   1.9e+02    0.1   0.0   159   208    71   121    63   127 0.68 -
augustus_predicted_1393 -            444 1014314at2759        -            222   0.00073   17.8   0.0   2   2   0.00021     0.018   13.2   0.0   147   214   183   253   174   260 0.86 -
augustus_predicted_287  -           1048 1014314at2759        -            222    0.0013   16.9   0.1   1   4     0.076       6.4    4.9   0.1   125   170    64   108    57   139 0.67 -
augustus_predicted_287  -           1048 1014314at2759        -            222    0.0013   16.9   0.1   2   4       5.3   4.4e+02   -1.1   0.0    22    40   253   271   238   319 0.84 -
augustus_predicted_287  -           1048 1014314at2759        -            222    0.0013   16.9   0.1   3   4       6.9   5.8e+02   -1.5   0.0    66    85   347   366   345   369 0.83 -
augustus_predicted_287  -           1048 1014314at2759        -            222    0.0013   16.9   0.1   4   4     0.026       2.2    6.4   0.0   165   186   487   508   473   524 0.83 -
augustus_predicted_4317 -            535 1014314at2759        -            222    0.0025   16.0   0.0   1   2       6.2   5.2e+02   -1.3   0.0    45    63   165   183   148   194 0.54 -
augustus_predicted_4317 -            535 1014314at2759        -            222    0.0025   16.0   0.0   2   2   0.00015     0.013   13.7   0.0   128   202   239   315   213   328 0.82 -
augustus_predicted_1845 -            757 1014314at2759        -            222    0.0025   16.0   0.1   1   1     0.017       1.4    7.1   0.0   134   178   595   639   592   715 0.53 -
augustus_predicted_2342 -            728 1014314at2759        -            222      0.01   14.0   0.0   1   2   0.00067     0.056   11.6   0.0   123   157   253   287   247   311 0.84 -
augustus_predicted_2342 -            728 1014314at2759        -            222      0.01   14.0   0.0   2   2         5   4.2e+02   -1.0   0.0    48    65   320   337   314   367 0.75 -
augustus_predicted_6903 -            414 1014314at2759        -            222     0.039   12.1   0.0   1   2     0.003      0.25    9.5   0.1    33    76    80   124    44   128 0.84 -
augustus_predicted_6903 -            414 1014314at2759        -            222     0.039   12.1   0.0   2   2       5.8   4.9e+02   -1.3   0.0    14    35   291   312   285   314 0.83 -
augustus_predicted_4561 -            725 1014314at2759        -            222     0.044   12.0   0.1   1   2       8.8   7.4e+02   -1.8   0.0   122   151   191   221   168   233 0.67 -
augustus_predicted_4561 -            725 1014314at2759        -            222     0.044   12.0   0.1   2   2    0.0019      0.16   10.1   0.0   126   156   262   292   259   305 0.91 -
augustus_predicted_5841 -            977 1014314at2759        -            222     0.075   11.2   0.2   1   2      0.27        23    3.1   0.0     9    43   216   250   211   254 0.90 -
augustus_predicted_5841 -            977 1014314at2759        -            222     0.075   11.2   0.2   2   2       0.1       8.4    4.5   0.0   129   182   254   307   250   317 0.59 -
augustus_predicted_1284 -           1867 1014314at2759        -            222     0.087   11.0   0.2   1   2      0.71        60    1.7   0.1   124   153  1337  1366  1334  1370 0.79 -
augustus_predicted_1284 -           1867 1014314at2759        -            222     0.087   11.0   0.2   2   2     0.018       1.5    7.0   0.0   108   203  1368  1464  1365  1476 0.71 -
#
# Program:         hmmsearch
# Version:         3.1b2 (February 2015)
# Pipeline mode:   SEARCH
# Query file:      ../../stats/eukaryota_odb10/hmms/1014314at2759.hmm
# Target file:     /home/centos/br/bin/Brownotate-1.2.0/runs/b283acc0-5629-444b-ad7a-7147f201d246/annotation/augustus_annotation.faa
# Option settings: hmmsearch --domtblout /home/centos/br/bin/Brownotate-1.2.0/runs/b283acc0-5629-444b-ad7a-7147f201d246/busco_annotation/run_eukaryota_odb10/hmmer_output/initial_run_results/1014314at2759.out --cpu 1 ../../stats/eukaryota_odb10/hmms/1014314at2759.hmm /home/centos/br/bin/Brownotate-1.2.0/runs/b283acc0-5629-444b-ad7a-7147f201d246/annotation/augustus_annotation.faa 
# Current dir:     /home/centos/br/bin/Brownotate-1.2.0/runs/b283acc0-5629-444b-ad7a-7147f201d246
# Date:            Sat Aug 24 02:31:56 2024
# [ok]
