#                                                                               --- full sequence --- -------------- this domain -------------   hmm coord   ali coord   env coord
# target name           accession   tlen query name           accession   qlen   E-value  score  bias   #  of  c-Evalue  i-Evalue  score  bias  from    to  from    to  from    to  acc description of target
#   ------------------- ---------- ----- -------------------- ---------- ----- --------- ------ ----- --- --- --------- --------- ------ ----- ----- ----- ----- ----- ----- ----- ---- ---------------------
augustus_predicted_7444 -           1334 1025450at2759        -            307   4.2e-78  261.6   9.9   1   8   1.4e-14   1.2e-12   46.6   0.0    18    95   716   793   703   797 0.86 -
augustus_predicted_7444 -           1334 1025450at2759        -            307   4.2e-78  261.6   9.9   2   8   1.5e-08   1.3e-06   26.8   0.0   124   174   789   838   788   842 0.83 -
augustus_predicted_7444 -           1334 1025450at2759        -            307   4.2e-78  261.6   9.9   3   8   1.3e-22   1.1e-20   72.9   0.2    48   173   830   963   830   965 0.88 -
augustus_predicted_7444 -           1334 1025450at2759        -            307   4.2e-78  261.6   9.9   4   8   2.1e-08   1.8e-06   26.3   0.1   118   174   951  1006   950  1010 0.91 -
augustus_predicted_7444 -           1334 1025450at2759        -            307   4.2e-78  261.6   9.9   5   8   1.6e-22   1.3e-20   72.7   0.8    33   175   983  1133   979  1140 0.89 -
augustus_predicted_7444 -           1334 1025450at2759        -            307   4.2e-78  261.6   9.9   6   8   1.2e-06    0.0001   20.6   0.0    48    83  1124  1159  1124  1161 0.96 -
augustus_predicted_7444 -           1334 1025450at2759        -            307   4.2e-78  261.6   9.9   7   8   8.6e-12   7.3e-10   37.4   0.0    24    93  1142  1211  1134  1215 0.91 -
augustus_predicted_7444 -           1334 1025450at2759        -            307   4.2e-78  261.6   9.9   8   8    0.0034      0.29    9.2   0.0    48   106  1208  1264  1204  1268 0.84 -
augustus_predicted_8796 -            525 1025450at2759        -            307   3.4e-57  192.9   2.0   1   6   5.1e-09   4.4e-07   28.3   0.1     7    52    52    98    41   106 0.76 -
augustus_predicted_8796 -            525 1025450at2759        -            307   3.4e-57  192.9   2.0   2   6   1.1e-30   9.5e-29   99.5   0.0    53   175   122   275   119   294 0.80 -
augustus_predicted_8796 -            525 1025450at2759        -            307   3.4e-57  192.9   2.0   3   6    0.0062      0.54    8.3   0.0   172   210   293   334   276   343 0.75 -
augustus_predicted_8796 -            525 1025450at2759        -            307   3.4e-57  192.9   2.0   4   6   4.7e-07     4e-05   21.9   0.0   204   247   356   403   339   425 0.84 -
augustus_predicted_8796 -            525 1025450at2759        -            307   3.4e-57  192.9   2.0   5   6   7.5e-05    0.0064   14.6   0.0   260   286   449   475   441   486 0.88 -
augustus_predicted_8796 -            525 1025450at2759        -            307   3.4e-57  192.9   2.0   6   6    0.0039      0.34    9.0   0.0   279   305   497   524   494   525 0.89 -
augustus_predicted_2291 -           1161 1025450at2759        -            307   8.9e-50  168.5  23.9   1   8   1.5e-07   1.3e-05   23.5   0.0    57    95   463   501   457   515 0.81 -
augustus_predicted_2291 -           1161 1025450at2759        -            307   8.9e-50  168.5  23.9   2   8   3.8e-06   0.00032   18.9   0.0   135   174   516   555   506   567 0.87 -
augustus_predicted_2291 -           1161 1025450at2759        -            307   8.9e-50  168.5  23.9   3   8   2.5e-07   2.1e-05   22.8   0.4    47    99   607   657   583   663 0.76 -
augustus_predicted_2291 -           1161 1025450at2759        -            307   8.9e-50  168.5  23.9   4   8     3e-23   2.6e-21   75.1   6.4    48   248   650   861   650   865 0.85 -
augustus_predicted_2291 -           1161 1025450at2759        -            307   8.9e-50  168.5  23.9   5   8   7.8e-06   0.00067   17.9   0.2   118   175   849   904   844   913 0.86 -
augustus_predicted_2291 -           1161 1025450at2759        -            307   8.9e-50  168.5  23.9   6   8   1.7e-05    0.0014   16.8   0.0    23    77   934   988   915   990 0.89 -
augustus_predicted_2291 -           1161 1025450at2759        -            307   8.9e-50  168.5  23.9   7   8    0.0013      0.11   10.6   0.0    62    98   988  1024   985  1037 0.83 -
augustus_predicted_2291 -           1161 1025450at2759        -            307   8.9e-50  168.5  23.9   8   8       4.5   3.9e+02   -1.1   0.0   148   172  1126  1150  1120  1158 0.75 -
augustus_predicted_5240 -           1581 1025450at2759        -            307   3.7e-46  156.7  27.7   1   6     3e-10   2.6e-08   32.4   1.5    39    95   226   282   219   288 0.94 -
augustus_predicted_5240 -           1581 1025450at2759        -            307   3.7e-46  156.7  27.7   2   6   2.7e-15   2.3e-13   48.9   1.0    25    95   296   366   285   372 0.89 -
augustus_predicted_5240 -           1581 1025450at2759        -            307   3.7e-46  156.7  27.7   3   6   1.6e-08   1.4e-06   26.7   0.2    48    95   361   408   361   410 0.97 -
augustus_predicted_5240 -           1581 1025450at2759        -            307   3.7e-46  156.7  27.7   4   6   1.6e-08   1.4e-06   26.7   0.8    45    95   400   450   396   462 0.89 -
augustus_predicted_5240 -           1581 1025450at2759        -            307   3.7e-46  156.7  27.7   5   6   2.3e-13     2e-11   42.6   0.3    27    92   466   531   452   534 0.92 -
augustus_predicted_5240 -           1581 1025450at2759        -            307   3.7e-46  156.7  27.7   6   6    0.0059       0.5    8.4   0.1    68    94   533   559   531   562 0.89 -
augustus_predicted_1166 -           1293 1025450at2759        -            307   4.8e-37  126.7  11.0   1   3   1.2e-20     1e-18   66.5   6.8    32   194   934  1108   917  1135 0.80 -
augustus_predicted_1166 -           1293 1025450at2759        -            307   4.8e-37  126.7  11.0   2   3   2.5e-08   2.1e-06   26.1   0.0    37   106  1152  1221  1122  1226 0.85 -
augustus_predicted_1166 -           1293 1025450at2759        -            307   4.8e-37  126.7  11.0   3   3   2.2e-10   1.9e-08   32.8   0.0    28    92  1228  1292  1215  1293 0.90 -
augustus_predicted_4784 -            535 1025450at2759        -            307   4.7e-36  123.5   2.7   1   5    0.0019      0.17   10.0   0.1    63    82   229   248   215   267 0.81 -
augustus_predicted_4784 -            535 1025450at2759        -            307   4.7e-36  123.5   2.7   2   5   6.6e-05    0.0056   14.8   0.0    70   172   283   309   275   314 0.60 -
augustus_predicted_4784 -            535 1025450at2759        -            307   4.7e-36  123.5   2.7   3   5   1.2e-11   9.9e-10   37.0   0.1    21    95   314   391   309   396 0.90 -
augustus_predicted_4784 -            535 1025450at2759        -            307   4.7e-36  123.5   2.7   4   5   1.6e-07   1.4e-05   23.4   0.0    61    94   402   435   395   442 0.91 -
augustus_predicted_4784 -            535 1025450at2759        -            307   4.7e-36  123.5   2.7   5   5   9.1e-11   7.8e-09   34.1   0.0    19    94   451   530   438   534 0.87 -
augustus_predicted_3190 -            885 1025450at2759        -            307   7.1e-35  119.6   3.9   1   6     0.068       5.9    4.9   0.0   148   244    47   148    17   155 0.68 -
augustus_predicted_3190 -            885 1025450at2759        -            307   7.1e-35  119.6   3.9   2   6   6.2e-06   0.00053   18.2   0.0    97   172   176   252   170   262 0.88 -
augustus_predicted_3190 -            885 1025450at2759        -            307   7.1e-35  119.6   3.9   3   6     0.058         5    5.2   0.0   124   180   266   315   265   333 0.80 -
augustus_predicted_3190 -            885 1025450at2759        -            307   7.1e-35  119.6   3.9   4   6   2.4e-10     2e-08   32.7   0.1    47    95   346   394   331   396 0.78 -
augustus_predicted_3190 -            885 1025450at2759        -            307   7.1e-35  119.6   3.9   5   6   2.2e-18   1.9e-16   59.1   0.5    48   173   389   525   389   532 0.84 -
augustus_predicted_3190 -            885 1025450at2759        -            307   7.1e-35  119.6   3.9   6   6       3.9   3.3e+02   -0.8   0.1   260   282   566   588   541   607 0.57 -
augustus_predicted_5081 -            801 1025450at2759        -            307   9.4e-35  119.2   8.5   1   5   3.3e-10   2.8e-08   32.2   0.0    45    96   489   540   488   544 0.92 -
augustus_predicted_5081 -            801 1025450at2759        -            307   9.4e-35  119.2   8.5   2   5   2.6e-07   2.2e-05   22.7   0.1    48    94   534   580   534   581 0.93 -
augustus_predicted_5081 -            801 1025450at2759        -            307   9.4e-35  119.2   8.5   3   5   8.7e-11   7.5e-09   34.1   0.6    36    97   564   625   563   628 0.94 -
augustus_predicted_5081 -            801 1025450at2759        -            307   9.4e-35  119.2   8.5   4   5   2.9e-09   2.5e-07   29.1   0.6    48    96   618   666   611   670 0.91 -
augustus_predicted_5081 -            801 1025450at2759        -            307   9.4e-35  119.2   8.5   5   5   2.1e-09   1.8e-07   29.6   0.1    48   110   660   723   653   730 0.87 -
augustus_predicted_6609 -           1821 1025450at2759        -            307   1.6e-33  115.2  19.2   1   5   1.1e-10   9.8e-09   33.8   0.9    21    93   270   345   262   345 0.87 -
augustus_predicted_6609 -           1821 1025450at2759        -            307   1.6e-33  115.2  19.2   2   5   7.4e-10   6.3e-08   31.1   1.4    43    95   337   389   334   391 0.93 -
augustus_predicted_6609 -           1821 1025450at2759        -            307   1.6e-33  115.2  19.2   3   5   4.8e-10   4.1e-08   31.7   1.4    42    95   378   431   376   435 0.91 -
augustus_predicted_6609 -           1821 1025450at2759        -            307   1.6e-33  115.2  19.2   4   5     3e-12   2.5e-10   39.0   1.1    29    95   407   473   407   477 0.97 -
augustus_predicted_6609 -           1821 1025450at2759        -            307   1.6e-33  115.2  19.2   5   5   1.6e-11   1.4e-09   36.6   0.5    29    95   449   515   448   520 0.96 -
augustus_predicted_1221 -            963 1025450at2759        -            307   1.2e-32  112.3  17.8   1   7   1.2e-09     1e-07   30.4   0.1    92   171    67   146    60   150 0.86 -
augustus_predicted_1221 -            963 1025450at2759        -            307   1.2e-32  112.3  17.8   2   7   0.00011    0.0096   14.1   0.0    38    74   131   167   130   180 0.86 -
augustus_predicted_1221 -            963 1025450at2759        -            307   1.2e-32  112.3  17.8   3   7   3.6e-06   0.00031   19.0   0.2   110   176   183   250   175   258 0.90 -
augustus_predicted_1221 -            963 1025450at2759        -            307   1.2e-32  112.3  17.8   4   7       3.2   2.7e+02   -0.6   0.0   170   224   342   395   274   411 0.47 -
augustus_predicted_1221 -            963 1025450at2759        -            307   1.2e-32  112.3  17.8   5   7     9e-13   7.8e-11   40.7   0.0    56   171   417   537   412   547 0.86 -
augustus_predicted_1221 -            963 1025450at2759        -            307   1.2e-32  112.3  17.8   6   7      0.37        32    2.5   0.0    64    92   563   591   555   596 0.89 -
augustus_predicted_1221 -            963 1025450at2759        -            307   1.2e-32  112.3  17.8   7   7    0.0005     0.043   12.0   0.4    49    96   679   726   667   733 0.87 -
augustus_predicted_4366 -           1154 1025450at2759        -            307   4.1e-32  110.5   5.9   1   5   2.7e-05    0.0024   16.1   0.1   214   281   248   323   236   325 0.77 -
augustus_predicted_4366 -           1154 1025450at2759        -            307   4.1e-32  110.5   5.9   2   5   6.7e-10   5.7e-08   31.2   0.2   107   174   300   365   292   370 0.88 -
augustus_predicted_4366 -           1154 1025450at2759        -            307   4.1e-32  110.5   5.9   3   5   1.9e-12   1.7e-10   39.6   0.1    23    95   370   442   366   456 0.90 -
augustus_predicted_4366 -           1154 1025450at2759        -            307   4.1e-32  110.5   5.9   4   5     4e-11   3.4e-09   35.3   0.1    35    95   464   522   447   524 0.91 -
augustus_predicted_4366 -           1154 1025450at2759        -            307   4.1e-32  110.5   5.9   5   5   9.7e-06   0.00083   17.6   0.0    37   101   506   571   502   578 0.79 -
augustus_predicted_3662 -            522 1025450at2759        -            307   5.3e-32  110.2   5.7   1   5   4.5e-07   3.9e-05   21.9   0.0    58    95   170   207   164   210 0.92 -
augustus_predicted_3662 -            522 1025450at2759        -            307   5.3e-32  110.2   5.7   2   5   1.1e-05   0.00095   17.4   0.0   129   174   208   252   204   268 0.87 -
augustus_predicted_3662 -            522 1025450at2759        -            307   5.3e-32  110.2   5.7   3   5   2.9e-12   2.5e-10   39.0   0.1   104   175   268   338   260   344 0.89 -
augustus_predicted_3662 -            522 1025450at2759        -            307   5.3e-32  110.2   5.7   4   5    0.0041      0.35    9.0   0.0   130   175   336   381   333   399 0.68 -
augustus_predicted_3662 -            522 1025450at2759        -            307   5.3e-32  110.2   5.7   5   5   1.6e-07   1.4e-05   23.4   0.1    35    93   413   473   410   479 0.89 -
augustus_predicted_5872 -            977 1025450at2759        -            307   5.8e-32  110.0  14.1   1  10      0.49        42    2.1   0.0   119   173    40    93    25   103 0.72 -
augustus_predicted_5872 -            977 1025450at2759        -            307   5.8e-32  110.0  14.1   2  10   7.9e-05    0.0068   14.6   0.0   133   174   104   145    96   159 0.71 -
augustus_predicted_5872 -            977 1025450at2759        -            307   5.8e-32  110.0  14.1   3  10   2.6e-07   2.2e-05   22.8   0.2    13    95   188   267   181   271 0.83 -
augustus_predicted_5872 -            977 1025450at2759        -            307   5.8e-32  110.0  14.1   4  10     0.013       1.1    7.3   0.0   141   175   278   312   269   350 0.86 -
augustus_predicted_5872 -            977 1025450at2759        -            307   5.8e-32  110.0  14.1   5  10   2.3e-06   0.00019   19.6   0.0    18    75   424   489   415   491 0.82 -
augustus_predicted_5872 -            977 1025450at2759        -            307   5.8e-32  110.0  14.1   6  10       4.7     4e+02   -1.1   0.0   262   277   508   523   505   533 0.78 -
augustus_predicted_5872 -            977 1025450at2759        -            307   5.8e-32  110.0  14.1   7  10   1.4e-05    0.0012   17.1   0.0    35    83   560   608   544   613 0.91 -
augustus_predicted_5872 -            977 1025450at2759        -            307   5.8e-32  110.0  14.1   8  10   2.9e-05    0.0025   16.0   0.1    36    72   617   653   612   659 0.93 -
augustus_predicted_5872 -            977 1025450at2759        -            307   5.8e-32  110.0  14.1   9  10    0.0066      0.56    8.3   0.0    35    69   683   717   656   723 0.65 -
augustus_predicted_5872 -            977 1025450at2759        -            307   5.8e-32  110.0  14.1  10  10       1.7   1.5e+02    0.3   0.1   255   286   735   767   724   783 0.65 -
augustus_predicted_6442 -            359 1025450at2759        -            307     2e-31  108.3   1.4   1   3     2e-15   1.7e-13   49.4   0.1    56   175    58   187    34   205 0.83 -
augustus_predicted_6442 -            359 1025450at2759        -            307     2e-31  108.3   1.4   2   3   4.3e-10   3.7e-08   31.9   0.1    37    93   208   264   202   270 0.90 -
augustus_predicted_6442 -            359 1025450at2759        -            307     2e-31  108.3   1.4   3   3   1.4e-07   1.2e-05   23.6   0.0    37    81   300   345   296   353 0.87 -
augustus_predicted_1438 -            454 1025450at2759        -            307   3.7e-30  104.1   3.1   1   3     2e-07   1.7e-05   23.1   0.0   135   206   162   239   156   243 0.82 -
augustus_predicted_1438 -            454 1025450at2759        -            307   3.7e-30  104.1   3.1   2   3   1.2e-16     1e-14   53.4   0.0    33   175   220   374   216   390 0.87 -
augustus_predicted_1438 -            454 1025450at2759        -            307   3.7e-30  104.1   3.1   3   3   2.3e-10     2e-08   32.7   0.3   107   167   393   452   375   454 0.91 -
augustus_predicted_4228 -            678 1025450at2759        -            307   5.5e-28   97.0   4.9   1   2   1.9e-21   1.6e-19   69.2   5.2    20   175   343   503   336   514 0.88 -
augustus_predicted_4228 -            678 1025450at2759        -            307   5.5e-28   97.0   4.9   2   2   5.4e-08   4.7e-06   25.0   0.0   116   204   586   675   577   678 0.84 -
augustus_predicted_3031 -            855 1025450at2759        -            307   2.1e-26   91.8   5.1   1   3   1.4e-14   1.2e-12   46.6   2.0    57   174   530   657   526   666 0.87 -
augustus_predicted_3031 -            855 1025450at2759        -            307   2.1e-26   91.8   5.1   2   3   7.9e-06   0.00068   17.9   0.0   124   221   650   748   643   752 0.78 -
augustus_predicted_3031 -            855 1025450at2759        -            307   2.1e-26   91.8   5.1   3   3   1.6e-08   1.4e-06   26.7   0.0    35    95   762   824   752   828 0.91 -
augustus_predicted_355  -            452 1025450at2759        -            307   1.6e-25   88.9   6.2   1   3   8.7e-07   7.5e-05   21.0   0.1   104   179   150   225   138   236 0.80 -
augustus_predicted_355  -            452 1025450at2759        -            307   1.6e-25   88.9   6.2   2   3   3.3e-20   2.8e-18   65.1   1.3    21   173   222   384   217   394 0.83 -
augustus_predicted_355  -            452 1025450at2759        -            307   1.6e-25   88.9   6.2   3   3      0.07         6    4.9   0.0    70   173   407   434   401   447 0.57 -
augustus_predicted_7051 -            900 1025450at2759        -            307   1.2e-24   86.0   4.2   1   3   1.5e-05    0.0013   16.9   0.0    55    93   314   350   309   354 0.86 -
augustus_predicted_7051 -            900 1025450at2759        -            307   1.2e-24   86.0   4.2   2   3   7.5e-09   6.4e-07   27.8   0.4    24    95   409   481   401   483 0.87 -
augustus_predicted_7051 -            900 1025450at2759        -            307   1.2e-24   86.0   4.2   3   3   5.4e-15   4.6e-13   48.0   1.5    31   175   459   609   458   643 0.86 -
augustus_predicted_234  -            393 1025450at2759        -            307   2.7e-24   84.9   8.0   1   5     0.018       1.6    6.8   0.0   261   286     3    28     1    46 0.84 -
augustus_predicted_234  -            393 1025450at2759        -            307   2.7e-24   84.9   8.0   2   5     1e-09   8.9e-08   30.6   0.1   107   175    42   110    27   128 0.74 -
augustus_predicted_234  -            393 1025450at2759        -            307   2.7e-24   84.9   8.0   3   5    0.0056      0.48    8.5   0.0   137   176   113   152   109   168 0.85 -
augustus_predicted_234  -            393 1025450at2759        -            307   2.7e-24   84.9   8.0   4   5   6.5e-09   5.6e-07   28.0   0.1   105   170   167   237   157   250 0.86 -
augustus_predicted_234  -            393 1025450at2759        -            307   2.7e-24   84.9   8.0   5   5   0.00023      0.02   13.0   0.1    29    73   343   387   324   391 0.70 -
augustus_predicted_7939 -            915 1025450at2759        -            307   2.7e-24   84.8   8.1   1   2   3.9e-07   3.3e-05   22.1   0.2   151   228   540   620   534   661 0.45 -
augustus_predicted_7939 -            915 1025450at2759        -            307   2.7e-24   84.8   8.1   2   2   4.1e-18   3.5e-16   58.2   2.8    21   200   682   871   670   881 0.83 -
augustus_predicted_4386 -            444 1025450at2759        -            307   1.2e-23   82.8   4.7   1   4   1.6e-12   1.4e-10   39.8   1.3    56   175   106   237   100   245 0.74 -
augustus_predicted_4386 -            444 1025450at2759        -            307   1.2e-23   82.8   4.7   2   4   1.2e-05   0.00099   17.3   0.0    35    86   258   309   254   312 0.89 -
augustus_predicted_4386 -            444 1025450at2759        -            307   1.2e-23   82.8   4.7   3   4   5.5e-07   4.7e-05   21.7   0.0   109   174   320   383   315   397 0.71 -
augustus_predicted_4386 -            444 1025450at2759        -            307   1.2e-23   82.8   4.7   4   4         5   4.3e+02   -1.2   0.0   260   275   428   443   415   444 0.55 -
augustus_predicted_7863 -            859 1025450at2759        -            307   1.3e-23   82.7   0.9   1   4   4.8e-07   4.1e-05   21.8   0.0    23    74   329   383   324   387 0.90 -
augustus_predicted_7863 -            859 1025450at2759        -            307   1.3e-23   82.7   0.9   2   4   2.8e-09   2.4e-07   29.2   0.0    35    95   388   447   385   452 0.94 -
augustus_predicted_7863 -            859 1025450at2759        -            307   1.3e-23   82.7   0.9   3   4   2.3e-08     2e-06   26.2   0.1   175   258   503   583   492   598 0.68 -
augustus_predicted_7863 -            859 1025450at2759        -            307   1.3e-23   82.7   0.9   4   4       2.8   2.4e+02   -0.3   0.0   231   247   671   687   666   709 0.56 -
augustus_predicted_3440 -            316 1025450at2759        -            307   1.4e-23   82.5   1.9   1   4   7.9e-07   6.8e-05   21.1   0.0   107   175    26    98    16   100 0.87 -
augustus_predicted_3440 -            316 1025450at2759        -            307   1.4e-23   82.5   1.9   2   4   3.7e-08   3.2e-06   25.5   0.0    21    95   100   181    98   184 0.81 -
augustus_predicted_3440 -            316 1025450at2759        -            307   1.4e-23   82.5   1.9   3   4   1.1e-07   9.8e-06   23.9   0.0   137   216   189   271   180   282 0.82 -
augustus_predicted_3440 -            316 1025450at2759        -            307   1.4e-23   82.5   1.9   4   4    0.0085      0.73    7.9   0.0   141   171   284   314   275   316 0.86 -
augustus_predicted_8627 -           1990 1025450at2759        -            307   6.4e-23   80.3  13.1   1   5     1e-05   0.00087   17.5   0.1   117   228   115   233   106   256 0.62 -
augustus_predicted_8627 -           1990 1025450at2759        -            307   6.4e-23   80.3  13.1   2   5     0.047         4    5.5   0.1    16    92   214   296   207   299 0.77 -
augustus_predicted_8627 -           1990 1025450at2759        -            307   6.4e-23   80.3  13.1   3   5   3.8e-07   3.2e-05   22.2   0.5    34    96   280   344   258   351 0.67 -
augustus_predicted_8627 -           1990 1025450at2759        -            307   6.4e-23   80.3  13.1   4   5     0.071       6.1    4.9   0.0   260   286   420   446   389   487 0.69 -
augustus_predicted_8627 -           1990 1025450at2759        -            307   6.4e-23   80.3  13.1   5   5   1.1e-12     9e-11   40.4   1.1    28   166   534   684   509   701 0.80 -
augustus_predicted_6895 -           1211 1025450at2759        -            307   1.4e-22   79.3   2.1   1   3   1.6e-06   0.00013   20.2   0.0    19    73    50   108    34   110 0.86 -
augustus_predicted_6895 -           1211 1025450at2759        -            307   1.4e-22   79.3   2.1   2   3   5.3e-10   4.6e-08   31.6   0.1    33    94   110   171   106   176 0.94 -
augustus_predicted_6895 -           1211 1025450at2759        -            307   1.4e-22   79.3   2.1   3   3   2.1e-07   1.8e-05   23.1   0.0    92   175   210   294   192   341 0.77 -
augustus_predicted_1758 -            506 1025450at2759        -            307   1.4e-22   79.2   4.9   1   3      0.39        33    2.5   0.0    67    94   185   212   180   227 0.70 -
augustus_predicted_1758 -            506 1025450at2759        -            307   1.4e-22   79.2   4.9   2   3     8e-18   6.9e-16   57.3   1.2    37   175   250   396   245   405 0.86 -
augustus_predicted_1758 -            506 1025450at2759        -            307   1.4e-22   79.2   4.9   3   3    0.0014      0.12   10.5   0.2   112   168   449   504   440   506 0.70 -
augustus_predicted_5146 -            608 1025450at2759        -            307   3.4e-22   78.0   6.1   1   2   4.9e-14   4.2e-12   44.8   3.1    18   180   271   427   264   438 0.86 -
augustus_predicted_5146 -            608 1025450at2759        -            307   3.4e-22   78.0   6.1   2   2     2e-10   1.7e-08   32.9   0.0   110   196   465   552   456   564 0.79 -
augustus_predicted_6954 -            554 1025450at2759        -            307   5.9e-22   77.2   4.4   1   2   1.2e-09     1e-07   30.4   0.2    44   149   269   381   259   388 0.85 -
augustus_predicted_6954 -            554 1025450at2759        -            307   5.9e-22   77.2   4.4   2   2   1.1e-15   9.6e-14   50.2   0.6    22   173   368   535   362   542 0.83 -
augustus_predicted_1233 -            746 1025450at2759        -            307   9.3e-21   73.2   9.6   1   3    0.0088      0.75    7.9   0.0    57    94   386   423   381   429 0.62 -
augustus_predicted_1233 -            746 1025450at2759        -            307   9.3e-21   73.2   9.6   2   3   4.5e-17   3.9e-15   54.8   2.0    33   172   470   617   425   623 0.91 -
augustus_predicted_1233 -            746 1025450at2759        -            307   9.3e-21   73.2   9.6   3   3   1.9e-06   0.00017   19.9   0.1    48    96   611   660   610   665 0.92 -
augustus_predicted_4596 -            853 1025450at2759        -            307   1.1e-19   69.7   0.7   1   2   1.6e-13   1.4e-11   43.1   0.1   101   250    17   175     8   182 0.87 -
augustus_predicted_4596 -            853 1025450at2759        -            307   1.1e-19   69.7   0.7   2   2     1e-07   8.7e-06   24.1   0.1   111   172   200   260   178   309 0.57 -
augustus_predicted_4417 -            594 1025450at2759        -            307   3.5e-19   68.0   4.7   1   4     0.017       1.4    6.9   0.0   136   168    90   122    80   136 0.83 -
augustus_predicted_4417 -            594 1025450at2759        -            307   3.5e-19   68.0   4.7   2   4   5.7e-06   0.00049   18.3   0.4    98   173   141   215   131   223 0.88 -
augustus_predicted_4417 -            594 1025450at2759        -            307   3.5e-19   68.0   4.7   3   4   1.1e-11   9.7e-10   37.1   0.1    35   128   237   341   217   346 0.81 -
augustus_predicted_4417 -            594 1025450at2759        -            307   3.5e-19   68.0   4.7   4   4      0.22        19    3.3   0.0   102   124   384   406   374   422 0.81 -
augustus_predicted_3372 -            450 1025450at2759        -            307   5.1e-19   67.5   0.5   1   3   1.5e-06   0.00013   20.2   0.2   111   255    84   237    66   249 0.70 -
augustus_predicted_3372 -            450 1025450at2759        -            307   5.1e-19   67.5   0.5   2   3   9.6e-12   8.2e-10   37.3   0.1    65   174   201   320   188   329 0.86 -
augustus_predicted_3372 -            450 1025450at2759        -            307   5.1e-19   67.5   0.5   3   3   0.00012    0.0099   14.0   0.0   139   171   328   360   319   400 0.82 -
augustus_predicted_7622 -            595 1025450at2759        -            307   2.9e-18   65.0   5.1   1   4   9.8e-11   8.4e-09   34.0   0.1    89   175   295   380   292   396 0.91 -
augustus_predicted_7622 -            595 1025450at2759        -            307   2.9e-18   65.0   5.1   2   4   0.00016     0.014   13.6   0.0   109   168   401   459   383   466 0.92 -
augustus_predicted_7622 -            595 1025450at2759        -            307   2.9e-18   65.0   5.1   3   4     0.001     0.089   10.9   0.1   105   176   482   557   476   561 0.74 -
augustus_predicted_7622 -            595 1025450at2759        -            307   2.9e-18   65.0   5.1   4   4   4.7e-05     0.004   15.3   0.6   105   168   529   595   526   595 0.83 -
augustus_predicted_733  -            618 1025450at2759        -            307   8.1e-17   60.3   9.0   1   3   5.3e-13   4.5e-11   41.4   3.2    45   173   325   461   317   469 0.90 -
augustus_predicted_733  -            618 1025450at2759        -            307   8.1e-17   60.3   9.0   2   3    0.0038      0.32    9.1   0.4    99   169   473   546   465   551 0.76 -
augustus_predicted_733  -            618 1025450at2759        -            307   8.1e-17   60.3   9.0   3   3   0.00018     0.016   13.4   0.0   120   174   542   593   534   601 0.74 -
augustus_predicted_1452 -            959 1025450at2759        -            307   1.5e-16   59.4   0.0   1   4   0.00088     0.075   11.1   0.0    67    99   308   340   305   345 0.87 -
augustus_predicted_1452 -            959 1025450at2759        -            307   1.5e-16   59.4   0.0   2   4   6.2e-10   5.3e-08   31.3   0.0    60   170   369   485   357   502 0.83 -
augustus_predicted_1452 -            959 1025450at2759        -            307   1.5e-16   59.4   0.0   3   4    0.0033      0.28    9.3   0.0   112   187   527   604   518   626 0.70 -
augustus_predicted_1452 -            959 1025450at2759        -            307   1.5e-16   59.4   0.0   4   4      0.86        74    1.3   0.0    75    93   674   692   667   707 0.86 -
augustus_predicted_3793 -            938 1025450at2759        -            307   2.1e-16   59.0   0.1   1   5       1.4   1.2e+02    0.6   0.0   153   174    37    58    15    65 0.79 -
augustus_predicted_3793 -            938 1025450at2759        -            307   2.1e-16   59.0   0.1   2   5   9.6e-06   0.00083   17.6   0.0   109   175   157   225   151   231 0.84 -
augustus_predicted_3793 -            938 1025450at2759        -            307   2.1e-16   59.0   0.1   3   5    0.0003     0.026   12.7   0.1   102   184   244   326   237   356 0.82 -
augustus_predicted_3793 -            938 1025450at2759        -            307   2.1e-16   59.0   0.1   4   5       1.7   1.4e+02    0.4   0.0   148   167   427   449   388   476 0.55 -
augustus_predicted_3793 -            938 1025450at2759        -            307   2.1e-16   59.0   0.1   5   5   3.1e-06   0.00026   19.2   0.0    60    98   549   586   543   590 0.89 -
augustus_predicted_7569 -           1229 1025450at2759        -            307   2.2e-16   58.9   0.9   1   2   7.9e-09   6.7e-07   27.7   0.0    64   207    14   169    11   174 0.75 -
augustus_predicted_7569 -           1229 1025450at2759        -            307   2.2e-16   58.9   0.9   2   2   1.6e-08   1.4e-06   26.7   0.2    98   186   190   281   174   309 0.78 -
augustus_predicted_5178 -            475 1025450at2759        -            307   5.9e-16   57.5   4.9   1   2   6.5e-12   5.6e-10   37.8   1.3   105   247   208   351   203   352 0.85 -
augustus_predicted_5178 -            475 1025450at2759        -            307   5.9e-16   57.5   4.9   2   2   2.9e-09   2.5e-07   29.1   0.1   103   199   326   426   323   471 0.76 -
augustus_predicted_5688 -            541 1025450at2759        -            307   1.4e-15   56.2   0.2   1   3   9.8e-08   8.4e-06   24.1   0.0   106   175   105   174   102   183 0.90 -
augustus_predicted_5688 -            541 1025450at2759        -            307   1.4e-15   56.2   0.2   2   3     0.045       3.9    5.5   0.0   258   280   195   217   192   234 0.76 -
augustus_predicted_5688 -            541 1025450at2759        -            307   1.4e-15   56.2   0.2   3   3   6.7e-07   5.7e-05   21.4   0.0    41    94   245   298   238   304 0.91 -
augustus_predicted_6922 -            336 1025450at2759        -            307   2.6e-14   52.0   1.0   1   3   5.7e-09   4.9e-07   28.2   0.5    60   193     6   154     2   158 0.70 -
augustus_predicted_6922 -            336 1025450at2759        -            307   2.6e-14   52.0   1.0   2   3   5.2e-06   0.00044   18.5   0.0   104   203   155   260   141   279 0.72 -
augustus_predicted_6922 -            336 1025450at2759        -            307   2.6e-14   52.0   1.0   3   3      0.57        48    1.9   0.0    59    95   284   320   274   327 0.68 -
augustus_predicted_3308 -            816 1025450at2759        -            307   2.8e-14   52.0  13.7   1   6   2.7e-05    0.0023   16.1   0.0   109   175   123   191    66   206 0.84 -
augustus_predicted_3308 -            816 1025450at2759        -            307   2.8e-14   52.0  13.7   2   6      0.83        71    1.4   0.0   263   297   227   261   219   266 0.59 -
augustus_predicted_3308 -            816 1025450at2759        -            307   2.8e-14   52.0  13.7   3   6       1.8   1.6e+02    0.3   0.0    56    73   303   320   271   331 0.67 -
augustus_predicted_3308 -            816 1025450at2759        -            307   2.8e-14   52.0  13.7   4   6       3.7   3.1e+02   -0.8   0.0   108   139   330   361   327   378 0.68 -
augustus_predicted_3308 -            816 1025450at2759        -            307   2.8e-14   52.0  13.7   5   6    0.0061      0.52    8.4   0.6   115   175   439   498   412   508 0.88 -
augustus_predicted_3308 -            816 1025450at2759        -            307   2.8e-14   52.0  13.7   6   6   4.6e-09   3.9e-07   28.5   0.3    61   163   523   630   517   646 0.86 -
augustus_predicted_5876 -            625 1025450at2759        -            307   3.7e-14   51.6   2.1   1   2     2e-13   1.7e-11   42.8   0.6    21   175   226   405   216   412 0.73 -
augustus_predicted_5876 -            625 1025450at2759        -            307   3.7e-14   51.6   2.1   2   2      0.28        24    2.9   0.1   107   278   453   473   444   488 0.53 -
augustus_predicted_740  -            477 1025450at2759        -            307   4.7e-14   51.2   2.7   1   3   1.8e-07   1.5e-05   23.3   0.0   102   175    30   102    28   127 0.86 -
augustus_predicted_740  -            477 1025450at2759        -            307   4.7e-14   51.2   2.7   2   3     0.095       8.2    4.5   0.0   140   180   177   217   163   250 0.68 -
augustus_predicted_740  -            477 1025450at2759        -            307   4.7e-14   51.2   2.7   3   3     2e-06   0.00017   19.8   0.1    68   130   281   354   265   366 0.81 -
augustus_predicted_3800 -            684 1025450at2759        -            307   4.7e-14   51.2   0.3   1   3   1.6e-06   0.00014   20.1   0.0    37    93    30    92    11    97 0.83 -
augustus_predicted_3800 -            684 1025450at2759        -            307   4.7e-14   51.2   0.3   2   3   2.8e-07   2.4e-05   22.6   0.1    36    98   136   198   117   207 0.90 -
augustus_predicted_3800 -            684 1025450at2759        -            307   4.7e-14   51.2   0.3   3   3      0.11       9.3    4.3   0.0   111   163   456   508   449   518 0.83 -
augustus_predicted_3932 -            364 1025450at2759        -            307   5.8e-14   50.9   0.1   1   2   9.2e-11   7.9e-09   34.1   0.0   102   205    41   141    34   166 0.65 -
augustus_predicted_3932 -            364 1025450at2759        -            307   5.8e-14   50.9   0.1   2   2   0.00015     0.013   13.7   0.0   112   171   204   262   197   293 0.84 -
augustus_predicted_1407 -           1543 1025450at2759        -            307   6.8e-14   50.7   9.9   1   5      0.71        61    1.6   0.0   260   277    38    55    30    68 0.85 -
augustus_predicted_1407 -           1543 1025450at2759        -            307   6.8e-14   50.7   9.9   2   5   4.1e-05    0.0035   15.5   0.2   135   214    78   166    70   173 0.79 -
augustus_predicted_1407 -           1543 1025450at2759        -            307   6.8e-14   50.7   9.9   3   5   4.8e-09   4.1e-07   28.4   0.1    25    93   175   245   168   247 0.91 -
augustus_predicted_1407 -           1543 1025450at2759        -            307   6.8e-14   50.7   9.9   4   5   5.2e-05    0.0044   15.2   0.8    37   101   231   295   230   332 0.86 -
augustus_predicted_1407 -           1543 1025450at2759        -            307   6.8e-14   50.7   9.9   5   5       2.1   1.8e+02    0.1   0.0   148   172   435   459   428   474 0.88 -
augustus_predicted_5669 -            643 1025450at2759        -            307   1.4e-13   49.6   0.0   1   3      0.95        81    1.2   0.1   253   286   124   160   114   182 0.61 -
augustus_predicted_5669 -            643 1025450at2759        -            307   1.4e-13   49.6   0.0   2   3   5.7e-06   0.00048   18.3   0.0   109   175   200   267   191   278 0.87 -
augustus_predicted_5669 -            643 1025450at2759        -            307   1.4e-13   49.6   0.0   3   3   7.8e-08   6.7e-06   24.5   0.0    54   178   451   588   447   599 0.80 -
augustus_predicted_181  -            445 1025450at2759        -            307   2.3e-13   49.0  10.6   1   5     1e-05   0.00089   17.5   0.0    34    97    38   105    36   118 0.87 -
augustus_predicted_181  -            445 1025450at2759        -            307   2.3e-13   49.0  10.6   2   5   4.8e-07   4.1e-05   21.9   4.0    97   168   145   220   140   248 0.78 -
augustus_predicted_181  -            445 1025450at2759        -            307   2.3e-13   49.0  10.6   3   5   2.6e-05    0.0022   16.1   1.4    54   176   182   298   180   308 0.69 -
augustus_predicted_181  -            445 1025450at2759        -            307   2.3e-13   49.0  10.6   4   5      0.75        64    1.5   0.0    66    93   331   358   321   365 0.83 -
augustus_predicted_181  -            445 1025450at2759        -            307   2.3e-13   49.0  10.6   5   5      0.36        31    2.6   0.0   153   168   427   442   391   445 0.70 -
augustus_predicted_508  -            373 1025450at2759        -            307   2.4e-13   48.9   5.5   1   3     2e-08   1.7e-06   26.4   0.4   102   176    86   161    73   167 0.84 -
augustus_predicted_508  -            373 1025450at2759        -            307   2.4e-13   48.9   5.5   2   3    0.0074      0.64    8.1   0.0   260   287   186   213   182   245 0.88 -
augustus_predicted_508  -            373 1025450at2759        -            307   2.4e-13   48.9   5.5   3   3   0.00016     0.014   13.6   0.1    36    94   275   331   265   342 0.81 -
augustus_predicted_8867 -            785 1025450at2759        -            307   4.5e-13   48.0   0.4   1   3    0.0098      0.84    7.7   0.0    57    94     7    43     2    57 0.79 -
augustus_predicted_8867 -            785 1025450at2759        -            307   4.5e-13   48.0   0.4   2   3   2.2e-07   1.9e-05   23.0   0.2    12    94    95   180    84   184 0.79 -
augustus_predicted_8867 -            785 1025450at2759        -            307   4.5e-13   48.0   0.4   3   3    0.0005     0.043   11.9   0.0   150   246   205   305   198   322 0.72 -
augustus_predicted_1215 -            535 1025450at2759        -            307   5.4e-13   47.7   3.7   1   3      0.33        28    2.7   0.1    75    94   207   226   205   232 0.78 -
augustus_predicted_1215 -            535 1025450at2759        -            307   5.4e-13   47.7   3.7   2   3   9.6e-08   8.2e-06   24.1   0.2    25   128   264   382   245   391 0.80 -
augustus_predicted_1215 -            535 1025450at2759        -            307   5.4e-13   47.7   3.7   3   3   1.8e-06   0.00016   19.9   0.0    90   177   393   485   391   499 0.85 -
augustus_predicted_2415 -            717 1025450at2759        -            307   5.4e-13   47.7   0.1   1   5       0.2        17    3.4   0.0   181   211   245   275   232   281 0.85 -
augustus_predicted_2415 -            717 1025450at2759        -            307   5.4e-13   47.7   0.1   2   5   4.7e-09   4.1e-07   28.4   0.0    30    94   296   362   282   367 0.90 -
augustus_predicted_2415 -            717 1025450at2759        -            307   5.4e-13   47.7   0.1   3   5     0.019       1.6    6.7   0.0   119   175   403   462   388   474 0.78 -
augustus_predicted_2415 -            717 1025450at2759        -            307   5.4e-13   47.7   0.1   4   5       3.2   2.7e+02   -0.6   0.0   145   169   490   514   485   525 0.81 -
augustus_predicted_2415 -            717 1025450at2759        -            307   5.4e-13   47.7   0.1   5   5      0.72        62    1.6   0.0    60    83   651   674   643   683 0.73 -
augustus_predicted_5811 -           1271 1025450at2759        -            307   1.6e-12   46.1   0.0   1   2     3e-05    0.0026   15.9   0.0    93   172   147   226   133   237 0.84 -
augustus_predicted_5811 -           1271 1025450at2759        -            307   1.6e-12   46.1   0.0   2   2   1.1e-08   9.7e-07   27.2   0.0    98   174   246   323   240   339 0.82 -
augustus_predicted_6001 -            309 1025450at2759        -            307   1.9e-12   45.9  11.8   1   4      0.39        33    2.5   0.0   289   306    25    42    17    43 0.80 -
augustus_predicted_6001 -            309 1025450at2759        -            307   1.9e-12   45.9  11.8   2   4   2.2e-05    0.0019   16.4   0.0    38    96    29    91    28    95 0.82 -
augustus_predicted_6001 -            309 1025450at2759        -            307   1.9e-12   45.9  11.8   3   4    0.0077      0.66    8.0   0.3    89   150   104   167    99   177 0.63 -
augustus_predicted_6001 -            309 1025450at2759        -            307   1.9e-12   45.9  11.8   4   4   5.6e-07   4.8e-05   21.6   2.9    37   125   187   294   182   302 0.74 -
augustus_predicted_188  -            362 1025450at2759        -            307   2.2e-12   45.7   0.0   1   2   5.2e-12   4.5e-10   38.2   0.0    64   243    33   234    30   248 0.81 -
augustus_predicted_188  -            362 1025450at2759        -            307   2.2e-12   45.7   0.0   2   2      0.35        30    2.6   0.0   221   249   265   296   255   322 0.66 -
augustus_predicted_8386 -            492 1025450at2759        -            307   3.2e-12   45.2   7.1   1   2   2.2e-09   1.9e-07   29.5   0.1    96   175   257   339   250   350 0.81 -
augustus_predicted_8386 -            492 1025450at2759        -            307   3.2e-12   45.2   7.1   2   2   9.4e-06    0.0008   17.6   2.1    95   170   346   434   340   445 0.77 -
augustus_predicted_2153 -            980 1025450at2759        -            307   3.6e-12   45.1   2.5   1   2   2.2e-06   0.00019   19.7   0.2    47   112    80   145    61   194 0.76 -
augustus_predicted_2153 -            980 1025450at2759        -            307   3.6e-12   45.1   2.5   2   2   8.5e-08   7.3e-06   24.3   0.1   104   247   245   397   234   405 0.76 -
augustus_predicted_4790 -            816 1025450at2759        -            307   3.6e-12   45.0  10.4   1   7     0.005      0.43    8.7   0.0    41    94    32    92    24    99 0.72 -
augustus_predicted_4790 -            816 1025450at2759        -            307   3.6e-12   45.0  10.4   2   7   5.6e-05    0.0048   15.1   0.2    57    94   102   139    94   145 0.90 -
augustus_predicted_4790 -            816 1025450at2759        -            307   3.6e-12   45.0  10.4   3   7    0.0026      0.22    9.6   0.3    55   198   203   361   197   379 0.74 -
augustus_predicted_4790 -            816 1025450at2759        -            307   3.6e-12   45.0  10.4   4   7         7     6e+02   -1.7   0.0   146   173   365   392   362   398 0.86 -
augustus_predicted_4790 -            816 1025450at2759        -            307   3.6e-12   45.0  10.4   5   7       1.4   1.2e+02    0.7   0.0    55    83   396   424   384   443 0.81 -
augustus_predicted_4790 -            816 1025450at2759        -            307   3.6e-12   45.0  10.4   6   7     0.013       1.1    7.3   0.1    49    96   605   653   565   669 0.79 -
augustus_predicted_4790 -            816 1025450at2759        -            307   3.6e-12   45.0  10.4   7   7         1        86    1.1   0.0    34    94   685   750   672   757 0.56 -
augustus_predicted_7659 -            474 1025450at2759        -            307   4.5e-12   44.7   0.0   1   2   8.8e-06   0.00075   17.7   0.0    75   260    73   254    56   258 0.69 -
augustus_predicted_7659 -            474 1025450at2759        -            307   4.5e-12   44.7   0.0   2   2   4.1e-06   0.00035   18.8   0.0    63    98   282   317   271   327 0.75 -
augustus_predicted_1242 -           1106 1025450at2759        -            307   1.5e-11   43.0   0.1   1   4   0.00052     0.044   11.9   0.0    52    94    34    76    32    84 0.88 -
augustus_predicted_1242 -           1106 1025450at2759        -            307   1.5e-11   43.0   0.1   2   4     0.027       2.3    6.2   0.0   135   171    90   128    69   138 0.63 -
augustus_predicted_1242 -           1106 1025450at2759        -            307   1.5e-11   43.0   0.1   3   4    0.0027      0.23    9.5   0.0   239   278   167   205   156   214 0.80 -
augustus_predicted_1242 -           1106 1025450at2759        -            307   1.5e-11   43.0   0.1   4   4    0.0027      0.23    9.6   0.0   188   248   934   996   920  1009 0.61 -
augustus_predicted_5570 -            573 1025450at2759        -            307   1.7e-11   42.8   0.6   1   4   1.8e-06   0.00016   19.9   0.1   107   170    98   160    94   167 0.92 -
augustus_predicted_5570 -            573 1025450at2759        -            307   1.7e-11   42.8   0.6   2   4     0.012         1    7.4   0.0    33    57   202   226   178   230 0.77 -
augustus_predicted_5570 -            573 1025450at2759        -            307   1.7e-11   42.8   0.6   3   4       1.2        99    0.9   0.0   154   179   246   270   233   283 0.82 -
augustus_predicted_5570 -            573 1025450at2759        -            307   1.7e-11   42.8   0.6   4   4     0.022       1.9    6.6   0.0   143   174   299   330   282   346 0.71 -
augustus_predicted_4325 -           1282 1025450at2759        -            307   2.8e-11   42.1   0.0   1   3       8.2     7e+02   -1.9   0.0   230   247    86   103    82   112 0.83 -
augustus_predicted_4325 -           1282 1025450at2759        -            307   2.8e-11   42.1   0.0   2   3   3.5e-09     3e-07   28.9   0.1    56   173   112   247    99   265 0.76 -
augustus_predicted_4325 -           1282 1025450at2759        -            307   2.8e-11   42.1   0.0   3   3    0.0027      0.23    9.6   0.0    35    99   271   336   248   340 0.84 -
augustus_predicted_283  -            977 1025450at2759        -            307   3.1e-11   42.0   5.6   1   5     0.047         4    5.5   0.0    61    88     2    29     1    42 0.74 -
augustus_predicted_283  -            977 1025450at2759        -            307   3.1e-11   42.0   5.6   2   5   1.6e-06   0.00014   20.1   1.0    54   108    56   109    52   116 0.91 -
augustus_predicted_283  -            977 1025450at2759        -            307   3.1e-11   42.0   5.6   3   5      0.87        75    1.3   0.0   289   305   120   136   110   138 0.83 -
augustus_predicted_283  -            977 1025450at2759        -            307   3.1e-11   42.0   5.6   4   5    0.0086      0.73    7.9   0.0    34    94   222   283   206   297 0.83 -
augustus_predicted_283  -            977 1025450at2759        -            307   3.1e-11   42.0   5.6   5   5     0.091       7.8    4.5   0.0   156   206   640   693   628   736 0.65 -
augustus_predicted_5862 -            485 1025450at2759        -            307   3.9e-11   41.6   0.4   1   4     0.019       1.6    6.7   0.0   147   172   133   158   114   168 0.75 -
augustus_predicted_5862 -            485 1025450at2759        -            307   3.9e-11   41.6   0.4   2   4   0.00099     0.085   11.0   0.0    37    97   141   204   138   208 0.78 -
augustus_predicted_5862 -            485 1025450at2759        -            307   3.9e-11   41.6   0.4   3   4      0.11       9.4    4.3   0.0   271   305   214   249   206   251 0.84 -
augustus_predicted_5862 -            485 1025450at2759        -            307   3.9e-11   41.6   0.4   4   4   4.6e-06    0.0004   18.6   0.1   136   251   291   418   282   431 0.73 -
augustus_predicted_742  -            355 1025450at2759        -            307   4.9e-11   41.3   0.5   1   3   2.3e-06    0.0002   19.6   0.1   231   287    29    98    22   115 0.70 -
augustus_predicted_742  -            355 1025450at2759        -            307   4.9e-11   41.3   0.5   2   3   0.00018     0.016   13.4   0.0    60   115   144   200   108   219 0.69 -
augustus_predicted_742  -            355 1025450at2759        -            307   4.9e-11   41.3   0.5   3   3     0.067       5.8    5.0   0.0   149   173   306   330   280   338 0.56 -
augustus_predicted_8313 -           1395 1025450at2759        -            307   7.5e-11   40.7   0.6   1   3     0.014       1.2    7.2   0.0   219   269   935   982   922  1039 0.79 -
augustus_predicted_8313 -           1395 1025450at2759        -            307   7.5e-11   40.7   0.6   2   3   1.9e-05    0.0016   16.6   0.0   104   175  1132  1198  1118  1213 0.77 -
augustus_predicted_8313 -           1395 1025450at2759        -            307   7.5e-11   40.7   0.6   3   3   0.00033     0.028   12.5   0.0    42    95  1289  1343  1280  1348 0.72 -
augustus_predicted_5540 -           1198 1025450at2759        -            307   1.6e-10   39.6   8.9   1   5      0.27        23    3.0   0.0   138   171   765   798   756   809 0.86 -
augustus_predicted_5540 -           1198 1025450at2759        -            307   1.6e-10   39.6   8.9   2   5   6.8e-08   5.8e-06   24.7   0.1    35    96   886   949   876   955 0.87 -
augustus_predicted_5540 -           1198 1025450at2759        -            307   1.6e-10   39.6   8.9   3   5   2.6e-05    0.0022   16.2   0.1   108   175   928   997   925  1004 0.85 -
augustus_predicted_5540 -           1198 1025450at2759        -            307   1.6e-10   39.6   8.9   4   5     0.048       4.1    5.4   0.0   153   170  1059  1076  1029  1089 0.70 -
augustus_predicted_5540 -           1198 1025450at2759        -            307   1.6e-10   39.6   8.9   5   5     0.091       7.8    4.5   1.5    36    59  1060  1078  1055  1167 0.62 -
augustus_predicted_2475 -            596 1025450at2759        -            307   1.8e-10   39.5   5.0   1   3   8.4e-07   7.2e-05   21.1   0.8   135   286   102   257    94   270 0.81 -
augustus_predicted_2475 -            596 1025450at2759        -            307   1.8e-10   39.5   5.0   2   3    0.0001    0.0089   14.2   0.1    96   204   272   396   268   402 0.61 -
augustus_predicted_2475 -            596 1025450at2759        -            307   1.8e-10   39.5   5.0   3   3      0.37        31    2.5   0.0   153   202   381   437   376   459 0.48 -
augustus_predicted_3296 -            859 1025450at2759        -            307   2.6e-10   38.9   4.0   1   5       8.2     7e+02   -1.9   0.0    89   117   214   240   212   254 0.73 -
augustus_predicted_3296 -            859 1025450at2759        -            307   2.6e-10   38.9   4.0   2   5   0.00068     0.059   11.5   0.2   253   292   290   333   285   342 0.77 -
augustus_predicted_3296 -            859 1025450at2759        -            307   2.6e-10   38.9   4.0   3   5      0.31        26    2.8   0.0   228   247   342   361   324   369 0.70 -
augustus_predicted_3296 -            859 1025450at2759        -            307   2.6e-10   38.9   4.0   4   5     0.023         2    6.5   0.0   253   279   490   517   477   534 0.68 -
augustus_predicted_3296 -            859 1025450at2759        -            307   2.6e-10   38.9   4.0   5   5   4.4e-05    0.0037   15.4   0.0    97   192   544   638   536   661 0.80 -
augustus_predicted_3188 -            275 1025450at2759        -            307   2.8e-10   38.8   2.9   1   2   9.7e-09   8.3e-07   27.4   0.0    55   215    10   173     7   179 0.80 -
augustus_predicted_3188 -            275 1025450at2759        -            307   2.8e-10   38.8   2.9   2   2    0.0028      0.24    9.5   1.3    27    91   200   274   187   275 0.78 -
augustus_predicted_1322 -            442 1025450at2759        -            307   2.9e-10   38.8   0.6   1   4    0.0014      0.12   10.4   0.0   135   170    17    52    11    70 0.88 -
augustus_predicted_1322 -            442 1025450at2759        -            307   2.9e-10   38.8   0.6   2   4       1.8   1.5e+02    0.3   0.0    71    92   218   239   193   246 0.67 -
augustus_predicted_1322 -            442 1025450at2759        -            307   2.9e-10   38.8   0.6   3   4   3.2e-05    0.0027   15.9   0.0    74   109   328   362   324   373 0.90 -
augustus_predicted_1322 -            442 1025450at2759        -            307   2.9e-10   38.8   0.6   4   4     0.027       2.3    6.3   0.0   225   245   421   441   394   442 0.67 -
augustus_predicted_3193 -            393 1025450at2759        -            307   3.1e-10   38.7   0.1   1   2   9.8e-10   8.4e-08   30.7   0.0    25    98   242   322   226   325 0.80 -
augustus_predicted_3193 -            393 1025450at2759        -            307   3.1e-10   38.7   0.1   2   2     0.077       6.6    4.8   0.0    55    95   335   376   330   384 0.86 -
augustus_predicted_4243 -            611 1025450at2759        -            307   4.1e-10   38.3   0.2   1   3     0.013       1.1    7.3   0.0   104   129    88   114    74   120 0.72 -
augustus_predicted_4243 -            611 1025450at2759        -            307   4.1e-10   38.3   0.2   2   3   1.4e-08   1.2e-06   26.9   0.1   106   179   148   220   131   242 0.85 -
augustus_predicted_4243 -            611 1025450at2759        -            307   4.1e-10   38.3   0.2   3   3       4.1   3.5e+02   -0.9   0.0   124   171   255   305   244   318 0.55 -
augustus_predicted_8868 -            316 1025450at2759        -            307   4.6e-10   38.1   1.5   1   4       9.2   7.9e+02   -2.1   0.0    57    74    10    27     7    40 0.76 -
augustus_predicted_8868 -            316 1025450at2759        -            307   4.6e-10   38.1   1.5   2   4   2.5e-07   2.2e-05   22.8   0.0    21    96    58   138    46   144 0.83 -
augustus_predicted_8868 -            316 1025450at2759        -            307   4.6e-10   38.1   1.5   3   4     0.044       3.8    5.6   0.0   147   280   178   203   163   215 0.60 -
augustus_predicted_8868 -            316 1025450at2759        -            307   4.6e-10   38.1   1.5   4   4     0.033       2.9    6.0   0.0   112   178   232   299   216   303 0.68 -
augustus_predicted_1456 -            364 1025450at2759        -            307   6.9e-10   37.5   0.4   1   4     0.012       1.1    7.4   0.0   250   286    41    80    29    91 0.66 -
augustus_predicted_1456 -            364 1025450at2759        -            307   6.9e-10   37.5   0.4   2   4   1.2e-07     1e-05   23.8   0.0   106   175    94   163    90   203 0.71 -
augustus_predicted_1456 -            364 1025450at2759        -            307   6.9e-10   37.5   0.4   3   4       7.7   6.6e+02   -1.8   0.0    69    82   229   242   223   257 0.76 -
augustus_predicted_1456 -            364 1025450at2759        -            307   6.9e-10   37.5   0.4   4   4      0.54        46    2.0   0.0   146   172   287   314   275   355 0.82 -
augustus_predicted_3437 -           1219 1025450at2759        -            307   1.2e-09   36.8   0.2   1   4      0.12        10    4.2   0.0    97   174   851   928   840   934 0.71 -
augustus_predicted_3437 -           1219 1025450at2759        -            307   1.2e-09   36.8   0.2   2   4       1.2   1.1e+02    0.8   0.0   136   175   952   991   941  1004 0.73 -
augustus_predicted_3437 -           1219 1025450at2759        -            307   1.2e-09   36.8   0.2   3   4   1.2e-07   1.1e-05   23.8   0.0    35    72  1011  1048  1000  1052 0.92 -
augustus_predicted_3437 -           1219 1025450at2759        -            307   1.2e-09   36.8   0.2   4   4      0.52        45    2.0   0.0   260   280  1168  1188  1153  1209 0.70 -
augustus_predicted_2706 -            357 1025450at2759        -            307   4.2e-09   35.0   0.4   1   3      0.55        47    2.0   0.0   150   174    25    49     3    58 0.63 -
augustus_predicted_2706 -            357 1025450at2759        -            307   4.2e-09   35.0   0.4   2   3    0.0011     0.098   10.8   0.1   115   247    33   177    22   216 0.73 -
augustus_predicted_2706 -            357 1025450at2759        -            307   4.2e-09   35.0   0.4   3   3     1e-06   8.8e-05   20.8   0.0    37    82   277   322   252   324 0.93 -
augustus_predicted_1835 -            472 1025450at2759        -            307   2.9e-08   32.2   1.0   1   5    0.0003     0.026   12.7   0.0    65    98    30    63    25    72 0.88 -
augustus_predicted_1835 -            472 1025450at2759        -            307   2.9e-08   32.2   1.0   2   5      0.14        12    3.9   0.0    95   140    90   132    83   144 0.69 -
augustus_predicted_1835 -            472 1025450at2759        -            307   2.9e-08   32.2   1.0   3   5       1.3   1.1e+02    0.7   0.0   176   223   185   232   165   270 0.51 -
augustus_predicted_1835 -            472 1025450at2759        -            307   2.9e-08   32.2   1.0   4   5    0.0083      0.71    7.9   0.0    66   107   296   336   290   352 0.86 -
augustus_predicted_1835 -            472 1025450at2759        -            307   2.9e-08   32.2   1.0   5   5       3.7   3.2e+02   -0.8   0.0    26    51   355   380   336   391 0.64 -
augustus_predicted_6468 -           1449 1025450at2759        -            307   1.1e-07   30.3   0.2   1   3       1.4   1.2e+02    0.6   0.0   109   176    94   162    90   181 0.73 -
augustus_predicted_6468 -           1449 1025450at2759        -            307   1.1e-07   30.3   0.2   2   3   3.7e-08   3.2e-06   25.5   0.1    90   281   253   444   249   466 0.71 -
augustus_predicted_6468 -           1449 1025450at2759        -            307   1.1e-07   30.3   0.2   3   3       8.7   7.5e+02   -2.0   0.0   150   168   551   569   522   575 0.66 -
augustus_predicted_5696 -           1414 1025450at2759        -            307   3.7e-07   28.6   0.2   1   3       2.4   2.1e+02   -0.2   0.0   226   250  1113  1136  1100  1141 0.88 -
augustus_predicted_5696 -           1414 1025450at2759        -            307   3.7e-07   28.6   0.2   2   3     0.037       3.1    5.8   0.0    75   125  1161  1212  1150  1221 0.74 -
augustus_predicted_5696 -           1414 1025450at2759        -            307   3.7e-07   28.6   0.2   3   3   5.6e-06   0.00048   18.3   0.1    76   206  1216  1365  1207  1392 0.70 -
augustus_predicted_4679 -            379 1025450at2759        -            307   4.9e-07   28.2   2.7   1   3   0.00013     0.011   13.9   0.2    62    95    11    44     7    59 0.81 -
augustus_predicted_4679 -            379 1025450at2759        -            307   4.9e-07   28.2   2.7   2   3       0.5        43    2.1   0.0   106   126   238   259   225   278 0.61 -
augustus_predicted_4679 -            379 1025450at2759        -            307   4.9e-07   28.2   2.7   3   3    0.0018      0.15   10.1   0.2    67   103   333   369   316   376 0.81 -
augustus_predicted_1978 -            609 1025450at2759        -            307   5.5e-07   28.0   0.0   1   2     1e-05   0.00087   17.5   0.1    35   283   369   434   308   453 0.62 -
augustus_predicted_1978 -            609 1025450at2759        -            307   5.5e-07   28.0   0.0   2   2     0.026       2.2    6.3   0.0   127   172   495   541   469   550 0.47 -
augustus_predicted_3079 -           1158 1025450at2759        -            307   2.4e-06   25.9  10.0   1   5       1.1        93    1.0   0.0   150   167   775   792   767   805 0.79 -
augustus_predicted_3079 -           1158 1025450at2759        -            307   2.4e-06   25.9  10.0   2   5    0.0034      0.29    9.2   0.3    36    68   849   881   844   886 0.92 -
augustus_predicted_3079 -           1158 1025450at2759        -            307   2.4e-06   25.9  10.0   3   5      0.93        79    1.2   0.0   230   245   908   923   901   931 0.58 -
augustus_predicted_3079 -           1158 1025450at2759        -            307   2.4e-06   25.9  10.0   4   5      0.18        15    3.6   0.1   152   188   994  1028   973  1093 0.64 -
augustus_predicted_3079 -           1158 1025450at2759        -            307   2.4e-06   25.9  10.0   5   5    0.0012       0.1   10.7   0.3    38    92  1099  1157  1096  1158 0.91 -
augustus_predicted_672  -            355 1025450at2759        -            307   3.5e-06   25.4   5.2   1   4      0.42        36    2.3   0.0   279   305    60    88    42    90 0.65 -
augustus_predicted_672  -            355 1025450at2759        -            307   3.5e-06   25.4   5.2   2   4   6.8e-05    0.0058   14.8   0.1    68   181    63   187    57   197 0.63 -
augustus_predicted_672  -            355 1025450at2759        -            307   3.5e-06   25.4   5.2   3   4     0.071       6.1    4.9   0.1   230   276   227   286   223   294 0.56 -
augustus_predicted_672  -            355 1025450at2759        -            307   3.5e-06   25.4   5.2   4   4       1.3   1.1e+02    0.7   0.2    37   278   336   351   314   354 0.60 -
augustus_predicted_963  -           1599 1025450at2759        -            307   3.9e-06   25.2   1.6   1   4   6.6e-06   0.00057   18.1   0.0   127   211  1125  1210  1114  1229 0.73 -
augustus_predicted_963  -           1599 1025450at2759        -            307   3.9e-06   25.2   1.6   2   4      0.99        85    1.1   0.1   102   170  1250  1321  1239  1329 0.70 -
augustus_predicted_963  -           1599 1025450at2759        -            307   3.9e-06   25.2   1.6   3   4       6.4   5.4e+02   -1.5   0.0   230   248  1354  1372  1350  1381 0.76 -
augustus_predicted_963  -           1599 1025450at2759        -            307   3.9e-06   25.2   1.6   4   4      0.73        62    1.6   0.0   262   285  1473  1496  1452  1507 0.72 -
augustus_predicted_1146 -            629 1025450at2759        -            307   4.7e-06   24.9   0.1   1   3   0.00025     0.021   13.0   0.1    98   171    75   149    69   161 0.88 -
augustus_predicted_1146 -            629 1025450at2759        -            307   4.7e-06   24.9   0.1   2   3     0.023       1.9    6.5   0.0    63    95   208   240   196   244 0.89 -
augustus_predicted_1146 -            629 1025450at2759        -            307   4.7e-06   24.9   0.1   3   3       1.9   1.6e+02    0.2   0.0   136   175   261   301   248   322 0.52 -
augustus_predicted_4291 -            915 1025450at2759        -            307   7.8e-06   24.2   1.8   1   3     0.027       2.3    6.2   0.0    58    96    59    99    51   117 0.84 -
augustus_predicted_4291 -            915 1025450at2759        -            307   7.8e-06   24.2   1.8   2   3      0.34        29    2.6   0.0   253   288   426   461   415   491 0.70 -
augustus_predicted_4291 -            915 1025450at2759        -            307   7.8e-06   24.2   1.8   3   3    0.0032      0.27    9.3   0.1   150   278   527   652   506   670 0.79 -
augustus_predicted_5448 -            997 1025450at2759        -            307   1.5e-05   23.3   0.0   1   4         4   3.4e+02   -0.9   0.0   192   247    96   152    62   165 0.65 -
augustus_predicted_5448 -            997 1025450at2759        -            307   1.5e-05   23.3   0.0   2   4    0.0039      0.34    9.0   0.0   142   182   235   275   231   283 0.87 -
augustus_predicted_5448 -            997 1025450at2759        -            307   1.5e-05   23.3   0.0   3   4    0.0089      0.76    7.8   0.0   152   186   474   508   456   534 0.77 -
augustus_predicted_5448 -            997 1025450at2759        -            307   1.5e-05   23.3   0.0   4   4         2   1.7e+02    0.1   0.0   155   189   605   639   584   690 0.64 -
augustus_predicted_1741 -            689 1025450at2759        -            307   0.00019   19.7   1.8   1   4     0.076       6.6    4.8   0.0   261   285   367   391   332   412 0.71 -
augustus_predicted_1741 -            689 1025450at2759        -            307   0.00019   19.7   1.8   2   4      0.99        85    1.1   0.1   253   276   412   435   404   441 0.80 -
augustus_predicted_1741 -            689 1025450at2759        -            307   0.00019   19.7   1.8   3   4       7.4   6.3e+02   -1.8   0.0   261   278   527   544   523   558 0.82 -
augustus_predicted_1741 -            689 1025450at2759        -            307   0.00019   19.7   1.8   4   4    0.0025      0.21    9.6   0.0    66    94   626   655   624   661 0.89 -
augustus_predicted_1393 -            444 1025450at2759        -            307   0.00019   19.7   0.1   1   3      0.17        15    3.6   0.0   165   247    26   108     2   117 0.72 -
augustus_predicted_1393 -            444 1025450at2759        -            307   0.00019   19.7   0.1   2   3   0.00037     0.031   12.4   0.0   119   211   182   282   178   294 0.67 -
augustus_predicted_1393 -            444 1025450at2759        -            307   0.00019   19.7   0.1   3   3       5.7   4.9e+02   -1.4   0.0   151   169   396   414   387   433 0.63 -
augustus_predicted_204  -            793 1025450at2759        -            307   0.00023   19.4   0.0   1   2   3.7e-05    0.0032   15.6   0.0   131   175   425   468   421   496 0.89 -
augustus_predicted_204  -            793 1025450at2759        -            307   0.00023   19.4   0.0   2   2       1.4   1.2e+02    0.6   0.0   243   243   737   737   663   793 0.53 -
augustus_predicted_7681 -            363 1025450at2759        -            307   0.00025   19.3   1.4   1   4    0.0013      0.11   10.6   0.0   130   169    44    83    18   131 0.76 -
augustus_predicted_7681 -            363 1025450at2759        -            307   0.00025   19.3   1.4   2   4     0.059       5.1    5.1   0.0    99   121   146   168   140   176 0.83 -
augustus_predicted_7681 -            363 1025450at2759        -            307   0.00025   19.3   1.4   3   4       8.5   7.3e+02   -2.0   0.0   148   166   213   231   196   238 0.63 -
augustus_predicted_7681 -            363 1025450at2759        -            307   0.00025   19.3   1.4   4   4       3.2   2.8e+02   -0.6   0.0    80   243   350   361   317   363 0.53 -
augustus_predicted_2249 -            830 1025450at2759        -            307   0.00028   19.1   0.6   1   4      0.18        15    3.6   0.1    59   107   343   394   323   403 0.53 -
augustus_predicted_2249 -            830 1025450at2759        -            307   0.00028   19.1   0.6   2   4      0.09       7.7    4.5   0.2   110   151   366   405   347   438 0.63 -
augustus_predicted_2249 -            830 1025450at2759        -            307   0.00028   19.1   0.6   3   4     0.013       1.1    7.3   0.0    55    89   456   490   449   499 0.81 -
augustus_predicted_2249 -            830 1025450at2759        -            307   0.00028   19.1   0.6   4   4      0.61        52    1.8   0.0    97   155   599   655   554   661 0.77 -
augustus_predicted_7606 -            410 1025450at2759        -            307   0.00052   18.2   0.5   1   4         8   6.9e+02   -1.9   0.0   105   130    19    44    13    61 0.78 -
augustus_predicted_7606 -            410 1025450at2759        -            307   0.00052   18.2   0.5   2   4   0.00042     0.036   12.2   0.0    55    99    67   111    48   124 0.83 -
augustus_predicted_7606 -            410 1025450at2759        -            307   0.00052   18.2   0.5   3   4       2.2   1.9e+02   -0.1   0.0   152   167   239   254   191   268 0.66 -
augustus_predicted_7606 -            410 1025450at2759        -            307   0.00052   18.2   0.5   4   4         1        86    1.1   0.0   187   219   290   321   276   352 0.68 -
augustus_predicted_4317 -            535 1025450at2759        -            307   0.00078   17.7   0.1   1   2      0.56        48    1.9   0.0   226   285   164   230   122   240 0.54 -
augustus_predicted_4317 -            535 1025450at2759        -            307   0.00078   17.7   0.1   2   2   6.8e-05    0.0058   14.8   0.1    78   194   207   335   197   345 0.72 -
augustus_predicted_7641 -           1132 1025450at2759        -            307    0.0011   17.2   4.0   1   8      0.28        24    2.9   0.2   152   168   238   254   122   256 0.65 -
augustus_predicted_7641 -           1132 1025450at2759        -            307    0.0011   17.2   4.0   2   8     0.071       6.1    4.9   0.0   152   174   238   260   207   273 0.82 -
augustus_predicted_7641 -           1132 1025450at2759        -            307    0.0011   17.2   4.0   3   8       1.6   1.4e+02    0.4   0.0   145   175   312   342   288   362 0.74 -
augustus_predicted_7641 -           1132 1025450at2759        -            307    0.0011   17.2   4.0   4   8       2.5   2.1e+02   -0.2   0.0   287   305   371   389   359   391 0.68 -
augustus_predicted_7641 -           1132 1025450at2759        -            307    0.0011   17.2   4.0   5   8       9.1   7.8e+02   -2.0   0.0   143   175   567   599   555   614 0.74 -
augustus_predicted_7641 -           1132 1025450at2759        -            307    0.0011   17.2   4.0   6   8         9   7.7e+02   -2.0   0.0   155   172   771   788   765   801 0.74 -
augustus_predicted_7641 -           1132 1025450at2759        -            307    0.0011   17.2   4.0   7   8      0.65        55    1.7   0.1    56    93   799   836   793   840 0.77 -
augustus_predicted_7641 -           1132 1025450at2759        -            307    0.0011   17.2   4.0   8   8       1.1        90    1.0   0.0   155   246   934   949   866   958 0.68 -
augustus_predicted_8636 -            579 1025450at2759        -            307    0.0016   16.6   0.0   1   5      0.08       6.8    4.7   0.0   130   175   283   328   243   335 0.73 -
augustus_predicted_8636 -            579 1025450at2759        -            307    0.0016   16.6   0.0   2   5       4.6     4e+02   -1.1   0.0   147   170   394   417   368   426 0.73 -
augustus_predicted_8636 -            579 1025450at2759        -            307    0.0016   16.6   0.0   3   5       4.4   3.8e+02   -1.0   0.0   226   245   448   467   435   476 0.75 -
augustus_predicted_8636 -            579 1025450at2759        -            307    0.0016   16.6   0.0   4   5       3.6   3.1e+02   -0.7   0.0    58    82   495   519   488   520 0.79 -
augustus_predicted_8636 -            579 1025450at2759        -            307    0.0016   16.6   0.0   5   5     0.057       4.9    5.2   0.0    67    94   551   578   548   579 0.88 -
augustus_predicted_3892 -            595 1025450at2759        -            307    0.0019   16.4   1.0   1   2      0.55        47    1.9   0.1   116   164   294   340   264   355 0.67 -
augustus_predicted_3892 -            595 1025450at2759        -            307    0.0019   16.4   1.0   2   2   0.00098     0.084   11.0   0.0   110   175   466   534   460   562 0.83 -
augustus_predicted_6173 -           1462 1025450at2759        -            307     0.004   15.3   2.2   1   1      0.19        16    3.5   0.0   249   276   205   235   173   240 0.54 -
augustus_predicted_1284 -           1867 1025450at2759        -            307    0.0046   15.1   0.0   1   2     0.075       6.4    4.8   0.0   114   172  1312  1369  1304  1377 0.76 -
augustus_predicted_1284 -           1867 1025450at2759        -            307    0.0046   15.1   0.0   2   2    0.0022      0.19    9.8   0.0   120   175  1362  1420  1360  1469 0.72 -
augustus_predicted_3063 -           1180 1025450at2759        -            307     0.016   13.3   2.5   1   3       1.6   1.3e+02    0.5   0.0   266   294   484   512   473   515 0.76 -
augustus_predicted_3063 -           1180 1025450at2759        -            307     0.016   13.3   2.5   2   3       3.1   2.7e+02   -0.5   0.0   113   170   531   586   524   592 0.72 -
augustus_predicted_3063 -           1180 1025450at2759        -            307     0.016   13.3   2.5   3   3    0.0025      0.21    9.7   0.0   184   251   660   725   635   737 0.70 -
augustus_predicted_3848 -            525 1025450at2759        -            307     0.019   13.1   1.3   1   5       5.8     5e+02   -1.4   0.0   227   248   197   218   153   230 0.55 -
augustus_predicted_3848 -            525 1025450at2759        -            307     0.019   13.1   1.3   2   5       6.1   5.2e+02   -1.5   0.0   154   174   264   284   241   295 0.60 -
augustus_predicted_3848 -            525 1025450at2759        -            307     0.019   13.1   1.3   3   5     0.019       1.7    6.7   0.0   261   280   355   374   331   392 0.81 -
augustus_predicted_3848 -            525 1025450at2759        -            307     0.019   13.1   1.3   4   5       1.1        98    0.9   0.0   226   247   397   418   382   431 0.65 -
augustus_predicted_3848 -            525 1025450at2759        -            307     0.019   13.1   1.3   5   5       4.8   4.1e+02   -1.1   0.1   228   243   509   524   502   525 0.68 -
augustus_predicted_2342 -            728 1025450at2759        -            307     0.034   12.3   0.0   1   2      0.82        70    1.4   0.0   143   171   206   235   200   243 0.56 -
augustus_predicted_2342 -            728 1025450at2759        -            307     0.034   12.3   0.0   2   2      0.02       1.7    6.7   0.0   141   175   255   289   247   317 0.78 -
augustus_predicted_5672 -            192 1025450at2759        -            307      0.11   10.6   0.0   1   2       0.4        34    2.4   0.1   237   265    67    92    65   116 0.81 -
augustus_predicted_5672 -            192 1025450at2759        -            307      0.11   10.6   0.0   2   2     0.033       2.8    6.0   0.0   110   160   138   187   119   189 0.84 -
#
# Program:         hmmsearch
# Version:         3.1b2 (February 2015)
# Pipeline mode:   SEARCH
# Query file:      ../../stats/eukaryota_odb10/hmms/1025450at2759.hmm
# Target file:     /home/centos/br/bin/Brownotate-1.2.0/runs/b283acc0-5629-444b-ad7a-7147f201d246/annotation/augustus_annotation.faa
# Option settings: hmmsearch --domtblout /home/centos/br/bin/Brownotate-1.2.0/runs/b283acc0-5629-444b-ad7a-7147f201d246/busco_annotation/run_eukaryota_odb10/hmmer_output/initial_run_results/1025450at2759.out --cpu 1 ../../stats/eukaryota_odb10/hmms/1025450at2759.hmm /home/centos/br/bin/Brownotate-1.2.0/runs/b283acc0-5629-444b-ad7a-7147f201d246/annotation/augustus_annotation.faa 
# Current dir:     /home/centos/br/bin/Brownotate-1.2.0/runs/b283acc0-5629-444b-ad7a-7147f201d246
# Date:            Sat Aug 24 02:31:57 2024
# [ok]
