#                                                                               --- full sequence --- -------------- this domain -------------   hmm coord   ali coord   env coord
# target name           accession   tlen query name           accession   qlen   E-value  score  bias   #  of  c-Evalue  i-Evalue  score  bias  from    to  from    to  from    to  acc description of target
#   ------------------- ---------- ----- -------------------- ---------- ----- --------- ------ ----- --- --- --------- --------- ------ ----- ----- ----- ----- ----- ----- ----- ---- ---------------------
augustus_predicted_6088 -            502 1032689at2759        -            167   4.9e-45  152.3   5.0   1   4   4.8e-05      0.11   11.3   0.0    11    33    48    70    43    74 0.90 -
augustus_predicted_6088 -            502 1032689at2759        -            167   4.9e-45  152.3   5.0   2   4   5.4e-29   1.2e-25   89.2   0.0    32    95   119   184   106   187 0.93 -
augustus_predicted_6088 -            502 1032689at2759        -            167   4.9e-45  152.3   5.0   3   4   9.6e-11   2.2e-07   29.8   0.5    91   142   198   271   194   279 0.79 -
augustus_predicted_6088 -            502 1032689at2759        -            167   4.9e-45  152.3   5.0   4   4     2e-07   0.00044   19.0   0.1   137   157   287   307   284   324 0.73 -
augustus_predicted_3983 -            421 1032689at2759        -            167     0.012   14.4   0.2   1   2   4.7e-05      0.11   11.3   0.1    53    96    93   149    70   153 0.67 -
augustus_predicted_3983 -            421 1032689at2759        -            167     0.012   14.4   0.2   2   2      0.27   6.2e+02   -0.9   0.0   125   142   262   279   251   309 0.62 -
augustus_predicted_6474 -            179 1032689at2759        -            167     0.015   14.1   0.0   1   1     9e-06      0.02   13.6   0.0    69    97    13    41     6    71 0.86 -
augustus_predicted_6612 -            403 1032689at2759        -            167     0.023   13.4   0.0   1   1   1.7e-05     0.037   12.8   0.0    63   104    57    98    47   136 0.84 -
#
# Program:         hmmsearch
# Version:         3.1b2 (February 2015)
# Pipeline mode:   SEARCH
# Query file:      ../../stats/eukaryota_odb10/hmms/1032689at2759.hmm
# Target file:     /home/centos/br/bin/Brownotate-1.2.0/runs/b283acc0-5629-444b-ad7a-7147f201d246/annotation/augustus_annotation.faa
# Option settings: hmmsearch --domtblout /home/centos/br/bin/Brownotate-1.2.0/runs/b283acc0-5629-444b-ad7a-7147f201d246/busco_annotation/run_eukaryota_odb10/hmmer_output/initial_run_results/1032689at2759.out --cpu 1 ../../stats/eukaryota_odb10/hmms/1032689at2759.hmm /home/centos/br/bin/Brownotate-1.2.0/runs/b283acc0-5629-444b-ad7a-7147f201d246/annotation/augustus_annotation.faa 
# Current dir:     /home/centos/br/bin/Brownotate-1.2.0/runs/b283acc0-5629-444b-ad7a-7147f201d246
# Date:            Sat Aug 24 02:31:54 2024
# [ok]
