#                                                                               --- full sequence --- -------------- this domain -------------   hmm coord   ali coord   env coord
# target name           accession   tlen query name           accession   qlen   E-value  score  bias   #  of  c-Evalue  i-Evalue  score  bias  from    to  from    to  from    to  acc description of target
#   ------------------- ---------- ----- -------------------- ---------- ----- --------- ------ ----- --- --- --------- --------- ------ ----- ----- ----- ----- ----- ----- ----- ---- ---------------------
augustus_predicted_289  -            514 1041560at2759        -            261   1.5e-64  216.8   9.0   1   4         2     9e+03   -9.0   7.1    62    76    89   103    76   116 0.33 -
augustus_predicted_289  -            514 1041560at2759        -            261   1.5e-64  216.8   9.0   2   4   1.2e-12   5.6e-09   34.7   1.4     1    66   132   198   132   213 0.82 -
augustus_predicted_289  -            514 1041560at2759        -            261   1.5e-64  216.8   9.0   3   4    0.0018         8    4.7   0.1    50    73   216   239   207   275 0.72 -
augustus_predicted_289  -            514 1041560at2759        -            261   1.5e-64  216.8   9.0   4   4   1.8e-61     8e-58  194.8   1.2    78   253   287   489   258   508 0.81 -
augustus_predicted_4219 -            650 1041560at2759        -            261       1.1    7.4   8.1   1   3   3.5e-05      0.16   10.2   2.6     3    46   255   298   254   302 0.94 -
augustus_predicted_4219 -            650 1041560at2759        -            261       1.1    7.4   8.1   2   3      0.16   7.1e+02   -1.7   0.0    35    76   316   358   313   378 0.69 -
augustus_predicted_4219 -            650 1041560at2759        -            261       1.1    7.4   8.1   3   3      0.61   2.8e+03   -3.7   0.0    99   118   471   490   461   494 0.63 -
#
# Program:         hmmsearch
# Version:         3.1b2 (February 2015)
# Pipeline mode:   SEARCH
# Query file:      ../../stats/eukaryota_odb10/hmms/1041560at2759.hmm
# Target file:     /home/centos/br/bin/Brownotate-1.2.0/runs/b283acc0-5629-444b-ad7a-7147f201d246/annotation/augustus_annotation.faa
# Option settings: hmmsearch --domtblout /home/centos/br/bin/Brownotate-1.2.0/runs/b283acc0-5629-444b-ad7a-7147f201d246/busco_annotation/run_eukaryota_odb10/hmmer_output/initial_run_results/1041560at2759.out --cpu 1 ../../stats/eukaryota_odb10/hmms/1041560at2759.hmm /home/centos/br/bin/Brownotate-1.2.0/runs/b283acc0-5629-444b-ad7a-7147f201d246/annotation/augustus_annotation.faa 
# Current dir:     /home/centos/br/bin/Brownotate-1.2.0/runs/b283acc0-5629-444b-ad7a-7147f201d246
# Date:            Sat Aug 24 02:31:55 2024
# [ok]
