#                                                                               --- full sequence --- -------------- this domain -------------   hmm coord   ali coord   env coord
# target name           accession   tlen query name           accession   qlen   E-value  score  bias   #  of  c-Evalue  i-Evalue  score  bias  from    to  from    to  from    to  acc description of target
#   ------------------- ---------- ----- -------------------- ---------- ----- --------- ------ ----- --- --- --------- --------- ------ ----- ----- ----- ----- ----- ----- ----- ---- ---------------------
augustus_predicted_5178 -            475 1049599at2759        -            340    2e-103  345.1   4.3   1   3   6.3e-72   7.7e-70  234.7   0.4     1   205     5   236     5   241 0.83 -
augustus_predicted_5178 -            475 1049599at2759        -            340    2e-103  345.1   4.3   2   3   6.4e-33   7.7e-31  106.5   0.3   157   317   244   429   226   440 0.77 -
augustus_predicted_5178 -            475 1049599at2759        -            340    2e-103  345.1   4.3   3   3      0.82     1e+02    0.9   0.0   317   339   448   470   442   471 0.89 -
augustus_predicted_7444 -           1334 1049599at2759        -            340   4.8e-40  136.7   1.2   1   8   3.3e-07     4e-05   21.9   0.0   194   263   718   793   694   799 0.84 -
augustus_predicted_7444 -           1334 1049599at2759        -            340   4.8e-40  136.7   1.2   2   8   2.3e-08   2.8e-06   25.7   0.0   198   265   764   837   763   842 0.87 -
augustus_predicted_7444 -           1334 1049599at2759        -            340   4.8e-40  136.7   1.2   3   8   1.8e-09   2.2e-07   29.4   0.0   199   289   807   915   805   916 0.77 -
augustus_predicted_7444 -           1334 1049599at2759        -            340   4.8e-40  136.7   1.2   4   8   1.1e-05    0.0013   16.9   0.0   199   264   891   962   889   969 0.80 -
augustus_predicted_7444 -           1334 1049599at2759        -            340   4.8e-40  136.7   1.2   5   8   6.6e-07     8e-05   20.9   0.1   198   265   932  1005   931  1011 0.82 -
augustus_predicted_7444 -           1334 1049599at2759        -            340   4.8e-40  136.7   1.2   6   8   1.7e-06   0.00021   19.6   0.0   198   260  1016  1084  1013  1095 0.85 -
augustus_predicted_7444 -           1334 1049599at2759        -            340   4.8e-40  136.7   1.2   7   8    0.0024       0.3    9.2   0.0   235   263  1101  1129  1091  1136 0.88 -
augustus_predicted_7444 -           1334 1049599at2759        -            340   4.8e-40  136.7   1.2   8   8   1.4e-06   0.00016   19.9   0.0   198   281  1142  1240  1140  1252 0.73 -
augustus_predicted_2291 -           1161 1049599at2759        -            340   1.1e-20   73.0  13.6   1   8    0.0014      0.17   10.0   0.0   233   264   471   502   458   509 0.85 -
augustus_predicted_2291 -           1161 1049599at2759        -            340   1.1e-20   73.0  13.6   2   8     0.042       5.1    5.1   0.0   231   265   520   554   512   563 0.85 -
augustus_predicted_2291 -           1161 1049599at2759        -            340   1.1e-20   73.0  13.6   3   8     0.079       9.6    4.2   0.1   233   265   625   657   600   693 0.73 -
augustus_predicted_2291 -           1161 1049599at2759        -            340   1.1e-20   73.0  13.6   4   8    0.0042      0.51    8.4   0.0   197   261   667   734   658   743 0.80 -
augustus_predicted_2291 -           1161 1049599at2759        -            340   1.1e-20   73.0  13.6   5   8   5.5e-07   6.7e-05   21.2   0.7   197   274   747   838   737   859 0.70 -
augustus_predicted_2291 -           1161 1049599at2759        -            340   1.1e-20   73.0  13.6   6   8   0.00024      0.03   12.5   0.1   200   264   833   901   820   907 0.76 -
augustus_predicted_2291 -           1161 1049599at2759        -            340   1.1e-20   73.0  13.6   7   8     0.034       4.1    5.4   0.0   223   264   923   965   914   971 0.71 -
augustus_predicted_2291 -           1161 1049599at2759        -            340   1.1e-20   73.0  13.6   8   8    0.0035      0.43    8.7   0.0   232   264   990  1022   973  1029 0.83 -
augustus_predicted_4784 -            535 1049599at2759        -            340     2e-19   68.9   0.0   1   5     0.032       3.9    5.5   0.0   230   263   228   260   214   268 0.79 -
augustus_predicted_4784 -            535 1049599at2759        -            340     2e-19   68.9   0.0   2   5   1.3e-08   1.6e-06   26.5   0.0   227   291   272   348   259   348 0.76 -
augustus_predicted_4784 -            535 1049599at2759        -            340     2e-19   68.9   0.0   3   5   5.8e-08     7e-06   24.4   0.0   200   263   323   391   320   398 0.86 -
augustus_predicted_4784 -            535 1049599at2759        -            340     2e-19   68.9   0.0   4   5     0.049       5.9    4.9   0.0   234   262   407   435   393   443 0.85 -
augustus_predicted_4784 -            535 1049599at2759        -            340     2e-19   68.9   0.0   5   5    0.0019      0.23    9.6   0.0   199   265   461   533   451   535 0.80 -
augustus_predicted_5081 -            801 1049599at2759        -            340   3.9e-19   68.0   2.4   1   3   0.00012     0.014   13.5   0.0   232   266   508   542   495   546 0.86 -
augustus_predicted_5081 -            801 1049599at2759        -            340   3.9e-19   68.0   2.4   2   3   1.6e-07   1.9e-05   23.0   0.1   199   266   553   626   549   631 0.84 -
augustus_predicted_5081 -            801 1049599at2759        -            340   3.9e-19   68.0   2.4   3   3   4.9e-09   5.9e-07   27.9   0.1   199   267   637   711   633   733 0.81 -
augustus_predicted_3662 -            522 1049599at2759        -            340   6.6e-15   54.1   0.1   1   3   1.1e-05    0.0013   16.9   0.0   199   266   179   252   179   257 0.86 -
augustus_predicted_3662 -            522 1049599at2759        -            340   6.6e-15   54.1   0.1   2   3   2.9e-09   3.5e-07   28.7   0.0   198   290   263   374   252   378 0.77 -
augustus_predicted_3662 -            522 1049599at2759        -            340   6.6e-15   54.1   0.1   3   3       5.5   6.7e+02   -1.8   0.0   211   230   415   434   409   452 0.58 -
augustus_predicted_5240 -           1581 1049599at2759        -            340     9e-15   53.7  13.6   1   5    0.0019      0.23    9.6   0.1   231   265   250   284   215   291 0.74 -
augustus_predicted_5240 -           1581 1049599at2759        -            340     9e-15   53.7  13.6   2   5   3.3e-06   0.00041   18.6   0.5   202   293   257   366   254   372 0.77 -
augustus_predicted_5240 -           1581 1049599at2759        -            340     9e-15   53.7  13.6   3   5   6.5e-05    0.0079   14.4   0.3   199   290   338   447   336   447 0.66 -
augustus_predicted_5240 -           1581 1049599at2759        -            340     9e-15   53.7  13.6   4   5   7.4e-06    0.0009   17.5   0.8   199   290   380   489   378   489 0.77 -
augustus_predicted_5240 -           1581 1049599at2759        -            340     9e-15   53.7  13.6   5   5   1.1e-06   0.00014   20.2   1.2   200   316   465   594   462   610 0.67 -
augustus_predicted_6895 -           1211 1049599at2759        -            340   1.3e-14   53.1   0.3   1   5     0.004      0.49    8.5   0.0   199   264    18    89    14    94 0.77 -
augustus_predicted_6895 -           1211 1049599at2759        -            340   1.3e-14   53.1   0.3   2   5   3.7e-07   4.5e-05   21.8   0.0   199   263   102   172    98   189 0.83 -
augustus_predicted_6895 -           1211 1049599at2759        -            340   1.3e-14   53.1   0.3   3   5   0.00075     0.092   10.9   0.0   199   265   218   292   215   294 0.73 -
augustus_predicted_6895 -           1211 1049599at2759        -            340   1.3e-14   53.1   0.3   4   5   3.1e-05    0.0038   15.4   0.0   196   297   259   363   251   366 0.80 -
augustus_predicted_6895 -           1211 1049599at2759        -            340   1.3e-14   53.1   0.3   5   5       8.2   9.9e+02   -2.4   0.0   160   160   505   505   440   547 0.57 -
augustus_predicted_3440 -            316 1049599at2759        -            340   1.7e-13   49.4   0.2   1   2    0.0016       0.2    9.8   0.1   201   261    68   134    62   144 0.83 -
augustus_predicted_3440 -            316 1049599at2759        -            340   1.7e-13   49.4   0.2   2   2   7.2e-11   8.7e-09   34.0   0.0   196   296   150   266   138   308 0.77 -
augustus_predicted_1221 -            963 1049599at2759        -            340   1.9e-13   49.3   3.4   1   6   3.6e-05    0.0044   15.2   0.1   228   295    69   148    52   153 0.77 -
augustus_predicted_1221 -            963 1049599at2759        -            340   1.9e-13   49.3   3.4   2   6      0.16        20    3.2   0.0   178   263   152   244   145   251 0.69 -
augustus_predicted_1221 -            963 1049599at2759        -            340   1.9e-13   49.3   3.4   3   6     0.037       4.4    5.3   0.0   200   267   278   309   271   317 0.55 -
augustus_predicted_1221 -            963 1049599at2759        -            340   1.9e-13   49.3   3.4   4   6    0.0034      0.41    8.7   0.0   199   264   428   496   376   504 0.79 -
augustus_predicted_1221 -            963 1049599at2759        -            340   1.9e-13   49.3   3.4   5   6    0.0075      0.91    7.6   0.0   199   264   509   538   500   597 0.73 -
augustus_predicted_1221 -            963 1049599at2759        -            340   1.9e-13   49.3   3.4   6   6       3.2   3.9e+02   -1.0   0.2   243   282   663   711   606   725 0.48 -
augustus_predicted_1438 -            454 1049599at2759        -            340   8.5e-13   47.1   0.0   1   4   0.00025     0.031   12.4   0.0   204   268   175   245   167   259 0.81 -
augustus_predicted_1438 -            454 1049599at2759        -            340   8.5e-13   47.1   0.0   2   4       3.9   4.7e+02   -1.3   0.0   211   233   269   291   259   296 0.80 -
augustus_predicted_1438 -            454 1049599at2759        -            340   8.5e-13   47.1   0.0   3   4   3.5e-08   4.2e-06   25.1   0.0   197   263   297   370   290   374 0.85 -
augustus_predicted_1438 -            454 1049599at2759        -            340   8.5e-13   47.1   0.0   4   4      0.21        25    2.9   0.0   200   259   387   452   380   454 0.43 -
augustus_predicted_6609 -           1821 1049599at2759        -            340   1.3e-11   43.3  11.3   1   3    0.0054      0.66    8.1   0.3   233   264   359   390   331   395 0.69 -
augustus_predicted_6609 -           1821 1049599at2759        -            340   1.3e-11   43.3  11.3   2   3   8.6e-05      0.01   14.0   0.7   201   263   363   431   359   439 0.72 -
augustus_predicted_6609 -           1821 1049599at2759        -            340   1.3e-11   43.3  11.3   3   3   4.8e-06   0.00059   18.1   0.6   200   265   446   517   442   549 0.71 -
augustus_predicted_3190 -            885 1049599at2759        -            340   1.3e-11   43.3   0.7   1   5     0.049         6    4.9   0.0   198   263    82   151    76   164 0.81 -
augustus_predicted_3190 -            885 1049599at2759        -            340   1.3e-11   43.3   0.7   2   5       1.5   1.8e+02    0.1   0.0   234   264   280   310   266   339 0.81 -
augustus_predicted_3190 -            885 1049599at2759        -            340   1.3e-11   43.3   0.7   3   5   1.7e-06    0.0002   19.6   0.1   219   291   344   434   318   444 0.67 -
augustus_predicted_3190 -            885 1049599at2759        -            340   1.3e-11   43.3   0.7   4   5     0.015       1.8    6.7   0.0   235   285   451   511   406   528 0.56 -
augustus_predicted_3190 -            885 1049599at2759        -            340   1.3e-11   43.3   0.7   5   5     0.044       5.3    5.1   0.0   200   245   558   603   544   611 0.89 -
augustus_predicted_1758 -            506 1049599at2759        -            340   3.4e-11   41.9   0.0   1   3      0.23        28    2.7   0.0   235   266   185   216   165   220 0.85 -
augustus_predicted_1758 -            506 1049599at2759        -            340   3.4e-11   41.9   0.0   2   3   2.6e-11   3.2e-09   35.4   0.0   199   294   280   393   276   399 0.76 -
augustus_predicted_1758 -            506 1049599at2759        -            340   3.4e-11   41.9   0.0   3   3       8.6     1e+03   -2.5   0.0   236   253   480   497   440   505 0.47 -
augustus_predicted_234  -            393 1049599at2759        -            340   4.1e-11   41.6   0.6   1   4   6.6e-07     8e-05   20.9   0.0   198   264    34   107    25   112 0.82 -
augustus_predicted_234  -            393 1049599at2759        -            340   4.1e-11   41.6   0.6   2   4   0.00047     0.057   11.6   0.0   197   265   117   192   107   199 0.81 -
augustus_predicted_234  -            393 1049599at2759        -            340   4.1e-11   41.6   0.6   3   4      0.35        42    2.1   0.0   230   261   205   236   195   244 0.85 -
augustus_predicted_234  -            393 1049599at2759        -            340   4.1e-11   41.6   0.6   4   4      0.36        43    2.1   0.0   202   233   342   373   330   381 0.77 -
augustus_predicted_5872 -            977 1049599at2759        -            340   5.7e-11   41.1   0.3   1   5    0.0019      0.24    9.5   0.1   226   262   105   141    25   154 0.75 -
augustus_predicted_5872 -            977 1049599at2759        -            340   5.7e-11   41.1   0.3   2   5      0.77        93    1.0   0.0   247   265   209   227   198   232 0.80 -
augustus_predicted_5872 -            977 1049599at2759        -            340   5.7e-11   41.1   0.3   3   5   1.9e-05    0.0023   16.1   0.0   181   263   224   308   213   314 0.84 -
augustus_predicted_5872 -            977 1049599at2759        -            340   5.7e-11   41.1   0.3   4   5      0.18        22    3.0   0.0   223   266   423   466   398   472 0.82 -
augustus_predicted_5872 -            977 1049599at2759        -            340   5.7e-11   41.1   0.3   5   5     0.065       7.9    4.5   0.0   199   229   550   580   538   606 0.67 -
augustus_predicted_4386 -            444 1049599at2759        -            340   8.4e-11   40.6   0.1   1   5   0.00039     0.048   11.8   0.0   227   262   109   144    82   160 0.87 -
augustus_predicted_4386 -            444 1049599at2759        -            340   8.4e-11   40.6   0.1   2   5       1.8   2.2e+02   -0.3   0.0   245   272   171   198   167   205 0.86 -
augustus_predicted_4386 -            444 1049599at2759        -            340   8.4e-11   40.6   0.1   3   5    0.0071      0.87    7.7   0.0   207   265   213   278   202   286 0.73 -
augustus_predicted_4386 -            444 1049599at2759        -            340   8.4e-11   40.6   0.1   4   5       1.9   2.3e+02   -0.3   0.0   246   262   322   338   318   346 0.86 -
augustus_predicted_4386 -            444 1049599at2759        -            340   8.4e-11   40.6   0.1   5   5   0.00011     0.014   13.6   0.0   199   241   352   394   344   400 0.90 -
augustus_predicted_1166 -           1293 1049599at2759        -            340   1.3e-10   39.9   3.0   1   4   2.2e-05    0.0026   16.0   0.0   208   265   936   999   924  1003 0.80 -
augustus_predicted_1166 -           1293 1049599at2759        -            340   1.3e-10   39.9   3.0   2   4      0.54        66    1.5   0.0   247   268  1030  1051  1020  1054 0.86 -
augustus_predicted_1166 -           1293 1049599at2759        -            340   1.3e-10   39.9   3.0   3   4   0.00016      0.02   13.1   0.0   197   265  1181  1255  1167  1260 0.86 -
augustus_predicted_1166 -           1293 1049599at2759        -            340   1.3e-10   39.9   3.0   4   4   0.00021     0.026   12.7   0.0   199   260  1225  1292  1222  1293 0.82 -
augustus_predicted_355  -            452 1049599at2759        -            340   7.6e-10   37.4   0.1   1   5     0.057       6.9    4.7   0.0   236   265   147   176   138   182 0.81 -
augustus_predicted_355  -            452 1049599at2759        -            340   7.6e-10   37.4   0.1   2   5   1.3e-07   1.6e-05   23.2   0.0   197   265   186   260   180   298 0.87 -
augustus_predicted_355  -            452 1049599at2759        -            340   7.6e-10   37.4   0.1   3   5       1.2   1.4e+02    0.4   0.0   199   259   272   337   262   343 0.59 -
augustus_predicted_355  -            452 1049599at2759        -            340   7.6e-10   37.4   0.1   4   5       1.8   2.2e+02   -0.2   0.0   199   263   314   382   308   390 0.65 -
augustus_predicted_355  -            452 1049599at2759        -            340   7.6e-10   37.4   0.1   5   5      0.21        25    2.9   0.0   236   265   405   434   355   439 0.87 -
augustus_predicted_7622 -            595 1049599at2759        -            340   8.6e-10   37.3   0.2   1   4    0.0043      0.53    8.4   0.0   226   266   295   336   285   345 0.86 -
augustus_predicted_7622 -            595 1049599at2759        -            340   8.6e-10   37.3   0.2   2   4   0.00066     0.081   11.1   0.0   198   265   347   422   342   429 0.76 -
augustus_predicted_7622 -            595 1049599at2759        -            340   8.6e-10   37.3   0.2   3   4     0.007      0.85    7.7   0.0   199   264   477   553   470   554 0.67 -
augustus_predicted_7622 -            595 1049599at2759        -            340   8.6e-10   37.3   0.2   4   4    0.0042      0.52    8.4   0.0   201   260   526   595   521   595 0.82 -
augustus_predicted_1233 -            746 1049599at2759        -            340   1.1e-09   36.9   0.1   1   3     0.021       2.5    6.1   0.0   234   263   395   424   383   429 0.86 -
augustus_predicted_1233 -            746 1049599at2759        -            340   1.1e-09   36.9   0.1   2   3   1.1e-07   1.3e-05   23.5   0.0   199   291   504   614   494   616 0.79 -
augustus_predicted_1233 -            746 1049599at2759        -            340   1.1e-09   36.9   0.1   3   3    0.0067      0.82    7.8   0.0   197   262   586   658   577   663 0.87 -
augustus_predicted_8627 -           1990 1049599at2759        -            340   2.4e-09   35.8   0.7   1   3     0.033       4.1    5.5   0.0   225   261   133   166    95   173 0.66 -
augustus_predicted_8627 -           1990 1049599at2759        -            340   2.4e-09   35.8   0.7   2   3   0.00023     0.028   12.6   0.0   199   264   271   344   263   349 0.84 -
augustus_predicted_8627 -           1990 1049599at2759        -            340   2.4e-09   35.8   0.7   3   3   8.6e-05     0.011   14.0   0.1   164   291   503   644   493   684 0.61 -
augustus_predicted_733  -            618 1049599at2759        -            340   3.9e-09   35.1   0.0   1   3    0.0008     0.097   10.8   0.0   234   265   347   378   317   384 0.86 -
augustus_predicted_733  -            618 1049599at2759        -            340   3.9e-09   35.1   0.0   2   3   0.00038     0.046   11.8   0.0   216   266   412   462   402   476 0.86 -
augustus_predicted_733  -            618 1049599at2759        -            340   3.9e-09   35.1   0.0   3   3    0.0055      0.66    8.1   0.0   234   265   562   592   540   605 0.82 -
augustus_predicted_4228 -            678 1049599at2759        -            340   4.2e-09   35.0   0.9   1   4    0.0023      0.28    9.3   0.0   224   265   341   380   329   397 0.83 -
augustus_predicted_4228 -            678 1049599at2759        -            340   4.2e-09   35.0   0.9   2   4   0.00025      0.03   12.5   0.3   210   264   401   459   390   497 0.83 -
augustus_predicted_4228 -            678 1049599at2759        -            340   4.2e-09   35.0   0.9   3   4      0.25        31    2.6   0.1   199   232   471   504   467   510 0.90 -
augustus_predicted_4228 -            678 1049599at2759        -            340   4.2e-09   35.0   0.9   4   4     0.024       2.9    6.0   0.0   209   264   580   639   576   644 0.84 -
augustus_predicted_4596 -            853 1049599at2759        -            340   7.3e-09   34.2   1.1   1   3      0.82     1e+02    0.9   0.0   198   233    15    50    11    93 0.76 -
augustus_predicted_4596 -            853 1049599at2759        -            340   7.3e-09   34.2   1.1   2   3     3e-05    0.0036   15.5   0.1   199   265   100   174    83   180 0.81 -
augustus_predicted_4596 -            853 1049599at2759        -            340   7.3e-09   34.2   1.1   3   3   7.6e-05    0.0093   14.2   0.1   201   263   189   259   184   269 0.78 -
augustus_predicted_3932 -            364 1049599at2759        -            340   9.6e-09   33.8   0.0   1   3   0.00028     0.034   12.3   0.0   221   265    25    69     8    76 0.80 -
augustus_predicted_3932 -            364 1049599at2759        -            340   9.6e-09   33.8   0.0   2   3     0.018       2.2    6.3   0.0   209   253    94   143    79   159 0.62 -
augustus_predicted_3932 -            364 1049599at2759        -            340   9.6e-09   33.8   0.0   3   3   0.00055     0.066   11.3   0.0   219   279   218   288   197   296 0.72 -
augustus_predicted_1452 -            959 1049599at2759        -            340   1.6e-08   33.1   0.0   1   5   0.00061     0.075   11.2   0.0   215   262   288   335   258   343 0.89 -
augustus_predicted_1452 -            959 1049599at2759        -            340   1.6e-08   33.1   0.0   2   5       1.6   1.9e+02   -0.0   0.0   256   294   366   404   360   415 0.67 -
augustus_predicted_1452 -            959 1049599at2759        -            340   1.6e-08   33.1   0.0   3   5    0.0002     0.024   12.8   0.0   199   262   416   485   410   494 0.82 -
augustus_predicted_1452 -            959 1049599at2759        -            340   1.6e-08   33.1   0.0   4   5       4.7   5.7e+02   -1.6   0.0   213   261   529   585   521   600 0.62 -
augustus_predicted_1452 -            959 1049599at2759        -            340   1.6e-08   33.1   0.0   5   5      0.55        67    1.5   0.0   236   260   667   691   636   695 0.80 -
augustus_predicted_7569 -           1229 1049599at2759        -            340   3.9e-08   31.8   0.4   1   4      0.59        72    1.4   0.0   236   260    18    42    12    53 0.88 -
augustus_predicted_7569 -           1229 1049599at2759        -            340   3.9e-08   31.8   0.4   2   4     0.045       5.5    5.0   0.0   225   265   131   171    92   176 0.62 -
augustus_predicted_7569 -           1229 1049599at2759        -            340   3.9e-08   31.8   0.4   3   4     0.011       1.3    7.1   0.0   238   267   195   224   188   233 0.85 -
augustus_predicted_7569 -           1229 1049599at2759        -            340   3.9e-08   31.8   0.4   4   4   0.00051     0.062   11.4   0.0   198   260   234   300   230   305 0.83 -
augustus_predicted_4417 -            594 1049599at2759        -            340   1.1e-07   30.3   2.2   1   3       3.7   4.5e+02   -1.3   0.0   236   260    98   122    87   167 0.62 -
augustus_predicted_4417 -            594 1049599at2759        -            340   1.1e-07   30.3   2.2   2   3   1.2e-06   0.00015   20.1   0.4   197   292   183   297   172   298 0.66 -
augustus_predicted_4417 -            594 1049599at2759        -            340   1.1e-07   30.3   2.2   3   3     0.024         3    5.9   0.0   232   260   379   407   365   414 0.83 -
augustus_predicted_3372 -            450 1049599at2759        -            340   1.2e-07   30.2   7.4   1   4      0.21        26    2.8   0.0   247   265    85   103    70   113 0.86 -
augustus_predicted_3372 -            450 1049599at2759        -            340   1.2e-07   30.2   7.4   2   4      0.55        66    1.5   0.0   234   263   158   185   107   195 0.70 -
augustus_predicted_3372 -            450 1049599at2759        -            340   1.2e-07   30.2   7.4   3   4   0.00043     0.053   11.7   0.0   198   270   202   281   187   284 0.78 -
augustus_predicted_3372 -            450 1049599at2759        -            340   1.2e-07   30.2   7.4   4   4   7.1e-05    0.0087   14.2   0.0   197   264   287   361   282   370 0.82 -
augustus_predicted_6922 -            336 1049599at2759        -            340   1.4e-06   26.7   0.2   1   3   1.6e-05     0.002   16.3   0.0   199   277    13   105    11   116 0.70 -
augustus_predicted_6922 -            336 1049599at2759        -            340   1.4e-06   26.7   0.2   2   3      0.45        54    1.8   0.0   209   258   161   218   153   227 0.58 -
augustus_predicted_6922 -            336 1049599at2759        -            340   1.4e-06   26.7   0.2   3   3      0.11        14    3.7   0.0   197   260   290   317   239   322 0.70 -
augustus_predicted_6442 -            359 1049599at2759        -            340   1.5e-06   26.6   0.1   1   4      0.37        45    2.0   0.0   319   338    71    90    59   102 0.64 -
augustus_predicted_6442 -            359 1049599at2759        -            340   1.5e-06   26.6   0.1   2   4    0.0013      0.16   10.1   0.0   207   294   120   225   110   235 0.73 -
augustus_predicted_6442 -            359 1049599at2759        -            340   1.5e-06   26.6   0.1   3   4     0.007      0.85    7.7   0.0   199   262   196   265   195   275 0.81 -
augustus_predicted_6442 -            359 1049599at2759        -            340   1.5e-06   26.6   0.1   4   4    0.0063      0.77    7.8   0.0   199   265   238   318   230   347 0.68 -
augustus_predicted_5146 -            608 1049599at2759        -            340   1.9e-06   26.3   0.2   1   3     0.021       2.5    6.2   0.0   199   264   282   351   269   357 0.69 -
augustus_predicted_5146 -            608 1049599at2759        -            340   1.9e-06   26.3   0.2   2   3   0.00034     0.041   12.0   0.2   208   293   331   418   321   429 0.82 -
augustus_predicted_5146 -            608 1049599at2759        -            340   1.9e-06   26.3   0.2   3   3    0.0016      0.19    9.8   0.0   247   308   467   540   462   560 0.64 -
augustus_predicted_4366 -           1154 1049599at2759        -            340     4e-06   25.2   0.1   1   3     0.042       5.1    5.1   0.0   203   293   258   362   252   370 0.66 -
augustus_predicted_4366 -           1154 1049599at2759        -            340     4e-06   25.2   0.1   2   3   0.00073     0.089   10.9   0.0   198   264   375   443   372   450 0.82 -
augustus_predicted_4366 -           1154 1049599at2759        -            340     4e-06   25.2   0.1   3   3     0.053       6.5    4.8   0.0   239   292   458   521   444   529 0.53 -
augustus_predicted_1835 -            472 1049599at2759        -            340   5.1e-06   24.9   0.6   1   5      0.03       3.7    5.6   0.0   295   317    32    54    25    66 0.83 -
augustus_predicted_1835 -            472 1049599at2759        -            340   5.1e-06   24.9   0.6   2   5       2.6   3.1e+02   -0.7   0.0   243   267   102   126    83   130 0.79 -
augustus_predicted_1835 -            472 1049599at2759        -            340   5.1e-06   24.9   0.6   3   5    0.0056      0.68    8.0   0.0   216   264   217   268   187   271 0.84 -
augustus_predicted_1835 -            472 1049599at2759        -            340   5.1e-06   24.9   0.6   4   5     0.047       5.8    5.0   0.0   233   271   295   332   283   338 0.62 -
augustus_predicted_1835 -            472 1049599at2759        -            340   5.1e-06   24.9   0.6   5   5       3.4   4.1e+02   -1.1   0.0   191   224   438   471   427   472 0.82 -
augustus_predicted_3193 -            393 1049599at2759        -            340   5.1e-06   24.9   0.4   1   2     4e-05    0.0048   15.1   0.1   128   271   124   283   119   288 0.70 -
augustus_predicted_3193 -            393 1049599at2759        -            340   5.1e-06   24.9   0.4   2   2    0.0072      0.87    7.7   0.0   197   227   288   319   285   348 0.86 -
augustus_predicted_181  -            445 1049599at2759        -            340   5.8e-06   24.7   0.1   1   3     0.042       5.1    5.1   0.0   205   260    35   100    28   112 0.79 -
augustus_predicted_181  -            445 1049599at2759        -            340   5.8e-06   24.7   0.1   2   3   2.7e-05    0.0033   15.6   0.0   198   260   147   220   145   233 0.75 -
augustus_predicted_181  -            445 1049599at2759        -            340   5.8e-06   24.7   0.1   3   3       4.3   5.2e+02   -1.5   0.0   205   261   387   443   342   445 0.64 -
augustus_predicted_5811 -           1271 1049599at2759        -            340   5.8e-06   24.7   3.7   1   3      0.74        90    1.0   0.0   263   293   191   225   136   234 0.57 -
augustus_predicted_5811 -           1271 1049599at2759        -            340   5.8e-06   24.7   3.7   2   3   0.00034     0.042   12.0   0.0   243   272   257   286   245   295 0.86 -
augustus_predicted_5811 -           1271 1049599at2759        -            340   5.8e-06   24.7   3.7   3   3   0.00083       0.1   10.7   0.0   237   262   294   319   289   330 0.87 -
augustus_predicted_188  -            362 1049599at2759        -            340   6.1e-06   24.6   0.1   1   3     0.023       2.8    6.0   0.0   224   266    25    67     6    77 0.79 -
augustus_predicted_188  -            362 1049599at2759        -            340   6.1e-06   24.6   0.1   2   3     0.051       6.2    4.9   0.0   246   285   138   176    87   232 0.82 -
augustus_predicted_188  -            362 1049599at2759        -            340   6.1e-06   24.6   0.1   3   3    0.0012      0.15   10.2   0.0   193   250   261   323   234   338 0.76 -
augustus_predicted_3188 -            275 1049599at2759        -            340   1.2e-05   23.6   0.0   1   3      0.29        35    2.4   0.0   258   285    12    40     9    55 0.78 -
augustus_predicted_3188 -            275 1049599at2759        -            340   1.2e-05   23.6   0.0   2   3   4.3e-05    0.0053   15.0   0.0   194   260    93   163    51   169 0.83 -
augustus_predicted_3188 -            275 1049599at2759        -            340   1.2e-05   23.6   0.0   3   3      0.22        27    2.8   0.0   232   259   247   274   200   275 0.80 -
augustus_predicted_3800 -            684 1049599at2759        -            340     2e-05   22.9   0.1   1   4      0.56        68    1.5   0.0   236   262    18    45    14    57 0.80 -
augustus_predicted_3800 -            684 1049599at2759        -            340     2e-05   22.9   0.1   2   4     0.063       7.7    4.6   0.0   226   259    57    90    47    98 0.69 -
augustus_predicted_3800 -            684 1049599at2759        -            340     2e-05   22.9   0.1   3   4     0.078       9.4    4.3   0.0   237   265   127   155   109   164 0.84 -
augustus_predicted_3800 -            684 1049599at2759        -            340     2e-05   22.9   0.1   4   4   0.00036     0.043   11.9   0.1   198   269   124   201   121   208 0.84 -
augustus_predicted_8386 -            492 1049599at2759        -            340   2.3e-05   22.7   0.9   1   3    0.0031      0.38    8.9   0.0   219   265   290   337   276   343 0.78 -
augustus_predicted_8386 -            492 1049599at2759        -            340   2.3e-05   22.7   0.9   2   3     0.011       1.3    7.1   0.2   210   262   318   379   316   393 0.56 -
augustus_predicted_8386 -            492 1049599at2759        -            340   2.3e-05   22.7   0.9   3   3    0.0087       1.1    7.4   0.4   230   262   401   434   342   439 0.79 -
augustus_predicted_1456 -            364 1049599at2759        -            340   3.6e-05   22.1   0.3   1   2    0.0086       1.1    7.4   0.1   199   231    45    77    11   121 0.61 -
augustus_predicted_1456 -            364 1049599at2759        -            340   3.6e-05   22.1   0.3   2   2    0.0004     0.048   11.8   0.0   197   264   129   201   117   207 0.82 -
augustus_predicted_1322 -            442 1049599at2759        -            340   9.8e-05   20.6   0.3   1   3       8.2   9.9e+02   -2.4   0.0   266   291    23    51    12    61 0.50 -
augustus_predicted_1322 -            442 1049599at2759        -            340   9.8e-05   20.6   0.3   2   3     3e-05    0.0037   15.5   0.0   198   287   271   372   265   374 0.69 -
augustus_predicted_1322 -            442 1049599at2759        -            340   9.8e-05   20.6   0.3   3   3      0.66        80    1.2   0.0   217   261   396   441   393   442 0.70 -
augustus_predicted_7051 -            900 1049599at2759        -            340   0.00011   20.4   0.1   1   4       1.4   1.7e+02    0.1   0.0   232   262   323   351   316   354 0.82 -
augustus_predicted_7051 -            900 1049599at2759        -            340   0.00011   20.4   0.1   2   4     0.022       2.7    6.1   0.0   238   272   415   449   398   456 0.80 -
augustus_predicted_7051 -            900 1049599at2759        -            340   0.00011   20.4   0.1   3   4     0.013       1.6    6.8   0.0   207   263   461   521   452   524 0.79 -
augustus_predicted_7051 -            900 1049599at2759        -            340   0.00011   20.4   0.1   4   4     0.076       9.3    4.3   0.0   207   264   501   564   493   611 0.81 -
augustus_predicted_3308 -            816 1049599at2759        -            340   0.00012   20.3   0.1   1   2       2.5   3.1e+02   -0.7   0.0   250   264   129   143   124   151 0.85 -
augustus_predicted_3308 -            816 1049599at2759        -            340   0.00012   20.3   0.1   2   2   1.3e-05    0.0015   16.7   0.0   189   264   519   598   486   627 0.80 -
augustus_predicted_2475 -            596 1049599at2759        -            340   0.00015   20.0   0.6   1   3       2.5   3.1e+02   -0.7   0.0   198   228   109   139    95   149 0.67 -
augustus_predicted_2475 -            596 1049599at2759        -            340   0.00015   20.0   0.6   2   3     0.014       1.7    6.7   0.0   219   262   205   249   195   259 0.85 -
augustus_predicted_2475 -            596 1049599at2759        -            340   0.00015   20.0   0.6   3   3    0.0016       0.2    9.8   0.0   238   272   327   361   312   368 0.87 -
augustus_predicted_740  -            477 1049599at2759        -            340   0.00021   19.6   0.0   1   2   2.2e-05    0.0027   15.9   0.0   234   300    27   107    15   114 0.64 -
augustus_predicted_740  -            477 1049599at2759        -            340   0.00021   19.6   0.0   2   2      0.74        90    1.0   0.0   191   240   103   153    99   156 0.82 -
augustus_predicted_4790 -            816 1049599at2759        -            340   0.00021   19.6   1.0   1   4      0.29        35    2.4   0.1   245   264   122   141   101   146 0.82 -
augustus_predicted_4790 -            816 1049599at2759        -            340   0.00021   19.6   1.0   2   4      0.68        83    1.2   0.0   238   267   222   253   175   266 0.60 -
augustus_predicted_4790 -            816 1049599at2759        -            340   0.00021   19.6   1.0   3   4       0.5        61    1.6   0.0   198   223   407   432   392   452 0.81 -
augustus_predicted_4790 -            816 1049599at2759        -            340   0.00021   19.6   1.0   4   4     0.009       1.1    7.3   0.0   198   230   623   655   616   715 0.73 -
augustus_predicted_8868 -            316 1049599at2759        -            340   0.00023   19.4   0.2   1   4     0.024         3    5.9   0.1   207   265    32    96    25   106 0.79 -
augustus_predicted_8868 -            316 1049599at2759        -            340   0.00023   19.4   0.2   2   4     0.024       2.9    5.9   0.0   205   263    72   137    64   148 0.68 -
augustus_predicted_8868 -            316 1049599at2759        -            340   0.00023   19.4   0.2   3   4     0.054       6.5    4.8   0.0   235   265   174   204   157   209 0.88 -
augustus_predicted_8868 -            316 1049599at2759        -            340   0.00023   19.4   0.2   4   4       0.3        36    2.3   0.0   198   264   219   292   217   299 0.71 -
augustus_predicted_5167 -           1297 1049599at2759        -            340   0.00024   19.4   0.0   1   1   3.9e-06   0.00047   18.4   0.0     7    53   774   819   768   825 0.88 -
augustus_predicted_742  -            355 1049599at2759        -            340   0.00026   19.3   0.0   1   3    0.0023      0.28    9.3   0.0   234   275    60   102    21   114 0.65 -
augustus_predicted_742  -            355 1049599at2759        -            340   0.00026   19.3   0.0   2   3     0.021       2.6    6.1   0.1   186   263   106   180    93   195 0.70 -
augustus_predicted_742  -            355 1049599at2759        -            340   0.00026   19.3   0.0   3   3       1.4   1.7e+02    0.2   0.0   267   339   247   322   235   323 0.81 -
augustus_predicted_4662 -            293 1049599at2759        -            340   0.00056   18.2   0.0   1   1   7.6e-06   0.00093   17.4   0.0     4    46   229   270   226   278 0.90 -
augustus_predicted_6001 -            309 1049599at2759        -            340   0.00057   18.1   1.4   1   4      0.21        26    2.8   0.0   242   279    23    61    10    70 0.75 -
augustus_predicted_6001 -            309 1049599at2759        -            340   0.00057   18.1   1.4   2   4       1.3   1.6e+02    0.2   0.0   244   265    71    92    60    99 0.78 -
augustus_predicted_6001 -            309 1049599at2759        -            340   0.00057   18.1   1.4   3   4      0.59        72    1.4   0.0   234   263   116   145    77   158 0.70 -
augustus_predicted_6001 -            309 1049599at2759        -            340   0.00057   18.1   1.4   4   4     0.003      0.36    8.9   0.1   207   268   232   304   184   308 0.73 -
augustus_predicted_7681 -            363 1049599at2759        -            340   0.00076   17.7   0.2   1   2       1.1   1.3e+02    0.5   0.0   174   224    32    82    15   117 0.76 -
augustus_predicted_7681 -            363 1049599at2759        -            340   0.00076   17.7   0.2   2   2   6.8e-05    0.0082   14.3   0.0   215   260   128   172    96   177 0.83 -
augustus_predicted_2706 -            357 1049599at2759        -            340   0.00077   17.7   0.1   1   3       2.1   2.5e+02   -0.4   0.0   242   266    25    49     8    53 0.65 -
augustus_predicted_2706 -            357 1049599at2759        -            340   0.00077   17.7   0.1   2   3       8.4     1e+03   -2.4   0.0   207   233   115   141    87   179 0.55 -
augustus_predicted_2706 -            357 1049599at2759        -            340   0.00077   17.7   0.1   3   3   6.4e-05    0.0077   14.4   0.0   234   283   264   322   236   324 0.75 -
augustus_predicted_1215 -            535 1049599at2759        -            340   0.00079   17.7   2.0   1   6       3.5   4.3e+02   -1.2   0.0   183   205    97   119    33   133 0.66 -
augustus_predicted_1215 -            535 1049599at2759        -            340   0.00079   17.7   2.0   2   6       5.7   6.9e+02   -1.9   0.0   244   262   208   226   206   230 0.86 -
augustus_predicted_1215 -            535 1049599at2759        -            340   0.00079   17.7   2.0   3   6     0.053       6.5    4.8   0.0   233   265   267   299   257   306 0.81 -
augustus_predicted_1215 -            535 1049599at2759        -            340   0.00079   17.7   2.0   4   6         2   2.4e+02   -0.4   0.0   196   227   308   340   299   347 0.75 -
augustus_predicted_1215 -            535 1049599at2759        -            340   0.00079   17.7   2.0   5   6     0.095        12    4.0   0.0   246   265   415   434   402   442 0.89 -
augustus_predicted_1215 -            535 1049599at2759        -            340   0.00079   17.7   2.0   6   6      0.33        40    2.2   0.0   237   265   450   481   438   488 0.77 -
augustus_predicted_5862 -            485 1049599at2759        -            340    0.0012   17.1   0.2   1   3     0.019       2.3    6.3   0.0   197   228   222   253   175   258 0.82 -
augustus_predicted_5862 -            485 1049599at2759        -            340    0.0012   17.1   0.2   2   3    0.0086         1    7.4   0.0   226   272   331   377   307   390 0.79 -
augustus_predicted_5862 -            485 1049599at2759        -            340    0.0012   17.1   0.2   3   3       3.9   4.7e+02   -1.3   0.0   249   264   400   415   379   418 0.74 -
augustus_predicted_7659 -            474 1049599at2759        -            340    0.0013   16.9   0.0   1   3       0.6        73    1.3   0.0   242   268    72    98    55   132 0.83 -
augustus_predicted_7659 -            474 1049599at2759        -            340    0.0013   16.9   0.0   2   3      0.14        17    3.4   0.0   200   264   170   242   164   252 0.68 -
augustus_predicted_7659 -            474 1049599at2759        -            340    0.0013   16.9   0.0   3   3    0.0079      0.96    7.5   0.0   235   266   286   317   277   323 0.83 -
augustus_predicted_7863 -            859 1049599at2759        -            340     0.002   16.3   0.3   1   3       2.8   3.3e+02   -0.8   0.0   244   264   342   362   332   365 0.68 -
augustus_predicted_7863 -            859 1049599at2759        -            340     0.002   16.3   0.3   2   3    0.0063      0.77    7.8   0.0   205   263   384   447   370   451 0.84 -
augustus_predicted_7863 -            859 1049599at2759        -            340     0.002   16.3   0.3   3   3     0.066         8    4.5   0.0   197   264   507   576   499   582 0.70 -
augustus_predicted_5540 -           1198 1049599at2759        -            340    0.0023   16.1   0.2   1   2       1.3   1.6e+02    0.2   0.0   236   263   771   798   760   801 0.88 -
augustus_predicted_5540 -           1198 1049599at2759        -            340    0.0023   16.1   0.2   2   2   0.00059     0.072   11.2   0.1   202   302   879  1002   874  1006 0.66 -
augustus_predicted_4243 -            611 1049599at2759        -            340    0.0029   15.8   0.0   1   2   8.8e-05     0.011   14.0   0.0   206   264   150   213   140   217 0.75 -
augustus_predicted_4243 -            611 1049599at2759        -            340    0.0029   15.8   0.0   2   2       9.5   1.2e+03   -2.6   0.0   277   293   243   259   238   267 0.53 -
augustus_predicted_5876 -            625 1049599at2759        -            340    0.0032   15.7   0.0   1   3   0.00093      0.11   10.6   0.0   178   232   213   267   206   332 0.78 -
augustus_predicted_5876 -            625 1049599at2759        -            340    0.0032   15.7   0.0   2   3       2.4   2.9e+02   -0.6   0.0   223   223   361   361   274   405 0.57 -
augustus_predicted_5876 -            625 1049599at2759        -            340    0.0032   15.7   0.0   3   3      0.81        98    0.9   0.0   215   282   426   493   421   496 0.77 -
augustus_predicted_283  -            977 1049599at2759        -            340    0.0033   15.6   0.1   1   2     0.027       3.3    5.8   0.0   265   287     5    27     1    48 0.60 -
augustus_predicted_283  -            977 1049599at2759        -            340    0.0033   15.6   0.1   2   2     0.014       1.7    6.7   0.1   201   263    71   139    66   146 0.72 -
augustus_predicted_2342 -            728 1049599at2759        -            340    0.0073   14.5   1.2   1   2   0.00021     0.025   12.7   0.0   234   263   256   285   251   291 0.92 -
augustus_predicted_2342 -            728 1049599at2759        -            340    0.0073   14.5   1.2   2   2       6.8   8.3e+02   -2.1   1.9    99   152   466   520   447   534 0.69 -
augustus_predicted_8636 -            579 1049599at2759        -            340    0.0076   14.4   0.0   1   3      0.25        30    2.6   0.0   198   265   248   326   245   333 0.65 -
augustus_predicted_8636 -            579 1049599at2759        -            340    0.0076   14.4   0.0   2   3       0.2        25    2.9   0.0   265   288   501   524   493   531 0.81 -
augustus_predicted_8636 -            579 1049599at2759        -            340    0.0076   14.4   0.0   3   3     0.058       7.1    4.7   0.0   227   262   543   578   523   579 0.83 -
augustus_predicted_2415 -            717 1049599at2759        -            340    0.0092   14.2   0.0   1   2   0.00039     0.047   11.8   0.0   198   262   290   362   269   368 0.81 -
augustus_predicted_2415 -            717 1049599at2759        -            340    0.0092   14.2   0.0   2   2       2.9   3.5e+02   -0.9   0.0   251   293   446   458   420   462 0.57 -
augustus_predicted_6954 -            554 1049599at2759        -            340     0.015   13.5   0.3   1   3     0.051       6.2    4.9   0.0   233   264   290   321   263   331 0.87 -
augustus_predicted_6954 -            554 1049599at2759        -            340     0.015   13.5   0.3   2   3      0.39        47    2.0   0.0   211   264   387   449   372   470 0.58 -
augustus_predicted_6954 -            554 1049599at2759        -            340     0.015   13.5   0.3   3   3      0.31        38    2.3   0.0   234   263   504   533   472   536 0.80 -
augustus_predicted_204  -            793 1049599at2759        -            340     0.035   12.2   0.1   1   2     0.034       4.1    5.4   0.0   236   264   437   465   431   473 0.84 -
augustus_predicted_204  -            793 1049599at2759        -            340     0.035   12.2   0.1   2   2      0.14        18    3.4   0.0   226   260   702   738   661   750 0.72 -
augustus_predicted_508  -            373 1049599at2759        -            340      0.06   11.5   0.0   1   2    0.0076      0.93    7.6   0.0   217   268    63   117    14   122 0.68 -
augustus_predicted_508  -            373 1049599at2759        -            340      0.06   11.5   0.0   2   2       1.2   1.4e+02    0.4   0.0   208   231   137   160   120   208 0.80 -
augustus_predicted_2153 -            980 1049599at2759        -            340     0.063   11.4   0.5   1   3      0.56        68    1.4   0.1   198   277    99   174    92   190 0.77 -
augustus_predicted_2153 -            980 1049599at2759        -            340     0.063   11.4   0.5   2   3      0.42        51    1.9   0.0   211   265   217   271   208   322 0.76 -
augustus_predicted_2153 -            980 1049599at2759        -            340     0.063   11.4   0.5   3   3     0.091        11    4.0   0.0   241   263   375   397   355   404 0.84 -
augustus_predicted_3031 -            855 1049599at2759        -            340     0.068   11.3   0.1   1   3     0.083        10    4.2   0.1   234   263   539   568   531   572 0.86 -
augustus_predicted_3031 -            855 1049599at2759        -            340     0.068   11.3   0.1   2   3      0.24        29    2.7   0.0   205   253   588   642   579   658 0.74 -
augustus_predicted_3031 -            855 1049599at2759        -            340     0.068   11.3   0.1   3   3       3.9   4.7e+02   -1.3   0.0   208   261   761   822   756   843 0.68 -
augustus_predicted_1146 -            629 1049599at2759        -            340     0.071   11.2   0.0   1   2    0.0021      0.26    9.4   0.0   156   231    76   153    54   205 0.53 -
augustus_predicted_1146 -            629 1049599at2759        -            340     0.071   11.2   0.0   2   2       5.2   6.3e+02   -1.7   0.0   257   305   257   309   250   334 0.55 -
augustus_predicted_8796 -            525 1049599at2759        -            340       0.1   10.7   0.0   1   2     0.006      0.73    7.9   0.0   232   262   240   270   206   286 0.81 -
augustus_predicted_8796 -            525 1049599at2759        -            340       0.1   10.7   0.0   2   2       2.6   3.2e+02   -0.8   0.0   245   264   385   404   356   422 0.74 -
#
# Program:         hmmsearch
# Version:         3.1b2 (February 2015)
# Pipeline mode:   SEARCH
# Query file:      ../../stats/eukaryota_odb10/hmms/1049599at2759.hmm
# Target file:     /home/centos/br/bin/Brownotate-1.2.0/runs/b283acc0-5629-444b-ad7a-7147f201d246/annotation/augustus_annotation.faa
# Option settings: hmmsearch --domtblout /home/centos/br/bin/Brownotate-1.2.0/runs/b283acc0-5629-444b-ad7a-7147f201d246/busco_annotation/run_eukaryota_odb10/hmmer_output/initial_run_results/1049599at2759.out --cpu 1 ../../stats/eukaryota_odb10/hmms/1049599at2759.hmm /home/centos/br/bin/Brownotate-1.2.0/runs/b283acc0-5629-444b-ad7a-7147f201d246/annotation/augustus_annotation.faa 
# Current dir:     /home/centos/br/bin/Brownotate-1.2.0/runs/b283acc0-5629-444b-ad7a-7147f201d246
# Date:            Sat Aug 24 02:31:55 2024
# [ok]
