#                                                                               --- full sequence --- -------------- this domain -------------   hmm coord   ali coord   env coord
# target name           accession   tlen query name           accession   qlen   E-value  score  bias   #  of  c-Evalue  i-Evalue  score  bias  from    to  from    to  from    to  acc description of target
#   ------------------- ---------- ----- -------------------- ---------- ----- --------- ------ ----- --- --- --------- --------- ------ ----- ----- ----- ----- ----- ----- ----- ---- ---------------------
augustus_predicted_7732 -            586 1051021at2759        -            324   6.8e-89  297.4   5.6   1   4     5e-49   1.5e-45  154.9   0.2     1   126   113   261   113   266 0.86 -
augustus_predicted_7732 -            586 1051021at2759        -            324   6.8e-89  297.4   5.6   2   4   6.6e-13     2e-09   36.2   0.1   124   163   279   319   276   326 0.91 -
augustus_predicted_7732 -            586 1051021at2759        -            324   6.8e-89  297.4   5.6   3   4     6e-30   1.8e-26   92.2   0.0   174   301   366   530   345   539 0.77 -
augustus_predicted_7732 -            586 1051021at2759        -            324   6.8e-89  297.4   5.6   4   4   0.00061       1.8    6.8   0.1   282   322   537   580   521   582 0.68 -
augustus_predicted_5152 -            670 1051021at2759        -            324   2.8e-08   32.5   0.0   1   2   0.00096       2.9    6.1   0.0   107   172   139   219   132   297 0.71 -
augustus_predicted_5152 -            670 1051021at2759        -            324   2.8e-08   32.5   0.0   2   2   9.1e-09   2.7e-05   22.6   0.0   240   278   340   378   330   385 0.91 -
augustus_predicted_908  -            374 1051021at2759        -            324      0.07   11.4   0.0   1   1   3.3e-05       0.1   10.9   0.0   214   311   151   257   100   269 0.64 -
#
# Program:         hmmsearch
# Version:         3.1b2 (February 2015)
# Pipeline mode:   SEARCH
# Query file:      ../../stats/eukaryota_odb10/hmms/1051021at2759.hmm
# Target file:     /home/centos/br/bin/Brownotate-1.2.0/runs/b283acc0-5629-444b-ad7a-7147f201d246/annotation/augustus_annotation.faa
# Option settings: hmmsearch --domtblout /home/centos/br/bin/Brownotate-1.2.0/runs/b283acc0-5629-444b-ad7a-7147f201d246/busco_annotation/run_eukaryota_odb10/hmmer_output/initial_run_results/1051021at2759.out --cpu 1 ../../stats/eukaryota_odb10/hmms/1051021at2759.hmm /home/centos/br/bin/Brownotate-1.2.0/runs/b283acc0-5629-444b-ad7a-7147f201d246/annotation/augustus_annotation.faa 
# Current dir:     /home/centos/br/bin/Brownotate-1.2.0/runs/b283acc0-5629-444b-ad7a-7147f201d246
# Date:            Sat Aug 24 02:31:56 2024
# [ok]
