#                                                                               --- full sequence --- -------------- this domain -------------   hmm coord   ali coord   env coord
# target name           accession   tlen query name           accession   qlen   E-value  score  bias   #  of  c-Evalue  i-Evalue  score  bias  from    to  from    to  from    to  acc description of target
#   ------------------- ---------- ----- -------------------- ---------- ----- --------- ------ ----- --- --- --------- --------- ------ ----- ----- ----- ----- ----- ----- ----- ---- ---------------------
augustus_predicted_1805 -            442 1085752at2759        -            230     3e-69  232.3  11.0   1   4     1e-15   1.8e-12   46.5   1.9     1    78    57   133    57   135 0.91 -
augustus_predicted_1805 -            442 1085752at2759        -            230     3e-69  232.3  11.0   2   4     1e-41   1.9e-38  131.5   8.7    25   166   115   274   110   276 0.86 -
augustus_predicted_1805 -            442 1085752at2759        -            230     3e-69  232.3  11.0   3   4   1.1e-08     2e-05   23.5   0.0   156   195   307   346   299   356 0.83 -
augustus_predicted_1805 -            442 1085752at2759        -            230     3e-69  232.3  11.0   4   4   3.3e-10   5.9e-07   28.5   0.0   195   230   370   412   360   412 0.73 -
augustus_predicted_6709 -            326 1085752at2759        -            230      0.12   11.1   3.8   1   1   0.00012      0.21   10.3   3.8    11    85    68   142    61   191 0.76 -
augustus_predicted_6863 -            125 1085752at2759        -            230       5.7    5.6  11.0   1   2    0.0019       3.4    6.4   1.4    28    66     5    43     1    57 0.57 -
augustus_predicted_6863 -            125 1085752at2759        -            230       5.7    5.6  11.0   2   2    0.0065        12    4.6   2.5    26    70    74   118    63   124 0.75 -
augustus_predicted_5704 -            746 1085752at2759        -            230       6.9    5.4  13.8   1   3     0.014        25    3.5   0.3    27    75   367   415   361   435 0.75 -
augustus_predicted_5704 -            746 1085752at2759        -            230       6.9    5.4  13.8   2   3      0.12   2.2e+02    0.4   0.9    26    62   500   536   476   557 0.46 -
augustus_predicted_5704 -            746 1085752at2759        -            230       6.9    5.4  13.8   3   3   0.00035      0.63    8.8   1.0    28   117   591   681   572   690 0.47 -
augustus_predicted_8241 -            280 1085752at2759        -            230       9.5    4.9  11.5   1   2     0.014        25    3.5   0.1    29    75    44    90    32   107 0.68 -
augustus_predicted_8241 -            280 1085752at2759        -            230       9.5    4.9  11.5   2   2     0.017        31    3.2   7.4    23    97   194   264   179   273 0.51 -
#
# Program:         hmmsearch
# Version:         3.1b2 (February 2015)
# Pipeline mode:   SEARCH
# Query file:      ../../stats/eukaryota_odb10/hmms/1085752at2759.hmm
# Target file:     /home/centos/br/bin/Brownotate-1.2.0/runs/b283acc0-5629-444b-ad7a-7147f201d246/annotation/augustus_annotation.faa
# Option settings: hmmsearch --domtblout /home/centos/br/bin/Brownotate-1.2.0/runs/b283acc0-5629-444b-ad7a-7147f201d246/busco_annotation/run_eukaryota_odb10/hmmer_output/initial_run_results/1085752at2759.out --cpu 1 ../../stats/eukaryota_odb10/hmms/1085752at2759.hmm /home/centos/br/bin/Brownotate-1.2.0/runs/b283acc0-5629-444b-ad7a-7147f201d246/annotation/augustus_annotation.faa 
# Current dir:     /home/centos/br/bin/Brownotate-1.2.0/runs/b283acc0-5629-444b-ad7a-7147f201d246
# Date:            Sat Aug 24 02:31:56 2024
# [ok]
