#                                                                               --- full sequence --- -------------- this domain -------------   hmm coord   ali coord   env coord
# target name           accession   tlen query name           accession   qlen   E-value  score  bias   #  of  c-Evalue  i-Evalue  score  bias  from    to  from    to  from    to  acc description of target
#   ------------------- ---------- ----- -------------------- ---------- ----- --------- ------ ----- --- --- --------- --------- ------ ----- ----- ----- ----- ----- ----- ----- ---- ---------------------
augustus_predicted_6041 -            406 1087488at2759        -            286   6.3e-75  250.9  14.2   1   2   1.4e-54   4.2e-51  172.7  11.7     1   222    18   313    18   320 0.78 -
augustus_predicted_6041 -            406 1087488at2759        -            286   6.3e-75  250.9  14.2   2   2   1.6e-22   4.7e-19   67.5   0.0   215   286   323   406   319   406 0.85 -
augustus_predicted_1092 -            413 1087488at2759        -            286   5.3e-12   44.4   2.0   1   4      0.26   7.7e+02   -2.1   0.0     5    29    55    79    53    88 0.82 -
augustus_predicted_1092 -            413 1087488at2759        -            286   5.3e-12   44.4   2.0   2   4     0.059   1.8e+02   -0.0   0.0    65    86    99   120    61   128 0.73 -
augustus_predicted_1092 -            413 1087488at2759        -            286   5.3e-12   44.4   2.0   3   4   3.3e-08   9.8e-05   20.5   0.1    99   216   167   319   163   330 0.75 -
augustus_predicted_1092 -            413 1087488at2759        -            286   5.3e-12   44.4   2.0   4   4   1.1e-07   0.00034   18.8   0.1   233   284   358   412   356   413 0.89 -
augustus_predicted_8675 -            271 1087488at2759        -            286    0.0041   15.2   0.0   1   2   3.3e-06    0.0098   14.0   0.0    66   150    30   121    18   124 0.80 -
augustus_predicted_8675 -            271 1087488at2759        -            286    0.0041   15.2   0.0   2   2      0.51   1.5e+03   -3.1   0.0   160   178   150   168   148   170 0.85 -
#
# Program:         hmmsearch
# Version:         3.1b2 (February 2015)
# Pipeline mode:   SEARCH
# Query file:      ../../stats/eukaryota_odb10/hmms/1087488at2759.hmm
# Target file:     /home/centos/br/bin/Brownotate-1.2.0/runs/b283acc0-5629-444b-ad7a-7147f201d246/annotation/augustus_annotation.faa
# Option settings: hmmsearch --domtblout /home/centos/br/bin/Brownotate-1.2.0/runs/b283acc0-5629-444b-ad7a-7147f201d246/busco_annotation/run_eukaryota_odb10/hmmer_output/initial_run_results/1087488at2759.out --cpu 1 ../../stats/eukaryota_odb10/hmms/1087488at2759.hmm /home/centos/br/bin/Brownotate-1.2.0/runs/b283acc0-5629-444b-ad7a-7147f201d246/annotation/augustus_annotation.faa 
# Current dir:     /home/centos/br/bin/Brownotate-1.2.0/runs/b283acc0-5629-444b-ad7a-7147f201d246
# Date:            Sat Aug 24 02:31:56 2024
# [ok]
