#                                                                               --- full sequence --- -------------- this domain -------------   hmm coord   ali coord   env coord
# target name           accession   tlen query name           accession   qlen   E-value  score  bias   #  of  c-Evalue  i-Evalue  score  bias  from    to  from    to  from    to  acc description of target
#   ------------------- ---------- ----- -------------------- ---------- ----- --------- ------ ----- --- --- --------- --------- ------ ----- ----- ----- ----- ----- ----- ----- ---- ---------------------
augustus_predicted_7444 -           1334 1112002at2759        -            550  4.7e-121  404.0  15.2   1   5     4e-31   3.7e-29  100.6   0.0   289   420   716   852   707   853 0.93 -
augustus_predicted_7444 -           1334 1112002at2759        -            550  4.7e-121  404.0  15.2   2   5   3.3e-29   3.1e-27   94.3   0.6   292   420   845   978   844   979 0.90 -
augustus_predicted_7444 -           1334 1112002at2759        -            550  4.7e-121  404.0  15.2   3   5   2.5e-20   2.4e-18   65.0   0.5   323   413   964  1055   963  1056 0.90 -
augustus_predicted_7444 -           1334 1112002at2759        -            550  4.7e-121  404.0  15.2   4   5   4.3e-36   4.1e-34  117.0   0.6   273   420   985  1146   984  1148 0.91 -
augustus_predicted_7444 -           1334 1112002at2759        -            550  4.7e-121  404.0  15.2   5   5   4.9e-22   4.6e-20   70.6   0.0   296   419  1143  1270  1142  1275 0.93 -
augustus_predicted_5872 -            977 1112002at2759        -            550  4.5e-111  371.0  11.9   1   8       4.8   4.5e+02   -2.0   0.0     5    36    14    45    10    57 0.77 -
augustus_predicted_5872 -            977 1112002at2759        -            550  4.5e-111  371.0  11.9   2   8   2.2e-12   2.1e-10   38.7   0.0    33   103    73   163    59   176 0.76 -
augustus_predicted_5872 -            977 1112002at2759        -            550  4.5e-111  371.0  11.9   3   8   9.2e-15   8.7e-13   46.6   0.0   102   182   209   312   205   330 0.77 -
augustus_predicted_5872 -            977 1112002at2759        -            550  4.5e-111  371.0  11.9   4   8   7.6e-14   7.1e-12   43.6   0.0   187   270   364   472   335   488 0.78 -
augustus_predicted_5872 -            977 1112002at2759        -            550  4.5e-111  371.0  11.9   5   8    0.0068      0.63    7.4   0.0   273   289   507   523   502   530 0.89 -
augustus_predicted_5872 -            977 1112002at2759        -            550  4.5e-111  371.0  11.9   6   8   8.4e-37   7.9e-35  119.4   0.6   286   381   540   654   536   660 0.84 -
augustus_predicted_5872 -            977 1112002at2759        -            550  4.5e-111  371.0  11.9   7   8   3.2e-26     3e-24   84.4   0.2   372   490   670   815   660   818 0.84 -
augustus_predicted_5872 -            977 1112002at2759        -            550  4.5e-111  371.0  11.9   8   8   2.8e-05    0.0026   15.3   1.0   515   547   903   936   849   939 0.63 -
augustus_predicted_5240 -           1581 1112002at2759        -            550   1.6e-69  233.8  37.1   1   4   7.7e-32   7.2e-30  103.0   7.1   275   416   224   379   219   380 0.89 -
augustus_predicted_5240 -           1581 1112002at2759        -            550   1.6e-69  233.8  37.1   2   4   3.4e-30   3.2e-28   97.5   6.1   290   420   374   509   372   510 0.93 -
augustus_predicted_5240 -           1581 1112002at2759        -            550   1.6e-69  233.8  37.1   3   4   1.1e-16   9.9e-15   53.0   1.4   288   358   456   530   454   534 0.91 -
augustus_predicted_5240 -           1581 1112002at2759        -            550   1.6e-69  233.8  37.1   4   4   2.4e-08   2.3e-06   25.4   0.7   296   389   506   587   505   591 0.88 -
augustus_predicted_2291 -           1161 1112002at2759        -            550   9.1e-60  201.7  24.0   1   5   3.9e-12   3.7e-10   37.9   0.0   320   411   459   560   456   564 0.84 -
augustus_predicted_2291 -           1161 1112002at2759        -            550   9.1e-60  201.7  24.0   2   5   6.1e-16   5.7e-14   50.5   1.5   323   410   616   703   589   706 0.89 -
augustus_predicted_2291 -           1161 1112002at2759        -            550   9.1e-60  201.7  24.0   3   5   8.1e-11   7.6e-09   33.6   0.0   336   403   710   777   708   784 0.94 -
augustus_predicted_2291 -           1161 1112002at2759        -            550   9.1e-60  201.7  24.0   4   5   2.1e-18   1.9e-16   58.7   2.6   289   420   783   917   779   923 0.85 -
augustus_predicted_2291 -           1161 1112002at2759        -            550   9.1e-60  201.7  24.0   5   5   3.3e-09   3.1e-07   28.3   0.6   293   363   933  1022   928  1027 0.75 -
augustus_predicted_1221 -            963 1112002at2759        -            550     7e-50  169.0  13.0   1   4   1.2e-14   1.1e-12   46.3   1.6   284   431    63   236    58   241 0.78 -
augustus_predicted_1221 -            963 1112002at2759        -            550     7e-50  169.0  13.0   2   4      0.45        43    1.4   0.0   161   188   227   254   222   262 0.81 -
augustus_predicted_1221 -            963 1112002at2759        -            550     7e-50  169.0  13.0   3   4   3.4e-13   3.1e-11   41.5   0.0   326   423   420   515   381   520 0.91 -
augustus_predicted_1221 -            963 1112002at2759        -            550     7e-50  169.0  13.0   4   4   5.9e-26   5.6e-24   83.6   2.0   244   450   520   737   519   750 0.83 -
augustus_predicted_3662 -            522 1112002at2759        -            550   1.8e-47  161.1   7.2   1   4   4.7e-17   4.4e-15   54.2   0.1   326   405   171   251   165   253 0.93 -
augustus_predicted_3662 -            522 1112002at2759        -            550   1.8e-47  161.1   7.2   2   4   4.5e-26   4.3e-24   83.9   0.0   287   411   212   342   211   347 0.91 -
augustus_predicted_3662 -            522 1112002at2759        -            550   1.8e-47  161.1   7.2   3   4   1.9e-10   1.8e-08   32.4   0.1   334   427   349   455   346   456 0.84 -
augustus_predicted_3662 -            522 1112002at2759        -            550   1.8e-47  161.1   7.2   4   4   1.8e-05    0.0017   16.0   0.1   347   400   416   472   407   478 0.87 -
augustus_predicted_4228 -            678 1112002at2759        -            550   7.5e-46  155.7   5.9   1   3   1.7e-19   1.6e-17   62.3   0.3   323   422   341   437   335   440 0.92 -
augustus_predicted_4228 -            678 1112002at2759        -            550   7.5e-46  155.7   5.9   2   3   8.4e-17   7.9e-15   53.3   2.0   302   385   436   523   432   532 0.87 -
augustus_predicted_4228 -            678 1112002at2759        -            550   7.5e-46  155.7   5.9   3   3   4.4e-13   4.1e-11   41.1   0.0   345   432   581   671   577   677 0.88 -
augustus_predicted_1166 -           1293 1112002at2759        -            550   9.1e-46  155.5  14.2   1   3   5.3e-14     5e-12   44.1   0.3   319   404   911   998   907   999 0.90 -
augustus_predicted_1166 -           1293 1112002at2759        -            550   9.1e-46  155.5  14.2   2   3   2.6e-19   2.4e-17   61.6   2.7   298   422   971  1106   969  1151 0.80 -
augustus_predicted_1166 -           1293 1112002at2759        -            550   9.1e-46  155.5  14.2   3   3   1.6e-23   1.5e-21   75.5   0.3   273   400  1150  1292  1141  1293 0.88 -
augustus_predicted_6609 -           1821 1112002at2759        -            550   1.7e-45  154.6  22.3   1   3   3.6e-20   3.4e-18   64.5   2.6   318   420   262   364   258   366 0.92 -
augustus_predicted_6609 -           1821 1112002at2759        -            550   1.7e-45  154.6  22.3   2   3   1.1e-16   1.1e-14   52.9   4.8   296   380   361   450   360   450 0.83 -
augustus_predicted_6609 -           1821 1112002at2759        -            550   1.7e-45  154.6  22.3   3   3   7.6e-17   7.1e-15   53.5   2.3   289   409   438   521   437   538 0.63 -
augustus_predicted_5081 -            801 1112002at2759        -            550     5e-45  153.0   7.8   1   3   7.7e-12   7.2e-10   37.0   0.0   320   414   497   550   493   551 0.53 -
augustus_predicted_5081 -            801 1112002at2759        -            550     5e-45  153.0   7.8   2   3   3.3e-20   3.1e-18   64.6   1.4   286   373   543   635   539   637 0.92 -
augustus_predicted_5081 -            801 1112002at2759        -            550     5e-45  153.0   7.8   3   3     2e-19   1.9e-17   62.0   0.4   289   368   630   713   627   740 0.86 -
augustus_predicted_4784 -            535 1112002at2759        -            550   1.3e-44  151.6   0.2   1   3   1.5e-18   1.4e-16   59.2   0.1   289   411   226   358   219   362 0.85 -
augustus_predicted_4784 -            535 1112002at2759        -            550   1.3e-44  151.6   0.2   2   3   4.2e-20   3.9e-18   64.2   0.0   295   400   362   486   354   486 0.87 -
augustus_predicted_4784 -            535 1112002at2759        -            550   1.3e-44  151.6   0.2   3   3   2.3e-12   2.2e-10   38.7   0.0   289   360   454   529   449   533 0.89 -
augustus_predicted_4386 -            444 1112002at2759        -            550   1.4e-36  125.2   8.1   1   4   4.2e-26   3.9e-24   84.1   2.0   287   412   108   242   105   248 0.87 -
augustus_predicted_4386 -            444 1112002at2759        -            550   1.4e-36  125.2   8.1   2   4     0.031       2.9    5.2   0.0   131   148   259   276   243   299 0.68 -
augustus_predicted_4386 -            444 1112002at2759        -            550   1.4e-36  125.2   8.1   3   4   7.8e-12   7.4e-10   36.9   0.1   306   415   321   394   316   409 0.54 -
augustus_predicted_4386 -            444 1112002at2759        -            550   1.4e-36  125.2   8.1   4   4       3.7   3.4e+02   -1.6   0.0    70   358   430   443   424   444 0.51 -
augustus_predicted_355  -            452 1112002at2759        -            550   9.2e-35  119.1   2.1   1   4   6.7e-16   6.3e-14   50.4   0.0   322   421   134   234   131   237 0.96 -
augustus_predicted_355  -            452 1112002at2759        -            550   9.2e-35  119.1   2.1   2   4   9.8e-11   9.2e-09   33.3   0.1   296   361   230   299   226   301 0.88 -
augustus_predicted_355  -            452 1112002at2759        -            550   9.2e-35  119.1   2.1   3   4   1.4e-08   1.3e-06   26.2   0.0   322   412   302   391   300   395 0.89 -
augustus_predicted_355  -            452 1112002at2759        -            550   9.2e-35  119.1   2.1   4   4     0.003      0.28    8.6   0.0   333   363   403   433   397   439 0.78 -
augustus_predicted_4596 -            853 1112002at2759        -            550     1e-32  112.4   0.2   1   2   9.2e-10   8.6e-08   30.1   0.0   334   423    16   106     9   109 0.93 -
augustus_predicted_4596 -            853 1112002at2759        -            550     1e-32  112.4   0.2   2   2     2e-24   1.8e-22   78.5   0.3   273   421   110   277   108   291 0.86 -
augustus_predicted_6895 -           1211 1112002at2759        -            550   1.4e-32  111.9   2.6   1   3     6e-09   5.6e-07   27.4   0.0   337   420    21   105    15   108 0.92 -
augustus_predicted_6895 -           1211 1112002at2759        -            550   1.4e-32  111.9   2.6   2   3   9.1e-12   8.5e-10   36.7   0.4   299   361   105   171   101   184 0.87 -
augustus_predicted_6895 -           1211 1112002at2759        -            550   1.4e-32  111.9   2.6   3   3   1.2e-14   1.2e-12   46.2   0.1   325   433   209   325   194   368 0.79 -
augustus_predicted_4366 -           1154 1112002at2759        -            550   2.1e-32  111.3   6.3   1   3   1.2e-13   1.1e-11   43.0   1.2   323   422   284   381   253   383 0.87 -
augustus_predicted_4366 -           1154 1112002at2759        -            550   2.1e-32  111.3   6.3   2   3   7.3e-10   6.8e-08   30.4   0.1   344   420   384   459   378   464 0.69 -
augustus_predicted_4366 -           1154 1112002at2759        -            550   2.1e-32  111.3   6.3   3   3   1.3e-17   1.2e-15   56.1   0.1   308   420   426   539   423   543 0.89 -
augustus_predicted_3440 -            316 1112002at2759        -            550   2.9e-32  110.9   8.0   1   3   1.3e-18   1.2e-16   59.3   0.9   289   401    11   134     5   144 0.85 -
augustus_predicted_3440 -            316 1112002at2759        -            550   2.9e-32  110.9   8.0   2   3   9.8e-20   9.2e-18   63.0   1.1   292   419   104   238   104   273 0.86 -
augustus_predicted_3440 -            316 1112002at2759        -            550   2.9e-32  110.9   8.0   3   3       3.6   3.4e+02   -1.5   0.0    67    85   294   312   270   315 0.60 -
augustus_predicted_6442 -            359 1112002at2759        -            550   9.6e-32  109.2   0.6   1   3   2.2e-20   2.1e-18   65.2   0.0   288   411    61   191    56   194 0.90 -
augustus_predicted_6442 -            359 1112002at2759        -            550   9.6e-32  109.2   0.6   2   3   1.5e-09   1.4e-07   29.4   0.3   296   405   196   318   189   320 0.87 -
augustus_predicted_6442 -            359 1112002at2759        -            550   9.6e-32  109.2   0.6   3   3   5.9e-07   5.5e-05   20.8   0.0   302   357   294   354   284   358 0.79 -
augustus_predicted_7939 -            915 1112002at2759        -            550   3.5e-31  107.3  13.2   1   3     5e-13   4.7e-11   40.9   0.3   289   377   526   616   521   624 0.74 -
augustus_predicted_7939 -            915 1112002at2759        -            550   3.5e-31  107.3  13.2   2   3      0.17        16    2.8   0.0   342   360   638   656   623   661 0.64 -
augustus_predicted_7939 -            915 1112002at2759        -            550   3.5e-31  107.3  13.2   3   3   1.5e-19   1.4e-17   62.4   6.2   259   420   683   854   675   858 0.80 -
augustus_predicted_1758 -            506 1112002at2759        -            550   2.5e-30  104.5   1.5   1   4   0.00013     0.012   13.1   0.0   332   417   183   280   174   285 0.77 -
augustus_predicted_1758 -            506 1112002at2759        -            550   2.5e-30  104.5   1.5   2   4     4e-09   3.7e-07   28.0   0.0   347   404   251   309   241   314 0.90 -
augustus_predicted_1758 -            506 1112002at2759        -            550   2.5e-30  104.5   1.5   3   4   7.4e-18     7e-16   56.8   0.3   301   417   285   406   282   419 0.89 -
augustus_predicted_1758 -            506 1112002at2759        -            550   2.5e-30  104.5   1.5   4   4   1.6e-08   1.5e-06   26.0   0.1   345   401   448   505   439   506 0.87 -
augustus_predicted_234  -            393 1112002at2759        -            550   3.8e-30  103.9   6.0   1   3   2.4e-17   2.3e-15   55.1   0.1   274   410     4   154     1   160 0.85 -
augustus_predicted_234  -            393 1112002at2759        -            550   3.8e-30  103.9   6.0   2   3   8.9e-07   8.3e-05   20.3   0.2   294   361   160   237   153   239 0.82 -
augustus_predicted_234  -            393 1112002at2759        -            550   3.8e-30  103.9   6.0   3   3   1.2e-08   1.1e-06   26.4   0.1   325   373   330   379   326   387 0.89 -
augustus_predicted_1233 -            746 1112002at2759        -            550   1.1e-28   99.1   9.5   1   2   4.4e-10   4.1e-08   31.2   0.3   287   399   387   528   381   528 0.73 -
augustus_predicted_1233 -            746 1112002at2759        -            550   1.1e-28   99.1   9.5   2   2   6.1e-22   5.7e-20   70.3   4.6   306   436   514   656   510   657 0.88 -
augustus_predicted_7051 -            900 1112002at2759        -            550   2.9e-28   97.7   2.3   1   3     4e-05    0.0038   14.8   0.0   231   258   318   349   308   354 0.64 -
augustus_predicted_7051 -            900 1112002at2759        -            550   2.9e-28   97.7   2.3   2   3   3.9e-18   3.7e-16   57.7   0.4   292   411   410   529   402   532 0.86 -
augustus_predicted_7051 -            900 1112002at2759        -            550   2.9e-28   97.7   2.3   3   3     1e-07   9.7e-06   23.3   0.0   330   406   531   608   527   613 0.91 -
augustus_predicted_1438 -            454 1112002at2759        -            550     2e-26   91.6   2.3   1   2   5.6e-17   5.3e-15   53.9   0.3   259   414   163   339   162   340 0.82 -
augustus_predicted_1438 -            454 1112002at2759        -            550     2e-26   91.6   2.3   2   2   6.9e-12   6.4e-10   37.1   0.1   290   400   336   453   334   454 0.87 -
augustus_predicted_3190 -            885 1112002at2759        -            550   1.6e-25   88.6   7.8   1   4     1e-08   9.6e-07   26.7   0.1   289   358   172   247   166   283 0.67 -
augustus_predicted_3190 -            885 1112002at2759        -            550   1.6e-25   88.6   7.8   2   4     2e-13   1.8e-11   42.2   1.3   292   403   319   436   311   452 0.78 -
augustus_predicted_3190 -            885 1112002at2759        -            550   1.6e-25   88.6   7.8   3   4   8.1e-07   7.6e-05   20.4   0.0   341   412   458   532   448   536 0.80 -
augustus_predicted_3190 -            885 1112002at2759        -            550   1.6e-25   88.6   7.8   4   4       1.9   1.8e+02   -0.6   0.0   291   327   552   588   544   592 0.88 -
augustus_predicted_181  -            445 1112002at2759        -            550   1.1e-24   85.8   8.4   1   4   8.4e-08   7.9e-06   23.6   0.1   304   359    37   100    32   105 0.80 -
augustus_predicted_181  -            445 1112002at2759        -            550   1.1e-24   85.8   8.4   2   4   3.9e-13   3.6e-11   41.2   2.6   289   381   141   245   135   259 0.83 -
augustus_predicted_181  -            445 1112002at2759        -            550   1.1e-24   85.8   8.4   3   4   2.9e-06   0.00027   18.6   0.0   244   323   276   359   270   367 0.85 -
augustus_predicted_181  -            445 1112002at2759        -            550   1.1e-24   85.8   8.4   4   4      0.24        23    2.3   0.0   343   360   426   443   423   445 0.57 -
augustus_predicted_7863 -            859 1112002at2759        -            550   1.9e-24   85.1   9.6   1   3   3.6e-15   3.4e-13   47.9   0.7   295   403   334   447   325   452 0.73 -
augustus_predicted_7863 -            859 1112002at2759        -            550   1.9e-24   85.1   9.6   2   3   9.5e-13   8.9e-11   40.0   0.3   324   420   499   592   496   597 0.61 -
augustus_predicted_7863 -            859 1112002at2759        -            550   1.9e-24   85.1   9.6   3   3      0.69        65    0.8   0.1   244   261   670   687   667   700 0.81 -
augustus_predicted_8867 -            785 1112002at2759        -            550   1.8e-23   81.8   0.7   1   3    0.0001    0.0098   13.4   0.0   324   365     7    47     4    56 0.82 -
augustus_predicted_8867 -            785 1112002at2759        -            550   1.8e-23   81.8   0.7   2   3   2.2e-16     2e-14   52.0   0.1   290   426   106   248    96   250 0.88 -
augustus_predicted_8867 -            785 1112002at2759        -            550   1.8e-23   81.8   0.7   3   3   4.1e-07   3.8e-05   21.4   0.0   288   359   231   303   229   322 0.85 -
augustus_predicted_4417 -            594 1112002at2759        -            550   2.2e-23   81.6   7.5   1   3     0.024       2.2    5.6   0.0   373   419    95   141    85   146 0.91 -
augustus_predicted_4417 -            594 1112002at2759        -            550   2.2e-23   81.6   7.5   2   3   1.5e-18   1.4e-16   59.1   1.9   275   394   197   332   193   341 0.84 -
augustus_predicted_4417 -            594 1112002at2759        -            550   2.2e-23   81.6   7.5   3   3     0.012       1.2    6.6   0.0   329   359   377   407   366   411 0.65 -
augustus_predicted_4790 -            816 1112002at2759        -            550   4.7e-23   80.5  10.9   1   7   1.3e-08   1.2e-06   26.3   0.9   323   406    50   143    26   145 0.77 -
augustus_predicted_4790 -            816 1112002at2759        -            550   4.7e-23   80.5  10.9   2   7     0.009      0.84    7.0   0.0   304   322   229   247   188   255 0.68 -
augustus_predicted_4790 -            816 1112002at2759        -            550   4.7e-23   80.5  10.9   3   7      0.19        18    2.7   0.0   341   359   311   329   301   336 0.82 -
augustus_predicted_4790 -            816 1112002at2759        -            550   4.7e-23   80.5  10.9   4   7   0.00091     0.085   10.3   0.1   320   358   395   432   390   435 0.91 -
augustus_predicted_4790 -            816 1112002at2759        -            550   4.7e-23   80.5  10.9   5   7    0.0004     0.038   11.5   0.2   289   355   569   645   563   649 0.82 -
augustus_predicted_4790 -            816 1112002at2759        -            550   4.7e-23   80.5  10.9   6   7   5.5e-08   5.2e-06   24.2   0.0   289   403   617   751   608   757 0.76 -
augustus_predicted_4790 -            816 1112002at2759        -            550   4.7e-23   80.5  10.9   7   7      0.83        78    0.5   0.1   343   363   792   812   786   815 0.82 -
augustus_predicted_3932 -            364 1112002at2759        -            550   1.9e-22   78.4   0.0   1   2   1.9e-17   1.8e-15   55.5   0.0   295   393    38   143    34   155 0.81 -
augustus_predicted_3932 -            364 1112002at2759        -            550   1.9e-22   78.4   0.0   2   2   5.8e-07   5.4e-05   20.9   0.0   345   413   203   272   198   286 0.89 -
augustus_predicted_5146 -            608 1112002at2759        -            550   2.2e-21   75.0   6.4   1   3   3.9e-10   3.6e-08   31.3   0.1   288   362   274   350   269   359 0.84 -
augustus_predicted_5146 -            608 1112002at2759        -            550   2.2e-21   75.0   6.4   2   3   5.2e-05    0.0049   14.4   0.3   254   290   380   417   368   435 0.83 -
augustus_predicted_5146 -            608 1112002at2759        -            550   2.2e-21   75.0   6.4   3   3   4.7e-10   4.4e-08   31.1   0.1   302   403   461   562   456   568 0.87 -
augustus_predicted_6954 -            554 1112002at2759        -            550   6.6e-21   73.4   5.7   1   3   2.7e-09   2.5e-07   28.6   0.3   357   439   273   360   262   364 0.84 -
augustus_predicted_6954 -            554 1112002at2759        -            550   6.6e-21   73.4   5.7   2   3   2.2e-10   2.1e-08   32.2   0.3   323   413   364   458   361   475 0.90 -
augustus_predicted_6954 -            554 1112002at2759        -            550   6.6e-21   73.4   5.7   3   3     4e-05    0.0037   14.8   0.0   305   360   471   531   458   535 0.74 -
augustus_predicted_6922 -            336 1112002at2759        -            550     9e-21   73.0   0.1   1   4   2.6e-17   2.4e-15   55.0   0.0   289   390     6   111     2   120 0.90 -
augustus_predicted_6922 -            336 1112002at2759        -            550     9e-21   73.0   0.1   2   4      0.35        33    1.8   0.0   380   414   156   190   141   192 0.84 -
augustus_predicted_6922 -            336 1112002at2759        -            550     9e-21   73.0   0.1   3   4   0.00014     0.013   13.0   0.1   288   322   185   221   159   230 0.80 -
augustus_predicted_6922 -            336 1112002at2759        -            550     9e-21   73.0   0.1   4   4       1.7   1.6e+02   -0.5   0.0   290   319   286   315   273   320 0.48 -
augustus_predicted_7622 -            595 1112002at2759        -            550   4.1e-20   70.8   1.2   1   3   2.2e-15     2e-13   48.7   0.6   321   410   291   383   287   388 0.90 -
augustus_predicted_7622 -            595 1112002at2759        -            550   4.1e-20   70.8   1.2   2   3     0.062       5.8    4.3   0.0   365   400   424   459   390   467 0.62 -
augustus_predicted_7622 -            595 1112002at2759        -            550   4.1e-20   70.8   1.2   3   3   2.8e-06   0.00026   18.6   0.0   289   408   427   557   422   595 0.83 -
augustus_predicted_3031 -            855 1112002at2759        -            550   2.1e-19   68.4   3.3   1   2   9.4e-15   8.8e-13   46.6   1.1   327   420   533   627   529   659 0.60 -
augustus_predicted_3031 -            855 1112002at2759        -            550   2.1e-19   68.4   3.3   2   2   3.9e-07   3.7e-05   21.4   0.0   326   404   741   825   675   838 0.77 -
augustus_predicted_5688 -            541 1112002at2759        -            550   1.1e-18   66.0   0.3   1   2   4.7e-15   4.4e-13   47.6   0.0   300   403   103   216    89   225 0.81 -
augustus_predicted_5688 -            541 1112002at2759        -            550   1.1e-18   66.0   0.3   2   2   2.2e-07   2.1e-05   22.2   0.1   308   428   200   323   195   331 0.82 -
augustus_predicted_5876 -            625 1112002at2759        -            550   1.7e-18   65.4   0.2   1   4      0.48        45    1.3   0.0   263   290   153   181   148   185 0.74 -
augustus_predicted_5876 -            625 1112002at2759        -            550   1.7e-18   65.4   0.2   2   4   1.5e-10   1.4e-08   32.7   0.1   290   362   228   310   220   314 0.74 -
augustus_predicted_5876 -            625 1112002at2759        -            550   1.7e-18   65.4   0.2   3   4   5.4e-09   5.1e-07   27.6   0.2   307   409   293   407   285   413 0.76 -
augustus_predicted_5876 -            625 1112002at2759        -            550   1.7e-18   65.4   0.2   4   4    0.0058      0.54    7.7   0.0   264   346   447   530   440   536 0.86 -
augustus_predicted_8627 -           1990 1112002at2759        -            550   4.3e-18   64.1   6.1   1   4       0.1       9.6    3.5   0.0   357   401   121   166   110   180 0.66 -
augustus_predicted_8627 -           1990 1112002at2759        -            550   4.3e-18   64.1   6.1   2   4   2.6e-11   2.4e-09   35.2   0.1   288   409   219   349   211   352 0.86 -
augustus_predicted_8627 -           1990 1112002at2759        -            550   4.3e-18   64.1   6.1   3   4      0.51        48    1.2   0.0   326   374   400   451   395   477 0.71 -
augustus_predicted_8627 -           1990 1112002at2759        -            550   4.3e-18   64.1   6.1   4   4   1.6e-07   1.5e-05   22.7   1.0   288   399   567   685   522   689 0.84 -
augustus_predicted_3372 -            450 1112002at2759        -            550   1.4e-17   62.4   1.0   1   2   4.9e-06   0.00046   17.8   0.1   328   404    66   143    58   147 0.73 -
augustus_predicted_3372 -            450 1112002at2759        -            550   1.4e-17   62.4   1.0   2   2   5.5e-13   5.2e-11   40.7   0.1   298   404   247   361   200   371 0.75 -
augustus_predicted_6001 -            309 1112002at2759        -            550   5.2e-17   60.5  13.3   1   3   5.4e-10     5e-08   30.9   0.1   329   404    11    91     3   100 0.60 -
augustus_predicted_6001 -            309 1112002at2759        -            550   5.2e-17   60.5  13.3   2   3   0.00024     0.022   12.2   1.7   327   420   108   224   102   230 0.67 -
augustus_predicted_6001 -            309 1112002at2759        -            550   5.2e-17   60.5  13.3   3   3   3.6e-08   3.4e-06   24.8   3.2   272   359   184   294   180   298 0.68 -
augustus_predicted_3800 -            684 1112002at2759        -            550   1.3e-15   55.9   0.0   1   2   2.6e-08   2.4e-06   25.3   0.0   334   401    17    92     7   109 0.85 -
augustus_predicted_3800 -            684 1112002at2759        -            550   1.3e-15   55.9   0.0   2   2   3.4e-09   3.2e-07   28.2   0.1   293   362   122   195   108   210 0.85 -
augustus_predicted_508  -            373 1112002at2759        -            550   4.1e-15   54.3   4.5   1   2   1.2e-08   1.1e-06   26.5   0.2   322   419    72   172    55   185 0.87 -
augustus_predicted_508  -            373 1112002at2759        -            550   4.1e-15   54.3   4.5   2   2   2.1e-09   1.9e-07   28.9   0.6   278   410   206   339   197   345 0.81 -
augustus_predicted_1407 -           1543 1112002at2759        -            550   5.3e-15   53.9  12.0   1   3      0.99        93    0.3   0.0   130   147    39    56    31    64 0.87 -
augustus_predicted_1407 -           1543 1112002at2759        -            550   5.3e-15   53.9  12.0   2   3   0.00016     0.015   12.8   1.3   288   325    78   115    73   159 0.57 -
augustus_predicted_1407 -           1543 1112002at2759        -            550   5.3e-15   53.9  12.0   3   3   2.4e-13   2.3e-11   41.9   4.2   302   440   183   337   122   346 0.69 -
augustus_predicted_1215 -            535 1112002at2759        -            550   1.3e-14   52.6   3.8   1   4       1.9   1.8e+02   -0.7   0.0    67    90   207   230   205   236 0.72 -
augustus_predicted_1215 -            535 1112002at2759        -            550   1.3e-14   52.6   3.8   2   4     7e-08   6.5e-06   23.9   0.4   371   439   264   340   255   368 0.78 -
augustus_predicted_1215 -            535 1112002at2759        -            550   1.3e-14   52.6   3.8   3   4   9.1e-07   8.5e-05   20.2   0.0   286   322   393   430   387   459 0.90 -
augustus_predicted_1215 -            535 1112002at2759        -            550   1.3e-14   52.6   3.8   4   4     0.011       1.1    6.7   0.0    66   102   458   494   436   505 0.82 -
augustus_predicted_2153 -            980 1112002at2759        -            550   2.9e-14   51.5   1.0   1   3   4.6e-07   4.3e-05   21.2   0.3   345   450    69   183    59   191 0.80 -
augustus_predicted_2153 -            980 1112002at2759        -            550   2.9e-14   51.5   1.0   2   3   5.4e-08     5e-06   24.3   0.0   340   424   247   335   241   356 0.80 -
augustus_predicted_2153 -            980 1112002at2759        -            550   2.9e-14   51.5   1.0   3   3      0.22        20    2.5   0.0    65    86   375   396   353   404 0.70 -
augustus_predicted_3193 -            393 1112002at2759        -            550   4.4e-14   50.9   1.0   1   2   2.3e-14   2.2e-12   45.3   0.2   290   413   193   329   180   332 0.78 -
augustus_predicted_3193 -            393 1112002at2759        -            550   4.4e-14   50.9   1.0   2   2     0.075         7    4.0   0.0   370   403   342   376   335   385 0.68 -
augustus_predicted_1452 -            959 1112002at2759        -            550   5.4e-14   50.6   0.2   1   3    0.0025      0.23    8.9   0.0   332   360   306   334   297   341 0.64 -
augustus_predicted_1452 -            959 1112002at2759        -            550   5.4e-14   50.6   0.2   2   3   5.3e-10     5e-08   30.9   0.1   290   400   370   483   362   488 0.83 -
augustus_predicted_1452 -            959 1112002at2759        -            550   5.4e-14   50.6   0.2   3   3    0.0093      0.87    7.0   0.0   346   400   527   584   522   599 0.84 -
augustus_predicted_188  -            362 1112002at2759        -            550   1.4e-12   45.9   0.0   1   4     3e-09   2.8e-07   28.4   0.0   334   421    36   127    30   135 0.85 -
augustus_predicted_188  -            362 1112002at2759        -            550   1.4e-12   45.9   0.0   2   4    0.0036      0.34    8.3   0.0   288   324   115   155   109   193 0.63 -
augustus_predicted_188  -            362 1112002at2759        -            550   1.4e-12   45.9   0.0   3   4      0.12        11    3.3   0.0    53   100   161   207   155   218 0.82 -
augustus_predicted_188  -            362 1112002at2759        -            550   1.4e-12   45.9   0.0   4   4       0.1       9.4    3.6   0.0    68    93   275   300   254   328 0.67 -
augustus_predicted_5862 -            485 1112002at2759        -            550   1.5e-12   45.8   4.3   1   4   1.5e-05    0.0014   16.2   0.0   344   405   139   204   133   208 0.86 -
augustus_predicted_5862 -            485 1112002at2759        -            550   1.5e-12   45.8   4.3   2   4     0.002      0.19    9.2   0.1   327   361   217   251   209   255 0.62 -
augustus_predicted_5862 -            485 1112002at2759        -            550   1.5e-12   45.8   4.3   3   4    0.0018      0.17    9.3   0.6   324   420   288   388   270   389 0.87 -
augustus_predicted_5862 -            485 1112002at2759        -            550   1.5e-12   45.8   4.3   4   4   0.00012     0.011   13.3   0.1   211   262   352   415   349   475 0.72 -
augustus_predicted_4243 -            611 1112002at2759        -            550     2e-12   45.4   0.0   1   2     0.036       3.4    5.0   0.0   368   401    77   111    72   123 0.60 -
augustus_predicted_4243 -            611 1112002at2759        -            550     2e-12   45.4   0.0   2   2   3.7e-12   3.5e-10   38.0   0.1   324   414   132   223   128   261 0.91 -
augustus_predicted_5811 -           1271 1112002at2759        -            550   2.9e-12   44.9   0.1   1   2   9.8e-07   9.2e-05   20.1   0.0   334   403   151   225   140   233 0.85 -
augustus_predicted_5811 -           1271 1112002at2759        -            550   2.9e-12   44.9   0.1   2   2   1.8e-07   1.6e-05   22.6   0.0   333   402   247   319   241   326 0.89 -
augustus_predicted_2415 -            717 1112002at2759        -            550   1.2e-11   42.8   0.0   1   4       7.5     7e+02   -2.6   0.0    60    85   244   269   241   275 0.86 -
augustus_predicted_2415 -            717 1112002at2759        -            550   1.2e-11   42.8   0.0   2   4   6.6e-11   6.2e-09   33.9   0.1   289   361   284   362   269   369 0.83 -
augustus_predicted_2415 -            717 1112002at2759        -            550   1.2e-11   42.8   0.0   3   4       2.2     2e+02   -0.8   0.0    71    90   441   461   424   467 0.60 -
augustus_predicted_2415 -            717 1112002at2759        -            550   1.2e-11   42.8   0.0   4   4     0.058       5.4    4.4   0.0   316   358   640   681   627   685 0.84 -
augustus_predicted_1978 -            609 1112002at2759        -            550   2.1e-11   42.1   0.0   1   2   2.4e-08   2.2e-06   25.5   0.1   344   409   369   436   352   449 0.83 -
augustus_predicted_1978 -            609 1112002at2759        -            550   2.1e-11   42.1   0.0   2   2   5.6e-05    0.0053   14.3   0.0   340   404   472   541   466   547 0.74 -
augustus_predicted_8386 -            492 1112002at2759        -            550   2.9e-11   41.6   3.3   1   3   6.8e-07   6.4e-05   20.6   0.1   365   404   296   336   246   343 0.74 -
augustus_predicted_8386 -            492 1112002at2759        -            550   2.9e-11   41.6   3.3   2   3    0.0039      0.37    8.2   0.3    51    85   344   378   338   382 0.87 -
augustus_predicted_8386 -            492 1112002at2759        -            550   2.9e-11   41.6   3.3   3   3   0.00026     0.025   12.1   0.0   324   361   396   434   387   438 0.76 -
augustus_predicted_1242 -           1106 1112002at2759        -            550   3.4e-11   41.4   0.0   1   3   7.3e-09   6.9e-07   27.1   0.0   288   364    41   130    36   134 0.82 -
augustus_predicted_1242 -           1106 1112002at2759        -            550   3.4e-11   41.4   0.0   2   3       1.4   1.3e+02   -0.2   0.0   371   401   174   204   160   210 0.49 -
augustus_predicted_1242 -           1106 1112002at2759        -            550   3.4e-11   41.4   0.0   3   3    0.0013      0.12    9.8   0.0   303   360   932   993   913   999 0.89 -
augustus_predicted_733  -            618 1112002at2759        -            550   4.2e-11   41.0   4.4   1   3    0.0042       0.4    8.1   0.2   355   442   326   419   318   424 0.80 -
augustus_predicted_733  -            618 1112002at2759        -            550   4.2e-11   41.0   4.4   2   3   1.9e-05    0.0018   15.8   0.1   363   421   419   478   415   481 0.85 -
augustus_predicted_733  -            618 1112002at2759        -            550   4.2e-11   41.0   4.4   3   3   1.5e-06   0.00014   19.5   0.2   292   403   470   590   465   601 0.79 -
augustus_predicted_5540 -           1198 1112002at2759        -            550   1.6e-10   39.1   3.7   1   3     0.075         7    4.0   0.0   333   362   875   904   873   907 0.93 -
augustus_predicted_5540 -           1198 1112002at2759        -            550   1.6e-10   39.1   3.7   2   3   1.1e-09     1e-07   29.9   0.1   288   362   910   993   905  1002 0.84 -
augustus_predicted_5540 -           1198 1112002at2759        -            550   1.6e-10   39.1   3.7   3   3     0.064         6    4.2   0.1   324   365  1033  1080  1029  1093 0.70 -
augustus_predicted_283  -            977 1112002at2759        -            550   2.3e-10   38.6   1.4   1   3   0.00053      0.05   11.1   0.0   291   321     3    33     1    37 0.85 -
augustus_predicted_283  -            977 1112002at2759        -            550   2.3e-10   38.6   1.4   2   3   2.4e-08   2.2e-06   25.5   0.4   289   360    62   137    55   146 0.90 -
augustus_predicted_283  -            977 1112002at2759        -            550   2.3e-10   38.6   1.4   3   3       8.5     8e+02   -2.8   0.0   345   360   224   239   206   280 0.54 -
augustus_predicted_5178 -            475 1112002at2759        -            550   4.7e-10   37.6   0.8   1   1   2.2e-11     2e-09   35.5   0.7   258   412   239   402   224   417 0.77 -
augustus_predicted_672  -            355 1112002at2759        -            550   5.1e-10   37.5   2.7   1   3   1.3e-08   1.2e-06   26.4   0.1   303   404    70   178    61   185 0.75 -
augustus_predicted_672  -            355 1112002at2759        -            550   5.1e-10   37.5   2.7   2   3    0.0048      0.45    7.9   0.0   307   359   227   286   222   290 0.73 -
augustus_predicted_672  -            355 1112002at2759        -            550   5.1e-10   37.5   2.7   3   3      0.52        49    1.2   0.1   257   291   313   352   308   354 0.64 -
augustus_predicted_8868 -            316 1112002at2759        -            550   1.2e-09   36.3   0.7   1   3   4.2e-09   3.9e-07   27.9   0.2   302   391    30   124    11   144 0.71 -
augustus_predicted_8868 -            316 1112002at2759        -            550   1.2e-09   36.3   0.7   2   3     0.099       9.3    3.6   0.0   291   321   169   199   163   208 0.69 -
augustus_predicted_8868 -            316 1112002at2759        -            550   1.2e-09   36.3   0.7   3   3      0.93        87    0.4   0.0    60    87   262   291   218   307 0.66 -
augustus_predicted_1322 -            442 1112002at2759        -            550   1.5e-09   36.0   1.9   1   4   2.6e-05    0.0024   15.4   0.0   368   427    18    77    14    85 0.91 -
augustus_predicted_1322 -            442 1112002at2759        -            550   1.5e-09   36.0   1.9   2   4       3.2     3e+02   -1.4   0.0   243   261    81    99    79   111 0.68 -
augustus_predicted_1322 -            442 1112002at2759        -            550   1.5e-09   36.0   1.9   3   4   0.00088     0.083   10.4   0.1   299   343   324   372   261   385 0.77 -
augustus_predicted_1322 -            442 1112002at2759        -            550   1.5e-09   36.0   1.9   4   4      0.06       5.6    4.3   0.0    63    85   419   441   395   442 0.62 -
augustus_predicted_7659 -            474 1112002at2759        -            550   1.5e-09   35.9   0.0   1   4     0.022         2    5.8   0.0   263   263    95    95    56   162 0.52 -
augustus_predicted_7659 -            474 1112002at2759        -            550   1.5e-09   35.9   0.0   2   4   4.6e-05    0.0043   14.6   0.0   261   362   116   241   110   259 0.42 -
augustus_predicted_7659 -            474 1112002at2759        -            550   1.5e-09   35.9   0.0   3   4   3.6e-07   3.3e-05   21.6   0.0   211   325   182   315   180   321 0.75 -
augustus_predicted_7659 -            474 1112002at2759        -            550   1.5e-09   35.9   0.0   4   4       6.3   5.9e+02   -2.4   0.0   384   407   420   443   418   452 0.78 -
augustus_predicted_4291 -            915 1112002at2759        -            550   1.9e-09   35.6   1.6   1   3    0.0052      0.48    7.8   0.1   284   361     8    97     4   140 0.73 -
augustus_predicted_4291 -            915 1112002at2759        -            550   1.9e-09   35.6   1.6   2   3   3.4e-05    0.0032   15.0   0.0   323   396   411   489   405   499 0.77 -
augustus_predicted_4291 -            915 1112002at2759        -            550   1.9e-09   35.6   1.6   3   3    0.0018      0.17    9.3   0.0   344   404   583   654   573   667 0.76 -
augustus_predicted_1146 -            629 1112002at2759        -            550   7.5e-09   33.6   0.0   1   1   2.6e-10   2.5e-08   31.9   0.0   262   406    73   243    63   248 0.76 -
augustus_predicted_3079 -           1158 1112002at2759        -            550   1.2e-08   32.9   0.5   1   4      0.06       5.6    4.3   0.0   313   361   747   795   733   806 0.61 -
augustus_predicted_3079 -           1158 1112002at2759        -            550   1.2e-08   32.9   0.5   2   4   0.00028     0.026   12.0   0.0   387   424   850   887   845   896 0.90 -
augustus_predicted_3079 -           1158 1112002at2759        -            550   1.2e-08   32.9   0.5   3   4       1.9   1.8e+02   -0.6   0.0    70    85   908   923   904   929 0.64 -
augustus_predicted_3079 -           1158 1112002at2759        -            550   1.2e-08   32.9   0.5   4   4   0.00042      0.04   11.4   0.0   343   400  1095  1157  1086  1158 0.85 -
augustus_predicted_7681 -            363 1112002at2759        -            550   1.2e-08   32.9   1.2   1   3   4.2e-08   3.9e-06   24.6   0.0   288   356    49   123    43   131 0.82 -
augustus_predicted_7681 -            363 1112002at2759        -            550   1.2e-08   32.9   1.2   2   3     0.017       1.6    6.1   0.0   294   324   145   175   131   180 0.84 -
augustus_predicted_7681 -            363 1112002at2759        -            550   1.2e-08   32.9   1.2   3   3       3.5   3.3e+02   -1.5   0.1   232   257   336   361   319   363 0.42 -
augustus_predicted_1456 -            364 1112002at2759        -            550   2.5e-08   31.9   0.8   1   2   2.6e-09   2.5e-07   28.6   1.2   283   403    32   159    23   169 0.88 -
augustus_predicted_1456 -            364 1112002at2759        -            550   2.5e-08   31.9   0.8   2   2       1.3   1.2e+02   -0.1   0.0   336   363   286   314   278   355 0.81 -
augustus_predicted_2475 -            596 1112002at2759        -            550   6.2e-08   30.6   3.4   1   3   0.00016     0.015   12.8   0.1   326   377   102   156    97   170 0.78 -
augustus_predicted_2475 -            596 1112002at2759        -            550   6.2e-08   30.6   3.4   2   3    0.0015      0.14    9.6   0.1    68    92   231   255   202   278 0.55 -
augustus_predicted_2475 -            596 1112002at2759        -            550   6.2e-08   30.6   3.4   3   3    0.0075       0.7    7.3   0.0   329   360   317   350   307   399 0.72 -
augustus_predicted_742  -            355 1112002at2759        -            550   6.6e-08   30.5   0.2   1   3   0.00057     0.053   11.0   0.1   380   406    66    92    26   129 0.52 -
augustus_predicted_742  -            355 1112002at2759        -            550   6.6e-08   30.5   0.2   2   3     0.018       1.7    6.0   0.0   289   324   144   180   138   184 0.73 -
augustus_predicted_742  -            355 1112002at2759        -            550   6.6e-08   30.5   0.2   3   3    0.0019      0.17    9.3   0.0   369   403   293   328   280   344 0.76 -
augustus_predicted_2706 -            357 1112002at2759        -            550   8.7e-08   30.1   0.0   1   3      0.46        43    1.4   0.0   336   400    18    91    15    96 0.65 -
augustus_predicted_2706 -            357 1112002at2759        -            550   8.7e-08   30.1   0.0   2   3   2.3e-05    0.0022   15.6   0.2   330   404    62   136    53   144 0.81 -
augustus_predicted_2706 -            357 1112002at2759        -            550   8.7e-08   30.1   0.0   3   3   0.00053      0.05   11.1   0.0   334   391   265   323   263   327 0.90 -
augustus_predicted_4679 -            379 1112002at2759        -            550   1.8e-07   29.1   2.9   1   3   1.1e-06    0.0001   19.9   0.2   328   400    10    87     6    93 0.90 -
augustus_predicted_4679 -            379 1112002at2759        -            550   1.8e-07   29.1   2.9   2   3      0.93        87    0.4   0.0    70    86   244   260   195   275 0.60 -
augustus_predicted_4679 -            379 1112002at2759        -            550   1.8e-07   29.1   2.9   3   3    0.0083      0.78    7.2   0.1   333   359   332   358   317   366 0.74 -
augustus_predicted_6173 -           1462 1112002at2759        -            550   3.2e-07   28.2   2.2   1   1   3.4e-08   3.2e-06   24.9   2.2   322   439   110   238    82   241 0.81 -
augustus_predicted_8796 -            525 1112002at2759        -            550   3.3e-07   28.2   0.0   1   5     0.012       1.1    6.7   0.0   313   359    49    96    46   103 0.82 -
augustus_predicted_8796 -            525 1112002at2759        -            550   3.3e-07   28.2   0.0   2   5    0.0034      0.32    8.4   0.0   365   401   126   163   122   171 0.83 -
augustus_predicted_8796 -            525 1112002at2759        -            550   3.3e-07   28.2   0.0   3   5       1.2   1.2e+02   -0.0   0.0    55    90   238   274   230   290 0.70 -
augustus_predicted_8796 -            525 1112002at2759        -            550   3.3e-07   28.2   0.0   4   5     0.024       2.2    5.6   0.0   333   387   373   431   361   436 0.71 -
augustus_predicted_8796 -            525 1112002at2759        -            550   3.3e-07   28.2   0.0   5   5       3.1   2.9e+02   -1.3   0.0   386   405   451   470   440   476 0.65 -
augustus_predicted_4325 -           1282 1112002at2759        -            550   3.6e-07   28.1   0.1   1   2      0.43        40    1.5   0.0    50    85   113   150   108   155 0.85 -
augustus_predicted_4325 -           1282 1112002at2759        -            550   3.6e-07   28.1   0.1   2   2   6.5e-08   6.1e-06   24.0   0.1   290   404   163   290   157   348 0.83 -
augustus_predicted_7569 -           1229 1112002at2759        -            550   3.7e-07   28.0   0.1   1   3   3.5e-05    0.0033   15.0   0.0   271   401    65   218    54   228 0.78 -
augustus_predicted_7569 -           1229 1112002at2759        -            550   3.7e-07   28.0   0.1   2   3   0.00018     0.017   12.6   0.1   341   408   199   268   191   275 0.72 -
augustus_predicted_7569 -           1229 1112002at2759        -            550   3.7e-07   28.0   0.1   3   3    0.0012      0.12    9.9   0.0   291   324   230   263   226   299 0.74 -
augustus_predicted_740  -            477 1112002at2759        -            550     8e-07   26.9   1.6   1   3   9.1e-08   8.6e-06   23.5   0.1   336   409    30   104    22   109 0.76 -
augustus_predicted_740  -            477 1112002at2759        -            550     8e-07   26.9   1.6   2   3       6.2   5.8e+02   -2.3   0.1    56    92   178   213   171   245 0.48 -
augustus_predicted_740  -            477 1112002at2759        -            550     8e-07   26.9   1.6   3   3      0.36        34    1.8   0.0   336   405   282   354   276   361 0.80 -
augustus_predicted_3793 -            938 1112002at2759        -            550     1e-06   26.6   0.2   1   3    0.0041      0.38    8.2   0.0    32    91   166   225   155   231 0.54 -
augustus_predicted_3793 -            938 1112002at2759        -            550     1e-06   26.6   0.2   2   3    0.0017      0.16    9.5   0.1   334   404   243   313   239   355 0.85 -
augustus_predicted_3793 -            938 1112002at2759        -            550     1e-06   26.6   0.2   3   3      0.05       4.7    4.6   0.0   324   363   546   585   537   589 0.87 -
augustus_predicted_204  -            793 1112002at2759        -            550   1.2e-06   26.3   0.0   1   2   0.00039     0.037   11.5   0.0   325   361   427   463   420   499 0.69 -
augustus_predicted_204  -            793 1112002at2759        -            550   1.2e-06   26.3   0.0   2   2   0.00018     0.017   12.6   0.0   321   399   698   792   662   793 0.75 -
augustus_predicted_3308 -            816 1112002at2759        -            550   2.6e-06   25.2   4.4   1   5      0.57        53    1.1   0.0   387   408   126   147   114   151 0.75 -
augustus_predicted_3308 -            816 1112002at2759        -            550   2.6e-06   25.2   4.4   2   5      0.15        14    3.0   0.0   333   381   265   320   246   340 0.65 -
augustus_predicted_3308 -            816 1112002at2759        -            550   2.6e-06   25.2   4.4   3   5       6.3   5.9e+02   -2.4   0.0   296   361   466   493   448   500 0.53 -
augustus_predicted_3308 -            816 1112002at2759        -            550   2.6e-06   25.2   4.4   4   5   0.00091     0.085   10.3   0.1   370   411   524   565   517   569 0.92 -
augustus_predicted_3308 -            816 1112002at2759        -            550   2.6e-06   25.2   4.4   5   5    0.0047      0.44    8.0   0.1   264   315   570   629   566   642 0.68 -
augustus_predicted_7641 -           1132 1112002at2759        -            550   5.2e-06   24.2   4.1   1   4   5.4e-05    0.0051   14.4   0.0   309   424   195   312   189   324 0.76 -
augustus_predicted_7641 -           1132 1112002at2759        -            550   5.2e-06   24.2   4.1   2   4       1.8   1.7e+02   -0.6   0.0   307   320   770   783   743   840 0.46 -
augustus_predicted_7641 -           1132 1112002at2759        -            550   5.2e-06   24.2   4.1   3   4       3.9   3.6e+02   -1.7   0.0    64    89   877   902   874   910 0.87 -
augustus_predicted_7641 -           1132 1112002at2759        -            550   5.2e-06   24.2   4.1   4   4     0.014       1.3    6.4   0.8   159   292   931  1079   921  1093 0.76 -
augustus_predicted_3437 -           1219 1112002at2759        -            550   8.4e-06   23.5   0.1   1   1   1.5e-07   1.4e-05   22.8   0.1   321   405   988  1078   958  1100 0.86 -
augustus_predicted_5570 -            573 1112002at2759        -            550     1e-05   23.2   0.2   1   3   7.8e-06   0.00073   17.1   0.1   296   362    89   161    50   166 0.80 -
augustus_predicted_5570 -            573 1112002at2759        -            550     1e-05   23.2   0.2   2   3      0.14        13    3.1   0.0   244   262   205   224   178   261 0.72 -
augustus_predicted_5570 -            573 1112002at2759        -            550     1e-05   23.2   0.2   3   3       6.2   5.8e+02   -2.3   0.0   384   412   308   336   301   347 0.68 -
augustus_predicted_3188 -            275 1112002at2759        -            550   7.9e-05   20.3   0.0   1   3    0.0085       0.8    7.1   0.0   323   358    11    47     7    94 0.64 -
augustus_predicted_3188 -            275 1112002at2759        -            550   7.9e-05   20.3   0.0   2   3   0.00061     0.057   10.9   0.0   293   362    95   166    78   183 0.83 -
augustus_predicted_3188 -            275 1112002at2759        -            550   7.9e-05   20.3   0.0   3   3       9.3   8.7e+02   -2.9   0.0   295   320   249   274   241   275 0.49 -
augustus_predicted_963  -           1599 1112002at2759        -            550   0.00025   18.7   0.0   1   2   3.9e-05    0.0037   14.8   0.0   356   432  1121  1210  1109  1239 0.55 -
augustus_predicted_963  -           1599 1112002at2759        -            550   0.00025   18.7   0.0   2   2      0.92        86    0.4   0.0   100   117  1472  1489  1467  1500 0.62 -
augustus_predicted_3296 -            859 1112002at2759        -            550   0.00044   17.9   0.9   1   3     0.044       4.1    4.8   0.1   266   289   291   315   288   320 0.52 -
augustus_predicted_3296 -            859 1112002at2759        -            550   0.00044   17.9   0.9   2   3   0.00067     0.063   10.8   0.3    36    86   302   360   299   366 0.49 -
augustus_predicted_3296 -            859 1112002at2759        -            550   0.00044   17.9   0.9   3   3      0.69        65    0.8   0.0   275   301   559   585   543   611 0.70 -
augustus_predicted_3848 -            525 1112002at2759        -            550   0.00049   17.7   0.1   1   2      0.35        33    1.8   0.0   323   362   241   281   239   289 0.81 -
augustus_predicted_3848 -            525 1112002at2759        -            550   0.00049   17.7   0.1   2   2   0.00012     0.011   13.3   0.1   304   364   353   420   335   428 0.60 -
augustus_predicted_1284 -           1867 1112002at2759        -            550   0.00088   16.9   1.5   1   3     0.044       4.1    4.8   0.1   262   295  1337  1372  1318  1382 0.68 -
augustus_predicted_1284 -           1867 1112002at2759        -            550   0.00088   16.9   1.5   2   3    0.0044      0.41    8.1   0.0   324   365  1378  1419  1369  1423 0.92 -
augustus_predicted_1284 -           1867 1112002at2759        -            550   0.00088   16.9   1.5   3   3      0.69        65    0.8   0.0   318   337  1483  1502  1460  1506 0.75 -
augustus_predicted_3892 -            595 1112002at2759        -            550    0.0018   15.9   0.1   1   2       9.2   8.7e+02   -2.9   0.0   353   395   297   339   265   347 0.69 -
augustus_predicted_3892 -            595 1112002at2759        -            550    0.0018   15.9   0.1   2   2   4.1e-05    0.0039   14.8   0.0   345   405   467   532   445   540 0.83 -
augustus_predicted_6468 -           1449 1112002at2759        -            550    0.0047   14.5   0.0   1   2    0.0026      0.24    8.8   0.0   348   405   279   340   274   362 0.88 -
augustus_predicted_6468 -           1449 1112002at2759        -            550    0.0047   14.5   0.0   2   2      0.16        15    2.9   0.0   370   400   539   569   524   587 0.88 -
augustus_predicted_1393 -            444 1112002at2759        -            550    0.0051   14.4   0.0   1   1   8.9e-05    0.0084   13.6   0.0   289   362   198   278   188   295 0.85 -
augustus_predicted_4317 -            535 1112002at2759        -            550      0.01   13.3   0.0   1   1   0.00019     0.018   12.6   0.0    39    92   254   313   240   319 0.77 -
augustus_predicted_5669 -            643 1112002at2759        -            550     0.015   12.9   0.8   1   2    0.0029      0.27    8.7   0.7   264   421   123   281   114   287 0.76 -
augustus_predicted_5669 -            643 1112002at2759        -            550     0.015   12.9   0.8   2   2      0.41        39    1.6   0.0   384   401   473   490   456   521 0.61 -
augustus_predicted_1835 -            472 1112002at2759        -            550     0.017   12.7   3.1   1   3     0.045       4.2    4.7   0.1   349   369   109   129    94   136 0.77 -
augustus_predicted_1835 -            472 1112002at2759        -            550     0.017   12.7   3.1   2   3     0.026       2.5    5.5   0.1   262   305   185   230   180   241 0.73 -
augustus_predicted_1835 -            472 1112002at2759        -            550     0.017   12.7   3.1   3   3      0.73        68    0.7   0.0   334   403   297   324   249   339 0.64 -
augustus_predicted_2249 -            830 1112002at2759        -            550     0.043   11.3   1.8   1   3    0.0075       0.7    7.3   0.0   288   321   460   493   454   507 0.89 -
augustus_predicted_2249 -            830 1112002at2759        -            550     0.043   11.3   1.8   2   3      0.29        27    2.1   0.0   313   388   578   656   558   660 0.74 -
augustus_predicted_2249 -            830 1112002at2759        -            550     0.043   11.3   1.8   3   3       6.8   6.4e+02   -2.5   0.1   334   361   769   795   763   801 0.65 -
#
# Program:         hmmsearch
# Version:         3.1b2 (February 2015)
# Pipeline mode:   SEARCH
# Query file:      ../../stats/eukaryota_odb10/hmms/1112002at2759.hmm
# Target file:     /home/centos/br/bin/Brownotate-1.2.0/runs/b283acc0-5629-444b-ad7a-7147f201d246/annotation/augustus_annotation.faa
# Option settings: hmmsearch --domtblout /home/centos/br/bin/Brownotate-1.2.0/runs/b283acc0-5629-444b-ad7a-7147f201d246/busco_annotation/run_eukaryota_odb10/hmmer_output/initial_run_results/1112002at2759.out --cpu 1 ../../stats/eukaryota_odb10/hmms/1112002at2759.hmm /home/centos/br/bin/Brownotate-1.2.0/runs/b283acc0-5629-444b-ad7a-7147f201d246/annotation/augustus_annotation.faa 
# Current dir:     /home/centos/br/bin/Brownotate-1.2.0/runs/b283acc0-5629-444b-ad7a-7147f201d246
# Date:            Sat Aug 24 02:31:57 2024
# [ok]
