#                                                                               --- full sequence --- -------------- this domain -------------   hmm coord   ali coord   env coord
# target name           accession   tlen query name           accession   qlen   E-value  score  bias   #  of  c-Evalue  i-Evalue  score  bias  from    to  from    to  from    to  acc description of target
#   ------------------- ---------- ----- -------------------- ---------- ----- --------- ------ ----- --- --- --------- --------- ------ ----- ----- ----- ----- ----- ----- ----- ---- ---------------------
augustus_predicted_2314 -            317 1182451at2759        -            154   1.3e-46  157.2  15.1   1   3   7.1e-13   1.6e-09   36.8   0.2     5    51    86   137    81   153 0.82 -
augustus_predicted_2314 -            317 1182451at2759        -            154   1.3e-46  157.2  15.1   2   3   9.4e-13   2.1e-09   36.4   0.7    50    89   155   194   146   203 0.91 -
augustus_predicted_2314 -            317 1182451at2759        -            154   1.3e-46  157.2  15.1   3   3   6.2e-30   1.4e-26   92.2   2.5    83   146   237   300   217   304 0.90 -
augustus_predicted_5913 -            273 1182451at2759        -            154   1.3e-16   59.8   1.3   1   2     0.012        26    3.6   0.6    27    95    68   136    42   144 0.75 -
augustus_predicted_5913 -            273 1182451at2759        -            154   1.3e-16   59.8   1.3   2   2   5.6e-20   1.3e-16   59.8   1.3    86   153   180   247   172   248 0.95 -
augustus_predicted_5484 -            344 1182451at2759        -            154   6.4e-11   41.3   7.2   1   3     0.021        48    2.8   0.1     9    52    79   122    73   140 0.79 -
augustus_predicted_5484 -            344 1182451at2759        -            154   6.4e-11   41.3   7.2   2   3      0.19   4.2e+02   -0.3   0.0    54    85   145   176   141   189 0.80 -
augustus_predicted_5484 -            344 1182451at2759        -            154   6.4e-11   41.3   7.2   3   3     9e-14     2e-10   39.7   1.8    84   146   251   313   235   318 0.88 -
augustus_predicted_6522 -            322 1182451at2759        -            154   2.8e-05   23.0  12.1   1   2    0.0034       7.5    5.4   3.8    19    86    84   159    68   184 0.71 -
augustus_predicted_6522 -            322 1182451at2759        -            154   2.8e-05   23.0  12.1   2   2   2.6e-08   5.9e-05   22.0   1.7    79   152   198   271   173   273 0.86 -
#
# Program:         hmmsearch
# Version:         3.1b2 (February 2015)
# Pipeline mode:   SEARCH
# Query file:      ../../stats/eukaryota_odb10/hmms/1182451at2759.hmm
# Target file:     /home/centos/br/bin/Brownotate-1.2.0/runs/b283acc0-5629-444b-ad7a-7147f201d246/annotation/augustus_annotation.faa
# Option settings: hmmsearch --domtblout /home/centos/br/bin/Brownotate-1.2.0/runs/b283acc0-5629-444b-ad7a-7147f201d246/busco_annotation/run_eukaryota_odb10/hmmer_output/initial_run_results/1182451at2759.out --cpu 1 ../../stats/eukaryota_odb10/hmms/1182451at2759.hmm /home/centos/br/bin/Brownotate-1.2.0/runs/b283acc0-5629-444b-ad7a-7147f201d246/annotation/augustus_annotation.faa 
# Current dir:     /home/centos/br/bin/Brownotate-1.2.0/runs/b283acc0-5629-444b-ad7a-7147f201d246
# Date:            Sat Aug 24 02:31:56 2024
# [ok]
