#                                                                               --- full sequence --- -------------- this domain -------------   hmm coord   ali coord   env coord
# target name           accession   tlen query name           accession   qlen   E-value  score  bias   #  of  c-Evalue  i-Evalue  score  bias  from    to  from    to  from    to  acc description of target
#   ------------------- ---------- ----- -------------------- ---------- ----- --------- ------ ----- --- --- --------- --------- ------ ----- ----- ----- ----- ----- ----- ----- ---- ---------------------
augustus_predicted_2193 -            484 1194691at2759        -            296  2.8e-103  344.1   4.7   1   3      0.26   7.9e+02   -2.0   0.0     5    20    40    55    35    59 0.77 -
augustus_predicted_2193 -            484 1194691at2759        -            296  2.8e-103  344.1   4.7   2   3   2.7e-61   8.2e-58  194.9   0.0     3   182    85   283    83   286 0.85 -
augustus_predicted_2193 -            484 1194691at2759        -            296  2.8e-103  344.1   4.7   3   3   1.6e-47   4.8e-44  149.7   0.9   191   295   359   477   343   478 0.82 -
augustus_predicted_1783 -            498 1194691at2759        -            296   3.4e-09   35.2   0.2   1   2   7.1e-07    0.0021   16.2   0.0    31   179   142   305   125   311 0.70 -
augustus_predicted_1783 -            498 1194691at2759        -            296   3.4e-09   35.2   0.2   2   2   5.6e-07    0.0017   16.6   0.2   186   276   335   437   329   447 0.76 -
augustus_predicted_5558 -            506 1194691at2759        -            296    0.0042   15.3   1.3   1   3      0.09   2.7e+02   -0.5   0.1    94   136   108   148    73   154 0.77 -
augustus_predicted_5558 -            506 1194691at2759        -            296    0.0042   15.3   1.3   2   3      0.95   2.9e+03   -3.9   0.0   126   161   250   288   247   294 0.62 -
augustus_predicted_5558 -            506 1194691at2759        -            296    0.0042   15.3   1.3   3   3   4.6e-06     0.014   13.6   0.1   205   258   355   408   348   429 0.89 -
#
# Program:         hmmsearch
# Version:         3.1b2 (February 2015)
# Pipeline mode:   SEARCH
# Query file:      ../../stats/eukaryota_odb10/hmms/1194691at2759.hmm
# Target file:     /home/centos/br/bin/Brownotate-1.2.0/runs/b283acc0-5629-444b-ad7a-7147f201d246/annotation/augustus_annotation.faa
# Option settings: hmmsearch --domtblout /home/centos/br/bin/Brownotate-1.2.0/runs/b283acc0-5629-444b-ad7a-7147f201d246/busco_annotation/run_eukaryota_odb10/hmmer_output/initial_run_results/1194691at2759.out --cpu 1 ../../stats/eukaryota_odb10/hmms/1194691at2759.hmm /home/centos/br/bin/Brownotate-1.2.0/runs/b283acc0-5629-444b-ad7a-7147f201d246/annotation/augustus_annotation.faa 
# Current dir:     /home/centos/br/bin/Brownotate-1.2.0/runs/b283acc0-5629-444b-ad7a-7147f201d246
# Date:            Sat Aug 24 02:31:55 2024
# [ok]
