#                                                                               --- full sequence --- -------------- this domain -------------   hmm coord   ali coord   env coord
# target name           accession   tlen query name           accession   qlen   E-value  score  bias   #  of  c-Evalue  i-Evalue  score  bias  from    to  from    to  from    to  acc description of target
#   ------------------- ---------- ----- -------------------- ---------- ----- --------- ------ ----- --- --- --------- --------- ------ ----- ----- ----- ----- ----- ----- ----- ---- ---------------------
augustus_predicted_5180 -            783 1200489at2759        -            121   5.8e-28   96.2   1.5   1   3     0.052   2.3e+02    0.6   0.0    49   102    94   151    76   166 0.69 -
augustus_predicted_5180 -            783 1200489at2759        -            121   5.8e-28   96.2   1.5   2   3    0.0013       5.8    5.8   0.1    20    40   624   644   610   655 0.81 -
augustus_predicted_5180 -            783 1200489at2759        -            121   5.8e-28   96.2   1.5   3   3   1.4e-28   6.2e-25   86.4   0.0    45   121   693   782   677   782 0.91 -
augustus_predicted_2414 -           1773 1200489at2759        -            121     0.006   15.5   5.1   1   4      0.34   1.5e+03   -2.0   0.0    65    83   552   570   503   581 0.68 -
augustus_predicted_2414 -           1773 1200489at2759        -            121     0.006   15.5   5.1   2   4   2.6e-05      0.12   11.3   0.0    24    83   900   964   884   971 0.79 -
augustus_predicted_2414 -           1773 1200489at2759        -            121     0.006   15.5   5.1   3   4      0.23   1.1e+03   -1.5   0.1    39    79  1204  1242  1179  1245 0.67 -
augustus_predicted_2414 -           1773 1200489at2759        -            121     0.006   15.5   5.1   4   4    0.0069        31    3.5   0.0    23    81  1275  1335  1268  1339 0.77 -
#
# Program:         hmmsearch
# Version:         3.1b2 (February 2015)
# Pipeline mode:   SEARCH
# Query file:      ../../stats/eukaryota_odb10/hmms/1200489at2759.hmm
# Target file:     /home/centos/br/bin/Brownotate-1.2.0/runs/b283acc0-5629-444b-ad7a-7147f201d246/annotation/augustus_annotation.faa
# Option settings: hmmsearch --domtblout /home/centos/br/bin/Brownotate-1.2.0/runs/b283acc0-5629-444b-ad7a-7147f201d246/busco_annotation/run_eukaryota_odb10/hmmer_output/initial_run_results/1200489at2759.out --cpu 1 ../../stats/eukaryota_odb10/hmms/1200489at2759.hmm /home/centos/br/bin/Brownotate-1.2.0/runs/b283acc0-5629-444b-ad7a-7147f201d246/annotation/augustus_annotation.faa 
# Current dir:     /home/centos/br/bin/Brownotate-1.2.0/runs/b283acc0-5629-444b-ad7a-7147f201d246
# Date:            Sat Aug 24 02:31:56 2024
# [ok]
