#                                                                               --- full sequence --- -------------- this domain -------------   hmm coord   ali coord   env coord
# target name           accession   tlen query name           accession   qlen   E-value  score  bias   #  of  c-Evalue  i-Evalue  score  bias  from    to  from    to  from    to  acc description of target
#   ------------------- ---------- ----- -------------------- ---------- ----- --------- ------ ----- --- --- --------- --------- ------ ----- ----- ----- ----- ----- ----- ----- ---- ---------------------
augustus_predicted_7677 -            515 1228942at2759        -            164   7.6e-58  193.9   0.1   1   1   6.3e-60   9.4e-57  190.4   0.1     1   164   291   484   291   484 0.86 -
augustus_predicted_2350 -            272 1228942at2759        -            164     1e-08   34.1   0.0   1   1     8e-11   1.2e-07   30.7   0.0     3   163    27   207    25   208 0.65 -
augustus_predicted_3828 -            225 1228942at2759        -            164   6.1e-08   31.6   0.1   1   2   9.9e-11   1.5e-07   30.4   0.2     4    62    22    81    19    93 0.88 -
augustus_predicted_3828 -            225 1228942at2759        -            164   6.1e-08   31.6   0.1   2   2       1.5   2.2e+03   -2.7   0.0   130   153   169   192   160   201 0.79 -
augustus_predicted_3655 -            296 1228942at2759        -            164    0.0021   16.9   0.0   1   3   6.3e-05     0.095   11.5   0.0     4    43    67   106    64   114 0.91 -
augustus_predicted_3655 -            296 1228942at2759        -            164    0.0021   16.9   0.0   2   3      0.46     7e+02   -1.1   0.0    48    71   126   150   118   158 0.79 -
augustus_predicted_3655 -            296 1228942at2759        -            164    0.0021   16.9   0.0   3   3     0.055        82    1.9   0.0   121   154   220   253   188   263 0.67 -
augustus_predicted_2035 -            255 1228942at2759        -            164     0.012   14.4   0.0   1   1   1.4e-05      0.02   13.7   0.0     6    74    32   101    27   106 0.83 -
augustus_predicted_5881 -            206 1228942at2759        -            164     0.015   14.1   0.0   1   1   2.4e-05     0.036   12.8   0.0     6   122    10   144     6   191 0.61 -
#
# Program:         hmmsearch
# Version:         3.1b2 (February 2015)
# Pipeline mode:   SEARCH
# Query file:      ../../stats/eukaryota_odb10/hmms/1228942at2759.hmm
# Target file:     /home/centos/br/bin/Brownotate-1.2.0/runs/b283acc0-5629-444b-ad7a-7147f201d246/annotation/augustus_annotation.faa
# Option settings: hmmsearch --domtblout /home/centos/br/bin/Brownotate-1.2.0/runs/b283acc0-5629-444b-ad7a-7147f201d246/busco_annotation/run_eukaryota_odb10/hmmer_output/initial_run_results/1228942at2759.out --cpu 1 ../../stats/eukaryota_odb10/hmms/1228942at2759.hmm /home/centos/br/bin/Brownotate-1.2.0/runs/b283acc0-5629-444b-ad7a-7147f201d246/annotation/augustus_annotation.faa 
# Current dir:     /home/centos/br/bin/Brownotate-1.2.0/runs/b283acc0-5629-444b-ad7a-7147f201d246
# Date:            Sat Aug 24 02:31:55 2024
# [ok]
