#                                                                               --- full sequence --- -------------- this domain -------------   hmm coord   ali coord   env coord
# target name           accession   tlen query name           accession   qlen   E-value  score  bias   #  of  c-Evalue  i-Evalue  score  bias  from    to  from    to  from    to  acc description of target
#   ------------------- ---------- ----- -------------------- ---------- ----- --------- ------ ----- --- --- --------- --------- ------ ----- ----- ----- ----- ----- ----- ----- ---- ---------------------
augustus_predicted_3938 -            236 1269244at2759        -            121   5.2e-22   77.1  28.4   1   4   4.3e-06     0.013   14.5   3.4     2    49     3    71     2    80 0.72 -
augustus_predicted_3938 -            236 1269244at2759        -            121   5.2e-22   77.1  28.4   2   4   1.7e-10     5e-07   28.7   0.2    46    76    92   122    69   130 0.90 -
augustus_predicted_3938 -            236 1269244at2759        -            121   5.2e-22   77.1  28.4   3   4   1.2e-11   3.7e-08   32.4   6.9    67   109   131   173   122   185 0.90 -
augustus_predicted_3938 -            236 1269244at2759        -            121   5.2e-22   77.1  28.4   4   4   0.00082       2.5    7.1   2.1   104   119   195   210   172   212 0.81 -
augustus_predicted_2506 -           1592 1269244at2759        -            121   0.00018   20.5   0.4   1   2   0.00087       2.6    7.0   0.1     1    21    41    61    41    92 0.85 -
augustus_predicted_2506 -           1592 1269244at2759        -            121   0.00018   20.5   0.4   2   2   5.8e-05      0.17   10.8   0.0    48    83   127   162   121   166 0.90 -
augustus_predicted_5195 -            340 1269244at2759        -            121    0.0061   15.5   2.0   1   3         3     9e+03   -4.5   1.4    71    77    57    63    45    74 0.47 -
augustus_predicted_5195 -            340 1269244at2759        -            121    0.0061   15.5   2.0   2   3     2e-06    0.0061   15.5   2.0    80   119   237   287   227   289 0.66 -
augustus_predicted_5195 -            340 1269244at2759        -            121    0.0061   15.5   2.0   3   3      0.27   8.2e+02   -1.0   0.3    71    89   315   333   306   335 0.79 -
#
# Program:         hmmsearch
# Version:         3.1b2 (February 2015)
# Pipeline mode:   SEARCH
# Query file:      ../../stats/eukaryota_odb10/hmms/1269244at2759.hmm
# Target file:     /home/centos/br/bin/Brownotate-1.2.0/runs/b283acc0-5629-444b-ad7a-7147f201d246/annotation/augustus_annotation.faa
# Option settings: hmmsearch --domtblout /home/centos/br/bin/Brownotate-1.2.0/runs/b283acc0-5629-444b-ad7a-7147f201d246/busco_annotation/run_eukaryota_odb10/hmmer_output/initial_run_results/1269244at2759.out --cpu 1 ../../stats/eukaryota_odb10/hmms/1269244at2759.hmm /home/centos/br/bin/Brownotate-1.2.0/runs/b283acc0-5629-444b-ad7a-7147f201d246/annotation/augustus_annotation.faa 
# Current dir:     /home/centos/br/bin/Brownotate-1.2.0/runs/b283acc0-5629-444b-ad7a-7147f201d246
# Date:            Sat Aug 24 02:31:56 2024
# [ok]
