#                                                                               --- full sequence --- -------------- this domain -------------   hmm coord   ali coord   env coord
# target name           accession   tlen query name           accession   qlen   E-value  score  bias   #  of  c-Evalue  i-Evalue  score  bias  from    to  from    to  from    to  acc description of target
#   ------------------- ---------- ----- -------------------- ---------- ----- --------- ------ ----- --- --- --------- --------- ------ ----- ----- ----- ----- ----- ----- ----- ---- ---------------------
augustus_predicted_206  -            189 1287094at2759        -            136   6.4e-41  138.6  12.1   1   2   4.2e-44   6.4e-41  138.6  12.1    12   127     1   124     1   136 0.93 -
augustus_predicted_206  -            189 1287094at2759        -            136   6.4e-41  138.6  12.1   2   2       3.6   5.3e+03   -3.6   0.3    13    45   170   176   165   184 0.44 -
augustus_predicted_3360 -            240 1287094at2759        -            136   1.7e-18   66.0  16.1   1   1     2e-21     3e-18   65.2  16.1     7   123    19   141    14   146 0.92 -
augustus_predicted_8280 -            473 1287094at2759        -            136   2.3e-10   39.7   4.5   1   3       1.5   2.2e+03   -2.3   0.0    27    56   180   209   176   223 0.77 -
augustus_predicted_8280 -            473 1287094at2759        -            136   2.3e-10   39.7   4.5   2   3   1.5e-13   2.3e-10   39.7   4.5     1   128   258   393   258   396 0.82 -
augustus_predicted_8280 -            473 1287094at2759        -            136   2.3e-10   39.7   4.5   3   3      0.21   3.2e+02    0.4   0.3    51    99   415   467   407   471 0.63 -
augustus_predicted_7821 -            216 1287094at2759        -            136     1e-05   24.6   5.7   1   1     1e-08   1.6e-05   24.0   5.7    16   127    38   149    17   157 0.84 -
augustus_predicted_2053 -            279 1287094at2759        -            136    0.0053   15.9   1.2   1   1   5.7e-06    0.0086   15.2   1.2    36   104    97   165    90   182 0.90 -
augustus_predicted_6201 -            891 1287094at2759        -            136     0.034   13.2   0.2   1   1   5.2e-05     0.078   12.1   0.2    35    71    53    91    45    95 0.83 -
#
# Program:         hmmsearch
# Version:         3.1b2 (February 2015)
# Pipeline mode:   SEARCH
# Query file:      ../../stats/eukaryota_odb10/hmms/1287094at2759.hmm
# Target file:     /home/centos/br/bin/Brownotate-1.2.0/runs/b283acc0-5629-444b-ad7a-7147f201d246/annotation/augustus_annotation.faa
# Option settings: hmmsearch --domtblout /home/centos/br/bin/Brownotate-1.2.0/runs/b283acc0-5629-444b-ad7a-7147f201d246/busco_annotation/run_eukaryota_odb10/hmmer_output/initial_run_results/1287094at2759.out --cpu 1 ../../stats/eukaryota_odb10/hmms/1287094at2759.hmm /home/centos/br/bin/Brownotate-1.2.0/runs/b283acc0-5629-444b-ad7a-7147f201d246/annotation/augustus_annotation.faa 
# Current dir:     /home/centos/br/bin/Brownotate-1.2.0/runs/b283acc0-5629-444b-ad7a-7147f201d246
# Date:            Sat Aug 24 02:31:56 2024
# [ok]
