#                                                                              --- full sequence --- -------------- this domain -------------   hmm coord   ali coord   env coord
# target name          accession   tlen query name           accession   qlen   E-value  score  bias   #  of  c-Evalue  i-Evalue  score  bias  from    to  from    to  from    to  acc description of target
#  ------------------- ---------- ----- -------------------- ---------- ----- --------- ------ ----- --- --- --------- --------- ------ ----- ----- ----- ----- ----- ----- ----- ---- ---------------------
augustus_predicted_680 -            850 1309031at2759        -            391   1.3e-76  257.1  16.3   1   8   1.3e-20   1.2e-16   59.7   0.0     9    92    23   138    17   146 0.80 -
augustus_predicted_680 -            850 1309031at2759        -            391   1.3e-76  257.1  16.3   2   8      0.02   1.8e+02   -0.2   1.3    98   125   225   252   216   259 0.64 -
augustus_predicted_680 -            850 1309031at2759        -            391   1.3e-76  257.1  16.3   3   8   1.4e-14   1.2e-10   39.9   0.0   121   161   316   356   304   366 0.89 -
augustus_predicted_680 -            850 1309031at2759        -            391   1.3e-76  257.1  16.3   4   8   1.4e-36   1.3e-32  112.3   0.2   169   253   422   509   414   512 0.92 -
augustus_predicted_680 -            850 1309031at2759        -            391   1.3e-76  257.1  16.3   5   8     0.019   1.7e+02   -0.1   0.0   251   269   535   553   530   554 0.89 -
augustus_predicted_680 -            850 1309031at2759        -            391   1.3e-76  257.1  16.3   6   8   5.7e-05      0.51    8.2   0.0   296   320   650   674   612   681 0.82 -
augustus_predicted_680 -            850 1309031at2759        -            391   1.3e-76  257.1  16.3   7   8    0.0061        55    1.5   0.0   318   345   689   717   684   733 0.85 -
augustus_predicted_680 -            850 1309031at2759        -            391   1.3e-76  257.1  16.3   8   8   1.2e-12   1.1e-08   33.5   0.0   346   389   801   845   795   847 0.94 -
#
# Program:         hmmsearch
# Version:         3.1b2 (February 2015)
# Pipeline mode:   SEARCH
# Query file:      ../../stats/eukaryota_odb10/hmms/1309031at2759.hmm
# Target file:     /home/centos/br/bin/Brownotate-1.2.0/runs/b283acc0-5629-444b-ad7a-7147f201d246/annotation/augustus_annotation.faa
# Option settings: hmmsearch --domtblout /home/centos/br/bin/Brownotate-1.2.0/runs/b283acc0-5629-444b-ad7a-7147f201d246/busco_annotation/run_eukaryota_odb10/hmmer_output/initial_run_results/1309031at2759.out --cpu 1 ../../stats/eukaryota_odb10/hmms/1309031at2759.hmm /home/centos/br/bin/Brownotate-1.2.0/runs/b283acc0-5629-444b-ad7a-7147f201d246/annotation/augustus_annotation.faa 
# Current dir:     /home/centos/br/bin/Brownotate-1.2.0/runs/b283acc0-5629-444b-ad7a-7147f201d246
# Date:            Sat Aug 24 02:31:57 2024
# [ok]
