#                                                                               --- full sequence --- -------------- this domain -------------   hmm coord   ali coord   env coord
# target name           accession   tlen query name           accession   qlen   E-value  score  bias   #  of  c-Evalue  i-Evalue  score  bias  from    to  from    to  from    to  acc description of target
#   ------------------- ---------- ----- -------------------- ---------- ----- --------- ------ ----- --- --- --------- --------- ------ ----- ----- ----- ----- ----- ----- ----- ---- ---------------------
augustus_predicted_1787 -           1299 142542at2759         -            706  8.5e-176  585.2  16.9   1   5   5.5e-06     0.012   12.8   0.0     2    40    17    63    16    78 0.74 -
augustus_predicted_1787 -           1299 142542at2759         -            706  8.5e-176  585.2  16.9   2   5   6.6e-12   1.5e-08   32.4   0.0    49   108   156   231   150   237 0.83 -
augustus_predicted_1787 -           1299 142542at2759         -            706  8.5e-176  585.2  16.9   3   5   2.1e-79   4.7e-76  255.5   0.1   105   372   266   596   264   598 0.85 -
augustus_predicted_1787 -           1299 142542at2759         -            706  8.5e-176  585.2  16.9   4   5   2.2e-18   5.1e-15   53.7   0.1   368   419   626   680   619   689 0.88 -
augustus_predicted_1787 -           1299 142542at2759         -            706  8.5e-176  585.2  16.9   5   5   1.2e-67   2.7e-64  216.6   6.3   418   668   721  1029   707  1047 0.80 -
augustus_predicted_3320 -            881 142542at2759         -            706   3.4e-18   64.2   0.0   1   2   5.2e-17   1.2e-13   49.2   0.0    85   260   150   354   121   363 0.77 -
augustus_predicted_3320 -            881 142542at2759         -            706   3.4e-18   64.2   0.0   2   2   6.5e-06     0.015   12.5   0.0   292   372   410   491   393   495 0.82 -
augustus_predicted_1925 -           1709 142542at2759         -            706   1.1e-12   46.0   0.1   1   2   1.1e-15   2.5e-12   44.9   0.2    83   259   149   348   131   362 0.78 -
augustus_predicted_1925 -           1709 142542at2759         -            706   1.1e-12   46.0   0.1   2   2       0.6   1.3e+03   -3.9   0.0   293   357   407   471   393   473 0.73 -
augustus_predicted_4753 -            647 142542at2759         -            706   1.3e-06   26.0   0.0   1   1     1e-09   2.2e-06   25.2   0.0    84   269   173   370   127   378 0.76 -
#
# Program:         hmmsearch
# Version:         3.1b2 (February 2015)
# Pipeline mode:   SEARCH
# Query file:      ../../stats/eukaryota_odb10/hmms/142542at2759.hmm
# Target file:     /home/centos/br/bin/Brownotate-1.2.0/runs/b283acc0-5629-444b-ad7a-7147f201d246/annotation/augustus_annotation.faa
# Option settings: hmmsearch --domtblout /home/centos/br/bin/Brownotate-1.2.0/runs/b283acc0-5629-444b-ad7a-7147f201d246/busco_annotation/run_eukaryota_odb10/hmmer_output/initial_run_results/142542at2759.out --cpu 1 ../../stats/eukaryota_odb10/hmms/142542at2759.hmm /home/centos/br/bin/Brownotate-1.2.0/runs/b283acc0-5629-444b-ad7a-7147f201d246/annotation/augustus_annotation.faa 
# Current dir:     /home/centos/br/bin/Brownotate-1.2.0/runs/b283acc0-5629-444b-ad7a-7147f201d246
# Date:            Sat Aug 24 02:31:57 2024
# [ok]
