#                                                                               --- full sequence --- -------------- this domain -------------   hmm coord   ali coord   env coord
# target name           accession   tlen query name           accession   qlen   E-value  score  bias   #  of  c-Evalue  i-Evalue  score  bias  from    to  from    to  from    to  acc description of target
#   ------------------- ---------- ----- -------------------- ---------- ----- --------- ------ ----- --- --- --------- --------- ------ ----- ----- ----- ----- ----- ----- ----- ---- ---------------------
augustus_predicted_779  -            136 1545004at2759        -             78   3.5e-09   35.4   0.1   1   1     4e-12   4.5e-09   35.1   0.1     2    70    54   125    53   132 0.82 -
augustus_predicted_1788 -             78 1545004at2759        -             78   2.2e-08   32.9   0.1   1   1   2.2e-11   2.5e-08   32.6   0.1     3    63    10    69     8    77 0.82 -
augustus_predicted_5853 -            212 1545004at2759        -             78   3.7e-08   32.1   0.2   1   1     1e-09   1.2e-06   27.3   0.2     7    63    16    86     9    90 0.72 -
augustus_predicted_5012 -             94 1545004at2759        -             78   1.6e-07   30.1   0.0   1   1   1.7e-10   1.9e-07   29.8   0.0    18    66    42    93    34    94 0.81 -
augustus_predicted_3795 -            113 1545004at2759        -             78     1e-05   24.3   0.0   1   2   3.8e-08   4.2e-05   22.3   0.0     9    41    19    51    10    63 0.84 -
augustus_predicted_3795 -            113 1545004at2759        -             78     1e-05   24.3   0.0   2   2      0.42   4.8e+02   -0.3   0.0    48    63    82    97    74   109 0.77 -
augustus_predicted_8774 -            255 1545004at2759        -             78    0.0023   16.7   0.0   1   1   3.5e-06     0.004   16.0   0.0    19    65   199   243   185   250 0.87 -
augustus_predicted_2079 -            114 1545004at2759        -             78     0.008   15.0   0.1   1   1   2.3e-05     0.025   13.4   0.1     7    39    47    79    42   113 0.83 -
augustus_predicted_4370 -            765 1545004at2759        -             78      0.02   13.8   0.0   1   1   3.6e-05     0.041   12.7   0.0    13    61    20    67    13    81 0.81 -
#
# Program:         hmmsearch
# Version:         3.1b2 (February 2015)
# Pipeline mode:   SEARCH
# Query file:      ../../stats/eukaryota_odb10/hmms/1545004at2759.hmm
# Target file:     /home/centos/br/bin/Brownotate-1.2.0/runs/b283acc0-5629-444b-ad7a-7147f201d246/annotation/augustus_annotation.faa
# Option settings: hmmsearch --domtblout /home/centos/br/bin/Brownotate-1.2.0/runs/b283acc0-5629-444b-ad7a-7147f201d246/busco_annotation/run_eukaryota_odb10/hmmer_output/initial_run_results/1545004at2759.out --cpu 1 ../../stats/eukaryota_odb10/hmms/1545004at2759.hmm /home/centos/br/bin/Brownotate-1.2.0/runs/b283acc0-5629-444b-ad7a-7147f201d246/annotation/augustus_annotation.faa 
# Current dir:     /home/centos/br/bin/Brownotate-1.2.0/runs/b283acc0-5629-444b-ad7a-7147f201d246
# Date:            Sat Aug 24 02:31:58 2024
# [ok]
