#                                                                               --- full sequence --- -------------- this domain -------------   hmm coord   ali coord   env coord
# target name           accession   tlen query name           accession   qlen   E-value  score  bias   #  of  c-Evalue  i-Evalue  score  bias  from    to  from    to  from    to  acc description of target
#   ------------------- ---------- ----- -------------------- ---------- ----- --------- ------ ----- --- --- --------- --------- ------ ----- ----- ----- ----- ----- ----- ----- ---- ---------------------
augustus_predicted_6483 -           1043 176625at2759         -            497   2.5e-94  315.5  17.4   1   9   2.9e-20   2.7e-16   58.1   0.1     1    60    84   152    84   159 0.89 -
augustus_predicted_6483 -           1043 176625at2759         -            497   2.5e-94  315.5  17.4   2   9   4.1e-09   3.7e-05   21.4   0.0    91   137   243   298   191   300 0.69 -
augustus_predicted_6483 -           1043 176625at2759         -            497   2.5e-94  315.5  17.4   3   9   0.00023       2.1    5.7   0.0   134   168   363   400   354   409 0.82 -
augustus_predicted_6483 -           1043 176625at2759         -            497   2.5e-94  315.5  17.4   4   9     0.058   5.2e+02   -2.2   0.0   173   189   428   444   426   447 0.90 -
augustus_predicted_6483 -           1043 176625at2759         -            497   2.5e-94  315.5  17.4   5   9   2.5e-23   2.2e-19   68.3   0.1   189   251   468   543   457   549 0.84 -
augustus_predicted_6483 -           1043 176625at2759         -            497   2.5e-94  315.5  17.4   6   9   3.3e-22     3e-18   64.6   0.0   248   335   573   665   567   685 0.86 -
augustus_predicted_6483 -           1043 176625at2759         -            497   2.5e-94  315.5  17.4   7   9   3.8e-06     0.034   11.6   0.1   331   357   689   715   678   736 0.81 -
augustus_predicted_6483 -           1043 176625at2759         -            497   2.5e-94  315.5  17.4   8   9   1.9e-27   1.7e-23   81.9   0.7   348   435   734   830   722   859 0.87 -
augustus_predicted_6483 -           1043 176625at2759         -            497   2.5e-94  315.5  17.4   9   9   6.8e-05      0.61    7.5   0.0   446   485   879   927   870   934 0.75 -
#
# Program:         hmmsearch
# Version:         3.1b2 (February 2015)
# Pipeline mode:   SEARCH
# Query file:      ../../stats/eukaryota_odb10/hmms/176625at2759.hmm
# Target file:     /home/centos/br/bin/Brownotate-1.2.0/runs/b283acc0-5629-444b-ad7a-7147f201d246/annotation/augustus_annotation.faa
# Option settings: hmmsearch --domtblout /home/centos/br/bin/Brownotate-1.2.0/runs/b283acc0-5629-444b-ad7a-7147f201d246/busco_annotation/run_eukaryota_odb10/hmmer_output/initial_run_results/176625at2759.out --cpu 1 ../../stats/eukaryota_odb10/hmms/176625at2759.hmm /home/centos/br/bin/Brownotate-1.2.0/runs/b283acc0-5629-444b-ad7a-7147f201d246/annotation/augustus_annotation.faa 
# Current dir:     /home/centos/br/bin/Brownotate-1.2.0/runs/b283acc0-5629-444b-ad7a-7147f201d246
# Date:            Sat Aug 24 02:31:58 2024
# [ok]
