#                                                                               --- full sequence --- -------------- this domain -------------   hmm coord   ali coord   env coord
# target name           accession   tlen query name           accession   qlen   E-value  score  bias   #  of  c-Evalue  i-Evalue  score  bias  from    to  from    to  from    to  acc description of target
#   ------------------- ---------- ----- -------------------- ---------- ----- --------- ------ ----- --- --- --------- --------- ------ ----- ----- ----- ----- ----- ----- ----- ---- ---------------------
augustus_predicted_8529 -            965 270107at2759         -            604  4.7e-174  579.2  55.7   1   8   7.8e-09   2.3e-05   22.0   0.0    30    53    12    35     8    38 0.91 -
augustus_predicted_8529 -            965 270107at2759         -            604  4.7e-174  579.2  55.7   2   8  3.6e-106  1.1e-102  343.5   0.3    49   252    50   277    45   281 0.90 -
augustus_predicted_8529 -            965 270107at2759         -            604  4.7e-174  579.2  55.7   3   8     1e-15   3.1e-12   44.7   0.0   250   304   300   363   297   393 0.84 -
augustus_predicted_8529 -            965 270107at2759         -            604  4.7e-174  579.2  55.7   4   8   4.2e-09   1.3e-05   22.9   0.9   314   360   404   455   394   462 0.83 -
augustus_predicted_8529 -            965 270107at2759         -            604  4.7e-174  579.2  55.7   5   8   5.7e-07    0.0017   15.9   0.9   342   387   466   511   459   526 0.83 -
augustus_predicted_8529 -            965 270107at2759         -            604  4.7e-174  579.2  55.7   6   8   0.00034         1    6.7   1.0   376   414   538   576   517   610 0.74 -
augustus_predicted_8529 -            965 270107at2759         -            604  4.7e-174  579.2  55.7   7   8   3.2e-09   9.7e-06   23.3   1.0   446   481   705   740   651   754 0.86 -
augustus_predicted_8529 -            965 270107at2759         -            604  4.7e-174  579.2  55.7   8   8   5.7e-40   1.7e-36  124.9  14.3   483   603   789   925   783   926 0.87 -
augustus_predicted_4865 -           1067 270107at2759         -            604   1.4e-12   45.8   2.3   1   2     1e-15   3.1e-12   44.8   0.2   139   278   266   416   234   423 0.80 -
augustus_predicted_4865 -           1067 270107at2759         -            604   1.4e-12   45.8   2.3   2   2      0.11   3.4e+02   -1.6   0.2   500   548   911   960   884   967 0.72 -
augustus_predicted_4775 -            220 270107at2759         -            604   5.9e-10   37.2   0.1   1   1   3.8e-13   1.1e-09   36.3   0.1   202   279   106   199    78   208 0.76 -
#
# Program:         hmmsearch
# Version:         3.1b2 (February 2015)
# Pipeline mode:   SEARCH
# Query file:      ../../stats/eukaryota_odb10/hmms/270107at2759.hmm
# Target file:     /home/centos/br/bin/Brownotate-1.2.0/runs/b283acc0-5629-444b-ad7a-7147f201d246/annotation/augustus_annotation.faa
# Option settings: hmmsearch --domtblout /home/centos/br/bin/Brownotate-1.2.0/runs/b283acc0-5629-444b-ad7a-7147f201d246/busco_annotation/run_eukaryota_odb10/hmmer_output/initial_run_results/270107at2759.out --cpu 1 ../../stats/eukaryota_odb10/hmms/270107at2759.hmm /home/centos/br/bin/Brownotate-1.2.0/runs/b283acc0-5629-444b-ad7a-7147f201d246/annotation/augustus_annotation.faa 
# Current dir:     /home/centos/br/bin/Brownotate-1.2.0/runs/b283acc0-5629-444b-ad7a-7147f201d246
# Date:            Sat Aug 24 02:32:01 2024
# [ok]
