#                                                                               --- full sequence --- -------------- this domain -------------   hmm coord   ali coord   env coord
# target name           accession   tlen query name           accession   qlen   E-value  score  bias   #  of  c-Evalue  i-Evalue  score  bias  from    to  from    to  from    to  acc description of target
#   ------------------- ---------- ----- -------------------- ---------- ----- --------- ------ ----- --- --- --------- --------- ------ ----- ----- ----- ----- ----- ----- ----- ---- ---------------------
augustus_predicted_1121 -           1077 271586at2759         -            460   8.6e-70  234.9  10.2   1   5   1.4e-27   2.5e-24   85.0   0.0     1   171   141   349   141   362 0.76 -
augustus_predicted_1121 -           1077 271586at2759         -            460   8.6e-70  234.9  10.2   2   5   1.2e-12   2.2e-09   35.7   0.3   196   277   458   553   455   558 0.82 -
augustus_predicted_1121 -           1077 271586at2759         -            460   8.6e-70  234.9  10.2   3   5     0.022        40    1.9   0.0   276   297   703   724   683   744 0.88 -
augustus_predicted_1121 -           1077 271586at2759         -            460   8.6e-70  234.9  10.2   4   5   2.4e-35   4.4e-32  110.6   2.0   340   443   866   986   863   993 0.87 -
augustus_predicted_1121 -           1077 271586at2759         -            460   8.6e-70  234.9  10.2   5   5     0.079   1.4e+02    0.1   0.0   436   456  1045  1065  1041  1068 0.90 -
augustus_predicted_4383 -           1191 271586at2759         -            460   1.3e-05   23.3   3.9   1   5    0.0068        12    3.6   0.1   219   252    46    82    40   110 0.72 -
augustus_predicted_4383 -           1191 271586at2759         -            460   1.3e-05   23.3   3.9   2   5      0.22     4e+02   -1.4   0.0    26    53    97   124    89   127 0.87 -
augustus_predicted_4383 -           1191 271586at2759         -            460   1.3e-05   23.3   3.9   3   5     0.013        24    2.6   0.5    26    84   186   250   174   278 0.58 -
augustus_predicted_4383 -           1191 271586at2759         -            460   1.3e-05   23.3   3.9   4   5   0.00038      0.68    7.7   0.5    29   106   227   309   223   309 0.82 -
augustus_predicted_4383 -           1191 271586at2759         -            460   1.3e-05   23.3   3.9   5   5   3.7e-06    0.0067   14.3   0.0    22    77   288   345   283   349 0.85 -
augustus_predicted_8850 -            632 271586at2759         -            460     0.002   16.1   6.2   1   3      0.23   4.1e+02   -1.5   0.1    20    45   148   173   133   229 0.68 -
augustus_predicted_8850 -            632 271586at2759         -            460     0.002   16.1   6.2   2   3   0.00012      0.21    9.4   0.1    17   108   349   445   342   510 0.83 -
augustus_predicted_8850 -            632 271586at2759         -            460     0.002   16.1   6.2   3   3   0.00016      0.29    8.9   0.3     9    78   517   588   509   611 0.82 -
augustus_predicted_6802 -            689 271586at2759         -            460    0.0026   15.7   0.4   1   2    0.0038       6.9    4.4   0.0    20    58   276   314   260   324 0.85 -
augustus_predicted_6802 -            689 271586at2759         -            460    0.0026   15.7   0.4   2   2   0.00015      0.26    9.1   0.1   112   161   548   597   544   647 0.84 -
augustus_predicted_6404 -            575 271586at2759         -            460    0.0035   15.3  12.7   1   5   4.5e-05     0.081   10.8   2.1    16   111     5   105     2   123 0.76 -
augustus_predicted_6404 -            575 271586at2759         -            460    0.0035   15.3  12.7   2   5       0.2   3.6e+02   -1.3   0.0   345   366   260   281   259   295 0.78 -
augustus_predicted_6404 -            575 271586at2759         -            460    0.0035   15.3  12.7   3   5    0.0037       6.7    4.4   0.0     7    61   280   334   274   338 0.86 -
augustus_predicted_6404 -            575 271586at2759         -            460    0.0035   15.3  12.7   4   5      0.02        36    2.0   0.1   233   270   340   377   335   388 0.85 -
augustus_predicted_6404 -            575 271586at2759         -            460    0.0035   15.3  12.7   5   5     0.017        31    2.3   0.1    29    51   437   459   413   508 0.83 -
#
# Program:         hmmsearch
# Version:         3.1b2 (February 2015)
# Pipeline mode:   SEARCH
# Query file:      ../../stats/eukaryota_odb10/hmms/271586at2759.hmm
# Target file:     /home/centos/br/bin/Brownotate-1.2.0/runs/b283acc0-5629-444b-ad7a-7147f201d246/annotation/augustus_annotation.faa
# Option settings: hmmsearch --domtblout /home/centos/br/bin/Brownotate-1.2.0/runs/b283acc0-5629-444b-ad7a-7147f201d246/busco_annotation/run_eukaryota_odb10/hmmer_output/initial_run_results/271586at2759.out --cpu 1 ../../stats/eukaryota_odb10/hmms/271586at2759.hmm /home/centos/br/bin/Brownotate-1.2.0/runs/b283acc0-5629-444b-ad7a-7147f201d246/annotation/augustus_annotation.faa 
# Current dir:     /home/centos/br/bin/Brownotate-1.2.0/runs/b283acc0-5629-444b-ad7a-7147f201d246
# Date:            Sat Aug 24 02:32:01 2024
# [ok]
