#                                                                               --- full sequence --- -------------- this domain -------------   hmm coord   ali coord   env coord
# target name           accession   tlen query name           accession   qlen   E-value  score  bias   #  of  c-Evalue  i-Evalue  score  bias  from    to  from    to  from    to  acc description of target
#   ------------------- ---------- ----- -------------------- ---------- ----- --------- ------ ----- --- --- --------- --------- ------ ----- ----- ----- ----- ----- ----- ----- ---- ---------------------
augustus_predicted_3190 -            885 290630at2759         -            562  1.2e-191  636.9  10.1   1   5      0.27        24    2.1   0.0   141   217    20    99    13   118 0.76 -
augustus_predicted_3190 -            885 290630at2759         -            562  1.2e-191  636.9  10.1   2   5       1.2     1e+02    0.0   0.0   446   464   123   141   118   150 0.81 -
augustus_predicted_3190 -            885 290630at2759         -            562  1.2e-191  636.9  10.1   3   5     1e-08   8.6e-07   26.6   0.0   153   225   173   247   164   258 0.89 -
augustus_predicted_3190 -            885 290630at2759         -            562  1.2e-191  636.9  10.1   4   5  1.5e-123  1.3e-121  405.7   1.3    72   292   278   500   268   503 0.97 -
augustus_predicted_3190 -            885 290630at2759         -            562  1.2e-191  636.9  10.1   5   5   1.3e-59   1.1e-57  194.6   2.5   323   539   498   785   497   810 0.78 -
augustus_predicted_7444 -           1334 290630at2759         -            562   7.3e-97  324.0   8.3   1   4   6.1e-15   5.3e-13   47.2   0.1   143   226   709   790   704   793 0.92 -
augustus_predicted_7444 -           1334 290630at2759         -            562   7.3e-97  324.0   8.3   2   4   2.9e-40   2.5e-38  130.8   1.4   153   346   759   960   757   962 0.94 -
augustus_predicted_7444 -           1334 290630at2759         -            562   7.3e-97  324.0   8.3   3   4   4.1e-31   3.5e-29  100.6   0.9   143   317   957  1136   956  1138 0.95 -
augustus_predicted_7444 -           1334 290630at2759         -            562   7.3e-97  324.0   8.3   4   4   3.1e-22   2.7e-20   71.2   0.0   153   286  1137  1268  1131  1272 0.96 -
augustus_predicted_2291 -           1161 290630at2759         -            562   2.4e-59  200.2  18.9   1   4   6.5e-11   5.7e-09   33.9   0.1   153   227   467   550   461   552 0.87 -
augustus_predicted_2291 -           1161 290630at2759         -            562   2.4e-59  200.2  18.9   2   4   2.1e-16   1.8e-14   52.0   2.0    69   236   518   703   515   709 0.82 -
augustus_predicted_2291 -           1161 290630at2759         -            562   2.4e-59  200.2  18.9   3   4   6.5e-12   5.6e-10   37.2   0.0   161   227   710   775   707   777 0.94 -
augustus_predicted_2291 -           1161 290630at2759         -            562   2.4e-59  200.2  18.9   4   4   4.5e-27   3.9e-25   87.2   4.4   153   402   784  1023   780  1024 0.87 -
augustus_predicted_5240 -           1581 290630at2759         -            562   1.9e-52  177.4  21.7   1   5   3.8e-11   3.3e-09   34.6   0.9   173   227   226   280   220   284 0.94 -
augustus_predicted_5240 -           1581 290630at2759         -            562   1.9e-52  177.4  21.7   2   5     2e-16   1.7e-14   52.0   0.5   153   226   290   363   284   367 0.97 -
augustus_predicted_5240 -           1581 290630at2759         -            562   1.9e-52  177.4  21.7   3   5   1.1e-14   9.5e-13   46.3   0.6   153   227   374   448   367   451 0.97 -
augustus_predicted_5240 -           1581 290630at2759         -            562   1.9e-52  177.4  21.7   4   5   2.8e-14   2.5e-12   45.0   0.2   153   225   458   530   453   533 0.96 -
augustus_predicted_5240 -           1581 290630at2759         -            562   1.9e-52  177.4  21.7   5   5   0.00033     0.029   11.7   0.0   161   215   534   587   531   590 0.84 -
augustus_predicted_3662 -            522 290630at2759         -            562   1.8e-45  154.4   2.1   1   3   5.9e-27   5.1e-25   86.8   0.1   153   290   173   310   164   313 0.95 -
augustus_predicted_3662 -            522 290630at2759         -            562   1.8e-45  154.4   2.1   2   3   2.7e-15   2.4e-13   48.3   0.0   155   241   302   389   300   396 0.90 -
augustus_predicted_3662 -            522 290630at2759         -            562   1.8e-45  154.4   2.1   3   3   8.5e-07   7.3e-05   20.3   0.1   170   226   414   472   408   474 0.89 -
augustus_predicted_5872 -            977 290630at2759         -            562   9.1e-41  138.8  10.9   1  10     0.011      0.98    6.7   0.1   243   332    22   115     8   121 0.73 -
augustus_predicted_5872 -            977 290630at2759         -            562   9.1e-41  138.8  10.9   2  10   1.4e-07   1.2e-05   22.9   0.1   155   208   110   163   100   169 0.90 -
augustus_predicted_5872 -            977 290630at2759         -            562   9.1e-41  138.8  10.9   3  10   1.5e-10   1.3e-08   32.7   0.1   157   234   195   272   189   277 0.90 -
augustus_predicted_5872 -            977 290630at2759         -            562   9.1e-41  138.8  10.9   4  10      0.11       9.2    3.4   0.0   160   233   281   357   275   365 0.82 -
augustus_predicted_5872 -            977 290630at2759         -            562   9.1e-41  138.8  10.9   5  10   0.00018     0.016   12.6   0.0   153   208   429   488   423   491 0.87 -
augustus_predicted_5872 -            977 290630at2759         -            562   9.1e-41  138.8  10.9   6  10       3.4   2.9e+02   -1.5   0.0   171   185   509   523   507   539 0.71 -
augustus_predicted_5872 -            977 290630at2759         -            562   9.1e-41  138.8  10.9   7  10   1.9e-08   1.7e-06   25.7   0.0   151   216   542   607   534   613 0.94 -
augustus_predicted_5872 -            977 290630at2759         -            562   9.1e-41  138.8  10.9   8  10   1.5e-07   1.3e-05   22.8   0.1   165   206   612   653   608   656 0.90 -
augustus_predicted_5872 -            977 290630at2759         -            562   9.1e-41  138.8  10.9   9  10    0.0013      0.11    9.8   0.0   170   205   684   719   678   726 0.92 -
augustus_predicted_5872 -            977 290630at2759         -            562   9.1e-41  138.8  10.9  10  10       4.4   3.8e+02   -1.9   0.1   293   309   742   758   731   768 0.67 -
augustus_predicted_5081 -            801 290630at2759         -            562   2.7e-40  137.2   4.0   1   3   5.5e-18   4.7e-16   57.2   0.2   152   226   504   578   494   582 0.95 -
augustus_predicted_5081 -            801 290630at2759         -            562   2.7e-40  137.2   4.0   2   3   2.4e-07   2.1e-05   22.1   0.0   146   188   584   624   582   627 0.91 -
augustus_predicted_5081 -            801 290630at2759         -            562   2.7e-40  137.2   4.0   3   3   3.5e-18     3e-16   57.9   0.1   150   227   630   705   624   708 0.95 -
augustus_predicted_1221 -            963 290630at2759         -            562   3.6e-40  136.8  10.8   1   5   2.7e-15   2.3e-13   48.3   0.3    66   227    67   242    66   244 0.89 -
augustus_predicted_1221 -            963 290630at2759         -            562   3.6e-40  136.8  10.8   2   5     0.026       2.2    5.5   0.0   161   190   218   247   212   257 0.85 -
augustus_predicted_1221 -            963 290630at2759         -            562   3.6e-40  136.8  10.8   3   5       3.9   3.4e+02   -1.7   0.0   120   149   280   309   274   329 0.51 -
augustus_predicted_1221 -            963 290630at2759         -            562   3.6e-40  136.8  10.8   4   5   1.1e-13   9.9e-12   43.0   0.3   196   343   423   590   418   597 0.80 -
augustus_predicted_1221 -            963 290630at2759         -            562   3.6e-40  136.8  10.8   5   5   6.7e-15   5.8e-13   47.0   1.3   157   310   564   725   549   731 0.52 -
augustus_predicted_6609 -           1821 290630at2759         -            562   1.4e-38  131.6  13.7   1   3   1.1e-13   9.3e-12   43.1   0.3   153   226   272   344   266   347 0.96 -
augustus_predicted_6609 -           1821 290630at2759         -            562   1.4e-38  131.6  13.7   2   3   1.8e-14   1.6e-12   45.6   1.5   153   226   355   428   349   431 0.97 -
augustus_predicted_6609 -           1821 290630at2759         -            562   1.4e-38  131.6  13.7   3   3   6.1e-16   5.3e-14   50.4   0.7   153   229   439   515   433   537 0.93 -
augustus_predicted_4784 -            535 290630at2759         -            562   1.7e-38  131.3   0.6   1   2   7.7e-32   6.6e-30  103.0   0.1   103   308   220   434   214   438 0.89 -
augustus_predicted_4784 -            535 290630at2759         -            562   1.7e-38  131.3   0.6   2   2   3.6e-08   3.1e-06   24.8   0.0   153   228   455   530   448   534 0.81 -
augustus_predicted_1166 -           1293 290630at2759         -            562   2.3e-37  127.6  15.9   1   4     1e-12   8.7e-11   39.8   0.4   154   228   921   996   916  1001 0.93 -
augustus_predicted_1166 -           1293 290630at2759         -            562   2.3e-37  127.6  15.9   2   4   2.8e-18   2.4e-16   58.2   5.3   153   302   963  1120   961  1165 0.85 -
augustus_predicted_1166 -           1293 290630at2759         -            562   2.3e-37  127.6  15.9   3   4   6.9e-17     6e-15   53.6   0.2   134   227  1157  1251  1129  1255 0.86 -
augustus_predicted_1166 -           1293 290630at2759         -            562   2.3e-37  127.6  15.9   4   4   0.00022     0.019   12.3   0.0   154   184  1262  1292  1255  1293 0.95 -
augustus_predicted_4228 -            678 290630at2759         -            562   7.5e-37  125.9   9.3   1   4     1e-21   8.8e-20   69.5   0.4   186   316   336   464   327   466 0.90 -
augustus_predicted_4228 -            678 290630at2759         -            562   7.5e-37  125.9   9.3   2   4   7.7e-07   6.7e-05   20.4   0.8   153   204   465   516   462   522 0.82 -
augustus_predicted_4228 -            678 290630at2759         -            562   7.5e-37  125.9   9.3   3   4     3e-05    0.0026   15.2   0.0   169   204   580   615   576   619 0.92 -
augustus_predicted_4228 -            678 290630at2759         -            562   7.5e-37  125.9   9.3   4   4   3.5e-08   3.1e-06   24.8   0.0   166   226   617   675   612   678 0.87 -
augustus_predicted_4366 -           1154 290630at2759         -            562   1.2e-36  125.2   9.0   1   2   1.6e-24   1.4e-22   78.8   2.8   159   307   293   439   255   439 0.90 -
augustus_predicted_4366 -           1154 290630at2759         -            562   1.2e-36  125.2   9.0   2   2   1.1e-18   9.3e-17   59.5   0.4   167   293   422   543   419   564 0.87 -
augustus_predicted_6442 -            359 290630at2759         -            562   1.5e-35  121.6   0.1   1   2   6.2e-11   5.3e-09   33.9   0.0   149   228    59   139    55   148 0.88 -
augustus_predicted_6442 -            359 290630at2759         -            562   1.5e-35  121.6   0.1   2   2     3e-23   2.6e-21   74.6   0.0   159   303   196   352   191   357 0.89 -
augustus_predicted_1438 -            454 290630at2759         -            562   5.1e-35  119.8   3.2   1   2   1.1e-11   9.8e-10   36.4   0.1   193   313   162   288   160   296 0.87 -
augustus_predicted_1438 -            454 290630at2759         -            562   5.1e-35  119.8   3.2   2   2   2.6e-26   2.2e-24   84.7   0.9   152   307   292   453   284   454 0.91 -
augustus_predicted_234  -            393 290630at2759         -            562   8.2e-35  119.2   6.4   1   5   0.00087     0.075   10.3   0.0   170   217     4    51     2    61 0.80 -
augustus_predicted_234  -            393 290630at2759         -            562   8.2e-35  119.2   6.4   2   5   2.5e-13   2.2e-11   41.8   0.0   158   227    34   104    29   114 0.89 -
augustus_predicted_234  -            393 290630at2759         -            562   8.2e-35  119.2   6.4   3   5   9.4e-17   8.2e-15   53.1   0.2   149   270    68   188    55   198 0.90 -
augustus_predicted_234  -            393 290630at2759         -            562   8.2e-35  119.2   6.4   4   5   5.6e-10   4.8e-08   30.8   0.0    75   186   119   237   108   243 0.85 -
augustus_predicted_234  -            393 290630at2759         -            562   8.2e-35  119.2   6.4   5   5   0.00024     0.021   12.2   0.1   155   206   335   386   327   391 0.85 -
augustus_predicted_6895 -           1211 290630at2759         -            562   1.6e-34  118.2   0.1   1   3   1.1e-16   9.6e-15   52.9   0.0   109   226    10   127     3   129 0.94 -
augustus_predicted_6895 -           1211 290630at2759         -            562   1.6e-34  118.2   0.1   2   3   5.4e-13   4.6e-11   40.7   0.1   154   231    97   174    96   186 0.95 -
augustus_predicted_6895 -           1211 290630at2759         -            562   1.6e-34  118.2   0.1   3   3   1.5e-12   1.3e-10   39.2   0.0   153   260   212   321   205   330 0.91 -
augustus_predicted_4386 -            444 290630at2759         -            562   3.1e-32  110.6   2.6   1   3   3.7e-12   3.2e-10   38.0   0.0   154   237   112   198   105   199 0.89 -
augustus_predicted_4386 -            444 290630at2759         -            562   3.1e-32  110.6   2.6   2   3   6.3e-16   5.5e-14   50.4   0.2   153   297   153   301   152   308 0.87 -
augustus_predicted_4386 -            444 290630at2759         -            562   3.1e-32  110.6   2.6   3   3   1.1e-11   9.8e-10   36.4   0.0   168   245   320   397   315   404 0.88 -
augustus_predicted_3440 -            316 290630at2759         -            562   5.9e-32  109.7  13.7   1   6   0.00038     0.033   11.5   0.0   277   313     9    50     4    53 0.83 -
augustus_predicted_3440 -            316 290630at2759         -            562   5.9e-32  109.7  13.7   2   6     1e-11     9e-10   36.5   0.8   153   226    60   133    56   137 0.96 -
augustus_predicted_3440 -            316 290630at2759         -            562   5.9e-32  109.7  13.7   3   6   2.6e-13   2.3e-11   41.8   0.1   154   230   103   182   100   186 0.87 -
augustus_predicted_3440 -            316 290630at2759         -            562   5.9e-32  109.7  13.7   4   6   4.2e-10   3.6e-08   31.2   0.0   147   228   139   222   136   225 0.93 -
augustus_predicted_3440 -            316 290630at2759         -            562   5.9e-32  109.7  13.7   5   6   1.9e-06   0.00017   19.1   0.1   154   229   190   263   185   268 0.85 -
augustus_predicted_3440 -            316 290630at2759         -            562   5.9e-32  109.7  13.7   6   6    0.0015      0.13    9.5   0.0   158   187   285   314   271   316 0.85 -
augustus_predicted_355  -            452 290630at2759         -            562   4.8e-31  106.7   1.2   1   3   2.4e-12   2.1e-10   38.6   0.0   143   234   129   221   127   224 0.90 -
augustus_predicted_355  -            452 290630at2759         -            562   4.8e-31  106.7   1.2   2   3   9.7e-20   8.4e-18   63.0   0.3   151   309   222   381   215   401 0.88 -
augustus_predicted_355  -            452 290630at2759         -            562   4.8e-31  106.7   1.2   3   3     0.087       7.5    3.7   0.1   160   186   405   431   369   439 0.81 -
augustus_predicted_7939 -            915 290630at2759         -            562   7.5e-30  102.8   9.0   1   4   2.5e-13   2.2e-11   41.8   0.3   159   248   534   619   526   634 0.90 -
augustus_predicted_7939 -            915 290630at2759         -            562   7.5e-30  102.8   9.0   2   4       2.6   2.3e+02   -1.2   0.0   166   185   637   656   628   659 0.83 -
augustus_predicted_7939 -            915 290630at2759         -            562   7.5e-30  102.8   9.0   3   4   1.2e-15     1e-13   49.5   1.4   193   307   682   795   670   809 0.89 -
augustus_predicted_7939 -            915 290630at2759         -            562   7.5e-30  102.8   9.0   4   4   0.00051     0.044   11.1   0.0   155   211   808   861   803   870 0.80 -
augustus_predicted_4596 -            853 290630at2759         -            562   9.9e-30  102.4   0.4   1   2     2e-18   1.8e-16   58.6   0.1    68   228     9   171     3   184 0.92 -
augustus_predicted_4596 -            853 290630at2759         -            562   9.9e-30  102.4   0.4   2   2   2.5e-13   2.1e-11   41.8   0.0   157   236   185   266   176   295 0.85 -
augustus_predicted_1758 -            506 290630at2759         -            562   1.1e-27   95.7   0.6   1   4     0.067       5.8    4.1   0.0   160   206   186   232   178   238 0.88 -
augustus_predicted_1758 -            506 290630at2759         -            562   1.1e-27   95.7   0.6   2   4   3.3e-09   2.9e-07   28.2   0.0   263   317   257   315   240   316 0.82 -
augustus_predicted_1758 -            506 290630at2759         -            562   1.1e-27   95.7   0.6   3   4   1.3e-14   1.1e-12   46.1   0.0   152   232   315   395   311   407 0.96 -
augustus_predicted_1758 -            506 290630at2759         -            562   1.1e-27   95.7   0.6   4   4   7.2e-05    0.0062   13.9   0.2   257   308   451   505   440   506 0.76 -
augustus_predicted_5146 -            608 290630at2759         -            562   2.4e-26   91.2   5.3   1   2   2.6e-16   2.2e-14   51.7   1.9   153   325   276   433   269   440 0.83 -
augustus_predicted_5146 -            608 290630at2759         -            562   2.4e-26   91.2   5.3   2   2   2.9e-12   2.5e-10   38.3   0.1   256   356   468   571   451   579 0.80 -
augustus_predicted_4417 -            594 290630at2759         -            562   1.2e-25   88.9   3.7   1   3   9.4e-11   8.1e-09   33.3   0.1   107   228    87   212    78   219 0.88 -
augustus_predicted_4417 -            594 290630at2759         -            562   1.2e-25   88.9   3.7   2   3   1.9e-16   1.7e-14   52.1   0.4   154   261   222   331   218   336 0.90 -
augustus_predicted_4417 -            594 290630at2759         -            562   1.2e-25   88.9   3.7   3   3      0.24        21    2.3   0.0   152   184   375   407   373   412 0.89 -
augustus_predicted_3031 -            855 290630at2759         -            562   3.8e-25   87.2   5.1   1   3   6.1e-06   0.00053   17.5   0.4   153   203   534   584   530   587 0.92 -
augustus_predicted_3031 -            855 290630at2759         -            562   3.8e-25   87.2   5.1   2   3   1.1e-13   9.1e-12   43.1   0.1   154   219   577   642   573   646 0.96 -
augustus_predicted_3031 -            855 290630at2759         -            562   3.8e-25   87.2   5.1   3   3   2.3e-10     2e-08   32.0   0.1   136   307   645   821   643   827 0.81 -
augustus_predicted_8627 -           1990 290630at2759         -            562     9e-25   86.0   7.4   1   5     0.047       4.1    4.6   0.0   194   232   133   171   126   250 0.55 -
augustus_predicted_8627 -           1990 290630at2759         -            562     9e-25   86.0   7.4   2   5   1.1e-10   9.6e-09   33.1   0.1   153   226   265   340   263   345 0.92 -
augustus_predicted_8627 -           1990 290630at2759         -            562     9e-25   86.0   7.4   3   5    0.0011     0.094   10.0   0.1   153   227   402   481   398   518 0.81 -
augustus_predicted_8627 -           1990 290630at2759         -            562     9e-25   86.0   7.4   4   5   2.8e-12   2.4e-10   38.4   0.3    73   223   531   683   500   686 0.82 -
augustus_predicted_8627 -           1990 290630at2759         -            562     9e-25   86.0   7.4   5   5       6.6   5.7e+02   -2.5   0.0   130   164  1274  1308  1270  1312 0.88 -
augustus_predicted_7863 -            859 290630at2759         -            562   6.9e-24   83.1   4.6   1   3   5.4e-14   4.7e-12   44.0   0.1   196   307   330   444   326   452 0.87 -
augustus_predicted_7863 -            859 290630at2759         -            562   6.9e-24   83.1   4.6   2   3   1.7e-12   1.5e-10   39.1   0.2   152   226   502   572   496   577 0.89 -
augustus_predicted_7863 -            859 290630at2759         -            562   6.9e-24   83.1   4.6   3   3       1.3   1.2e+02   -0.2   0.1   292   308   669   685   665   710 0.81 -
augustus_predicted_6954 -            554 290630at2759         -            562   2.4e-23   81.3   7.4   1   4   2.5e-08   2.2e-06   25.3   0.1   174   292   265   381   256   382 0.89 -
augustus_predicted_6954 -            554 290630at2759         -            562   2.4e-23   81.3   7.4   2   4   2.2e-10   1.9e-08   32.1   0.0   146   217   362   433   359   447 0.87 -
augustus_predicted_6954 -            554 290630at2759         -            562   2.4e-23   81.3   7.4   3   4   7.1e-08   6.1e-06   23.8   0.1   129   214   387   474   381   477 0.55 -
augustus_predicted_6954 -            554 290630at2759         -            562   2.4e-23   81.3   7.4   4   4     2e-08   1.7e-06   25.7   0.3   106   186   451   532   440   536 0.78 -
augustus_predicted_7051 -            900 290630at2759         -            562   9.5e-23   79.3   5.5   1   3    0.0017      0.15    9.3   0.0   152   185   319   350   308   356 0.68 -
augustus_predicted_7051 -            900 290630at2759         -            562   9.5e-23   79.3   5.5   2   3   2.8e-06   0.00024   18.6   0.2   155   226   410   478   405   479 0.81 -
augustus_predicted_7051 -            900 290630at2759         -            562   9.5e-23   79.3   5.5   3   3   1.6e-19   1.4e-17   62.3   1.8   163   351   457   650   449   668 0.87 -
augustus_predicted_1233 -            746 290630at2759         -            562   2.5e-22   77.9  12.4   1   3     0.017       1.5    6.0   0.0   156   185   393   422   384   427 0.88 -
augustus_predicted_1233 -            746 290630at2759         -            562   2.5e-22   77.9  12.4   2   3      0.18        15    2.7   0.7   280   307   444   487   439   492 0.53 -
augustus_predicted_1233 -            746 290630at2759         -            562   2.5e-22   77.9  12.4   3   3   1.5e-21   1.3e-19   69.0   7.5   128   310   473   659   470   663 0.90 -
augustus_predicted_7622 -            595 290630at2759         -            562   2.2e-20   71.5   5.4   1   2   9.3e-17   8.1e-15   53.2   1.5   153   345   298   503   287   509 0.80 -
augustus_predicted_7622 -            595 290630at2759         -            562   2.2e-20   71.5   5.4   2   2   1.1e-06   9.2e-05   20.0   0.2   119   226   479   595   473   595 0.71 -
augustus_predicted_3372 -            450 290630at2759         -            562     3e-20   71.1   1.5   1   2   8.3e-07   7.2e-05   20.3   0.0   153   226    66   139    62   143 0.91 -
augustus_predicted_3372 -            450 290630at2759         -            562     3e-20   71.1   1.5   2   2   1.1e-15   9.2e-14   49.7   0.5   199   360   201   373   160   387 0.83 -
augustus_predicted_508  -            373 290630at2759         -            562     6e-20   70.1   4.1   1   3   4.8e-05    0.0041   14.5   0.0   270   311    68   113    50   116 0.88 -
augustus_predicted_508  -            373 290630at2759         -            562     6e-20   70.1   4.1   2   3   1.7e-06   0.00015   19.2   0.1   141   229   108   205   108   211 0.82 -
augustus_predicted_508  -            373 290630at2759         -            562     6e-20   70.1   4.1   3   3   6.8e-14   5.9e-12   43.7   0.6   169   309   187   331   184   342 0.87 -
augustus_predicted_3932 -            364 290630at2759         -            562   1.2e-18   65.8   0.2   1   2   1.6e-13   1.4e-11   42.5   0.0   157   262    37   144    32   152 0.84 -
augustus_predicted_3932 -            364 290630at2759         -            562   1.2e-18   65.8   0.2   2   2   6.5e-07   5.6e-05   20.7   0.1   153   216   228   292   187   344 0.70 -
augustus_predicted_6922 -            336 290630at2759         -            562   1.5e-18   65.4   0.4   1   3   5.1e-11   4.4e-09   34.2   0.1   115   215    11   110     6   129 0.70 -
augustus_predicted_6922 -            336 290630at2759         -            562   1.5e-18   65.4   0.4   2   3   2.3e-06    0.0002   18.9   0.0   158   275   150   269   133   273 0.82 -
augustus_predicted_6922 -            336 290630at2759         -            562   1.5e-18   65.4   0.4   3   3    0.0055      0.47    7.7   0.0   151   185   284   318   278   326 0.89 -
augustus_predicted_5876 -            625 290630at2759         -            562   5.7e-18   63.6   3.1   1   4   1.5e-15   1.3e-13   49.1   0.1   152   227   227   308   224   311 0.90 -
augustus_predicted_5876 -            625 290630at2759         -            562   5.7e-18   63.6   3.1   2   4   3.8e-05    0.0033   14.8   0.1   251   314   290   358   289   372 0.76 -
augustus_predicted_5876 -            625 290630at2759         -            562   5.7e-18   63.6   3.1   3   4       3.9   3.4e+02   -1.7   0.0   169   188   383   402   365   411 0.69 -
augustus_predicted_5876 -            625 290630at2759         -            562   5.7e-18   63.6   3.1   4   4     0.096       8.3    3.6   0.1   204   227   449   472   443   480 0.62 -
augustus_predicted_3800 -            684 290630at2759         -            562   9.1e-18   62.9   1.0   1   4   9.5e-08   8.2e-06   23.4   0.0   159   223    17    88    10    94 0.81 -
augustus_predicted_3800 -            684 290630at2759         -            562   9.1e-18   62.9   1.0   2   4   3.3e-10   2.8e-08   31.5   0.1   158   230   124   196   111   210 0.91 -
augustus_predicted_3800 -            684 290630at2759         -            562   9.1e-18   62.9   1.0   3   4      0.82        71    0.5   0.0   364   389   316   342   307   350 0.77 -
augustus_predicted_3800 -            684 290630at2759         -            562   9.1e-18   62.9   1.0   4   4      0.28        24    2.1   0.1   137   178   465   507   454   514 0.63 -
augustus_predicted_5688 -            541 290630at2759         -            562   7.8e-17   59.8   0.6   1   3   8.6e-10   7.5e-08   30.2   0.0   165   237   105   178    94   199 0.88 -
augustus_predicted_5688 -            541 290630at2759         -            562   7.8e-17   59.8   0.6   2   3    0.0034      0.29    8.4   0.1   292   307   198   213   179   227 0.85 -
augustus_predicted_5688 -            541 290630at2759         -            562   7.8e-17   59.8   0.6   3   3   3.3e-06   0.00029   18.3   0.0   168   228   239   298   228   323 0.81 -
augustus_predicted_4790 -            816 290630at2759         -            562   2.8e-16   58.0   3.6   1   5   8.1e-07     7e-05   20.3   0.1   171   278    28   151    23   168 0.72 -
augustus_predicted_4790 -            816 290630at2759         -            562   2.8e-16   58.0   3.6   2   5   2.7e-09   2.4e-07   28.5   1.0   154   312    56   251    56   257 0.69 -
augustus_predicted_4790 -            816 290630at2759         -            562   2.8e-16   58.0   3.6   3   5    0.0012       0.1    9.9   0.0   164   225   367   432   364   494 0.86 -
augustus_predicted_4790 -            816 290630at2759         -            562   2.8e-16   58.0   3.6   4   5      0.01       0.9    6.8   0.1   153   219   570   642   566   651 0.76 -
augustus_predicted_4790 -            816 290630at2759         -            562   2.8e-16   58.0   3.6   5   5      0.18        16    2.7   0.0   155   207   668   725   655   749 0.70 -
augustus_predicted_283  -            977 290630at2759         -            562   3.4e-16   57.7   4.8   1   4    0.0015      0.13    9.5   0.0   154   185     3    34     1    38 0.83 -
augustus_predicted_283  -            977 290630at2759         -            562   3.4e-16   57.7   4.8   2   4   1.3e-11   1.1e-09   36.2   0.2   153   226    63   136    54   141 0.95 -
augustus_predicted_283  -            977 290630at2759         -            562   3.4e-16   57.7   4.8   3   4   0.00028     0.024   12.0   0.0   169   224   223   279   208   284 0.68 -
augustus_predicted_283  -            977 290630at2759         -            562   3.4e-16   57.7   4.8   4   4       9.7   8.4e+02   -3.0   0.1    88   142   640   691   632   693 0.71 -
augustus_predicted_7569 -           1229 290630at2759         -            562   8.8e-16   56.3   0.4   1   3   9.2e-06    0.0008   16.9   0.0   154   260    12   116    10   126 0.86 -
augustus_predicted_7569 -           1229 290630at2759         -            562   8.8e-16   56.3   0.4   2   3   5.7e-06    0.0005   17.5   0.1   247   399    61   219    58   223 0.80 -
augustus_predicted_7569 -           1229 290630at2759         -            562   8.8e-16   56.3   0.4   3   3   2.2e-07   1.9e-05   22.2   0.1   142   226   220   300   218   317 0.74 -
augustus_predicted_5862 -            485 290630at2759         -            562   1.3e-15   55.8   5.1   1   4   6.4e-05    0.0055   14.1   0.0   169   226   139   199   132   203 0.81 -
augustus_predicted_5862 -            485 290630at2759         -            562   1.3e-15   55.8   5.1   2   4      0.07       6.1    4.0   0.1   280   309   218   251   206   263 0.55 -
augustus_predicted_5862 -            485 290630at2759         -            562   1.3e-15   55.8   5.1   3   4   1.4e-07   1.2e-05   22.9   0.2   276   344   288   365   277   367 0.79 -
augustus_predicted_5862 -            485 290630at2759         -            562   1.3e-15   55.8   5.1   4   4   9.1e-07   7.9e-05   20.2   0.0   156   228   337   413   330   420 0.84 -
augustus_predicted_181  -            445 290630at2759         -            562   1.3e-15   55.8   2.3   1   5    0.0015      0.13    9.6   0.0   171   306    41    99    22   114 0.58 -
augustus_predicted_181  -            445 290630at2759         -            562   1.3e-15   55.8   2.3   2   5   3.6e-10   3.1e-08   31.4   0.0   153   225   142   219   134   224 0.86 -
augustus_predicted_181  -            445 290630at2759         -            562   1.3e-15   55.8   2.3   3   5     0.046         4    4.7   0.0   289   319   272   302   267   317 0.76 -
augustus_predicted_181  -            445 290630at2759         -            562   1.3e-15   55.8   2.3   4   5       1.5   1.3e+02   -0.3   0.0   153   184   326   357   316   363 0.77 -
augustus_predicted_181  -            445 290630at2759         -            562   1.3e-15   55.8   2.3   5   5     0.043       3.7    4.7   0.1   168   185   426   443   421   445 0.85 -
augustus_predicted_1407 -           1543 290630at2759         -            562   1.4e-15   55.7   4.9   1   4      0.76        66    0.6   0.0   197   227    25    55    23    57 0.93 -
augustus_predicted_1407 -           1543 290630at2759         -            562   1.4e-15   55.7   4.9   2   4     7e-05    0.0061   13.9   0.1   152   228    79   158    74   163 0.89 -
augustus_predicted_1407 -           1543 290630at2759         -            562   1.4e-15   55.7   4.9   3   4   1.1e-12   9.5e-11   39.7   0.3   135   215   195   275   179   288 0.84 -
augustus_predicted_1407 -           1543 290630at2759         -            562   1.4e-15   55.7   4.9   4   4      0.56        48    1.1   0.0   161   204   272   313   265   318 0.85 -
augustus_predicted_8867 -            785 290630at2759         -            562   1.8e-15   55.3   0.9   1   2   0.00089     0.077   10.3   0.0   279   309    10    43     4    54 0.60 -
augustus_predicted_8867 -            785 290630at2759         -            562   1.8e-15   55.3   0.9   2   2   1.3e-13   1.1e-11   42.8   0.4   154   338   107   297   103   319 0.79 -
augustus_predicted_1456 -            364 290630at2759         -            562   4.8e-15   53.9   0.7   1   2   9.2e-15     8e-13   46.6   0.5   198   411    42   266    39   270 0.82 -
augustus_predicted_1456 -            364 290630at2759         -            562   4.8e-15   53.9   0.7   2   2      0.48        42    1.3   0.0   164   187   289   313   285   355 0.54 -
augustus_predicted_6001 -            309 290630at2759         -            562   5.6e-15   53.7  12.2   1   4   6.1e-07   5.3e-05   20.8   0.1   256   307    30    87    20    95 0.79 -
augustus_predicted_6001 -            309 290630at2759         -            562   5.6e-15   53.7  12.2   2   4     0.011      0.97    6.7   0.2   154   209   110   168   103   179 0.78 -
augustus_predicted_6001 -            309 290630at2759         -            562   5.6e-15   53.7  12.2   3   4   3.2e-06   0.00028   18.4   0.3   170   225   186   248   181   248 0.86 -
augustus_predicted_6001 -            309 290630at2759         -            562   5.6e-15   53.7  12.2   4   4     4e-08   3.4e-06   24.7   0.7   289   350   231   300   227   308 0.83 -
augustus_predicted_740  -            477 290630at2759         -            562   3.2e-14   51.2   0.6   1   3   1.2e-10     1e-08   33.0   0.0   118   218    29   128    20   130 0.88 -
augustus_predicted_740  -            477 290630at2759         -            562   3.2e-14   51.2   0.6   2   3      0.28        24    2.1   0.1    80   216   185   237   167   253 0.53 -
augustus_predicted_740  -            477 290630at2759         -            562   3.2e-14   51.2   0.6   3   3   0.00022     0.019   12.3   0.0   240   282   277   319   264   331 0.89 -
augustus_predicted_8868 -            316 290630at2759         -            562   5.7e-14   50.3   0.1   1   2   1.9e-09   1.6e-07   29.0   0.1   154   229    61   137    52   147 0.90 -
augustus_predicted_8868 -            316 290630at2759         -            562   5.7e-14   50.3   0.1   2   2     2e-06   0.00017   19.0   0.0   152   290   167   309   159   316 0.82 -
augustus_predicted_5540 -           1198 290630at2759         -            562   8.4e-14   49.8   2.1   1   3      0.19        17    2.6   0.0   163   187   774   798   764   834 0.77 -
augustus_predicted_5540 -           1198 290630at2759         -            562   8.4e-14   49.8   2.1   2   3   8.9e-12   7.7e-10   36.7   0.3   118   230   877   994   874  1008 0.87 -
augustus_predicted_5540 -           1198 290630at2759         -            562   8.4e-14   49.8   2.1   3   3     0.017       1.5    6.1   0.0   165   188  1055  1078  1037  1093 0.87 -
augustus_predicted_1215 -            535 290630at2759         -            562     1e-13   49.5   2.1   1   1     2e-14   1.8e-12   45.4   2.1   155   348   264   480   254   486 0.81 -
augustus_predicted_7659 -            474 290630at2759         -            562   1.5e-13   49.0   0.0   1   2   1.7e-07   1.5e-05   22.6   0.0   166   310    72   241    57   253 0.78 -
augustus_predicted_7659 -            474 290630at2759         -            562   1.5e-13   49.0   0.0   2   2   1.5e-07   1.3e-05   22.7   0.0   153   210   280   338   276   349 0.82 -
augustus_predicted_5669 -            643 290630at2759         -            562   3.6e-13   47.7   0.0   1   4     0.045       3.9    4.7   0.1   193   227   114   148   103   164 0.82 -
augustus_predicted_5669 -            643 290630at2759         -            562   3.6e-13   47.7   0.0   2   4   6.1e-06   0.00053   17.4   0.0   160   248   192   282   184   291 0.87 -
augustus_predicted_5669 -            643 290630at2759         -            562   3.6e-13   47.7   0.0   3   4   0.00091     0.079   10.3   0.0   195   226   458   489   456   496 0.92 -
augustus_predicted_5669 -            643 290630at2759         -            562   3.6e-13   47.7   0.0   4   4    0.0012       0.1    9.9   0.0   163   239   512   591   507   616 0.88 -
augustus_predicted_5570 -            573 290630at2759         -            562   1.2e-12   45.9   0.6   1   3       1.9   1.7e+02   -0.7   0.0   235   273    41    77    11    82 0.80 -
augustus_predicted_5570 -            573 290630at2759         -            562   1.2e-12   45.9   0.6   2   3   1.2e-10     1e-08   33.0   0.4   120   261    94   253    86   257 0.77 -
augustus_predicted_5570 -            573 290630at2759         -            562   1.2e-12   45.9   0.6   3   3     0.014       1.2    6.3   0.0   159   205   299   345   284   351 0.89 -
augustus_predicted_733  -            618 290630at2759         -            562   1.4e-12   45.8   3.9   1   4    0.0013      0.12    9.7   0.3   139   210   327   399   312   418 0.74 -
augustus_predicted_733  -            618 290630at2759         -            562   1.4e-12   45.8   3.9   2   4   2.2e-07   1.9e-05   22.2   0.0   154   208   426   481   400   490 0.87 -
augustus_predicted_733  -            618 290630at2759         -            562   1.4e-12   45.8   3.9   3   4      0.22        19    2.4   0.1   171   217   487   534   483   544 0.83 -
augustus_predicted_733  -            618 290630at2759         -            562   1.4e-12   45.8   3.9   4   4    0.0012      0.11    9.8   0.0   154   185   557   588   540   594 0.85 -
augustus_predicted_1452 -            959 290630at2759         -            562   1.7e-12   45.5   1.2   1   5    0.0001     0.009   13.4   0.0   158   186   307   335   299   338 0.87 -
augustus_predicted_1452 -            959 290630at2759         -            562   1.7e-12   45.5   1.2   2   5   0.00013     0.012   13.0   0.1   280   325   370   422   363   428 0.58 -
augustus_predicted_1452 -            959 290630at2759         -            562   1.7e-12   45.5   1.2   3   5   0.00031     0.027   11.8   0.0   285   345   415   484   411   557 0.77 -
augustus_predicted_1452 -            959 290630at2759         -            562   1.7e-12   45.5   1.2   4   5      0.49        42    1.3   0.0   162   184   562   584   529   590 0.81 -
augustus_predicted_1452 -            959 290630at2759         -            562   1.7e-12   45.5   1.2   5   5      0.93        80    0.3   0.0   165   186   672   693   646   707 0.85 -
augustus_predicted_5811 -           1271 290630at2759         -            562   4.2e-12   44.2   0.3   1   2   7.1e-06   0.00061   17.2   0.0   168   228   162   224   145   235 0.86 -
augustus_predicted_5811 -           1271 290630at2759         -            562   4.2e-12   44.2   0.3   2   2   3.4e-08   2.9e-06   24.9   0.1   127   186   259   319   240   322 0.88 -
augustus_predicted_5178 -            475 290630at2759         -            562   5.2e-12   43.9   2.7   1   2   0.00054     0.047   11.0   0.9    84   186   212   309   204   321 0.60 -
augustus_predicted_5178 -            475 290630at2759         -            562   5.2e-12   43.9   2.7   2   2   1.3e-10   1.1e-08   32.9   0.1   153   261   317   424   309   435 0.87 -
augustus_predicted_8386 -            492 290630at2759         -            562   2.5e-11   41.6   1.3   1   2   6.5e-08   5.6e-06   24.0   0.1   170   227   271   333   252   339 0.81 -
augustus_predicted_8386 -            492 290630at2759         -            562   2.5e-11   41.6   1.3   2   2   1.1e-05   0.00096   16.6   0.2   157   228   349   434   336   435 0.74 -
augustus_predicted_1242 -           1106 290630at2759         -            562   2.6e-11   41.5   0.1   1   3   5.1e-08   4.4e-06   24.3   0.1   142   228    31   127    29   133 0.78 -
augustus_predicted_1242 -           1106 290630at2759         -            562   2.6e-11   41.5   0.1   2   3     0.022       1.9    5.7   0.0   194   227   171   204   166   206 0.93 -
augustus_predicted_1242 -           1106 290630at2759         -            562   2.6e-11   41.5   0.1   3   3    0.0063      0.55    7.5   0.0   253   307   935   992   928  1008 0.78 -
augustus_predicted_672  -            355 290630at2759         -            562   2.8e-11   41.5   3.9   1   3     2e-10   1.7e-08   32.3   0.1   162   263    65   169    57   196 0.88 -
augustus_predicted_672  -            355 290630at2759         -            562   2.8e-11   41.5   3.9   2   3    0.0081       0.7    7.1   0.0   194   225   253   285   222   288 0.70 -
augustus_predicted_672  -            355 290630at2759         -            562   2.8e-11   41.5   3.9   3   3      0.46        40    1.3   0.4   295   309   337   351   315   353 0.91 -
augustus_predicted_3308 -            816 290630at2759         -            562   8.6e-11   39.9   5.1   1   5       1.4   1.2e+02   -0.3   0.0   174   275   129   145    73   153 0.76 -
augustus_predicted_3308 -            816 290630at2759         -            562   8.6e-11   39.9   5.1   2   5      0.74        64    0.7   0.0   265   280   135   150   124   191 0.68 -
augustus_predicted_3308 -            816 290630at2759         -            562   8.6e-11   39.9   5.1   3   5         1        88    0.2   0.0   169   226   276   347   264   352 0.51 -
augustus_predicted_3308 -            816 290630at2759         -            562   8.6e-11   39.9   5.1   4   5         1        87    0.2   0.1   157   188   464   495   445   506 0.73 -
augustus_predicted_3308 -            816 290630at2759         -            562   8.6e-11   39.9   5.1   5   5   1.6e-11   1.4e-09   35.8   0.1   154   271   524   638   515   651 0.91 -
augustus_predicted_188  -            362 290630at2759         -            562   1.4e-10   39.1   0.0   1   3   7.3e-06   0.00063   17.2   0.0   158   228    35   107    32   111 0.82 -
augustus_predicted_188  -            362 290630at2759         -            562   1.4e-10   39.1   0.0   2   3   4.9e-05    0.0043   14.5   0.0   280   344   117   191   114   198 0.78 -
augustus_predicted_188  -            362 290630at2759         -            562   1.4e-10   39.1   0.0   3   3     0.086       7.4    3.7   0.0    73   130   264   321   222   328 0.66 -
augustus_predicted_2706 -            357 290630at2759         -            562   1.9e-10   38.7   1.0   1   3      0.77        66    0.6   0.0   286   310    16    46     8    51 0.63 -
augustus_predicted_2706 -            357 290630at2759         -            562   1.9e-10   38.7   1.0   2   3   1.7e-06   0.00015   19.3   0.2   150   238    57   144    51   184 0.79 -
augustus_predicted_2706 -            357 290630at2759         -            562   1.9e-10   38.7   1.0   3   3   2.9e-05    0.0025   15.2   0.0   158   216   264   322   241   342 0.88 -
augustus_predicted_1978 -            609 290630at2759         -            562   2.9e-10   38.1   0.1   1   2     7e-08   6.1e-06   23.9   0.1   154   228   353   429   349   441 0.88 -
augustus_predicted_1978 -            609 290630at2759         -            562   2.9e-10   38.1   0.1   2   2   0.00026     0.022   12.1   0.0   254   311   478   541   459   547 0.60 -
augustus_predicted_2475 -            596 290630at2759         -            562   5.3e-10   37.2   3.4   1   4    0.0087      0.75    7.0   0.1   153   187   104   138    97   167 0.61 -
augustus_predicted_2475 -            596 290630at2759         -            562   5.3e-10   37.2   3.4   2   4   2.4e-05    0.0021   15.5   0.1   152   222   214   298   207   304 0.68 -
augustus_predicted_2475 -            596 290630at2759         -            562   5.3e-10   37.2   3.4   3   4   0.00075     0.065   10.5   0.2   161   199   326   364   314   387 0.77 -
augustus_predicted_2475 -            596 290630at2759         -            562   5.3e-10   37.2   3.4   4   4      0.21        18    2.5   0.0   161   217   373   430   365   435 0.85 -
augustus_predicted_8796 -            525 290630at2759         -            562   5.6e-10   37.2   0.3   1   4   1.5e-05    0.0013   16.1   0.0   149   186   126   164   119   193 0.82 -
augustus_predicted_8796 -            525 290630at2759         -            562   5.6e-10   37.2   0.3   2   4    0.0023       0.2    9.0   0.1   154   205   238   291   176   300 0.68 -
augustus_predicted_8796 -            525 290630at2759         -            562   5.6e-10   37.2   0.3   3   4    0.0099      0.86    6.8   0.0   155   213   370   431   362   438 0.81 -
augustus_predicted_8796 -            525 290630at2759         -            562   5.6e-10   37.2   0.3   4   4       3.6   3.1e+02   -1.6   0.0   207   226   446   465   436   467 0.79 -
augustus_predicted_3193 -            393 290630at2759         -            562     2e-09   35.4   0.1   1   2   1.1e-10   9.4e-09   33.1   0.0   154   229   241   319   234   325 0.88 -
augustus_predicted_3193 -            393 290630at2759         -            562     2e-09   35.4   0.1   2   2       2.4   2.1e+02   -1.1   0.0   154   186   342   375   336   379 0.69 -
augustus_predicted_1146 -            629 290630at2759         -            562   2.3e-09   35.1   1.3   1   2   2.8e-09   2.5e-07   28.4   1.0   154   237    72   157    64   240 0.73 -
augustus_predicted_1146 -            629 290630at2759         -            562   2.3e-09   35.1   1.3   2   2      0.14        12    3.0   0.0   140   205   249   315   247   326 0.82 -
augustus_predicted_2415 -            717 290630at2759         -            562     4e-09   34.3   0.5   1   3   2.7e-10   2.3e-08   31.8   0.0   151   244   283   374   277   388 0.86 -
augustus_predicted_2415 -            717 290630at2759         -            562     4e-09   34.3   0.5   2   3       8.3   7.2e+02   -2.8   0.0   200   226   487   513   484   515 0.83 -
augustus_predicted_2415 -            717 290630at2759         -            562     4e-09   34.3   0.5   3   3         2   1.8e+02   -0.8   0.0   154   183   653   681   650   684 0.59 -
augustus_predicted_742  -            355 290630at2759         -            562   5.7e-09   33.8   0.1   1   3   2.4e-06   0.00021   18.8   0.1   162   190    64    92    46   137 0.73 -
augustus_predicted_742  -            355 290630at2759         -            562   5.7e-09   33.8   0.1   2   3    0.0065      0.57    7.4   0.0   153   186   145   179   141   208 0.76 -
augustus_predicted_742  -            355 290630at2759         -            562   5.7e-09   33.8   0.1   3   3     0.069         6    4.1   0.0   200   225   299   324   293   327 0.84 -
augustus_predicted_4243 -            611 290630at2759         -            562   1.1e-08   32.9   0.0   1   2     0.053       4.6    4.4   0.0   163   190    88   116    77   119 0.76 -
augustus_predicted_4243 -            611 290630at2759         -            562   1.1e-08   32.9   0.0   2   2   1.3e-08   1.2e-06   26.2   0.0   151   229   134   212   127   217 0.90 -
augustus_predicted_3188 -            275 290630at2759         -            562   2.9e-08   31.5   0.8   1   3     0.027       2.3    5.4   0.0   274   305    10    46     7    68 0.75 -
augustus_predicted_3188 -            275 290630at2759         -            562   2.9e-08   31.5   0.8   2   3   3.4e-07     3e-05   21.6   0.1   161   237   100   174    70   185 0.82 -
augustus_predicted_3188 -            275 290630at2759         -            562   2.9e-08   31.5   0.8   3   3      0.39        34    1.6   0.0    73    99   248   274   220   275 0.58 -
augustus_predicted_3793 -            938 290630at2759         -            562   5.8e-08   30.5   1.3   1   4     0.068       5.9    4.1   0.0   168   236   157   228   151   235 0.70 -
augustus_predicted_3793 -            938 290630at2759         -            562   5.8e-08   30.5   1.3   2   4   2.2e-07   1.9e-05   22.2   0.1    76   188   195   313   184   356 0.73 -
augustus_predicted_3793 -            938 290630at2759         -            562   5.8e-08   30.5   1.3   3   4       0.3        26    2.0   0.0   285   310   382   407   378   461 0.89 -
augustus_predicted_3793 -            938 290630at2759         -            562   5.8e-08   30.5   1.3   4   4      0.41        35    1.5   0.0   193   228   548   583   542   595 0.82 -
augustus_predicted_5696 -           1414 290630at2759         -            562   6.6e-08   30.3   0.5   1   3     0.006      0.52    7.6   0.0   114   186  1104  1180  1094  1191 0.75 -
augustus_predicted_5696 -           1414 290630at2759         -            562   6.6e-08   30.3   0.5   2   3     0.015       1.3    6.2   0.1   172   226  1220  1275  1212  1280 0.76 -
augustus_predicted_5696 -           1414 290630at2759         -            562   6.6e-08   30.3   0.5   3   3   1.7e-06   0.00015   19.3   0.0   168   270  1259  1364  1252  1397 0.80 -
augustus_predicted_963  -           1599 290630at2759         -            562   8.4e-08   30.0   2.8   1   3   3.4e-09     3e-07   28.2   0.5   154   228  1135  1216  1122  1233 0.79 -
augustus_predicted_963  -           1599 290630at2759         -            562   8.4e-08   30.0   2.8   2   3      0.65        57    0.8   0.0    72   142  1291  1368  1239  1374 0.71 -
augustus_predicted_963  -           1599 290630at2759         -            562   8.4e-08   30.0   2.8   3   3         8   6.9e+02   -2.7   0.0   170   186  1473  1489  1468  1497 0.63 -
augustus_predicted_2249 -            830 290630at2759         -            562     9e-08   29.9   0.1   1   3      0.06       5.2    4.3   0.0   157   218   351   414   343   426 0.72 -
augustus_predicted_2249 -            830 290630at2759         -            562     9e-08   29.9   0.1   2   3   7.3e-05    0.0064   13.9   0.0   150   185   459   494   449   499 0.82 -
augustus_predicted_2249 -            830 290630at2759         -            562     9e-08   29.9   0.1   3   3    0.0048      0.41    7.9   0.0   154   215   594   657   589   659 0.84 -
augustus_predicted_4291 -            915 290630at2759         -            562   1.5e-07   29.1   0.1   1   3    0.0095      0.82    6.9   0.0   118   185    21    96    13   127 0.54 -
augustus_predicted_4291 -            915 290630at2759         -            562   1.5e-07   29.1   0.1   2   3   5.2e-05    0.0045   14.4   0.0   157   222   423   489   395   495 0.82 -
augustus_predicted_4291 -            915 290630at2759         -            562   1.5e-07   29.1   0.1   3   3       0.1         9    3.5   0.0   171   227   586   651   524   667 0.70 -
augustus_predicted_3437 -           1219 290630at2759         -            562   1.7e-07   29.0   0.0   1   2   2.2e-08   1.9e-06   25.5   0.1   153   207   995  1049   947  1054 0.85 -
augustus_predicted_3437 -           1219 290630at2759         -            562   1.7e-07   29.0   0.0   2   2      0.96        83    0.3   0.0   209   227  1167  1185  1160  1189 0.84 -
augustus_predicted_6173 -           1462 290630at2759         -            562   9.8e-07   26.5   1.1   1   3       3.5   3.1e+02   -1.6   0.0   447   473    31    57    26    66 0.89 -
augustus_predicted_6173 -           1462 290630at2759         -            562   9.8e-07   26.5   1.1   2   3   6.4e-07   5.5e-05   20.7   1.1   131   226    90   191    74   197 0.80 -
augustus_predicted_6173 -           1462 290630at2759         -            562   9.8e-07   26.5   1.1   3   3      0.26        22    2.2   0.0   293   309   221   237   199   246 0.59 -
augustus_predicted_1284 -           1867 290630at2759         -            562   1.9e-06   25.5   0.0   1   1   3.9e-08   3.3e-06   24.7   0.0   155   232  1337  1419  1330  1464 0.85 -
augustus_predicted_1835 -            472 290630at2759         -            562   1.9e-06   25.5   0.7   1   4      0.15        13    2.9   0.0   117   144    32    59    25    76 0.70 -
augustus_predicted_1835 -            472 290630at2759         -            562   1.9e-06   25.5   0.7   2   4      0.18        16    2.7   0.0   297   313   109   125   102   143 0.69 -
augustus_predicted_1835 -            472 290630at2759         -            562   1.9e-06   25.5   0.7   3   4   0.00025     0.021   12.1   0.0   153   228   183   266   180   273 0.82 -
augustus_predicted_1835 -            472 290630at2759         -            562   1.9e-06   25.5   0.7   4   4      0.37        32    1.7   0.0   157   187   295   324   290   338 0.72 -
augustus_predicted_4679 -            379 290630at2759         -            562     1e-05   23.1   3.9   1   4   3.7e-05    0.0032   14.9   0.1   153   206    10    65     8    70 0.84 -
augustus_predicted_4679 -            379 290630at2759         -            562     1e-05   23.1   3.9   2   4      0.68        59    0.8   0.0   168   185    71    88    67    92 0.89 -
augustus_predicted_4679 -            379 290630at2759         -            562     1e-05   23.1   3.9   3   4      0.99        86    0.2   0.0   191   227   219   259   170   266 0.55 -
augustus_predicted_4679 -            379 290630at2759         -            562     1e-05   23.1   3.9   4   4      0.04       3.5    4.8   0.0   157   185   331   359   321   371 0.78 -
augustus_predicted_4325 -           1282 290630at2759         -            562   1.1e-05   23.0   0.0   1   2     7e-07     6e-05   20.6   0.0   147   292   111   266    87   286 0.66 -
augustus_predicted_4325 -           1282 290630at2759         -            562   1.1e-05   23.0   0.0   2   2      0.11       9.8    3.3   0.0   154   223   255   326   254   359 0.85 -
augustus_predicted_1322 -            442 290630at2759         -            562   1.6e-05   22.4   3.0   1   4     0.012         1    6.6   0.0   278   316    17    59    14   108 0.61 -
augustus_predicted_1322 -            442 290630at2759         -            562   1.6e-05   22.4   3.0   2   4       4.3   3.7e+02   -1.9   0.0    79   183   218   238   195   244 0.45 -
augustus_predicted_1322 -            442 290630at2759         -            562   1.6e-05   22.4   3.0   3   4   0.00048     0.042   11.2   0.1   163   210   325   372   316   388 0.84 -
augustus_predicted_1322 -            442 290630at2759         -            562   1.6e-05   22.4   3.0   4   4       0.3        26    2.0   0.0    28   183   421   439   397   442 0.61 -
augustus_predicted_204  -            793 290630at2759         -            562   4.8e-05   20.9   0.0   1   2   1.4e-05    0.0012   16.3   0.0   153   209   430   487   427   499 0.75 -
augustus_predicted_204  -            793 290630at2759         -            562   4.8e-05   20.9   0.0   2   2      0.84        73    0.5   0.0   166   225   675   737   663   741 0.75 -
augustus_predicted_2153 -            980 290630at2759         -            562   7.4e-05   20.3   6.5   1   3   9.7e-05    0.0084   13.5   0.4   127   213    68   156    53   184 0.75 -
augustus_predicted_2153 -            980 290630at2759         -            562   7.4e-05   20.3   6.5   2   3    0.0089      0.77    7.0   0.0   162   188   244   270   212   273 0.81 -
augustus_predicted_2153 -            980 290630at2759         -            562   7.4e-05   20.3   6.5   3   3      0.81        70    0.5   0.4   126   184   295   351   283   399 0.44 -
augustus_predicted_3079 -           1158 290630at2759         -            562   0.00022   18.7   2.3   1   4      0.43        37    1.4   0.0   154   190   759   799   750   832 0.77 -
augustus_predicted_3079 -           1158 290630at2759         -            562   0.00022   18.7   2.3   2   4       0.4        34    1.5   0.0   171   205   850   884   837   894 0.88 -
augustus_predicted_3079 -           1158 290630at2759         -            562   0.00022   18.7   2.3   3   4      0.57        49    1.0   0.0   165   186   903   924   894   926 0.86 -
augustus_predicted_3079 -           1158 290630at2759         -            562   0.00022   18.7   2.3   4   4   0.00072     0.062   10.6   0.1   168   225  1095  1156  1087  1157 0.89 -
augustus_predicted_3296 -            859 290630at2759         -            562   0.00047   17.6   1.4   1   3      0.59        51    1.0   0.0   154   176   218   240   212   255 0.82 -
augustus_predicted_3296 -            859 290630at2759         -            562   0.00047   17.6   1.4   2   3   0.00024     0.021   12.2   0.3   159   229   291   361   273   365 0.75 -
augustus_predicted_3296 -            859 290630at2759         -            562   0.00047   17.6   1.4   3   3       0.8        69    0.5   0.0   174   174   546   546   466   614 0.60 -
augustus_predicted_4317 -            535 290630at2759         -            562   0.00092   16.7   0.0   1   1   1.5e-05    0.0013   16.2   0.0    91   198   212   319   193   341 0.69 -
augustus_predicted_7641 -           1132 290630at2759         -            562   0.00099   16.6   2.8   1   5    0.0043      0.37    8.0   0.1   292   314   239   261   170   284 0.77 -
augustus_predicted_7641 -           1132 290630at2759         -            562   0.00099   16.6   2.8   2   5         3   2.6e+02   -1.3   0.0   204   228   367   391   277   393 0.48 -
augustus_predicted_7641 -           1132 290630at2759         -            562   0.00099   16.6   2.8   3   5       3.8   3.3e+02   -1.7   0.0   194   217   803   826   747   837 0.61 -
augustus_predicted_7641 -           1132 290630at2759         -            562   0.00099   16.6   2.8   4   5       2.5   2.2e+02   -1.1   0.0   165   185   928   948   888   953 0.66 -
augustus_predicted_7641 -           1132 290630at2759         -            562   0.00099   16.6   2.8   5   5     0.079       6.8    3.9   0.0   152   209   984  1049   979  1059 0.77 -
augustus_predicted_3848 -            525 290630at2759         -            562     0.001   16.5   0.7   1   2    0.0098      0.84    6.9   0.0   191   229   242   281   238   294 0.87 -
augustus_predicted_3848 -            525 290630at2759         -            562     0.001   16.5   0.7   2   2     0.013       1.1    6.5   0.0   294   346   357   417   350   429 0.59 -
augustus_predicted_8636 -            579 290630at2759         -            562    0.0012   16.3   0.0   1   2     0.071       6.1    4.0   0.0   159   188   296   325   282   331 0.78 -
augustus_predicted_8636 -            579 290630at2759         -            562    0.0012   16.3   0.0   2   2    0.0028      0.24    8.7   0.0   117   185   504   577   494   579 0.45 -
augustus_predicted_2562 -            396 290630at2759         -            562    0.0015   15.9   0.0   1   1   2.5e-05    0.0022   15.4   0.0   298   355    15    75     7    96 0.83 -
augustus_predicted_6468 -           1449 290630at2759         -            562    0.0019   15.6   0.0   1   2    0.0073      0.64    7.3   0.0   130   188   278   339   253   378 0.72 -
augustus_predicted_6468 -           1449 290630at2759         -            562    0.0019   15.6   0.0   2   2     0.037       3.2    4.9   0.0   315   347   540   572   513   617 0.62 -
augustus_predicted_8313 -           1395 290630at2759         -            562    0.0019   15.6   1.1   1   3       0.1         9    3.5   0.1   127   217   945   992   936  1047 0.49 -
augustus_predicted_8313 -           1395 290630at2759         -            562    0.0019   15.6   1.1   2   3    0.0021      0.18    9.1   0.1   155   186  1162  1193  1148  1217 0.83 -
augustus_predicted_8313 -           1395 290630at2759         -            562    0.0019   15.6   1.1   3   3         3   2.6e+02   -1.3   0.0   396   468  1220  1293  1197  1303 0.76 -
augustus_predicted_1741 -            689 290630at2759         -            562     0.002   15.5   0.0   1   3    0.0017      0.14    9.4   0.0   157   226   354   435   346   452 0.77 -
augustus_predicted_1741 -            689 290630at2759         -            562     0.002   15.5   0.0   2   3      0.43        37    1.4   0.0   281   308   506   543   501   548 0.78 -
augustus_predicted_1741 -            689 290630at2759         -            562     0.002   15.5   0.0   3   3         1        91    0.2   0.0   160   188   628   657   623   660 0.73 -
augustus_predicted_3892 -            595 290630at2759         -            562    0.0045   14.4   0.2   1   2       1.2     1e+02   -0.0   0.0   320   345   276   304   264   310 0.83 -
augustus_predicted_3892 -            595 290630at2759         -            562    0.0045   14.4   0.2   2   2   0.00036     0.031   11.6   0.1   294   346   468   529   411   546 0.80 -
augustus_predicted_7681 -            363 290630at2759         -            562    0.0047   14.3   2.5   1   4    0.0033      0.28    8.4   0.0   153   186    51    84    45    89 0.91 -
augustus_predicted_7681 -            363 290630at2759         -            562    0.0047   14.3   2.5   2   4      0.32        28    1.9   0.0   157   184   145   172    94   180 0.74 -
augustus_predicted_7681 -            363 290630at2759         -            562    0.0047   14.3   2.5   3   4       1.6   1.3e+02   -0.4   0.0   161   182   210   231   202   236 0.71 -
augustus_predicted_7681 -            363 290630at2759         -            562    0.0047   14.3   2.5   4   4       1.5   1.3e+02   -0.4   0.1   155   184   329   362   323   363 0.69 -
augustus_predicted_1393 -            444 290630at2759         -            562    0.0077   13.6   1.1   1   3       4.6     4e+02   -2.0   0.0   450   476     6    32     2    82 0.77 -
augustus_predicted_1393 -            444 290630at2759         -            562    0.0077   13.6   1.1   2   3         3   2.6e+02   -1.3   0.1   495   527    82   114    47   120 0.80 -
augustus_predicted_1393 -            444 290630at2759         -            562    0.0077   13.6   1.1   3   3   0.00031     0.027   11.8   0.0   152   228   198   277   153   292 0.77 -
augustus_predicted_7606 -            410 290630at2759         -            562     0.011   13.0   0.0   1   2      0.03       2.6    5.3   0.0   153   188    73   108    67   115 0.85 -
augustus_predicted_7606 -            410 290630at2759         -            562     0.011   13.0   0.0   2   2     0.029       2.5    5.3   0.0   121   213   234   337   195   341 0.75 -
augustus_predicted_599  -            566 290630at2759         -            562     0.025   11.9   0.1   1   2      0.38        33    1.6   0.0   306   334   184   212   180   232 0.78 -
augustus_predicted_599  -            566 290630at2759         -            562     0.025   11.9   0.1   2   2    0.0075      0.65    7.2   0.1   159   216   337   397   331   412 0.79 -
augustus_predicted_2697 -            430 290630at2759         -            562     0.069   10.5   0.1   1   3      0.15        13    2.9   0.0   366   400    52    86    40    99 0.71 -
augustus_predicted_2697 -            430 290630at2759         -            562     0.069   10.5   0.1   2   3     0.048       4.1    4.6   0.0   323   399   229   306   222   324 0.85 -
augustus_predicted_2697 -            430 290630at2759         -            562     0.069   10.5   0.1   3   3       8.6   7.4e+02   -2.9   0.1   167   184   337   354   335   360 0.85 -
#
# Program:         hmmsearch
# Version:         3.1b2 (February 2015)
# Pipeline mode:   SEARCH
# Query file:      ../../stats/eukaryota_odb10/hmms/290630at2759.hmm
# Target file:     /home/centos/br/bin/Brownotate-1.2.0/runs/b283acc0-5629-444b-ad7a-7147f201d246/annotation/augustus_annotation.faa
# Option settings: hmmsearch --domtblout /home/centos/br/bin/Brownotate-1.2.0/runs/b283acc0-5629-444b-ad7a-7147f201d246/busco_annotation/run_eukaryota_odb10/hmmer_output/initial_run_results/290630at2759.out --cpu 1 ../../stats/eukaryota_odb10/hmms/290630at2759.hmm /home/centos/br/bin/Brownotate-1.2.0/runs/b283acc0-5629-444b-ad7a-7147f201d246/annotation/augustus_annotation.faa 
# Current dir:     /home/centos/br/bin/Brownotate-1.2.0/runs/b283acc0-5629-444b-ad7a-7147f201d246
# Date:            Sat Aug 24 02:32:02 2024
# [ok]
