#                                                                               --- full sequence --- -------------- this domain -------------   hmm coord   ali coord   env coord
# target name           accession   tlen query name           accession   qlen   E-value  score  bias   #  of  c-Evalue  i-Evalue  score  bias  from    to  from    to  from    to  acc description of target
#   ------------------- ---------- ----- -------------------- ---------- ----- --------- ------ ----- --- --- --------- --------- ------ ----- ----- ----- ----- ----- ----- ----- ---- ---------------------
augustus_predicted_4635 -           1459 293315at2759         -            638    4e-192  638.8  14.8   1   6   0.00019      0.42    7.7   0.0     1    27   341   369   341   397 0.72 -
augustus_predicted_4635 -           1459 293315at2759         -            638    4e-192  638.8  14.8   2   6   1.3e-13     3e-10   37.9   0.0    27    87   427   513   406   517 0.73 -
augustus_predicted_4635 -           1459 293315at2759         -            638    4e-192  638.8  14.8   3   6   8.3e-18   1.9e-14   51.9   0.2   115   192   610   713   590   718 0.86 -
augustus_predicted_4635 -           1459 293315at2759         -            638    4e-192  638.8  14.8   4   6   2.6e-26   5.9e-23   79.9   0.0   196   253   755   812   750   818 0.95 -
augustus_predicted_4635 -           1459 293315at2759         -            638    4e-192  638.8  14.8   5   6  7.5e-141  1.7e-137  458.4   0.6   251   599   833  1246   831  1268 0.84 -
augustus_predicted_4635 -           1459 293315at2759         -            638    4e-192  638.8  14.8   6   6   0.00036      0.81    6.8   0.1   604   635  1330  1361  1322  1364 0.75 -
augustus_predicted_8267 -           1591 293315at2759         -            638   1.7e-58  197.3   7.7   1   3   9.4e-08   0.00021   18.6   0.0   114   154   965  1005   946  1016 0.87 -
augustus_predicted_8267 -           1591 293315at2759         -            638   1.7e-58  197.3   7.7   2   3   7.5e-18   1.7e-14   52.0   0.1   200   303  1116  1221  1099  1227 0.80 -
augustus_predicted_8267 -           1591 293315at2759         -            638   1.7e-58  197.3   7.7   3   3   4.9e-41   1.1e-37  128.6   1.7   306   581  1246  1565  1238  1576 0.83 -
augustus_predicted_5552 -           1527 293315at2759         -            638   2.9e-34  117.3   0.6   1   3   0.00024      0.54    7.4   0.0   115   156   759   800   748   820 0.89 -
augustus_predicted_5552 -           1527 293315at2759         -            638   2.9e-34  117.3   0.6   2   3   3.5e-12   7.9e-09   33.3   0.1   201   298   910  1013   886  1026 0.70 -
augustus_predicted_5552 -           1527 293315at2759         -            638   2.9e-34  117.3   0.6   3   3   3.4e-24   7.6e-21   73.0   0.0   310   579  1064  1379  1052  1385 0.74 -
augustus_predicted_6856 -           2233 293315at2759         -            638   2.5e-06   25.0   0.0   1   3      0.28   6.4e+02   -2.8   0.0   117   146   349   378   346   400 0.85 -
augustus_predicted_6856 -           2233 293315at2759         -            638   2.5e-06   25.0   0.0   2   3   1.2e-08   2.6e-05   21.6   0.0   323   394   803   874   800   880 0.93 -
augustus_predicted_6856 -           2233 293315at2759         -            638   2.5e-06   25.0   0.0   3   3     0.075   1.7e+02   -0.9   0.0   414   488   930  1018   913  1074 0.66 -
#
# Program:         hmmsearch
# Version:         3.1b2 (February 2015)
# Pipeline mode:   SEARCH
# Query file:      ../../stats/eukaryota_odb10/hmms/293315at2759.hmm
# Target file:     /home/centos/br/bin/Brownotate-1.2.0/runs/b283acc0-5629-444b-ad7a-7147f201d246/annotation/augustus_annotation.faa
# Option settings: hmmsearch --domtblout /home/centos/br/bin/Brownotate-1.2.0/runs/b283acc0-5629-444b-ad7a-7147f201d246/busco_annotation/run_eukaryota_odb10/hmmer_output/initial_run_results/293315at2759.out --cpu 1 ../../stats/eukaryota_odb10/hmms/293315at2759.hmm /home/centos/br/bin/Brownotate-1.2.0/runs/b283acc0-5629-444b-ad7a-7147f201d246/annotation/augustus_annotation.faa 
# Current dir:     /home/centos/br/bin/Brownotate-1.2.0/runs/b283acc0-5629-444b-ad7a-7147f201d246
# Date:            Sat Aug 24 02:31:58 2024
# [ok]
