#                                                                               --- full sequence --- -------------- this domain -------------   hmm coord   ali coord   env coord
# target name           accession   tlen query name           accession   qlen   E-value  score  bias   #  of  c-Evalue  i-Evalue  score  bias  from    to  from    to  from    to  acc description of target
#   ------------------- ---------- ----- -------------------- ---------- ----- --------- ------ ----- --- --- --------- --------- ------ ----- ----- ----- ----- ----- ----- ----- ---- ---------------------
augustus_predicted_7929 -            870 306227at2759         -            481  1.9e-140  467.9  17.7   1   5   8.3e-60   2.5e-56  190.5   0.2     1   139     7   165     7   178 0.87 -
augustus_predicted_7929 -            870 306227at2759         -            481  1.9e-140  467.9  17.7   2   5   2.7e-25   8.1e-22   76.7   0.1   134   207   188   268   180   276 0.85 -
augustus_predicted_7929 -            870 306227at2759         -            481  1.9e-140  467.9  17.7   3   5     2e-09   5.9e-06   24.4   0.0   207   261   364   427   353   432 0.88 -
augustus_predicted_7929 -            870 306227at2759         -            481  1.9e-140  467.9  17.7   4   5     6e-31   1.8e-27   95.3   2.0   267   375   510   647   496   648 0.78 -
augustus_predicted_7929 -            870 306227at2759         -            481  1.9e-140  467.9  17.7   5   5   2.4e-29   7.2e-26   90.1   1.9   418   481   646   713   644   713 0.94 -
augustus_predicted_3512 -            510 306227at2759         -            481   3.1e-08   31.9   3.1   1   4   1.3e-06     0.004   15.1   0.1    67   120   144   197   122   199 0.91 -
augustus_predicted_3512 -            510 306227at2759         -            481   3.1e-08   31.9   3.1   2   4   2.3e-05     0.069   11.0   0.2    95   189   211   303   206   329 0.89 -
augustus_predicted_3512 -            510 306227at2759         -            481   3.1e-08   31.9   3.1   3   4    0.0073        22    2.7   0.0    61   118   372   429   348   443 0.88 -
augustus_predicted_3512 -            510 306227at2759         -            481   3.1e-08   31.9   3.1   4   4     0.066     2e+02   -0.4   0.0    56    84   468   497   467   499 0.77 -
augustus_predicted_7739 -           1095 306227at2759         -            481    0.0011   17.0   1.1   1   3      0.24   7.2e+02   -2.3   0.1   175   337   251   292   246   320 0.50 -
augustus_predicted_7739 -           1095 306227at2759         -            481    0.0011   17.0   1.1   2   3   4.5e-05      0.14   10.0   0.2    37   196   383   551   373   570 0.65 -
augustus_predicted_7739 -           1095 306227at2759         -            481    0.0011   17.0   1.1   3   3      0.01        30    2.3   0.0   134   198   579   643   564   656 0.87 -
#
# Program:         hmmsearch
# Version:         3.1b2 (February 2015)
# Pipeline mode:   SEARCH
# Query file:      ../../stats/eukaryota_odb10/hmms/306227at2759.hmm
# Target file:     /home/centos/br/bin/Brownotate-1.2.0/runs/b283acc0-5629-444b-ad7a-7147f201d246/annotation/augustus_annotation.faa
# Option settings: hmmsearch --domtblout /home/centos/br/bin/Brownotate-1.2.0/runs/b283acc0-5629-444b-ad7a-7147f201d246/busco_annotation/run_eukaryota_odb10/hmmer_output/initial_run_results/306227at2759.out --cpu 1 ../../stats/eukaryota_odb10/hmms/306227at2759.hmm /home/centos/br/bin/Brownotate-1.2.0/runs/b283acc0-5629-444b-ad7a-7147f201d246/annotation/augustus_annotation.faa 
# Current dir:     /home/centos/br/bin/Brownotate-1.2.0/runs/b283acc0-5629-444b-ad7a-7147f201d246
# Date:            Sat Aug 24 02:31:58 2024
# [ok]
