#                                                                               --- full sequence --- -------------- this domain -------------   hmm coord   ali coord   env coord
# target name           accession   tlen query name           accession   qlen   E-value  score  bias   #  of  c-Evalue  i-Evalue  score  bias  from    to  from    to  from    to  acc description of target
#   ------------------- ---------- ----- -------------------- ---------- ----- --------- ------ ----- --- --- --------- --------- ------ ----- ----- ----- ----- ----- ----- ----- ---- ---------------------
augustus_predicted_7444 -           1334 325552at2759         -            426  1.4e-128  428.4  32.8   1  10   5.6e-16   5.1e-14   50.9   0.0   158   228   723   793   711   801 0.92 -
augustus_predicted_7444 -           1334 325552at2759         -            426  1.4e-128  428.4  32.8   2  10   5.8e-19   5.3e-17   60.8   0.1   155   229   762   836   756   843 0.93 -
augustus_predicted_7444 -           1334 325552at2759         -            426  1.4e-128  428.4  32.8   3  10   5.8e-16   5.2e-14   50.9   0.2   157   228   806   877   799   886 0.91 -
augustus_predicted_7444 -           1334 325552at2759         -            426  1.4e-128  428.4  32.8   4  10   4.6e-15   4.2e-13   47.9   0.1   153   228   844   919   840   927 0.93 -
augustus_predicted_7444 -           1334 325552at2759         -            426  1.4e-128  428.4  32.8   5  10     2e-18   1.9e-16   59.0   0.2   154   230   887   963   882   972 0.91 -
augustus_predicted_7444 -           1334 325552at2759         -            426  1.4e-128  428.4  32.8   6  10     7e-19   6.3e-17   60.5   0.2   154   232   929  1007   924  1011 0.94 -
augustus_predicted_7444 -           1334 325552at2759         -            426  1.4e-128  428.4  32.8   7  10   7.7e-20     7e-18   63.7   0.2   151   229   968  1046   965  1054 0.93 -
augustus_predicted_7444 -           1334 325552at2759         -            426  1.4e-128  428.4  32.8   8  10   3.2e-16   2.9e-14   51.7   0.0   153   226  1012  1085  1009  1096 0.93 -
augustus_predicted_7444 -           1334 325552at2759         -            426  1.4e-128  428.4  32.8   9  10   3.2e-16   2.9e-14   51.7   0.2   154   228  1097  1171  1091  1178 0.94 -
augustus_predicted_7444 -           1334 325552at2759         -            426  1.4e-128  428.4  32.8  10  10   9.8e-10   8.9e-08   30.4   0.0   151   227  1178  1253  1176  1262 0.90 -
augustus_predicted_8627 -           1990 325552at2759         -            426  1.4e-119  398.8  15.5   1   3  2.3e-109  2.1e-107  358.6   5.0    13   292   113   423   106   449 0.86 -
augustus_predicted_8627 -           1990 325552at2759         -            426  1.4e-119  398.8  15.5   2   3    0.0003     0.027   12.3   0.0   147   190   564   607   521   612 0.91 -
augustus_predicted_8627 -           1990 325552at2759         -            426  1.4e-119  398.8  15.5   3   3   1.1e-10   9.9e-09   33.5   0.8   368   424   613   683   610   685 0.83 -
augustus_predicted_2291 -           1161 325552at2759         -            426   3.1e-65  219.7  23.0   1   8   6.8e-07   6.1e-05   21.0   0.1    32    66   467   503   458   512 0.79 -
augustus_predicted_2291 -           1161 325552at2759         -            426   3.1e-65  219.7  23.0   2   8   0.00041     0.037   11.8   0.0   150   196   516   561   508   564 0.78 -
augustus_predicted_2291 -           1161 325552at2759         -            426   3.1e-65  219.7  23.0   3   8   1.6e-08   1.5e-06   26.4   0.2   162   227   586   654   580   655 0.88 -
augustus_predicted_2291 -           1161 325552at2759         -            426   3.1e-65  219.7  23.0   4   8   4.5e-11   4.1e-09   34.8   0.6   160   228   629   696   628   704 0.93 -
augustus_predicted_2291 -           1161 325552at2759         -            426   3.1e-65  219.7  23.0   5   8   2.9e-18   2.6e-16   58.5   0.0   155   228   705   777   699   785 0.92 -
augustus_predicted_2291 -           1161 325552at2759         -            426   3.1e-65  219.7  23.0   6   8     4e-13   3.6e-11   41.5   0.6   155   232   787   863   778   871 0.91 -
augustus_predicted_2291 -           1161 325552at2759         -            426   3.1e-65  219.7  23.0   7   8   1.8e-05    0.0017   16.3   0.0    34    65   870   901   861   909 0.85 -
augustus_predicted_2291 -           1161 325552at2759         -            426   3.1e-65  219.7  23.0   8   8   2.7e-12   2.4e-10   38.8   0.2   158   233   936  1026   929  1033 0.83 -
augustus_predicted_5240 -           1581 325552at2759         -            426     3e-48  163.7  22.2   1   6   1.8e-08   1.7e-06   26.2   1.9   171   234   225   288   219   295 0.91 -
augustus_predicted_5240 -           1581 325552at2759         -            426     3e-48  163.7  22.2   2   6   6.3e-15   5.7e-13   47.5   0.5   154   230   250   326   245   330 0.94 -
augustus_predicted_5240 -           1581 325552at2759         -            426     3e-48  163.7  22.2   3   6   5.4e-15   4.9e-13   47.7   0.3   154   233   292   371   287   378 0.92 -
augustus_predicted_5240 -           1581 325552at2759         -            426     3e-48  163.7  22.2   4   6   3.7e-15   3.3e-13   48.2   0.5   156   228   378   450   373   456 0.95 -
augustus_predicted_5240 -           1581 325552at2759         -            426     3e-48  163.7  22.2   5   6   6.1e-15   5.6e-13   47.5   0.4   153   225   459   531   452   536 0.95 -
augustus_predicted_5240 -           1581 325552at2759         -            426     3e-48  163.7  22.2   6   6     0.015       1.4    6.7   0.0    41    74   537   570   532   591 0.55 -
augustus_predicted_1221 -            963 325552at2759         -            426   4.3e-43  146.7  10.5   1   7   3.3e-06    0.0003   18.8   0.1   165   244    83   161    66   172 0.81 -
augustus_predicted_1221 -            963 325552at2759         -            426   4.3e-43  146.7  10.5   2   7   0.00017     0.015   13.1   0.0   162   231   177   247   167   264 0.84 -
augustus_predicted_1221 -            963 325552at2759         -            426   4.3e-43  146.7  10.5   3   7       7.9   7.2e+02   -2.3   0.0    36    65   277   306   267   318 0.67 -
augustus_predicted_1221 -            963 325552at2759         -            426   4.3e-43  146.7  10.5   4   7     0.028       2.6    5.8   0.0   191   236   419   464   413   467 0.77 -
augustus_predicted_1221 -            963 325552at2759         -            426   4.3e-43  146.7  10.5   5   7   3.8e-12   3.5e-10   38.3   0.0   157   228   466   537   460   546 0.92 -
augustus_predicted_1221 -            963 325552at2759         -            426   4.3e-43  146.7  10.5   6   7   2.7e-10   2.4e-08   32.2   0.0   158   227   566   635   558   657 0.90 -
augustus_predicted_1221 -            963 325552at2759         -            426   4.3e-43  146.7  10.5   7   7   1.6e-12   1.5e-10   39.5   0.5   166   229   663   726   641   733 0.88 -
augustus_predicted_4784 -            535 325552at2759         -            426   5.4e-43  146.4   2.2   1   4    0.0025      0.23    9.2   0.0   156   194   231   268   225   273 0.84 -
augustus_predicted_4784 -            535 325552at2759         -            426   5.4e-43  146.4   2.2   2   4     1e-15   9.2e-14   50.1   0.1   155   228   277   350   271   361 0.91 -
augustus_predicted_4784 -            535 325552at2759         -            426   5.4e-43  146.4   2.2   3   4   1.7e-14   1.6e-12   46.0   0.0   156   227   361   435   355   446 0.89 -
augustus_predicted_4784 -            535 325552at2759         -            426   5.4e-43  146.4   2.2   4   4   3.9e-12   3.6e-10   38.3   0.0   151   228   454   531   448   534 0.96 -
augustus_predicted_5081 -            801 325552at2759         -            426   1.3e-41  141.8  11.6   1   3     1e-07   9.3e-06   23.7   0.1    33    68   508   544   499   549 0.70 -
augustus_predicted_5081 -            801 325552at2759         -            426   1.3e-41  141.8  11.6   2   3   1.2e-18   1.1e-16   59.8   1.7   149   234   544   629   540   636 0.92 -
augustus_predicted_5081 -            801 325552at2759         -            426   1.3e-41  141.8  11.6   3   3   2.6e-20   2.4e-18   65.2   0.6   154   231   633   710   629   717 0.94 -
augustus_predicted_3662 -            522 325552at2759         -            426   2.7e-40  137.5   4.1   1   4   3.5e-18   3.2e-16   58.2   0.2   154   228   175   249   168   255 0.94 -
augustus_predicted_3662 -            522 325552at2759         -            426   2.7e-40  137.5   4.1   2   4   3.8e-15   3.4e-13   48.2   0.1   150   228   256   334   251   346 0.92 -
augustus_predicted_3662 -            522 325552at2759         -            426   2.7e-40  137.5   4.1   3   4     0.002      0.19    9.5   0.0   158   201   349   392   340   397 0.65 -
augustus_predicted_3662 -            522 325552at2759         -            426   2.7e-40  137.5   4.1   4   4     1e-06   9.1e-05   20.5   0.0   169   225   414   472   409   477 0.87 -
augustus_predicted_6609 -           1821 325552at2759         -            426     4e-39  133.6  13.6   1   3   4.4e-13     4e-11   41.4   0.4   156   231   276   350   267   359 0.89 -
augustus_predicted_6609 -           1821 325552at2759         -            426     4e-39  133.6  13.6   2   3   4.8e-14   4.4e-12   44.5   1.4   154   230   357   433   350   441 0.93 -
augustus_predicted_6609 -           1821 325552at2759         -            426     4e-39  133.6  13.6   3   3     2e-17   1.8e-15   55.7   0.3   154   235   441   523   435   533 0.90 -
augustus_predicted_1166 -           1293 325552at2759         -            426   7.3e-39  132.8  16.0   1   6   0.00015     0.013   13.3   0.1   190   228   916   955   905   958 0.85 -
augustus_predicted_1166 -           1293 325552at2759         -            426   7.3e-39  132.8  16.0   2   6   4.8e-12   4.3e-10   38.0   0.8   159   228   927   997   916  1026 0.93 -
augustus_predicted_1166 -           1293 325552at2759         -            426   7.3e-39  132.8  16.0   3   6   1.1e-11   9.8e-10   36.8   0.2   149   229   960  1047   955  1051 0.84 -
augustus_predicted_1166 -           1293 325552at2759         -            426   7.3e-39  132.8  16.0   4   6   4.9e-08   4.5e-06   24.8   1.1   169   230  1029  1089  1023  1108 0.88 -
augustus_predicted_1166 -           1293 325552at2759         -            426   7.3e-39  132.8  16.0   5   6   1.2e-18   1.1e-16   59.7   0.3   133   228  1151  1253  1136  1257 0.82 -
augustus_predicted_1166 -           1293 325552at2759         -            426   7.3e-39  132.8  16.0   6   6     3e-06   0.00028   18.9   0.0   184   225  1251  1292  1250  1293 0.95 -
augustus_predicted_6442 -            359 325552at2759         -            426   8.7e-35  119.3   2.3   1   3   3.4e-15   3.1e-13   48.4   0.1   155   228    66   140    55   148 0.91 -
augustus_predicted_6442 -            359 325552at2759         -            426   8.7e-35  119.3   2.3   2   3   4.4e-13     4e-11   41.4   0.2   107   227   140   265   139   278 0.88 -
augustus_predicted_6442 -            359 325552at2759         -            426   8.7e-35  119.3   2.3   3   3   7.6e-09   6.9e-07   27.4   0.0   160   221   290   352   273   357 0.87 -
augustus_predicted_1758 -            506 325552at2759         -            426   5.3e-34  116.8   5.7   1   4    0.0018      0.16    9.7   0.0    36    82   185   232   177   237 0.71 -
augustus_predicted_1758 -            506 325552at2759         -            426   5.3e-34  116.8   5.7   2   4     9e-09   8.2e-07   27.2   0.0   166   231   246   311   241   319 0.91 -
augustus_predicted_1758 -            506 325552at2759         -            426   5.3e-34  116.8   5.7   3   4   1.5e-15   1.3e-13   49.5   0.1   154   238   318   401   313   412 0.90 -
augustus_predicted_1758 -            506 325552at2759         -            426   5.3e-34  116.8   5.7   4   4   8.1e-10   7.3e-08   30.6   0.6   165   227   444   506   408   506 0.92 -
augustus_predicted_3190 -            885 325552at2759         -            426   1.1e-32  112.5   7.4   1   7     0.028       2.6    5.8   0.0   325   368   104   148    45   153 0.72 -
augustus_predicted_3190 -            885 325552at2759         -            426   1.1e-32  112.5   7.4   2   7   1.5e-06   0.00014   19.9   0.1   158   229   179   252   173   262 0.89 -
augustus_predicted_3190 -            885 325552at2759         -            426   1.1e-32  112.5   7.4   3   7       2.8   2.6e+02   -0.8   0.0   332   368   311   349   300   358 0.78 -
augustus_predicted_3190 -            885 325552at2759         -            426   1.1e-32  112.5   7.4   4   7   1.3e-14   1.2e-12   46.5   0.2   155   227   363   435   351   448 0.90 -
augustus_predicted_3190 -            885 325552at2759         -            426   1.1e-32  112.5   7.4   5   7   2.5e-07   2.2e-05   22.5   0.1   164   230   457   525   447   531 0.89 -
augustus_predicted_3190 -            885 325552at2759         -            426   1.1e-32  112.5   7.4   6   7   0.00011      0.01   13.7   0.0   155   192   554   591   548   600 0.89 -
augustus_predicted_3190 -            885 325552at2759         -            426   1.1e-32  112.5   7.4   7   7       3.9   3.6e+02   -1.3   0.0   158   178   657   677   649   685 0.81 -
augustus_predicted_1438 -            454 325552at2759         -            426   4.6e-30  103.8   3.4   1   4   2.4e-07   2.2e-05   22.5   0.1   191   229   161   199   156   208 0.88 -
augustus_predicted_1438 -            454 325552at2759         -            426   4.6e-30  103.8   3.4   2   4   2.3e-10   2.1e-08   32.5   0.0   155   230   209   287   204   304 0.84 -
augustus_predicted_1438 -            454 325552at2759         -            426   4.6e-30  103.8   3.4   3   4   5.9e-08   5.3e-06   24.5   0.0   166   229   308   371   290   381 0.87 -
augustus_predicted_1438 -            454 325552at2759         -            426   4.6e-30  103.8   3.4   4   4   2.1e-07   1.9e-05   22.7   0.2   157   225   385   453   375   454 0.93 -
augustus_predicted_3031 -            855 325552at2759         -            426   7.4e-30  103.1   0.8   1   4   6.8e-18   6.2e-16   57.2   0.2   146   228   528   610   518   613 0.93 -
augustus_predicted_3031 -            855 325552at2759         -            426   7.4e-30  103.1   0.8   2   4   0.00056     0.051   11.4   0.0   185   230   609   656   607   665 0.81 -
augustus_predicted_3031 -            855 325552at2759         -            426   7.4e-30  103.1   0.8   3   4     0.023       2.1    6.1   0.0   158   229   666   736   661   744 0.80 -
augustus_predicted_3031 -            855 325552at2759         -            426   7.4e-30  103.1   0.8   4   4   2.4e-08   2.2e-06   25.8   0.0   149   229   742   825   740   835 0.84 -
augustus_predicted_7939 -            915 325552at2759         -            426   3.3e-29  101.0   2.8   1   3     4e-13   3.6e-11   41.5   0.1   155   251   531   622   525   628 0.83 -
augustus_predicted_7939 -            915 325552at2759         -            426   3.3e-29  101.0   2.8   2   3   7.9e-10   7.2e-08   30.7   0.0   164   229   694   759   676   775 0.90 -
augustus_predicted_7939 -            915 325552at2759         -            426   3.3e-29  101.0   2.8   3   3   1.5e-08   1.3e-06   26.5   0.1   168   228   780   837   776   854 0.87 -
augustus_predicted_7051 -            900 325552at2759         -            426   2.1e-27   95.1   3.9   1   4   0.00046     0.042   11.7   0.0   192   226   318   350   310   356 0.59 -
augustus_predicted_7051 -            900 325552at2759         -            426   2.1e-27   95.1   3.9   2   4   0.00041     0.037   11.8   0.1   369   397   410   438   400   443 0.91 -
augustus_predicted_7051 -            900 325552at2759         -            426   2.1e-27   95.1   3.9   3   4   4.1e-09   3.7e-07   28.3   0.0   166   229   461   522   444   529 0.89 -
augustus_predicted_7051 -            900 325552at2759         -            426   2.1e-27   95.1   3.9   4   4   3.6e-13   3.3e-11   41.7   0.0   151   228   528   605   521   613 0.95 -
augustus_predicted_6922 -            336 325552at2759         -            426   7.5e-24   83.3   2.5   1   4   1.2e-13   1.1e-11   43.2   0.1   154   236     9    92     3    95 0.91 -
augustus_predicted_6922 -            336 325552at2759         -            426   7.5e-24   83.3   2.5   2   4     0.088         8    4.2   0.0   158   180    96   118    91   127 0.85 -
augustus_predicted_6922 -            336 325552at2759         -            426   7.5e-24   83.3   2.5   3   4   2.5e-10   2.3e-08   32.3   0.1   147   224   140   219   129   234 0.86 -
augustus_predicted_6922 -            336 325552at2759         -            426   7.5e-24   83.3   2.5   4   4       1.3   1.1e+02    0.4   0.0    41    59   297   315   281   321 0.80 -
augustus_predicted_355  -            452 325552at2759         -            426   8.6e-24   83.1   0.2   1   3     1e-09   9.4e-08   30.3   0.0   157   231   145   219   139   226 0.93 -
augustus_predicted_355  -            452 325552at2759         -            426   8.6e-24   83.1   0.2   2   3   3.3e-09     3e-07   28.6   0.0   156   228   228   300   221   303 0.92 -
augustus_predicted_355  -            452 325552at2759         -            426   8.6e-24   83.1   0.2   3   3   4.4e-07     4e-05   21.6   0.3   107   231   300   435   298   442 0.73 -
augustus_predicted_4386 -            444 325552at2759         -            426   1.3e-23   82.5   0.9   1   4   2.4e-10   2.2e-08   32.4   0.1   152   247   111   208   100   212 0.88 -
augustus_predicted_4386 -            444 325552at2759         -            426   1.3e-23   82.5   0.9   2   4    0.0001    0.0093   13.8   0.1   187   229   191   234   188   242 0.82 -
augustus_predicted_4386 -            444 325552at2759         -            426   1.3e-23   82.5   0.9   3   4   0.00011    0.0096   13.8   0.0   153   207   243   297   239   311 0.86 -
augustus_predicted_4386 -            444 325552at2759         -            426   1.3e-23   82.5   0.9   4   4   3.2e-07   2.9e-05   22.1   0.0   167   229   320   381   316   404 0.83 -
augustus_predicted_3372 -            450 325552at2759         -            426   2.6e-23   81.5   0.1   1   4   2.8e-08   2.5e-06   25.6   0.0   167   228    81   142    55   152 0.86 -
augustus_predicted_3372 -            450 325552at2759         -            426   2.6e-23   81.5   0.1   2   4   0.00058     0.053   11.3   0.0   155   224   200   270   190   273 0.79 -
augustus_predicted_3372 -            450 325552at2759         -            426   2.6e-23   81.5   0.1   3   4   5.9e-09   5.4e-07   27.8   0.0   160   232   247   321   244   332 0.83 -
augustus_predicted_3372 -            450 325552at2759         -            426   2.6e-23   81.5   0.1   4   4   8.2e-05    0.0074   14.1   0.0    36    69   332   365   319   386 0.83 -
augustus_predicted_3440 -            316 325552at2759         -            426   3.7e-23   81.1   5.8   1   5     0.045       4.1    5.1   0.0   379   402    27    50    10    55 0.64 -
augustus_predicted_3440 -            316 325552at2759         -            426   3.7e-23   81.1   5.8   2   5   7.1e-12   6.4e-10   37.4   0.5   154   227    62   135    52   145 0.91 -
augustus_predicted_3440 -            316 325552at2759         -            426   3.7e-23   81.1   5.8   3   5   7.9e-10   7.2e-08   30.7   0.0   152   229   145   224   139   233 0.91 -
augustus_predicted_3440 -            316 325552at2759         -            426   3.7e-23   81.1   5.8   4   5     0.067       6.1    4.6   0.0   335   376   226   268   222   283 0.75 -
augustus_predicted_3440 -            316 325552at2759         -            426   3.7e-23   81.1   5.8   5   5      0.37        33    2.1   0.1   202   228   288   314   280   316 0.87 -
augustus_predicted_7622 -            595 325552at2759         -            426   3.9e-23   81.0   7.8   1   4   9.4e-10   8.6e-08   30.4   0.1   151   236   297   385   294   390 0.87 -
augustus_predicted_7622 -            595 325552at2759         -            426   3.9e-23   81.0   7.8   2   4   4.8e-10   4.4e-08   31.4   0.0   160   226   391   460   383   469 0.90 -
augustus_predicted_7622 -            595 325552at2759         -            426   3.9e-23   81.0   7.8   3   4      0.54        49    1.6   0.0   164   203   483   525   464   529 0.74 -
augustus_predicted_7622 -            595 325552at2759         -            426   3.9e-23   81.0   7.8   4   4     4e-06   0.00037   18.5   0.7    41    75   529   563   509   593 0.73 -
augustus_predicted_4228 -            678 325552at2759         -            426   2.4e-22   78.3   4.2   1   5   1.1e-05   0.00095   17.1   0.0   369   398   348   377   339   387 0.89 -
augustus_predicted_4228 -            678 325552at2759         -            426   2.4e-22   78.3   4.2   2   5   8.6e-10   7.8e-08   30.6   0.3   157   231   391   461   384   469 0.88 -
augustus_predicted_4228 -            678 325552at2759         -            426   2.4e-22   78.3   4.2   3   5   0.00019     0.017   12.9   0.3   192   242   463   514   459   519 0.82 -
augustus_predicted_4228 -            678 325552at2759         -            426   2.4e-22   78.3   4.2   4   5   7.3e-05    0.0066   14.3   0.0   169   229   581   639   576   655 0.88 -
augustus_predicted_4228 -            678 325552at2759         -            426   2.4e-22   78.3   4.2   5   5      0.81        74    1.0   0.0   369   397   648   676   640   678 0.88 -
augustus_predicted_1233 -            746 325552at2759         -            426   5.2e-22   77.3   1.0   1   3   0.00067     0.061   11.1   0.0   149   226   387   488   379   497 0.69 -
augustus_predicted_1233 -            746 325552at2759         -            426   5.2e-22   77.3   1.0   2   3   2.8e-08   2.5e-06   25.6   0.1   155   229   501   575   495   583 0.91 -
augustus_predicted_1233 -            746 325552at2759         -            426   5.2e-22   77.3   1.0   3   3   7.9e-12   7.2e-10   37.3   0.0   154   227   584   658   580   666 0.92 -
augustus_predicted_3800 -            684 325552at2759         -            426   1.4e-21   75.8   0.3   1   5    0.0042      0.38    8.5   0.0   197   228    14    46     6    59 0.85 -
augustus_predicted_3800 -            684 325552at2759         -            426   1.4e-21   75.8   0.3   2   5   1.4e-05    0.0013   16.7   0.0   155   182    63    90    56   103 0.60 -
augustus_predicted_3800 -            684 325552at2759         -            426   1.4e-21   75.8   0.3   3   5     2e-12   1.8e-10   39.2   0.1   157   229   124   196   116   206 0.93 -
augustus_predicted_3800 -            684 325552at2759         -            426   1.4e-21   75.8   0.3   4   5       2.4   2.2e+02   -0.6   0.0   152   181   318   348   308   364 0.71 -
augustus_predicted_3800 -            684 325552at2759         -            426   1.4e-21   75.8   0.3   5   5     0.078       7.1    4.3   0.0   167   221   454   509   422   515 0.82 -
augustus_predicted_234  -            393 325552at2759         -            426   2.9e-21   74.8   5.9   1   5   1.2e-08   1.1e-06   26.8   0.0   157   231    34   109    25   124 0.84 -
augustus_predicted_234  -            393 325552at2759         -            426   2.9e-21   74.8   5.9   2   5     0.014       1.2    6.8   0.1    44    63   127   146   113   155 0.80 -
augustus_predicted_234  -            393 325552at2759         -            426   2.9e-21   74.8   5.9   3   5     0.017       1.5    6.5   0.0    35    66   161   192   145   198 0.78 -
augustus_predicted_234  -            393 325552at2759         -            426   2.9e-21   74.8   5.9   4   5   2.7e-07   2.4e-05   22.3   0.1   158   227   162   237   157   241 0.82 -
augustus_predicted_234  -            393 325552at2759         -            426   2.9e-21   74.8   5.9   5   5   2.5e-05    0.0023   15.8   0.1   191   229   330   368   320   386 0.81 -
augustus_predicted_5872 -            977 325552at2759         -            426   5.1e-21   74.0  16.9   1   7    0.0027      0.24    9.2   0.1   190   229   104   143    28   163 0.49 -
augustus_predicted_5872 -            977 325552at2759         -            426   5.1e-21   74.0  16.9   2   7   1.1e-07     1e-05   23.5   0.2   168   230   207   269   199   282 0.90 -
augustus_predicted_5872 -            977 325552at2759         -            426   5.1e-21   74.0  16.9   3   7      0.24        22    2.7   0.0    39   221   283   346   275   356 0.53 -
augustus_predicted_5872 -            977 325552at2759         -            426   5.1e-21   74.0  16.9   4   7       1.1     1e+02    0.5   0.0   200   397   435   461   393   474 0.66 -
augustus_predicted_5872 -            977 325552at2759         -            426   5.1e-21   74.0  16.9   5   7       1.4   1.3e+02    0.2   0.0   212   227   509   524   504   527 0.89 -
augustus_predicted_5872 -            977 325552at2759         -            426   5.1e-21   74.0  16.9   6   7     3e-09   2.8e-07   28.7   0.5   149   229   541   635   537   654 0.76 -
augustus_predicted_5872 -            977 325552at2759         -            426   5.1e-21   74.0  16.9   7   7      0.15        14    3.4   0.8   172   230   687   761   680   781 0.39 -
augustus_predicted_6895 -           1211 325552at2759         -            426   8.1e-21   73.3   0.5   1   4   9.7e-06   0.00088   17.2   0.0   150   228    10    88     7    94 0.94 -
augustus_predicted_6895 -           1211 325552at2759         -            426   8.1e-21   73.3   0.5   2   4   3.9e-09   3.6e-07   28.4   0.0   149   240    93   187    91   193 0.87 -
augustus_predicted_6895 -           1211 325552at2759         -            426   8.1e-21   73.3   0.5   3   4   7.8e-07   7.1e-05   20.8   0.0   149   239   209   302   190   322 0.85 -
augustus_predicted_6895 -           1211 325552at2759         -            426   8.1e-21   73.3   0.5   4   4         2   1.9e+02   -0.3   0.1   323   390   482   549   472   564 0.74 -
augustus_predicted_4366 -           1154 325552at2759         -            426   2.2e-20   71.9   5.1   1   6       1.7   1.5e+02   -0.1   0.0   172   203   268   298   261   303 0.77 -
augustus_predicted_4366 -           1154 325552at2759         -            426   2.2e-20   71.9   5.1   2   6   1.1e-07     1e-05   23.6   0.0   167   234   302   368   298   373 0.90 -
augustus_predicted_4366 -           1154 325552at2759         -            426   2.2e-20   71.9   5.1   3   6   0.00024     0.022   12.6   0.1   365   398   368   401   363   405 0.90 -
augustus_predicted_4366 -           1154 325552at2759         -            426   2.2e-20   71.9   5.1   4   6   9.7e-07   8.8e-05   20.5   0.0   369   426   412   478   406   478 0.80 -
augustus_predicted_4366 -           1154 325552at2759         -            426   2.2e-20   71.9   5.1   5   6   4.2e-06   0.00038   18.4   0.0   367   426   450   518   443   518 0.72 -
augustus_predicted_4366 -           1154 325552at2759         -            426   2.2e-20   71.9   5.1   6   6   0.00031     0.028   12.2   0.0   157   226   495   563   484   571 0.79 -
augustus_predicted_6954 -            554 325552at2759         -            426   7.3e-20   70.2   5.3   1   4    0.0036      0.33    8.7   0.3   169   228   261   320   256   327 0.89 -
augustus_predicted_6954 -            554 325552at2759         -            426   7.3e-20   70.2   5.3   2   4    0.0026      0.24    9.2   0.0   365   393   326   354   320   361 0.89 -
augustus_predicted_6954 -            554 325552at2759         -            426   7.3e-20   70.2   5.3   3   4     4e-10   3.6e-08   31.6   0.0   156   233   373   454   367   461 0.85 -
augustus_predicted_6954 -            554 325552at2759         -            426   7.3e-20   70.2   5.3   4   4   6.3e-07   5.7e-05   21.1   0.0   155   226   458   531   448   536 0.87 -
augustus_predicted_4596 -            853 325552at2759         -            426   3.9e-19   67.8   2.1   1   4   1.4e-09   1.3e-07   29.8   0.1   150   228    50   128     7   137 0.79 -
augustus_predicted_4596 -            853 325552at2759         -            426   3.9e-19   67.8   2.1   2   4     0.052       4.7    4.9   0.0   194   228   137   172   130   182 0.76 -
augustus_predicted_4596 -            853 325552at2759         -            426   3.9e-19   67.8   2.1   3   4   7.9e-09   7.2e-07   27.4   0.0   153   229   182   260   171   275 0.86 -
augustus_predicted_4596 -            853 325552at2759         -            426   3.9e-19   67.8   2.1   4   4      0.39        36    2.0   0.0   134   184   324   378   271   385 0.74 -
augustus_predicted_3932 -            364 325552at2759         -            426   8.9e-19   66.6   0.3   1   2   8.9e-12   8.1e-10   37.1   0.0   155   240    36   125    10   132 0.82 -
augustus_predicted_3932 -            364 325552at2759         -            426   8.9e-19   66.6   0.3   2   2   8.3e-09   7.6e-07   27.3   0.1    18   131   212   337   198   349 0.73 -
augustus_predicted_7863 -            859 325552at2759         -            426     3e-18   64.9   5.2   1   4    0.0017      0.16    9.8   0.1   194   229   329   362   324   369 0.86 -
augustus_predicted_7863 -            859 325552at2759         -            426     3e-18   64.9   5.2   2   4   5.1e-10   4.6e-08   31.3   0.0   155   228   373   447   368   466 0.86 -
augustus_predicted_7863 -            859 325552at2759         -            426     3e-18   64.9   5.2   3   4   6.4e-06   0.00058   17.8   0.1   192   274   501   585   492   593 0.63 -
augustus_predicted_7863 -            859 325552at2759         -            426     3e-18   64.9   5.2   4   4      0.34        31    2.2   0.1   381   396   669   684   666   694 0.88 -
augustus_predicted_4417 -            594 325552at2759         -            426   4.9e-18   64.2   3.8   1   4   1.4e-06   0.00012   20.0   0.1   153   234    92   177    88   183 0.89 -
augustus_predicted_4417 -            594 325552at2759         -            426   4.9e-18   64.2   3.8   2   4     4e-09   3.6e-07   28.4   0.4   155   228   182   255   178   263 0.93 -
augustus_predicted_4417 -            594 325552at2759         -            426   4.9e-18   64.2   3.8   3   4    0.0013      0.11   10.2   0.0   153   216   264   328   260   337 0.87 -
augustus_predicted_4417 -            594 325552at2759         -            426   4.9e-18   64.2   3.8   4   4      0.12        11    3.7   0.0   367   396   376   407   367   422 0.66 -
augustus_predicted_8868 -            316 325552at2759         -            426   1.7e-17   62.4   3.7   1   4   1.1e-10     1e-08   33.4   0.2   152   228    14    94     7   105 0.84 -
augustus_predicted_8868 -            316 325552at2759         -            426   1.7e-17   62.4   3.7   2   4      0.65        59    1.3   0.0   156   397   105   135    93   149 0.48 -
augustus_predicted_8868 -            316 325552at2759         -            426   1.7e-17   62.4   3.7   3   4   4.2e-05    0.0039   15.1   0.2   183   228   155   202   153   212 0.84 -
augustus_predicted_8868 -            316 325552at2759         -            426   1.7e-17   62.4   3.7   4   4    0.0007     0.064   11.1   0.0   163   228   225   291   210   303 0.83 -
augustus_predicted_188  -            362 325552at2759         -            426   6.2e-17   60.5   0.2   1   4   1.4e-13   1.2e-11   43.1   0.0   158   248    36   128    30   136 0.89 -
augustus_predicted_188  -            362 325552at2759         -            426   6.2e-17   60.5   0.2   2   4      0.29        26    2.5   0.1   212   229   139   156   133   165 0.85 -
augustus_predicted_188  -            362 325552at2759         -            426   6.2e-17   60.5   0.2   3   4      0.15        14    3.4   0.3   353   421   148   219   141   221 0.72 -
augustus_predicted_188  -            362 325552at2759         -            426   6.2e-17   60.5   0.2   4   4    0.0074      0.67    7.7   0.0   199   230   265   296   253   325 0.84 -
augustus_predicted_6001 -            309 325552at2759         -            426   1.4e-16   59.4   7.4   1   3     2e-07   1.8e-05   22.7   0.0   167   230    25    92    11   103 0.83 -
augustus_predicted_6001 -            309 325552at2759         -            426   1.4e-16   59.4   7.4   2   3    0.0016      0.14    9.9   0.0   149   209   106   169   102   178 0.84 -
augustus_predicted_6001 -            309 325552at2759         -            426   1.4e-16   59.4   7.4   3   3   3.1e-08   2.8e-06   25.4   3.2   168   265   185   287   182   294 0.83 -
augustus_predicted_283  -            977 325552at2759         -            426   2.1e-16   58.8   1.6   1   4   0.00018     0.017   13.0   0.0   154   183     4    33     1    44 0.87 -
augustus_predicted_283  -            977 325552at2759         -            426   2.1e-16   58.8   1.6   2   4   8.7e-13   7.9e-11   40.4   0.3   156   229    67   140    63   164 0.91 -
augustus_predicted_283  -            977 325552at2759         -            426   2.1e-16   58.8   1.6   3   4       5.1   4.6e+02   -1.6   0.0   147   173   161   187   155   192 0.78 -
augustus_predicted_283  -            977 325552at2759         -            426   2.1e-16   58.8   1.6   4   4      0.62        56    1.4   0.0    57    89   234   268   220   286 0.60 -
augustus_predicted_733  -            618 325552at2759         -            426   3.5e-16   58.1   8.2   1   5   0.00033      0.03   12.2   1.2    34    69   346   381   309   398 0.81 -
augustus_predicted_733  -            618 325552at2759         -            426   3.5e-16   58.1   8.2   2   5       1.6   1.4e+02    0.0   0.0   366   393   383   410   377   420 0.81 -
augustus_predicted_733  -            618 325552at2759         -            426   3.5e-16   58.1   8.2   3   5   1.2e-06   0.00011   20.2   0.2   176   235   406   466   395   484 0.78 -
augustus_predicted_733  -            618 325552at2759         -            426   3.5e-16   58.1   8.2   4   5   0.00058     0.053   11.3   0.2   147   228   463   548   459   553 0.84 -
augustus_predicted_733  -            618 325552at2759         -            426   3.5e-16   58.1   8.2   5   5   2.6e-06   0.00024   19.1   0.0   160   229   520   591   518   612 0.83 -
augustus_predicted_5811 -           1271 325552at2759         -            426   8.4e-16   56.8   0.1   1   2   7.2e-05    0.0065   14.3   0.0   155   228   148   225   124   234 0.84 -
augustus_predicted_5811 -           1271 325552at2759         -            426   8.4e-16   56.8   0.1   2   2   1.3e-12   1.2e-10   39.8   0.1   150   230   240   322   228   338 0.89 -
augustus_predicted_8867 -            785 325552at2759         -            426   2.4e-15   55.3   0.3   1   3     0.027       2.5    5.8   0.0   191   231     8    47     3    63 0.81 -
augustus_predicted_8867 -            785 325552at2759         -            426   2.4e-15   55.3   0.3   2   3   1.9e-06   0.00017   19.5   0.1   162   234   116   187   106   193 0.90 -
augustus_predicted_8867 -            785 325552at2759         -            426   2.4e-15   55.3   0.3   3   3   3.2e-08   2.9e-06   25.4   0.0   165   235   205   272   203   290 0.90 -
augustus_predicted_4790 -            816 325552at2759         -            426   3.5e-15   54.8  10.3   1   6       1.7   1.6e+02   -0.1   0.0   209   226    74    91    23   100 0.60 -
augustus_predicted_4790 -            816 325552at2759         -            426   3.5e-15   54.8  10.3   2   6   0.00018     0.016   13.0   0.3   189   228   101   140    56   148 0.77 -
augustus_predicted_4790 -            816 325552at2759         -            426   3.5e-15   54.8  10.3   3   6      0.76        69    1.1   0.0   211   228   232   249   167   264 0.67 -
augustus_predicted_4790 -            816 325552at2759         -            426   3.5e-15   54.8  10.3   4   6   0.00023     0.021   12.7   0.1   200   227   302   331   291   363 0.86 -
augustus_predicted_4790 -            816 325552at2759         -            426   3.5e-15   54.8  10.3   5   6   0.00022      0.02   12.8   0.1   163   223   367   431   344   490 0.85 -
augustus_predicted_4790 -            816 325552at2759         -            426   3.5e-15   54.8  10.3   6   6   2.6e-05    0.0023   15.8   0.1   156   229   622   705   569   725 0.79 -
augustus_predicted_740  -            477 325552at2759         -            426   9.3e-15   53.4   0.0   1   3   2.2e-13     2e-11   42.4   0.0   155   228    25    98    10   110 0.91 -
augustus_predicted_740  -            477 325552at2759         -            426   9.3e-15   53.4   0.0   2   3     0.014       1.3    6.8   0.0   126   222   147   244   138   258 0.85 -
augustus_predicted_740  -            477 325552at2759         -            426   9.3e-15   53.4   0.0   3   3       2.5   2.3e+02   -0.6   0.0   178   214   301   337   268   354 0.51 -
augustus_predicted_181  -            445 325552at2759         -            426   1.1e-14   53.2   8.5   1   6   0.00016     0.014   13.2   0.0   169   234    40   109    35   120 0.82 -
augustus_predicted_181  -            445 325552at2759         -            426   1.1e-14   53.2   8.5   2   6   1.8e-09   1.6e-07   29.5   0.4   157   225   147   220   140   225 0.87 -
augustus_predicted_181  -            445 325552at2759         -            426   1.1e-14   53.2   8.5   3   6   0.00052     0.048   11.5   0.1   158   208   195   247   195   257 0.87 -
augustus_predicted_181  -            445 325552at2759         -            426   1.1e-14   53.2   8.5   4   6      0.14        12    3.5   0.0   209   229   274   294   267   302 0.79 -
augustus_predicted_181  -            445 325552at2759         -            426   1.1e-14   53.2   8.5   5   6      0.02       1.8    6.3   0.0   196   224   328   356   316   373 0.65 -
augustus_predicted_181  -            445 325552at2759         -            426   1.1e-14   53.2   8.5   6   6       4.2   3.8e+02   -1.4   0.0   210   225   427   442   423   445 0.59 -
augustus_predicted_5146 -            608 325552at2759         -            426   1.5e-14   52.6   7.8   1   7       4.1   3.7e+02   -1.3   0.0   296   352   181   237   171   246 0.86 -
augustus_predicted_5146 -            608 325552at2759         -            426   1.5e-14   52.6   7.8   2   7     0.023       2.1    6.1   0.0   187   227   269   309   265   317 0.91 -
augustus_predicted_5146 -            608 325552at2759         -            426   1.5e-14   52.6   7.8   3   7   1.5e-05    0.0014   16.6   0.1   369   405   320   356   311   364 0.92 -
augustus_predicted_5146 -            608 325552at2759         -            426   1.5e-14   52.6   7.8   4   7   0.00029     0.026   12.3   0.1   190   242   382   433   365   439 0.73 -
augustus_predicted_5146 -            608 325552at2759         -            426   1.5e-14   52.6   7.8   5   7   1.5e-05    0.0014   16.5   0.0   170   227   467   522   451   531 0.79 -
augustus_predicted_5146 -            608 325552at2759         -            426   1.5e-14   52.6   7.8   6   7   6.4e-05    0.0059   14.5   0.0   367   398   491   522   481   558 0.80 -
augustus_predicted_5146 -            608 325552at2759         -            426   1.5e-14   52.6   7.8   7   7       2.3   2.1e+02   -0.5   0.0   204   234   538   568   524   579 0.78 -
augustus_predicted_5540 -           1198 325552at2759         -            426   1.7e-14   52.5   6.5   1   5     0.019       1.7    6.4   0.2   161   185   773   797   762   806 0.88 -
augustus_predicted_5540 -           1198 325552at2759         -            426   1.7e-14   52.5   6.5   2   5       9.9     9e+02   -2.6   0.0   337   365   810   838   805   841 0.85 -
augustus_predicted_5540 -           1198 325552at2759         -            426   1.7e-14   52.5   6.5   3   5   5.3e-11   4.8e-09   34.5   0.1   158   228   876   948   870   955 0.89 -
augustus_predicted_5540 -           1198 325552at2759         -            426   1.7e-14   52.5   6.5   4   5    0.0028      0.26    9.1   0.0   188   235   953   999   948  1006 0.80 -
augustus_predicted_5540 -           1198 325552at2759         -            426   1.7e-14   52.5   6.5   5   5       0.3        28    2.4   0.0    43    62  1056  1075  1042  1087 0.74 -
augustus_predicted_1456 -            364 325552at2759         -            426   5.6e-14   50.8   5.2   1   5   7.2e-10   6.5e-08   30.8   0.6   147   223    34   112     5   119 0.83 -
augustus_predicted_1456 -            364 325552at2759         -            426   5.6e-14   50.8   5.2   2   5   1.5e-05    0.0014   16.5   0.1   171   230   102   161   100   170 0.90 -
augustus_predicted_1456 -            364 325552at2759         -            426   5.6e-14   50.8   5.2   3   5      0.78        70    1.0   0.0   158   199   227   268   216   269 0.80 -
augustus_predicted_1456 -            364 325552at2759         -            426   5.6e-14   50.8   5.2   4   5       1.1        96    0.6   0.0    40    64   288   313   285   323 0.63 -
augustus_predicted_1456 -            364 325552at2759         -            426   5.6e-14   50.8   5.2   5   5       1.2   1.1e+02    0.4   0.0   369   395   329   355   322   363 0.64 -
augustus_predicted_7659 -            474 325552at2759         -            426   7.9e-14   50.3   0.0   1   4     0.098       8.9    4.0   0.0   192   228    56    93    44   108 0.61 -
augustus_predicted_7659 -            474 325552at2759         -            426   7.9e-14   50.3   0.0   2   4       0.2        18    3.0   0.0   166   210    73   118    71   156 0.67 -
augustus_predicted_7659 -            474 325552at2759         -            426   7.9e-14   50.3   0.0   3   4   2.3e-06   0.00021   19.2   0.0   116   229   116   242   105   260 0.71 -
augustus_predicted_7659 -            474 325552at2759         -            426   7.9e-14   50.3   0.0   4   4   2.2e-07     2e-05   22.6   0.0   193   245   279   331   274   335 0.90 -
augustus_predicted_1452 -            959 325552at2759         -            426   1.8e-13   49.2   2.0   1   5   0.00095     0.086   10.6   0.1   199   227   307   335   296   351 0.60 -
augustus_predicted_1452 -            959 325552at2759         -            426   1.8e-13   49.2   2.0   2   5   1.6e-05    0.0015   16.5   0.1   191   227   367   402   361   407 0.87 -
augustus_predicted_1452 -            959 325552at2759         -            426   1.8e-13   49.2   2.0   3   5      0.11        10    3.8   0.0   365   400   408   446   401   468 0.68 -
augustus_predicted_1452 -            959 325552at2759         -            426   1.8e-13   49.2   2.0   4   5   0.00081     0.074   10.9   0.0   166   247   522   608   518   619 0.77 -
augustus_predicted_1452 -            959 325552at2759         -            426   1.8e-13   49.2   2.0   5   5       2.2     2e+02   -0.4   0.0    43    60   673   690   666   702 0.84 -
augustus_predicted_7569 -           1229 325552at2759         -            426     3e-13   48.4   6.3   1   4    0.0079      0.72    7.6   0.0   160   189    19    49    11    61 0.72 -
augustus_predicted_7569 -           1229 325552at2759         -            426     3e-13   48.4   6.3   2   4     0.061       5.5    4.7   0.1   168   230    67   129    59   135 0.91 -
augustus_predicted_7569 -           1229 325552at2759         -            426     3e-13   48.4   6.3   3   4     0.038       3.4    5.4   0.0   153   189   136   172   129   181 0.86 -
augustus_predicted_7569 -           1229 325552at2759         -            426     3e-13   48.4   6.3   4   4   6.4e-10   5.8e-08   31.0   0.2   159   230   193   265   184   277 0.88 -
augustus_predicted_508  -            373 325552at2759         -            426   6.3e-13   47.3   4.9   1   4    0.0041      0.37    8.5   0.0   172   229    59   113    30   121 0.75 -
augustus_predicted_508  -            373 325552at2759         -            426   6.3e-13   47.3   4.9   2   4   0.00095     0.086   10.6   0.0   151   200   119   170   117   177 0.83 -
augustus_predicted_508  -            373 325552at2759         -            426   6.3e-13   47.3   4.9   3   4   2.6e-05    0.0023   15.8   0.1   168   223   187   245   182   262 0.84 -
augustus_predicted_508  -            373 325552at2759         -            426   6.3e-13   47.3   4.9   4   4   0.00036     0.032   12.0   0.1   156   228   262   332   252   345 0.90 -
augustus_predicted_5178 -            475 325552at2759         -            426   2.8e-12   45.2   1.2   1   2   7.6e-10   6.9e-08   30.7   0.2    53   191   220   356   210   364 0.81 -
augustus_predicted_5178 -            475 325552at2759         -            426   2.8e-12   45.2   1.2   2   2    0.0002     0.018   12.9   0.1    37    90   365   419   355   426 0.85 -
augustus_predicted_5688 -            541 325552at2759         -            426   4.1e-12   44.6   0.1   1   3   4.6e-08   4.2e-06   24.8   0.0   163   232   104   174    71   190 0.87 -
augustus_predicted_5688 -            541 325552at2759         -            426   4.1e-12   44.6   0.1   2   3      0.27        25    2.6   0.0   209   237   197   227   193   236 0.70 -
augustus_predicted_5688 -            541 325552at2759         -            426   4.1e-12   44.6   0.1   3   3   0.00014     0.013   13.4   0.0   171   226   242   297   232   310 0.89 -
augustus_predicted_1845 -            757 325552at2759         -            426   3.2e-11   41.7   0.1   1   2   2.6e-12   2.3e-10   38.9   0.0   152   228   539   616   498   632 0.87 -
augustus_predicted_1845 -            757 325552at2759         -            426   3.2e-11   41.7   0.1   2   2       1.9   1.7e+02   -0.2   0.0   140   178   653   694   642   704 0.67 -
augustus_predicted_3193 -            393 325552at2759         -            426   3.4e-11   41.6   1.3   1   3     5e-08   4.6e-06   24.7   0.0   150   229   191   276   187   284 0.79 -
augustus_predicted_3193 -            393 325552at2759         -            426   3.4e-11   41.6   1.3   2   3   0.00017     0.016   13.1   0.1   189   229   279   320   275   332 0.71 -
augustus_predicted_3193 -            393 325552at2759         -            426   3.4e-11   41.6   1.3   3   3      0.36        33    2.1   0.0   369   398   343   375   335   386 0.66 -
augustus_predicted_672  -            355 325552at2759         -            426   1.3e-10   39.7   2.5   1   4   1.1e-06    0.0001   20.3   0.7   148   226    52   133    48   141 0.85 -
augustus_predicted_672  -            355 325552at2759         -            426   1.3e-10   39.7   2.5   2   4      0.16        15    3.3   0.0   199   231   147   180   137   190 0.76 -
augustus_predicted_672  -            355 325552at2759         -            426   1.3e-10   39.7   2.5   3   4    0.0039      0.35    8.6   0.0   169   225   227   286   222   291 0.79 -
augustus_predicted_672  -            355 325552at2759         -            426   1.3e-10   39.7   2.5   4   4      0.11       9.6    3.9   0.0   369   400   318   353   312   355 0.77 -
augustus_predicted_5862 -            485 325552at2759         -            426   1.4e-10   39.6   2.2   1   6      0.28        26    2.5   0.0   209   234   138   163   131   176 0.81 -
augustus_predicted_5862 -            485 325552at2759         -            426   1.4e-10   39.6   2.2   2   6       0.1       9.3    3.9   0.0   372   401   174   204   169   211 0.67 -
augustus_predicted_5862 -            485 325552at2759         -            426   1.4e-10   39.6   2.2   3   6   2.7e-05    0.0025   15.7   0.2   170   229   186   253   182   292 0.81 -
augustus_predicted_5862 -            485 325552at2759         -            426   1.4e-10   39.6   2.2   4   6       2.4   2.2e+02   -0.6   0.1   206   230   305   329   277   341 0.74 -
augustus_predicted_5862 -            485 325552at2759         -            426   1.4e-10   39.6   2.2   5   6   0.00012     0.011   13.6   0.0   160   230   342   416   333   425 0.82 -
augustus_predicted_5862 -            485 325552at2759         -            426   1.4e-10   39.6   2.2   6   6       4.4     4e+02   -1.4   0.0   197   223   450   475   437   479 0.65 -
augustus_predicted_4243 -            611 325552at2759         -            426   1.5e-10   39.5   0.0   1   2     0.064       5.8    4.6   0.0   369   397    80   111    71   115 0.84 -
augustus_predicted_4243 -            611 325552at2759         -            426   1.5e-10   39.5   0.0   2   2   7.2e-05    0.0066   14.3   0.0   188   237   130   179   124   183 0.77 -
augustus_predicted_1978 -            609 325552at2759         -            426   1.8e-10   39.3   0.1   1   3     1e-05   0.00092   17.1   1.2   368   426   353   426   337   426 0.72 -
augustus_predicted_1978 -            609 325552at2759         -            426   1.8e-10   39.3   0.1   2   3    0.0035      0.32    8.8   0.1   155   190   398   434   390   441 0.85 -
augustus_predicted_1978 -            609 325552at2759         -            426   1.8e-10   39.3   0.1   3   3    0.0001    0.0094   13.8   0.0   166   232   475   544   466   553 0.83 -
augustus_predicted_1407 -           1543 325552at2759         -            426   3.6e-10   38.2   4.9   1   3     0.003      0.27    9.0   0.2   190   229    76   115    71   119 0.88 -
augustus_predicted_1407 -           1543 325552at2759         -            426   3.6e-10   38.2   4.9   2   3      0.63        58    1.3   0.1    42    64   137   159   115   173 0.70 -
augustus_predicted_1407 -           1543 325552at2759         -            426   3.6e-10   38.2   4.9   3   3   5.1e-09   4.6e-07   28.0   0.1   168   236   187   256   172   268 0.88 -
augustus_predicted_2415 -            717 325552at2759         -            426   5.2e-10   37.7   0.1   1   4       3.9   3.6e+02   -1.3   0.0    46    70   253   277   248   281 0.86 -
augustus_predicted_2415 -            717 325552at2759         -            426   5.2e-10   37.7   0.1   2   4   1.1e-08   9.6e-07   27.0   0.0   150   231   283   366   269   378 0.85 -
augustus_predicted_2415 -            717 325552at2759         -            426   5.2e-10   37.7   0.1   3   4       5.4   4.9e+02   -1.7   0.0    47   228   441   458   415   464 0.54 -
augustus_predicted_2415 -            717 325552at2759         -            426   5.2e-10   37.7   0.1   4   4      0.02       1.9    6.2   0.0   193   225   651   682   645   693 0.91 -
augustus_predicted_1215 -            535 325552at2759         -            426   6.2e-10   37.5   6.6   1   5         9   8.2e+02   -2.5   0.0    44    63   207   226   206   239 0.76 -
augustus_predicted_1215 -            535 325552at2759         -            426   6.2e-10   37.5   6.6   2   5   0.00029     0.026   12.3   0.0   194   229   262   298   241   305 0.75 -
augustus_predicted_1215 -            535 325552at2759         -            426   6.2e-10   37.5   6.6   3   5   7.1e-06   0.00065   17.6   0.4   168   245   279   356   258   366 0.82 -
augustus_predicted_1215 -            535 325552at2759         -            426   6.2e-10   37.5   6.6   4   5   0.00087     0.079   10.8   0.1   185   229   388   433   353   450 0.83 -
augustus_predicted_1215 -            535 325552at2759         -            426   6.2e-10   37.5   6.6   5   5    0.0014      0.13   10.1   0.1    37    67   452   482   440   490 0.79 -
augustus_predicted_5876 -            625 325552at2759         -            426   7.4e-10   37.2   3.8   1   3   2.7e-11   2.4e-09   35.5   0.2   155   235   231   317   224   340 0.80 -
augustus_predicted_5876 -            625 325552at2759         -            426   7.4e-10   37.2   3.8   2   3      0.55        50    1.5   0.0   141   187   357   402   325   413 0.57 -
augustus_predicted_5876 -            625 325552at2759         -            426   7.4e-10   37.2   3.8   3   3       7.3   6.6e+02   -2.2   0.1    45    72   455   481   446   485 0.66 -
augustus_predicted_4291 -            915 325552at2759         -            426   9.9e-10   36.8   0.5   1   4    0.0004     0.037   11.9   0.0   153   229    15    99     3   119 0.78 -
augustus_predicted_4291 -            915 325552at2759         -            426   9.9e-10   36.8   0.5   2   4    0.0033       0.3    8.9   0.0    50   103   394   448   386   454 0.86 -
augustus_predicted_4291 -            915 325552at2759         -            426   9.9e-10   36.8   0.5   3   4   0.00031     0.028   12.2   0.0   166   222   432   490   430   497 0.88 -
augustus_predicted_4291 -            915 325552at2759         -            426   9.9e-10   36.8   0.5   4   4     0.021       1.9    6.2   0.0   172   236   588   661   576   669 0.73 -
augustus_predicted_2475 -            596 325552at2759         -            426   5.4e-09   34.4   0.3   1   4      0.22        20    2.8   0.0   193   231   103   141    97   152 0.79 -
augustus_predicted_2475 -            596 325552at2759         -            426   5.4e-09   34.4   0.3   2   4   0.00051     0.046   11.5   0.0   190   228   211   250   175   266 0.75 -
augustus_predicted_2475 -            596 325552at2759         -            426   5.4e-09   34.4   0.3   3   4    0.0015      0.13   10.0   0.2   169   228   288   352   282   365 0.69 -
augustus_predicted_2475 -            596 325552at2759         -            426   5.4e-09   34.4   0.3   4   4     0.063       5.7    4.6   0.0   160   220   373   434   363   446 0.89 -
augustus_predicted_1242 -           1106 325552at2759         -            426   6.9e-09   34.0   0.1   1   2   2.4e-08   2.2e-06   25.8   0.0   155   241    46   141    42   203 0.74 -
augustus_predicted_1242 -           1106 325552at2759         -            426   6.9e-09   34.0   0.1   2   2     0.086       7.8    4.2   0.0   163   235   930  1002   911  1009 0.79 -
augustus_predicted_7681 -            363 325552at2759         -            426   1.1e-08   33.3   3.6   1   4     0.024       2.2    6.0   0.0   341   372    11    42     4    47 0.87 -
augustus_predicted_7681 -            363 325552at2759         -            426   1.1e-08   33.3   3.6   2   4   3.6e-06   0.00032   18.6   0.2   113   224    49   171    45   180 0.74 -
augustus_predicted_7681 -            363 325552at2759         -            426   1.1e-08   33.3   3.6   3   4     0.052       4.7    4.9   0.0   153   181   203   231   199   239 0.86 -
augustus_predicted_7681 -            363 325552at2759         -            426   1.1e-08   33.3   3.6   4   4       2.4   2.2e+02   -0.6   0.0   329   390   331   356   308   363 0.46 -
augustus_predicted_8386 -            492 325552at2759         -            426   1.1e-08   33.3   7.1   1   3   5.3e-07   4.8e-05   21.4   0.8   189   245   295   353   260   357 0.80 -
augustus_predicted_8386 -            492 325552at2759         -            426   1.1e-08   33.3   7.1   2   3   2.1e-06   0.00019   19.4   3.3   154   226   302   378   298   386 0.62 -
augustus_predicted_8386 -            492 325552at2759         -            426   1.1e-08   33.3   7.1   3   3   0.00018     0.016   13.0   0.0   187   232   393   439   389   450 0.83 -
augustus_predicted_2706 -            357 325552at2759         -            426   1.5e-08   32.9   4.2   1   4    0.0011     0.098   10.5   0.1   157   230    15    96     4   101 0.77 -
augustus_predicted_2706 -            357 325552at2759         -            426   1.5e-08   32.9   4.2   2   4     0.019       1.7    6.4   0.3   191   226    98   133    93   145 0.84 -
augustus_predicted_2706 -            357 325552at2759         -            426   1.5e-08   32.9   4.2   3   4       1.6   1.5e+02   -0.0   0.0   308   343   144   179   137   233 0.83 -
augustus_predicted_2706 -            357 325552at2759         -            426   1.5e-08   32.9   4.2   4   4   4.7e-05    0.0043   14.9   0.1   158   212   265   319   259   324 0.93 -
augustus_predicted_1322 -            442 325552at2759         -            426   1.6e-08   32.9   1.9   1   3     0.023       2.1    6.1   0.0   169   227    36    98    27   123 0.69 -
augustus_predicted_1322 -            442 325552at2759         -            426   1.6e-08   32.9   1.9   2   3   5.6e-08   5.1e-06   24.6   0.1   148   211   310   374   264   413 0.79 -
augustus_predicted_1322 -            442 325552at2759         -            426   1.6e-08   32.9   1.9   3   3       8.3   7.6e+02   -2.4   0.0    47    61   426   440   415   442 0.64 -
augustus_predicted_1146 -            629 325552at2759         -            426   3.8e-08   31.6   3.4   1   3   4.1e-08   3.7e-06   25.0   0.2   157   227    76   148    64   161 0.86 -
augustus_predicted_1146 -            629 325552at2759         -            426   3.8e-08   31.6   3.4   2   3       1.7   1.5e+02   -0.1   0.0   195   228   207   240   178   256 0.58 -
augustus_predicted_1146 -            629 325552at2759         -            426   3.8e-08   31.6   3.4   3   3     0.036       3.2    5.4   0.1   149   196   259   307   247   326 0.84 -
augustus_predicted_8796 -            525 325552at2759         -            426   7.3e-08   30.6   2.8   1   7      0.26        24    2.6   0.0   188   227    58    98    43   106 0.77 -
augustus_predicted_8796 -            525 325552at2759         -            426   7.3e-08   30.6   2.8   2   7     0.044         4    5.1   0.0    35    63   136   164   121   188 0.74 -
augustus_predicted_8796 -            525 325552at2759         -            426   7.3e-08   30.6   2.8   3   7   0.00063     0.057   11.2   0.1   170   226   207   269   201   288 0.61 -
augustus_predicted_8796 -            525 325552at2759         -            426   7.3e-08   30.6   2.8   4   7    0.0013      0.12   10.2   0.0   162   198   247   283   234   302 0.75 -
augustus_predicted_8796 -            525 325552at2759         -            426   7.3e-08   30.6   2.8   5   7       4.7   4.2e+02   -1.5   0.0    13    59   280   326   270   329 0.69 -
augustus_predicted_8796 -            525 325552at2759         -            426   7.3e-08   30.6   2.8   6   7      0.15        14    3.4   0.0   155   208   371   427   366   434 0.75 -
augustus_predicted_8796 -            525 325552at2759         -            426   7.3e-08   30.6   2.8   7   7      0.37        33    2.1   0.0   175   219   474   518   465   524 0.81 -
augustus_predicted_3793 -            938 325552at2759         -            426   1.1e-07   30.1   4.2   1   5       3.2   2.9e+02   -1.0   0.0   195   228   189   221   155   235 0.45 -
augustus_predicted_3793 -            938 325552at2759         -            426   1.1e-07   30.1   4.2   2   5    0.0044       0.4    8.4   0.1    40    73   247   277   238   285 0.74 -
augustus_predicted_3793 -            938 325552at2759         -            426   1.1e-07   30.1   4.2   3   5    0.0014      0.13   10.1   0.1   160   190   286   316   284   324 0.90 -
augustus_predicted_3793 -            938 325552at2759         -            426   1.1e-07   30.1   4.2   4   5       3.9   3.5e+02   -1.2   0.0   158   218   435   495   426   498 0.60 -
augustus_predicted_3793 -            938 325552at2759         -            426   1.1e-07   30.1   4.2   5   5    0.0065      0.59    7.9   0.0    33    68   553   588   538   595 0.84 -
augustus_predicted_6173 -           1462 325552at2759         -            426   2.6e-07   28.8   2.2   1   3     0.031       2.8    5.7   0.3   360   410   109   162    90   168 0.77 -
augustus_predicted_6173 -           1462 325552at2759         -            426   2.6e-07   28.8   2.2   2   3   0.00047     0.043   11.6   0.3   153   226   117   192   107   201 0.90 -
augustus_predicted_6173 -           1462 325552at2759         -            426   2.6e-07   28.8   2.2   3   3   2.7e-07   2.5e-05   22.3   0.1   158   227   166   237   155   246 0.88 -
augustus_predicted_2153 -            980 325552at2759         -            426   4.8e-07   28.0   0.4   1   4         7   6.3e+02   -2.1   0.0   291   362    28    97    24   102 0.72 -
augustus_predicted_2153 -            980 325552at2759         -            426   4.8e-07   28.0   0.4   2   4    0.0011     0.099   10.4   0.1   157   224    99   167    92   182 0.81 -
augustus_predicted_2153 -            980 325552at2759         -            426   4.8e-07   28.0   0.4   3   4     0.044         4    5.2   0.0   192   260   226   299   219   327 0.71 -
augustus_predicted_2153 -            980 325552at2759         -            426   4.8e-07   28.0   0.4   4   4    0.0099       0.9    7.3   0.0   187   251   354   422   335   429 0.75 -
augustus_predicted_7131 -            658 325552at2759         -            426   5.2e-07   27.8   0.0   1   4     0.014       1.3    6.8   0.0   157   215    36    91    25   118 0.74 -
augustus_predicted_7131 -            658 325552at2759         -            426   5.2e-07   27.8   0.0   2   4       2.9   2.7e+02   -0.9   0.0   322   368   110   156   100   165 0.72 -
augustus_predicted_7131 -            658 325552at2759         -            426   5.2e-07   27.8   0.0   3   4       1.6   1.5e+02    0.0   0.0    74    91   272   289   266   294 0.81 -
augustus_predicted_7131 -            658 325552at2759         -            426   5.2e-07   27.8   0.0   4   4   3.5e-05    0.0032   15.4   0.0   159   228   317   394   307   404 0.80 -
augustus_predicted_204  -            793 325552at2759         -            426   6.4e-07   27.5   0.0   1   2   0.00032     0.029   12.2   0.1    31    66   429   466   423   502 0.77 -
augustus_predicted_204  -            793 325552at2759         -            426   6.4e-07   27.5   0.0   2   2    0.0002     0.018   12.9   0.0   148   224   700   792   692   793 0.75 -
augustus_predicted_4325 -           1282 325552at2759         -            426   2.2e-06   25.8   0.1   1   2   0.00036     0.032   12.0   0.1   150   233   115   203   107   218 0.80 -
augustus_predicted_4325 -           1282 325552at2759         -            426   2.2e-06   25.8   0.1   2   2   0.00081     0.074   10.9   0.0   119   240   211   344   208   348 0.75 -
augustus_predicted_5669 -            643 325552at2759         -            426   6.7e-06   24.2   0.4   1   4         3   2.8e+02   -0.9   0.1   196   239   118   161   108   178 0.63 -
augustus_predicted_5669 -            643 325552at2759         -            426   6.7e-06   24.2   0.4   2   4   0.00034     0.031   12.1   0.1   185   232   220   267   197   282 0.85 -
augustus_predicted_5669 -            643 325552at2759         -            426   6.7e-06   24.2   0.4   3   4      0.13        12    3.6   0.0   204   227   468   491   447   500 0.66 -
augustus_predicted_5669 -            643 325552at2759         -            426   6.7e-06   24.2   0.4   4   4      0.18        17    3.1   0.0   162   218   512   572   502   591 0.59 -
augustus_predicted_742  -            355 325552at2759         -            426   1.4e-05   23.1   0.4   1   4    0.0006     0.054   11.3   0.2   169   231    28    92    17   109 0.68 -
augustus_predicted_742  -            355 325552at2759         -            426   1.4e-05   23.1   0.4   2   4     0.088         8    4.2   0.0   365   399   143   180    89   192 0.60 -
augustus_predicted_742  -            355 325552at2759         -            426   1.4e-05   23.1   0.4   3   4     0.065       5.9    4.6   0.0   155   220   148   215   140   229 0.66 -
augustus_predicted_742  -            355 325552at2759         -            426   1.4e-05   23.1   0.4   4   4      0.17        16    3.2   0.0   202   241   302   341   294   346 0.85 -
augustus_predicted_8313 -           1395 325552at2759         -            426   3.1e-05   22.0   0.3   1   3      0.17        16    3.2   0.0    45    72   944   971   936  1035 0.66 -
augustus_predicted_8313 -           1395 325552at2759         -            426   3.1e-05   22.0   0.3   2   3    0.0027      0.24    9.2   0.1    39    88  1169  1218  1144  1223 0.69 -
augustus_predicted_8313 -           1395 325552at2759         -            426   3.1e-05   22.0   0.3   3   3     0.036       3.3    5.4   0.0    18    87  1255  1325  1241  1345 0.74 -
augustus_predicted_5570 -            573 325552at2759         -            426   3.2e-05   22.0   4.9   1   4      0.83        75    1.0   0.1   309   343    43    78    37    95 0.75 -
augustus_predicted_5570 -            573 325552at2759         -            426   3.2e-05   22.0   4.9   2   4   1.9e-06   0.00017   19.5   0.0   161   227    94   160    89   175 0.93 -
augustus_predicted_5570 -            573 325552at2759         -            426   3.2e-05   22.0   4.9   3   4       1.4   1.2e+02    0.2   0.0   192   229   183   223   178   235 0.67 -
augustus_predicted_5570 -            573 325552at2759         -            426   3.2e-05   22.0   4.9   4   4       4.5   4.1e+02   -1.5   0.0   200   228   299   327   292   366 0.61 -
augustus_predicted_1835 -            472 325552at2759         -            426   4.4e-05   21.5   3.5   1   5     0.037       3.4    5.4   0.0    38   193    34    67    22    72 0.55 -
augustus_predicted_1835 -            472 325552at2759         -            426   4.4e-05   21.5   3.5   2   5      0.33        30    2.3   0.1   207   231   101   125    88   136 0.79 -
augustus_predicted_1835 -            472 325552at2759         -            426   4.4e-05   21.5   3.5   3   5      0.25        23    2.6   0.0   192   244   181   232   173   251 0.78 -
augustus_predicted_1835 -            472 325552at2759         -            426   4.4e-05   21.5   3.5   4   5     0.008      0.72    7.6   0.0    38    65   299   325   282   333 0.83 -
augustus_predicted_1835 -            472 325552at2759         -            426   4.4e-05   21.5   3.5   5   5       4.5     4e+02   -1.5   0.0   161   188   357   384   353   397 0.71 -
augustus_predicted_3079 -           1158 325552at2759         -            426   5.6e-05   21.2   1.4   1   5     0.086       7.8    4.2   0.0   193   230   761   798   752   846 0.83 -
augustus_predicted_3079 -           1158 325552at2759         -            426   5.6e-05   21.2   1.4   2   5       1.3   1.2e+02    0.3   0.1   170   204   850   884   832   899 0.66 -
augustus_predicted_3079 -           1158 325552at2759         -            426   5.6e-05   21.2   1.4   3   5         2   1.8e+02   -0.3   0.1    46    62   907   923   896   929 0.69 -
augustus_predicted_3079 -           1158 325552at2759         -            426   5.6e-05   21.2   1.4   4   5       1.5   1.3e+02    0.1   0.0   165   191   992  1018   965  1026 0.83 -
augustus_predicted_3079 -           1158 325552at2759         -            426   5.6e-05   21.2   1.4   5   5    0.0018      0.16    9.8   0.0   167   224  1095  1156  1084  1158 0.91 -
augustus_predicted_7641 -           1132 325552at2759         -            426   5.6e-05   21.1   3.3   1   5       1.3   1.2e+02    0.3   0.0    35    62   166   193   144   199 0.80 -
augustus_predicted_7641 -           1132 325552at2759         -            426   5.6e-05   21.1   3.3   2   5    0.0098      0.89    7.3   0.0   193   228   213   257   195   265 0.71 -
augustus_predicted_7641 -           1132 325552at2759         -            426   5.6e-05   21.1   3.3   3   5     0.017       1.5    6.5   0.0   188   227   798   837   770   847 0.91 -
augustus_predicted_7641 -           1132 325552at2759         -            426   5.6e-05   21.1   3.3   4   5      0.65        59    1.3   0.0   207   233   929   955   924   961 0.81 -
augustus_predicted_7641 -           1132 325552at2759         -            426   5.6e-05   21.1   3.3   5   5       2.4   2.2e+02   -0.6   0.0   154   228   990  1078   960  1087 0.65 -
augustus_predicted_4679 -            379 325552at2759         -            426   9.2e-05   20.4   4.0   1   3   3.5e-05    0.0032   15.4   0.3   156   226    14    88     6    95 0.86 -
augustus_predicted_4679 -            379 325552at2759         -            426   9.2e-05   20.4   4.0   2   3      0.12        11    3.7   0.0    68   110   220   264   204   290 0.75 -
augustus_predicted_4679 -            379 325552at2759         -            426   9.2e-05   20.4   4.0   3   3      0.82        75    1.0   0.1   160   425   335   356   319   366 0.65 -
augustus_predicted_3437 -           1219 325552at2759         -            426   0.00016   19.7   0.0   1   2       6.2   5.6e+02   -1.9   0.0   343   370   895   924   890   930 0.49 -
augustus_predicted_3437 -           1219 325552at2759         -            426   0.00016   19.7   0.0   2   2   7.9e-06   0.00072   17.5   0.0   176   229   977  1030   968  1088 0.58 -
augustus_predicted_6468 -           1449 325552at2759         -            426   0.00036   18.5   0.0   1   2   0.00017     0.016   13.1   0.0   190   232   300   342   254   415 0.61 -
augustus_predicted_6468 -           1449 325552at2759         -            426   0.00036   18.5   0.0   2   2       0.5        46    1.7   0.0   199   226   543   570   534   588 0.81 -
augustus_predicted_963  -           1599 325552at2759         -            426   0.00059   17.8   0.6   1   1   2.5e-05    0.0023   15.8   0.0   186   228  1126  1168  1115  1181 0.89 -
augustus_predicted_2249 -            830 325552at2759         -            426   0.00062   17.7   1.4   1   3      0.58        52    1.5   0.1    79   141   355   417   346   420 0.66 -
augustus_predicted_2249 -            830 325552at2759         -            426   0.00062   17.7   1.4   2   3    0.0011       0.1   10.4   0.0   192   227   460   495   453   509 0.57 -
augustus_predicted_2249 -            830 325552at2759         -            426   0.00062   17.7   1.4   3   3       0.3        27    2.4   0.0   135   212   575   655   567   660 0.56 -
augustus_predicted_3296 -            859 325552at2759         -            426   0.00074   17.5   2.1   1   4      0.34        31    2.2   0.0   154   188   219   256   209   266 0.69 -
augustus_predicted_3296 -            859 325552at2759         -            426   0.00074   17.5   2.1   2   4    0.0014      0.13   10.1   0.4   199   243   290   332   285   338 0.79 -
augustus_predicted_3296 -            859 325552at2759         -            426   0.00074   17.5   2.1   3   4         4   3.6e+02   -1.3   0.0   375   396   493   514   487   528 0.62 -
augustus_predicted_3296 -            859 325552at2759         -            426   0.00074   17.5   2.1   4   4      0.96        88    0.7   0.0   194   245   541   592   531   605 0.77 -
augustus_predicted_8636 -            579 325552at2759         -            426    0.0013   16.6   2.5   1   5      0.98        89    0.7   0.0   160   187   298   325   289   335 0.52 -
augustus_predicted_8636 -            579 325552at2759         -            426    0.0013   16.6   2.5   2   5       2.1   1.9e+02   -0.4   0.1   162   226   347   416   324   426 0.61 -
augustus_predicted_8636 -            579 325552at2759         -            426    0.0013   16.6   2.5   3   5         4   3.7e+02   -1.3   0.1    46    64   451   469   449   479 0.85 -
augustus_predicted_8636 -            579 325552at2759         -            426    0.0013   16.6   2.5   4   5       1.2   1.1e+02    0.4   0.0   158   176   504   522   493   528 0.68 -
augustus_predicted_8636 -            579 325552at2759         -            426    0.0013   16.6   2.5   5   5    0.0015      0.13   10.0   0.0    36    62   551   577   540   579 0.90 -
augustus_predicted_3308 -            816 325552at2759         -            426    0.0029   15.5   0.5   1   2       3.1   2.8e+02   -0.9   0.0   406   426   267   290   262   290 0.72 -
augustus_predicted_3308 -            816 325552at2759         -            426    0.0029   15.5   0.5   2   2   0.00046     0.042   11.7   0.1   167   228   538   597   518   613 0.83 -
augustus_predicted_1284 -           1867 325552at2759         -            426    0.0058   14.5   0.0   1   2    0.0014      0.13   10.0   0.0   175   229  1315  1369  1303  1378 0.81 -
augustus_predicted_1284 -           1867 325552at2759         -            426    0.0058   14.5   0.0   2   2      0.38        34    2.1   0.0   192   230  1380  1418  1372  1438 0.83 -
augustus_predicted_3848 -            525 325552at2759         -            426    0.0086   13.9   3.5   1   3    0.0026      0.23    9.2   0.2   117   243   248   387   241   415 0.54 -
augustus_predicted_3848 -            525 325552at2759         -            426    0.0086   13.9   3.5   2   3     0.012       1.1    7.0   0.0   212   262   357   415   350   433 0.47 -
augustus_predicted_3848 -            525 325552at2759         -            426    0.0086   13.9   3.5   3   3       3.3     3e+02   -1.0   0.2    37    60   501   524   497   525 0.90 -
augustus_predicted_7965 -            823 325552at2759         -            426     0.013   13.4   0.0   1   1   0.00021     0.019   12.8   0.0   175   236   392   453   389   465 0.91 -
augustus_predicted_2342 -            728 325552at2759         -            426     0.049   11.5   0.0   1   2         4   3.6e+02   -1.3   0.0   159   183   258   282   252   288 0.72 -
augustus_predicted_2342 -            728 325552at2759         -            426     0.049   11.5   0.0   2   2    0.0033       0.3    8.9   0.0    50   100   323   372   319   377 0.86 -
augustus_predicted_1393 -            444 325552at2759         -            426     0.085   10.7   0.0   1   3       7.6   6.9e+02   -2.2   0.0   124   149     6    31     2   109 0.61 -
augustus_predicted_1393 -            444 325552at2759         -            426     0.085   10.7   0.0   2   3      0.01      0.93    7.2   0.0   163   220   169   225   154   241 0.87 -
augustus_predicted_1393 -            444 325552at2759         -            426     0.085   10.7   0.0   3   3    0.0077       0.7    7.6   0.0   159   238   206   288   199   333 0.81 -
#
# Program:         hmmsearch
# Version:         3.1b2 (February 2015)
# Pipeline mode:   SEARCH
# Query file:      ../../stats/eukaryota_odb10/hmms/325552at2759.hmm
# Target file:     /home/centos/br/bin/Brownotate-1.2.0/runs/b283acc0-5629-444b-ad7a-7147f201d246/annotation/augustus_annotation.faa
# Option settings: hmmsearch --domtblout /home/centos/br/bin/Brownotate-1.2.0/runs/b283acc0-5629-444b-ad7a-7147f201d246/busco_annotation/run_eukaryota_odb10/hmmer_output/initial_run_results/325552at2759.out --cpu 1 ../../stats/eukaryota_odb10/hmms/325552at2759.hmm /home/centos/br/bin/Brownotate-1.2.0/runs/b283acc0-5629-444b-ad7a-7147f201d246/annotation/augustus_annotation.faa 
# Current dir:     /home/centos/br/bin/Brownotate-1.2.0/runs/b283acc0-5629-444b-ad7a-7147f201d246
# Date:            Sat Aug 24 02:32:00 2024
# [ok]
