#                                                                               --- full sequence --- -------------- this domain -------------   hmm coord   ali coord   env coord
# target name           accession   tlen query name           accession   qlen   E-value  score  bias   #  of  c-Evalue  i-Evalue  score  bias  from    to  from    to  from    to  acc description of target
#   ------------------- ---------- ----- -------------------- ---------- ----- --------- ------ ----- --- --- --------- --------- ------ ----- ----- ----- ----- ----- ----- ----- ---- ---------------------
augustus_predicted_3997 -            587 330169at2759         -            351     3e-87  292.0  26.7   1   2   3.2e-42   7.2e-39  132.9   5.2     3   130    14   163    12   170 0.84 -
augustus_predicted_3997 -            587 330169at2759         -            351     3e-87  292.0  26.7   2   2     1e-47   2.2e-44  151.0  13.6   128   321   183   440   178   446 0.71 -
augustus_predicted_2088 -            603 330169at2759         -            351   8.6e-06   24.1   8.7   1   1   5.3e-08   0.00012   20.3   8.2   162   268   160   287   108   303 0.74 -
augustus_predicted_2566 -            546 330169at2759         -            351    0.0009   17.4   3.5   1   2      0.14   3.2e+02   -0.8   1.9    65   149    91   175    85   195 0.70 -
augustus_predicted_2566 -            546 330169at2759         -            351    0.0009   17.4   3.5   2   2     4e-07    0.0009   17.4   3.5   183   296   251   377   185   388 0.73 -
augustus_predicted_817  -            713 330169at2759         -            351     0.036   12.2  14.7   1   2      0.22   4.8e+02   -1.4   1.8    51   129   101   179    85   183 0.70 -
augustus_predicted_817  -            713 330169at2759         -            351     0.036   12.2  14.7   2   2   3.2e-06    0.0072   14.5   5.3   209   270   317   378   218   384 0.91 -
#
# Program:         hmmsearch
# Version:         3.1b2 (February 2015)
# Pipeline mode:   SEARCH
# Query file:      ../../stats/eukaryota_odb10/hmms/330169at2759.hmm
# Target file:     /home/centos/br/bin/Brownotate-1.2.0/runs/b283acc0-5629-444b-ad7a-7147f201d246/annotation/augustus_annotation.faa
# Option settings: hmmsearch --domtblout /home/centos/br/bin/Brownotate-1.2.0/runs/b283acc0-5629-444b-ad7a-7147f201d246/busco_annotation/run_eukaryota_odb10/hmmer_output/initial_run_results/330169at2759.out --cpu 1 ../../stats/eukaryota_odb10/hmms/330169at2759.hmm /home/centos/br/bin/Brownotate-1.2.0/runs/b283acc0-5629-444b-ad7a-7147f201d246/annotation/augustus_annotation.faa 
# Current dir:     /home/centos/br/bin/Brownotate-1.2.0/runs/b283acc0-5629-444b-ad7a-7147f201d246
# Date:            Sat Aug 24 02:32:00 2024
# [ok]
