#                                                                               --- full sequence --- -------------- this domain -------------   hmm coord   ali coord   env coord
# target name           accession   tlen query name           accession   qlen   E-value  score  bias   #  of  c-Evalue  i-Evalue  score  bias  from    to  from    to  from    to  acc description of target
#   ------------------- ---------- ----- -------------------- ---------- ----- --------- ------ ----- --- --- --------- --------- ------ ----- ----- ----- ----- ----- ----- ----- ---- ---------------------
augustus_predicted_5446 -           1013 331411at2759         -            419    1e-104  349.8   2.8   1   2   1.6e-70   4.7e-67  225.8   1.8     1   242   262   573   262   620 0.77 -
augustus_predicted_5446 -           1013 331411at2759         -            419    1e-104  349.8   2.8   2   2   1.4e-38   4.2e-35  120.5   0.0   250   402   669   847   647   851 0.85 -
augustus_predicted_2414 -           1773 331411at2759         -            419   7.9e-11   40.6   5.4   1   3   6.3e-10   1.9e-06   26.1   0.4   315   398  1507  1592  1503  1611 0.84 -
augustus_predicted_2414 -           1773 331411at2759         -            419   7.9e-11   40.6   5.4   2   3   0.00013      0.39    8.6   0.0   319   379  1658  1715  1654  1720 0.85 -
augustus_predicted_2414 -           1773 331411at2759         -            419   7.9e-11   40.6   5.4   3   3   0.00084       2.5    6.0   0.3   344   380  1732  1768  1726  1772 0.88 -
augustus_predicted_1923 -            588 331411at2759         -            419   1.4e-10   39.7  13.0   1   4    0.0002       0.6    8.0   0.0     5    60    51   117    47   117 0.70 -
augustus_predicted_1923 -            588 331411at2759         -            419   1.4e-10   39.7  13.0   2   4   3.4e-08    0.0001   20.4   0.1   288   391    79   190    76   207 0.83 -
augustus_predicted_1923 -            588 331411at2759         -            419   1.4e-10   39.7  13.0   3   4   6.3e-07    0.0019   16.2   1.6   166   224   272   329   247   368 0.74 -
augustus_predicted_1923 -            588 331411at2759         -            419   1.4e-10   39.7  13.0   4   4     0.002       6.1    4.7   0.7   104   162   438   493   414   514 0.71 -
#
# Program:         hmmsearch
# Version:         3.1b2 (February 2015)
# Pipeline mode:   SEARCH
# Query file:      ../../stats/eukaryota_odb10/hmms/331411at2759.hmm
# Target file:     /home/centos/br/bin/Brownotate-1.2.0/runs/b283acc0-5629-444b-ad7a-7147f201d246/annotation/augustus_annotation.faa
# Option settings: hmmsearch --domtblout /home/centos/br/bin/Brownotate-1.2.0/runs/b283acc0-5629-444b-ad7a-7147f201d246/busco_annotation/run_eukaryota_odb10/hmmer_output/initial_run_results/331411at2759.out --cpu 1 ../../stats/eukaryota_odb10/hmms/331411at2759.hmm /home/centos/br/bin/Brownotate-1.2.0/runs/b283acc0-5629-444b-ad7a-7147f201d246/annotation/augustus_annotation.faa 
# Current dir:     /home/centos/br/bin/Brownotate-1.2.0/runs/b283acc0-5629-444b-ad7a-7147f201d246
# Date:            Sat Aug 24 02:31:58 2024
# [ok]
