#                                                                               --- full sequence --- -------------- this domain -------------   hmm coord   ali coord   env coord
# target name           accession   tlen query name           accession   qlen   E-value  score  bias   #  of  c-Evalue  i-Evalue  score  bias  from    to  from    to  from    to  acc description of target
#   ------------------- ---------- ----- -------------------- ---------- ----- --------- ------ ----- --- --- --------- --------- ------ ----- ----- ----- ----- ----- ----- ----- ---- ---------------------
augustus_predicted_311  -            673 355408at2759         -            555  1.4e-233  775.6  57.2   1   1  1.5e-233  1.7e-230  765.4  57.2     1   550     9   661     9   667 0.88 -
augustus_predicted_1410 -            851 355408at2759         -            555     2e-30  105.0  26.3   1   6   3.5e-05     0.039   11.6   0.2   176   255    20   106    14   110 0.72 -
augustus_predicted_1410 -            851 355408at2759         -            555     2e-30  105.0  26.3   2   6   1.5e-09   1.6e-06   26.1   3.5    67   177   106   216    97   238 0.81 -
augustus_predicted_1410 -            851 355408at2759         -            555     2e-30  105.0  26.3   3   6    0.0053       5.9    4.4   0.0   481   521   286   325   265   338 0.58 -
augustus_predicted_1410 -            851 355408at2759         -            555     2e-30  105.0  26.3   4   6   6.1e-10   6.8e-07   27.3   0.7    55   115   421   486   364   507 0.58 -
augustus_predicted_1410 -            851 355408at2759         -            555     2e-30  105.0  26.3   5   6   8.3e-12   9.3e-09   33.5   6.3    55   196   421   586   412   593 0.77 -
augustus_predicted_1410 -            851 355408at2759         -            555     2e-30  105.0  26.3   6   6   1.2e-12   1.3e-09   36.3   0.0    69   199   596   737   592   750 0.79 -
augustus_predicted_8626 -            941 355408at2759         -            555   9.7e-28   96.1  28.9   1   5   6.7e-05     0.076   10.7   0.0    64   133   285   355   280   368 0.84 -
augustus_predicted_8626 -            941 355408at2759         -            555   9.7e-28   96.1  28.9   2   5   0.00029      0.33    8.6   4.6    72   203   357   481   350   514 0.61 -
augustus_predicted_8626 -            941 355408at2759         -            555   9.7e-28   96.1  28.9   3   5   2.4e-17   2.8e-14   51.7   5.5    53   203   540   692   534   701 0.92 -
augustus_predicted_8626 -            941 355408at2759         -            555   9.7e-28   96.1  28.9   4   5   5.7e-06    0.0064   14.2   0.0    88   144   677   733   668   741 0.91 -
augustus_predicted_8626 -            941 355408at2759         -            555   9.7e-28   96.1  28.9   5   5   8.7e-10   9.8e-07   26.8   2.2    54   184   744   873   738   890 0.73 -
augustus_predicted_1923 -            588 355408at2759         -            555   1.1e-17   62.9  12.5   1   3   2.1e-11   2.3e-08   32.2   0.1    66   203    52   196    18   208 0.79 -
augustus_predicted_1923 -            588 355408at2759         -            555   1.1e-17   62.9  12.5   2   3   3.5e-10   3.9e-07   28.1   2.5    55   180   278   408   247   434 0.81 -
augustus_predicted_1923 -            588 355408at2759         -            555   1.1e-17   62.9  12.5   3   3   0.00034      0.38    8.4   0.5   135   186   435   488   428   505 0.79 -
augustus_predicted_5446 -           1013 355408at2759         -            555   2.4e-12   45.3   0.9   1   3   8.1e-12   9.2e-09   33.5   0.2    86   168   255   337   243   378 0.90 -
augustus_predicted_5446 -           1013 355408at2759         -            555   2.4e-12   45.3   0.9   2   3     0.004       4.5    4.8   0.0   430   474   394   439   388   466 0.64 -
augustus_predicted_5446 -           1013 355408at2759         -            555   2.4e-12   45.3   0.9   3   3      0.01        12    3.5   0.0    96   149   724   777   686   833 0.62 -
augustus_predicted_2414 -           1773 355408at2759         -            555   3.7e-12   44.7   0.0   1   2   1.1e-09   1.2e-06   26.5   0.1    77   198  1493  1623  1481  1638 0.82 -
augustus_predicted_2414 -           1773 355408at2759         -            555   3.7e-12   44.7   0.0   2   2   3.6e-06    0.0041   14.9   0.0    58   115  1653  1713  1646  1768 0.80 -
augustus_predicted_5331 -            361 355408at2759         -            555   0.00011   20.0   0.8   1   1   1.6e-07   0.00018   19.3   0.8    56   167    76   156    12   168 0.61 -
augustus_predicted_4383 -           1191 355408at2759         -            555     0.018   12.7   0.1   1   4      0.16   1.8e+02   -0.4   0.0   121   239    50   163    42   174 0.66 -
augustus_predicted_4383 -           1191 355408at2759         -            555     0.018   12.7   0.1   2   4     0.018        21    2.6   0.2    55    88   174   207   169   250 0.76 -
augustus_predicted_4383 -           1191 355408at2759         -            555     0.018   12.7   0.1   3   4   1.6e-05     0.018   12.7   0.1    57   160   248   353   232   361 0.84 -
augustus_predicted_4383 -           1191 355408at2759         -            555     0.018   12.7   0.1   4   4       2.3   2.6e+03   -4.3   1.1    52    69   924   941   911   954 0.52 -
#
# Program:         hmmsearch
# Version:         3.1b2 (February 2015)
# Pipeline mode:   SEARCH
# Query file:      ../../stats/eukaryota_odb10/hmms/355408at2759.hmm
# Target file:     /home/centos/br/bin/Brownotate-1.2.0/runs/b283acc0-5629-444b-ad7a-7147f201d246/annotation/augustus_annotation.faa
# Option settings: hmmsearch --domtblout /home/centos/br/bin/Brownotate-1.2.0/runs/b283acc0-5629-444b-ad7a-7147f201d246/busco_annotation/run_eukaryota_odb10/hmmer_output/initial_run_results/355408at2759.out --cpu 1 ../../stats/eukaryota_odb10/hmms/355408at2759.hmm /home/centos/br/bin/Brownotate-1.2.0/runs/b283acc0-5629-444b-ad7a-7147f201d246/annotation/augustus_annotation.faa 
# Current dir:     /home/centos/br/bin/Brownotate-1.2.0/runs/b283acc0-5629-444b-ad7a-7147f201d246
# Date:            Sat Aug 24 02:31:59 2024
# [ok]
