#                                                                               --- full sequence --- -------------- this domain -------------   hmm coord   ali coord   env coord
# target name           accession   tlen query name           accession   qlen   E-value  score  bias   #  of  c-Evalue  i-Evalue  score  bias  from    to  from    to  from    to  acc description of target
#   ------------------- ---------- ----- -------------------- ---------- ----- --------- ------ ----- --- --- --------- --------- ------ ----- ----- ----- ----- ----- ----- ----- ---- ---------------------
augustus_predicted_3308 -            816 388820at2759         -            609  4.2e-125  417.3   7.7   1   5     5e-54   5.3e-52  175.8   0.0    81   297   111   382    81   405 0.81 -
augustus_predicted_3308 -            816 388820at2759         -            609  4.2e-125  417.3   7.7   2   5   1.9e-14     2e-12   45.1   0.4   311   350   465   504   463   508 0.93 -
augustus_predicted_3308 -            816 388820at2759         -            609  4.2e-125  417.3   7.7   3   5   1.7e-10   1.9e-08   32.0   0.0   346   382   522   558   514   575 0.82 -
augustus_predicted_3308 -            816 388820at2759         -            609  4.2e-125  417.3   7.7   4   5   4.5e-31   4.9e-29  100.0   0.2   423   498   574   652   567   663 0.90 -
augustus_predicted_3308 -            816 388820at2759         -            609  4.2e-125  417.3   7.7   5   5   4.6e-20   4.9e-18   63.6   0.1   492   543   691   742   688   753 0.93 -
augustus_predicted_7444 -           1334 388820at2759         -            609   3.7e-42  143.3  10.3   1   6   8.1e-09   8.7e-07   26.5   0.0   418   483   722   791   711   794 0.84 -
augustus_predicted_7444 -           1334 388820at2759         -            609   3.7e-42  143.3  10.3   2   6   2.1e-09   2.3e-07   28.4   1.3   400   482   784   874   783   878 0.79 -
augustus_predicted_7444 -           1334 388820at2759         -            609   3.7e-42  143.3  10.3   3   6   4.7e-07   5.1e-05   20.6   0.0   417   482   847   916   844   919 0.86 -
augustus_predicted_7444 -           1334 388820at2759         -            609   3.7e-42  143.3  10.3   4   6   9.7e-08     1e-05   22.9   0.5   419   482   975  1042   971  1044 0.83 -
augustus_predicted_7444 -           1334 388820at2759         -            609   3.7e-42  143.3  10.3   5   6   5.7e-07   6.1e-05   20.4   0.0   419   481  1101  1167  1097  1173 0.86 -
augustus_predicted_7444 -           1334 388820at2759         -            609   3.7e-42  143.3  10.3   6   6   7.4e-05    0.0079   13.4   0.0   419   471  1185  1242  1180  1251 0.85 -
augustus_predicted_2291 -           1161 388820at2759         -            609   2.6e-27   94.2  24.1   1   8     0.026       2.8    5.0   0.1   161   449   473   504   462   512 0.58 -
augustus_predicted_2291 -           1161 388820at2759         -            609   2.6e-27   94.2  24.1   2   8     0.064       6.8    3.7   0.0   417   448   522   554   512   565 0.81 -
augustus_predicted_2291 -           1161 388820at2759         -            609   2.6e-27   94.2  24.1   3   8     8e-07   8.5e-05   19.9   0.3   398   462   602   671   596   675 0.83 -
augustus_predicted_2291 -           1161 388820at2759         -            609   2.6e-27   94.2  24.1   4   8   4.2e-05    0.0045   14.2   0.0   424   484   675   735   663   747 0.82 -
augustus_predicted_2291 -           1161 388820at2759         -            609   2.6e-27   94.2  24.1   5   8   4.3e-08   4.6e-06   24.1   0.3   399   483   726   816   722   819 0.78 -
augustus_predicted_2291 -           1161 388820at2759         -            609   2.6e-27   94.2  24.1   6   8   1.3e-10   1.4e-08   32.4   0.6   322   449   841   967   817   976 0.82 -
augustus_predicted_2291 -           1161 388820at2759         -            609   2.6e-27   94.2  24.1   7   8    0.0086      0.92    6.6   0.2   422   446   996  1021   991  1027 0.80 -
augustus_predicted_2291 -           1161 388820at2759         -            609   2.6e-27   94.2  24.1   8   8      0.53        57    0.6   0.0   321   338  1130  1147  1127  1155 0.88 -
augustus_predicted_1221 -            963 388820at2759         -            609     4e-25   87.0   9.5   1   6     2e-09   2.1e-07   28.5   0.0    60   187     9   144     2   177 0.74 -
augustus_predicted_1221 -            963 388820at2759         -            609     4e-25   87.0   9.5   2   6   0.00069     0.074   10.2   0.0   419   452   173   207   161   213 0.79 -
augustus_predicted_1221 -            963 388820at2759         -            609     4e-25   87.0   9.5   3   6      0.28        30    1.6   0.1   203   227   223   247   208   371 0.54 -
augustus_predicted_1221 -            963 388820at2759         -            609     4e-25   87.0   9.5   4   6   2.3e-08   2.5e-06   24.9   0.1   158   267   425   539   410   541 0.80 -
augustus_predicted_1221 -            963 388820at2759         -            609     4e-25   87.0   9.5   5   6   9.7e-08     1e-05   22.9   0.0   323   442   478   590   466   591 0.78 -
augustus_predicted_1221 -            963 388820at2759         -            609     4e-25   87.0   9.5   6   6    0.0015      0.16    9.1   0.1   194   264   564   633   551   642 0.83 -
augustus_predicted_6895 -           1211 388820at2759         -            609   7.6e-22   76.2   0.8   1   3   2.8e-12     3e-10   37.9   0.0   161   266    18   129     7   133 0.84 -
augustus_predicted_6895 -           1211 388820at2759         -            609   7.6e-22   76.2   0.8   2   3    0.0075      0.81    6.8   0.0   231   271   135   176   129   199 0.77 -
augustus_predicted_6895 -           1211 388820at2759         -            609   7.6e-22   76.2   0.8   3   3   3.2e-09   3.4e-07   27.8   0.0   194   267   216   290   200   296 0.89 -
augustus_predicted_4784 -            535 388820at2759         -            609   4.5e-20   70.3   0.4   1   4    0.0013      0.14    9.2   0.0   403   478   217   301   199   305 0.65 -
augustus_predicted_4784 -            535 388820at2759         -            609   4.5e-20   70.3   0.4   2   4   0.00026     0.028   11.6   0.0   419   448   280   310   278   317 0.87 -
augustus_predicted_4784 -            535 388820at2759         -            609   4.5e-20   70.3   0.4   3   4   8.5e-11   9.1e-09   33.0   0.2   398   487   297   393   296   400 0.86 -
augustus_predicted_4784 -            535 388820at2759         -            609   4.5e-20   70.3   0.4   4   4   5.1e-06   0.00055   17.2   0.0   349   477   404   524   401   533 0.72 -
augustus_predicted_5240 -           1581 388820at2759         -            609   7.2e-19   66.4  23.9   1   4   2.5e-07   2.7e-05   21.5   2.2   176   266   227   323   219   326 0.63 -
augustus_predicted_5240 -           1581 388820at2759         -            609   7.2e-19   66.4  23.9   2   4   3.1e-10   3.3e-08   31.2   1.9   157   266   334   449   327   459 0.82 -
augustus_predicted_5240 -           1581 388820at2759         -            609   7.2e-19   66.4  23.9   3   4   3.7e-09     4e-07   27.6   6.1   383   489   422   539   418   544 0.79 -
augustus_predicted_5240 -           1581 388820at2759         -            609   7.2e-19   66.4  23.9   4   4     0.069       7.4    3.6   0.1   423   453   536   567   532   594 0.40 -
augustus_predicted_3190 -            885 388820at2759         -            609   1.8e-18   65.1   6.7   1   5       4.8   5.2e+02   -2.5   0.0   107   174    68   137    63   149 0.63 -
augustus_predicted_3190 -            885 388820at2759         -            609   1.8e-18   65.1   6.7   2   5   0.00018     0.019   12.1   0.0   192   267   175   251   151   261 0.83 -
augustus_predicted_3190 -            885 388820at2759         -            609   1.8e-18   65.1   6.7   3   5   1.9e-08   2.1e-06   25.2   1.8   314   482   283   477   278   483 0.48 -
augustus_predicted_3190 -            885 388820at2759         -            609   1.8e-18   65.1   6.7   4   5   1.9e-08     2e-06   25.3   0.2   319   472   458   611   452   618 0.80 -
augustus_predicted_3190 -            885 388820at2759         -            609   1.8e-18   65.1   6.7   5   5       8.6   9.2e+02   -3.3   0.0   417   460   655   698   648   702 0.67 -
augustus_predicted_3662 -            522 388820at2759         -            609   1.1e-17   62.4   0.2   1   3   1.7e-12   1.8e-10   38.6   0.1   108   266   165   333   164   337 0.86 -
augustus_predicted_3662 -            522 388820at2759         -            609   1.1e-17   62.4   0.2   2   3   0.00029     0.031   11.4   0.0   399   462   324   393   323   400 0.73 -
augustus_predicted_3662 -            522 388820at2759         -            609   1.1e-17   62.4   0.2   3   3    0.0014      0.14    9.2   0.0   323   378   414   472   409   479 0.79 -
augustus_predicted_4228 -            678 388820at2759         -            609   6.2e-17   60.0   4.0   1   5   4.6e-08   4.9e-06   24.0   0.0   194   266   347   417   340   422 0.82 -
augustus_predicted_4228 -            678 388820at2759         -            609   6.2e-17   60.0   4.0   2   5    0.0018      0.19    8.8   0.1   333   382   411   459   411   477 0.81 -
augustus_predicted_4228 -            678 388820at2759         -            609   6.2e-17   60.0   4.0   3   5   0.00016     0.017   12.3   0.3   426   454   479   507   471   512 0.89 -
augustus_predicted_4228 -            678 388820at2759         -            609   6.2e-17   60.0   4.0   4   5   0.00089     0.096    9.8   0.0   428   453   580   605   575   610 0.92 -
augustus_predicted_4228 -            678 388820at2759         -            609   6.2e-17   60.0   4.0   5   5     0.032       3.5    4.7   0.0   208   265   622   676   607   678 0.80 -
augustus_predicted_1166 -           1293 388820at2759         -            609   7.3e-16   56.5   5.8   1   5   2.7e-06   0.00029   18.1   0.0   205   265   936   995   919  1007 0.59 -
augustus_predicted_1166 -           1293 388820at2759         -            609   7.3e-16   56.5   5.8   2   5   1.6e-05    0.0017   15.6   0.2   204   266  1026  1086  1020  1113 0.86 -
augustus_predicted_1166 -           1293 388820at2759         -            609   7.3e-16   56.5   5.8   3   5     0.028         3    4.9   0.0   430   481  1152  1207  1129  1212 0.52 -
augustus_predicted_1166 -           1293 388820at2759         -            609   7.3e-16   56.5   5.8   4   5   7.1e-07   7.6e-05   20.0   0.2   194   267  1181  1253  1152  1260 0.87 -
augustus_predicted_1166 -           1293 388820at2759         -            609   7.3e-16   56.5   5.8   5   5   1.5e-05    0.0016   15.7   0.0   419   482  1225  1292  1217  1293 0.67 -
augustus_predicted_4386 -            444 388820at2759         -            609     1e-15   55.9   6.0   1   4   5.8e-10   6.3e-08   30.2   0.5   153   266   109   232   105   234 0.80 -
augustus_predicted_4386 -            444 388820at2759         -            609     1e-15   55.9   6.0   2   4   7.7e-06   0.00083   16.6   0.2   425   457   212   244   203   254 0.86 -
augustus_predicted_4386 -            444 388820at2759         -            609     1e-15   55.9   6.0   3   4   0.00092     0.098    9.8   0.3   413   448   248   278   230   285 0.74 -
augustus_predicted_4386 -            444 388820at2759         -            609     1e-15   55.9   6.0   4   4   1.7e-05    0.0018   15.5   0.0   208   268   323   381   316   392 0.64 -
augustus_predicted_355  -            452 388820at2759         -            609   4.9e-15   53.7   0.9   1   3     1e-11   1.1e-09   36.0   0.0   324   454   158   308   137   312 0.80 -
augustus_predicted_355  -            452 388820at2759         -            609   4.9e-15   53.7   0.9   2   3   0.00013     0.014   12.6   0.2   318   384   319   385   304   394 0.76 -
augustus_predicted_355  -            452 388820at2759         -            609   4.9e-15   53.7   0.9   3   3      0.23        25    1.8   0.0   350   381   401   432   388   439 0.74 -
augustus_predicted_4366 -           1154 388820at2759         -            609   7.2e-15   53.2   2.5   1   5   8.2e-07   8.8e-05   19.8   0.0   173   267   266   362   256   367 0.80 -
augustus_predicted_4366 -           1154 388820at2759         -            609   7.2e-15   53.2   2.5   2   5      0.37        40    1.2   0.0   235   266   371   401   364   409 0.70 -
augustus_predicted_4366 -           1154 388820at2759         -            609   7.2e-15   53.2   2.5   3   5   1.6e-06   0.00017   18.9   0.1   415   482   412   479   392   483 0.81 -
augustus_predicted_4366 -           1154 388820at2759         -            609   7.2e-15   53.2   2.5   4   5   6.3e-08   6.7e-06   23.5   0.1   162   267   417   522   415   533 0.85 -
augustus_predicted_4366 -           1154 388820at2759         -            609   7.2e-15   53.2   2.5   5   5   2.2e-05    0.0023   15.1   0.1   172   267   465   522   458   577 0.49 -
augustus_predicted_234  -            393 388820at2759         -            609   1.7e-14   51.9   0.9   1   4   3.9e-08   4.2e-06   24.2   0.0   365   449     5   109     2   110 0.65 -
augustus_predicted_234  -            393 388820at2759         -            609   1.7e-14   51.9   0.9   2   4   0.00025     0.027   11.6   0.0   341   401   107   166   105   168 0.89 -
augustus_predicted_234  -            393 388820at2759         -            609   1.7e-14   51.9   0.9   3   4     0.056         6    3.9   0.1   312   379   162   236   159   244 0.62 -
augustus_predicted_234  -            393 388820at2759         -            609   1.7e-14   51.9   0.9   4   4    0.0011      0.12    9.5   0.0   419   452   339   373   329   381 0.88 -
augustus_predicted_6609 -           1821 388820at2759         -            609   5.6e-14   50.2  21.6   1   3   5.1e-08   5.4e-06   23.8   5.6   383   482   278   386   273   396 0.56 -
augustus_predicted_6609 -           1821 388820at2759         -            609   5.6e-14   50.2  21.6   2   3   1.7e-07   1.8e-05   22.1   5.9   162   268   362   474   361   482 0.56 -
augustus_predicted_6609 -           1821 388820at2759         -            609   5.6e-14   50.2  21.6   3   3   2.4e-08   2.6e-06   24.9   8.4   349   458   399   527   399   544 0.61 -
augustus_predicted_6442 -            359 388820at2759         -            609   6.3e-14   50.1   7.2   1   4     0.025       2.7    5.0   0.0   234   379    63    95    31   111 0.60 -
augustus_predicted_6442 -            359 388820at2759         -            609   6.3e-14   50.1   7.2   2   4   0.00036     0.039   11.1   0.5   418   451   111   145   108   164 0.85 -
augustus_predicted_6442 -            359 388820at2759         -            609   6.3e-14   50.1   7.2   3   4   4.3e-07   4.6e-05   20.8   0.6   346   444   147   264   145   278 0.65 -
augustus_predicted_6442 -            359 388820at2759         -            609   6.3e-14   50.1   7.2   4   4   0.00031     0.033   11.3   0.0   209   261   301   353   270   357 0.80 -
augustus_predicted_5146 -            608 388820at2759         -            609   6.5e-14   50.0   6.0   1   4    0.0089      0.95    6.5   0.0   430   449   294   313   271   318 0.70 -
augustus_predicted_5146 -            608 388820at2759         -            609   6.5e-14   50.0   6.0   2   4   6.2e-08   6.7e-06   23.5   0.9   349   456   320   428   316   438 0.79 -
augustus_predicted_5146 -            608 388820at2759         -            609   6.5e-14   50.0   6.0   3   4   2.9e-06   0.00031   18.0   0.0   326   380   469   522   456   529 0.90 -
augustus_predicted_5146 -            608 388820at2759         -            609   6.5e-14   50.0   6.0   4   4      0.42        45    1.0   0.0   419   451   536   567   533   569 0.86 -
augustus_predicted_5081 -            801 388820at2759         -            609   1.1e-13   49.3   7.5   1   3   6.8e-07   7.3e-05   20.1   0.2   418   483   510   579   499   589 0.79 -
augustus_predicted_5081 -            801 388820at2759         -            609   1.1e-13   49.3   7.5   2   3   1.6e-07   1.8e-05   22.2   2.0   398   483   612   705   612   709 0.81 -
augustus_predicted_5081 -            801 388820at2759         -            609   1.1e-13   49.3   7.5   3   3   0.00058     0.062   10.4   0.0   419   465   679   729   675   756 0.75 -
augustus_predicted_3800 -            684 388820at2759         -            609   1.9e-13   48.5   0.1   1   1   5.7e-14   6.1e-12   43.5   0.1   198   397    19   211    10   218 0.75 -
augustus_predicted_7863 -            859 388820at2759         -            609   3.3e-13   47.7   2.7   1   6   1.4e-05    0.0015   15.8   0.2   427   479   342   401   330   403 0.71 -
augustus_predicted_7863 -            859 388820at2759         -            609   3.3e-13   47.7   2.7   2   6     0.015       1.6    5.8   0.0   343   385   366   410   360   425 0.77 -
augustus_predicted_7863 -            859 388820at2759         -            609   3.3e-13   47.7   2.7   3   6      0.22        24    1.9   0.0   424   443   426   444   417   452 0.75 -
augustus_predicted_7863 -            859 388820at2759         -            609   3.3e-13   47.7   2.7   4   6     0.005      0.53    7.4   0.0   229   267   498   535   485   539 0.87 -
augustus_predicted_7863 -            859 388820at2759         -            609   3.3e-13   47.7   2.7   5   6   1.8e-05    0.0019   15.4   0.1   332   385   527   579   505   593 0.65 -
augustus_predicted_7863 -            859 388820at2759         -            609   3.3e-13   47.7   2.7   6   6     0.039       4.2    4.4   0.0   225   275   803   852   798   855 0.87 -
augustus_predicted_4417 -            594 388820at2759         -            609   3.8e-13   47.5   4.3   1   4   3.9e-08   4.2e-06   24.2   0.9   147   264   129   252    86   257 0.83 -
augustus_predicted_4417 -            594 388820at2759         -            609   3.8e-13   47.5   4.3   2   4   1.5e-06   0.00016   19.0   0.2   196   265   227   296   220   297 0.86 -
augustus_predicted_4417 -            594 388820at2759         -            609   3.8e-13   47.5   4.3   3   4   1.8e-05    0.0019   15.4   0.1   195   263   268   337   259   349 0.79 -
augustus_predicted_4417 -            594 388820at2759         -            609   3.8e-13   47.5   4.3   4   4     0.034       3.6    4.6   0.0   343   379   372   408   370   419 0.91 -
augustus_predicted_1438 -            454 388820at2759         -            609   6.4e-13   46.7   3.4   1   3   2.3e-08   2.5e-06   25.0   0.2   160   268   169   286   162   294 0.84 -
augustus_predicted_1438 -            454 388820at2759         -            609   6.4e-13   46.7   3.4   2   3   0.00014     0.015   12.5   0.0   204   269   308   372   291   382 0.76 -
augustus_predicted_1438 -            454 388820at2759         -            609   6.4e-13   46.7   3.4   3   3    0.0098       1.1    6.4   0.2   308   378   382   453   375   454 0.91 -
augustus_predicted_4596 -            853 388820at2759         -            609   6.6e-13   46.7   0.0   1   5     0.012       1.3    6.0   0.0   342   382     5    45     1    55 0.84 -
augustus_predicted_4596 -            853 388820at2759         -            609   6.6e-13   46.7   0.0   2   5   0.00012     0.012   12.7   0.0   322   387    68   134    56   144 0.85 -
augustus_predicted_4596 -            853 388820at2759         -            609   6.6e-13   46.7   0.0   3   5   2.2e-05    0.0024   15.1   0.0   192   276    95   181    89   189 0.83 -
augustus_predicted_4596 -            853 388820at2759         -            609   6.6e-13   46.7   0.0   4   5   9.6e-07    0.0001   19.6   0.0   194   273   185   267   175   273 0.78 -
augustus_predicted_4596 -            853 388820at2759         -            609   6.6e-13   46.7   0.0   5   5       8.5   9.1e+02   -3.3   0.0   401   448   447   495   439   502 0.71 -
augustus_predicted_5872 -            977 388820at2759         -            609   7.1e-13   46.6   1.4   1   5    0.0018      0.19    8.8   0.0   348   390   109   151    99   158 0.82 -
augustus_predicted_5872 -            977 388820at2759         -            609   7.1e-13   46.6   1.4   2   5     0.001      0.11    9.6   0.1   431   485   210   267   195   274 0.53 -
augustus_predicted_5872 -            977 388820at2759         -            609   7.1e-13   46.6   1.4   3   5      0.12        12    2.8   0.0   349   385   431   467   428   487 0.64 -
augustus_predicted_5872 -            977 388820at2759         -            609   7.1e-13   46.6   1.4   4   5   2.4e-05    0.0025   15.0   0.0   189   259   542   612   539   616 0.87 -
augustus_predicted_5872 -            977 388820at2759         -            609   7.1e-13   46.6   1.4   5   5      0.21        23    2.0   0.0   205   256   615   664   612   667 0.78 -
augustus_predicted_7939 -            915 388820at2759         -            609     8e-13   46.4   8.0   1   3   7.4e-05    0.0079   13.4   0.1   207   447   543   601   521   615 0.59 -
augustus_predicted_7939 -            915 388820at2759         -            609     8e-13   46.4   8.0   2   3    0.0054      0.57    7.2   0.1   201   264   635   713   631   714 0.78 -
augustus_predicted_7939 -            915 388820at2759         -            609     8e-13   46.4   8.0   3   3     1e-08   1.1e-06   26.2   3.9   306   454   681   845   678   849 0.76 -
augustus_predicted_3440 -            316 388820at2759         -            609   1.9e-12   45.2   2.4   1   5      0.11        12    2.9   0.0   247   271    27    51     7    62 0.61 -
augustus_predicted_3440 -            316 388820at2759         -            609   1.9e-12   45.2   2.4   2   5   3.9e-07   4.1e-05   20.9   0.2   313   378    67   133    62   141 0.86 -
augustus_predicted_3440 -            316 388820at2759         -            609   1.9e-12   45.2   2.4   3   5   3.4e-05    0.0036   14.5   0.1   195   266   107   180   104   190 0.79 -
augustus_predicted_3440 -            316 388820at2759         -            609   1.9e-12   45.2   2.4   4   5   3.6e-05    0.0038   14.4   0.0   349   454   147   271   142   277 0.70 -
augustus_predicted_3440 -            316 388820at2759         -            609   1.9e-12   45.2   2.4   5   5         3   3.2e+02   -1.8   0.0   418   444   286   312   274   315 0.60 -
augustus_predicted_1233 -            746 388820at2759         -            609   8.2e-12   43.1   5.6   1   4      0.11        12    2.9   0.0   417   444   394   422   386   427 0.84 -
augustus_predicted_1233 -            746 388820at2759         -            609   8.2e-12   43.1   5.6   2   4     0.002      0.22    8.6   0.8   425   447   469   491   464   500 0.83 -
augustus_predicted_1233 -            746 388820at2759         -            609   8.2e-12   43.1   5.6   3   4   1.7e-05    0.0018   15.5   0.1   196   268   504   575   490   578 0.84 -
augustus_predicted_1233 -            746 388820at2759         -            609   8.2e-12   43.1   5.6   4   4   2.1e-05    0.0022   15.2   0.0   159   220   586   655   576   663 0.82 -
augustus_predicted_508  -            373 388820at2759         -            609   1.9e-11   41.9   0.1   1   2    0.0068      0.73    6.9   0.0   234   272    78   117    53   126 0.55 -
augustus_predicted_508  -            373 388820at2759         -            609   1.9e-11   41.9   0.1   2   2   5.5e-12   5.9e-10   36.9   0.1   160   380    83   331    81   346 0.75 -
augustus_predicted_7622 -            595 388820at2759         -            609   1.9e-11   41.9   3.2   1   2   1.3e-08   1.4e-06   25.8   0.1   194   267   302   376   294   391 0.82 -
augustus_predicted_7622 -            595 388820at2759         -            609   1.9e-11   41.9   3.2   2   2    0.0025      0.27    8.3   0.5   222   264   416   459   412   595 0.54 -
augustus_predicted_7051 -            900 388820at2759         -            609   1.1e-10   39.4   4.9   1   4     0.079       8.5    3.4   0.0   234   265   320   350   313   353 0.73 -
augustus_predicted_7051 -            900 388820at2759         -            609   1.1e-10   39.4   4.9   2   4   1.3e-05    0.0014   15.9   0.2   398   452   429   487   412   491 0.80 -
augustus_predicted_7051 -            900 388820at2759         -            609   1.1e-10   39.4   4.9   3   4    0.0021      0.22    8.6   0.0   321   380   502   562   491   573 0.80 -
augustus_predicted_7051 -            900 388820at2759         -            609   1.1e-10   39.4   4.9   4   4   9.1e-05    0.0098   13.1   0.2   326   399   549   625   535   644 0.56 -
augustus_predicted_3031 -            855 388820at2759         -            609   6.9e-10   36.7   1.3   1   2     2e-06   0.00021   18.6   0.1   154   265   533   652   527   666 0.80 -
augustus_predicted_3031 -            855 388820at2759         -            609   6.9e-10   36.7   1.3   2   2   7.4e-06   0.00079   16.7   0.1   362   455   675   789   664   824 0.67 -
augustus_predicted_5178 -            475 388820at2759         -            609   1.1e-09   36.1   1.2   1   1   3.5e-11   3.7e-09   34.3   0.4   320   483   250   433   241   464 0.79 -
augustus_predicted_5862 -            485 388820at2759         -            609   4.7e-09   34.0   7.3   1   4   0.00054     0.058   10.5   0.0   204   272   137   207   131   215 0.81 -
augustus_predicted_5862 -            485 388820at2759         -            609   4.7e-09   34.0   7.3   2   4    0.0021      0.22    8.6   0.0   346   381   217   252   213   258 0.91 -
augustus_predicted_5862 -            485 388820at2759         -            609   4.7e-09   34.0   7.3   3   4   6.1e-05    0.0066   13.7   1.3   432   508   313   394   295   400 0.73 -
augustus_predicted_5862 -            485 388820at2759         -            609   4.7e-09   34.0   7.3   4   4      0.34        36    1.3   0.0   430   447   398   415   396   420 0.86 -
augustus_predicted_740  -            477 388820at2759         -            609     2e-08   31.9   2.5   1   2   1.2e-07   1.3e-05   22.6   0.0   388   459    33   111    25   124 0.82 -
augustus_predicted_740  -            477 388820at2759         -            609     2e-08   31.9   2.5   2   2    0.0078      0.83    6.7   1.9   309   482   176   349   169   356 0.64 -
augustus_predicted_1758 -            506 388820at2759         -            609   2.3e-08   31.7   0.2   1   3   1.1e-06   0.00012   19.4   0.0   173   267   250   350   243   356 0.77 -
augustus_predicted_1758 -            506 388820at2759         -            609   2.3e-08   31.7   0.2   2   3      0.28        30    1.6   0.0   350   385   361   396   357   407 0.71 -
augustus_predicted_1758 -            506 388820at2759         -            609   2.3e-08   31.7   0.2   3   3     0.013       1.3    6.0   0.0   206   263   447   503   432   506 0.80 -
augustus_predicted_1452 -            959 388820at2759         -            609   3.6e-08   31.0   1.2   1   3     0.024       2.6    5.1   0.0   418   447   307   337   303   339 0.86 -
augustus_predicted_1452 -            959 388820at2759         -            609   3.6e-08   31.0   1.2   2   3   2.1e-06   0.00023   18.5   0.3   418   481   375   441   371   452 0.82 -
augustus_predicted_1452 -            959 388820at2759         -            609   3.6e-08   31.0   1.2   3   3     0.059       6.3    3.8   0.0   157   186   454   483   445   494 0.88 -
augustus_predicted_3932 -            364 388820at2759         -            609   4.2e-08   30.8   0.4   1   3   1.9e-07   2.1e-05   21.9   0.0   195   268    38   113    34   125 0.89 -
augustus_predicted_3932 -            364 388820at2759         -            609   4.2e-08   30.8   0.4   2   3   0.00037     0.039   11.1   0.1   430   476    96   145    92   154 0.82 -
augustus_predicted_3932 -            364 388820at2759         -            609   4.2e-08   30.8   0.4   3   3     0.024       2.6    5.1   0.0   428   484   202   261   199   283 0.62 -
augustus_predicted_742  -            355 388820at2759         -            609   5.3e-08   30.5   0.0   1   2     3e-05    0.0032   14.7   0.1   160   263    59   176    54   215 0.57 -
augustus_predicted_742  -            355 388820at2759         -            609   5.3e-08   30.5   0.0   2   2   0.00065     0.069   10.3   0.0   350   378   297   325   293   337 0.89 -
augustus_predicted_6954 -            554 388820at2759         -            609   8.1e-08   29.9   1.8   1   3   4.2e-06   0.00044   17.5   0.1   133   268   262   404   258   411 0.77 -
augustus_predicted_6954 -            554 388820at2759         -            609   8.1e-08   29.9   1.8   2   3   0.00082     0.088    9.9   0.2   434   507   436   513   414   518 0.79 -
augustus_predicted_6954 -            554 388820at2759         -            609   8.1e-08   29.9   1.8   3   3       0.3        33    1.4   0.0   349   379   501   531   497   540 0.79 -
augustus_predicted_5688 -            541 388820at2759         -            609   8.5e-08   29.8   1.4   1   3     0.021       2.3    5.3   0.1   400   448    76   129    68   137 0.82 -
augustus_predicted_5688 -            541 388820at2759         -            609   8.5e-08   29.8   1.4   2   3    0.0004     0.043   11.0   0.0   422   453   146   177   138   187 0.87 -
augustus_predicted_5688 -            541 388820at2759         -            609   8.5e-08   29.8   1.4   3   3    0.0012      0.13    9.4   0.0   393   444   241   297   199   313 0.60 -
augustus_predicted_3372 -            450 388820at2759         -            609   9.7e-08   29.6   2.6   1   2    0.0016      0.18    8.9   0.6   327   486    88   275    85   283 0.68 -
augustus_predicted_3372 -            450 388820at2759         -            609   9.7e-08   29.6   2.6   2   2   1.5e-06   0.00016   18.9   0.1   395   533   260   409   253   433 0.66 -
augustus_predicted_1456 -            364 388820at2759         -            609   1.1e-07   29.5   1.0   1   2   5.1e-09   5.4e-07   27.1   0.6   345   485    37   200    27   216 0.76 -
augustus_predicted_1456 -            364 388820at2759         -            609   1.1e-07   29.5   1.0   2   2         4   4.3e+02   -2.2   0.0   421   445   286   312   285   318 0.76 -
augustus_predicted_8627 -           1990 388820at2759         -            609   1.4e-07   29.1   5.5   1   4       1.1   1.2e+02   -0.4   0.0   185   225   259   298   195   307 0.64 -
augustus_predicted_8627 -           1990 388820at2759         -            609   1.4e-07   29.1   5.5   2   4    0.0031      0.33    8.0   0.2   424   449   320   346   310   352 0.82 -
augustus_predicted_8627 -           1990 388820at2759         -            609   1.4e-07   29.1   5.5   3   4       3.4   3.6e+02   -2.0   0.0   417   448   409   441   403   444 0.75 -
augustus_predicted_8627 -           1990 388820at2759         -            609   1.4e-07   29.1   5.5   4   4   6.2e-07   6.6e-05   20.3   0.2    96   262   507   684   505   698 0.76 -
augustus_predicted_5570 -            573 388820at2759         -            609   1.9e-07   28.7   0.1   1   3   7.5e-07     8e-05   20.0   0.0   314   384    93   164    88   171 0.89 -
augustus_predicted_5570 -            573 388820at2759         -            609   1.9e-07   28.7   0.1   2   3     0.021       2.2    5.3   0.0   425   458   199   234   186   261 0.81 -
augustus_predicted_5570 -            573 388820at2759         -            609   1.9e-07   28.7   0.1   3   3       3.3   3.6e+02   -2.0   0.0   163   195   301   333   297   346 0.65 -
augustus_predicted_6001 -            309 388820at2759         -            609   3.7e-07   27.7   0.3   1   3   0.00052     0.056   10.6   0.0   208   267    28    90    23   104 0.81 -
augustus_predicted_6001 -            309 388820at2759         -            609   3.7e-07   27.7   0.3   2   3   0.00013     0.013   12.6   0.0   204   265   183   250   173   257 0.80 -
augustus_predicted_6001 -            309 388820at2759         -            609   3.7e-07   27.7   0.3   3   3      0.93        99   -0.1   0.0   154   195   262   303   257   308 0.58 -
augustus_predicted_5876 -            625 388820at2759         -            609   4.6e-07   27.4   0.0   1   4    0.0021      0.22    8.6   0.0   348   392   229   275   222   286 0.83 -
augustus_predicted_5876 -            625 388820at2759         -            609   4.6e-07   27.4   0.0   2   4   3.2e-05    0.0034   14.6   0.0   199   284   285   371   280   378 0.88 -
augustus_predicted_5876 -            625 388820at2759         -            609   4.6e-07   27.4   0.0   3   4       8.5   9.1e+02   -3.3   0.0    99   119   388   409   384   411 0.67 -
augustus_predicted_5876 -            625 388820at2759         -            609   4.6e-07   27.4   0.0   4   4       1.5   1.6e+02   -0.9   0.0   196   224   446   474   438   496 0.61 -
augustus_predicted_1407 -           1543 388820at2759         -            609   8.4e-07   26.5   3.5   1   4     0.038       4.1    4.4   0.0   349   380    25    56    23    69 0.87 -
augustus_predicted_1407 -           1543 388820at2759         -            609   8.4e-07   26.5   3.5   2   4     0.096        10    3.1   0.1   348   380    81   113    73   122 0.73 -
augustus_predicted_1407 -           1543 388820at2759         -            609   8.4e-07   26.5   3.5   3   4   1.8e-05    0.0019   15.5   0.8   399   456   195   257   123   267 0.66 -
augustus_predicted_1407 -           1543 388820at2759         -            609   8.4e-07   26.5   3.5   4   4       3.3   3.6e+02   -2.0   0.0   165   187   434   456   421   458 0.82 -
augustus_predicted_8867 -            785 388820at2759         -            609   2.7e-06   24.9   1.5   1   2    0.0029      0.31    8.1   0.0   234   267    11    44     6    47 0.75 -
augustus_predicted_8867 -            785 388820at2759         -            609   2.7e-06   24.9   1.5   2   2   0.00065      0.07   10.3   0.9   321   392   207   277   107   307 0.78 -
augustus_predicted_2475 -            596 388820at2759         -            609   5.3e-06   23.9   0.1   1   3    0.0019       0.2    8.7   0.0   348   383   105   140   101   149 0.91 -
augustus_predicted_2475 -            596 388820at2759         -            609   5.3e-06   23.9   0.1   2   3       0.1        11    3.0   0.0   428   450   232   254   206   276 0.75 -
augustus_predicted_2475 -            596 388820at2759         -            609   5.3e-06   23.9   0.1   3   3    0.0027      0.29    8.2   0.0   341   389   312   360   306   376 0.86 -
augustus_predicted_6922 -            336 388820at2759         -            609   5.7e-06   23.8   0.1   1   4       1.4   1.5e+02   -0.7   0.0   234   261     7    35     4    48 0.71 -
augustus_predicted_6922 -            336 388820at2759         -            609   5.7e-06   23.8   0.1   2   4   5.5e-05    0.0059   13.8   0.0   121   179    54   114    43   132 0.66 -
augustus_predicted_6922 -            336 388820at2759         -            609   5.7e-06   23.8   0.1   3   4     0.022       2.3    5.2   0.0   427   476   160   215   141   239 0.55 -
augustus_predicted_6922 -            336 388820at2759         -            609   5.7e-06   23.8   0.1   4   4       3.1   3.3e+02   -1.9   0.0   235   379   287   318   277   329 0.56 -
augustus_predicted_3188 -            275 388820at2759         -            609   8.3e-06   23.2   0.2   1   3   9.5e-06     0.001   16.3   0.0   229   376    11   161     6   163 0.82 -
augustus_predicted_3188 -            275 388820at2759         -            609   8.3e-06   23.2   0.2   2   3   0.00016     0.017   12.3   0.0   146   229    83   169    62   197 0.65 -
augustus_predicted_3188 -            275 388820at2759         -            609   8.3e-06   23.2   0.2   3   3       3.2   3.4e+02   -1.9   0.0   350   377   247   274   222   275 0.58 -
augustus_predicted_7659 -            474 388820at2759         -            609   8.5e-06   23.2   0.0   1   4    0.0043      0.46    7.6   0.0   347   389    58   101    53   109 0.81 -
augustus_predicted_7659 -            474 388820at2759         -            609   8.5e-06   23.2   0.0   2   4       2.2   2.4e+02   -1.4   0.0   349   376   117   147   110   165 0.63 -
augustus_predicted_7659 -            474 388820at2759         -            609   8.5e-06   23.2   0.0   3   4       0.3        32    1.5   0.0   227   266   199   240   134   256 0.56 -
augustus_predicted_7659 -            474 388820at2759         -            609   8.5e-06   23.2   0.0   4   4    0.0016      0.17    9.0   0.0   349   446   282   314   275   359 0.62 -
augustus_predicted_4317 -            535 388820at2759         -            609   9.8e-06   23.0   0.0   1   2     0.049       5.3    4.1   0.0   380   485   154   266   130   273 0.69 -
augustus_predicted_4317 -            535 388820at2759         -            609   9.8e-06   23.0   0.0   2   2   7.7e-07   8.3e-05   19.9   0.0   325   405   251   334   247   345 0.82 -
augustus_predicted_733  -            618 388820at2759         -            609     1e-05   22.9   1.6   1   4     0.028         3    4.9   0.0   312   354   348   391   345   410 0.84 -
augustus_predicted_733  -            618 388820at2759         -            609     1e-05   22.9   1.6   2   4    0.0029      0.31    8.1   0.1   132   187   398   457   367   491 0.66 -
augustus_predicted_733  -            618 388820at2759         -            609     1e-05   22.9   1.6   3   4    0.0057      0.61    7.2   0.0   328   388   493   555   468   563 0.88 -
augustus_predicted_733  -            618 388820at2759         -            609     1e-05   22.9   1.6   4   4      0.52        56    0.7   0.0   359   378   568   587   556   599 0.55 -
augustus_predicted_5811 -           1271 388820at2759         -            609   1.3e-05   22.6   0.0   1   1   7.6e-07   8.1e-05   20.0   0.0   133   265   164   318   161   328 0.77 -
augustus_predicted_5540 -           1198 388820at2759         -            609   2.1e-05   21.9   2.6   1   2   0.00031     0.034   11.3   0.1   397   443   892   945   883   951 0.77 -
augustus_predicted_5540 -           1198 388820at2759         -            609   2.1e-05   21.9   2.6   2   2      0.21        23    2.0   0.0   425   454  1056  1084  1030  1096 0.71 -
augustus_predicted_1284 -           1867 388820at2759         -            609   0.00028   18.2   0.1   1   2   0.00016     0.017   12.3   0.1   401   446  1318  1368  1313  1376 0.72 -
augustus_predicted_1284 -           1867 388820at2759         -            609   0.00028   18.2   0.1   2   2     0.073       7.8    3.5   0.0   347   382  1382  1417  1376  1423 0.88 -
augustus_predicted_5669 -            643 388820at2759         -            609   0.00029   18.1   0.2   1   4      0.78        83    0.1   0.1   424   451   128   150   117   208 0.68 -
augustus_predicted_5669 -            643 388820at2759         -            609   0.00029   18.1   0.2   2   4     0.014       1.5    5.8   0.0   137   190   206   264   203   273 0.77 -
augustus_predicted_5669 -            643 388820at2759         -            609   0.00029   18.1   0.2   3   4      0.16        17    2.3   0.0   430   450   476   496   466   504 0.80 -
augustus_predicted_5669 -            643 388820at2759         -            609   0.00029   18.1   0.2   4   4     0.062       6.7    3.7   0.0   316   382   512   582   507   591 0.75 -
augustus_predicted_7569 -           1229 388820at2759         -            609   0.00037   17.8   0.1   1   3       7.4   7.9e+02   -3.1   0.0   426   442    25    41    18    42 0.88 -
augustus_predicted_7569 -           1229 388820at2759         -            609   0.00037   17.8   0.1   2   3    0.0051      0.54    7.3   0.0   316   387    61   132    58   139 0.82 -
augustus_predicted_7569 -           1229 388820at2759         -            609   0.00037   17.8   0.1   3   3    0.0074       0.8    6.8   0.0   120   186   233   300   212   312 0.70 -
augustus_predicted_1215 -            535 388820at2759         -            609   0.00045   17.5   0.1   1   3         6   6.5e+02   -2.8   0.0   321   338   208   225   206   226 0.85 -
augustus_predicted_1215 -            535 388820at2759         -            609   0.00045   17.5   0.1   2   3     0.015       1.6    5.8   0.1   349   393   264   309   258   340 0.73 -
augustus_predicted_1215 -            535 388820at2759         -            609   0.00045   17.5   0.1   3   3    0.0018      0.19    8.8   0.0   119   191   400   481   390   497 0.77 -
augustus_predicted_1978 -            609 388820at2759         -            609   0.00057   17.2   0.6   1   2    0.0037       0.4    7.8   0.2   196   270   358   433   348   448 0.75 -
augustus_predicted_1978 -            609 388820at2759         -            609   0.00057   17.2   0.6   2   2    0.0074      0.79    6.8   0.0   206   262   477   534   471   545 0.73 -
augustus_predicted_6468 -           1449 388820at2759         -            609   0.00065   17.0   0.7   1   4   7.1e-05    0.0076   13.5   0.0   302   409   252   369   242   388 0.77 -
augustus_predicted_6468 -           1449 388820at2759         -            609   0.00065   17.0   0.7   2   4       3.5   3.7e+02   -2.0   0.1   431   477   427   477   426   479 0.71 -
augustus_predicted_6468 -           1449 388820at2759         -            609   0.00065   17.0   0.7   3   4       1.6   1.8e+02   -1.0   0.0   160   185   543   568   541   571 0.91 -
augustus_predicted_6468 -           1449 388820at2759         -            609   0.00065   17.0   0.7   4   4       7.3   7.8e+02   -3.1   0.0   545   594  1089  1139  1085  1146 0.82 -
augustus_predicted_181  -            445 388820at2759         -            609   0.00068   16.9   0.3   1   4         2   2.1e+02   -1.2   0.0   208   243    41    75    36   123 0.50 -
augustus_predicted_181  -            445 388820at2759         -            609   0.00068   16.9   0.3   2   4    0.0055      0.59    7.2   0.1   190   237   189   236   145   251 0.49 -
augustus_predicted_181  -            445 388820at2759         -            609   0.00068   16.9   0.3   3   4       1.6   1.7e+02   -0.9   0.0   430   442   277   289   270   304 0.60 -
augustus_predicted_181  -            445 388820at2759         -            609   0.00068   16.9   0.3   4   4      0.22        24    1.9   0.0   204   221   425   442   398   445 0.82 -
augustus_predicted_5448 -            997 388820at2759         -            609   0.00089   16.5   0.0   1   4     0.011       1.2    6.2   0.0    96   151    96   153    61   161 0.83 -
augustus_predicted_5448 -            997 388820at2759         -            609   0.00089   16.5   0.0   2   4       7.5     8e+02   -3.1   0.0   203   230   243   268   232   272 0.57 -
augustus_predicted_5448 -            997 388820at2759         -            609   0.00089   16.5   0.0   3   4     0.092       9.8    3.2   0.0   426   450   472   497   466   513 0.78 -
augustus_predicted_5448 -            997 388820at2759         -            609   0.00089   16.5   0.0   4   4      0.16        17    2.4   0.0   115   156   587   627   584   650 0.77 -
augustus_predicted_3193 -            393 388820at2759         -            609   0.00096   16.4   0.7   1   2    0.0041      0.44    7.6   0.0   348   388   241   282   235   287 0.80 -
augustus_predicted_3193 -            393 388820at2759         -            609   0.00096   16.4   0.7   2   2     0.042       4.5    4.3   0.1   349   385   286   323   282   380 0.71 -
augustus_predicted_283  -            977 388820at2759         -            609     0.001   16.3   0.1   1   3       1.9     2e+02   -1.1   0.0   236   262     4    30     2    43 0.56 -
augustus_predicted_283  -            977 388820at2759         -            609     0.001   16.3   0.1   2   3     0.035       3.8    4.5   0.1   410   473    60   128    53   129 0.82 -
augustus_predicted_283  -            977 388820at2759         -            609     0.001   16.3   0.1   3   3   9.7e-05      0.01   13.0   0.0   348   393   106   151    94   160 0.88 -
augustus_predicted_1146 -            629 388820at2759         -            609    0.0011   16.2   1.2   1   3      0.13        13    2.7   0.0   342   378    66   102    63   109 0.85 -
augustus_predicted_1146 -            629 388820at2759         -            609    0.0011   16.2   1.2   2   3    0.0043      0.46    7.6   0.1   425   458   128   161   106   166 0.72 -
augustus_predicted_1146 -            629 388820at2759         -            609    0.0011   16.2   1.2   3   3      0.28        30    1.6   0.0   346   379   205   238   199   266 0.78 -
augustus_predicted_1322 -            442 388820at2759         -            609    0.0013   16.0   0.6   1   4      0.13        14    2.7   0.0   424   452    31    59    19    73 0.76 -
augustus_predicted_1322 -            442 388820at2759         -            609    0.0013   16.0   0.6   2   4       4.7   5.1e+02   -2.5   0.0   365   381    83    99    78   108 0.64 -
augustus_predicted_1322 -            442 388820at2759         -            609    0.0013   16.0   0.6   3   4      0.43        47    0.9   0.0   425   454   328   357   316   374 0.61 -
augustus_predicted_1322 -            442 388820at2759         -            609    0.0013   16.0   0.6   4   4    0.0041      0.44    7.6   0.0   408   444   405   441   395   442 0.82 -
augustus_predicted_4291 -            915 388820at2759         -            609    0.0016   15.7   1.5   1   4       4.8   5.1e+02   -2.5   0.0   456   483    68    96    53   115 0.62 -
augustus_predicted_4291 -            915 388820at2759         -            609    0.0016   15.7   1.5   2   4    0.0019       0.2    8.8   0.0   192   264   417   493   408   514 0.82 -
augustus_predicted_4291 -            915 388820at2759         -            609    0.0016   15.7   1.5   3   4      0.53        57    0.7   0.0   429   457   531   559   520   578 0.87 -
augustus_predicted_4291 -            915 388820at2759         -            609    0.0016   15.7   1.5   4   4      0.35        38    1.2   0.0   333   386   595   658   583   667 0.56 -
augustus_predicted_8868 -            316 388820at2759         -            609    0.0018   15.5   0.7   1   4       5.9   6.3e+02   -2.8   0.0   234   257    14    42    11    46 0.62 -
augustus_predicted_8868 -            316 388820at2759         -            609    0.0018   15.5   0.7   2   4    0.0073      0.79    6.8   0.0   426   472    74   125    66   143 0.77 -
augustus_predicted_8868 -            316 388820at2759         -            609    0.0018   15.5   0.7   3   4     0.036       3.9    4.5   0.0   348   387   169   208   165   219 0.83 -
augustus_predicted_8868 -            316 388820at2759         -            609    0.0018   15.5   0.7   4   4      0.73        78    0.2   0.0   197   241   263   306   217   310 0.76 -
augustus_predicted_5857 -            496 388820at2759         -            609    0.0055   13.9   0.1   1   2   0.00063     0.068   10.3   0.0   221   266   152   197   150   209 0.88 -
augustus_predicted_5857 -            496 388820at2759         -            609    0.0055   13.9   0.1   2   2      0.47        51    0.8   0.0   430   454   410   434   403   446 0.78 -
augustus_predicted_4790 -            816 388820at2759         -            609    0.0057   13.9   3.0   1   7      0.26        28    1.7   0.0   211   263    31    89    24   103 0.58 -
augustus_predicted_4790 -            816 388820at2759         -            609    0.0057   13.9   3.0   2   7     0.071       7.6    3.5   0.1   348   380   107   139   103   146 0.87 -
augustus_predicted_4790 -            816 388820at2759         -            609    0.0057   13.9   3.0   3   7      0.48        51    0.8   0.0   412   448   214   251   194   255 0.79 -
augustus_predicted_4790 -            816 388820at2759         -            609    0.0057   13.9   3.0   4   7      0.78        83    0.1   0.0   207   225   315   333   309   347 0.70 -
augustus_predicted_4790 -            816 388820at2759         -            609    0.0057   13.9   3.0   5   7         2   2.1e+02   -1.2   0.0   235   263   403   432   395   483 0.69 -
augustus_predicted_4790 -            816 388820at2759         -            609    0.0057   13.9   3.0   6   7       1.4   1.5e+02   -0.8   0.0   156   179   619   642   570   657 0.72 -
augustus_predicted_4790 -            816 388820at2759         -            609    0.0057   13.9   3.0   7   7       4.7   5.1e+02   -2.5   0.0   369   384   692   707   683   753 0.52 -
augustus_predicted_8796 -            525 388820at2759         -            609    0.0059   13.8   0.3   1   3    0.0073      0.78    6.8   0.0   230   264   126   162   119   209 0.82 -
augustus_predicted_8796 -            525 388820at2759         -            609    0.0059   13.8   0.3   2   3      0.36        39    1.2   0.2   313   334   304   325   298   329 0.91 -
augustus_predicted_8796 -            525 388820at2759         -            609    0.0059   13.8   0.3   3   3       0.5        54    0.7   0.0   159   205   372   428   365   434 0.67 -
augustus_predicted_3793 -            938 388820at2759         -            609    0.0064   13.7   0.1   1   3    0.0031      0.33    8.0   0.0   417   455   192   230   163   239 0.88 -
augustus_predicted_3793 -            938 388820at2759         -            609    0.0064   13.7   0.1   2   3       1.5   1.6e+02   -0.9   0.0   430   478   254   306   247   313 0.63 -
augustus_predicted_3793 -            938 388820at2759         -            609    0.0064   13.7   0.1   3   3      0.44        47    0.9   0.0   350   385   553   588   544   597 0.81 -
augustus_predicted_188  -            362 388820at2759         -            609    0.0074   13.5   0.1   1   4      0.12        13    2.8   0.0   194   266    34   107     8   119 0.68 -
augustus_predicted_188  -            362 388820at2759         -            609    0.0074   13.5   0.1   2   4    0.0062      0.67    7.0   0.0   121   221    35   152    32   160 0.78 -
augustus_predicted_188  -            362 388820at2759         -            609    0.0074   13.5   0.1   3   4     0.013       1.4    6.0   0.0   430   488   139   199   134   219 0.74 -
augustus_predicted_188  -            362 388820at2759         -            609    0.0074   13.5   0.1   4   4      0.55        59    0.6   0.0   160   189   265   294   257   301 0.73 -
augustus_predicted_2153 -            980 388820at2759         -            609     0.018   12.2   1.6   1   3      0.03       3.2    4.8   0.1   172   246    69   150    53   192 0.53 -
augustus_predicted_2153 -            980 388820at2759         -            609     0.018   12.2   1.6   2   3       1.3   1.4e+02   -0.6   0.0   202   227   247   272   216   292 0.74 -
augustus_predicted_2153 -            980 388820at2759         -            609     0.018   12.2   1.6   3   3     0.032       3.4    4.7   0.1   317   378   291   351   282   372 0.73 -
augustus_predicted_204  -            793 388820at2759         -            609     0.019   12.1   0.2   1   4    0.0011      0.12    9.5   0.0   349   383   432   466   428   476 0.69 -
augustus_predicted_204  -            793 388820at2759         -            609     0.019   12.1   0.2   2   4       3.5   3.8e+02   -2.1   0.0   238   267   619   648   609   654 0.82 -
augustus_predicted_204  -            793 388820at2759         -            609     0.019   12.1   0.2   3   4       7.7   8.2e+02   -3.2   0.0   231   275   702   749   695   753 0.69 -
augustus_predicted_204  -            793 388820at2759         -            609     0.019   12.1   0.2   4   4       4.1   4.4e+02   -2.3   0.0   204   442   776   792   766   793 0.52 -
augustus_predicted_6173 -           1462 388820at2759         -            609     0.023   11.8   0.3   1   2     0.018       1.9    5.5   0.1   151   220   112   190    41   197 0.67 -
augustus_predicted_6173 -           1462 388820at2759         -            609     0.023   11.8   0.3   2   2     0.047         5    4.1   0.0   344   380   200   237   193   242 0.86 -
augustus_predicted_4243 -            611 388820at2759         -            609     0.024   11.8   0.0   1   1   0.00046      0.05   10.8   0.0   430   476   155   204   136   232 0.50 -
augustus_predicted_8636 -            579 388820at2759         -            609     0.024   11.8   0.0   1   3     0.087       9.3    3.2   0.0   159   191   294   326   286   343 0.87 -
augustus_predicted_8636 -            579 388820at2759         -            609     0.024   11.8   0.0   2   3       1.9   2.1e+02   -1.2   0.0   141   190   366   419   344   424 0.62 -
augustus_predicted_8636 -            579 388820at2759         -            609     0.024   11.8   0.0   3   3     0.051       5.4    4.0   0.0   311   339   550   578   519   579 0.89 -
augustus_predicted_8386 -            492 388820at2759         -            609     0.046   10.9   1.4   1   2    0.0097         1    6.4   0.7   133   458   318   347   301   384 0.44 -
augustus_predicted_8386 -            492 388820at2759         -            609     0.046   10.9   1.4   2   2      0.21        22    2.0   0.0   350   380   403   434   396   471 0.59 -
augustus_predicted_3437 -           1219 388820at2759         -            609     0.057   10.5   0.1   1   2    0.0026      0.28    8.3   0.0   395   451   973  1034   953  1047 0.77 -
augustus_predicted_3437 -           1219 388820at2759         -            609     0.057   10.5   0.1   2   2       1.5   1.7e+02   -0.9   0.0   173   444  1171  1185  1160  1193 0.62 -
augustus_predicted_4679 -            379 388820at2759         -            609       0.1    9.7   0.3   1   2      0.01       1.1    6.3   0.0   200   263    20    86     7   130 0.76 -
augustus_predicted_4679 -            379 388820at2759         -            609       0.1    9.7   0.3   2   2      0.49        52    0.8   0.0   165   185   337   357   323   373 0.54 -
#
# Program:         hmmsearch
# Version:         3.1b2 (February 2015)
# Pipeline mode:   SEARCH
# Query file:      ../../stats/eukaryota_odb10/hmms/388820at2759.hmm
# Target file:     /home/centos/br/bin/Brownotate-1.2.0/runs/b283acc0-5629-444b-ad7a-7147f201d246/annotation/augustus_annotation.faa
# Option settings: hmmsearch --domtblout /home/centos/br/bin/Brownotate-1.2.0/runs/b283acc0-5629-444b-ad7a-7147f201d246/busco_annotation/run_eukaryota_odb10/hmmer_output/initial_run_results/388820at2759.out --cpu 1 ../../stats/eukaryota_odb10/hmms/388820at2759.hmm /home/centos/br/bin/Brownotate-1.2.0/runs/b283acc0-5629-444b-ad7a-7147f201d246/annotation/augustus_annotation.faa 
# Current dir:     /home/centos/br/bin/Brownotate-1.2.0/runs/b283acc0-5629-444b-ad7a-7147f201d246
# Date:            Sat Aug 24 02:32:00 2024
# [ok]
