#                                                                               --- full sequence --- -------------- this domain -------------   hmm coord   ali coord   env coord
# target name           accession   tlen query name           accession   qlen   E-value  score  bias   #  of  c-Evalue  i-Evalue  score  bias  from    to  from    to  from    to  acc description of target
#   ------------------- ---------- ----- -------------------- ---------- ----- --------- ------ ----- --- --- --------- --------- ------ ----- ----- ----- ----- ----- ----- ----- ---- ---------------------
augustus_predicted_7887 -            533 392369at2759         -            352  1.1e-122  408.5   0.4   1   3   6.6e-17   1.5e-13   49.5   0.0     7    49    52    96    39   108 0.87 -
augustus_predicted_7887 -            533 392369at2759         -            352  1.1e-122  408.5   0.4   2   3   5.8e-86   1.3e-82  276.7   0.1    51   277   135   421   126   441 0.84 -
augustus_predicted_7887 -            533 392369at2759         -            352  1.1e-122  408.5   0.4   3   3   5.6e-24   1.3e-20   72.8   0.0   280   352   450   533   442   533 0.91 -
augustus_predicted_2503 -            454 392369at2759         -            352     0.003   15.6   0.0   1   2    0.0009         2    6.3   0.0     9    60   259   316   251   342 0.63 -
augustus_predicted_2503 -            454 392369at2759         -            352     0.003   15.6   0.0   2   2   0.00046         1    7.3   0.0    75   107   364   396   353   408 0.84 -
augustus_predicted_4826 -            823 392369at2759         -            352    0.0043   15.1   0.0   1   2    0.0057        13    3.7   0.0    32    48   104   120    67   125 0.60 -
augustus_predicted_4826 -            823 392369at2759         -            352    0.0043   15.1   0.0   2   2   0.00014      0.32    9.0   0.0    74    95   207   228   193   239 0.84 -
augustus_predicted_1039 -            560 392369at2759         -            352     0.083   10.9   1.0   1   4       2.1   4.8e+03   -4.8   0.7   119   134     4    19     4    23 0.79 -
augustus_predicted_1039 -            560 392369at2759         -            352     0.083   10.9   1.0   2   4      0.75   1.7e+03   -3.3   0.0   303   345    93   135    91   136 0.87 -
augustus_predicted_1039 -            560 392369at2759         -            352     0.083   10.9   1.0   3   4   0.00056       1.2    7.0   0.0    33    69   373   411   345   426 0.79 -
augustus_predicted_1039 -            560 392369at2759         -            352     0.083   10.9   1.0   4   4     0.034        75    1.2   0.0    80    93   499   513   488   527 0.74 -
#
# Program:         hmmsearch
# Version:         3.1b2 (February 2015)
# Pipeline mode:   SEARCH
# Query file:      ../../stats/eukaryota_odb10/hmms/392369at2759.hmm
# Target file:     /home/centos/br/bin/Brownotate-1.2.0/runs/b283acc0-5629-444b-ad7a-7147f201d246/annotation/augustus_annotation.faa
# Option settings: hmmsearch --domtblout /home/centos/br/bin/Brownotate-1.2.0/runs/b283acc0-5629-444b-ad7a-7147f201d246/busco_annotation/run_eukaryota_odb10/hmmer_output/initial_run_results/392369at2759.out --cpu 1 ../../stats/eukaryota_odb10/hmms/392369at2759.hmm /home/centos/br/bin/Brownotate-1.2.0/runs/b283acc0-5629-444b-ad7a-7147f201d246/annotation/augustus_annotation.faa 
# Current dir:     /home/centos/br/bin/Brownotate-1.2.0/runs/b283acc0-5629-444b-ad7a-7147f201d246
# Date:            Sat Aug 24 02:31:58 2024
# [ok]
