#                                                                               --- full sequence --- -------------- this domain -------------   hmm coord   ali coord   env coord
# target name           accession   tlen query name           accession   qlen   E-value  score  bias   #  of  c-Evalue  i-Evalue  score  bias  from    to  from    to  from    to  acc description of target
#   ------------------- ---------- ----- -------------------- ---------- ----- --------- ------ ----- --- --- --------- --------- ------ ----- ----- ----- ----- ----- ----- ----- ---- ---------------------
augustus_predicted_3372 -            450 418107at2759         -            357  2.2e-136  453.4   4.6   1   2   3.3e-37   3.3e-35  120.6   0.0     2   112     5   139     4   147 0.79 -
augustus_predicted_3372 -            450 418107at2759         -            357  2.2e-136  453.4   4.6   2   2    9e-101     9e-99  329.7   5.7   135   350   200   433   169   447 0.89 -
augustus_predicted_7444 -           1334 418107at2759         -            357   9.3e-60  201.4   3.2   1  10   3.2e-08   3.2e-06   25.3   0.0   213   245   716   748   709   754 0.90 -
augustus_predicted_7444 -           1334 418107at2759         -            357   9.3e-60  201.4   3.2   2  10     1e-05     0.001   17.0   0.0   210   247   755   792   751   795 0.89 -
augustus_predicted_7444 -           1334 418107at2759         -            357   9.3e-60  201.4   3.2   3  10   3.1e-05    0.0031   15.5   0.0   211   245   798   832   795   837 0.89 -
augustus_predicted_7444 -           1334 418107at2759         -            357   9.3e-60  201.4   3.2   4  10   9.9e-08   9.9e-06   23.7   0.0   214   285   843   918   836   924 0.81 -
augustus_predicted_7444 -           1334 418107at2759         -            357   9.3e-60  201.4   3.2   5  10   1.8e-12   1.8e-10   39.2   0.0   210   288   923  1005   919  1010 0.85 -
augustus_predicted_7444 -           1334 418107at2759         -            357   9.3e-60  201.4   3.2   6  10    0.0002      0.02   12.8   0.0   213   247  1010  1044  1004  1051 0.88 -
augustus_predicted_7444 -           1334 418107at2759         -            357   9.3e-60  201.4   3.2   7  10   2.8e-05    0.0028   15.6   0.0   214   245  1053  1084  1045  1087 0.84 -
augustus_predicted_7444 -           1334 418107at2759         -            357   9.3e-60  201.4   3.2   8  10   8.5e-05    0.0085   14.0   0.0   220   247  1101  1128  1089  1135 0.86 -
augustus_predicted_7444 -           1334 418107at2759         -            357   9.3e-60  201.4   3.2   9  10   2.2e-07   2.2e-05   22.5   0.0   210   282  1133  1209  1130  1209 0.85 -
augustus_predicted_7444 -           1334 418107at2759         -            357   9.3e-60  201.4   3.2  10  10   0.00059     0.059   11.2   0.0   214   245  1179  1210  1172  1219 0.90 -
augustus_predicted_2291 -           1161 418107at2759         -            357   9.5e-33  112.5   9.7   1   9   4.9e-05    0.0049   14.8   0.0    49    91   461   503   458   512 0.89 -
augustus_predicted_2291 -           1161 418107at2759         -            357   9.5e-33  112.5   9.7   2   9     0.012       1.2    7.0   0.0    57    91   520   554   515   568 0.81 -
augustus_predicted_2291 -           1161 418107at2759         -            357   9.5e-33  112.5   9.7   3   9    0.0015      0.15    9.9   0.0    54    88   620   654   614   663 0.66 -
augustus_predicted_2291 -           1161 418107at2759         -            357   9.5e-33  112.5   9.7   4   9   8.2e-05    0.0082   14.1   0.0   214   287   663   737   655   745 0.84 -
augustus_predicted_2291 -           1161 418107at2759         -            357   9.5e-33  112.5   9.7   5   9   3.6e-05    0.0035   15.3   0.0   191   245   718   774   710   778 0.81 -
augustus_predicted_2291 -           1161 418107at2759         -            357   9.5e-33  112.5   9.7   6   9   4.8e-08   4.8e-06   24.7   0.0   210   286   780   859   775   867 0.84 -
augustus_predicted_2291 -           1161 418107at2759         -            357   9.5e-33  112.5   9.7   7   9     0.014       1.4    6.7   0.0    59    89   870   900   862   910 0.85 -
augustus_predicted_2291 -           1161 418107at2759         -            357   9.5e-33  112.5   9.7   8   9    0.0043      0.43    8.4   0.0   262   286   940   964   930   972 0.86 -
augustus_predicted_2291 -           1161 418107at2759         -            357   9.5e-33  112.5   9.7   9   9   0.00043     0.043   11.7   0.0   212   250   985  1023   980  1038 0.79 -
augustus_predicted_4784 -            535 418107at2759         -            357   2.8e-29  101.1   1.0   1   6   0.00051     0.051   11.4   0.0   222   245   282   305   223   316 0.76 -
augustus_predicted_4784 -            535 418107at2759         -            357   2.8e-29  101.1   1.0   2   6   3.2e-09   3.2e-07   28.6   0.0   221   283   281   347   270   353 0.82 -
augustus_predicted_4784 -            535 418107at2759         -            357   2.8e-29  101.1   1.0   3   6   1.4e-09   1.4e-07   29.8   0.1   214   285   316   390   306   396 0.86 -
augustus_predicted_4784 -            535 418107at2759         -            357   2.8e-29  101.1   1.0   4   6   6.8e-10   6.8e-08   30.8   0.0   208   245   396   433   391   437 0.93 -
augustus_predicted_4784 -            535 418107at2759         -            357   2.8e-29  101.1   1.0   5   6    0.0036      0.36    8.7   0.0    54    86   454   486   450   495 0.81 -
augustus_predicted_4784 -            535 418107at2759         -            357   2.8e-29  101.1   1.0   6   6   8.9e-05    0.0089   13.9   0.0   214   247   497   530   491   533 0.92 -
augustus_predicted_5240 -           1581 418107at2759         -            357   1.6e-27   95.3  22.0   1   6     0.042       4.2    5.1   0.0    58    90   208   241   205   249 0.75 -
augustus_predicted_5240 -           1581 418107at2759         -            357   1.6e-27   95.3  22.0   2   6   0.00014     0.014   13.3   0.1    49    93   241   286   238   291 0.82 -
augustus_predicted_5240 -           1581 418107at2759         -            357   1.6e-27   95.3  22.0   3   6   4.3e-09   4.3e-07   28.2   0.7   214   286   290   366   282   374 0.83 -
augustus_predicted_5240 -           1581 418107at2759         -            357   1.6e-27   95.3  22.0   4   6   2.4e-09   2.4e-07   29.0   0.4   214   285   374   449   368   462 0.81 -
augustus_predicted_5240 -           1581 418107at2759         -            357   1.6e-27   95.3  22.0   5   6    0.0031      0.31    8.9   0.2   261   285   467   491   463   498 0.89 -
augustus_predicted_5240 -           1581 418107at2759         -            357   1.6e-27   95.3  22.0   6   6   5.5e-08   5.5e-06   24.5   0.1    53   120   498   567   494   589 0.89 -
augustus_predicted_1166 -           1293 418107at2759         -            357   6.2e-26   90.1   6.2   1   4    0.0069      0.69    7.7   0.0   213   245   919   952   910   956 0.84 -
augustus_predicted_1166 -           1293 418107at2759         -            357   6.2e-26   90.1   6.2   2   4   1.4e-09   1.4e-07   29.8   0.2   184   246   930   995   928  1001 0.90 -
augustus_predicted_1166 -           1293 418107at2759         -            357   6.2e-26   90.1   6.2   3   4   3.2e-12   3.2e-10   38.4   1.3    54   286  1005  1253   998  1260 0.69 -
augustus_predicted_1166 -           1293 418107at2759         -            357   6.2e-26   90.1   6.2   4   4   3.4e-05    0.0034   15.3   0.0   215   245  1262  1292  1255  1293 0.92 -
augustus_predicted_5081 -            801 418107at2759         -            357   1.3e-24   85.8   4.4   1   3   8.8e-07   8.8e-05   20.5   0.0    49    94   499   544   491   549 0.91 -
augustus_predicted_5081 -            801 418107at2759         -            357   1.3e-24   85.8   4.4   2   3   1.8e-10   1.8e-08   32.6   0.5   215   290   548   627   542   634 0.82 -
augustus_predicted_5081 -            801 418107at2759         -            357   1.3e-24   85.8   4.4   3   3     3e-10     3e-08   32.0   0.1   215   286   632   707   627   713 0.81 -
augustus_predicted_3662 -            522 418107at2759         -            357   3.9e-22   77.6   3.5   1   5   8.3e-05    0.0083   14.0   0.0    54    88   172   206   168   209 0.92 -
augustus_predicted_3662 -            522 418107at2759         -            357   3.9e-22   77.6   3.5   2   5     6e-06    0.0006   17.8   0.0   214   245   215   246   207   255 0.69 -
augustus_predicted_3662 -            522 418107at2759         -            357   3.9e-22   77.6   3.5   3   5   2.6e-07   2.6e-05   22.3   0.2   215   285   259   333   255   336 0.78 -
augustus_predicted_3662 -            522 418107at2759         -            357   3.9e-22   77.6   3.5   4   5      0.02         2    6.2   0.0   219   245   348   374   339   390 0.87 -
augustus_predicted_3662 -            522 418107at2759         -            357   3.9e-22   77.6   3.5   5   5     0.002       0.2    9.5   0.0   195   246   417   473   409   475 0.80 -
augustus_predicted_355  -            452 418107at2759         -            357   5.4e-22   77.2   1.1   1   6   3.4e-06   0.00034   18.6   0.0    52   100   137   192   131   214 0.72 -
augustus_predicted_355  -            452 418107at2759         -            357   5.4e-22   77.2   1.1   2   6   1.6e-08   1.6e-06   26.3   0.1    51   107   220   276   216   281 0.90 -
augustus_predicted_355  -            452 418107at2759         -            357   5.4e-22   77.2   1.1   3   6    0.0011      0.11   10.4   0.0    51    89   262   300   259   305 0.80 -
augustus_predicted_355  -            452 418107at2759         -            357   5.4e-22   77.2   1.1   4   6     0.081       8.1    4.2   0.0    51    86   304   338   299   341 0.87 -
augustus_predicted_355  -            452 418107at2759         -            357   5.4e-22   77.2   1.1   5   6     0.088       8.8    4.1   0.0    50    87   344   380   340   391 0.89 -
augustus_predicted_355  -            452 418107at2759         -            357   5.4e-22   77.2   1.1   6   6     0.018       1.8    6.3   0.0   218   246   402   430   382   434 0.87 -
augustus_predicted_6442 -            359 418107at2759         -            357   6.9e-21   73.5   0.3   1   3   1.3e-08   1.3e-06   26.5   0.0   214   289    63   143    58   148 0.84 -
augustus_predicted_6442 -            359 418107at2759         -            357   6.9e-21   73.5   0.3   2   3   7.5e-10   7.5e-08   30.6   0.1   135   245   151   263   144   266 0.89 -
augustus_predicted_6442 -            359 418107at2759         -            357   6.9e-21   73.5   0.3   3   3   6.4e-09   6.4e-07   27.6   0.0    49   162   226   354   224   358 0.79 -
augustus_predicted_1221 -            963 418107at2759         -            357   1.5e-19   69.1   9.1   1   7      0.63        63    1.3   0.0   138   168    75   105    65   108 0.54 -
augustus_predicted_1221 -            963 418107at2759         -            357   1.5e-19   69.1   9.1   2   7    0.0011      0.11   10.3   0.1    51    89   108   146   104   226 0.82 -
augustus_predicted_1221 -            963 418107at2759         -            357   1.5e-19   69.1   9.1   3   7       1.8   1.8e+02   -0.3   0.0    67    91   222   246   208   253 0.82 -
augustus_predicted_1221 -            963 418107at2759         -            357   1.5e-19   69.1   9.1   4   7       1.9   1.9e+02   -0.3   0.4   276   333   295   319   266   339 0.53 -
augustus_predicted_1221 -            963 418107at2759         -            357   1.5e-19   69.1   9.1   5   7   7.8e-08   7.8e-06   24.0   0.0    79   246   365   535   346   558 0.75 -
augustus_predicted_1221 -            963 418107at2759         -            357   1.5e-19   69.1   9.1   6   7   3.7e-05    0.0037   15.2   0.0   219   282   565   632   552   638 0.84 -
augustus_predicted_1221 -            963 418107at2759         -            357   1.5e-19   69.1   9.1   7   7   6.9e-05    0.0069   14.3   0.0   193   249   667   726   658   736 0.78 -
augustus_predicted_3440 -            316 418107at2759         -            357   7.1e-19   66.9   3.4   1   5    0.0052      0.52    8.1   0.0    52    89     9    47     4    53 0.87 -
augustus_predicted_3440 -            316 418107at2759         -            357   7.1e-19   66.9   3.4   2   5   1.1e-10   1.1e-08   33.4   0.2   199   284    48   134    46   142 0.83 -
augustus_predicted_3440 -            316 418107at2759         -            357   7.1e-19   66.9   3.4   3   5    0.0065      0.65    7.8   0.0    56    92   190   226   184   232 0.92 -
augustus_predicted_3440 -            316 418107at2759         -            357   7.1e-19   66.9   3.4   4   5      0.67        67    1.2   0.0   131   172   229   268   226   273 0.80 -
augustus_predicted_3440 -            316 418107at2759         -            357   7.1e-19   66.9   3.4   5   5       0.2        20    2.9   0.0   259   283   287   311   280   316 0.75 -
augustus_predicted_4596 -            853 418107at2759         -            357   1.2e-18   66.1   1.2   1   3   7.1e-05    0.0071   14.3   0.1   220   292    16    92     7    98 0.88 -
augustus_predicted_4596 -            853 418107at2759         -            357   1.2e-18   66.1   1.2   2   3   1.4e-08   1.4e-06   26.5   0.1   182   283   102   214    98   219 0.83 -
augustus_predicted_4596 -            853 418107at2759         -            357   1.2e-18   66.1   1.2   3   3   2.5e-07   2.5e-05   22.4   0.0    47    87   217   257   214   270 0.91 -
augustus_predicted_6895 -           1211 418107at2759         -            357   1.3e-18   66.1   0.2   1   4   5.6e-09   5.6e-07   27.8   0.0   179   283    17   127     4   132 0.80 -
augustus_predicted_6895 -           1211 418107at2759         -            357   1.3e-18   66.1   0.2   2   4   2.6e-05    0.0026   15.7   0.0    49    89   132   172   128   197 0.84 -
augustus_predicted_6895 -           1211 418107at2759         -            357   1.3e-18   66.1   0.2   3   4    0.0017      0.17    9.7   0.0    54    89   211   246   205   289 0.86 -
augustus_predicted_6895 -           1211 418107at2759         -            357   1.3e-18   66.1   0.2   4   4      0.18        18    3.1   0.0    51   115   294   359   291   402 0.76 -
augustus_predicted_5872 -            977 418107at2759         -            357     3e-18   64.8   5.0   1   9       2.6   2.6e+02   -0.7   0.0    51    89    53    91    51    96 0.91 -
augustus_predicted_5872 -            977 418107at2759         -            357     3e-18   64.8   5.0   2   9   0.00027     0.027   12.3   0.0    50    88   103   141    98   162 0.86 -
augustus_predicted_5872 -            977 418107at2759         -            357     3e-18   64.8   5.0   3   9   1.4e-06   0.00014   19.9   0.0   186   301   202   323   192   335 0.79 -
augustus_predicted_5872 -            977 418107at2759         -            357     3e-18   64.8   5.0   4   9   0.00059     0.059   11.2   0.0    51    93   425   467   421   481 0.86 -
augustus_predicted_5872 -            977 418107at2759         -            357     3e-18   64.8   5.0   5   9     0.011       1.1    7.0   0.0   213   245   543   575   536   580 0.84 -
augustus_predicted_5872 -            977 418107at2759         -            357     3e-18   64.8   5.0   6   9      0.29        29    2.4   0.0    95   113   613   632   578   636 0.68 -
augustus_predicted_5872 -            977 418107at2759         -            357     3e-18   64.8   5.0   7   9      0.23        23    2.7   0.0    93   114   611   633   602   647 0.61 -
augustus_predicted_5872 -            977 418107at2759         -            357     3e-18   64.8   5.0   8   9       3.4   3.4e+02   -1.1   0.0    72    86   684   698   668   702 0.85 -
augustus_predicted_5872 -            977 418107at2759         -            357     3e-18   64.8   5.0   9   9      0.19        19    3.0   0.0    56    91   725   761   711   798 0.76 -
augustus_predicted_4417 -            594 418107at2759         -            357   9.3e-18   63.2   0.6   1   4    0.0054      0.54    8.1   0.0   218   286    95   171    78   181 0.68 -
augustus_predicted_4417 -            594 418107at2759         -            357   9.3e-18   63.2   0.6   2   4   8.4e-07   8.4e-05   20.6   0.1   182   245   187   252   180   261 0.66 -
augustus_predicted_4417 -            594 418107at2759         -            357   9.3e-18   63.2   0.6   3   4   2.1e-07   2.1e-05   22.6   0.0   133   214   264   346   255   358 0.84 -
augustus_predicted_4417 -            594 418107at2759         -            357   9.3e-18   63.2   0.6   4   4     0.015       1.5    6.6   0.0   215   248   377   410   369   419 0.92 -
augustus_predicted_8867 -            785 418107at2759         -            357   5.8e-17   60.6   0.0   1   4    0.0035      0.35    8.7   0.0    52    89     8    44     5    53 0.86 -
augustus_predicted_8867 -            785 418107at2759         -            357   5.8e-17   60.6   0.0   2   4   1.2e-07   1.2e-05   23.4   0.0   215   287   107   182   101   199 0.85 -
augustus_predicted_8867 -            785 418107at2759         -            357   5.8e-17   60.6   0.0   3   4    0.0018      0.18    9.6   0.0   209   246   186   224   184   233 0.80 -
augustus_predicted_8867 -            785 418107at2759         -            357   5.8e-17   60.6   0.0   4   4   7.6e-05    0.0076   14.2   0.0   214   321   233   339   227   365 0.78 -
augustus_predicted_1438 -            454 418107at2759         -            357   2.1e-16   58.8   1.0   1   2   7.5e-14   7.5e-12   43.8   0.2    52   284   161   412   145   420 0.75 -
augustus_predicted_1438 -            454 418107at2759         -            357   2.1e-16   58.8   1.0   2   2    0.0097      0.97    7.2   0.0    51    86   418   453   412   454 0.94 -
augustus_predicted_6609 -           1821 418107at2759         -            357   2.8e-16   58.4  15.2   1   4   3.3e-07   3.3e-05   21.9   0.2   211   284   269   345   265   352 0.81 -
augustus_predicted_6609 -           1821 418107at2759         -            357   2.8e-16   58.4  15.2   2   4   4.7e-06   0.00047   18.1   1.5   214   284   355   429   349   437 0.82 -
augustus_predicted_6609 -           1821 418107at2759         -            357   2.8e-16   58.4  15.2   3   4   5.7e-07   5.7e-05   21.1   1.7   214   286   397   473   392   481 0.81 -
augustus_predicted_6609 -           1821 418107at2759         -            357   2.8e-16   58.4  15.2   4   4   7.5e-08   7.4e-06   24.1   1.6   214   287   439   516   434   526 0.81 -
augustus_predicted_4228 -            678 418107at2759         -            357   1.2e-15   56.3   4.7   1   6   0.00035     0.035   12.0   0.0    50    87   341   376   334   381 0.74 -
augustus_predicted_4228 -            678 418107at2759         -            357   1.2e-15   56.3   4.7   2   6    0.0037      0.37    8.6   0.0    52    87   383   416   381   421 0.87 -
augustus_predicted_4228 -            678 418107at2759         -            357   1.2e-15   56.3   4.7   3   6    0.0033      0.33    8.8   0.0    51    90   422   459   417   461 0.84 -
augustus_predicted_4228 -            678 418107at2759         -            357   1.2e-15   56.3   4.7   4   6     1e-05     0.001   17.0   0.1    53    91   463   501   461   519 0.86 -
augustus_predicted_4228 -            678 418107at2759         -            357   1.2e-15   56.3   4.7   5   6     0.023       2.3    6.0   0.0   232   284   582   636   578   644 0.79 -
augustus_predicted_4228 -            678 418107at2759         -            357   1.2e-15   56.3   4.7   6   6       4.5   4.5e+02   -1.5   0.0    55    87   646   676   642   678 0.71 -
augustus_predicted_1233 -            746 418107at2759         -            357     2e-15   55.5   9.9   1   5       1.5   1.5e+02    0.0   0.0   262   283   400   421   387   427 0.67 -
augustus_predicted_1233 -            746 418107at2759         -            357     2e-15   55.5   9.9   2   5      0.17        17    3.1   0.1   266   283   470   487   442   496 0.83 -
augustus_predicted_1233 -            746 418107at2759         -            357     2e-15   55.5   9.9   3   5   1.8e-11   1.8e-09   36.0   2.3   209   284   493   572   467   579 0.77 -
augustus_predicted_1233 -            746 418107at2759         -            357     2e-15   55.5   9.9   4   5      0.19        19    3.0   0.0    51    88   578   615   572   618 0.92 -
augustus_predicted_1233 -            746 418107at2759         -            357     2e-15   55.5   9.9   5   5   4.5e-05    0.0045   14.9   0.1    51    93   620   663   616   671 0.88 -
augustus_predicted_4386 -            444 418107at2759         -            357   2.3e-15   55.3   3.1   1   5   9.7e-07   9.7e-05   20.4   0.0    52    88   108   144    62   160 0.80 -
augustus_predicted_4386 -            444 418107at2759         -            357   2.3e-15   55.3   3.1   2   5   0.00011     0.011   13.6   0.1   214   283   153   230   143   234 0.69 -
augustus_predicted_4386 -            444 418107at2759         -            357   2.3e-15   55.3   3.1   3   5   4.7e-05    0.0047   14.9   0.7   209   288   193   278   189   283 0.74 -
augustus_predicted_4386 -            444 418107at2759         -            357   2.3e-15   55.3   3.1   4   5      0.72        72    1.1   0.0   267   285   320   338   315   343 0.69 -
augustus_predicted_4386 -            444 418107at2759         -            357   2.3e-15   55.3   3.1   5   5   0.00068     0.068   11.0   0.0    51    90   342   381   337   397 0.66 -
augustus_predicted_7939 -            915 418107at2759         -            357   5.7e-15   54.1   6.7   1   4     0.033       3.3    5.5   0.0   256   285   530   559   520   566 0.84 -
augustus_predicted_7939 -            915 418107at2759         -            357   5.7e-15   54.1   6.7   2   4   6.3e-06   0.00063   17.7   0.3   193   283   544   655   540   658 0.67 -
augustus_predicted_7939 -            915 418107at2759         -            357   5.7e-15   54.1   6.7   3   4   9.7e-05    0.0097   13.8   0.0    50    89   679   716   675   719 0.84 -
augustus_predicted_7939 -            915 418107at2759         -            357   5.7e-15   54.1   6.7   4   4     1e-06    0.0001   20.3   0.2    51   178   720   848   716   865 0.78 -
augustus_predicted_3932 -            364 418107at2759         -            357   1.6e-14   52.6   0.0   1   3   1.4e-05    0.0014   16.5   0.0   219   248    38    69    10    81 0.81 -
augustus_predicted_3932 -            364 418107at2759         -            357   1.6e-14   52.6   0.0   2   3   9.4e-06   0.00094   17.1   0.0   137   187    82   132    72   147 0.74 -
augustus_predicted_3932 -            364 418107at2759         -            357   1.6e-14   52.6   0.0   3   3     3e-05     0.003   15.5   0.0   207   278   221   297   198   317 0.72 -
augustus_predicted_5862 -            485 418107at2759         -            357   2.8e-14   51.8   2.4   1   6     0.011       1.1    7.0   0.0    71    90   139   158   133   164 0.67 -
augustus_predicted_5862 -            485 418107at2759         -            357   2.8e-14   51.8   2.4   2   6      0.28        28    2.4   0.0   216   246   171   200   165   215 0.64 -
augustus_predicted_5862 -            485 418107at2759         -            357   2.8e-14   51.8   2.4   3   6   3.7e-05    0.0037   15.2   0.0    53   110   216   273   207   286 0.86 -
augustus_predicted_5862 -            485 418107at2759         -            357   2.8e-14   51.8   2.4   4   6       2.2   2.2e+02   -0.5   0.0    52    91   289   329   272   344 0.77 -
augustus_predicted_5862 -            485 418107at2759         -            357   2.8e-14   51.8   2.4   5   6      0.55        55    1.5   0.0   146   170   347   371   291   377 0.66 -
augustus_predicted_5862 -            485 418107at2759         -            357   2.8e-14   51.8   2.4   6   6   1.1e-06   0.00011   20.2   0.0    53   103   377   430   370   456 0.79 -
augustus_predicted_7622 -            595 418107at2759         -            357   9.5e-14   50.0   6.1   1   5      0.74        74    1.0   0.1   147   187    36    76    22    79 0.85 -
augustus_predicted_7622 -            595 418107at2759         -            357   9.5e-14   50.0   6.1   2   5     0.022       2.2    6.1   0.0    48    88   291   332   284   335 0.83 -
augustus_predicted_7622 -            595 418107at2759         -            357   9.5e-14   50.0   6.1   3   5     9e-07     9e-05   20.5   0.0   207   246   334   374   331   382 0.85 -
augustus_predicted_7622 -            595 418107at2759         -            357   9.5e-14   50.0   6.1   4   5   3.8e-06   0.00038   18.5   0.1   186   246   397   460   373   521 0.82 -
augustus_predicted_7622 -            595 418107at2759         -            357   9.5e-14   50.0   6.1   5   5      0.19        19    3.0   0.0    61    86   569   595   550   595 0.77 -
augustus_predicted_7863 -            859 418107at2759         -            357   1.2e-13   49.7   4.7   1   5   4.5e-08   4.5e-06   24.8   0.0   215   291   330   411   319   432 0.79 -
augustus_predicted_7863 -            859 418107at2759         -            357   1.2e-13   49.7   4.7   2   5      0.81        81    0.9   0.0   265   285   426   446   417   453 0.80 -
augustus_predicted_7863 -            859 418107at2759         -            357   1.2e-13   49.7   4.7   3   5    0.0098      0.98    7.2   0.0    51    92   499   538   493   544 0.76 -
augustus_predicted_7863 -            859 418107at2759         -            357   1.2e-13   49.7   4.7   4   5    0.0012      0.12   10.2   0.1    54    98   542   584   537   594 0.81 -
augustus_predicted_7863 -            859 418107at2759         -            357   1.2e-13   49.7   4.7   5   5     0.079       7.9    4.2   0.0   232   248   671   687   665   695 0.89 -
augustus_predicted_6001 -            309 418107at2759         -            357   2.7e-13   48.5   2.7   1   5     0.053       5.3    4.8   0.0    51    93     6    48     1    52 0.75 -
augustus_predicted_6001 -            309 418107at2759         -            357   2.7e-13   48.5   2.7   2   5    0.0019      0.19    9.6   0.0    50    90    49    91    46   100 0.81 -
augustus_predicted_6001 -            309 418107at2759         -            357   2.7e-13   48.5   2.7   3   5   8.6e-05    0.0086   14.0   0.0   126   189   104   169    97   180 0.81 -
augustus_predicted_6001 -            309 418107at2759         -            357   2.7e-13   48.5   2.7   4   5   1.9e-05    0.0019   16.1   0.3   231   289   186   255   182   271 0.64 -
augustus_predicted_6001 -            309 418107at2759         -            357   2.7e-13   48.5   2.7   5   5       1.2   1.2e+02    0.3   0.0   221   246   270   295   259   298 0.78 -
augustus_predicted_1758 -            506 418107at2759         -            357     4e-13   48.0   0.5   1   4       1.4   1.4e+02    0.1   0.0   219   245   184   210   158   213 0.85 -
augustus_predicted_1758 -            506 418107at2759         -            357     4e-13   48.0   0.5   2   4     4e-06    0.0004   18.4   0.0   191   282   248   346   242   347 0.67 -
augustus_predicted_1758 -            506 418107at2759         -            357     4e-13   48.0   0.5   3   4    0.0017      0.17    9.7   0.1    52    92   355   395   352   417 0.79 -
augustus_predicted_1758 -            506 418107at2759         -            357     4e-13   48.0   0.5   4   4    0.0022      0.22    9.4   0.0   193   245   449   504   431   506 0.68 -
augustus_predicted_672  -            355 418107at2759         -            357   4.1e-13   47.9   0.4   1   4     2e-05     0.002   16.1   0.0   180   246    62   133    47   137 0.83 -
augustus_predicted_672  -            355 418107at2759         -            357   4.1e-13   47.9   0.4   2   4     0.012       1.2    6.9   0.0   139   172   149   182   140   199 0.76 -
augustus_predicted_672  -            355 418107at2759         -            357   4.1e-13   47.9   0.4   3   4   1.2e-06   0.00012   20.1   0.0   184   246   219   287   214   290 0.83 -
augustus_predicted_672  -            355 418107at2759         -            357   4.1e-13   47.9   0.4   4   4       2.6   2.6e+02   -0.7   0.0   213   245   315   349   310   353 0.69 -
augustus_predicted_3190 -            885 418107at2759         -            357   4.3e-13   47.9   5.2   1   5    0.0035      0.35    8.7   0.1   261   283   182   204   173   214 0.89 -
augustus_predicted_3190 -            885 418107at2759         -            357   4.3e-13   47.9   5.2   2   5   2.1e-05    0.0021   16.0   0.0    50    88   355   393   349   396 0.92 -
augustus_predicted_3190 -            885 418107at2759         -            357   4.3e-13   47.9   5.2   3   5    0.0024      0.24    9.3   0.0    55    87   402   434   395   445 0.65 -
augustus_predicted_3190 -            885 418107at2759         -            357   4.3e-13   47.9   5.2   4   5     0.017       1.7    6.5   0.0    50    90   483   524   473   600 0.86 -
augustus_predicted_3190 -            885 418107at2759         -            357   4.3e-13   47.9   5.2   5   5       1.1   1.1e+02    0.5   0.0   220   236   657   673   652   683 0.88 -
augustus_predicted_1215 -            535 418107at2759         -            357   4.5e-13   47.8   0.8   1   3   0.00038     0.038   11.9   0.0    56    89   263   297   254   305 0.79 -
augustus_predicted_1215 -            535 418107at2759         -            357   4.5e-13   47.8   0.8   2   3     9e-08     9e-06   23.8   0.0   133   212   306   385   300   394 0.92 -
augustus_predicted_1215 -            535 418107at2759         -            357   4.5e-13   47.8   0.8   3   3    0.0025      0.25    9.2   0.0    51   111   393   453   385   490 0.68 -
augustus_predicted_4366 -           1154 418107at2759         -            357   7.8e-13   47.0   8.8   1   6   2.8e-06   0.00028   18.9   0.1   194   283   267   359   261   368 0.76 -
augustus_predicted_4366 -           1154 418107at2759         -            357   7.8e-13   47.0   8.8   2   6     0.001       0.1   10.4   0.0    53    93   327   366   324   380 0.79 -
augustus_predicted_4366 -           1154 418107at2759         -            357   7.8e-13   47.0   8.8   3   6    0.0077      0.77    7.6   0.1    54    89   369   402   365   405 0.75 -
augustus_predicted_4366 -           1154 418107at2759         -            357   7.8e-13   47.0   8.8   4   6   4.3e-05    0.0043   15.0   0.2   229   285   383   441   376   446 0.84 -
augustus_predicted_4366 -           1154 418107at2759         -            357   7.8e-13   47.0   8.8   5   6     0.022       2.2    6.1   0.1    54    91   449   484   446   487 0.79 -
augustus_predicted_4366 -           1154 418107at2759         -            357   7.8e-13   47.0   8.8   6   6     0.017       1.7    6.4   0.0    51    88   486   521   484   527 0.86 -
augustus_predicted_5146 -            608 418107at2759         -            357   9.2e-13   46.8   6.7   1   5    0.0015      0.15    9.9   0.0    51    88   272   309   262   313 0.93 -
augustus_predicted_5146 -            608 418107at2759         -            357   9.2e-13   46.8   6.7   2   5   0.00012     0.012   13.5   0.0    53    89   316   350   311   362 0.84 -
augustus_predicted_5146 -            608 418107at2759         -            357   9.2e-13   46.8   6.7   3   5     0.014       1.4    6.7   0.0    55   245   386   415   368   432 0.68 -
augustus_predicted_5146 -            608 418107at2759         -            357   9.2e-13   46.8   6.7   4   5     0.044       4.4    5.1   0.0    72    96   466   491   459   500 0.83 -
augustus_predicted_5146 -            608 418107at2759         -            357   9.2e-13   46.8   6.7   5   5   0.00067     0.067   11.1   0.2   231   282   506   558   491   565 0.84 -
augustus_predicted_3193 -            393 418107at2759         -            357   1.2e-12   46.4   0.3   1   2   8.4e-14   8.4e-12   43.6   0.0   135   248   196   319   186   321 0.84 -
augustus_predicted_3193 -            393 418107at2759         -            357   1.2e-12   46.4   0.3   2   2       1.4   1.4e+02    0.2   0.0   261   284   350   374   340   383 0.61 -
augustus_predicted_7659 -            474 418107at2759         -            357   1.8e-12   45.8   0.0   1   4     0.018       1.8    6.3   0.0   248   287    55    94    49   108 0.77 -
augustus_predicted_7659 -            474 418107at2759         -            357   1.8e-12   45.8   0.0   2   4      0.41        41    1.9   0.1   210   243   111   147   105   150 0.77 -
augustus_predicted_7659 -            474 418107at2759         -            357   1.8e-12   45.8   0.0   3   4   7.3e-06   0.00073   17.5   0.0   138   211   169   243   156   255 0.82 -
augustus_predicted_7659 -            474 418107at2759         -            357   1.8e-12   45.8   0.0   4   4   8.3e-05    0.0083   14.0   0.0   213   247   279   313   268   332 0.74 -
augustus_predicted_234  -            393 418107at2759         -            357     4e-12   44.7   1.7   1   4     0.053       5.3    4.8   0.0   232   281     5    57     3    64 0.59 -
augustus_predicted_234  -            393 418107at2759         -            357     4e-12   44.7   1.7   2   4   8.8e-09   8.8e-07   27.1   0.0   147   284    43   188    21   196 0.81 -
augustus_predicted_234  -            393 418107at2759         -            357     4e-12   44.7   1.7   3   4     0.045       4.5    5.0   0.0    51    87   200   236   190   241 0.92 -
augustus_predicted_234  -            393 418107at2759         -            357     4e-12   44.7   1.7   4   4     0.027       2.7    5.8   0.1   261   284   342   365   334   378 0.86 -
augustus_predicted_181  -            445 418107at2759         -            357   4.7e-12   44.5   0.1   1   6     0.052       5.2    4.8   0.0   193   246    42   101    27   106 0.65 -
augustus_predicted_181  -            445 418107at2759         -            357   4.7e-12   44.5   0.1   2   6    0.0098      0.98    7.2   0.0   214   246   142   174   119   178 0.86 -
augustus_predicted_181  -            445 418107at2759         -            357   4.7e-12   44.5   0.1   3   6   1.3e-05    0.0013   16.7   0.0   213   246   188   221   179   235 0.79 -
augustus_predicted_181  -            445 418107at2759         -            357   4.7e-12   44.5   0.1   4   6     0.046       4.6    5.0   0.0   229   246   274   291   268   300 0.77 -
augustus_predicted_181  -            445 418107at2759         -            357   4.7e-12   44.5   0.1   5   6         2     2e+02   -0.4   0.0   147   173   340   366   318   379 0.79 -
augustus_predicted_181  -            445 418107at2759         -            357   4.7e-12   44.5   0.1   6   6      0.66        66    1.2   0.0    70    88   426   444   421   445 0.80 -
augustus_predicted_7051 -            900 418107at2759         -            357   4.9e-12   44.4   1.1   1   4    0.0053      0.53    8.1   0.0    54    86   319   349   312   353 0.83 -
augustus_predicted_7051 -            900 418107at2759         -            357   4.9e-12   44.4   1.1   2   4   0.00049     0.049   11.5   0.1   230   284   422   479   404   484 0.76 -
augustus_predicted_7051 -            900 418107at2759         -            357   4.9e-12   44.4   1.1   3   4     0.017       1.7    6.4   0.0    50    89   484   521   481   524 0.86 -
augustus_predicted_7051 -            900 418107at2759         -            357   4.9e-12   44.4   1.1   4   4   0.00011     0.011   13.7   0.0   191   245   545   602   537   609 0.83 -
augustus_predicted_8627 -           1990 418107at2759         -            357   8.8e-12   43.6   1.0   1   5      0.62        62    1.3   0.0   251   283   133   165   126   171 0.89 -
augustus_predicted_8627 -           1990 418107at2759         -            357   8.8e-12   43.6   1.0   2   5   4.2e-09   4.2e-07   28.2   0.0   180   288   227   345   220   352 0.81 -
augustus_predicted_8627 -           1990 418107at2759         -            357   8.8e-12   43.6   1.0   3   5      0.64        64    1.2   0.0    54    89   401   439   396   447 0.76 -
augustus_predicted_8627 -           1990 418107at2759         -            357   8.8e-12   43.6   1.0   4   5       6.9   6.9e+02   -2.1   0.0    54    89   568   603   566   606 0.89 -
augustus_predicted_8627 -           1990 418107at2759         -            357   8.8e-12   43.6   1.0   5   5     0.024       2.4    5.9   0.1    55   101   612   666   605   676 0.70 -
augustus_predicted_5811 -           1271 418107at2759         -            357     2e-11   42.4   0.0   1   2   0.00036     0.036   11.9   0.0   137   211   150   227   141   237 0.74 -
augustus_predicted_5811 -           1271 418107at2759         -            357     2e-11   42.4   0.0   2   2   4.7e-12   4.7e-10   37.9   0.0   136   247   194   319   188   334 0.82 -
augustus_predicted_4790 -            816 418107at2759         -            357     3e-11   41.8   2.0   1   7     0.031       3.1    5.6   0.0   264   286    71    93    50   102 0.65 -
augustus_predicted_4790 -            816 418107at2759         -            357     3e-11   41.8   2.0   2   7   0.00046     0.046   11.6   0.1    53    89   104   140    94   151 0.88 -
augustus_predicted_4790 -            816 418107at2759         -            357     3e-11   41.8   2.0   3   7      0.22        22    2.8   0.0    73    89   233   249   204   333 0.56 -
augustus_predicted_4790 -            816 418107at2759         -            357     3e-11   41.8   2.0   4   7     0.006       0.6    7.9   0.0   214   245   402   433   393   437 0.93 -
augustus_predicted_4790 -            816 418107at2759         -            357     3e-11   41.8   2.0   5   7       3.4   3.4e+02   -1.1   0.1   260   283   626   649   589   660 0.68 -
augustus_predicted_4790 -            816 418107at2759         -            357     3e-11   41.8   2.0   6   7     0.037       3.7    5.3   0.0   211   251   663   707   651   713 0.87 -
augustus_predicted_4790 -            816 418107at2759         -            357     3e-11   41.8   2.0   7   7       7.5   7.5e+02   -2.3   0.0   231   247   794   810   791   813 0.75 -
augustus_predicted_6922 -            336 418107at2759         -            357   3.2e-11   41.7   0.1   1   5   4.5e-06   0.00045   18.2   0.0   180   245    13    80     9    89 0.88 -
augustus_predicted_6922 -            336 418107at2759         -            357   3.2e-11   41.7   0.1   2   5       4.6   4.6e+02   -1.6   0.0   218   233    94   109    85   115 0.78 -
augustus_predicted_6922 -            336 418107at2759         -            357   3.2e-11   41.7   0.1   3   5     0.067       6.7    4.5   0.0   260   297   153   190   141   195 0.84 -
augustus_predicted_6922 -            336 418107at2759         -            357   3.2e-11   41.7   0.1   4   5     0.014       1.4    6.7   0.0   133   193   190   249   186   272 0.74 -
augustus_predicted_6922 -            336 418107at2759         -            357   3.2e-11   41.7   0.1   5   5     0.012       1.2    6.9   0.0    51    87   282   318   266   322 0.87 -
augustus_predicted_1456 -            364 418107at2759         -            357     2e-10   39.1   0.0   1   4      0.19        19    3.0   0.0   137   289    44    76    23   102 0.54 -
augustus_predicted_1456 -            364 418107at2759         -            357     2e-10   39.1   0.0   2   4   7.2e-08   7.1e-06   24.1   0.0    37    95   107   165    82   168 0.85 -
augustus_predicted_1456 -            364 418107at2759         -            357     2e-10   39.1   0.0   3   4     0.059       5.9    4.7   0.0   140   168   173   201   167   222 0.87 -
augustus_predicted_1456 -            364 418107at2759         -            357     2e-10   39.1   0.0   4   4      0.56        56    1.4   0.0   262   283   288   310   283   333 0.83 -
augustus_predicted_3031 -            855 418107at2759         -            357   2.6e-10   38.7   4.9   1   4   6.6e-06   0.00066   17.7   0.2   214   286   534   610   480   621 0.81 -
augustus_predicted_3031 -            855 418107at2759         -            357   2.6e-10   38.7   4.9   2   4     0.048       4.8    5.0   0.0   210   238   614   642   610   649 0.86 -
augustus_predicted_3031 -            855 418107at2759         -            357   2.6e-10   38.7   4.9   3   4      0.18        18    3.1   0.0   220   290   666   739   644   753 0.79 -
augustus_predicted_3031 -            855 418107at2759         -            357   2.6e-10   38.7   4.9   4   4    0.0015      0.15    9.9   0.1   148   204   761   819   752   834 0.74 -
augustus_predicted_1452 -            959 418107at2759         -            357   2.9e-10   38.6   1.2   1   3     0.008       0.8    7.5   0.0   262   289   312   339   306   357 0.83 -
augustus_predicted_1452 -            959 418107at2759         -            357   2.9e-10   38.6   1.2   2   3   8.3e-07   8.3e-05   20.6   0.0   208   283   364   442   356   449 0.77 -
augustus_predicted_1452 -            959 418107at2759         -            357   2.9e-10   38.6   1.2   3   3     0.017       1.7    6.4   0.0   256   289   557   590   520   609 0.66 -
augustus_predicted_6954 -            554 418107at2759         -            357   6.9e-10   37.3   0.1   1   3       2.2   2.2e+02   -0.5   0.0    57    87   288   318   280   339 0.81 -
augustus_predicted_6954 -            554 418107at2759         -            357   6.9e-10   37.3   0.1   2   3   7.5e-08   7.5e-06   24.0   0.0   138   285   331   490   302   497 0.72 -
augustus_predicted_6954 -            554 418107at2759         -            357   6.9e-10   37.3   0.1   3   3     0.001       0.1   10.5   0.0   212   245   497   530   489   535 0.70 -
augustus_predicted_5876 -            625 418107at2759         -            357   4.7e-09   34.6   0.7   1   5     0.023       2.3    6.0   0.0   213   246   227   260   221   263 0.80 -
augustus_predicted_5876 -            625 418107at2759         -            357   4.7e-09   34.6   0.7   2   5   0.00099     0.099   10.5   0.0    53    93   268   314   262   320 0.69 -
augustus_predicted_5876 -            625 418107at2759         -            357   4.7e-09   34.6   0.7   3   5     0.011       1.1    7.1   0.0    49    90   314   355   311   363 0.91 -
augustus_predicted_5876 -            625 418107at2759         -            357   4.7e-09   34.6   0.7   4   5       2.7   2.7e+02   -0.8   0.0    72    89   384   401   365   405 0.65 -
augustus_predicted_5876 -            625 418107at2759         -            357   4.7e-09   34.6   0.7   5   5     0.026       2.6    5.9   0.0    61    89   446   474   436   480 0.85 -
augustus_predicted_8796 -            525 418107at2759         -            357   6.7e-09   34.1   0.1   1   4     0.018       1.8    6.4   0.0    53    86    62    96    58   105 0.81 -
augustus_predicted_8796 -            525 418107at2759         -            357   6.7e-09   34.1   0.1   2   4    0.0025      0.25    9.2   0.0    53    88   128   164   119   187 0.83 -
augustus_predicted_8796 -            525 418107at2759         -            357   6.7e-09   34.1   0.1   3   4       1.7   1.7e+02   -0.1   0.0   145   165   250   269   200   288 0.59 -
augustus_predicted_8796 -            525 418107at2759         -            357   6.7e-09   34.1   0.1   4   4   0.00035     0.035   12.0   0.0    46    90   359   404   347   428 0.80 -
augustus_predicted_8386 -            492 418107at2759         -            357   7.5e-09   33.9   0.2   1   1    0.0066      0.66    7.8   0.0    51    89   396   435   389   445 0.78 -
augustus_predicted_5540 -           1198 418107at2759         -            357     9e-09   33.7   4.6   1   4       3.2   3.2e+02   -1.0   0.0   262   284   774   796   769   806 0.80 -
augustus_predicted_5540 -           1198 418107at2759         -            357     9e-09   33.7   4.6   2   4   3.6e-05    0.0036   15.2   0.3   219   286   875   948   870   957 0.70 -
augustus_predicted_5540 -           1198 418107at2759         -            357     9e-09   33.7   4.6   3   4     0.094       9.4    4.0   0.0   264   283   971   990   956  1002 0.72 -
augustus_predicted_5540 -           1198 418107at2759         -            357     9e-09   33.7   4.6   4   4   0.00021     0.021   12.7   0.0   264   316  1055  1107  1043  1112 0.88 -
augustus_predicted_5178 -            475 418107at2759         -            357   1.8e-08   32.6   0.0   1   3       7.7   7.7e+02   -2.3   0.1   282   319    80   117    79   126 0.83 -
augustus_predicted_5178 -            475 418107at2759         -            357   1.8e-08   32.6   0.0   2   3   1.2e-07   1.2e-05   23.4   0.0    63   273   205   421   194   425 0.74 -
augustus_predicted_5178 -            475 418107at2759         -            357   1.8e-08   32.6   0.0   3   3   3.6e-05    0.0036   15.3   0.0   136   282   321   472   310   475 0.84 -
augustus_predicted_2475 -            596 418107at2759         -            357   2.6e-08   32.2   0.2   1   3    0.0094      0.94    7.3   0.0    54    90   103   139    96   150 0.89 -
augustus_predicted_2475 -            596 418107at2759         -            357   2.6e-08   32.2   0.2   2   3     4e-06    0.0004   18.4   0.0   207   246   208   248   200   262 0.89 -
augustus_predicted_2475 -            596 418107at2759         -            357   2.6e-08   32.2   0.2   3   3       0.4        40    1.9   0.0   199   236   342   387   322   397 0.58 -
augustus_predicted_742  -            355 418107at2759         -            357   3.2e-08   31.9   0.1   1   3   0.00032     0.032   12.1   0.1    58    96    57    96    49   109 0.79 -
augustus_predicted_742  -            355 418107at2759         -            357   3.2e-08   31.9   0.1   2   3   0.00024     0.024   12.5   0.0    48    89   138   180   135   198 0.82 -
augustus_predicted_742  -            355 418107at2759         -            357   3.2e-08   31.9   0.1   3   3      0.28        28    2.4   0.0    63   287   302   329   290   354 0.56 -
augustus_predicted_188  -            362 418107at2759         -            357   4.1e-08   31.5   0.1   1   4   0.00053     0.053   11.4   0.0   219   245    35    61    13    65 0.90 -
augustus_predicted_188  -            362 418107at2759         -            357   4.1e-08   31.5   0.1   2   4    0.0025      0.25    9.2   0.0   215   244    75   104    69   110 0.90 -
augustus_predicted_188  -            362 418107at2759         -            357   4.1e-08   31.5   0.1   3   4      0.15        15    3.4   0.0   232   250   139   159   129   216 0.68 -
augustus_predicted_188  -            362 418107at2759         -            357   4.1e-08   31.5   0.1   4   4      0.47        47    1.7   0.0   179   214   265   299   239   329 0.55 -
augustus_predicted_5688 -            541 418107at2759         -            357     9e-08   30.4  10.8   1   3   1.3e-05    0.0013   16.7   0.0   199   283    77   167    64   178 0.70 -
augustus_predicted_5688 -            541 418107at2759         -            357     9e-08   30.4  10.8   2   3    0.0009      0.09   10.6   0.1   231   245   199   213   172   218 0.79 -
augustus_predicted_5688 -            541 418107at2759         -            357     9e-08   30.4  10.8   3   3    0.0035      0.35    8.7   0.0    42    87   253   297   243   304 0.87 -
augustus_predicted_1242 -           1106 418107at2759         -            357     1e-07   30.2   0.0   1   6      0.52        52    1.5   0.0    51    85    39    73    31    80 0.63 -
augustus_predicted_1242 -           1106 418107at2759         -            357     1e-07   30.2   0.0   2   6      0.14        14    3.5   0.0    55    93    92   132    79   146 0.63 -
augustus_predicted_1242 -           1106 418107at2759         -            357     1e-07   30.2   0.0   3   6     0.014       1.4    6.7   0.0    55    88   172   205   168   221 0.91 -
augustus_predicted_1242 -           1106 418107at2759         -            357     1e-07   30.2   0.0   4   6       2.1   2.1e+02   -0.4   0.0   178   212   246   280   240   284 0.90 -
augustus_predicted_1242 -           1106 418107at2759         -            357     1e-07   30.2   0.0   5   6      0.14        14    3.4   0.0   263   285   930   952   914   958 0.87 -
augustus_predicted_1242 -           1106 418107at2759         -            357     1e-07   30.2   0.0   6   6     0.028       2.8    5.7   0.0    50    99   956  1005   953  1011 0.92 -
augustus_predicted_508  -            373 418107at2759         -            357   2.2e-07   29.1   0.3   1   3    0.0016      0.16    9.8   0.0   217   245    81   109    73   118 0.83 -
augustus_predicted_508  -            373 418107at2759         -            357   2.2e-07   29.1   0.3   2   3     0.065       6.5    4.5   0.1    53    90   118   157   115   177 0.70 -
augustus_predicted_508  -            373 418107at2759         -            357   2.2e-07   29.1   0.3   3   3   0.00091      0.09   10.6   0.1   146   283   184   329   161   345 0.74 -
augustus_predicted_3800 -            684 418107at2759         -            357   2.2e-07   29.1   0.2   1   4   0.00013     0.013   13.4   0.0   218   283    15    91     9   103 0.77 -
augustus_predicted_3800 -            684 418107at2759         -            357   2.2e-07   29.1   0.2   2   4   0.00061     0.061   11.2   0.0   210   287    56   154    50   163 0.64 -
augustus_predicted_3800 -            684 418107at2759         -            357   2.2e-07   29.1   0.2   3   4   0.00066     0.066   11.1   0.2   219   283   124   192   107   199 0.70 -
augustus_predicted_3800 -            684 418107at2759         -            357   2.2e-07   29.1   0.2   4   4       8.3   8.3e+02   -2.4   0.0   150   174   456   480   454   506 0.74 -
augustus_predicted_2706 -            357 418107at2759         -            357   3.2e-07   28.5   0.3   1   2   2.1e-06   0.00021   19.3   0.2   183   283    19   132    13   143 0.82 -
augustus_predicted_2706 -            357 418107at2759         -            357   3.2e-07   28.5   0.3   2   2     0.014       1.4    6.8   0.0    61    90   265   295   251   322 0.87 -
augustus_predicted_4291 -            915 418107at2759         -            357   1.3e-06   26.6   0.1   1   5       1.4   1.4e+02    0.1   0.0   213   249    13    51     9   113 0.78 -
augustus_predicted_4291 -            915 418107at2759         -            357   1.3e-06   26.6   0.1   2   5      0.36        36    2.1   0.0    83    83   402   402   283   456 0.53 -
augustus_predicted_4291 -            915 418107at2759         -            357   1.3e-06   26.6   0.1   3   5    0.0071      0.71    7.7   0.0   210   243   458   491   435   497 0.81 -
augustus_predicted_4291 -            915 418107at2759         -            357   1.3e-06   26.6   0.1   4   5      0.04         4    5.2   0.0    98   168   531   603   529   609 0.87 -
augustus_predicted_4291 -            915 418107at2759         -            357   1.3e-06   26.6   0.1   5   5      0.26        26    2.5   0.0    66    90   630   654   611   663 0.82 -
augustus_predicted_1407 -           1543 418107at2759         -            357   1.4e-06   26.5   2.1   1   4      0.12        12    3.6   0.0    56    87    24    55    17    62 0.94 -
augustus_predicted_1407 -           1543 418107at2759         -            357   1.4e-06   26.5   2.1   2   4    0.0071      0.71    7.7   0.2   212   283    78   156    73   160 0.67 -
augustus_predicted_1407 -           1543 418107at2759         -            357   1.4e-06   26.5   2.1   3   4     0.055       5.5    4.8   0.0    56    90   125   160   121   205 0.77 -
augustus_predicted_1407 -           1543 418107at2759         -            357   1.4e-06   26.5   2.1   4   4    0.0028      0.28    9.0   0.1    50    89   208   247   196   258 0.89 -
augustus_predicted_8868 -            316 418107at2759         -            357   5.7e-06   24.5   0.0   1   3      0.84        84    0.9   0.0    51    88    56    93    52   115 0.73 -
augustus_predicted_8868 -            316 418107at2759         -            357   5.7e-06   24.5   0.0   2   3     0.043       4.3    5.1   0.0   194   248    79   137    72   139 0.65 -
augustus_predicted_8868 -            316 418107at2759         -            357   5.7e-06   24.5   0.0   3   3     2e-05     0.002   16.1   0.0   135   244   171   287   157   296 0.78 -
augustus_predicted_283  -            977 418107at2759         -            357   6.2e-06   24.3   0.1   1   3     0.015       1.5    6.6   0.0   215   245     3    33     1    37 0.89 -
augustus_predicted_283  -            977 418107at2759         -            357   6.2e-06   24.3   0.1   2   3     7e-05    0.0069   14.3   0.0   208   311    57   166    53   189 0.68 -
augustus_predicted_283  -            977 418107at2759         -            357   6.2e-06   24.3   0.1   3   3       9.1   9.1e+02   -2.5   0.0   218   238   254   274   200   278 0.53 -
augustus_predicted_7569 -           1229 418107at2759         -            357   7.3e-06   24.1   0.2   1   2     0.073       7.3    4.3   0.0   221   246    18    43    10    47 0.69 -
augustus_predicted_7569 -           1229 418107at2759         -            357   7.3e-06   24.1   0.2   2   2   8.4e-06   0.00084   17.3   0.0    71   253    67   269    53   300 0.69 -
augustus_predicted_3188 -            275 418107at2759         -            357   8.7e-06   23.8   0.1   1   4      0.29        29    2.4   0.0   222   284    24    49     6    69 0.62 -
augustus_predicted_3188 -            275 418107at2759         -            357   8.7e-06   23.8   0.1   2   4   1.7e-05    0.0017   16.3   0.0    50    88    87   125    83   135 0.91 -
augustus_predicted_3188 -            275 418107at2759         -            357   8.7e-06   23.8   0.1   3   4      0.31        31    2.3   0.0   205   245   122   163   121   166 0.86 -
augustus_predicted_3188 -            275 418107at2759         -            357   8.7e-06   23.8   0.1   4   4       3.6   3.6e+02   -1.2   0.0    57    85   246   274   236   275 0.82 -
augustus_predicted_1978 -            609 418107at2759         -            357   1.5e-05   23.1   0.0   1   2   0.00094     0.094   10.6   0.0   182   245   360   427   353   448 0.66 -
augustus_predicted_1978 -            609 418107at2759         -            357   1.5e-05   23.1   0.0   2   2    0.0016      0.16    9.8   0.0   132   207   460   538   457   546 0.80 -
augustus_predicted_1146 -            629 418107at2759         -            357   2.5e-05   22.3   0.9   1   4    0.0046      0.46    8.3   0.1    57    99    73   124    51   129 0.73 -
augustus_predicted_1146 -            629 418107at2759         -            357   2.5e-05   22.3   0.9   2   4      0.05         5    4.9   0.0   212   245   113   146   108   149 0.88 -
augustus_predicted_1146 -            629 418107at2759         -            357   2.5e-05   22.3   0.9   3   4       2.1   2.1e+02   -0.5   0.0    55    89   206   240   197   255 0.85 -
augustus_predicted_1146 -            629 418107at2759         -            357   2.5e-05   22.3   0.9   4   4     0.052       5.2    4.8   0.0   222   245   270   294   256   303 0.87 -
augustus_predicted_4243 -            611 418107at2759         -            357   3.8e-05   21.7   0.0   1   3      0.24        24    2.7   0.0   228   283    92   110    75   114 0.52 -
augustus_predicted_4243 -            611 418107at2759         -            357   3.8e-05   21.7   0.0   2   3   4.1e-05    0.0041   15.1   0.0   180   246   142   210   125   217 0.79 -
augustus_predicted_4243 -            611 418107at2759         -            357   3.8e-05   21.7   0.0   3   3       6.6   6.6e+02   -2.1   0.0   153   168   245   260   241   265 0.85 -
augustus_predicted_204  -            793 418107at2759         -            357   4.6e-05   21.5   0.0   1   4   0.00037     0.037   11.9   0.0    52    88   427   463   419   473 0.88 -
augustus_predicted_204  -            793 418107at2759         -            357   4.6e-05   21.5   0.0   2   4       6.3   6.3e+02   -2.0   0.0   124   160   465   501   463   504 0.77 -
augustus_predicted_204  -            793 418107at2759         -            357   4.6e-05   21.5   0.0   3   4      0.21        21    2.8   0.0   228   284   676   739   622   746 0.70 -
augustus_predicted_204  -            793 418107at2759         -            357   4.6e-05   21.5   0.0   4   4      0.38        38    2.0   0.0   219   244   767   792   760   793 0.89 -
augustus_predicted_733  -            618 418107at2759         -            357   7.2e-05   20.8   0.0   1   2      0.91        91    0.8   0.0   261   289   351   379   346   389 0.84 -
augustus_predicted_733  -            618 418107at2759         -            357   7.2e-05   20.8   0.0   2   2   8.8e-06   0.00088   17.2   0.0   146   284   438   588   362   602 0.68 -
augustus_predicted_5669 -            643 418107at2759         -            357    0.0001   20.3   0.1   1   3     0.054       5.4    4.8   0.0    56    88   117   149   110   164 0.86 -
augustus_predicted_5669 -            643 418107at2759         -            357    0.0001   20.3   0.1   2   3     0.016       1.6    6.5   0.0    51    89   225   263   223   272 0.89 -
augustus_predicted_5669 -            643 418107at2759         -            357    0.0001   20.3   0.1   3   3     0.098       9.8    3.9   0.0    56    86   459   489   455   500 0.80 -
augustus_predicted_740  -            477 418107at2759         -            357   0.00011   20.2   0.5   1   2    0.0008      0.08   10.8   0.3   225   291    33   103    26   122 0.70 -
augustus_predicted_740  -            477 418107at2759         -            357   0.00011   20.2   0.5   2   2     0.031       3.1    5.6   0.0   137   207   279   350   192   356 0.71 -
augustus_predicted_1322 -            442 418107at2759         -            357   0.00015   19.8   0.5   1   4     0.026       2.6    5.9   0.0    53    96    17    67    11   104 0.78 -
augustus_predicted_1322 -            442 418107at2759         -            357   0.00015   19.8   0.5   2   4     0.069       6.9    4.4   0.0   209   239   261   291   254   294 0.86 -
augustus_predicted_1322 -            442 418107at2759         -            357   0.00015   19.8   0.5   3   4       1.8   1.8e+02   -0.3   0.0   229   245   330   346   327   374 0.78 -
augustus_predicted_1322 -            442 418107at2759         -            357   0.00015   19.8   0.5   4   4      0.11        11    3.7   0.0    67    87   421   441   398   442 0.84 -
augustus_predicted_3848 -            525 418107at2759         -            357   0.00019   19.5   0.0   1   2     0.041       4.1    5.2   0.0    49    89   240   281   238   287 0.87 -
augustus_predicted_3848 -            525 418107at2759         -            357   0.00019   19.5   0.0   2   2   0.00035     0.035   12.0   0.0   137   247   298   417   281   422 0.73 -
augustus_predicted_3296 -            859 418107at2759         -            357   0.00025   19.0   1.1   1   4         2     2e+02   -0.4   0.0   208   236   211   239   203   250 0.82 -
augustus_predicted_3296 -            859 418107at2759         -            357   0.00025   19.0   1.1   2   4      0.03         3    5.6   0.2   232   249   301   318   288   340 0.79 -
augustus_predicted_3296 -            859 418107at2759         -            357   0.00025   19.0   1.1   3   4     0.055       5.5    4.8   0.0   160   211   466   519   433   525 0.81 -
augustus_predicted_3296 -            859 418107at2759         -            357   0.00025   19.0   1.1   4   4      0.17        17    3.2   0.0    67    99   553   585   539   637 0.84 -
augustus_predicted_6173 -           1462 418107at2759         -            357   0.00035   18.5   0.5   1   1   9.2e-06   0.00092   17.2   0.5    83   207    98   236    84   247 0.62 -
augustus_predicted_963  -           1599 418107at2759         -            357   0.00039   18.4   0.1   1   3    0.0014      0.14   10.0   0.0   262   301  1144  1184  1136  1191 0.76 -
augustus_predicted_963  -           1599 418107at2759         -            357   0.00039   18.4   0.1   2   3       1.3   1.3e+02    0.2   0.1    61    97  1189  1225  1180  1243 0.85 -
augustus_predicted_963  -           1599 418107at2759         -            357   0.00039   18.4   0.1   3   3      0.15        15    3.3   0.0    68    99  1469  1500  1454  1511 0.84 -
augustus_predicted_5570 -            573 418107at2759         -            357   0.00058   17.8   6.3   1   3    0.0054      0.54    8.1   0.0    53    87   125   159    54   163 0.85 -
augustus_predicted_5570 -            573 418107at2759         -            357   0.00058   17.8   6.3   2   3    0.0029      0.29    9.0   0.0   141   207   196   261   182   270 0.84 -
augustus_predicted_5570 -            573 418107at2759         -            357   0.00058   17.8   6.3   3   3      0.34        34    2.1   0.0    69   100   307   338   295   347 0.82 -
augustus_predicted_7681 -            363 418107at2759         -            357   0.00087   17.3   0.2   1   4    0.0028      0.28    9.0   0.0   200   247    34    84    18   124 0.75 -
augustus_predicted_7681 -            363 418107at2759         -            357   0.00087   17.3   0.2   2   4      0.57        57    1.4   0.0   222   282   103   171    96   177 0.59 -
augustus_predicted_7681 -            363 418107at2759         -            357   0.00087   17.3   0.2   3   4      0.38        38    2.0   0.0   220   245   208   233   200   264 0.86 -
augustus_predicted_7681 -            363 418107at2759         -            357   0.00087   17.3   0.2   4   4       2.5   2.5e+02   -0.7   0.0    68    87   344   363   323   363 0.69 -
augustus_predicted_3079 -           1158 418107at2759         -            357   0.00097   17.1   1.1   1   5         6     6e+02   -1.9   0.0    54    87   757   794   753   802 0.69 -
augustus_predicted_3079 -           1158 418107at2759         -            357   0.00097   17.1   1.1   2   5       1.3   1.3e+02    0.3   0.0   268   283   848   863   842   878 0.80 -
augustus_predicted_3079 -           1158 418107at2759         -            357   0.00097   17.1   1.1   3   5       1.1   1.1e+02    0.4   0.0    72    88   908   924   903   926 0.87 -
augustus_predicted_3079 -           1158 418107at2759         -            357   0.00097   17.1   1.1   4   5       9.9   9.9e+02   -2.7   0.0   154   169  1000  1015   993  1020 0.77 -
augustus_predicted_3079 -           1158 418107at2759         -            357   0.00097   17.1   1.1   5   5     0.001       0.1   10.5   0.1   229   281  1095  1155  1085  1157 0.77 -
augustus_predicted_1284 -           1867 418107at2759         -            357    0.0014   16.6   0.0   1   2       5.8   5.8e+02   -1.9   0.0   203   245  1322  1365  1314  1373 0.53 -
augustus_predicted_1284 -           1867 418107at2759         -            357    0.0014   16.6   0.0   2   2   4.9e-05    0.0049   14.8   0.0    52    90  1379  1417  1376  1423 0.93 -
augustus_predicted_2415 -            717 418107at2759         -            357    0.0014   16.6   0.0   1   3   0.00056     0.056   11.3   0.0   215   284   286   361   277   388 0.76 -
augustus_predicted_2415 -            717 418107at2759         -            357    0.0014   16.6   0.0   2   3       6.6   6.6e+02   -2.1   0.0   221   245   428   455   419   464 0.55 -
augustus_predicted_2415 -            717 418107at2759         -            357    0.0014   16.6   0.0   3   3      0.71        71    1.1   0.0   241   284   641   683   634   691 0.72 -
augustus_predicted_3308 -            816 418107at2759         -            357    0.0019   16.1   0.6   1   3      0.32        32    2.3   0.0    68    89   121   142   110   187 0.86 -
augustus_predicted_3308 -            816 418107at2759         -            357    0.0019   16.1   0.6   2   3    0.0065      0.65    7.8   0.0    55    88   523   556   519   558 0.91 -
augustus_predicted_3308 -            816 418107at2759         -            357    0.0019   16.1   0.6   3   3      0.66        66    1.2   0.0   266   282   577   593   569   626 0.79 -
augustus_predicted_7641 -           1132 418107at2759         -            357    0.0036   15.2   0.0   1   4      0.18        18    3.1   0.0   228   247   237   256   195   262 0.63 -
augustus_predicted_7641 -           1132 418107at2759         -            357    0.0036   15.2   0.0   2   4      0.36        36    2.1   0.0    70    93   373   396   361   416 0.86 -
augustus_predicted_7641 -           1132 418107at2759         -            357    0.0036   15.2   0.0   3   4       0.1        10    3.9   0.0   260   287   812   839   761   847 0.72 -
augustus_predicted_7641 -           1132 418107at2759         -            357    0.0036   15.2   0.0   4   4       3.7   3.7e+02   -1.3   0.0    67    88   928   949   919   953 0.82 -
augustus_predicted_4679 -            379 418107at2759         -            357    0.0059   14.5   1.7   1   3     0.072       7.2    4.4   0.1    55    87    10    42     5    65 0.82 -
augustus_predicted_4679 -            379 418107at2759         -            357    0.0059   14.5   1.7   2   3      0.58        58    1.4   0.0    70    88   242   260   197   270 0.66 -
augustus_predicted_4679 -            379 418107at2759         -            357    0.0059   14.5   1.7   3   3     0.032       3.2    5.5   0.0   258   286   333   361   316   378 0.77 -
augustus_predicted_6468 -           1449 418107at2759         -            357    0.0069   14.3   0.0   1   2   0.00066     0.066   11.1   0.0   254   289   306   341   255   346 0.73 -
augustus_predicted_6468 -           1449 418107at2759         -            357    0.0069   14.3   0.0   2   2       1.3   1.3e+02    0.2   0.0   213   246   537   570   531   572 0.82 -
augustus_predicted_2697 -            430 418107at2759         -            357     0.034   12.0   0.0   1   2     0.021       2.1    6.1   0.0   199   251    39    89    35   105 0.80 -
augustus_predicted_2697 -            430 418107at2759         -            357     0.034   12.0   0.0   2   2      0.17        17    3.2   0.0   140   244   227   353   220   360 0.58 -
augustus_predicted_6121 -            855 418107at2759         -            357     0.085   10.7   0.0   1   2     0.004       0.4    8.5   0.0    53   108    55   110    48   116 0.91 -
augustus_predicted_6121 -            855 418107at2759         -            357     0.085   10.7   0.0   2   2       7.1   7.1e+02   -2.2   0.0    50   108   487   545   484   547 0.78 -
augustus_predicted_2249 -            830 418107at2759         -            357       0.1   10.4   0.0   1   2     0.044       4.4    5.1   0.0   211   248   459   496   451   500 0.88 -
augustus_predicted_2249 -            830 418107at2759         -            357       0.1   10.4   0.0   2   2      0.28        28    2.4   0.0   131   187   592   650   575   663 0.72 -
#
# Program:         hmmsearch
# Version:         3.1b2 (February 2015)
# Pipeline mode:   SEARCH
# Query file:      ../../stats/eukaryota_odb10/hmms/418107at2759.hmm
# Target file:     /home/centos/br/bin/Brownotate-1.2.0/runs/b283acc0-5629-444b-ad7a-7147f201d246/annotation/augustus_annotation.faa
# Option settings: hmmsearch --domtblout /home/centos/br/bin/Brownotate-1.2.0/runs/b283acc0-5629-444b-ad7a-7147f201d246/busco_annotation/run_eukaryota_odb10/hmmer_output/initial_run_results/418107at2759.out --cpu 1 ../../stats/eukaryota_odb10/hmms/418107at2759.hmm /home/centos/br/bin/Brownotate-1.2.0/runs/b283acc0-5629-444b-ad7a-7147f201d246/annotation/augustus_annotation.faa 
# Current dir:     /home/centos/br/bin/Brownotate-1.2.0/runs/b283acc0-5629-444b-ad7a-7147f201d246
# Date:            Sat Aug 24 02:32:00 2024
# [ok]
