#                                                                               --- full sequence --- -------------- this domain -------------   hmm coord   ali coord   env coord
# target name           accession   tlen query name           accession   qlen   E-value  score  bias   #  of  c-Evalue  i-Evalue  score  bias  from    to  from    to  from    to  acc description of target
#   ------------------- ---------- ----- -------------------- ---------- ----- --------- ------ ----- --- --- --------- --------- ------ ----- ----- ----- ----- ----- ----- ----- ---- ---------------------
augustus_predicted_8610 -            636 549762at2759         -            404  1.5e-142  474.1   0.7   1   4   2.3e-06    0.0035   15.1   0.0     1    33     1    33     1    40 0.94 -
augustus_predicted_8610 -            636 549762at2759         -            404  1.5e-142  474.1   0.7   2   4   4.1e-16   6.1e-13   47.2   0.0    24    88    78   147    60   151 0.76 -
augustus_predicted_8610 -            636 549762at2759         -            404  1.5e-142  474.1   0.7   3   4    0.0032       4.8    4.8   0.0    81   100   232   251   203   261 0.74 -
augustus_predicted_8610 -            636 549762at2759         -            404  1.5e-142  474.1   0.7   4   4  7.4e-124  1.1e-120  402.0   0.0   105   355   298   572   294   579 0.91 -
augustus_predicted_2715 -            610 549762at2759         -            404   5.5e-12   44.1   0.0   1   1   6.1e-15   9.1e-12   43.4   0.0   153   309    15   166     9   173 0.85 -
augustus_predicted_2589 -            482 549762at2759         -            404   3.9e-10   38.0   0.0   1   1     4e-13     6e-10   37.4   0.0   155   229    85   157    71   194 0.89 -
augustus_predicted_2439 -           1439 549762at2759         -            404     4e-09   34.7   0.0   1   2   1.9e-06    0.0029   15.4   0.0   154   226    85   155    70   174 0.81 -
augustus_predicted_2439 -           1439 549762at2759         -            404     4e-09   34.7   0.0   2   2   7.3e-07    0.0011   16.8   0.0   154   231   478   558   474   564 0.81 -
augustus_predicted_5631 -            515 549762at2759         -            404   6.2e-06   24.2   0.0   1   1   6.1e-09   9.2e-06   23.6   0.0   152   232   113   191    91   197 0.89 -
augustus_predicted_2562 -            396 549762at2759         -            404   0.00067   17.5   0.0   1   1     7e-07     0.001   16.8   0.0   152   231    27   104     1   111 0.83 -
#
# Program:         hmmsearch
# Version:         3.1b2 (February 2015)
# Pipeline mode:   SEARCH
# Query file:      ../../stats/eukaryota_odb10/hmms/549762at2759.hmm
# Target file:     /home/centos/br/bin/Brownotate-1.2.0/runs/b283acc0-5629-444b-ad7a-7147f201d246/annotation/augustus_annotation.faa
# Option settings: hmmsearch --domtblout /home/centos/br/bin/Brownotate-1.2.0/runs/b283acc0-5629-444b-ad7a-7147f201d246/busco_annotation/run_eukaryota_odb10/hmmer_output/initial_run_results/549762at2759.out --cpu 1 ../../stats/eukaryota_odb10/hmms/549762at2759.hmm /home/centos/br/bin/Brownotate-1.2.0/runs/b283acc0-5629-444b-ad7a-7147f201d246/annotation/augustus_annotation.faa 
# Current dir:     /home/centos/br/bin/Brownotate-1.2.0/runs/b283acc0-5629-444b-ad7a-7147f201d246
# Date:            Sat Aug 24 02:31:59 2024
# [ok]
