#                                                                              --- full sequence --- -------------- this domain -------------   hmm coord   ali coord   env coord
# target name          accession   tlen query name           accession   qlen   E-value  score  bias   #  of  c-Evalue  i-Evalue  score  bias  from    to  from    to  from    to  acc description of target
#  ------------------- ---------- ----- -------------------- ---------- ----- --------- ------ ----- --- --- --------- --------- ------ ----- ----- ----- ----- ----- ----- ----- ---- ---------------------
augustus_predicted_372 -           1045 671846at2759         -            450     5e-52  176.0  28.3   1   8   9.4e-05      0.84    7.2   1.1    12    35   199   222   193   229 0.86 -
augustus_predicted_372 -           1045 671846at2759         -            450     5e-52  176.0  28.3   2   8   7.9e-09   7.1e-05   20.6   0.1    13    68   226   281   221   288 0.90 -
augustus_predicted_372 -           1045 671846at2759         -            450     5e-52  176.0  28.3   3   8   6.9e-23   6.2e-19   67.0   1.5    74   145   338   415   305   418 0.81 -
augustus_predicted_372 -           1045 671846at2759         -            450     5e-52  176.0  28.3   4   8   8.9e-16     8e-12   43.5   0.3   143   203   431   500   425   505 0.79 -
augustus_predicted_372 -           1045 671846at2759         -            450     5e-52  176.0  28.3   5   8   0.00033         3    5.4   0.0   214   242   538   566   537   571 0.90 -
augustus_predicted_372 -           1045 671846at2759         -            450     5e-52  176.0  28.3   6   8   4.9e-07    0.0044   14.7   0.2   239   313   597   688   588   731 0.64 -
augustus_predicted_372 -           1045 671846at2759         -            450     5e-52  176.0  28.3   7   8    0.0007       6.3    4.3   0.0   317   365   745   799   740   811 0.78 -
augustus_predicted_372 -           1045 671846at2759         -            450     5e-52  176.0  28.3   8   8   5.2e-10   4.7e-06   24.5   0.1   393   445   934   997   897  1002 0.84 -
#
# Program:         hmmsearch
# Version:         3.1b2 (February 2015)
# Pipeline mode:   SEARCH
# Query file:      ../../stats/eukaryota_odb10/hmms/671846at2759.hmm
# Target file:     /home/centos/br/bin/Brownotate-1.2.0/runs/b283acc0-5629-444b-ad7a-7147f201d246/annotation/augustus_annotation.faa
# Option settings: hmmsearch --domtblout /home/centos/br/bin/Brownotate-1.2.0/runs/b283acc0-5629-444b-ad7a-7147f201d246/busco_annotation/run_eukaryota_odb10/hmmer_output/initial_run_results/671846at2759.out --cpu 1 ../../stats/eukaryota_odb10/hmms/671846at2759.hmm /home/centos/br/bin/Brownotate-1.2.0/runs/b283acc0-5629-444b-ad7a-7147f201d246/annotation/augustus_annotation.faa 
# Current dir:     /home/centos/br/bin/Brownotate-1.2.0/runs/b283acc0-5629-444b-ad7a-7147f201d246
# Date:            Sat Aug 24 02:31:59 2024
# [ok]
