#                                                                               --- full sequence --- -------------- this domain -------------   hmm coord   ali coord   env coord
# target name           accession   tlen query name           accession   qlen   E-value  score  bias   #  of  c-Evalue  i-Evalue  score  bias  from    to  from    to  from    to  acc description of target
#   ------------------- ---------- ----- -------------------- ---------- ----- --------- ------ ----- --- --- --------- --------- ------ ----- ----- ----- ----- ----- ----- ----- ---- ---------------------
augustus_predicted_3649 -           2623 674160at2759         -           1184  8.6e-221  734.8  33.7   1   9   0.00019       1.7    5.1   0.0    27    65   708   746   704   753 0.86 -
augustus_predicted_3649 -           2623 674160at2759         -           1184  8.6e-221  734.8  33.7   2   9   4.9e-31   4.4e-27   93.2   0.0    72   194   881  1028   876  1039 0.80 -
augustus_predicted_3649 -           2623 674160at2759         -           1184  8.6e-221  734.8  33.7   3   9   2.7e-05      0.24    8.0   0.0   222   253  1153  1184  1120  1217 0.82 -
augustus_predicted_3649 -           2623 674160at2759         -           1184  8.6e-221  734.8  33.7   4   9     4e-10   3.6e-06   23.9   0.1   323   391  1361  1441  1337  1456 0.80 -
augustus_predicted_3649 -           2623 674160at2759         -           1184  8.6e-221  734.8  33.7   5   9   4.1e-25   3.7e-21   73.6   0.4   396   508  1484  1627  1475  1636 0.76 -
augustus_predicted_3649 -           2623 674160at2759         -           1184  8.6e-221  734.8  33.7   6   9   2.3e-77   2.1e-73  246.7   0.7   525   727  1698  1918  1692  1923 0.91 -
augustus_predicted_3649 -           2623 674160at2759         -           1184  8.6e-221  734.8  33.7   7   9   3.9e-73   3.5e-69  232.7   0.1   726  1005  1950  2264  1933  2285 0.86 -
augustus_predicted_3649 -           2623 674160at2759         -           1184  8.6e-221  734.8  33.7   8   9     5e-06     0.045   10.4   0.1  1011  1041  2321  2351  2293  2358 0.87 -
augustus_predicted_3649 -           2623 674160at2759         -           1184  8.6e-221  734.8  33.7   9   9   3.2e-19   2.8e-15   54.1   4.6  1112  1184  2535  2607  2533  2607 0.97 -
#
# Program:         hmmsearch
# Version:         3.1b2 (February 2015)
# Pipeline mode:   SEARCH
# Query file:      ../../stats/eukaryota_odb10/hmms/674160at2759.hmm
# Target file:     /home/centos/br/bin/Brownotate-1.2.0/runs/b283acc0-5629-444b-ad7a-7147f201d246/annotation/augustus_annotation.faa
# Option settings: hmmsearch --domtblout /home/centos/br/bin/Brownotate-1.2.0/runs/b283acc0-5629-444b-ad7a-7147f201d246/busco_annotation/run_eukaryota_odb10/hmmer_output/initial_run_results/674160at2759.out --cpu 1 ../../stats/eukaryota_odb10/hmms/674160at2759.hmm /home/centos/br/bin/Brownotate-1.2.0/runs/b283acc0-5629-444b-ad7a-7147f201d246/annotation/augustus_annotation.faa 
# Current dir:     /home/centos/br/bin/Brownotate-1.2.0/runs/b283acc0-5629-444b-ad7a-7147f201d246
# Date:            Sat Aug 24 02:31:59 2024
# [ok]
