#                                                                               --- full sequence --- -------------- this domain -------------   hmm coord   ali coord   env coord
# target name           accession   tlen query name           accession   qlen   E-value  score  bias   #  of  c-Evalue  i-Evalue  score  bias  from    to  from    to  from    to  acc description of target
#   ------------------- ---------- ----- -------------------- ---------- ----- --------- ------ ----- --- --- --------- --------- ------ ----- ----- ----- ----- ----- ----- ----- ---- ---------------------
augustus_predicted_908  -            374 719531at2759         -            284     1e-76  257.0   5.7   1   3   5.6e-29     1e-25   89.7   0.1    99   158     1    67     1    74 0.94 -
augustus_predicted_908  -            374 719531at2759         -            284     1e-76  257.0   5.7   2   3   7.1e-51   1.3e-47  161.5   0.3   156   269   103   228    98   236 0.91 -
augustus_predicted_908  -            374 719531at2759         -            284     1e-76  257.0   5.7   3   3   0.00065       1.2    7.4   0.1   266   284   254   272   251   272 0.90 -
augustus_predicted_6962 -           3592 719531at2759         -            284   7.7e-05   21.1   0.0   1   1   7.9e-08   0.00014   20.3   0.0   205   257  2499  2551  2439  2556 0.89 -
augustus_predicted_7345 -           2822 719531at2759         -            284    0.0028   16.0   0.1   1   2       1.3   2.4e+03   -3.5   0.0    37    87  1743  1795  1736  1802 0.73 -
augustus_predicted_7345 -           2822 719531at2759         -            284    0.0028   16.0   0.1   2   2   4.1e-06    0.0073   14.7   0.0   205   256  2582  2633  2516  2638 0.77 -
augustus_predicted_5319 -            705 719531at2759         -            284    0.0081   14.5   0.0   1   1   8.8e-06     0.016   13.6   0.0   214   258   553   598   536   602 0.83 -
augustus_predicted_5152 -            670 719531at2759         -            284     0.018   13.3   0.0   1   2     0.013        24    3.1   0.0    10    37    21    48    14    99 0.79 -
augustus_predicted_5152 -            670 719531at2759         -            284     0.018   13.3   0.0   2   2   0.00047      0.85    7.9   0.0   218   257   332   371   325   399 0.87 -
#
# Program:         hmmsearch
# Version:         3.1b2 (February 2015)
# Pipeline mode:   SEARCH
# Query file:      ../../stats/eukaryota_odb10/hmms/719531at2759.hmm
# Target file:     /home/centos/br/bin/Brownotate-1.2.0/runs/b283acc0-5629-444b-ad7a-7147f201d246/annotation/augustus_annotation.faa
# Option settings: hmmsearch --domtblout /home/centos/br/bin/Brownotate-1.2.0/runs/b283acc0-5629-444b-ad7a-7147f201d246/busco_annotation/run_eukaryota_odb10/hmmer_output/initial_run_results/719531at2759.out --cpu 1 ../../stats/eukaryota_odb10/hmms/719531at2759.hmm /home/centos/br/bin/Brownotate-1.2.0/runs/b283acc0-5629-444b-ad7a-7147f201d246/annotation/augustus_annotation.faa 
# Current dir:     /home/centos/br/bin/Brownotate-1.2.0/runs/b283acc0-5629-444b-ad7a-7147f201d246
# Date:            Sat Aug 24 02:31:59 2024
# [ok]
