#                                                                               --- full sequence --- -------------- this domain -------------   hmm coord   ali coord   env coord
# target name           accession   tlen query name           accession   qlen   E-value  score  bias   #  of  c-Evalue  i-Evalue  score  bias  from    to  from    to  from    to  acc description of target
#   ------------------- ---------- ----- -------------------- ---------- ----- --------- ------ ----- --- --- --------- --------- ------ ----- ----- ----- ----- ----- ----- ----- ---- ---------------------
augustus_predicted_204  -            793 759498at2759         -            434  2.2e-166  553.0   0.5   1   3     3e-37   3.2e-35  120.8   0.0     2   114   152   286   151   295 0.88 -
augustus_predicted_204  -            793 759498at2759         -            434  2.2e-166  553.0   0.5   2   3   2.3e-59   2.4e-57  193.7   0.2   116   252   319   468   316   472 0.91 -
augustus_predicted_204  -            793 759498at2759         -            434  2.2e-166  553.0   0.5   3   3   6.6e-72     7e-70  235.0   0.0   264   434   595   792   581   792 0.93 -
augustus_predicted_7444 -           1334 759498at2759         -            434   2.8e-58  196.8   4.9   1  12   4.8e-05    0.0051   14.7   0.0   200   250   703   753   699   758 0.84 -
augustus_predicted_7444 -           1334 759498at2759         -            434   2.8e-58  196.8   4.9   2  12   1.1e-05    0.0011   16.8   0.0   213   250   758   795   754   799 0.93 -
augustus_predicted_7444 -           1334 759498at2759         -            434   2.8e-58  196.8   4.9   3  12   1.5e-05    0.0016   16.3   0.0   212   250   799   837   797   842 0.94 -
augustus_predicted_7444 -           1334 759498at2759         -            434   2.8e-58  196.8   4.9   4  12   2.2e-05    0.0023   15.8   0.0   213   250   842   879   839   884 0.92 -
augustus_predicted_7444 -           1334 759498at2759         -            434   2.8e-58  196.8   4.9   5  12   0.00011     0.011   13.5   0.0   213   250   884   921   881   925 0.92 -
augustus_predicted_7444 -           1334 759498at2759         -            434   2.8e-58  196.8   4.9   6  12   2.8e-06    0.0003   18.7   0.0   213   250   926   963   923   965 0.93 -
augustus_predicted_7444 -           1334 759498at2759         -            434   2.8e-58  196.8   4.9   7  12   1.2e-06   0.00013   19.9   0.0   212   249   967  1004   963  1008 0.93 -
augustus_predicted_7444 -           1334 759498at2759         -            434   2.8e-58  196.8   4.9   8  12   0.00028      0.03   12.1   0.0   213   250  1010  1047  1007  1051 0.93 -
augustus_predicted_7444 -           1334 759498at2759         -            434   2.8e-58  196.8   4.9   9  12   1.5e-05    0.0016   16.3   0.0   213   250  1052  1089  1048  1092 0.92 -
augustus_predicted_7444 -           1334 759498at2759         -            434   2.8e-58  196.8   4.9  10  12    0.0004     0.043   11.6   0.0   213   250  1094  1131  1091  1136 0.91 -
augustus_predicted_7444 -           1334 759498at2759         -            434   2.8e-58  196.8   4.9  11  12   1.2e-05    0.0013   16.7   0.0   213   251  1136  1174  1133  1177 0.92 -
augustus_predicted_7444 -           1334 759498at2759         -            434   2.8e-58  196.8   4.9  12  12   0.00017     0.018   12.8   0.0   212   250  1177  1215  1174  1219 0.93 -
augustus_predicted_5240 -           1581 759498at2759         -            434   2.5e-36  124.4  22.3   1   9       1.4   1.5e+02   -0.1   0.0   228   249   220   241   206   245 0.74 -
augustus_predicted_5240 -           1581 759498at2759         -            434   2.5e-36  124.4  22.3   2   9   1.4e-06   0.00015   19.7   0.1   210   250   244   284   237   289 0.91 -
augustus_predicted_5240 -           1581 759498at2759         -            434   2.5e-36  124.4  22.3   3   9   2.7e-07   2.8e-05   22.1   0.1   212   249   288   325   284   328 0.94 -
augustus_predicted_5240 -           1581 759498at2759         -            434   2.5e-36  124.4  22.3   4   9    0.0001     0.011   13.6   0.0   212   250   330   368   327   373 0.93 -
augustus_predicted_5240 -           1581 759498at2759         -            434   2.5e-36  124.4  22.3   5   9   5.5e-07   5.8e-05   21.1   0.0   212   250   372   410   369   415 0.93 -
augustus_predicted_5240 -           1581 759498at2759         -            434   2.5e-36  124.4  22.3   6   9   1.3e-05    0.0014   16.5   0.2   213   248   415   450   410   454 0.93 -
augustus_predicted_5240 -           1581 759498at2759         -            434   2.5e-36  124.4  22.3   7   9   1.1e-05    0.0011   16.8   0.1   213   250   457   494   452   496 0.92 -
augustus_predicted_5240 -           1581 759498at2759         -            434   2.5e-36  124.4  22.3   8   9     3e-06   0.00032   18.6   0.0   213   245   499   531   495   534 0.93 -
augustus_predicted_5240 -           1581 759498at2759         -            434   2.5e-36  124.4  22.3   9   9     0.024       2.5    5.8   0.0   222   247   534   559   531   563 0.88 -
augustus_predicted_4784 -            535 759498at2759         -            434   1.5e-32  112.0   0.1   1   7      0.51        54    1.4   0.0   215   253   228   265   219   269 0.85 -
augustus_predicted_4784 -            535 759498at2759         -            434   1.5e-32  112.0   0.1   2   7   1.4e-05    0.0015   16.4   0.0   219   249   279   309   270   314 0.89 -
augustus_predicted_4784 -            535 759498at2759         -            434   1.5e-32  112.0   0.1   3   7     3e-07   3.2e-05   21.9   0.0   212   252   314   354   309   360 0.92 -
augustus_predicted_4784 -            535 759498at2759         -            434   1.5e-32  112.0   0.1   4   7   1.9e-05     0.002   16.0   0.0   217   251   360   394   353   396 0.90 -
augustus_predicted_4784 -            535 759498at2759         -            434   1.5e-32  112.0   0.1   5   7   1.1e-05    0.0012   16.7   0.0   215   251   403   439   400   444 0.93 -
augustus_predicted_4784 -            535 759498at2759         -            434   1.5e-32  112.0   0.1   6   7   3.5e-06   0.00037   18.4   0.0   212   253   453   494   450   496 0.91 -
augustus_predicted_4784 -            535 759498at2759         -            434   1.5e-32  112.0   0.1   7   7   0.00018     0.019   12.8   0.0   211   246   494   529   492   535 0.91 -
augustus_predicted_5081 -            801 759498at2759         -            434   8.6e-30  102.9   6.0   1   5     4e-07   4.2e-05   21.5   0.0   212   250   503   541   498   546 0.92 -
augustus_predicted_5081 -            801 759498at2759         -            434   8.6e-30  102.9   6.0   2   5   1.6e-06   0.00017   19.5   0.0   212   250   545   583   541   589 0.91 -
augustus_predicted_5081 -            801 759498at2759         -            434   8.6e-30  102.9   6.0   3   5   1.2e-06   0.00013   19.9   0.1   212   250   587   625   584   631 0.91 -
augustus_predicted_5081 -            801 759498at2759         -            434   8.6e-30  102.9   6.0   4   5   1.2e-06   0.00013   19.9   0.1   212   250   629   667   626   672 0.93 -
augustus_predicted_5081 -            801 759498at2759         -            434   8.6e-30  102.9   6.0   5   5   2.1e-07   2.2e-05   22.5   0.0   212   250   671   709   668   719 0.91 -
augustus_predicted_6609 -           1821 759498at2759         -            434   5.5e-28   96.9  16.2   1   6   2.6e-06   0.00027   18.8   0.1   213   250   271   308   265   311 0.92 -
augustus_predicted_6609 -           1821 759498at2759         -            434   5.5e-28   96.9  16.2   2   6   0.00062     0.066   11.0   0.1   212   250   312   349   309   354 0.88 -
augustus_predicted_6609 -           1821 759498at2759         -            434   5.5e-28   96.9  16.2   3   6   3.2e-06   0.00033   18.5   0.1   212   249   353   390   351   393 0.93 -
augustus_predicted_6609 -           1821 759498at2759         -            434   5.5e-28   96.9  16.2   4   6   2.6e-06   0.00028   18.8   0.1   212   250   395   433   392   438 0.92 -
augustus_predicted_6609 -           1821 759498at2759         -            434   5.5e-28   96.9  16.2   5   6   4.4e-06   0.00046   18.1   0.1   212   250   437   475   434   479 0.93 -
augustus_predicted_6609 -           1821 759498at2759         -            434   5.5e-28   96.9  16.2   6   6   1.8e-06   0.00019   19.3   0.1   212   248   479   515   476   520 0.92 -
augustus_predicted_2291 -           1161 759498at2759         -            434   2.1e-27   95.0  13.3   1  10   0.00014     0.015   13.1   0.0   212   250   465   503   454   508 0.91 -
augustus_predicted_2291 -           1161 759498at2759         -            434   2.1e-27   95.0  13.3   2  10   0.00097       0.1   10.3   0.0   208   250   512   554   504   562 0.92 -
augustus_predicted_2291 -           1161 759498at2759         -            434   2.1e-27   95.0  13.3   3  10   0.00029     0.031   12.1   0.1   212   249   619   656   617   659 0.93 -
augustus_predicted_2291 -           1161 759498at2759         -            434   2.1e-27   95.0  13.3   4  10    0.0067      0.71    7.6   0.0   212   251   661   699   658   708 0.89 -
augustus_predicted_2291 -           1161 759498at2759         -            434   2.1e-27   95.0  13.3   5  10         3   3.2e+02   -1.2   0.0   220   247   708   735   698   743 0.86 -
augustus_predicted_2291 -           1161 759498at2759         -            434   2.1e-27   95.0  13.3   6  10    0.0041      0.43    8.3   0.0   213   249   742   778   736   781 0.92 -
augustus_predicted_2291 -           1161 759498at2759         -            434   2.1e-27   95.0  13.3   7  10   1.8e-05    0.0019   16.1   0.0   214   250   784   820   779   823 0.93 -
augustus_predicted_2291 -           1161 759498at2759         -            434   2.1e-27   95.0  13.3   8  10         1   1.1e+02    0.4   0.0   213   251   825   862   822   866 0.88 -
augustus_predicted_2291 -           1161 759498at2759         -            434   2.1e-27   95.0  13.3   9  10   6.3e-06   0.00067   17.6   0.0   218   320   870   977   862   985 0.84 -
augustus_predicted_2291 -           1161 759498at2759         -            434   2.1e-27   95.0  13.3  10  10    0.0046      0.49    8.1   0.1   218   249   991  1022   982  1026 0.88 -
augustus_predicted_3662 -            522 759498at2759         -            434   2.6e-26   91.4   2.2   1   7   8.8e-06   0.00093   17.1   0.0   198   251   157   210   149   213 0.90 -
augustus_predicted_3662 -            522 759498at2759         -            434   2.6e-26   91.4   2.2   2   7   1.6e-07   1.7e-05   22.8   0.0   212   250   213   251   211   254 0.94 -
augustus_predicted_3662 -            522 759498at2759         -            434   2.6e-26   91.4   2.2   3   7   7.6e-06    0.0008   17.3   0.0   213   252   257   296   252   300 0.93 -
augustus_predicted_3662 -            522 759498at2759         -            434   2.6e-26   91.4   2.2   4   7   8.8e-05    0.0093   13.8   0.1   215   252   301   338   296   343 0.91 -
augustus_predicted_3662 -            522 759498at2759         -            434   2.6e-26   91.4   2.2   5   7     0.004      0.43    8.3   0.0   216   252   345   381   339   383 0.89 -
augustus_predicted_3662 -            522 759498at2759         -            434   2.6e-26   91.4   2.2   6   7      0.92        98    0.5   0.0   230   251   413   434   407   440 0.85 -
augustus_predicted_3662 -            522 759498at2759         -            434   2.6e-26   91.4   2.2   7   7     0.063       6.6    4.4   0.0   222   245   450   472   435   478 0.71 -
augustus_predicted_355  -            452 759498at2759         -            434   3.8e-26   90.9   0.6   1   7   1.2e-08   1.3e-06   26.5   0.0   212   252   138   178   130   182 0.90 -
augustus_predicted_355  -            452 759498at2759         -            434   3.8e-26   90.9   0.6   2   7     1e-05    0.0011   16.9   0.0   212   251   180   219   177   222 0.93 -
augustus_predicted_355  -            452 759498at2759         -            434   3.8e-26   90.9   0.6   3   7   0.00018     0.019   12.8   0.0   212   250   222   260   219   265 0.91 -
augustus_predicted_355  -            452 759498at2759         -            434   3.8e-26   90.9   0.6   4   7   0.00016     0.016   13.0   0.0   212   252   264   304   259   309 0.91 -
augustus_predicted_355  -            452 759498at2759         -            434   3.8e-26   90.9   0.6   5   7      0.39        41    1.8   0.0   213   246   307   339   302   346 0.71 -
augustus_predicted_355  -            452 759498at2759         -            434   3.8e-26   90.9   0.6   6   7   0.00093     0.098   10.4   0.0   212   250   347   384   344   390 0.92 -
augustus_predicted_355  -            452 759498at2759         -            434   3.8e-26   90.9   0.6   7   7      0.31        33    2.1   0.0   219   245   403   429   397   435 0.81 -
augustus_predicted_4228 -            678 759498at2759         -            434   1.1e-24   86.1   4.7   1   7   1.1e-05    0.0011   16.8   0.0   212   251   344   381   341   385 0.93 -
augustus_predicted_4228 -            678 759498at2759         -            434   1.1e-24   86.1   4.7   2   7   2.6e-05    0.0028   15.5   0.0   213   252   385   422   381   424 0.93 -
augustus_predicted_4228 -            678 759498at2759         -            434   1.1e-24   86.1   4.7   3   7   0.00043     0.045   11.5   0.0   212   247   424   457   422   462 0.91 -
augustus_predicted_4228 -            678 759498at2759         -            434   1.1e-24   86.1   4.7   4   7   2.1e-06   0.00022   19.1   0.2   210   252   461   503   458   517 0.93 -
augustus_predicted_4228 -            678 759498at2759         -            434   1.1e-24   86.1   4.7   5   7    0.0038       0.4    8.4   0.0   229   252   579   602   557   606 0.87 -
augustus_predicted_4228 -            678 759498at2759         -            434   1.1e-24   86.1   4.7   6   7     0.032       3.4    5.4   0.0   215   251   607   641   602   644 0.80 -
augustus_predicted_4228 -            678 759498at2759         -            434   1.1e-24   86.1   4.7   7   7     0.035       3.7    5.2   0.0   212   246   644   676   642   678 0.90 -
augustus_predicted_6895 -           1211 759498at2759         -            434   4.8e-24   83.9   0.9   1   6     0.063       6.7    4.4   0.1   413   434    21    42    14    42 0.91 -
augustus_predicted_6895 -           1211 759498at2759         -            434   4.8e-24   83.9   0.9   2   6     3e-06   0.00032   18.6   0.0   213   253    53    93    47    95 0.94 -
augustus_predicted_6895 -           1211 759498at2759         -            434   4.8e-24   83.9   0.9   3   6   1.7e-05    0.0018   16.1   0.0   212   248    94   130    92   137 0.87 -
augustus_predicted_6895 -           1211 759498at2759         -            434   4.8e-24   83.9   0.9   4   6   3.6e-05    0.0038   15.1   0.0   212   248   136   172   133   183 0.92 -
augustus_predicted_6895 -           1211 759498at2759         -            434   4.8e-24   83.9   0.9   5   6    0.0035      0.37    8.5   0.0   404   434   210   242   194   242 0.79 -
augustus_predicted_6895 -           1211 759498at2759         -            434   4.8e-24   83.9   0.9   6   6   1.9e-05     0.002   16.0   0.1   212   347   210   330   207   343 0.78 -
augustus_predicted_4386 -            444 759498at2759         -            434     3e-23   81.3   4.0   1   6   4.8e-08   5.1e-06   24.5   0.0   172   249    67   146    51   149 0.86 -
augustus_predicted_4386 -            444 759498at2759         -            434     3e-23   81.3   4.0   2   6      0.55        58    1.3   0.0   228   248   169   189   150   198 0.76 -
augustus_predicted_4386 -            444 759498at2759         -            434     3e-23   81.3   4.0   3   6   6.1e-06   0.00064   17.6   0.1   213   254   197   239   190   245 0.84 -
augustus_predicted_4386 -            444 759498at2759         -            434     3e-23   81.3   4.0   4   6   0.00013     0.013   13.3   0.1   216   249   244   277   238   289 0.88 -
augustus_predicted_4386 -            444 759498at2759         -            434     3e-23   81.3   4.0   5   6     0.096        10    3.8   0.0   229   247   320   338   315   345 0.84 -
augustus_predicted_4386 -            444 759498at2759         -            434     3e-23   81.3   4.0   6   6   1.5e-05    0.0015   16.4   0.0   213   251   345   383   340   392 0.87 -
augustus_predicted_3440 -            316 759498at2759         -            434   1.7e-21   75.6   1.7   1   7    0.0026      0.27    9.0   0.0   213   248    11    47     8    52 0.84 -
augustus_predicted_3440 -            316 759498at2759         -            434   1.7e-21   75.6   1.7   2   7   7.3e-05    0.0077   14.1   0.0   207   251    53    97    45    99 0.91 -
augustus_predicted_3440 -            316 759498at2759         -            434   1.7e-21   75.6   1.7   3   7   1.7e-05    0.0018   16.2   0.1   211   246    99   134    96   142 0.90 -
augustus_predicted_3440 -            316 759498at2759         -            434   1.7e-21   75.6   1.7   4   7   0.00066      0.07   10.9   0.0   211   250   142   183   139   186 0.82 -
augustus_predicted_3440 -            316 759498at2759         -            434   1.7e-21   75.6   1.7   5   7   0.00021     0.022   12.5   0.0   213   251   188   226   184   233 0.91 -
augustus_predicted_3440 -            316 759498at2759         -            434   1.7e-21   75.6   1.7   6   7     0.024       2.5    5.8   0.0   281   317   237   273   226   277 0.89 -
augustus_predicted_3440 -            316 759498at2759         -            434   1.7e-21   75.6   1.7   7   7       1.1   1.1e+02    0.3   0.0   219   247   285   313   272   315 0.83 -
augustus_predicted_234  -            393 759498at2759         -            434   3.4e-20   71.3   1.2   1   6      0.71        75    0.9   0.0   231   251     4    24     1    29 0.87 -
augustus_predicted_234  -            393 759498at2759         -            434   3.4e-20   71.3   1.2   2   6   1.3e-10   1.4e-08   33.0   0.0   199   250    57   108    38   111 0.92 -
augustus_predicted_234  -            393 759498at2759         -            434   3.4e-20   71.3   1.2   3   6     0.016       1.7    6.3   0.0   215   251   114   150   109   156 0.89 -
augustus_predicted_234  -            393 759498at2759         -            434   3.4e-20   71.3   1.2   4   6       0.2        21    2.7   0.0   217   249   159   191   151   198 0.86 -
augustus_predicted_234  -            393 759498at2759         -            434   3.4e-20   71.3   1.2   5   6   0.00086     0.091   10.5   0.0   208   247   198   237   189   251 0.91 -
augustus_predicted_234  -            393 759498at2759         -            434   3.4e-20   71.3   1.2   6   6     0.001      0.11   10.3   0.0   210   251   329   370   303   372 0.87 -
augustus_predicted_1166 -           1293 759498at2759         -            434   4.2e-20   70.9  11.4   1   7     0.011       1.2    6.8   0.0   213   250   919   957   915   960 0.85 -
augustus_predicted_1166 -           1293 759498at2759         -            434   4.2e-20   70.9  11.4   2   7   1.2e-06   0.00012   20.0   0.0   209   251   958  1000   956  1004 0.93 -
augustus_predicted_1166 -           1293 759498at2759         -            434   4.2e-20   70.9  11.4   3   7    0.0081      0.86    7.3   0.1   230   254  1028  1052  1002  1054 0.67 -
augustus_predicted_1166 -           1293 759498at2759         -            434   4.2e-20   70.9  11.4   4   7    0.0069      0.73    7.5   0.1   211   252  1051  1091  1050  1106 0.84 -
augustus_predicted_1166 -           1293 759498at2759         -            434   4.2e-20   70.9  11.4   5   7   0.00042     0.045   11.5   0.0   209   251  1172  1214  1167  1218 0.91 -
augustus_predicted_1166 -           1293 759498at2759         -            434   4.2e-20   70.9  11.4   6   7   9.1e-05    0.0097   13.7   0.0   212   250  1217  1255  1214  1258 0.93 -
augustus_predicted_1166 -           1293 759498at2759         -            434   4.2e-20   70.9  11.4   7   7     0.013       1.3    6.7   0.0   214   245  1261  1292  1256  1293 0.94 -
augustus_predicted_5872 -            977 759498at2759         -            434   6.8e-20   70.3   6.7   1   9   0.00035     0.037   11.8   0.0   213   250   107   144    74   147 0.87 -
augustus_predicted_5872 -            977 759498at2759         -            434   6.8e-20   70.3   6.7   2   9     0.088       9.3    3.9   0.0   224   250   201   227   189   231 0.79 -
augustus_predicted_5872 -            977 759498at2759         -            434   6.8e-20   70.3   6.7   3   9    0.0026      0.27    9.0   0.1   214   250   233   269   228   278 0.88 -
augustus_predicted_5872 -            977 759498at2759         -            434   6.8e-20   70.3   6.7   4   9   1.2e-05    0.0013   16.6   0.0   213   247   428   462   411   475 0.90 -
augustus_predicted_5872 -            977 759498at2759         -            434   6.8e-20   70.3   6.7   5   9       2.6   2.8e+02   -1.0   0.0   230   247   507   524   501   530 0.85 -
augustus_predicted_5872 -            977 759498at2759         -            434   6.8e-20   70.3   6.7   6   9   8.1e-05    0.0085   13.9   0.0   211   251   541   581   525   586 0.86 -
augustus_predicted_5872 -            977 759498at2759         -            434   6.8e-20   70.3   6.7   7   9     0.075       7.9    4.1   0.0   228   253   614   639   601   646 0.85 -
augustus_predicted_5872 -            977 759498at2759         -            434   6.8e-20   70.3   6.7   8   9       2.9   3.1e+02   -1.1   0.0   227   249   683   702   670   705 0.72 -
augustus_predicted_5872 -            977 759498at2759         -            434   6.8e-20   70.3   6.7   9   9      0.15        16    3.1   0.0   215   254   725   765   720   771 0.75 -
augustus_predicted_6442 -            359 759498at2759         -            434     4e-19   67.7   0.7   1   4   3.1e-06   0.00033   18.6   0.0   194   246    44    95    36   102 0.88 -
augustus_predicted_6442 -            359 759498at2759         -            434     4e-19   67.7   0.7   2   4      0.04       4.2    5.0   0.0   213   251   105   143   101   145 0.86 -
augustus_predicted_6442 -            359 759498at2759         -            434     4e-19   67.7   0.7   3   4    0.0012      0.12   10.1   0.0   212   246   146   181   143   187 0.86 -
augustus_predicted_6442 -            359 759498at2759         -            434     4e-19   67.7   0.7   4   4   5.7e-05     0.006   14.4   0.0   212   247   230   265   227   266 0.93 -
augustus_predicted_4366 -           1154 759498at2759         -            434   4.6e-19   67.5   7.1   1   6    0.0051      0.54    8.0   0.0   224   253   297   326   283   328 0.81 -
augustus_predicted_4366 -           1154 759498at2759         -            434   4.6e-19   67.5   7.1   2   6   1.6e-06   0.00017   19.5   0.1   213   254   328   368   324   371 0.89 -
augustus_predicted_4366 -           1154 759498at2759         -            434   4.6e-19   67.5   7.1   3   6   2.2e-05    0.0023   15.8   0.1   213   251   369   405   366   409 0.92 -
augustus_predicted_4366 -           1154 759498at2759         -            434   4.6e-19   67.5   7.1   4   6   0.00099       0.1   10.3   0.0   214   254   410   448   406   457 0.87 -
augustus_predicted_4366 -           1154 759498at2759         -            434   4.6e-19   67.5   7.1   5   6      0.04       4.2    5.0   0.0   213   247   449   481   446   484 0.85 -
augustus_predicted_4366 -           1154 759498at2759         -            434   4.6e-19   67.5   7.1   6   6    0.0011      0.11   10.2   0.0   209   251   485   525   482   528 0.90 -
augustus_predicted_1233 -            746 759498at2759         -            434   1.8e-18   65.6   4.1   1   6      0.53        56    1.3   0.0   212   247   388   423   384   427 0.86 -
augustus_predicted_1233 -            746 759498at2759         -            434   1.8e-18   65.6   4.1   2   6    0.0052      0.55    7.9   0.1   228   254   470   496   452   497 0.86 -
augustus_predicted_1233 -            746 759498at2759         -            434   1.8e-18   65.6   4.1   3   6   0.00035     0.037   11.8   0.0   211   251   495   535   493   540 0.89 -
augustus_predicted_1233 -            746 759498at2759         -            434   1.8e-18   65.6   4.1   4   6   2.7e-07   2.8e-05   22.1   0.0   212   251   538   577   535   580 0.93 -
augustus_predicted_1233 -            746 759498at2759         -            434   1.8e-18   65.6   4.1   5   6    0.0026      0.28    8.9   0.0   212   251   580   619   577   622 0.93 -
augustus_predicted_1233 -            746 759498at2759         -            434   1.8e-18   65.6   4.1   6   6   0.00036     0.039   11.8   0.1   215   247   625   658   619   661 0.87 -
augustus_predicted_1221 -            963 759498at2759         -            434   2.8e-18   65.0   9.4   1   9      0.49        52    1.4   0.0   219   253    74   109    69   111 0.75 -
augustus_predicted_1221 -            963 759498at2759         -            434   2.8e-18   65.0   9.4   2   9   0.00071     0.075   10.8   0.0   211   247   109   145   106   151 0.92 -
augustus_predicted_1221 -            963 759498at2759         -            434   2.8e-18   65.0   9.4   3   9      0.31        32    2.1   0.0   227   252   180   205   171   212 0.84 -
augustus_predicted_1221 -            963 759498at2759         -            434   2.8e-18   65.0   9.4   4   9       1.3   1.3e+02    0.1   0.0   217   252   213   248   206   253 0.82 -
augustus_predicted_1221 -            963 759498at2759         -            434   2.8e-18   65.0   9.4   5   9     0.044       4.7    4.9   0.0   212   249   269   306   266   314 0.91 -
augustus_predicted_1221 -            963 759498at2759         -            434   2.8e-18   65.0   9.4   6   9    0.0014      0.14    9.9   0.0   214   252   422   459   416   469 0.89 -
augustus_predicted_1221 -            963 759498at2759         -            434   2.8e-18   65.0   9.4   7   9   1.5e-05    0.0016   16.4   0.2   291   434   439   590   428   590 0.74 -
augustus_predicted_1221 -            963 759498at2759         -            434   2.8e-18   65.0   9.4   8   9   3.7e-06   0.00039   18.3   0.1   213   368   502   655   496   657 0.85 -
augustus_predicted_1221 -            963 759498at2759         -            434   2.8e-18   65.0   9.4   9   9   0.00047      0.05   11.4   0.0   213   249   690   726   665   731 0.87 -
augustus_predicted_7939 -            915 759498at2759         -            434   2.8e-18   65.0   6.4   1   7      0.12        12    3.5   0.0   212   249   525   561   518   567 0.78 -
augustus_predicted_7939 -            915 759498at2759         -            434   2.8e-18   65.0   6.4   2   7   6.9e-05    0.0073   14.1   0.0   213   254   567   606   563   622 0.83 -
augustus_predicted_7939 -            915 759498at2759         -            434   2.8e-18   65.0   6.4   3   7       1.4   1.5e+02   -0.1   0.0   226   246   636   656   607   659 0.85 -
augustus_predicted_7939 -            915 759498at2759         -            434   2.8e-18   65.0   6.4   4   7   1.2e-06   0.00012   20.0   0.0   207   251   677   719   669   722 0.90 -
augustus_predicted_7939 -            915 759498at2759         -            434   2.8e-18   65.0   6.4   5   7   0.00055     0.058   11.2   0.1   213   251   723   761   719   765 0.92 -
augustus_predicted_7939 -            915 759498at2759         -            434   2.8e-18   65.0   6.4   6   7      0.03       3.2    5.4   0.0   214   252   766   802   761   807 0.83 -
augustus_predicted_7939 -            915 759498at2759         -            434   2.8e-18   65.0   6.4   7   7    0.0072      0.76    7.5   0.0   213   252   805   841   802   847 0.85 -
augustus_predicted_5146 -            608 759498at2759         -            434     1e-16   59.8   0.8   1   5   0.00059     0.062   11.1   0.0   212   252   274   314   263   318 0.93 -
augustus_predicted_5146 -            608 759498at2759         -            434     1e-16   59.8   0.8   2   5   1.6e-05    0.0017   16.2   0.0   213   251   317   353   314   355 0.92 -
augustus_predicted_5146 -            608 759498at2759         -            434     1e-16   59.8   0.8   3   5   0.00015     0.015   13.1   0.0   211   252   383   422   353   433 0.78 -
augustus_predicted_5146 -            608 759498at2759         -            434     1e-16   59.8   0.8   4   5      0.11        12    3.6   0.0   227   250   462   485   454   491 0.85 -
augustus_predicted_5146 -            608 759498at2759         -            434     1e-16   59.8   0.8   5   5     0.001      0.11   10.2   0.0   214   250   491   525   487   527 0.91 -
augustus_predicted_7863 -            859 759498at2759         -            434   2.6e-16   58.4   0.3   1   5   1.7e-06   0.00018   19.5   0.0   207   250   322   363   317   366 0.89 -
augustus_predicted_7863 -            859 759498at2759         -            434   2.6e-16   58.4   0.3   2   5    0.0045      0.47    8.2   0.0   215   251   371   409   367   416 0.85 -
augustus_predicted_7863 -            859 759498at2759         -            434   2.6e-16   58.4   0.3   3   5      0.25        26    2.4   0.0   216   245   417   444   412   448 0.85 -
augustus_predicted_7863 -            859 759498at2759         -            434   2.6e-16   58.4   0.3   4   5   0.00014     0.014   13.2   0.0   203   251   491   538   485   540 0.87 -
augustus_predicted_7863 -            859 759498at2759         -            434   2.6e-16   58.4   0.3   5   5    0.0042      0.44    8.3   0.0   212   247   541   574   538   585 0.88 -
augustus_predicted_4596 -            853 759498at2759         -            434   6.2e-16   57.2   0.9   1   6     0.049       5.2    4.7   0.0   408   434    14    40     9    40 0.82 -
augustus_predicted_4596 -            853 759498at2759         -            434   6.2e-16   57.2   0.9   2   6      0.12        13    3.5   0.0   220   251    58    89    49    92 0.81 -
augustus_predicted_4596 -            853 759498at2759         -            434   6.2e-16   57.2   0.9   3   6   5.2e-06   0.00055   17.8   0.0   212   251    92   131    89   135 0.90 -
augustus_predicted_4596 -            853 759498at2759         -            434   6.2e-16   57.2   0.9   4   6    0.0039      0.41    8.4   0.0   211   247   134   171   131   181 0.87 -
augustus_predicted_4596 -            853 759498at2759         -            434   6.2e-16   57.2   0.9   5   6     0.033       3.5    5.3   0.0   227   249   196   218   172   224 0.69 -
augustus_predicted_4596 -            853 759498at2759         -            434   6.2e-16   57.2   0.9   6   6   0.00065     0.069   10.9   0.0   212   250   223   261   220   264 0.90 -
augustus_predicted_1758 -            506 759498at2759         -            434   8.1e-16   56.8   0.9   1   4   2.1e-06   0.00022   19.2   0.0   209   251   269   311   264   316 0.91 -
augustus_predicted_1758 -            506 759498at2759         -            434   8.1e-16   56.8   0.9   2   4     7e-06   0.00075   17.4   0.0   214   255   316   357   312   364 0.92 -
augustus_predicted_1758 -            506 759498at2759         -            434   8.1e-16   56.8   0.9   3   4       1.6   1.7e+02   -0.3   0.0   214   249   358   393   355   396 0.76 -
augustus_predicted_1758 -            506 759498at2759         -            434   8.1e-16   56.8   0.9   4   4   2.1e-05    0.0022   15.9   0.0   213   246   472   505   469   506 0.93 -
augustus_predicted_1438 -            454 759498at2759         -            434   4.9e-15   54.3   0.4   1   6    0.0075      0.79    7.4   0.0   209   251   159   201   156   207 0.90 -
augustus_predicted_1438 -            454 759498at2759         -            434   4.9e-15   54.3   0.4   2   6       0.3        32    2.1   0.0   213   251   251   288   244   290 0.85 -
augustus_predicted_1438 -            454 759498at2759         -            434   4.9e-15   54.3   0.4   3   6   2.9e-05    0.0031   15.4   0.0   211   252   290   332   288   334 0.89 -
augustus_predicted_1438 -            454 759498at2759         -            434   4.9e-15   54.3   0.4   4   6    0.0015      0.15    9.8   0.0   212   251   334   373   331   376 0.93 -
augustus_predicted_1438 -            454 759498at2759         -            434   4.9e-15   54.3   0.4   5   6      0.29        30    2.2   0.0   220   250   386   416   375   421 0.88 -
augustus_predicted_1438 -            454 759498at2759         -            434   4.9e-15   54.3   0.4   6   6    0.0089      0.94    7.2   0.0   213   245   421   453   418   454 0.94 -
augustus_predicted_3372 -            450 759498at2759         -            434   5.9e-15   54.0   0.6   1   4    0.0027      0.28    8.9   0.0   207   249    59   102    51   116 0.85 -
augustus_predicted_3372 -            450 759498at2759         -            434   5.9e-15   54.0   0.6   2   4       2.3   2.4e+02   -0.8   0.0   215   245   110   139   104   144 0.70 -
augustus_predicted_3372 -            450 759498at2759         -            434   5.9e-15   54.0   0.6   3   4   2.4e-09   2.5e-07   28.8   0.2   276   434   155   313   149   313 0.81 -
augustus_predicted_3372 -            450 759498at2759         -            434   5.9e-15   54.0   0.6   4   4   0.00058     0.062   11.1   0.0   214   248   326   360   321   369 0.85 -
augustus_predicted_7051 -            900 759498at2759         -            434   7.8e-14   50.3   1.3   1   4    0.0057      0.61    7.8   0.0   211   246   317   350   315   357 0.89 -
augustus_predicted_7051 -            900 759498at2759         -            434   7.8e-14   50.3   1.3   2   4   4.2e-06   0.00044   18.1   0.2   319   385   410   477   401   481 0.89 -
augustus_predicted_7051 -            900 759498at2759         -            434   7.8e-14   50.3   1.3   3   4     0.027       2.8    5.6   0.0   214   252   489   525   484   526 0.87 -
augustus_predicted_7051 -            900 759498at2759         -            434   7.8e-14   50.3   1.3   4   4   7.3e-05    0.0078   14.0   0.0   213   251   570   608   535   611 0.95 -
augustus_predicted_4417 -            594 759498at2759         -            434   1.8e-13   49.1   3.5   1   5     0.015       1.6    6.4   0.1   212   245   135   168   130   177 0.88 -
augustus_predicted_4417 -            594 759498at2759         -            434   1.8e-13   49.1   3.5   2   5    0.0076       0.8    7.4   0.0   215   251   180   216   171   221 0.88 -
augustus_predicted_4417 -            594 759498at2759         -            434   1.8e-13   49.1   3.5   3   5   4.1e-06   0.00043   18.2   0.0   212   252   219   259   216   264 0.93 -
augustus_predicted_4417 -            594 759498at2759         -            434   1.8e-13   49.1   3.5   4   5    0.0092      0.98    7.1   0.1   355   427   261   329   256   337 0.54 -
augustus_predicted_4417 -            594 759498at2759         -            434   1.8e-13   49.1   3.5   5   5    0.0073      0.77    7.5   0.0   214   245   376   407   360   414 0.84 -
augustus_predicted_3190 -            885 759498at2759         -            434   9.4e-13   46.7   1.4   1   6    0.0081      0.85    7.3   0.0   205   246   163   205   142   210 0.84 -
augustus_predicted_3190 -            885 759498at2759         -            434   9.4e-13   46.7   1.4   2   6      0.47        50    1.5   0.0   216   250   319   354   302   359 0.77 -
augustus_predicted_3190 -            885 759498at2759         -            434   9.4e-13   46.7   1.4   3   6   2.7e-05    0.0029   15.5   0.0   212   253   358   399   355   402 0.93 -
augustus_predicted_3190 -            885 759498at2759         -            434   9.4e-13   46.7   1.4   4   6    0.0035      0.37    8.5   0.0   208   250   396   438   395   449 0.91 -
augustus_predicted_3190 -            885 759498at2759         -            434   9.4e-13   46.7   1.4   5   6     0.094        10    3.8   0.0   221   251   452   483   442   485 0.87 -
augustus_predicted_3190 -            885 759498at2759         -            434   9.4e-13   46.7   1.4   6   6     0.082       8.6    4.0   0.0   213   251   487   526   484   531 0.83 -
augustus_predicted_1452 -            959 759498at2759         -            434   6.9e-12   43.9   0.1   1   4     0.015       1.6    6.4   0.0   219   248   307   336   299   339 0.85 -
augustus_predicted_1452 -            959 759498at2759         -            434   6.9e-12   43.9   0.1   2   4     1e-05    0.0011   16.9   0.0   205   252   361   407   348   410 0.86 -
augustus_predicted_1452 -            959 759498at2759         -            434   6.9e-12   43.9   0.1   3   4     0.019         2    6.1   0.0   215   248   411   445   406   462 0.81 -
augustus_predicted_1452 -            959 759498at2759         -            434   6.9e-12   43.9   0.1   4   4     0.002      0.21    9.4   0.0   291   343   527   582   520   612 0.81 -
augustus_predicted_3932 -            364 759498at2759         -            434   9.8e-12   43.4   0.7   1   4     6e-05    0.0064   14.3   0.0   217   247    36    66    29    72 0.88 -
augustus_predicted_3932 -            364 759498at2759         -            434   9.8e-12   43.4   0.7   2   4   4.7e-05     0.005   14.7   0.0   211   252    74   116    64   121 0.87 -
augustus_predicted_3932 -            364 759498at2759         -            434   9.8e-12   43.4   0.7   3   4    0.0013      0.14    9.9   0.0   212   248   226   262   215   269 0.86 -
augustus_predicted_3932 -            364 759498at2759         -            434   9.8e-12   43.4   0.7   4   4       2.1   2.2e+02   -0.6   0.0   407   424   324   341   313   347 0.78 -
augustus_predicted_5876 -            625 759498at2759         -            434   2.2e-11   42.2   3.2   1   6      0.16        17    3.1   0.0   344   383   137   176   131   181 0.90 -
augustus_predicted_5876 -            625 759498at2759         -            434   2.2e-11   42.2   3.2   2   6   0.00014     0.015   13.1   0.0   214   248   228   262   223   269 0.93 -
augustus_predicted_5876 -            625 759498at2759         -            434   2.2e-11   42.2   3.2   3   6     0.021       2.2    6.0   0.0   220   250   282   312   263   320 0.74 -
augustus_predicted_5876 -            625 759498at2759         -            434   2.2e-11   42.2   3.2   4   6    0.0017      0.18    9.6   0.1   214   253   320   359   314   362 0.91 -
augustus_predicted_5876 -            625 759498at2759         -            434   2.2e-11   42.2   3.2   5   6      0.43        45    1.6   0.0   216   250   370   403   365   408 0.84 -
augustus_predicted_5876 -            625 759498at2759         -            434   2.2e-11   42.2   3.2   6   6      0.14        15    3.2   0.0   220   253   446   479   437   483 0.86 -
augustus_predicted_6922 -            336 759498at2759         -            434   3.5e-11   41.6   0.0   1   5       2.4   2.5e+02   -0.8   0.0   213   249     6    42     3    45 0.85 -
augustus_predicted_6922 -            336 759498at2759         -            434   3.5e-11   41.6   0.0   2   5   1.6e-08   1.7e-06   26.1   0.0   212   252    47    87    44    93 0.95 -
augustus_predicted_6922 -            336 759498at2759         -            434   3.5e-11   41.6   0.0   3   5       1.5   1.6e+02   -0.1   0.0   218   251   149   182   139   184 0.75 -
augustus_predicted_6922 -            336 759498at2759         -            434   3.5e-11   41.6   0.0   4   5       1.4   1.5e+02   -0.1   0.0   408   433   193   218   186   219 0.86 -
augustus_predicted_6922 -            336 759498at2759         -            434   3.5e-11   41.6   0.0   5   5    0.0062      0.65    7.7   0.0   213   246   285   318   282   323 0.91 -
augustus_predicted_181  -            445 759498at2759         -            434   8.1e-11   40.4   6.9   1   5      0.48        51    1.5   0.0   214   245    66   100    60   104 0.82 -
augustus_predicted_181  -            445 759498at2759         -            434   8.1e-11   40.4   6.9   2   5   0.00021     0.022   12.6   0.2   212   245   140   173   136   188 0.84 -
augustus_predicted_181  -            445 759498at2759         -            434   8.1e-11   40.4   6.9   3   5   1.6e-06   0.00016   19.6   0.0   211   245   186   220   179   228 0.92 -
augustus_predicted_181  -            445 759498at2759         -            434   8.1e-11   40.4   6.9   4   5      0.35        37    1.9   0.0   207   246   251   291   245   309 0.74 -
augustus_predicted_181  -            445 759498at2759         -            434   8.1e-11   40.4   6.9   5   5       1.3   1.4e+02    0.0   0.0   227   246   424   443   414   445 0.86 -
augustus_predicted_8867 -            785 759498at2759         -            434   1.7e-10   39.3   0.1   1   5     0.003      0.32    8.7   0.0   212   247     9    43     5    50 0.90 -
augustus_predicted_8867 -            785 759498at2759         -            434   1.7e-10   39.3   0.1   2   5   3.9e-05    0.0041   15.0   0.1   213   248   105   140   101   148 0.89 -
augustus_predicted_8867 -            785 759498at2759         -            434   1.7e-10   39.3   0.1   3   5       4.5   4.7e+02   -1.7   0.0   211   245   145   178   143   182 0.84 -
augustus_predicted_8867 -            785 759498at2759         -            434   1.7e-10   39.3   0.1   4   5       3.6   3.9e+02   -1.4   0.0   226   245   204   223   187   227 0.68 -
augustus_predicted_8867 -            785 759498at2759         -            434   1.7e-10   39.3   0.1   5   5    0.0016      0.17    9.6   0.0   213   253   232   271   228   287 0.82 -
augustus_predicted_7622 -            595 759498at2759         -            434     3e-10   38.5   0.3   1   5    0.0049      0.52    8.0   0.0   212   253   296   338   289   340 0.87 -
augustus_predicted_7622 -            595 759498at2759         -            434     3e-10   38.5   0.3   2   5    0.0014      0.15    9.8   0.0   212   252   340   380   338   382 0.96 -
augustus_predicted_7622 -            595 759498at2759         -            434     3e-10   38.5   0.3   3   5     0.035       3.7    5.2   0.0   212   246   426   460   423   470 0.92 -
augustus_predicted_7622 -            595 759498at2759         -            434     3e-10   38.5   0.3   4   5    0.0048      0.51    8.1   0.0   213   251   515   555   507   562 0.81 -
augustus_predicted_7622 -            595 759498at2759         -            434     3e-10   38.5   0.3   5   5       1.4   1.5e+02   -0.1   0.0   413   434   572   594   563   594 0.72 -
augustus_predicted_3193 -            393 759498at2759         -            434   2.4e-09   35.5   1.4   1   4    0.0015      0.16    9.7   0.2   349   392   185   231   175   238 0.82 -
augustus_predicted_3193 -            393 759498at2759         -            434   2.4e-09   35.5   1.4   2   4    0.0034      0.36    8.6   0.0   215   250   241   277   234   283 0.84 -
augustus_predicted_3193 -            393 759498at2759         -            434   2.4e-09   35.5   1.4   3   4    0.0022      0.24    9.2   0.0   213   248   283   319   278   323 0.85 -
augustus_predicted_3193 -            393 759498at2759         -            434   2.4e-09   35.5   1.4   4   4     0.091       9.6    3.9   0.0   212   248   339   376   325   379 0.80 -
augustus_predicted_6954 -            554 759498at2759         -            434   4.6e-09   34.6   0.3   1   4      0.56        59    1.3   0.1   216   251   288   323   281   332 0.87 -
augustus_predicted_6954 -            554 759498at2759         -            434   4.6e-09   34.6   0.3   2   4      0.14        15    3.2   0.0   213   245   368   400   364   405 0.92 -
augustus_predicted_6954 -            554 759498at2759         -            434   4.6e-09   34.6   0.3   3   4   7.9e-05    0.0084   13.9   0.0   206   250   403   450   400   454 0.82 -
augustus_predicted_6954 -            554 759498at2759         -            434   4.6e-09   34.6   0.3   4   4   0.00091     0.096   10.4   0.0   212   248   497   533   488   536 0.90 -
augustus_predicted_1407 -           1543 759498at2759         -            434   4.7e-09   34.6   2.0   1   5       4.9   5.1e+02   -1.8   0.0   215   246    24    55    18    69 0.89 -
augustus_predicted_1407 -           1543 759498at2759         -            434   4.7e-09   34.6   2.0   2   5      0.05       5.3    4.7   0.1   212   245    78   111    54   117 0.80 -
augustus_predicted_1407 -           1543 759498at2759         -            434   4.7e-09   34.6   2.0   3   5    0.0085       0.9    7.2   0.0   215   252   125   163   121   169 0.80 -
augustus_predicted_1407 -           1543 759498at2759         -            434   4.7e-09   34.6   2.0   4   5       1.4   1.4e+02   -0.0   0.0   227   251   184   208   172   211 0.81 -
augustus_predicted_1407 -           1543 759498at2759         -            434   4.7e-09   34.6   2.0   5   5   5.4e-06   0.00057   17.8   0.1   212   252   211   251   209   258 0.93 -
augustus_predicted_508  -            373 759498at2759         -            434   5.3e-09   34.4   0.8   1   5      0.02       2.1    6.0   0.0   212   250    76   114    73   118 0.91 -
augustus_predicted_508  -            373 759498at2759         -            434   5.3e-09   34.4   0.8   2   5   0.00043     0.045   11.5   0.0   211   252   117   160   115   166 0.84 -
augustus_predicted_508  -            373 759498at2759         -            434   5.3e-09   34.4   0.8   3   5       1.6   1.7e+02   -0.2   0.0   227   254   184   211   161   228 0.70 -
augustus_predicted_508  -            373 759498at2759         -            434   5.3e-09   34.4   0.8   4   5    0.0013      0.14    9.9   0.1   215   250   259   294   254   298 0.92 -
augustus_predicted_508  -            373 759498at2759         -            434   5.3e-09   34.4   0.8   5   5      0.76        80    0.8   0.0   212   247   298   331   296   343 0.84 -
augustus_predicted_5862 -            485 759498at2759         -            434   5.7e-09   34.3   0.8   1   5      0.67        71    1.0   0.0   228   248   137   157   126   163 0.82 -
augustus_predicted_5862 -            485 759498at2759         -            434   5.7e-09   34.3   0.8   2   5      0.71        75    0.9   0.0   217   248   172   202   163   206 0.71 -
augustus_predicted_5862 -            485 759498at2759         -            434   5.7e-09   34.3   0.8   3   5    0.0011      0.12   10.1   0.0   209   248   213   252   210   257 0.93 -
augustus_predicted_5862 -            485 759498at2759         -            434   5.7e-09   34.3   0.8   4   5       4.3   4.5e+02   -1.7   0.0   212   250   290   329   284   360 0.70 -
augustus_predicted_5862 -            485 759498at2759         -            434   5.7e-09   34.3   0.8   5   5     2e-05    0.0021   15.9   0.0   211   249   376   415   368   418 0.91 -
augustus_predicted_3800 -            684 759498at2759         -            434   8.8e-09   33.6   0.1   1   5     0.045       4.8    4.9   0.0   213   247    10    45     2    54 0.84 -
augustus_predicted_3800 -            684 759498at2759         -            434   8.8e-09   33.6   0.1   2   5    0.0058      0.61    7.8   0.0   214   244    60    90    52    97 0.90 -
augustus_predicted_3800 -            684 759498at2759         -            434   8.8e-09   33.6   0.1   3   5     0.062       6.6    4.4   0.0   218   252   123   157   115   161 0.86 -
augustus_predicted_3800 -            684 759498at2759         -            434   8.8e-09   33.6   0.1   4   5     0.003      0.32    8.7   0.0   213   249   160   196   156   226 0.86 -
augustus_predicted_3800 -            684 759498at2759         -            434   8.8e-09   33.6   0.1   5   5      0.77        82    0.8   0.0   287   309   453   475   441   507 0.81 -
augustus_predicted_4790 -            816 759498at2759         -            434   2.6e-08   32.1   7.5   1   8      0.36        38    1.9   0.0   214   245    55    90    51    99 0.72 -
augustus_predicted_4790 -            816 759498at2759         -            434   2.6e-08   32.1   7.5   2   8   8.5e-05     0.009   13.8   0.0   211   248   103   140    91   145 0.88 -
augustus_predicted_4790 -            816 759498at2759         -            434   2.6e-08   32.1   7.5   3   8    0.0042      0.44    8.3   0.0   212   250   207   251   201   254 0.73 -
augustus_predicted_4790 -            816 759498at2759         -            434   2.6e-08   32.1   7.5   4   8       2.4   2.6e+02   -0.8   0.0   225   245   309   329   293   340 0.80 -
augustus_predicted_4790 -            816 759498at2759         -            434   2.6e-08   32.1   7.5   5   8       0.1        11    3.7   0.0   212   244   400   432   397   438 0.87 -
augustus_predicted_4790 -            816 759498at2759         -            434   2.6e-08   32.1   7.5   6   8       1.1   1.1e+02    0.3   0.0   214   244   618   648   570   662 0.78 -
augustus_predicted_4790 -            816 759498at2759         -            434   2.6e-08   32.1   7.5   7   8       5.6   5.9e+02   -2.0   0.0   230   244   686   700   666   705 0.53 -
augustus_predicted_4790 -            816 759498at2759         -            434   2.6e-08   32.1   7.5   8   8       5.7     6e+02   -2.1   0.0   224   247   787   810   783   812 0.81 -
augustus_predicted_742  -            355 759498at2759         -            434   4.2e-08   31.4   0.0   1   3   4.5e-05    0.0048   14.7   0.0   215   257    56    98    39   143 0.72 -
augustus_predicted_742  -            355 759498at2759         -            434   4.2e-08   31.4   0.0   2   3     0.018       1.9    6.1   0.0   209   248   139   180   135   198 0.77 -
augustus_predicted_742  -            355 759498at2759         -            434   4.2e-08   31.4   0.0   3   3     0.011       1.1    6.9   0.0   217   245   297   325   290   332 0.89 -
augustus_predicted_7659 -            474 759498at2759         -            434     5e-08   31.2   0.1   1   4      0.13        13    3.4   0.0   214   248    58    93    42   102 0.75 -
augustus_predicted_7659 -            474 759498at2759         -            434     5e-08   31.2   0.1   2   4       3.9   4.2e+02   -1.5   0.0   216   244   117   148   102   176 0.80 -
augustus_predicted_7659 -            474 759498at2759         -            434     5e-08   31.2   0.1   3   4      0.04       4.2    5.0   0.0   215   247   207   240   192   253 0.72 -
augustus_predicted_7659 -            474 759498at2759         -            434     5e-08   31.2   0.1   4   4   7.4e-06   0.00079   17.3   0.0   200   254   266   320   250   324 0.82 -
augustus_predicted_1456 -            364 759498at2759         -            434   6.6e-08   30.8   0.1   1   2   0.00024     0.026   12.3   0.0   214   251    39    76    27    79 0.88 -
augustus_predicted_1456 -            364 759498at2759         -            434   6.6e-08   30.8   0.1   2   2   1.8e-05    0.0019   16.1   0.0   212   248   123   159   114   199 0.85 -
augustus_predicted_8627 -           1990 759498at2759         -            434   7.8e-08   30.5   3.0   1   7     0.033       3.4    5.3   0.0   211   246   131   166   125   172 0.90 -
augustus_predicted_8627 -           1990 759498at2759         -            434   7.8e-08   30.5   3.0   2   7      0.35        37    1.9   0.0   358   434   222   295   214   295 0.72 -
augustus_predicted_8627 -           1990 759498at2759         -            434   7.8e-08   30.5   3.0   3   7    0.0049      0.52    8.0   0.1   215   251   310   346   306   348 0.93 -
augustus_predicted_8627 -           1990 759498at2759         -            434   7.8e-08   30.5   3.0   4   7      0.16        17    3.1   0.0   206   251   394   442   381   446 0.82 -
augustus_predicted_8627 -           1990 759498at2759         -            434   7.8e-08   30.5   3.0   5   7       6.2   6.6e+02   -2.2   0.0   363   385   533   555   530   565 0.84 -
augustus_predicted_8627 -           1990 759498at2759         -            434   7.8e-08   30.5   3.0   6   7       1.8   1.9e+02   -0.4   0.0   209   250   564   605   558   608 0.92 -
augustus_predicted_8627 -           1990 759498at2759         -            434   7.8e-08   30.5   3.0   7   7     0.063       6.7    4.4   0.1   213   248   611   646   607   656 0.90 -
augustus_predicted_6001 -            309 759498at2759         -            434   1.2e-07   29.9   5.4   1   6    0.0049      0.52    8.0   0.0   213   253     9    49     5    53 0.87 -
augustus_predicted_6001 -            309 759498at2759         -            434   1.2e-07   29.9   5.4   2   6     0.075       7.9    4.1   0.0   213   245    53    87    50    94 0.81 -
augustus_predicted_6001 -            309 759498at2759         -            434   1.2e-07   29.9   5.4   3   6      0.91        96    0.6   0.0   213   247   108   144   104   152 0.76 -
augustus_predicted_6001 -            309 759498at2759         -            434   1.2e-07   29.9   5.4   4   6       3.3   3.5e+02   -1.3   0.0   230   247   185   202   177   210 0.83 -
augustus_predicted_6001 -            309 759498at2759         -            434   1.2e-07   29.9   5.4   5   6   6.7e-05    0.0071   14.2   0.2   210   247   211   251   201   255 0.84 -
augustus_predicted_6001 -            309 759498at2759         -            434   1.2e-07   29.9   5.4   6   6         2   2.1e+02   -0.6   0.0   222   245   271   294   259   299 0.80 -
augustus_predicted_8386 -            492 759498at2759         -            434   2.7e-07   28.8   2.9   1   3   5.3e-06   0.00056   17.8   0.2   211   278   297   363   295   369 0.82 -
augustus_predicted_8386 -            492 759498at2759         -            434   2.7e-07   28.8   2.9   2   3      0.28        30    2.3   0.2   214   247   345   379   336   384 0.69 -
augustus_predicted_8386 -            492 759498at2759         -            434   2.7e-07   28.8   2.9   3   3    0.0011      0.11   10.2   0.2   205   247   391   434   372   438 0.82 -
augustus_predicted_5811 -           1271 759498at2759         -            434   3.8e-07   28.3   0.1   1   3   6.7e-05    0.0071   14.2   0.0   212   248   188   225   184   230 0.90 -
augustus_predicted_5811 -           1271 759498at2759         -            434   3.8e-07   28.3   0.1   2   3      0.98     1e+02    0.5   0.0   212   256   240   285   239   287 0.79 -
augustus_predicted_5811 -           1271 759498at2759         -            434   3.8e-07   28.3   0.1   3   3   0.00098       0.1   10.3   0.0   209   248   281   320   278   325 0.90 -
augustus_predicted_4243 -            611 759498at2759         -            434   3.9e-07   28.2   0.2   1   3     0.025       2.7    5.7   0.0   212   249    76   114    70   118 0.84 -
augustus_predicted_4243 -            611 759498at2759         -            434   3.9e-07   28.2   0.2   2   3    0.0012      0.13   10.0   0.0   209   252   131   175   116   181 0.81 -
augustus_predicted_4243 -            611 759498at2759         -            434   3.9e-07   28.2   0.2   3   3    0.0033      0.35    8.6   0.2   218   250   182   214   177   216 0.91 -
augustus_predicted_3308 -            816 759498at2759         -            434     4e-07   28.2   1.7   1   7      0.11        12    3.6   0.0   232   252   126   146   110   165 0.84 -
augustus_predicted_3308 -            816 759498at2759         -            434     4e-07   28.2   1.7   2   7         2   2.1e+02   -0.5   0.0   408   434   264   290   262   290 0.89 -
augustus_predicted_3308 -            816 759498at2759         -            434     4e-07   28.2   1.7   3   7       9.3   9.9e+02   -2.8   0.0   209   241   303   343   299   350 0.63 -
augustus_predicted_3308 -            816 759498at2759         -            434     4e-07   28.2   1.7   4   7     0.098        10    3.7   0.0   215   250   461   496   456   498 0.90 -
augustus_predicted_3308 -            816 759498at2759         -            434     4e-07   28.2   1.7   5   7    0.0067      0.71    7.6   0.0   212   249   521   558   513   562 0.91 -
augustus_predicted_3308 -            816 759498at2759         -            434     4e-07   28.2   1.7   6   7     0.017       1.8    6.3   0.1   222   252   571   601   567   614 0.84 -
augustus_predicted_3308 -            816 759498at2759         -            434     4e-07   28.2   1.7   7   7       9.6     1e+03   -2.8   0.0   218   240   608   630   603   637 0.81 -
augustus_predicted_3031 -            855 759498at2759         -            434     4e-07   28.2   0.7   1   3       1.1   1.2e+02    0.3   0.0   211   248   531   568   518   576 0.78 -
augustus_predicted_3031 -            855 759498at2759         -            434     4e-07   28.2   0.7   2   3   0.00027     0.028   12.2   0.1   214   253   576   615   565   621 0.87 -
augustus_predicted_3031 -            855 759498at2759         -            434     4e-07   28.2   0.7   3   3   0.00052     0.055   11.3   0.0   289   434   676   820   664   820 0.80 -
augustus_predicted_5688 -            541 759498at2759         -            434   4.2e-07   28.1   0.1   1   3    0.0023      0.24    9.1   0.0   286   383    66   164    44   167 0.79 -
augustus_predicted_5688 -            541 759498at2759         -            434   4.2e-07   28.1   0.1   2   3    0.0071      0.75    7.5   0.0   212   246   176   214   167   228 0.77 -
augustus_predicted_5688 -            541 759498at2759         -            434   4.2e-07   28.1   0.1   3   3     0.019         2    6.1   0.0   209   247   260   298   256   306 0.89 -
augustus_predicted_1242 -           1106 759498at2759         -            434   4.6e-07   28.0   0.1   1   5     0.012       1.3    6.7   0.0   214   246    43    75    39    81 0.90 -
augustus_predicted_1242 -           1106 759498at2759         -            434   4.6e-07   28.0   0.1   2   5    0.0083      0.87    7.3   0.0   210   248    88   128    75   132 0.82 -
augustus_predicted_1242 -           1106 759498at2759         -            434   4.6e-07   28.0   0.1   3   5     0.018       1.9    6.2   0.0   212   247   170   205   167   209 0.92 -
augustus_predicted_1242 -           1106 759498at2759         -            434   4.6e-07   28.0   0.1   4   5         1   1.1e+02    0.4   0.0   227   252   932   957   911   961 0.70 -
augustus_predicted_1242 -           1106 759498at2759         -            434   4.6e-07   28.0   0.1   5   5       1.9     2e+02   -0.5   0.0   409   434   966   991   950   991 0.73 -
augustus_predicted_5570 -            573 759498at2759         -            434   4.9e-07   27.9   2.3   1   4      0.15        15    3.2   0.0   203   250    30    78    28    83 0.85 -
augustus_predicted_5570 -            573 759498at2759         -            434   4.9e-07   27.9   2.3   2   4     0.044       4.7    4.9   0.0   219   256    88   127    84   130 0.82 -
augustus_predicted_5570 -            573 759498at2759         -            434   4.9e-07   27.9   2.3   3   4   0.00034     0.036   11.9   0.1   215   246   128   159   124   166 0.90 -
augustus_predicted_5570 -            573 759498at2759         -            434   4.9e-07   27.9   2.3   4   4     0.042       4.4    5.0   0.0   200   260   169   237   161   243 0.72 -
augustus_predicted_283  -            977 759498at2759         -            434   9.1e-07   27.0   0.1   1   4    0.0012      0.12   10.1   0.0   214   247     2    35     1    38 0.92 -
augustus_predicted_283  -            977 759498at2759         -            434   9.1e-07   27.0   0.1   2   4       3.8     4e+02   -1.5   0.0   214   246    63    95    59   105 0.86 -
augustus_predicted_283  -            977 759498at2759         -            434   9.1e-07   27.0   0.1   3   4   0.00018     0.019   12.7   0.0   214   246   105   137    96   141 0.90 -
augustus_predicted_283  -            977 759498at2759         -            434   9.1e-07   27.0   0.1   4   4       8.5     9e+02   -2.6   0.0   399   431   245   277   222   278 0.73 -
augustus_predicted_2475 -            596 759498at2759         -            434   1.9e-06   25.9   0.9   1   3   0.00034     0.036   11.9   0.0   210   248   100   138    88   192 0.84 -
augustus_predicted_2475 -            596 759498at2759         -            434   1.9e-06   25.9   0.9   2   3    0.0043      0.45    8.2   0.1   213   251   214   253   210   264 0.83 -
augustus_predicted_2475 -            596 759498at2759         -            434   1.9e-06   25.9   0.9   3   3      0.25        27    2.4   0.0   221   257   325   361   309   368 0.83 -
augustus_predicted_672  -            355 759498at2759         -            434   2.1e-06   25.8   1.6   1   5      0.19        20    2.8   0.0   373   434    24    87     4    87 0.77 -
augustus_predicted_672  -            355 759498at2759         -            434   2.1e-06   25.8   1.6   2   5   0.00041     0.044   11.6   0.1   204   247    90   134    88   142 0.85 -
augustus_predicted_672  -            355 759498at2759         -            434   2.1e-06   25.8   1.6   3   5       0.9        95    0.6   0.0   271   307   139   177   135   189 0.69 -
augustus_predicted_672  -            355 759498at2759         -            434   2.1e-06   25.8   1.6   4   5     0.045       4.7    4.9   0.0   209   245   249   286   241   292 0.89 -
augustus_predicted_672  -            355 759498at2759         -            434   2.1e-06   25.8   1.6   5   5       1.2   1.3e+02    0.1   0.1   228   247   332   351   313   354 0.73 -
augustus_predicted_188  -            362 759498at2759         -            434   2.1e-06   25.8   0.1   1   3     0.046       4.9    4.8   0.0   218   248    34    64    28    69 0.83 -
augustus_predicted_188  -            362 759498at2759         -            434   2.1e-06   25.8   0.1   2   3      0.41        43    1.7   0.0   408   433    78   103    70   104 0.88 -
augustus_predicted_188  -            362 759498at2759         -            434   2.1e-06   25.8   0.1   3   3   7.5e-05    0.0079   14.0   0.1   297   434   145   290   136   290 0.72 -
augustus_predicted_1146 -            629 759498at2759         -            434   2.3e-06   25.7   0.1   1   3     0.018       1.9    6.2   0.0   215   245    72   102    64   112 0.89 -
augustus_predicted_1146 -            629 759498at2759         -            434   2.3e-06   25.7   0.1   2   3   0.00046     0.049   11.4   0.0   212   248   113   149   110   159 0.90 -
augustus_predicted_1146 -            629 759498at2759         -            434   2.3e-06   25.7   0.1   3   3      0.21        22    2.7   0.0   212   250   260   299   251   303 0.89 -
augustus_predicted_740  -            477 759498at2759         -            434   2.4e-06   25.6   0.2   1   4    0.0013      0.14    9.9   0.0   208   249    15    57    11    63 0.84 -
augustus_predicted_740  -            477 759498at2759         -            434   2.4e-06   25.6   0.2   2   4    0.0022      0.23    9.2   0.1   213   251    63   101    60   107 0.92 -
augustus_predicted_740  -            477 759498at2759         -            434   2.4e-06   25.6   0.2   3   4       7.6   8.1e+02   -2.5   0.0   277   296   108   127   100   132 0.81 -
augustus_predicted_740  -            477 759498at2759         -            434   2.4e-06   25.6   0.2   4   4      0.31        33    2.1   0.0   413   429   326   342   301   348 0.80 -
augustus_predicted_5669 -            643 759498at2759         -            434   2.4e-06   25.6   2.5   1   5     0.021       2.3    5.9   0.0   214   256   116   160    95   172 0.79 -
augustus_predicted_5669 -            643 759498at2759         -            434   2.4e-06   25.6   2.5   2   5       1.2   1.3e+02    0.2   0.0   219   248   190   219   182   228 0.86 -
augustus_predicted_5669 -            643 759498at2759         -            434   2.4e-06   25.6   2.5   3   5     0.023       2.4    5.8   0.1   213   251   228   266   224   272 0.91 -
augustus_predicted_5669 -            643 759498at2759         -            434   2.4e-06   25.6   2.5   4   5    0.0036      0.38    8.5   0.0   188   246   434   490   428   497 0.78 -
augustus_predicted_5669 -            643 759498at2759         -            434   2.4e-06   25.6   2.5   5   5       1.8     2e+02   -0.5   0.0   281   312   555   586   544   619 0.80 -
augustus_predicted_1215 -            535 759498at2759         -            434   7.8e-06   23.9   8.6   1   4   0.00076      0.08   10.7   0.0   216   250   264   299   259   302 0.79 -
augustus_predicted_1215 -            535 759498at2759         -            434   7.8e-06   23.9   8.6   2   4       0.5        53    1.4   0.0   212   241   303   333   300   341 0.73 -
augustus_predicted_1215 -            535 759498at2759         -            434   7.8e-06   23.9   8.6   3   4   3.7e-05    0.0039   15.0   0.0   206   254   391   438   380   445 0.81 -
augustus_predicted_1215 -            535 759498at2759         -            434   7.8e-06   23.9   8.6   4   4       5.7     6e+02   -2.1   0.0   231   250   462   481   439   486 0.76 -
augustus_predicted_963  -           1599 759498at2759         -            434   1.1e-05   23.4   0.1   1   4   0.00013     0.013   13.3   0.0   212   247  1132  1167  1123  1173 0.89 -
augustus_predicted_963  -           1599 759498at2759         -            434   1.1e-05   23.4   0.1   2   4      0.73        77    0.9   0.0   203   246  1171  1215  1168  1220 0.84 -
augustus_predicted_963  -           1599 759498at2759         -            434   1.1e-05   23.4   0.1   3   4      0.13        14    3.3   0.0   202   247  1276  1321  1272  1326 0.93 -
augustus_predicted_963  -           1599 759498at2759         -            434   1.1e-05   23.4   0.1   4   4       2.3   2.5e+02   -0.8   0.0   230   248  1472  1490  1466  1498 0.80 -
augustus_predicted_1322 -            442 759498at2759         -            434   1.3e-05   23.2   1.7   1   5     0.009      0.95    7.2   0.0   208   252    13    57     4    68 0.87 -
augustus_predicted_1322 -            442 759498at2759         -            434   1.3e-05   23.2   1.7   2   5       9.4   9.9e+02   -2.8   0.0   230   386   224   239   204   247 0.58 -
augustus_predicted_1322 -            442 759498at2759         -            434   1.3e-05   23.2   1.7   3   5      0.92        97    0.6   0.0   214   240   266   292   259   298 0.82 -
augustus_predicted_1322 -            442 759498at2759         -            434   1.3e-05   23.2   1.7   4   5      0.58        62    1.2   0.0   218   252   319   353   304   358 0.76 -
augustus_predicted_1322 -            442 759498at2759         -            434   1.3e-05   23.2   1.7   5   5    0.0026      0.28    8.9   0.1   219   246   415   441   407   442 0.90 -
augustus_predicted_7681 -            363 759498at2759         -            434   3.1e-05   22.0   0.1   1   1   7.3e-07   7.7e-05   20.6   0.1   277   434    11   171     6   172 0.82 -
augustus_predicted_8868 -            316 759498at2759         -            434   5.1e-05   21.2   0.1   1   4    0.0043      0.45    8.2   0.1   212   252    58    98    56   107 0.91 -
augustus_predicted_8868 -            316 759498at2759         -            434   5.1e-05   21.2   0.1   2   4      0.16        17    3.1   0.0   215   247   102   136    98   141 0.82 -
augustus_predicted_8868 -            316 759498at2759         -            434   5.1e-05   21.2   0.1   3   4     0.071       7.5    4.2   0.0   216   248   170   202   165   208 0.89 -
augustus_predicted_8868 -            316 759498at2759         -            434   5.1e-05   21.2   0.1   4   4      0.99   1.1e+02    0.4   0.0   219   249   261   292   249   298 0.83 -
augustus_predicted_4679 -            379 759498at2759         -            434   5.8e-05   21.1   0.8   1   4     0.063       6.7    4.4   0.0   215   250    11    46     7    52 0.90 -
augustus_predicted_4679 -            379 759498at2759         -            434   5.8e-05   21.1   0.8   2   4       2.1   2.2e+02   -0.6   0.0   214   245    54    87    49    92 0.73 -
augustus_predicted_4679 -            379 759498at2759         -            434   5.8e-05   21.1   0.8   3   4    0.0027      0.29    8.9   0.0   208   249   217   262   208   265 0.81 -
augustus_predicted_4679 -            379 759498at2759         -            434   5.8e-05   21.1   0.8   4   4      0.19        20    2.8   0.0   220   246   333   359   322   367 0.81 -
augustus_predicted_5178 -            475 759498at2759         -            434   0.00011   20.2   0.0   1   3   1.8e-05    0.0019   16.1   0.0   297   434   221   347   211   347 0.87 -
augustus_predicted_5178 -            475 759498at2759         -            434   0.00011   20.2   0.0   2   3    0.0012      0.12   10.1   0.0   219   250   322   353   314   387 0.87 -
augustus_predicted_5178 -            475 759498at2759         -            434   0.00011   20.2   0.0   3   3         1   1.1e+02    0.4   0.0   217   252   361   397   354   409 0.77 -
augustus_predicted_5540 -           1198 759498at2759         -            434   0.00013   19.9   0.3   1   2     0.032       3.4    5.3   0.0   212   248   957   993   954   998 0.91 -
augustus_predicted_5540 -           1198 759498at2759         -            434   0.00013   19.9   0.3   2   2      0.37        39    1.8   0.0   227   249  1056  1078  1025  1132 0.80 -
augustus_predicted_3188 -            275 759498at2759         -            434   0.00018   19.4   0.1   1   3      0.39        41    1.8   0.0   212   243    14    46     3    54 0.77 -
augustus_predicted_3188 -            275 759498at2759         -            434   0.00018   19.4   0.1   2   3   5.5e-05    0.0059   14.5   0.0   214   253    92   131    86   141 0.90 -
augustus_predicted_3188 -            275 759498at2759         -            434   0.00018   19.4   0.1   3   3       9.6     1e+03   -2.8   0.0   218   244   248   274   245   275 0.89 -
augustus_predicted_733  -            618 759498at2759         -            434   0.00057   17.8   0.3   1   4       5.4   5.7e+02   -2.0   0.0   219   251   347   379   342   381 0.85 -
augustus_predicted_733  -            618 759498at2759         -            434   0.00057   17.8   0.3   2   4     0.076         8    4.1   0.0   214   247   425   458   419   462 0.89 -
augustus_predicted_733  -            618 759498at2759         -            434   0.00057   17.8   0.3   3   4      0.18        19    2.9   0.0   209   250   463   507   461   511 0.81 -
augustus_predicted_733  -            618 759498at2759         -            434   0.00057   17.8   0.3   4   4      0.02       2.1    6.0   0.0   212   247   554   589   538   594 0.83 -
augustus_predicted_7569 -           1229 759498at2759         -            434   0.00073   17.4   0.0   1   4       0.9        96    0.6   0.0   222   252    59    89    51   106 0.78 -
augustus_predicted_7569 -           1229 759498at2759         -            434   0.00073   17.4   0.0   2   4      0.92        98    0.5   0.0   219   248    98   127    90   134 0.87 -
augustus_predicted_7569 -           1229 759498at2759         -            434   0.00073   17.4   0.0   3   4      0.33        35    2.0   0.0   190   248   113   169   102   175 0.75 -
augustus_predicted_7569 -           1229 759498at2759         -            434   0.00073   17.4   0.0   4   4    0.0031      0.33    8.7   0.0   215   250   230   265   224   299 0.93 -
augustus_predicted_4317 -            535 759498at2759         -            434   0.00076   17.4   0.0   1   1   2.1e-05    0.0022   15.8   0.0   209   251   269   311   264   314 0.90 -
augustus_predicted_8636 -            579 759498at2759         -            434   0.00094   17.1   0.1   1   2       1.1   1.1e+02    0.3   0.0   409   430   248   269   232   273 0.83 -
augustus_predicted_8636 -            579 759498at2759         -            434   0.00094   17.1   0.1   2   2   0.00012     0.013   13.4   0.0   198   247   531   578   516   579 0.82 -
augustus_predicted_8796 -            525 759498at2759         -            434    0.0019   16.0   0.0   1   4       1.8   1.9e+02   -0.4   0.0   211   245    61    96    52   109 0.77 -
augustus_predicted_8796 -            525 759498at2759         -            434    0.0019   16.0   0.0   2   4   0.00088     0.093   10.5   0.0   205   251   123   168    98   185 0.81 -
augustus_predicted_8796 -            525 759498at2759         -            434    0.0019   16.0   0.0   3   4       1.6   1.7e+02   -0.2   0.0   213   247   236   270   228   276 0.85 -
augustus_predicted_8796 -            525 759498at2759         -            434    0.0019   16.0   0.0   4   4       5.6     6e+02   -2.0   0.0   217   247   371   402   366   407 0.73 -
augustus_predicted_3848 -            525 759498at2759         -            434    0.0076   14.1   0.1   1   3    0.0073      0.77    7.5   0.0   313   350   244   283   239   330 0.81 -
augustus_predicted_3848 -            525 759498at2759         -            434    0.0076   14.1   0.1   2   3      0.23        24    2.5   0.0   228   247   353   372   334   376 0.82 -
augustus_predicted_3848 -            525 759498at2759         -            434    0.0076   14.1   0.1   3   3         4   4.2e+02   -1.5   0.0   414   434   504   524   491   524 0.87 -
augustus_predicted_3079 -           1158 759498at2759         -            434     0.021   12.6   0.3   1   5       4.5   4.8e+02   -1.7   0.0   198   228   693   723   684   740 0.81 -
augustus_predicted_3079 -           1158 759498at2759         -            434     0.021   12.6   0.3   2   5      0.36        38    1.9   0.0   230   245   848   863   830   867 0.88 -
augustus_predicted_3079 -           1158 759498at2759         -            434     0.021   12.6   0.3   3   5       6.8   7.2e+02   -2.3   0.0   229   247   906   924   903   926 0.86 -
augustus_predicted_3079 -           1158 759498at2759         -            434     0.021   12.6   0.3   4   5       2.2   2.4e+02   -0.7   0.0   229   251  1095  1117  1075  1123 0.83 -
augustus_predicted_3079 -           1158 759498at2759         -            434     0.021   12.6   0.3   5   5     0.059       6.2    4.5   0.0   401   434  1123  1156  1117  1156 0.90 -
augustus_predicted_2706 -            357 759498at2759         -            434     0.023   12.5   0.2   1   2     0.015       1.6    6.4   0.1   330   385    76   131    13   149 0.57 -
augustus_predicted_2706 -            357 759498at2759         -            434     0.023   12.5   0.2   2   2      0.12        12    3.5   0.0   220   247   265   292   230   298 0.87 -
augustus_predicted_4291 -            915 759498at2759         -            434      0.04   11.7   0.2   1   5       3.2   3.4e+02   -1.2   0.0   215   249    15    49    10    56 0.82 -
augustus_predicted_4291 -            915 759498at2759         -            434      0.04   11.7   0.2   2   5     0.025       2.7    5.7   0.0   209   247    57    97    49   106 0.88 -
augustus_predicted_4291 -            915 759498at2759         -            434      0.04   11.7   0.2   3   5       2.1   2.2e+02   -0.7   0.0   215   254   417   458   413   515 0.76 -
augustus_predicted_4291 -            915 759498at2759         -            434      0.04   11.7   0.2   4   5       9.2   9.8e+02   -2.8   0.0   232   250   586   604   570   607 0.60 -
augustus_predicted_4291 -            915 759498at2759         -            434      0.04   11.7   0.2   5   5       1.9     2e+02   -0.5   0.0   226   248   631   653   624   658 0.84 -
augustus_predicted_2415 -            717 759498at2759         -            434     0.071   10.9   0.3   1   3      0.19        20    2.8   0.0   351   385   279   315   275   321 0.83 -
augustus_predicted_2415 -            717 759498at2759         -            434     0.071   10.9   0.3   2   3     0.092       9.7    3.8   0.0   209   247   322   362   319   365 0.78 -
augustus_predicted_2415 -            717 759498at2759         -            434     0.071   10.9   0.3   3   3       5.3   5.7e+02   -2.0   0.0   213   245   651   682   647   684 0.87 -
augustus_predicted_3280 -            121 759498at2759         -            434     0.086   10.6   0.0   1   1   0.00091     0.097   10.4   0.0    69   107    50    88    45   114 0.88 -
augustus_predicted_7641 -           1132 759498at2759         -            434     0.086   10.6   0.1   1   2    0.0061      0.65    7.7   0.0   222   248   231   257   213   261 0.83 -
augustus_predicted_7641 -           1132 759498at2759         -            434     0.086   10.6   0.1   2   2       4.2   4.4e+02   -1.6   0.0   231   248  1061  1078  1042  1083 0.80 -
#
# Program:         hmmsearch
# Version:         3.1b2 (February 2015)
# Pipeline mode:   SEARCH
# Query file:      ../../stats/eukaryota_odb10/hmms/759498at2759.hmm
# Target file:     /home/centos/br/bin/Brownotate-1.2.0/runs/b283acc0-5629-444b-ad7a-7147f201d246/annotation/augustus_annotation.faa
# Option settings: hmmsearch --domtblout /home/centos/br/bin/Brownotate-1.2.0/runs/b283acc0-5629-444b-ad7a-7147f201d246/busco_annotation/run_eukaryota_odb10/hmmer_output/initial_run_results/759498at2759.out --cpu 1 ../../stats/eukaryota_odb10/hmms/759498at2759.hmm /home/centos/br/bin/Brownotate-1.2.0/runs/b283acc0-5629-444b-ad7a-7147f201d246/annotation/augustus_annotation.faa 
# Current dir:     /home/centos/br/bin/Brownotate-1.2.0/runs/b283acc0-5629-444b-ad7a-7147f201d246
# Date:            Sat Aug 24 02:32:00 2024
# [ok]
