#                                                                               --- full sequence --- -------------- this domain -------------   hmm coord   ali coord   env coord
# target name           accession   tlen query name           accession   qlen   E-value  score  bias   #  of  c-Evalue  i-Evalue  score  bias  from    to  from    to  from    to  acc description of target
#   ------------------- ---------- ----- -------------------- ---------- ----- --------- ------ ----- --- --- --------- --------- ------ ----- ----- ----- ----- ----- ----- ----- ---- ---------------------
augustus_predicted_234  -            393 779909at2759         -            227     9e-81  269.7   5.6   1   3   5.8e-60   5.7e-58  195.1   0.0     1   157     3   189     3   195 0.89 -
augustus_predicted_234  -            393 779909at2759         -            227     9e-81  269.7   5.6   2   3   3.3e-05    0.0033   16.0   0.1   157   181   209   236   201   238 0.87 -
augustus_predicted_234  -            393 779909at2759         -            227     9e-81  269.7   5.6   3   3   1.8e-18   1.8e-16   59.4   0.7   178   227   332   388   327   388 0.87 -
augustus_predicted_7444 -           1334 779909at2759         -            227   2.3e-57  193.1   0.0   1  11   0.00013     0.013   14.0   0.0    61    96   715   750   708   755 0.89 -
augustus_predicted_7444 -           1334 779909at2759         -            227   2.3e-57  193.1   0.0   2  11   4.2e-15   4.1e-13   48.4   0.0     3    98   735   836   733   842 0.87 -
augustus_predicted_7444 -           1334 779909at2759         -            227   2.3e-57  193.1   0.0   3  11   0.00016     0.015   13.8   0.0    61    96   841   876   835   883 0.90 -
augustus_predicted_7444 -           1334 779909at2759         -            227   2.3e-57  193.1   0.0   4  11    0.0017      0.16   10.4   0.0    61    95   883   917   875   925 0.89 -
augustus_predicted_7444 -           1334 779909at2759         -            227   2.3e-57  193.1   0.0   5  11   6.4e-05    0.0063   15.0   0.0    59    97   923   961   918   966 0.90 -
augustus_predicted_7444 -           1334 779909at2759         -            227   2.3e-57  193.1   0.0   6  11   1.4e-06   0.00014   20.4   0.0    60   101   966  1007   959  1017 0.89 -
augustus_predicted_7444 -           1334 779909at2759         -            227   2.3e-57  193.1   0.0   7  11    0.0012      0.11   11.0   0.0    61    98  1009  1046  1005  1058 0.88 -
augustus_predicted_7444 -           1334 779909at2759         -            227   2.3e-57  193.1   0.0   8  11   2.9e-09   2.8e-07   29.3   0.0     3    94  1029  1126  1027  1127 0.82 -
augustus_predicted_7444 -           1334 779909at2759         -            227   2.3e-57  193.1   0.0   9  11   2.4e-13   2.4e-11   42.6   0.0     2    97  1070  1171  1069  1180 0.87 -
augustus_predicted_7444 -           1334 779909at2759         -            227   2.3e-57  193.1   0.0  10  11     8e-08   7.8e-06   24.5   0.0     3    85  1113  1201  1112  1201 0.82 -
augustus_predicted_7444 -           1334 779909at2759         -            227   2.3e-57  193.1   0.0  11  11   3.2e-06   0.00031   19.3   0.0     2    54  1196  1249  1195  1270 0.89 -
augustus_predicted_5240 -           1581 779909at2759         -            227   2.3e-38  131.0  16.4   1   9       0.4        39    2.6   0.0    82    98   225   241   215   247 0.78 -
augustus_predicted_5240 -           1581 779909at2759         -            227   2.3e-38  131.0  16.4   2   9   3.8e-07   3.7e-05   22.3   0.3    47   101   233   286   231   290 0.83 -
augustus_predicted_5240 -           1581 779909at2759         -            227   2.3e-38  131.0  16.4   3   9   2.2e-05    0.0021   16.6   0.0    61    97   288   324   283   330 0.91 -
augustus_predicted_5240 -           1581 779909at2759         -            227   2.3e-38  131.0  16.4   4   9   1.6e-06   0.00016   20.3   0.0    61   103   330   372   326   374 0.93 -
augustus_predicted_5240 -           1581 779909at2759         -            227   2.3e-38  131.0  16.4   5   9   0.00012     0.011   14.2   0.0    62    97   373   408   370   413 0.90 -
augustus_predicted_5240 -           1581 779909at2759         -            227   2.3e-38  131.0  16.4   6   9   2.7e-06   0.00027   19.5   0.1    61   101   414   454   408   457 0.92 -
augustus_predicted_5240 -           1581 779909at2759         -            227   2.3e-38  131.0  16.4   7   9   7.8e-06   0.00076   18.1   0.1    61    99   456   494   452   499 0.89 -
augustus_predicted_5240 -           1581 779909at2759         -            227   2.3e-38  131.0  16.4   8   9   0.00011      0.01   14.3   0.0    61    94   498   531   494   535 0.92 -
augustus_predicted_5240 -           1581 779909at2759         -            227   2.3e-38  131.0  16.4   9   9    0.0021       0.2   10.1   0.0    71   100   534   563   531   585 0.86 -
augustus_predicted_2291 -           1161 779909at2759         -            227   3.7e-31  107.4   8.9   1   8   6.9e-05    0.0068   14.9   0.0    59   101   463   505   455   513 0.86 -
augustus_predicted_2291 -           1161 779909at2759         -            227   3.7e-31  107.4   8.9   2   8     0.019       1.8    7.0   0.0    55    98   510   553   504   567 0.86 -
augustus_predicted_2291 -           1161 779909at2759         -            227   3.7e-31  107.4   8.9   3   8   1.6e-05    0.0015   17.0   0.0    46   101   605   659   586   673 0.79 -
augustus_predicted_2291 -           1161 779909at2759         -            227   3.7e-31  107.4   8.9   4   8   1.7e-07   1.7e-05   23.5   0.0     3    97   639   736   638   746 0.84 -
augustus_predicted_2291 -           1161 779909at2759         -            227   3.7e-31  107.4   8.9   5   8   1.2e-07   1.2e-05   24.0   0.0    10   120   687   801   680   803 0.79 -
augustus_predicted_2291 -           1161 779909at2759         -            227   3.7e-31  107.4   8.9   6   8   1.8e-07   1.8e-05   23.4   0.1     2    99   801   902   800   920 0.84 -
augustus_predicted_2291 -           1161 779909at2759         -            227   3.7e-31  107.4   8.9   7   8     0.032       3.1    6.2   0.0    66    97   933   964   912   982 0.78 -
augustus_predicted_2291 -           1161 779909at2759         -            227   3.7e-31  107.4   8.9   8   8   0.00066     0.065   11.7   0.1    67   211   991  1021   977  1029 0.61 -
augustus_predicted_6609 -           1821 779909at2759         -            227     3e-30  104.4   4.0   1   6   1.1e-06   0.00011   20.8   0.0    59   100   268   309   258   313 0.83 -
augustus_predicted_6609 -           1821 779909at2759         -            227     3e-30  104.4   4.0   2   6    0.0023      0.23   10.0   0.0    60    99   311   349   304   354 0.83 -
augustus_predicted_6609 -           1821 779909at2759         -            227     3e-30  104.4   4.0   3   6   2.6e-05    0.0025   16.3   0.0    61    99   353   391   347   396 0.89 -
augustus_predicted_6609 -           1821 779909at2759         -            227     3e-30  104.4   4.0   4   6   2.7e-05    0.0027   16.3   0.0    61    99   395   433   390   438 0.89 -
augustus_predicted_6609 -           1821 779909at2759         -            227     3e-30  104.4   4.0   5   6   2.1e-05    0.0021   16.6   0.0    61    96   437   472   430   478 0.91 -
augustus_predicted_6609 -           1821 779909at2759         -            227     3e-30  104.4   4.0   6   6   4.6e-07   4.5e-05   22.1   0.0    60   101   478   519   472   535 0.90 -
augustus_predicted_4784 -            535 779909at2759         -            227   2.2e-29  101.6   0.3   1   6   1.6e-08   1.6e-06   26.8   0.0    28   103   229   314   221   316 0.79 -
augustus_predicted_4784 -            535 779909at2759         -            227   2.2e-29  101.6   0.3   2   6   2.7e-05    0.0027   16.3   0.0    62    96   315   349   311   357 0.91 -
augustus_predicted_4784 -            535 779909at2759         -            227   2.2e-29  101.6   0.3   3   6    0.0011      0.11   11.0   0.0    64    97   358   391   350   396 0.88 -
augustus_predicted_4784 -            535 779909at2759         -            227   2.2e-29  101.6   0.3   4   6    0.0001      0.01   14.4   0.0    61    96   400   435   394   438 0.92 -
augustus_predicted_4784 -            535 779909at2759         -            227   2.2e-29  101.6   0.3   5   6   0.00014     0.014   13.9   0.0    60    96   452   488   443   493 0.91 -
augustus_predicted_4784 -            535 779909at2759         -            227   2.2e-29  101.6   0.3   6   6   0.00085     0.083   11.4   0.0    57    95   491   529   488   533 0.90 -
augustus_predicted_5081 -            801 779909at2759         -            227   2.1e-25   88.6   5.0   1   4   4.4e-06   0.00043   18.9   0.0    54    97   495   539   486   543 0.83 -
augustus_predicted_5081 -            801 779909at2759         -            227   2.1e-25   88.6   5.0   2   4   6.2e-05     0.006   15.1   0.0    60    98   544   582   538   590 0.89 -
augustus_predicted_5081 -            801 779909at2759         -            227   2.1e-25   88.6   5.0   3   4   1.1e-14   1.1e-12   47.0   1.4     2    97   564   665   563   672 0.88 -
augustus_predicted_5081 -            801 779909at2759         -            227   2.1e-25   88.6   5.0   4   4   8.2e-07     8e-05   21.2   0.0    61    98   671   708   666   720 0.90 -
augustus_predicted_1166 -           1293 779909at2759         -            227   2.8e-25   88.2   6.6   1   7    0.0032      0.32    9.5   0.0    49    96   906   954   898   957 0.87 -
augustus_predicted_1166 -           1293 779909at2759         -            227   2.8e-25   88.2   6.6   2   7   7.6e-06   0.00074   18.1   0.0    57    97   957   997   954  1003 0.93 -
augustus_predicted_1166 -           1293 779909at2759         -            227   2.8e-25   88.2   6.6   3   7     0.011       1.1    7.8   0.0   152   189  1015  1052  1000  1062 0.79 -
augustus_predicted_1166 -           1293 779909at2759         -            227   2.8e-25   88.2   6.6   4   7   0.00057     0.056   12.0   0.1     4    40  1072  1109  1069  1115 0.88 -
augustus_predicted_1166 -           1293 779909at2759         -            227   2.8e-25   88.2   6.6   5   7   2.9e-06   0.00028   19.5   0.0    46    96  1160  1210  1110  1216 0.69 -
augustus_predicted_1166 -           1293 779909at2759         -            227   2.8e-25   88.2   6.6   6   7   2.2e-09   2.2e-07   29.7   0.0     3    98  1152  1254  1152  1260 0.82 -
augustus_predicted_1166 -           1293 779909at2759         -            227   2.8e-25   88.2   6.6   7   7      0.11        11    4.4   0.0    64    93  1262  1291  1257  1293 0.93 -
augustus_predicted_4386 -            444 779909at2759         -            227   3.4e-22   78.1   1.0   1   4   2.1e-06   0.00021   19.9   0.0    56    99   104   147    99   155 0.87 -
augustus_predicted_4386 -            444 779909at2759         -            227   3.4e-22   78.1   1.0   2   4   7.7e-10   7.6e-08   31.1   0.1     2   105   172   284   171   295 0.80 -
augustus_predicted_4386 -            444 779909at2759         -            227   3.4e-22   78.1   1.0   3   4     0.016       1.6    7.2   0.0    77   108   319   350   317   352 0.74 -
augustus_predicted_4386 -            444 779909at2759         -            227   3.4e-22   78.1   1.0   4   4     5e-05    0.0049   15.4   0.0    60    96   343   379   339   388 0.90 -
augustus_predicted_1438 -            454 779909at2759         -            227   4.6e-19   67.8   1.2   1   4   0.00048     0.047   12.2   0.1    58   108   159   210   133   285 0.55 -
augustus_predicted_1438 -            454 779909at2759         -            227   4.6e-19   67.8   1.2   2   4   6.4e-09   6.2e-07   28.1   0.1     3    97   269   370   267   376 0.86 -
augustus_predicted_1438 -            454 779909at2759         -            227   4.6e-19   67.8   1.2   3   4   1.1e-12   1.1e-10   40.5   0.0     2   110   311   428   311   437 0.84 -
augustus_predicted_1438 -            454 779909at2759         -            227   4.6e-19   67.8   1.2   4   4     0.088       8.6    4.8   0.0    59    94   418   453   414   454 0.91 -
augustus_predicted_355  -            452 779909at2759         -            227   5.2e-19   67.6   0.1   1   4   0.00096     0.094   11.2   0.0    62    99   139   176   131   184 0.86 -
augustus_predicted_355  -            452 779909at2759         -            227   5.2e-19   67.6   0.1   2   4   2.9e-11   2.8e-09   35.8   0.0     4    99   159   260   157   273 0.87 -
augustus_predicted_355  -            452 779909at2759         -            227   5.2e-19   67.6   0.1   3   4   2.5e-06   0.00025   19.6   0.0     3    97   284   382   282   394 0.87 -
augustus_predicted_355  -            452 779909at2759         -            227   5.2e-19   67.6   0.1   4   4     0.086       8.5    4.8   0.0    68    95   403   430   388   440 0.79 -
augustus_predicted_4228 -            678 779909at2759         -            227   5.6e-19   67.6   6.6   1   4       5.2   5.1e+02   -1.0   0.0   210   227   342   359   320   359 0.89 -
augustus_predicted_4228 -            678 779909at2759         -            227   5.6e-19   67.6   6.6   2   4   8.8e-10   8.6e-08   31.0   0.1     2    96   361   457   360   461 0.83 -
augustus_predicted_4228 -            678 779909at2759         -            227   5.6e-19   67.6   6.6   3   4   1.8e-09   1.7e-07   30.0   1.0     3    99   402   501   400   518 0.76 -
augustus_predicted_4228 -            678 779909at2759         -            227   5.6e-19   67.6   6.6   4   4   1.7e-05    0.0016   17.0   0.2     3    96   582   677   580   678 0.73 -
augustus_predicted_3662 -            522 779909at2759         -            227   8.9e-19   66.9   2.9   1   6     0.006      0.59    8.6   0.0    62    95   172   205   163   208 0.87 -
augustus_predicted_3662 -            522 779909at2759         -            227   8.9e-19   66.9   2.9   2   6   3.7e-12   3.6e-10   38.7   0.1     2   102   190   297   189   305 0.91 -
augustus_predicted_3662 -            522 779909at2759         -            227   8.9e-19   66.9   2.9   3   6     0.028       2.7    6.4   0.0    69   107   306   344   297   349 0.70 -
augustus_predicted_3662 -            522 779909at2759         -            227   8.9e-19   66.9   2.9   4   6     0.004      0.39    9.2   0.0    47    95   327   375   325   396 0.80 -
augustus_predicted_3662 -            522 779909at2759         -            227   8.9e-19   66.9   2.9   5   6      0.45        44    2.5   0.0    80   102   414   436   409   453 0.79 -
augustus_predicted_3662 -            522 779909at2759         -            227   8.9e-19   66.9   2.9   6   6     0.014       1.3    7.4   0.2    61    94   437   472   423   476 0.69 -
augustus_predicted_6895 -           1211 779909at2759         -            227   1.8e-18   65.9   0.0   1   6     0.011       1.1    7.7   0.0    53    98     2    47     1    52 0.93 -
augustus_predicted_6895 -           1211 779909at2759         -            227   1.8e-18   65.9   0.0   2   6    0.0069      0.67    8.4   0.0    61    97    52    88    47    92 0.91 -
augustus_predicted_6895 -           1211 779909at2759         -            227   1.8e-18   65.9   0.0   3   6   4.1e-06    0.0004   18.9   0.0    59   109    92   142    87   150 0.86 -
augustus_predicted_6895 -           1211 779909at2759         -            227   1.8e-18   65.9   0.0   4   6    0.0087      0.85    8.1   0.0    56    96   131   171   129   182 0.91 -
augustus_predicted_6895 -           1211 779909at2759         -            227   1.8e-18   65.9   0.0   5   6   0.00019     0.019   13.5   0.0     3    97   156   246   154   254 0.70 -
augustus_predicted_6895 -           1211 779909at2759         -            227   1.8e-18   65.9   0.0   6   6    0.0035      0.34    9.4   0.0    59   100   252   294   246   310 0.85 -
augustus_predicted_1221 -            963 779909at2759         -            227   5.4e-18   64.3   9.2   1   7   1.4e-05    0.0014   17.2   0.1    46    97    96   146    52   162 0.86 -
augustus_predicted_1221 -            963 779909at2759         -            227   5.4e-18   64.3   9.2   2   7      0.01      0.98    7.9   0.0    71   103   175   207   145   230 0.71 -
augustus_predicted_1221 -            963 779909at2759         -            227   5.4e-18   64.3   9.2   3   7     0.035       3.4    6.1   0.0    45    95   192   242   185   254 0.71 -
augustus_predicted_1221 -            963 779909at2759         -            227   5.4e-18   64.3   9.2   4   7       2.3   2.3e+02    0.1   0.0    68    98   276   306   268   318 0.84 -
augustus_predicted_1221 -            963 779909at2759         -            227   5.4e-18   64.3   9.2   5   7     0.027       2.6    6.5   0.0    51    98   410   456   406   462 0.84 -
augustus_predicted_1221 -            963 779909at2759         -            227   5.4e-18   64.3   9.2   6   7   3.6e-05    0.0035   15.9   0.1    48   180   489   633   484   639 0.71 -
augustus_predicted_1221 -            963 779909at2759         -            227   5.4e-18   64.3   9.2   7   7   7.7e-05    0.0075   14.8   1.2     2    95   619   723   618   729 0.72 -
augustus_predicted_6442 -            359 779909at2759         -            227   1.3e-17   63.1   2.6   1   6   0.00088     0.086   11.3   0.0    56    98    56    98    51   113 0.87 -
augustus_predicted_6442 -            359 779909at2759         -            227   1.3e-17   63.1   2.6   2   6     0.011       1.1    7.7   0.1   186   221   113   155   104   161 0.63 -
augustus_predicted_6442 -            359 779909at2759         -            227   1.3e-17   63.1   2.6   3   6   0.00021     0.021   13.3   0.0    50    98   136   184   134   190 0.83 -
augustus_predicted_6442 -            359 779909at2759         -            227   1.3e-17   63.1   2.6   4   6   0.00029     0.029   12.9   0.0    61   100   188   227   183   232 0.86 -
augustus_predicted_6442 -            359 779909at2759         -            227   1.3e-17   63.1   2.6   5   6    0.0049      0.48    8.9   0.0    58    97   227   266   224   276 0.88 -
augustus_predicted_6442 -            359 779909at2759         -            227   1.3e-17   63.1   2.6   6   6     0.006      0.59    8.6   0.0    64   100   283   319   275   349 0.79 -
augustus_predicted_1758 -            506 779909at2759         -            227   1.6e-17   62.8   0.3   1   4   6.5e-06   0.00064   18.3   0.0    55    98   266   309   257   314 0.90 -
augustus_predicted_1758 -            506 779909at2759         -            227   1.6e-17   62.8   0.3   2   4   7.8e-06   0.00076   18.0   0.0    62    98   315   351   307   356 0.89 -
augustus_predicted_1758 -            506 779909at2759         -            227   1.6e-17   62.8   0.3   3   4    0.0033      0.32    9.5   0.0    58    98   353   393   350   404 0.92 -
augustus_predicted_1758 -            506 779909at2759         -            227   1.6e-17   62.8   0.3   4   4   0.00037     0.036   12.6   0.1    59    94   469   504   457   506 0.89 -
augustus_predicted_5872 -            977 779909at2759         -            227   2.6e-17   62.1   3.1   1   8   0.00029     0.028   12.9   0.0    56   101   101   146    56   152 0.83 -
augustus_predicted_5872 -            977 779909at2759         -            227   2.6e-17   62.1   3.1   2   8   7.7e-06   0.00076   18.1   0.1    46   104   217   274   209   308 0.87 -
augustus_predicted_5872 -            977 779909at2759         -            227   2.6e-17   62.1   3.1   3   8    0.0021      0.21   10.1   0.0    59    96   425   462   422   481 0.80 -
augustus_predicted_5872 -            977 779909at2759         -            227   2.6e-17   62.1   3.1   4   8       6.4   6.3e+02   -1.3   0.0    81    94   509   522   505   526 0.58 -
augustus_predicted_5872 -            977 779909at2759         -            227   2.6e-17   62.1   3.1   5   8     0.028       2.7    6.4   0.0    56   102   537   583   532   596 0.83 -
augustus_predicted_5872 -            977 779909at2759         -            227   2.6e-17   62.1   3.1   6   8      0.47        46    2.4   0.0   167   183   618   634   610   651 0.65 -
augustus_predicted_5872 -            977 779909at2759         -            227   2.6e-17   62.1   3.1   7   8       3.4   3.3e+02   -0.4   0.0     3    25   685   707   681   725 0.67 -
augustus_predicted_5872 -            977 779909at2759         -            227   2.6e-17   62.1   3.1   8   8      0.76        75    1.7   0.1    81   116   743   778   719   785 0.67 -
augustus_predicted_3190 -            885 779909at2759         -            227   5.2e-17   61.1   0.3   1   5    0.0021      0.21   10.1   0.0    63    95   173   205   167   209 0.82 -
augustus_predicted_3190 -            885 779909at2759         -            227   5.2e-17   61.1   0.3   2   5       2.2   2.2e+02    0.2   0.0    61    95   215   249   211   254 0.79 -
augustus_predicted_3190 -            885 779909at2759         -            227   5.2e-17   61.1   0.3   3   5      0.19        18    3.7   0.0    61    97   315   352   301   356 0.77 -
augustus_predicted_3190 -            885 779909at2759         -            227   5.2e-17   61.1   0.3   4   5   4.5e-10   4.4e-08   31.9   0.0    15    98   350   437   350   465 0.78 -
augustus_predicted_3190 -            885 779909at2759         -            227   5.2e-17   61.1   0.3   5   5      0.24        23    3.4   0.0    58    96   483   522   470   530 0.74 -
augustus_predicted_4366 -           1154 779909at2759         -            227   4.3e-16   58.1   0.6   1   4     0.066       6.5    5.2   0.0    45    97   273   321   238   334 0.57 -
augustus_predicted_4366 -           1154 779909at2759         -            227   4.3e-16   58.1   0.6   2   4   9.1e-06   0.00089   17.8   0.2     2    94   304   399   303   400 0.85 -
augustus_predicted_4366 -           1154 779909at2759         -            227   4.3e-16   58.1   0.6   3   4     0.051         5    5.6   0.0     2    35   385   419   384   427 0.78 -
augustus_predicted_4366 -           1154 779909at2759         -            227   4.3e-16   58.1   0.6   4   4   2.1e-10     2e-08   33.0   0.0     3    99   426   524   424   563 0.87 -
augustus_predicted_3440 -            316 779909at2759         -            227   1.2e-15   56.6   5.0   1   5       0.4        39    2.7   0.0    62    95    11    45     4    50 0.80 -
augustus_predicted_3440 -            316 779909at2759         -            227   1.2e-15   56.6   5.0   2   5    0.0076      0.75    8.3   0.4   185   210    66    93    58    96 0.82 -
augustus_predicted_3440 -            316 779909at2759         -            227   1.2e-15   56.6   5.0   3   5   5.9e-07   5.8e-05   21.7   0.1    47    95    87   134    85   143 0.90 -
augustus_predicted_3440 -            316 779909at2759         -            227   1.2e-15   56.6   5.0   4   5   2.3e-06   0.00023   19.8   0.0     2    97   164   263   163   276 0.77 -
augustus_predicted_3440 -            316 779909at2759         -            227   1.2e-15   56.6   5.0   5   5   0.00074     0.072   11.6   0.0     4    97   208   314   205   316 0.76 -
augustus_predicted_4596 -            853 779909at2759         -            227   2.7e-15   55.5   1.0   1   5      0.82        80    1.6   0.0    66   100    13    47     7    55 0.83 -
augustus_predicted_4596 -            853 779909at2759         -            227   2.7e-15   55.5   1.0   2   5     0.019       1.9    6.9   0.0    69   109    58    99    44   106 0.77 -
augustus_predicted_4596 -            853 779909at2759         -            227   2.7e-15   55.5   1.0   3   5   0.00011     0.011   14.3   0.0    47    96    79   127    78   133 0.90 -
augustus_predicted_4596 -            853 779909at2759         -            227   2.7e-15   55.5   1.0   4   5   1.2e-07   1.2e-05   24.0   0.3     3    99   112   219   110   222 0.77 -
augustus_predicted_4596 -            853 779909at2759         -            227   2.7e-15   55.5   1.0   5   5   6.4e-09   6.2e-07   28.1   0.0     3    98   156   260   155   269 0.81 -
augustus_predicted_5811 -           1271 779909at2759         -            227     7e-15   54.2   0.0   1   2   2.5e-08   2.5e-06   26.2   0.0    47   101   174   229   163   254 0.85 -
augustus_predicted_5811 -           1271 779909at2759         -            227     7e-15   54.2   0.0   2   2   4.8e-08   4.7e-06   25.3   0.0    46    96   269   319   260   324 0.94 -
augustus_predicted_5540 -           1198 779909at2759         -            227   3.4e-14   51.9   0.5   1   4      0.18        17    3.8   0.0    73    96   774   797   737   800 0.89 -
augustus_predicted_5540 -           1198 779909at2759         -            227   3.4e-14   51.9   0.5   2   4     2e-07   1.9e-05   23.3   0.0    47    98   897   949   878   954 0.87 -
augustus_predicted_5540 -           1198 779909at2759         -            227   3.4e-14   51.9   0.5   3   4    0.0013      0.13   10.7   0.0    62    98   958   994   952  1000 0.90 -
augustus_predicted_5540 -           1198 779909at2759         -            227   3.4e-14   51.9   0.5   4   4    0.0087      0.85    8.1   0.0    76   100  1056  1080  1041  1090 0.87 -
augustus_predicted_7051 -            900 779909at2759         -            227   3.6e-14   51.8   0.1   1   4    0.0083      0.81    8.2   0.0    57    96   314   351   308   364 0.84 -
augustus_predicted_7051 -            900 779909at2759         -            227   3.6e-14   51.8   0.1   2   4     0.027       2.6    6.5   0.0    73    97   418   440   396   447 0.76 -
augustus_predicted_7051 -            900 779909at2759         -            227   3.6e-14   51.8   0.1   3   4   1.3e-06   0.00012   20.6   0.0    49   100   435   484   428   496 0.90 -
augustus_predicted_7051 -            900 779909at2759         -            227   3.6e-14   51.8   0.1   4   4   1.1e-05    0.0011   17.6   0.0     3    97   505   605   503   610 0.83 -
augustus_predicted_3372 -            450 779909at2759         -            227   9.9e-14   50.4   1.1   1   5      0.17        17    3.9   0.0    81    98    85   102    45   119 0.80 -
augustus_predicted_3372 -            450 779909at2759         -            227   9.9e-14   50.4   1.1   2   5   0.00042     0.041   12.4   0.0     3   105   126   241   124   252 0.72 -
augustus_predicted_3372 -            450 779909at2759         -            227   9.9e-14   50.4   1.1   3   5   1.2e-05    0.0012   17.4   0.2    47    96   267   316   251   325 0.80 -
augustus_predicted_3372 -            450 779909at2759         -            227   9.9e-14   50.4   1.1   4   5     6e-07   5.9e-05   21.7   0.0     3    43   301   343   299   344 0.89 -
augustus_predicted_3372 -            450 779909at2759         -            227   9.9e-14   50.4   1.1   5   5    0.0024      0.23    9.9   0.0    66   112   329   375   321   382 0.77 -
augustus_predicted_8627 -           1990 779909at2759         -            227   1.2e-13   50.1   1.8   1   5      0.71        70    1.8   0.0    59   100   130   171   119   189 0.83 -
augustus_predicted_8627 -           1990 779909at2759         -            227   1.2e-13   50.1   1.8   2   5     0.068       6.7    5.1   0.0    62   100   264   302   203   306 0.80 -
augustus_predicted_8627 -           1990 779909at2759         -            227   1.2e-13   50.1   1.8   3   5   1.1e-05    0.0011   17.6   0.2    57   102   303   348   292   369 0.81 -
augustus_predicted_8627 -           1990 779909at2759         -            227   1.2e-13   50.1   1.8   4   5     0.011       1.1    7.8   0.0    50    99   389   441   386   471 0.84 -
augustus_predicted_8627 -           1990 779909at2759         -            227   1.2e-13   50.1   1.8   5   5   0.00036     0.035   12.6   0.0     6    96   546   645   526   649 0.82 -
augustus_predicted_4417 -            594 779909at2759         -            227     2e-13   49.4   1.3   1   5      0.35        34    2.8   0.0    63   104    91   132    83   139 0.84 -
augustus_predicted_4417 -            594 779909at2759         -            227     2e-13   49.4   1.3   2   5    0.0014      0.14   10.6   0.1    61   102   135   176   126   183 0.88 -
augustus_predicted_4417 -            594 779909at2759         -            227     2e-13   49.4   1.3   3   5     0.022       2.2    6.7   0.0    63   106   179   222   169   228 0.82 -
augustus_predicted_4417 -            594 779909at2759         -            227     2e-13   49.4   1.3   4   5     1e-07     1e-05   24.2   0.0     2    90   238   334   237   340 0.80 -
augustus_predicted_4417 -            594 779909at2759         -            227     2e-13   49.4   1.3   5   5       2.3   2.2e+02    0.2   0.0    72    94   385   407   372   417 0.64 -
augustus_predicted_5146 -            608 779909at2759         -            227   2.4e-13   49.1   1.6   1   4     0.023       2.2    6.7   0.0     3    36   294   328   292   332 0.74 -
augustus_predicted_5146 -            608 779909at2759         -            227   2.4e-13   49.1   1.6   2   4     5e-07   4.9e-05   22.0   0.1     2    96   333   417   332   434 0.84 -
augustus_predicted_5146 -            608 779909at2759         -            227   2.4e-13   49.1   1.6   3   4     0.049       4.8    5.6   0.0    81   102   467   488   459   497 0.82 -
augustus_predicted_5146 -            608 779909at2759         -            227   2.4e-13   49.1   1.6   4   4   5.2e-05    0.0051   15.4   0.0    46   103   475   529   471   549 0.83 -
augustus_predicted_1233 -            746 779909at2759         -            227   3.9e-13   48.4   6.0   1   6       7.2     7e+02   -1.5   0.0    61    95   388   422   382   429 0.68 -
augustus_predicted_1233 -            746 779909at2759         -            227   3.9e-13   48.4   6.0   2   6      0.12        11    4.4   0.1    77    95   470   488   462   495 0.77 -
augustus_predicted_1233 -            746 779909at2759         -            227   3.9e-13   48.4   6.0   3   6    0.0075      0.73    8.3   0.1    47    95   483   530   482   540 0.84 -
augustus_predicted_1233 -            746 779909at2759         -            227   3.9e-13   48.4   6.0   4   6   3.4e-05    0.0034   15.9   0.1    62    97   539   574   530   579 0.89 -
augustus_predicted_1233 -            746 779909at2759         -            227   3.9e-13   48.4   6.0   5   6    0.0016      0.16   10.5   0.0    57    95   576   614   572   619 0.93 -
augustus_predicted_1233 -            746 779909at2759         -            227   3.9e-13   48.4   6.0   6   6    0.0031      0.31    9.5   0.1    68    95   630   657   619   662 0.87 -
augustus_predicted_6922 -            336 779909at2759         -            227     2e-12   46.1   0.0   1   4      0.11        10    4.5   0.0    62    93     6    37     2    42 0.90 -
augustus_predicted_6922 -            336 779909at2759         -            227     2e-12   46.1   0.0   2   4   9.8e-09   9.5e-07   27.5   0.0     1    97    65   179    65   190 0.76 -
augustus_predicted_6922 -            336 779909at2759         -            227     2e-12   46.1   0.0   3   4     0.034       3.3    6.1   0.0    59   101   185   227   173   249 0.74 -
augustus_predicted_6922 -            336 779909at2759         -            227     2e-12   46.1   0.0   4   4       1.1     1e+02    1.2   0.0    61    94   284   317   269   322 0.82 -
augustus_predicted_1452 -            959 779909at2759         -            227   1.1e-11   43.8   0.0   1   4   0.00017     0.017   13.6   0.0    65    99   304   338   297   347 0.80 -
augustus_predicted_1452 -            959 779909at2759         -            227   1.1e-11   43.8   0.0   2   4    0.0073      0.71    8.3   0.0    56   107   363   413   361   420 0.81 -
augustus_predicted_1452 -            959 779909at2759         -            227   1.1e-11   43.8   0.0   3   4   5.1e-05     0.005   15.4   0.0     3    95   387   484   385   489 0.78 -
augustus_predicted_1452 -            959 779909at2759         -            227   1.1e-11   43.8   0.0   4   4     0.004      0.39    9.2   0.0    46    95   535   585   519   622 0.82 -
augustus_predicted_7863 -            859 779909at2759         -            227   2.2e-11   42.7   3.4   1   3   1.9e-06   0.00019   20.0   0.2    56   181   322   445   317   449 0.79 -
augustus_predicted_7863 -            859 779909at2759         -            227   2.2e-11   42.7   3.4   2   3   3.1e-05     0.003   16.1   0.1    22   107   500   586   486   595 0.75 -
augustus_predicted_7863 -            859 779909at2759         -            227   2.2e-11   42.7   3.4   3   3       4.4   4.3e+02   -0.8   0.0     3    19   671   687   669   706 0.78 -
augustus_predicted_733  -            618 779909at2759         -            227   3.8e-11   41.9   0.8   1   3       1.7   1.6e+02    0.6   0.0    68    96   347   375   322   394 0.74 -
augustus_predicted_733  -            618 779909at2759         -            227   3.8e-11   41.9   0.8   2   3   4.8e-07   4.7e-05   22.0   0.0    12    99   369   461   366   474 0.78 -
augustus_predicted_733  -            618 779909at2759         -            227   3.8e-11   41.9   0.8   3   3   4.6e-05    0.0045   15.5   0.1     3    94   487   587   485   591 0.78 -
augustus_predicted_7939 -            915 779909at2759         -            227   4.3e-11   41.7   4.7   1   6      0.35        34    2.8   0.0    69    98   534   561   520   572 0.72 -
augustus_predicted_7939 -            915 779909at2759         -            227   4.3e-11   41.7   4.7   2   6    0.0013      0.13   10.7   0.1    47   104   553   607   551   618 0.74 -
augustus_predicted_7939 -            915 779909at2759         -            227   4.3e-11   41.7   4.7   3   6     0.017       1.7    7.1   0.0     3    21   700   718   698   722 0.89 -
augustus_predicted_7939 -            915 779909at2759         -            227   4.3e-11   41.7   4.7   4   6    0.0037      0.36    9.3   0.1    46   100   708   761   707   769 0.89 -
augustus_predicted_7939 -            915 779909at2759         -            227   4.3e-11   41.7   4.7   5   6     0.014       1.3    7.4   0.0     3    26   782   805   780   813 0.89 -
augustus_predicted_7939 -            915 779909at2759         -            227   4.3e-11   41.7   4.7   6   6      0.39        38    2.7   0.0     6    23   824   841   820   866 0.66 -
augustus_predicted_6954 -            554 779909at2759         -            227   4.6e-11   41.7   0.5   1   3    0.0017      0.16   10.4   0.1    50   109   272   333   260   343 0.77 -
augustus_predicted_6954 -            554 779909at2759         -            227   4.6e-11   41.7   0.5   2   3    0.0074      0.72    8.3   0.0    51   113   357   430   351   437 0.74 -
augustus_predicted_6954 -            554 779909at2759         -            227   4.6e-11   41.7   0.5   3   3   1.8e-06   0.00018   20.1   0.1     6    95   435   531   428   535 0.84 -
augustus_predicted_7622 -            595 779909at2759         -            227   5.2e-11   41.5   1.3   1   5   0.00047     0.046   12.2   0.0    56    96   291   332   284   336 0.86 -
augustus_predicted_7622 -            595 779909at2759         -            227   5.2e-11   41.5   1.3   2   5   1.8e-05    0.0018   16.9   0.0    52    97   331   376   330   385 0.90 -
augustus_predicted_7622 -            595 779909at2759         -            227   5.2e-11   41.5   1.3   3   5   1.2e-06   0.00012   20.7   0.1     3    95   360   460   358   472 0.78 -
augustus_predicted_7622 -            595 779909at2759         -            227   5.2e-11   41.5   1.3   4   5       3.1     3e+02   -0.3   0.0    73    99   528   554   498   565 0.72 -
augustus_predicted_7622 -            595 779909at2759         -            227   5.2e-11   41.5   1.3   5   5       1.4   1.4e+02    0.8   0.1    80    93   581   594   519   595 0.58 -
augustus_predicted_1407 -           1543 779909at2759         -            227   1.7e-10   39.8   1.4   1   5      0.88        86    1.5   0.0    65    96    25    56    17    69 0.85 -
augustus_predicted_1407 -           1543 779909at2759         -            227   1.7e-10   39.8   1.4   2   5     0.013       1.2    7.5   0.2   180   208    81   111    73   120 0.75 -
augustus_predicted_1407 -           1543 779909at2759         -            227   1.7e-10   39.8   1.4   3   5      0.55        54    2.2   0.0    76    96   138   158   107   166 0.74 -
augustus_predicted_1407 -           1543 779909at2759         -            227   1.7e-10   39.8   1.4   4   5   7.4e-06   0.00072   18.1   0.1    47   108   198   259   185   278 0.84 -
augustus_predicted_1407 -           1543 779909at2759         -            227   1.7e-10   39.8   1.4   5   5      0.15        15    4.0   0.0   101   131   432   462   424   479 0.83 -
augustus_predicted_4790 -            816 779909at2759         -            227   2.2e-10   39.4   4.6   1   7      0.15        14    4.1   0.0    62    94    54    90    35    97 0.71 -
augustus_predicted_4790 -            816 779909at2759         -            227   2.2e-10   39.4   4.6   2   7     0.019       1.8    7.0   0.1    60    95   103   138    95   145 0.87 -
augustus_predicted_4790 -            816 779909at2759         -            227   2.2e-10   39.4   4.6   3   7      0.59        58    2.1   0.0     2    21   232   251   205   260 0.83 -
augustus_predicted_4790 -            816 779909at2759         -            227   2.2e-10   39.4   4.6   4   7       0.8        78    1.7   0.1   166   181   315   330   292   340 0.79 -
augustus_predicted_4790 -            816 779909at2759         -            227   2.2e-10   39.4   4.6   5   7         2   1.9e+02    0.4   0.0    59    92   398   431   388   435 0.84 -
augustus_predicted_4790 -            816 779909at2759         -            227   2.2e-10   39.4   4.6   6   7   0.00075     0.074   11.6   0.0    44    94   599   649   576   676 0.81 -
augustus_predicted_4790 -            816 779909at2759         -            227   2.2e-10   39.4   4.6   7   7     0.075       7.3    5.0   0.0     2    37   687   724   686   733 0.77 -
augustus_predicted_742  -            355 779909at2759         -            227   4.2e-10   38.5   0.0   1   3   5.1e-07     5e-05   21.9   0.0    47   114    38   108    30   116 0.83 -
augustus_predicted_742  -            355 779909at2759         -            227   4.2e-10   38.5   0.0   2   3    0.0094      0.92    8.0   0.0    54    97   135   180   110   219 0.78 -
augustus_predicted_742  -            355 779909at2759         -            227   4.2e-10   38.5   0.0   3   3     0.077       7.5    5.0   0.0    69    94   300   325   291   333 0.87 -
augustus_predicted_1456 -            364 779909at2759         -            227   8.2e-10   37.6   0.0   1   4   1.4e-05    0.0014   17.2   0.0    56   102    32    78     6    90 0.78 -
augustus_predicted_1456 -            364 779909at2759         -            227   8.2e-10   37.6   0.0   2   4    0.0012      0.12   10.8   0.0    46    97   109   159    88   200 0.88 -
augustus_predicted_1456 -            364 779909at2759         -            227   8.2e-10   37.6   0.0   3   4       4.6   4.5e+02   -0.8   0.0   188   201   230   243   220   262 0.69 -
augustus_predicted_1456 -            364 779909at2759         -            227   8.2e-10   37.6   0.0   4   4      0.13        12    4.3   0.0    73   106   288   322   284   336 0.80 -
augustus_predicted_5862 -            485 779909at2759         -            227   1.2e-09   37.1   0.2   1   4      0.44        43    2.5   0.0    82   100   142   160   136   178 0.64 -
augustus_predicted_5862 -            485 779909at2759         -            227   1.2e-09   37.1   0.2   2   4      0.68        66    1.9   0.0     3    19   186   202   184   206 0.84 -
augustus_predicted_5862 -            485 779909at2759         -            227   1.2e-09   37.1   0.2   3   4      0.15        15    4.0   0.0    58    98   213   253   207   259 0.85 -
augustus_predicted_5862 -            485 779909at2759         -            227   1.2e-09   37.1   0.2   4   4   2.6e-07   2.5e-05   22.9   0.0     5    99   313   416   309   420 0.85 -
augustus_predicted_181  -            445 779909at2759         -            227   1.3e-09   36.9   4.2   1   5      0.31        30    3.0   0.0   167   181    41    55    37    60 0.85 -
augustus_predicted_181  -            445 779909at2759         -            227   1.3e-09   36.9   4.2   2   5   0.00097     0.095   11.2   0.3     2    94    86   173    85   181 0.78 -
augustus_predicted_181  -            445 779909at2759         -            227   1.3e-09   36.9   4.2   3   5    0.0014      0.14   10.7   0.0    55    94   181   220   174   235 0.88 -
augustus_predicted_181  -            445 779909at2759         -            227   1.3e-09   36.9   4.2   4   5     0.076       7.4    5.0   0.0   164   182   274   292   258   295 0.86 -
augustus_predicted_181  -            445 779909at2759         -            227   1.3e-09   36.9   4.2   5   5       1.1   1.1e+02    1.2   0.0    80    94   428   442   423   445 0.57 -
augustus_predicted_5688 -            541 779909at2759         -            227   1.9e-09   36.4   0.0   1   2    0.0013      0.12   10.8   0.0    46   109   119   183    70   194 0.75 -
augustus_predicted_5688 -            541 779909at2759         -            227   1.9e-09   36.4   0.0   2   2     2e-07     2e-05   23.2   0.0     3    99   200   301   198   312 0.81 -
augustus_predicted_3932 -            364 779909at2759         -            227   2.8e-09   35.8   0.0   1   3    0.0019      0.18   10.3   0.0    67    97    37    67    23    72 0.86 -
augustus_predicted_3932 -            364 779909at2759         -            227   2.8e-09   35.8   0.0   2   3   0.00018     0.017   13.6   0.0    59   120    73   136    67   144 0.73 -
augustus_predicted_3932 -            364 779909at2759         -            227   2.8e-09   35.8   0.0   3   3     0.013       1.3    7.5   0.0    59    98   224   263   211   277 0.81 -
augustus_predicted_283  -            977 779909at2759         -            227   3.6e-09   35.5   0.6   1   5    0.0025      0.24    9.9   0.0    63    99     2    38     1    45 0.90 -
augustus_predicted_283  -            977 779909at2759         -            227   3.6e-09   35.5   0.6   2   5       0.2        20    3.6   0.0    59    94    59    94    53    99 0.88 -
augustus_predicted_283  -            977 779909at2759         -            227   3.6e-09   35.5   0.6   3   5   0.00031      0.03   12.8   0.0    61   113   103   154    97   164 0.79 -
augustus_predicted_283  -            977 779909at2759         -            227   3.6e-09   35.5   0.6   4   5       1.2   1.2e+02    1.1   0.0    52    90   238   277   233   283 0.86 -
augustus_predicted_283  -            977 779909at2759         -            227   3.6e-09   35.5   0.6   5   5       2.2   2.1e+02    0.2   0.2   115   127   682   694   632   707 0.50 -
augustus_predicted_5178 -            475 779909at2759         -            227   6.3e-09   34.7   0.1   1   3     0.029       2.8    6.4   0.0    29   100   241   313   215   320 0.74 -
augustus_predicted_5178 -            475 779909at2759         -            227   6.3e-09   34.7   0.1   2   3   2.4e-05    0.0023   16.5   0.0    49   100   305   354   302   358 0.82 -
augustus_predicted_5178 -            475 779909at2759         -            227   6.3e-09   34.7   0.1   3   3   0.00078     0.077   11.5   0.0    64   110   359   406   353   420 0.77 -
augustus_predicted_7659 -            474 779909at2759         -            227   9.9e-09   34.0   0.0   1   4    0.0018      0.17   10.3   0.0    62    98    59    94    47   114 0.79 -
augustus_predicted_7659 -            474 779909at2759         -            227   9.9e-09   34.0   0.0   2   4       8.2     8e+02   -1.7   0.0    64    96   116   151   100   160 0.65 -
augustus_predicted_7659 -            474 779909at2759         -            227   9.9e-09   34.0   0.0   3   4      0.16        15    4.0   0.0    47   104   191   248   184   256 0.81 -
augustus_predicted_7659 -            474 779909at2759         -            227   9.9e-09   34.0   0.0   4   4   7.6e-05    0.0075   14.8   0.0    63   103   280   320   269   332 0.81 -
augustus_predicted_8867 -            785 779909at2759         -            227   1.7e-08   33.3   0.0   1   3    0.0046      0.45    9.0   0.0    61    99     9    46     3    56 0.89 -
augustus_predicted_8867 -            785 779909at2759         -            227   1.7e-08   33.3   0.0   2   3    0.0036      0.35    9.3   0.1    54   106    97   148    94   166 0.81 -
augustus_predicted_8867 -            785 779909at2759         -            227   1.7e-08   33.3   0.0   3   3    0.0019      0.18   10.3   0.0     3   100   165   268   163   292 0.71 -
augustus_predicted_7569 -           1229 779909at2759         -            227   3.1e-08   32.4   0.1   1   3      0.69        68    1.9   0.0    69    93    17    41    10    47 0.87 -
augustus_predicted_7569 -           1229 779909at2759         -            227   3.1e-08   32.4   0.1   2   3    0.0075      0.73    8.3   0.1     7    96    73   168    64   172 0.82 -
augustus_predicted_7569 -           1229 779909at2759         -            227   3.1e-08   32.4   0.1   3   3   9.9e-06   0.00097   17.7   0.0    47   113   213   279   176   289 0.83 -
augustus_predicted_5876 -            625 779909at2759         -            227   5.1e-08   31.7   1.4   1   4     1e-06    0.0001   20.9   0.0    60    97   225   262   164   277 0.80 -
augustus_predicted_5876 -            625 779909at2759         -            227   5.1e-08   31.7   1.4   2   4      0.12        11    4.4   0.0    57    98   264   311   260   320 0.65 -
augustus_predicted_5876 -            625 779909at2759         -            227   5.1e-08   31.7   1.4   3   4      0.15        14    4.1   0.1    47    95   303   352   302   359 0.81 -
augustus_predicted_5876 -            625 779909at2759         -            227   5.1e-08   31.7   1.4   4   4       6.1     6e+02   -1.2   0.0   107   127   381   401   366   409 0.59 -
augustus_predicted_3193 -            393 779909at2759         -            227   5.2e-08   31.7   0.4   1   3   7.2e-05     0.007   14.9   0.0    12   101   189   279   187   297 0.78 -
augustus_predicted_3193 -            393 779909at2759         -            227   5.2e-08   31.7   0.4   2   3     0.031         3    6.3   0.0     2    20   302   320   301   330 0.83 -
augustus_predicted_3193 -            393 779909at2759         -            227   5.2e-08   31.7   0.4   3   3      0.16        15    4.0   0.0    58   100   336   379   328   384 0.81 -
augustus_predicted_3031 -            855 779909at2759         -            227   5.5e-08   31.6   5.0   1   6    0.0013      0.13   10.8   0.0    61   103   532   574   526   586 0.83 -
augustus_predicted_3031 -            855 779909at2759         -            227   5.5e-08   31.6   5.0   2   6     0.069       6.7    5.1   0.1   164   182   588   609   579   615 0.75 -
augustus_predicted_3031 -            855 779909at2759         -            227   5.5e-08   31.6   5.0   3   6     0.015       1.5    7.3   0.1     3    44   594   636   592   648 0.79 -
augustus_predicted_3031 -            855 779909at2759         -            227   5.5e-08   31.6   5.0   4   6     0.013       1.3    7.5   0.1     4   114   637   752   634   758 0.78 -
augustus_predicted_3031 -            855 779909at2759         -            227   5.5e-08   31.6   5.0   5   6     0.024       2.3    6.6   0.1     7    97   682   780   677   792 0.72 -
augustus_predicted_3031 -            855 779909at2759         -            227   5.5e-08   31.6   5.0   6   6      0.13        13    4.2   0.0    58    95   783   822   771   832 0.70 -
augustus_predicted_204  -            793 779909at2759         -            227   8.6e-08   31.0   0.0   1   4   7.2e-06    0.0007   18.2   0.0    60    96   427   463   420   471 0.90 -
augustus_predicted_204  -            793 779909at2759         -            227   8.6e-08   31.0   0.0   2   4       8.5   8.3e+02   -1.7   0.0   103   128   624   649   620   656 0.85 -
augustus_predicted_204  -            793 779909at2759         -            227   8.6e-08   31.0   0.0   3   4     0.065       6.4    5.2   0.0    50    94   692   738   685   755 0.88 -
augustus_predicted_204  -            793 779909at2759         -            227   8.6e-08   31.0   0.0   4   4      0.46        45    2.4   0.0    69    93   768   792   753   793 0.90 -
augustus_predicted_508  -            373 779909at2759         -            227   9.8e-08   30.8   1.5   1   4    0.0038      0.37    9.3   0.0    61    98    76   113    65   117 0.85 -
augustus_predicted_508  -            373 779909at2759         -            227   9.8e-08   30.8   1.5   2   4    0.0091      0.89    8.0   0.0    46   117   197   272   138   274 0.64 -
augustus_predicted_508  -            373 779909at2759         -            227   9.8e-08   30.8   1.5   3   4    0.0019      0.19   10.2   0.2    63    95   258   290   187   306 0.53 -
augustus_predicted_508  -            373 779909at2759         -            227   9.8e-08   30.8   1.5   4   4       1.5   1.4e+02    0.8   0.0     2    24   315   337   314   345 0.79 -
augustus_predicted_5669 -            643 779909at2759         -            227   1.3e-07   30.3   0.0   1   5    0.0026      0.26    9.8   0.1    62   115   115   168   105   184 0.83 -
augustus_predicted_5669 -            643 779909at2759         -            227   1.3e-07   30.3   0.0   2   5      0.28        28    3.1   0.0    68   104   190   226   176   242 0.80 -
augustus_predicted_5669 -            643 779909at2759         -            227   1.3e-07   30.3   0.0   3   5      0.16        16    3.9   0.0     3    41   247   286   245   291 0.85 -
augustus_predicted_5669 -            643 779909at2759         -            227   1.3e-07   30.3   0.0   4   5      0.16        16    3.9   0.0    75    98   470   493   449   509 0.71 -
augustus_predicted_5669 -            643 779909at2759         -            227   1.3e-07   30.3   0.0   5   5      0.83        81    1.6   0.0    97   139   551   593   543   613 0.84 -
augustus_predicted_2475 -            596 779909at2759         -            227   1.7e-07   30.0   0.3   1   3    0.0025      0.24    9.9   0.0    61    99   102   140    95   150 0.88 -
augustus_predicted_2475 -            596 779909at2759         -            227   1.7e-07   30.0   0.3   2   3    0.0094      0.91    8.0   0.0    78   106   231   260   206   274 0.60 -
augustus_predicted_2475 -            596 779909at2759         -            227   1.7e-07   30.0   0.3   3   3     0.011       1.1    7.7   0.0    72   103   327   360   314   368 0.79 -
augustus_predicted_8386 -            492 779909at2759         -            227   3.3e-07   29.0   2.5   1   2   2.6e-06   0.00026   19.6   1.3    25    97   299   380   294   386 0.74 -
augustus_predicted_8386 -            492 779909at2759         -            227   3.3e-07   29.0   2.5   2   2     0.029       2.8    6.4   0.0    56    95   393   433   388   442 0.80 -
augustus_predicted_1978 -            609 779909at2759         -            227   3.6e-07   28.9   0.0   1   4       5.3   5.2e+02   -1.0   0.0   164   211   298   316   275   328 0.55 -
augustus_predicted_1978 -            609 779909at2759         -            227   3.6e-07   28.9   0.0   2   4      0.29        28    3.1   0.1    65    99   354   389   346   398 0.65 -
augustus_predicted_1978 -            609 779909at2759         -            227   3.6e-07   28.9   0.0   3   4    0.0014      0.13   10.7   0.0    57   110   389   443   380   454 0.78 -
augustus_predicted_1978 -            609 779909at2759         -            227   3.6e-07   28.9   0.0   4   4   0.00082      0.08   11.4   0.0    45    97   487   540   476   555 0.87 -
augustus_predicted_3800 -            684 779909at2759         -            227   3.9e-07   28.8   0.7   1   6      0.16        15    4.0   0.0    68    95    16    44     2    54 0.66 -
augustus_predicted_3800 -            684 779909at2759         -            227   3.9e-07   28.8   0.7   2   6      0.01      0.98    7.9   0.0     3    45    30    79    28    80 0.72 -
augustus_predicted_3800 -            684 779909at2759         -            227   3.9e-07   28.8   0.7   3   6     0.027       2.6    6.5   0.0    60    93    57    90    48    97 0.88 -
augustus_predicted_3800 -            684 779909at2759         -            227   3.9e-07   28.8   0.7   4   6     0.057       5.6    5.4   0.0    68    97   124   153   112   161 0.68 -
augustus_predicted_3800 -            684 779909at2759         -            227   3.9e-07   28.8   0.7   5   6    0.0079      0.77    8.2   0.0    48    97   147   195   143   204 0.89 -
augustus_predicted_3800 -            684 779909at2759         -            227   3.9e-07   28.8   0.7   6   6       1.9   1.9e+02    0.4   0.0    46    91   465   510   459   515 0.87 -
augustus_predicted_1835 -            472 779909at2759         -            227   4.5e-07   28.6   3.9   1   5       1.1   1.1e+02    1.2   0.0    69    97    32    60    22    73 0.82 -
augustus_predicted_1835 -            472 779909at2759         -            227   4.5e-07   28.6   3.9   2   5       2.1     2e+02    0.3   0.0    81    98   106   123    83   138 0.60 -
augustus_predicted_1835 -            472 779909at2759         -            227   4.5e-07   28.6   3.9   3   5      0.99        97    1.3   0.1    96   127   185   216   178   227 0.71 -
augustus_predicted_1835 -            472 779909at2759         -            227   4.5e-07   28.6   3.9   4   5     0.007      0.68    8.4   0.0    60   100   229   270   220   276 0.86 -
augustus_predicted_1835 -            472 779909at2759         -            227   4.5e-07   28.6   3.9   5   5   0.00032     0.032   12.7   0.0    48   115   276   344   273   367 0.80 -
augustus_predicted_2415 -            717 779909at2759         -            227   4.8e-07   28.5   0.0   1   4     0.017       1.6    7.2   0.0    58   106   280   329   262   334 0.85 -
augustus_predicted_2415 -            717 779909at2759         -            227   4.8e-07   28.5   0.0   2   4     0.001       0.1   11.1   0.0    55    98   319   364   315   374 0.86 -
augustus_predicted_2415 -            717 779909at2759         -            227   4.8e-07   28.5   0.0   3   4      0.14        13    4.2   0.0    68   100   426   461   408   464 0.72 -
augustus_predicted_2415 -            717 779909at2759         -            227   4.8e-07   28.5   0.0   4   4      0.22        22    3.5   0.0    62    93   651   681   640   688 0.88 -
augustus_predicted_672  -            355 779909at2759         -            227   5.2e-07   28.4   2.9   1   4   2.6e-05    0.0026   16.3   0.1    46    95    83   133    66   146 0.86 -
augustus_predicted_672  -            355 779909at2759         -            227   5.2e-07   28.4   2.9   2   4       6.2     6e+02   -1.2   0.0   164   181   157   175   146   179 0.67 -
augustus_predicted_672  -            355 779909at2759         -            227   5.2e-07   28.4   2.9   3   4     0.029       2.9    6.3   0.0    46    97   236   289   227   294 0.79 -
augustus_predicted_672  -            355 779909at2759         -            227   5.2e-07   28.4   2.9   4   4      0.33        33    2.9   0.1    62    97   315   352   300   354 0.77 -
augustus_predicted_3296 -            859 779909at2759         -            227   8.1e-07   27.8   0.1   1   3   7.6e-05    0.0074   14.8   0.0     3    38   301   338   299   369 0.75 -
augustus_predicted_3296 -            859 779909at2759         -            227   8.1e-07   27.8   0.1   2   3     0.019       1.8    7.0   0.0    42    97   461   517   455   527 0.89 -
augustus_predicted_3296 -            859 779909at2759         -            227   8.1e-07   27.8   0.1   3   3      0.77        75    1.7   0.0    79   100   557   578   532   596 0.80 -
augustus_predicted_1242 -           1106 779909at2759         -            227   1.3e-06   27.1   0.1   1   4     0.057       5.5    5.4   0.0    59    95    39    75    31    87 0.88 -
augustus_predicted_1242 -           1106 779909at2759         -            227   1.3e-06   27.1   0.1   2   4    0.0019      0.19   10.2   0.0    61    97    90   128    75   133 0.84 -
augustus_predicted_1242 -           1106 779909at2759         -            227   1.3e-06   27.1   0.1   3   4     0.038       3.7    6.0   0.0    61    96   170   205   157   211 0.78 -
augustus_predicted_1242 -           1106 779909at2759         -            227   1.3e-06   27.1   0.1   4   4       8.2     8e+02   -1.7   0.0    74   102   930   958   912   970 0.77 -
augustus_predicted_7641 -           1132 779909at2759         -            227   1.3e-06   27.1   0.1   1   6     0.018       1.7    7.1   0.1    77   100   237   260   224   346 0.89 -
augustus_predicted_7641 -           1132 779909at2759         -            227   1.3e-06   27.1   0.1   2   6       1.4   1.4e+02    0.9   0.0    80   104   375   399   355   414 0.76 -
augustus_predicted_7641 -           1132 779909at2759         -            227   1.3e-06   27.1   0.1   3   6      0.59        58    2.1   0.0    53    97   740   787   736   790 0.69 -
augustus_predicted_7641 -           1132 779909at2759         -            227   1.3e-06   27.1   0.1   4   6      0.12        12    4.3   0.0    70   100   811   841   798   878 0.83 -
augustus_predicted_7641 -           1132 779909at2759         -            227   1.3e-06   27.1   0.1   5   6       1.6   1.6e+02    0.6   0.0   156   181   923   948   891   954 0.74 -
augustus_predicted_7641 -           1132 779909at2759         -            227   1.3e-06   27.1   0.1   6   6       2.8   2.8e+02   -0.1   0.0     3    19  1062  1078  1060  1095 0.79 -
augustus_predicted_6001 -            309 779909at2759         -            227   2.2e-06   26.3   8.9   1   6     0.036       3.6    6.0   0.0   165   182    26    43    22    47 0.86 -
augustus_predicted_6001 -            309 779909at2759         -            227   2.2e-06   26.3   8.9   2   6      0.21        21    3.5   0.0   153   182    60    89    44    95 0.70 -
augustus_predicted_6001 -            309 779909at2759         -            227   2.2e-06   26.3   8.9   3   6     0.048       4.7    5.6   0.1    63   108   111   156   100   162 0.79 -
augustus_predicted_6001 -            309 779909at2759         -            227   2.2e-06   26.3   8.9   4   6      0.18        17    3.8   0.0    79    96   185   202   181   208 0.84 -
augustus_predicted_6001 -            309 779909at2759         -            227   2.2e-06   26.3   8.9   5   6     0.041         4    5.9   0.2    57    96   209   251   204   255 0.69 -
augustus_predicted_6001 -            309 779909at2759         -            227   2.2e-06   26.3   8.9   6   6       1.7   1.7e+02    0.6   0.1    70    94   270   294   251   304 0.63 -
augustus_predicted_4679 -            379 779909at2759         -            227   3.4e-06   25.8   2.4   1   4    0.0022      0.22   10.0   0.1    64    96    11    43     6    48 0.87 -
augustus_predicted_4679 -            379 779909at2759         -            227   3.4e-06   25.8   2.4   2   4       5.6   5.4e+02   -1.1   0.0    78    94    71    87    55    92 0.85 -
augustus_predicted_4679 -            379 779909at2759         -            227   3.4e-06   25.8   2.4   3   4       1.7   1.7e+02    0.6   0.0    79    98   243   262   195   273 0.67 -
augustus_predicted_4679 -            379 779909at2759         -            227   3.4e-06   25.8   2.4   4   4   0.00062      0.06   11.8   0.0    57    94   321   358   316   363 0.87 -
augustus_predicted_8868 -            316 779909at2759         -            227   4.3e-06   25.4   3.2   1   4     0.015       1.4    7.3   0.1     2    28    77   104    76   115 0.83 -
augustus_predicted_8868 -            316 779909at2759         -            227   4.3e-06   25.4   3.2   2   4      0.74        72    1.8   0.0     2    20   120   138   119   149 0.81 -
augustus_predicted_8868 -            316 779909at2759         -            227   4.3e-06   25.4   3.2   3   4    0.0017      0.17   10.4   0.1    65    98   170   203   158   216 0.86 -
augustus_predicted_8868 -            316 779909at2759         -            227   4.3e-06   25.4   3.2   4   4      0.56        54    2.2   0.0    67    97   260   291   239   297 0.75 -
augustus_predicted_1146 -            629 779909at2759         -            227   8.2e-06   24.5   0.1   1   3      0.22        21    3.5   0.0    66   101    74   109    55   112 0.80 -
augustus_predicted_1146 -            629 779909at2759         -            227   8.2e-06   24.5   0.1   2   3    0.0028      0.28    9.7   0.0    60    97   112   149   108   160 0.88 -
augustus_predicted_1146 -            629 779909at2759         -            227   8.2e-06   24.5   0.1   3   3     0.015       1.5    7.3   0.0    44    94   185   237   161   245 0.81 -
augustus_predicted_1215 -            535 779909at2759         -            227   9.3e-06   24.3   1.6   1   2   4.1e-05     0.004   15.7   0.1     2   100   280   385   279   390 0.81 -
augustus_predicted_1215 -            535 779909at2759         -            227   9.3e-06   24.3   1.6   2   2      0.15        15    4.0   0.1    47    98   425   480   417   490 0.61 -
augustus_predicted_4243 -            611 779909at2759         -            227   1.2e-05   23.9   0.0   1   2   0.00059     0.057   11.9   0.0    56    98   129   172   123   179 0.84 -
augustus_predicted_4243 -            611 779909at2759         -            227   1.2e-05   23.9   0.0   2   2    0.0051      0.49    8.8   0.0    69    97   184   212   176   218 0.88 -
augustus_predicted_3308 -            816 779909at2759         -            227   1.4e-05   23.8   1.0   1   5       4.4   4.3e+02   -0.8   0.0   113   126   128   141   110   153 0.63 -
augustus_predicted_3308 -            816 779909at2759         -            227   1.4e-05   23.8   1.0   2   5       1.5   1.5e+02    0.7   0.0    58    91   303   344   297   357 0.62 -
augustus_predicted_3308 -            816 779909at2759         -            227   1.4e-05   23.8   1.0   3   5       5.5   5.4e+02   -1.1   0.0    67    97   464   494   451   498 0.78 -
augustus_predicted_3308 -            816 779909at2759         -            227   1.4e-05   23.8   1.0   4   5     0.055       5.4    5.4   0.0    62    97   522   557   508   564 0.87 -
augustus_predicted_3308 -            816 779909at2759         -            227   1.4e-05   23.8   1.0   5   5     0.002      0.19   10.2   0.0    70    98   570   598   567   639 0.77 -
augustus_predicted_8796 -            525 779909at2759         -            227   1.4e-05   23.7   0.0   1   4       5.9   5.8e+02   -1.2   0.0    60   118    61    88    52   104 0.53 -
augustus_predicted_8796 -            525 779909at2759         -            227   1.4e-05   23.7   0.0   2   4   0.00097     0.095   11.2   0.0    56    94   123   162   120   171 0.89 -
augustus_predicted_8796 -            525 779909at2759         -            227   1.4e-05   23.7   0.0   3   4     0.024       2.3    6.6   0.0    51   100   225   274   193   288 0.81 -
augustus_predicted_8796 -            525 779909at2759         -            227   1.4e-05   23.7   0.0   4   4       4.8   4.7e+02   -0.9   0.0     3    21   452   470   447   479 0.62 -
augustus_predicted_188  -            362 779909at2759         -            227   1.7e-05   23.5   0.0   1   3    0.0012      0.12   10.9   0.0    29   103    33   114    21   127 0.82 -
augustus_predicted_188  -            362 779909at2759         -            227   1.7e-05   23.5   0.0   2   3     0.032       3.1    6.2   0.0    81    98   139   156   134   205 0.68 -
augustus_predicted_188  -            362 779909at2759         -            227   1.7e-05   23.5   0.0   3   3      0.46        45    2.5   0.0    69    95   266   292   251   334 0.81 -
augustus_predicted_740  -            477 779909at2759         -            227     2e-05   23.3   0.7   1   4     0.018       1.8    7.0   0.0    69   101    28    60    13    63 0.88 -
augustus_predicted_740  -            477 779909at2759         -            227     2e-05   23.3   0.7   2   4   1.7e-05    0.0017   16.9   0.0    47    97    49    98    48   111 0.86 -
augustus_predicted_740  -            477 779909at2759         -            227     2e-05   23.3   0.7   3   4       8.5   8.3e+02   -1.7   0.0    70    99   181   210   166   222 0.78 -
augustus_predicted_740  -            477 779909at2759         -            227     2e-05   23.3   0.7   4   4       7.6   7.4e+02   -1.5   0.0    67    84   290   307   266   354 0.54 -
augustus_predicted_6173 -           1462 779909at2759         -            227   3.4e-05   22.5   1.1   1   2     1e-05     0.001   17.7   0.2    43   108   140   207    99   210 0.75 -
augustus_predicted_6173 -           1462 779909at2759         -            227   3.4e-05   22.5   1.1   2   2      0.64        62    2.0   0.0     3    17   222   236   220   240 0.75 -
augustus_predicted_3188 -            275 779909at2759         -            227   0.00012   20.7   0.1   1   3       0.1       9.8    4.6   0.0    57    92    10    46     6    59 0.86 -
augustus_predicted_3188 -            275 779909at2759         -            227   0.00012   20.7   0.1   2   3    0.0046      0.45    9.0   0.0    46    94   118   163    77   169 0.76 -
augustus_predicted_3188 -            275 779909at2759         -            227   0.00012   20.7   0.1   3   3      0.33        32    2.9   0.0    40    93   220   274   209   275 0.79 -
augustus_predicted_963  -           1599 779909at2759         -            227   0.00016   20.2   0.1   1   3   0.00035     0.035   12.6   0.0    59    96  1130  1167  1122  1174 0.85 -
augustus_predicted_963  -           1599 779909at2759         -            227   0.00016   20.2   0.1   2   3       1.4   1.4e+02    0.9   0.0    58    97  1281  1322  1263  1378 0.68 -
augustus_predicted_963  -           1599 779909at2759         -            227   0.00016   20.2   0.1   3   3       1.2   1.2e+02    1.1   0.0     3    20  1474  1491  1472  1500 0.79 -
augustus_predicted_2153 -            980 779909at2759         -            227   0.00022   19.8   0.0   1   4    0.0016      0.16   10.5   0.0    56   112    87   144    79   151 0.83 -
augustus_predicted_2153 -            980 779909at2759         -            227   0.00022   19.8   0.0   2   4       2.2   2.2e+02    0.2   0.0   166   182   249   268   226   282 0.61 -
augustus_predicted_2153 -            980 779909at2759         -            227   0.00022   19.8   0.0   3   4       2.7   2.6e+02   -0.1   0.0    71   106   290   324   260   340 0.71 -
augustus_predicted_2153 -            980 779909at2759         -            227   0.00022   19.8   0.0   4   4      0.31        30    3.0   0.0    80    99   380   399   347   410 0.83 -
augustus_predicted_4317 -            535 779909at2759         -            227   0.00044   18.8   0.0   1   1   7.9e-06   0.00077   18.0   0.0    55   106   266   318   250   342 0.81 -
augustus_predicted_3079 -           1158 779909at2759         -            227   0.00063   18.3   4.6   1   3         3   2.9e+02   -0.2   0.0   165   186   778   794   757   833 0.71 -
augustus_predicted_3079 -           1158 779909at2759         -            227   0.00063   18.3   4.6   2   3      0.13        12    4.3   0.1    79    94   848   863   833   869 0.85 -
augustus_predicted_3079 -           1158 779909at2759         -            227   0.00063   18.3   4.6   3   3    0.0024      0.24    9.9   0.4    56    93  1118  1156  1074  1158 0.77 -
augustus_predicted_5570 -            573 779909at2759         -            227   0.00077   18.0   0.1   1   2     0.011       1.1    7.8   0.0    58    95   122   159   110   164 0.83 -
augustus_predicted_5570 -            573 779909at2759         -            227   0.00077   18.0   0.1   2   2     0.024       2.3    6.6   0.0    56   107   178   232   173   244 0.77 -
augustus_predicted_5696 -           1414 779909at2759         -            227    0.0011   17.6   0.3   1   2       0.6        59    2.1   0.2    56   124  1138  1212  1090  1234 0.59 -
augustus_predicted_5696 -           1414 779909at2759         -            227    0.0011   17.6   0.3   2   2   0.00021     0.021   13.4   0.0    10   103  1225  1331  1217  1352 0.72 -
augustus_predicted_2249 -            830 779909at2759         -            227    0.0026   16.3   0.0   1   2     0.015       1.4    7.3   0.0    59    96   458   495   449   505 0.88 -
augustus_predicted_2249 -            830 779909at2759         -            227    0.0026   16.3   0.0   2   2      0.04       3.9    5.9   0.0     3    46   612   657   610   670 0.85 -
augustus_predicted_7681 -            363 779909at2759         -            227    0.0028   16.2   1.6   1   3    0.0011      0.11   11.0   0.0    36    96    18    84     7   104 0.78 -
augustus_predicted_7681 -            363 779909at2759         -            227    0.0028   16.2   1.6   2   3      0.61        60    2.0   0.0    65    94   143   172   121   181 0.87 -
augustus_predicted_7681 -            363 779909at2759         -            227    0.0028   16.2   1.6   3   3       2.6   2.5e+02   -0.0   0.1    43    93   306   361   301   363 0.52 -
augustus_predicted_8636 -            579 779909at2759         -            227    0.0029   16.1   0.0   1   2      0.11        11    4.4   0.0    65   104   292   331   276   340 0.81 -
augustus_predicted_8636 -            579 779909at2759         -            227    0.0029   16.1   0.0   2   2    0.0081      0.79    8.2   0.0    52   126   487   578   485   579 0.83 -
augustus_predicted_1322 -            442 779909at2759         -            227    0.0041   15.7   2.7   1   5      0.62        60    2.0   0.0    96   126    21    52    12    58 0.74 -
augustus_predicted_1322 -            442 779909at2759         -            227    0.0041   15.7   2.7   2   5       1.4   1.3e+02    0.9   0.1    57    95    55    97    46   136 0.75 -
augustus_predicted_1322 -            442 779909at2759         -            227    0.0041   15.7   2.7   3   5       6.8   6.6e+02   -1.4   0.0    73    96   218   241   183   244 0.72 -
augustus_predicted_1322 -            442 779909at2759         -            227    0.0041   15.7   2.7   4   5      0.93        91    1.4   0.0    77    97   329   349   305   361 0.70 -
augustus_predicted_1322 -            442 779909at2759         -            227    0.0041   15.7   2.7   5   5    0.0057      0.56    8.7   0.2     2    95   332   441   331   442 0.57 -
augustus_predicted_3848 -            525 779909at2759         -            227    0.0045   15.5   0.1   1   4      0.77        75    1.7   0.0    60    98   243   282   235   298 0.71 -
augustus_predicted_3848 -            525 779909at2759         -            227    0.0045   15.5   0.1   2   4     0.016       1.5    7.3   0.0    63    99   338   375   319   396 0.70 -
augustus_predicted_3848 -            525 779909at2759         -            227    0.0045   15.5   0.1   3   4       1.7   1.7e+02    0.6   0.0     3    19   402   418   399   425 0.79 -
augustus_predicted_3848 -            525 779909at2759         -            227    0.0045   15.5   0.1   4   4       6.2     6e+02   -1.2   0.0    49    93   480   524   438   525 0.65 -
augustus_predicted_6468 -           1449 779909at2759         -            227      0.02   13.4   0.0   1   2    0.0021       0.2   10.1   0.0    47    99   286   340   283   380 0.82 -
augustus_predicted_6468 -           1449 779909at2759         -            227      0.02   13.4   0.0   2   2         7   6.8e+02   -1.4   0.0   164   180   553   569   544   574 0.83 -
augustus_predicted_3437 -           1219 779909at2759         -            227     0.028   12.9   0.0   1   1    0.0014      0.14   10.6   0.0    62    99   994  1031   978  1041 0.81 -
augustus_predicted_4325 -           1282 779909at2759         -            227     0.058   11.9   0.0   1   2      0.11        11    4.5   0.0     4    97   105   198   103   210 0.76 -
augustus_predicted_4325 -           1282 779909at2759         -            227     0.058   11.9   0.0   2   2      0.11        11    4.5   0.0    46    96   237   288   216   292 0.88 -
#
# Program:         hmmsearch
# Version:         3.1b2 (February 2015)
# Pipeline mode:   SEARCH
# Query file:      ../../stats/eukaryota_odb10/hmms/779909at2759.hmm
# Target file:     /home/centos/br/bin/Brownotate-1.2.0/runs/b283acc0-5629-444b-ad7a-7147f201d246/annotation/augustus_annotation.faa
# Option settings: hmmsearch --domtblout /home/centos/br/bin/Brownotate-1.2.0/runs/b283acc0-5629-444b-ad7a-7147f201d246/busco_annotation/run_eukaryota_odb10/hmmer_output/initial_run_results/779909at2759.out --cpu 1 ../../stats/eukaryota_odb10/hmms/779909at2759.hmm /home/centos/br/bin/Brownotate-1.2.0/runs/b283acc0-5629-444b-ad7a-7147f201d246/annotation/augustus_annotation.faa 
# Current dir:     /home/centos/br/bin/Brownotate-1.2.0/runs/b283acc0-5629-444b-ad7a-7147f201d246
# Date:            Sat Aug 24 02:32:01 2024
# [ok]
