#                                                                               --- full sequence --- -------------- this domain -------------   hmm coord   ali coord   env coord
# target name           accession   tlen query name           accession   qlen   E-value  score  bias   #  of  c-Evalue  i-Evalue  score  bias  from    to  from    to  from    to  acc description of target
#   ------------------- ---------- ----- -------------------- ---------- ----- --------- ------ ----- --- --- --------- --------- ------ ----- ----- ----- ----- ----- ----- ----- ---- ---------------------
augustus_predicted_7139 -            641 836599at2759         -            339  5.3e-125  416.0  10.1   1   4     0.022        65    1.4   0.0     8    34   178   206   171   213 0.76 -
augustus_predicted_7139 -            641 836599at2759         -            339  5.3e-125  416.0  10.1   2   4    0.0026       7.8    4.4   0.1    30    53   249   273   237   285 0.78 -
augustus_predicted_7139 -            641 836599at2759         -            339  5.3e-125  416.0  10.1   3   4   9.7e-06     0.029   12.4   0.2    51    71   290   310   280   317 0.85 -
augustus_predicted_7139 -            641 836599at2759         -            339  5.3e-125  416.0  10.1   4   4  4.8e-124  1.4e-120  401.4   0.6    70   338   334   626   330   627 0.91 -
augustus_predicted_5566 -            487 836599at2759         -            339   2.3e-05   22.6   0.5   1   2      0.14   4.3e+02   -1.3   0.0     6    33   129   156   125   167 0.78 -
augustus_predicted_5566 -            487 836599at2759         -            339   2.3e-05   22.6   0.5   2   2   3.2e-08   9.5e-05   20.6   0.1   208   279   367   438   362   447 0.89 -
augustus_predicted_7007 -            449 836599at2759         -            339   4.4e-05   21.7   0.1   1   1   2.2e-08   6.5e-05   21.1   0.1   198   278   337   418   261   435 0.72 -
#
# Program:         hmmsearch
# Version:         3.1b2 (February 2015)
# Pipeline mode:   SEARCH
# Query file:      ../../stats/eukaryota_odb10/hmms/836599at2759.hmm
# Target file:     /home/centos/br/bin/Brownotate-1.2.0/runs/b283acc0-5629-444b-ad7a-7147f201d246/annotation/augustus_annotation.faa
# Option settings: hmmsearch --domtblout /home/centos/br/bin/Brownotate-1.2.0/runs/b283acc0-5629-444b-ad7a-7147f201d246/busco_annotation/run_eukaryota_odb10/hmmer_output/initial_run_results/836599at2759.out --cpu 1 ../../stats/eukaryota_odb10/hmms/836599at2759.hmm /home/centos/br/bin/Brownotate-1.2.0/runs/b283acc0-5629-444b-ad7a-7147f201d246/annotation/augustus_annotation.faa 
# Current dir:     /home/centos/br/bin/Brownotate-1.2.0/runs/b283acc0-5629-444b-ad7a-7147f201d246
# Date:            Sat Aug 24 02:32:01 2024
# [ok]
