#                                                                               --- full sequence --- -------------- this domain -------------   hmm coord   ali coord   env coord
# target name           accession   tlen query name           accession   qlen   E-value  score  bias   #  of  c-Evalue  i-Evalue  score  bias  from    to  from    to  from    to  acc description of target
#   ------------------- ---------- ----- -------------------- ---------- ----- --------- ------ ----- --- --- --------- --------- ------ ----- ----- ----- ----- ----- ----- ----- ---- ---------------------
augustus_predicted_3907 -            592 83779at2759          -            254   9.5e-71  237.4   1.2   1   4     2e-12   6.1e-09   34.9   0.0    17    52   136   172   132   180 0.90 -
augustus_predicted_3907 -            592 83779at2759          -            254   9.5e-71  237.4   1.2   2   4   5.6e-15   1.7e-11   43.3   0.0    69   106   302   340   296   349 0.89 -
augustus_predicted_3907 -            592 83779at2759          -            254   9.5e-71  237.4   1.2   3   4   1.4e-42   4.3e-39  133.7   0.0    98   225   373   528   368   532 0.82 -
augustus_predicted_3907 -            592 83779at2759          -            254   9.5e-71  237.4   1.2   4   4   2.6e-07   0.00077   18.2   0.1   235   254   563   582   546   582 0.88 -
augustus_predicted_5929 -            571 83779at2759          -            254   2.4e-15   55.9   0.2   1   3     0.007        21    3.6   0.0    22    50   115   144   105   152 0.82 -
augustus_predicted_5929 -            571 83779at2759          -            254   2.4e-15   55.9   0.2   2   3   1.3e-05      0.04   12.6   0.0    59    91   216   251   211   293 0.83 -
augustus_predicted_5929 -            571 83779at2759          -            254   2.4e-15   55.9   0.2   3   3   9.9e-13     3e-09   35.9   0.0   149   221   361   434   341   459 0.78 -
augustus_predicted_6134 -            633 83779at2759          -            254   8.7e-10   37.7   2.9   1   3   1.4e-07   0.00041   19.1   0.1    13    58    90   136    83   146 0.82 -
augustus_predicted_6134 -            633 83779at2759          -            254   8.7e-10   37.7   2.9   2   3   2.1e-06    0.0062   15.2   0.1    61   167   227   339   218   348 0.66 -
augustus_predicted_6134 -            633 83779at2759          -            254   8.7e-10   37.7   2.9   3   3      0.15   4.6e+02   -0.7   0.0   206   221   471   486   467   515 0.73 -
#
# Program:         hmmsearch
# Version:         3.1b2 (February 2015)
# Pipeline mode:   SEARCH
# Query file:      ../../stats/eukaryota_odb10/hmms/83779at2759.hmm
# Target file:     /home/centos/br/bin/Brownotate-1.2.0/runs/b283acc0-5629-444b-ad7a-7147f201d246/annotation/augustus_annotation.faa
# Option settings: hmmsearch --domtblout /home/centos/br/bin/Brownotate-1.2.0/runs/b283acc0-5629-444b-ad7a-7147f201d246/busco_annotation/run_eukaryota_odb10/hmmer_output/initial_run_results/83779at2759.out --cpu 1 ../../stats/eukaryota_odb10/hmms/83779at2759.hmm /home/centos/br/bin/Brownotate-1.2.0/runs/b283acc0-5629-444b-ad7a-7147f201d246/annotation/augustus_annotation.faa 
# Current dir:     /home/centos/br/bin/Brownotate-1.2.0/runs/b283acc0-5629-444b-ad7a-7147f201d246
# Date:            Sat Aug 24 02:32:01 2024
# [ok]
