#                                                                               --- full sequence --- -------------- this domain -------------   hmm coord   ali coord   env coord
# target name           accession   tlen query name           accession   qlen   E-value  score  bias   #  of  c-Evalue  i-Evalue  score  bias  from    to  from    to  from    to  acc description of target
#   ------------------- ---------- ----- -------------------- ---------- ----- --------- ------ ----- --- --- --------- --------- ------ ----- ----- ----- ----- ----- ----- ----- ---- ---------------------
augustus_predicted_2784 -            533 917326at2759         -            435  2.1e-119  398.0   6.1   1   2     6e-92   1.3e-88  296.4   0.1     6   223    47   300    41   309 0.88 -
augustus_predicted_2784 -            533 917326at2759         -            435  2.1e-119  398.0   6.1   2   2     5e-32   1.1e-28   99.0   3.0   228   356   330   502   322   506 0.74 -
augustus_predicted_4810 -            960 917326at2759         -            435   7.6e-28   96.2   5.2   1   3   4.1e-26   9.2e-23   79.5   0.8     9   223    30   265    26   277 0.86 -
augustus_predicted_4810 -            960 917326at2759         -            435   7.6e-28   96.2   5.2   2   3   0.00056       1.3    6.5   0.2   229   312   292   377   286   410 0.85 -
augustus_predicted_4810 -            960 917326at2759         -            435   7.6e-28   96.2   5.2   3   3   2.9e-05     0.066   10.7   0.0   390   434   519   567   484   568 0.89 -
augustus_predicted_5622 -            638 917326at2759         -            435     9e-16   56.4   0.8   1   4   9.1e-05      0.21    9.1   0.0     7    38    22    53    18    62 0.93 -
augustus_predicted_5622 -            638 917326at2759         -            435     9e-16   56.4   0.8   2   4     4e-13   9.1e-10   36.7   0.0   127   235   110   233    98   260 0.72 -
augustus_predicted_5622 -            638 917326at2759         -            435     9e-16   56.4   0.8   3   4      0.27     6e+02   -2.3   0.1   278   326   318   372   283   375 0.62 -
augustus_predicted_5622 -            638 917326at2759         -            435     9e-16   56.4   0.8   4   4   0.00049       1.1    6.7   0.0   390   435   504   552   500   552 0.83 -
augustus_predicted_2681 -            655 917326at2759         -            435   8.4e-06   23.6   1.0   1   3   1.3e-05     0.028   12.0   0.0   186   243   235   293   228   317 0.80 -
augustus_predicted_2681 -            655 917326at2759         -            435   8.4e-06   23.6   1.0   2   3   0.00012      0.28    8.7   0.7   249   300   339   390   313   396 0.77 -
augustus_predicted_2681 -            655 917326at2759         -            435   8.4e-06   23.6   1.0   3   3      0.19   4.2e+02   -1.8   0.0   391   432   595   641   585   643 0.78 -
#
# Program:         hmmsearch
# Version:         3.1b2 (February 2015)
# Pipeline mode:   SEARCH
# Query file:      ../../stats/eukaryota_odb10/hmms/917326at2759.hmm
# Target file:     /home/centos/br/bin/Brownotate-1.2.0/runs/b283acc0-5629-444b-ad7a-7147f201d246/annotation/augustus_annotation.faa
# Option settings: hmmsearch --domtblout /home/centos/br/bin/Brownotate-1.2.0/runs/b283acc0-5629-444b-ad7a-7147f201d246/busco_annotation/run_eukaryota_odb10/hmmer_output/initial_run_results/917326at2759.out --cpu 1 ../../stats/eukaryota_odb10/hmms/917326at2759.hmm /home/centos/br/bin/Brownotate-1.2.0/runs/b283acc0-5629-444b-ad7a-7147f201d246/annotation/augustus_annotation.faa 
# Current dir:     /home/centos/br/bin/Brownotate-1.2.0/runs/b283acc0-5629-444b-ad7a-7147f201d246
# Date:            Sat Aug 24 02:32:01 2024
# [ok]
