#                                                                               --- full sequence --- -------------- this domain -------------   hmm coord   ali coord   env coord
# target name           accession   tlen query name           accession   qlen   E-value  score  bias   #  of  c-Evalue  i-Evalue  score  bias  from    to  from    to  from    to  acc description of target
#   ------------------- ---------- ----- -------------------- ---------- ----- --------- ------ ----- --- --- --------- --------- ------ ----- ----- ----- ----- ----- ----- ----- ---- ---------------------
augustus_predicted_5884 -            594 918816at2759         -            230   5.4e-37  126.4  39.2   1   6     4e-10   1.8e-06   26.6   0.2    10    60    29    95    22    98 0.77 -
augustus_predicted_5884 -            594 918816at2759         -            230   5.4e-37  126.4  39.2   2   6     4e-21   1.8e-17   62.5   3.4    53   110   116   180   105   183 0.87 -
augustus_predicted_5884 -            594 918816at2759         -            230   5.4e-37  126.4  39.2   3   6   0.00069       3.1    6.1   0.0   111   123   203   215   196   219 0.90 -
augustus_predicted_5884 -            594 918816at2759         -            230   5.4e-37  126.4  39.2   4   6   1.1e-14     5e-11   41.4   2.1   115   183   235   304   232   325 0.85 -
augustus_predicted_5884 -            594 918816at2759         -            230   5.4e-37  126.4  39.2   5   6   3.3e-05      0.15   10.5   1.9   168   227   419   483   372   490 0.66 -
augustus_predicted_5884 -            594 918816at2759         -            230   5.4e-37  126.4  39.2   6   6      0.11   5.1e+02   -1.1   2.8   151   181   482   512   479   519 0.66 -
augustus_predicted_8412 -            305 918816at2759         -            230   0.00024   19.6   3.0   1   2      0.18   7.9e+02   -1.7   0.0   111   124    46    59    32    62 0.85 -
augustus_predicted_8412 -            305 918816at2759         -            230   0.00024   19.6   3.0   2   2   9.1e-08   0.00041   18.8   1.6    82   130    67   116    64   119 0.90 -
#
# Program:         hmmsearch
# Version:         3.1b2 (February 2015)
# Pipeline mode:   SEARCH
# Query file:      ../../stats/eukaryota_odb10/hmms/918816at2759.hmm
# Target file:     /home/centos/br/bin/Brownotate-1.2.0/runs/b283acc0-5629-444b-ad7a-7147f201d246/annotation/augustus_annotation.faa
# Option settings: hmmsearch --domtblout /home/centos/br/bin/Brownotate-1.2.0/runs/b283acc0-5629-444b-ad7a-7147f201d246/busco_annotation/run_eukaryota_odb10/hmmer_output/initial_run_results/918816at2759.out --cpu 1 ../../stats/eukaryota_odb10/hmms/918816at2759.hmm /home/centos/br/bin/Brownotate-1.2.0/runs/b283acc0-5629-444b-ad7a-7147f201d246/annotation/augustus_annotation.faa 
# Current dir:     /home/centos/br/bin/Brownotate-1.2.0/runs/b283acc0-5629-444b-ad7a-7147f201d246
# Date:            Sat Aug 24 02:32:01 2024
# [ok]
