#                                                                               --- full sequence --- -------------- this domain -------------   hmm coord   ali coord   env coord
# target name           accession   tlen query name           accession   qlen   E-value  score  bias   #  of  c-Evalue  i-Evalue  score  bias  from    to  from    to  from    to  acc description of target
#   ------------------- ---------- ----- -------------------- ---------- ----- --------- ------ ----- --- --- --------- --------- ------ ----- ----- ----- ----- ----- ----- ----- ---- ---------------------
augustus_predicted_5874 -            626 931188at2759         -            347  1.8e-111  371.4  10.3   1   4   3.2e-08   2.9e-05   22.1   0.2     1    19   140   158   140   159 0.98 -
augustus_predicted_5874 -            626 931188at2759         -            347  1.8e-111  371.4  10.3   2   4   7.3e-73   6.5e-70  234.7   0.0    39   206   159   347   158   360 0.89 -
augustus_predicted_5874 -            626 931188at2759         -            347  1.8e-111  371.4  10.3   3   4   2.2e-33     2e-30  104.9   0.7   210   301   390   489   371   518 0.88 -
augustus_predicted_5874 -            626 931188at2759         -            347  1.8e-111  371.4  10.3   4   4   1.1e-05    0.0095   13.8   0.0   320   347   582   609   567   609 0.94 -
augustus_predicted_4231 -           1933 931188at2759         -            347   8.2e-10   37.1   0.0   1   3   2.3e-05     0.021   12.7   0.0   105   205   611   726   600   737 0.81 -
augustus_predicted_4231 -           1933 931188at2759         -            347   8.2e-10   37.1   0.0   2   3      0.34     3e+02   -1.0   0.0    84   140   925   985   918   993 0.72 -
augustus_predicted_4231 -           1933 931188at2759         -            347   8.2e-10   37.1   0.0   3   3   2.2e-07    0.0002   19.4   0.0   253   299  1222  1269  1216  1272 0.89 -
augustus_predicted_3998 -            766 931188at2759         -            347   1.3e-07   29.8   0.1   1   3    0.0097       8.8    4.1   0.0   106   136    54    84    51    90 0.90 -
augustus_predicted_3998 -            766 931188at2759         -            347   1.3e-07   29.8   0.1   2   3   0.00073      0.65    7.8   0.0   161   204   196   238   167   248 0.83 -
augustus_predicted_3998 -            766 931188at2759         -            347   1.3e-07   29.8   0.1   3   3   9.8e-06    0.0088   13.9   0.0   249   287   335   373   266   437 0.71 -
augustus_predicted_2337 -           1022 931188at2759         -            347   4.3e-06   24.8   0.2   1   2   6.6e-05      0.06   11.2   0.3   108   203   655   763   651   773 0.76 -
augustus_predicted_2337 -           1022 931188at2759         -            347   4.3e-06   24.8   0.2   2   2   0.00017      0.15    9.9   0.0   255   299   875   921   798   926 0.85 -
augustus_predicted_7039 -            624 931188at2759         -            347     4e-05   21.7   0.0   1   3   0.00017      0.16    9.8   0.0   100   138    39    77    16    84 0.79 -
augustus_predicted_7039 -            624 931188at2759         -            347     4e-05   21.7   0.0   2   3   0.00087      0.78    7.5   0.0   153   216   131   193   112   197 0.83 -
augustus_predicted_7039 -            624 931188at2759         -            347     4e-05   21.7   0.0   3   3      0.21   1.9e+02   -0.3   0.0   258   313   359   420   352   426 0.76 -
augustus_predicted_2268 -            585 931188at2759         -            347   0.00011   20.2   0.1   1   1   1.9e-07   0.00017   19.6   0.1    16    64   314   365   301   389 0.82 -
augustus_predicted_3875 -            624 931188at2759         -            347   0.00014   19.9   0.6   1   2   2.3e-05     0.021   12.7   0.0   104   142   293   331   279   417 0.61 -
augustus_predicted_3875 -            624 931188at2759         -            347   0.00014   19.9   0.6   2   2     0.026        24    2.7   0.1   255   302   498   547   491   614 0.61 -
augustus_predicted_4414 -           2517 931188at2759         -            347   0.00097   17.1   0.1   1   2   2.4e-05     0.022   12.7   0.0   104   200  1591  1695  1554  1709 0.80 -
augustus_predicted_4414 -           2517 931188at2759         -            347   0.00097   17.1   0.1   2   2     0.033        30    2.3   0.0   187   281  1703  1799  1693  1824 0.60 -
augustus_predicted_7613 -            847 931188at2759         -            347    0.0028   15.6   0.0   1   3     0.054        49    1.6   0.0   108   135   396   423   380   434 0.82 -
augustus_predicted_7613 -            847 931188at2759         -            347    0.0028   15.6   0.0   2   3    0.0081       7.3    4.4   0.0   177   206   497   526   480   535 0.77 -
augustus_predicted_7613 -            847 931188at2759         -            347    0.0028   15.6   0.0   3   3    0.0038       3.5    5.4   0.0   258   282   637   661   619   676 0.83 -
augustus_predicted_6176 -            572 931188at2759         -            347    0.0058   14.5   0.0   1   2     0.047        43    1.8   0.0   107   132   111   136    95   142 0.86 -
augustus_predicted_6176 -            572 931188at2759         -            347    0.0058   14.5   0.0   2   2   0.00013      0.12   10.2   0.1   255   298   322   370   310   396 0.78 -
#
# Program:         hmmsearch
# Version:         3.1b2 (February 2015)
# Pipeline mode:   SEARCH
# Query file:      ../../stats/eukaryota_odb10/hmms/931188at2759.hmm
# Target file:     /home/centos/br/bin/Brownotate-1.2.0/runs/b283acc0-5629-444b-ad7a-7147f201d246/annotation/augustus_annotation.faa
# Option settings: hmmsearch --domtblout /home/centos/br/bin/Brownotate-1.2.0/runs/b283acc0-5629-444b-ad7a-7147f201d246/busco_annotation/run_eukaryota_odb10/hmmer_output/initial_run_results/931188at2759.out --cpu 1 ../../stats/eukaryota_odb10/hmms/931188at2759.hmm /home/centos/br/bin/Brownotate-1.2.0/runs/b283acc0-5629-444b-ad7a-7147f201d246/annotation/augustus_annotation.faa 
# Current dir:     /home/centos/br/bin/Brownotate-1.2.0/runs/b283acc0-5629-444b-ad7a-7147f201d246
# Date:            Sat Aug 24 02:32:01 2024
# [ok]
