#                                                                               --- full sequence --- -------------- this domain -------------   hmm coord   ali coord   env coord
# target name           accession   tlen query name           accession   qlen   E-value  score  bias   #  of  c-Evalue  i-Evalue  score  bias  from    to  from    to  from    to  acc description of target
#   ------------------- ---------- ----- -------------------- ---------- ----- --------- ------ ----- --- --- --------- --------- ------ ----- ----- ----- ----- ----- ----- ----- ---- ---------------------
augustus_predicted_3306 -            308 956854at2759         -            198   2.8e-38  130.7   0.2   1   1   3.7e-41   8.3e-38  129.1   0.2    11   187    36   247    31   253 0.84 -
augustus_predicted_4383 -           1191 956854at2759         -            198   2.2e-05   23.3   5.7   1   3    0.0028       6.3    5.5   0.0    43   116    46   124    39   135 0.78 -
augustus_predicted_4383 -           1191 956854at2759         -            198   2.2e-05   23.3   5.7   2   3     6e-07    0.0013   17.5   2.9    62   169   190   308   180   312 0.83 -
augustus_predicted_4383 -           1191 956854at2759         -            198   2.2e-05   23.3   5.7   3   3      0.95   2.1e+03   -2.7   0.0    61    91   330   360   320   361 0.84 -
augustus_predicted_3937 -            400 956854at2759         -            198    0.0024   16.6   0.5   1   2    0.0015       3.3    6.4   0.0   127   169    59   102    53   104 0.84 -
augustus_predicted_3937 -            400 956854at2759         -            198    0.0024   16.6   0.5   2   2    0.0005       1.1    8.0   0.1   128   171   197   241   160   243 0.73 -
augustus_predicted_7770 -            154 956854at2759         -            198     0.095   11.5  12.9   1   3     0.006        14    4.4   0.2    29    53     2    26     1    35 0.87 -
augustus_predicted_7770 -            154 956854at2759         -            198     0.095   11.5  12.9   2   3   1.3e-05     0.029   13.1   4.8    40   102    34    98    26   112 0.83 -
augustus_predicted_7770 -            154 956854at2759         -            198     0.095   11.5  12.9   3   3       1.2   2.6e+03   -3.0   0.1    57    73   119   135   114   146 0.55 -
#
# Program:         hmmsearch
# Version:         3.1b2 (February 2015)
# Pipeline mode:   SEARCH
# Query file:      ../../stats/eukaryota_odb10/hmms/956854at2759.hmm
# Target file:     /home/centos/br/bin/Brownotate-1.2.0/runs/b283acc0-5629-444b-ad7a-7147f201d246/annotation/augustus_annotation.faa
# Option settings: hmmsearch --domtblout /home/centos/br/bin/Brownotate-1.2.0/runs/b283acc0-5629-444b-ad7a-7147f201d246/busco_annotation/run_eukaryota_odb10/hmmer_output/initial_run_results/956854at2759.out --cpu 1 ../../stats/eukaryota_odb10/hmms/956854at2759.hmm /home/centos/br/bin/Brownotate-1.2.0/runs/b283acc0-5629-444b-ad7a-7147f201d246/annotation/augustus_annotation.faa 
# Current dir:     /home/centos/br/bin/Brownotate-1.2.0/runs/b283acc0-5629-444b-ad7a-7147f201d246
# Date:            Sat Aug 24 02:32:01 2024
# [ok]
