#                                                                               --- full sequence --- -------------- this domain -------------   hmm coord   ali coord   env coord
# target name           accession   tlen query name           accession   qlen   E-value  score  bias   #  of  c-Evalue  i-Evalue  score  bias  from    to  from    to  from    to  acc description of target
#   ------------------- ---------- ----- -------------------- ---------- ----- --------- ------ ----- --- --- --------- --------- ------ ----- ----- ----- ----- ----- ----- ----- ---- ---------------------
augustus_predicted_8668 -            791 975557at2759         -            466  4.2e-159  529.6  53.2   1   5   9.8e-74   1.1e-70  238.1   3.1     2   115     2   115     1   125 0.97 -
augustus_predicted_8668 -            791 975557at2759         -            466  4.2e-159  529.6  53.2   2   5   3.2e-62   3.6e-59  200.1  17.3   106   264   124   282   119   291 0.83 -
augustus_predicted_8668 -            791 975557at2759         -            466  4.2e-159  529.6  53.2   3   5   7.8e-16   8.8e-13   47.2   3.5   206   328   278   435   260   461 0.72 -
augustus_predicted_8668 -            791 975557at2759         -            466  4.2e-159  529.6  53.2   4   5   8.5e-06    0.0096   14.1   2.4   317   390   470   570   445   584 0.72 -
augustus_predicted_8668 -            791 975557at2759         -            466  4.2e-159  529.6  53.2   5   5   2.1e-12   2.4e-09   35.8   2.5   393   464   683   764   668   766 0.77 -
augustus_predicted_7352 -            372 975557at2759         -            466   1.6e-23   82.6   4.3   1   2   7.6e-12   8.5e-09   34.0   0.4     8    69    19    84    12    86 0.88 -
augustus_predicted_7352 -            372 975557at2759         -            466   1.6e-23   82.6   4.3   2   2   4.6e-19   5.2e-16   57.8   0.3     4   108    71   176    69   184 0.94 -
augustus_predicted_8412 -            305 975557at2759         -            466   1.3e-18   66.4   6.9   1   2   3.6e-15     4e-12   45.0   0.5    18    94    25   102     6   103 0.90 -
augustus_predicted_8412 -            305 975557at2759         -            466   1.3e-18   66.4   6.9   2   2   2.8e-11   3.1e-08   32.1   1.1    27   131    85   189    80   193 0.87 -
augustus_predicted_4141 -            335 975557at2759         -            466   7.3e-13   47.4   4.2   1   2   9.3e-05      0.11   10.6   1.0     9    50    11    59     6    66 0.80 -
augustus_predicted_4141 -            335 975557at2759         -            466   7.3e-13   47.4   4.2   2   2   5.6e-13   6.2e-10   37.7   0.1    28   101    81   156    76   179 0.90 -
augustus_predicted_1248 -            314 975557at2759         -            466     2e-08   32.8   0.2   1   1   2.6e-11   2.9e-08   32.2   0.2     6    89     7    91     3   102 0.89 -
augustus_predicted_7549 -            176 975557at2759         -            466   0.00029   19.1   0.3   1   1   3.6e-07   0.00041   18.6   0.3    53   113   103   163    98   170 0.85 -
augustus_predicted_1437 -            281 975557at2759         -            466      0.06   11.4   0.1   1   1     9e-05       0.1   10.7   0.1   106   163   104   162   100   174 0.82 -
augustus_predicted_4983 -            527 975557at2759         -            466     0.079   11.0   2.9   1   1   0.00011      0.12   10.4   2.9   150   185   487   522   484   527 0.85 -
#
# Program:         hmmsearch
# Version:         3.1b2 (February 2015)
# Pipeline mode:   SEARCH
# Query file:      ../../stats/eukaryota_odb10/hmms/975557at2759.hmm
# Target file:     /home/centos/br/bin/Brownotate-1.2.0/runs/b283acc0-5629-444b-ad7a-7147f201d246/annotation/augustus_annotation.faa
# Option settings: hmmsearch --domtblout /home/centos/br/bin/Brownotate-1.2.0/runs/b283acc0-5629-444b-ad7a-7147f201d246/busco_annotation/run_eukaryota_odb10/hmmer_output/initial_run_results/975557at2759.out --cpu 1 ../../stats/eukaryota_odb10/hmms/975557at2759.hmm /home/centos/br/bin/Brownotate-1.2.0/runs/b283acc0-5629-444b-ad7a-7147f201d246/annotation/augustus_annotation.faa 
# Current dir:     /home/centos/br/bin/Brownotate-1.2.0/runs/b283acc0-5629-444b-ad7a-7147f201d246
# Date:            Sat Aug 24 02:32:01 2024
# [ok]
