#                                                                               --- full sequence --- -------------- this domain -------------   hmm coord   ali coord   env coord
# target name           accession   tlen query name           accession   qlen   E-value  score  bias   #  of  c-Evalue  i-Evalue  score  bias  from    to  from    to  from    to  acc description of target
#   ------------------- ---------- ----- -------------------- ---------- ----- --------- ------ ----- --- --- --------- --------- ------ ----- ----- ----- ----- ----- ----- ----- ---- ---------------------
augustus_predicted_300  -            366 976469at2759         -            233   7.8e-67  224.2   7.6   1   4   1.2e-12   3.7e-09   35.4   0.2     2    39    10    56     9    59 0.84 -
augustus_predicted_300  -            366 976469at2759         -            233   7.8e-67  224.2   7.6   2   4   1.1e-42   3.3e-39  133.8   0.3    38   152    84   210    82   232 0.88 -
augustus_predicted_300  -            366 976469at2759         -            233   7.8e-67  224.2   7.6   3   4   2.2e-16   6.5e-13   47.7   0.0   146   204   247   307   237   310 0.90 -
augustus_predicted_300  -            366 976469at2759         -            233   7.8e-67  224.2   7.6   4   4   0.00012      0.36    9.3   0.0   201   231   322   356   313   358 0.79 -
augustus_predicted_5837 -            338 976469at2759         -            233   6.4e-10   37.9   2.3   1   1   3.6e-12   1.1e-08   33.9   2.3     2   111    33   177    32   307 0.66 -
augustus_predicted_2395 -            335 976469at2759         -            233   0.00025   19.7   0.0   1   2    0.0013       3.8    6.0   0.0     2    39    49    95    48   103 0.72 -
augustus_predicted_2395 -            335 976469at2759         -            233   0.00025   19.7   0.0   2   2   2.4e-05     0.071   11.6   0.0    44   102   119   184   109   202 0.73 -
#
# Program:         hmmsearch
# Version:         3.1b2 (February 2015)
# Pipeline mode:   SEARCH
# Query file:      ../../stats/eukaryota_odb10/hmms/976469at2759.hmm
# Target file:     /home/centos/br/bin/Brownotate-1.2.0/runs/b283acc0-5629-444b-ad7a-7147f201d246/annotation/augustus_annotation.faa
# Option settings: hmmsearch --domtblout /home/centos/br/bin/Brownotate-1.2.0/runs/b283acc0-5629-444b-ad7a-7147f201d246/busco_annotation/run_eukaryota_odb10/hmmer_output/initial_run_results/976469at2759.out --cpu 1 ../../stats/eukaryota_odb10/hmms/976469at2759.hmm /home/centos/br/bin/Brownotate-1.2.0/runs/b283acc0-5629-444b-ad7a-7147f201d246/annotation/augustus_annotation.faa 
# Current dir:     /home/centos/br/bin/Brownotate-1.2.0/runs/b283acc0-5629-444b-ad7a-7147f201d246
# Date:            Sat Aug 24 02:32:01 2024
# [ok]
